[0.237s] DEBUG:colcon:Command line arguments: ['/usr/bin/colcon', 'build', '--cmake-args', '-DCMAKE_C_COMPILER=gcc-8', '--cmake-args', '-DCMAKE_CXX_COMPILER=g++-8', '--cmake-args', '-DCMAKE_BUILD_TYPE=Debug']
[0.237s] DEBUG:colcon:Parsed command line arguments: Namespace(ament_cmake_args=None, base_paths=['.'], build_base='build', catkin_cmake_args=None, catkin_skip_building_tests=False, cmake_args=['-DCMAKE_BUILD_TYPE=Debug'], cmake_clean_cache=False, cmake_clean_first=False, cmake_force_configure=False, cmake_target=None, cmake_target_skip_unavailable=False, continue_on_error=False, event_handlers=None, executor='parallel', ignore_user_meta=False, install_base='install', log_base=None, log_level=None, main=<bound method BuildVerb.main of <colcon_core.verb.build.BuildVerb object at 0x7f5e8f0f29d0>>, merge_install=False, metas=['./colcon.meta'], packages_above=None, packages_above_and_dependencies=None, packages_above_depth=None, packages_end=None, packages_ignore=None, packages_ignore_regex=None, packages_select=None, packages_select_build_failed=False, packages_select_by_dep=None, packages_select_regex=None, packages_select_test_failures=False, packages_skip=None, packages_skip_build_finished=False, packages_skip_by_dep=None, packages_skip_regex=None, packages_skip_test_passed=False, packages_skip_up_to=None, packages_start=None, packages_up_to=None, packages_up_to_regex=None, parallel_workers=12, paths=None, symlink_install=False, test_result_base=None, verb_extension=<colcon_core.verb.build.BuildVerb object at 0x7f5e8f0f29d0>, verb_name='build', verb_parser=<colcon_defaults.argument_parser.defaults.DefaultArgumentsDecorator object at 0x7f5e8f0f2f40>)
[0.241s] Level 1:colcon.colcon_core.package_discovery:discover_packages(colcon_meta) check parameters
[0.241s] Level 1:colcon.colcon_core.package_discovery:discover_packages(recursive) check parameters
[0.241s] Level 1:colcon.colcon_core.package_discovery:discover_packages(ignore) check parameters
[0.241s] Level 1:colcon.colcon_core.package_discovery:discover_packages(path) check parameters
[0.241s] Level 1:colcon.colcon_core.package_discovery:discover_packages(colcon_meta) discover
[0.242s] Level 1:colcon.colcon_core.package_discovery:discover_packages(recursive) discover
[0.242s] INFO:colcon.colcon_core.package_discovery:Crawling recursively for packages in '/home/cthornton/data/local/college/research/arl/code/sims/airsim/ros_ws'
[0.242s] Level 1:colcon.colcon_core.package_identification:_identify(.) by extensions ['ignore', 'ignore_ament_install']
[0.242s] Level 1:colcon.colcon_core.package_identification:_identify(.) by extension 'ignore'
[0.242s] Level 1:colcon.colcon_core.package_identification:_identify(.) by extension 'ignore_ament_install'
[0.242s] Level 1:colcon.colcon_core.package_identification:_identify(.) by extensions ['colcon_pkg']
[0.242s] Level 1:colcon.colcon_core.package_identification:_identify(.) by extension 'colcon_pkg'
[0.242s] Level 1:colcon.colcon_core.package_identification:_identify(.) by extensions ['colcon_meta']
[0.242s] Level 1:colcon.colcon_core.package_identification:_identify(.) by extension 'colcon_meta'
[0.242s] Level 1:colcon.colcon_core.package_identification:_identify(.) by extensions ['ros']
[0.242s] Level 1:colcon.colcon_core.package_identification:_identify(.) by extension 'ros'
[0.250s] Level 1:colcon.colcon_core.package_identification:_identify(.) by extensions ['cmake', 'python']
[0.250s] Level 1:colcon.colcon_core.package_identification:_identify(.) by extension 'cmake'
[0.250s] Level 1:colcon.colcon_core.package_identification:_identify(.) by extension 'python'
[0.251s] Level 1:colcon.colcon_core.package_identification:_identify(.) by extensions ['python_setup_py']
[0.251s] Level 1:colcon.colcon_core.package_identification:_identify(.) by extension 'python_setup_py'
[0.251s] Level 1:colcon.colcon_core.package_identification:_identify(build) by extensions ['ignore', 'ignore_ament_install']
[0.251s] Level 1:colcon.colcon_core.package_identification:_identify(build) by extension 'ignore'
[0.251s] Level 1:colcon.colcon_core.package_identification:_identify(build) ignored
[0.251s] Level 1:colcon.colcon_core.package_identification:_identify(install) by extensions ['ignore', 'ignore_ament_install']
[0.251s] Level 1:colcon.colcon_core.package_identification:_identify(install) by extension 'ignore'
[0.251s] Level 1:colcon.colcon_core.package_identification:_identify(install) ignored
[0.252s] Level 1:colcon.colcon_core.package_identification:_identify(log) by extensions ['ignore', 'ignore_ament_install']
[0.252s] Level 1:colcon.colcon_core.package_identification:_identify(log) by extension 'ignore'
[0.252s] Level 1:colcon.colcon_core.package_identification:_identify(log) ignored
[0.252s] Level 1:colcon.colcon_core.package_identification:_identify(src) by extensions ['ignore', 'ignore_ament_install']
[0.252s] Level 1:colcon.colcon_core.package_identification:_identify(src) by extension 'ignore'
[0.252s] Level 1:colcon.colcon_core.package_identification:_identify(src) by extension 'ignore_ament_install'
[0.252s] Level 1:colcon.colcon_core.package_identification:_identify(src) by extensions ['colcon_pkg']
[0.252s] Level 1:colcon.colcon_core.package_identification:_identify(src) by extension 'colcon_pkg'
[0.252s] Level 1:colcon.colcon_core.package_identification:_identify(src) by extensions ['colcon_meta']
[0.252s] Level 1:colcon.colcon_core.package_identification:_identify(src) by extension 'colcon_meta'
[0.252s] Level 1:colcon.colcon_core.package_identification:_identify(src) by extensions ['ros']
[0.252s] Level 1:colcon.colcon_core.package_identification:_identify(src) by extension 'ros'
[0.252s] Level 1:colcon.colcon_core.package_identification:_identify(src) by extensions ['cmake', 'python']
[0.253s] Level 1:colcon.colcon_core.package_identification:_identify(src) by extension 'cmake'
[0.253s] Level 1:colcon.colcon_core.package_identification:_identify(src) by extension 'python'
[0.253s] Level 1:colcon.colcon_core.package_identification:_identify(src) by extensions ['python_setup_py']
[0.253s] Level 1:colcon.colcon_core.package_identification:_identify(src) by extension 'python_setup_py'
[0.253s] Level 1:colcon.colcon_core.package_identification:_identify(src/airsim_interfaces) by extensions ['ignore', 'ignore_ament_install']
[0.253s] Level 1:colcon.colcon_core.package_identification:_identify(src/airsim_interfaces) by extension 'ignore'
[0.253s] Level 1:colcon.colcon_core.package_identification:_identify(src/airsim_interfaces) by extension 'ignore_ament_install'
[0.253s] Level 1:colcon.colcon_core.package_identification:_identify(src/airsim_interfaces) by extensions ['colcon_pkg']
[0.253s] Level 1:colcon.colcon_core.package_identification:_identify(src/airsim_interfaces) by extension 'colcon_pkg'
[0.253s] Level 1:colcon.colcon_core.package_identification:_identify(src/airsim_interfaces) by extensions ['colcon_meta']
[0.253s] Level 1:colcon.colcon_core.package_identification:_identify(src/airsim_interfaces) by extension 'colcon_meta'
[0.253s] Level 1:colcon.colcon_core.package_identification:_identify(src/airsim_interfaces) by extensions ['ros']
[0.253s] Level 1:colcon.colcon_core.package_identification:_identify(src/airsim_interfaces) by extension 'ros'
[0.255s] DEBUG:colcon.colcon_core.package_identification:Package 'src/airsim_interfaces' with type 'ros.ament_cmake' and name 'airsim_interfaces'
[0.255s] Level 1:colcon.colcon_core.package_identification:_identify(src/airsim_ros_pkgs) by extensions ['ignore', 'ignore_ament_install']
[0.255s] Level 1:colcon.colcon_core.package_identification:_identify(src/airsim_ros_pkgs) by extension 'ignore'
[0.256s] Level 1:colcon.colcon_core.package_identification:_identify(src/airsim_ros_pkgs) by extension 'ignore_ament_install'
[0.256s] Level 1:colcon.colcon_core.package_identification:_identify(src/airsim_ros_pkgs) by extensions ['colcon_pkg']
[0.256s] Level 1:colcon.colcon_core.package_identification:_identify(src/airsim_ros_pkgs) by extension 'colcon_pkg'
[0.256s] Level 1:colcon.colcon_core.package_identification:_identify(src/airsim_ros_pkgs) by extensions ['colcon_meta']
[0.256s] Level 1:colcon.colcon_core.package_identification:_identify(src/airsim_ros_pkgs) by extension 'colcon_meta'
[0.256s] Level 1:colcon.colcon_core.package_identification:_identify(src/airsim_ros_pkgs) by extensions ['ros']
[0.256s] Level 1:colcon.colcon_core.package_identification:_identify(src/airsim_ros_pkgs) by extension 'ros'
[0.257s] DEBUG:colcon.colcon_core.package_identification:Package 'src/airsim_ros_pkgs' with type 'ros.ament_cmake' and name 'airsim_ros_pkgs'
[0.257s] Level 1:colcon.colcon_core.package_identification:_identify(src/hrlsim) by extensions ['ignore', 'ignore_ament_install']
[0.257s] Level 1:colcon.colcon_core.package_identification:_identify(src/hrlsim) by extension 'ignore'
[0.257s] Level 1:colcon.colcon_core.package_identification:_identify(src/hrlsim) by extension 'ignore_ament_install'
[0.257s] Level 1:colcon.colcon_core.package_identification:_identify(src/hrlsim) by extensions ['colcon_pkg']
[0.257s] Level 1:colcon.colcon_core.package_identification:_identify(src/hrlsim) by extension 'colcon_pkg'
[0.257s] Level 1:colcon.colcon_core.package_identification:_identify(src/hrlsim) by extensions ['colcon_meta']
[0.257s] Level 1:colcon.colcon_core.package_identification:_identify(src/hrlsim) by extension 'colcon_meta'
[0.257s] Level 1:colcon.colcon_core.package_identification:_identify(src/hrlsim) by extensions ['ros']
[0.257s] Level 1:colcon.colcon_core.package_identification:_identify(src/hrlsim) by extension 'ros'
[0.258s] DEBUG:colcon.colcon_core.package_identification:Package 'src/hrlsim' with type 'ros.ament_python' and name 'hrlsim'
[0.258s] Level 1:colcon.colcon_core.package_identification:_identify(src/hrlsim_interfaces) by extensions ['ignore', 'ignore_ament_install']
[0.258s] Level 1:colcon.colcon_core.package_identification:_identify(src/hrlsim_interfaces) by extension 'ignore'
[0.259s] Level 1:colcon.colcon_core.package_identification:_identify(src/hrlsim_interfaces) by extension 'ignore_ament_install'
[0.259s] Level 1:colcon.colcon_core.package_identification:_identify(src/hrlsim_interfaces) by extensions ['colcon_pkg']
[0.259s] Level 1:colcon.colcon_core.package_identification:_identify(src/hrlsim_interfaces) by extension 'colcon_pkg'
[0.259s] Level 1:colcon.colcon_core.package_identification:_identify(src/hrlsim_interfaces) by extensions ['colcon_meta']
[0.259s] Level 1:colcon.colcon_core.package_identification:_identify(src/hrlsim_interfaces) by extension 'colcon_meta'
[0.259s] Level 1:colcon.colcon_core.package_identification:_identify(src/hrlsim_interfaces) by extensions ['ros']
[0.259s] Level 1:colcon.colcon_core.package_identification:_identify(src/hrlsim_interfaces) by extension 'ros'
[0.260s] DEBUG:colcon.colcon_core.package_identification:Package 'src/hrlsim_interfaces' with type 'ros.ament_cmake' and name 'hrlsim_interfaces'
[0.260s] Level 1:colcon.colcon_core.package_discovery:discover_packages(recursive) using defaults
[0.260s] Level 1:colcon.colcon_core.package_discovery:discover_packages(ignore) discover
[0.260s] Level 1:colcon.colcon_core.package_discovery:discover_packages(ignore) using defaults
[0.260s] Level 1:colcon.colcon_core.package_discovery:discover_packages(path) discover
[0.260s] Level 1:colcon.colcon_core.package_discovery:discover_packages(path) using defaults
[0.275s] Level 5:colcon.colcon_core.verb:set package 'airsim_interfaces' build argument 'cmake_args' from command line to '['-DCMAKE_BUILD_TYPE=Debug']'
[0.275s] Level 5:colcon.colcon_core.verb:set package 'airsim_interfaces' build argument 'cmake_target' from command line to 'None'
[0.275s] Level 5:colcon.colcon_core.verb:set package 'airsim_interfaces' build argument 'cmake_target_skip_unavailable' from command line to 'False'
[0.275s] Level 5:colcon.colcon_core.verb:set package 'airsim_interfaces' build argument 'cmake_clean_cache' from command line to 'False'
[0.275s] Level 5:colcon.colcon_core.verb:set package 'airsim_interfaces' build argument 'cmake_clean_first' from command line to 'False'
[0.275s] Level 5:colcon.colcon_core.verb:set package 'airsim_interfaces' build argument 'cmake_force_configure' from command line to 'False'
[0.275s] Level 5:colcon.colcon_core.verb:set package 'airsim_interfaces' build argument 'ament_cmake_args' from command line to 'None'
[0.275s] Level 5:colcon.colcon_core.verb:set package 'airsim_interfaces' build argument 'catkin_cmake_args' from command line to 'None'
[0.275s] Level 5:colcon.colcon_core.verb:set package 'airsim_interfaces' build argument 'catkin_skip_building_tests' from command line to 'False'
[0.275s] DEBUG:colcon.colcon_core.verb:Building package 'airsim_interfaces' with the following arguments: {'ament_cmake_args': None, 'build_base': '/home/cthornton/data/local/college/research/arl/code/sims/airsim/ros_ws/build/airsim_interfaces', 'catkin_cmake_args': None, 'catkin_skip_building_tests': False, 'cmake_args': ['-DCMAKE_BUILD_TYPE=Debug'], 'cmake_clean_cache': False, 'cmake_clean_first': False, 'cmake_force_configure': False, 'cmake_target': None, 'cmake_target_skip_unavailable': False, 'install_base': '/home/cthornton/data/local/college/research/arl/code/sims/airsim/ros_ws/install/airsim_interfaces', 'merge_install': False, 'path': '/home/cthornton/data/local/college/research/arl/code/sims/airsim/ros_ws/src/airsim_interfaces', 'symlink_install': False, 'test_result_base': None}
[0.277s] Level 5:colcon.colcon_core.verb:set package 'airsim_ros_pkgs' build argument 'cmake_args' from command line to '['-DCMAKE_BUILD_TYPE=Debug']'
[0.277s] Level 5:colcon.colcon_core.verb:set package 'airsim_ros_pkgs' build argument 'cmake_target' from command line to 'None'
[0.277s] Level 5:colcon.colcon_core.verb:set package 'airsim_ros_pkgs' build argument 'cmake_target_skip_unavailable' from command line to 'False'
[0.277s] Level 5:colcon.colcon_core.verb:set package 'airsim_ros_pkgs' build argument 'cmake_clean_cache' from command line to 'False'
[0.277s] Level 5:colcon.colcon_core.verb:set package 'airsim_ros_pkgs' build argument 'cmake_clean_first' from command line to 'False'
[0.277s] Level 5:colcon.colcon_core.verb:set package 'airsim_ros_pkgs' build argument 'cmake_force_configure' from command line to 'False'
[0.277s] Level 5:colcon.colcon_core.verb:set package 'airsim_ros_pkgs' build argument 'ament_cmake_args' from command line to 'None'
[0.277s] Level 5:colcon.colcon_core.verb:set package 'airsim_ros_pkgs' build argument 'catkin_cmake_args' from command line to 'None'
[0.277s] Level 5:colcon.colcon_core.verb:set package 'airsim_ros_pkgs' build argument 'catkin_skip_building_tests' from command line to 'False'
[0.277s] DEBUG:colcon.colcon_core.verb:Building package 'airsim_ros_pkgs' with the following arguments: {'ament_cmake_args': None, 'build_base': '/home/cthornton/data/local/college/research/arl/code/sims/airsim/ros_ws/build/airsim_ros_pkgs', 'catkin_cmake_args': None, 'catkin_skip_building_tests': False, 'cmake_args': ['-DCMAKE_BUILD_TYPE=Debug'], 'cmake_clean_cache': False, 'cmake_clean_first': False, 'cmake_force_configure': False, 'cmake_target': None, 'cmake_target_skip_unavailable': False, 'install_base': '/home/cthornton/data/local/college/research/arl/code/sims/airsim/ros_ws/install/airsim_ros_pkgs', 'merge_install': False, 'path': '/home/cthornton/data/local/college/research/arl/code/sims/airsim/ros_ws/src/airsim_ros_pkgs', 'symlink_install': False, 'test_result_base': None}
[0.279s] Level 5:colcon.colcon_core.verb:set package 'hrlsim_interfaces' build argument 'cmake_args' from command line to '['-DCMAKE_BUILD_TYPE=Debug']'
[0.279s] Level 5:colcon.colcon_core.verb:set package 'hrlsim_interfaces' build argument 'cmake_target' from command line to 'None'
[0.279s] Level 5:colcon.colcon_core.verb:set package 'hrlsim_interfaces' build argument 'cmake_target_skip_unavailable' from command line to 'False'
[0.279s] Level 5:colcon.colcon_core.verb:set package 'hrlsim_interfaces' build argument 'cmake_clean_cache' from command line to 'False'
[0.279s] Level 5:colcon.colcon_core.verb:set package 'hrlsim_interfaces' build argument 'cmake_clean_first' from command line to 'False'
[0.280s] Level 5:colcon.colcon_core.verb:set package 'hrlsim_interfaces' build argument 'cmake_force_configure' from command line to 'False'
[0.280s] Level 5:colcon.colcon_core.verb:set package 'hrlsim_interfaces' build argument 'ament_cmake_args' from command line to 'None'
[0.280s] Level 5:colcon.colcon_core.verb:set package 'hrlsim_interfaces' build argument 'catkin_cmake_args' from command line to 'None'
[0.280s] Level 5:colcon.colcon_core.verb:set package 'hrlsim_interfaces' build argument 'catkin_skip_building_tests' from command line to 'False'
[0.280s] DEBUG:colcon.colcon_core.verb:Building package 'hrlsim_interfaces' with the following arguments: {'ament_cmake_args': None, 'build_base': '/home/cthornton/data/local/college/research/arl/code/sims/airsim/ros_ws/build/hrlsim_interfaces', 'catkin_cmake_args': None, 'catkin_skip_building_tests': False, 'cmake_args': ['-DCMAKE_BUILD_TYPE=Debug'], 'cmake_clean_cache': False, 'cmake_clean_first': False, 'cmake_force_configure': False, 'cmake_target': None, 'cmake_target_skip_unavailable': False, 'install_base': '/home/cthornton/data/local/college/research/arl/code/sims/airsim/ros_ws/install/hrlsim_interfaces', 'merge_install': False, 'path': '/home/cthornton/data/local/college/research/arl/code/sims/airsim/ros_ws/src/hrlsim_interfaces', 'symlink_install': False, 'test_result_base': None}
[0.281s] Level 5:colcon.colcon_core.verb:set package 'hrlsim' build argument 'cmake_args' from command line to '['-DCMAKE_BUILD_TYPE=Debug']'
[0.282s] Level 5:colcon.colcon_core.verb:set package 'hrlsim' build argument 'cmake_target' from command line to 'None'
[0.282s] Level 5:colcon.colcon_core.verb:set package 'hrlsim' build argument 'cmake_target_skip_unavailable' from command line to 'False'
[0.282s] Level 5:colcon.colcon_core.verb:set package 'hrlsim' build argument 'cmake_clean_cache' from command line to 'False'
[0.282s] Level 5:colcon.colcon_core.verb:set package 'hrlsim' build argument 'cmake_clean_first' from command line to 'False'
[0.282s] Level 5:colcon.colcon_core.verb:set package 'hrlsim' build argument 'cmake_force_configure' from command line to 'False'
[0.282s] Level 5:colcon.colcon_core.verb:set package 'hrlsim' build argument 'ament_cmake_args' from command line to 'None'
[0.282s] Level 5:colcon.colcon_core.verb:set package 'hrlsim' build argument 'catkin_cmake_args' from command line to 'None'
[0.282s] Level 5:colcon.colcon_core.verb:set package 'hrlsim' build argument 'catkin_skip_building_tests' from command line to 'False'
[0.282s] DEBUG:colcon.colcon_core.verb:Building package 'hrlsim' with the following arguments: {'ament_cmake_args': None, 'build_base': '/home/cthornton/data/local/college/research/arl/code/sims/airsim/ros_ws/build/hrlsim', 'catkin_cmake_args': None, 'catkin_skip_building_tests': False, 'cmake_args': ['-DCMAKE_BUILD_TYPE=Debug'], 'cmake_clean_cache': False, 'cmake_clean_first': False, 'cmake_force_configure': False, 'cmake_target': None, 'cmake_target_skip_unavailable': False, 'install_base': '/home/cthornton/data/local/college/research/arl/code/sims/airsim/ros_ws/install/hrlsim', 'merge_install': False, 'path': '/home/cthornton/data/local/college/research/arl/code/sims/airsim/ros_ws/src/hrlsim', 'symlink_install': False, 'test_result_base': None}
[0.282s] INFO:colcon.colcon_core.executor:Executing jobs using 'parallel' executor
[0.284s] DEBUG:colcon.colcon_parallel_executor.executor.parallel:run_until_complete
[0.284s] INFO:colcon.colcon_ros.task.ament_cmake.build:Building ROS package in '/home/cthornton/data/local/college/research/arl/code/sims/airsim/ros_ws/src/airsim_interfaces' with build type 'ament_cmake'
[0.284s] INFO:colcon.colcon_cmake.task.cmake.build:Building CMake package in '/home/cthornton/data/local/college/research/arl/code/sims/airsim/ros_ws/src/airsim_interfaces'
[0.287s] INFO:colcon.colcon_core.plugin_system:Skipping extension 'colcon_core.shell.bat': Not used on non-Windows systems
[0.288s] INFO:colcon.colcon_core.shell:Skip shell extension 'powershell' for command environment: Not usable outside of PowerShell
[0.288s] DEBUG:colcon.colcon_core.shell:Skip shell extension 'dsv' for command environment
[0.291s] DEBUG:colcon.colcon_core.shell:Ignoring prefix path '/opt/ros/foxy'
[0.291s] DEBUG:colcon.colcon_core.shell:Ignoring prefix path '/home/cthornton/Documents/vela/catkin_ws/devel'
[0.299s] DEBUG:colcon.colcon_core.event_handler.log_command:Invoking command in '/home/cthornton/data/local/college/research/arl/code/sims/airsim/ros_ws/build/airsim_interfaces': CMAKE_PREFIX_PATH=/home/cthornton/data/local/college/research/arl/code/sims/airsim/ros_ws/install/hrlsim:/opt/ros/foxy:${CMAKE_PREFIX_PATH} /home/cthornton/.local/bin/cmake --build /home/cthornton/data/local/college/research/arl/code/sims/airsim/ros_ws/build/airsim_interfaces -- -j12 -l12
[0.461s] DEBUG:colcon.colcon_core.event_handler.log_command:Invoked command in '/home/cthornton/data/local/college/research/arl/code/sims/airsim/ros_ws/build/airsim_interfaces' returned '0': CMAKE_PREFIX_PATH=/home/cthornton/data/local/college/research/arl/code/sims/airsim/ros_ws/install/hrlsim:/opt/ros/foxy:${CMAKE_PREFIX_PATH} /home/cthornton/.local/bin/cmake --build /home/cthornton/data/local/college/research/arl/code/sims/airsim/ros_ws/build/airsim_interfaces -- -j12 -l12
[0.837s] DEBUG:colcon.colcon_core.event_handler.log_command:Invoking command in '/home/cthornton/data/local/college/research/arl/code/sims/airsim/ros_ws/build/airsim_interfaces': CMAKE_PREFIX_PATH=/home/cthornton/data/local/college/research/arl/code/sims/airsim/ros_ws/install/hrlsim:/opt/ros/foxy:${CMAKE_PREFIX_PATH} /home/cthornton/.local/bin/cmake --install /home/cthornton/data/local/college/research/arl/code/sims/airsim/ros_ws/build/airsim_interfaces
[0.944s] Level 1:colcon.colcon_core.environment:create_environment_scripts_only(airsim_interfaces)
[0.945s] DEBUG:colcon.colcon_core.event_handler.log_command:Invoked command in '/home/cthornton/data/local/college/research/arl/code/sims/airsim/ros_ws/build/airsim_interfaces' returned '0': CMAKE_PREFIX_PATH=/home/cthornton/data/local/college/research/arl/code/sims/airsim/ros_ws/install/hrlsim:/opt/ros/foxy:${CMAKE_PREFIX_PATH} /home/cthornton/.local/bin/cmake --install /home/cthornton/data/local/college/research/arl/code/sims/airsim/ros_ws/build/airsim_interfaces
[0.947s] Level 1:colcon.colcon_core.environment:checking '/home/cthornton/data/local/college/research/arl/code/sims/airsim/ros_ws/install/airsim_interfaces' for CMake module files
[0.948s] Level 1:colcon.colcon_core.environment:checking '/home/cthornton/data/local/college/research/arl/code/sims/airsim/ros_ws/install/airsim_interfaces' for CMake config files
[0.950s] Level 1:colcon.colcon_core.shell:create_environment_hook('airsim_interfaces', 'cmake_prefix_path')
[0.950s] INFO:colcon.colcon_core.shell:Creating environment hook '/home/cthornton/data/local/college/research/arl/code/sims/airsim/ros_ws/install/airsim_interfaces/share/airsim_interfaces/hook/cmake_prefix_path.ps1'
[0.951s] INFO:colcon.colcon_core.shell:Creating environment descriptor '/home/cthornton/data/local/college/research/arl/code/sims/airsim/ros_ws/install/airsim_interfaces/share/airsim_interfaces/hook/cmake_prefix_path.dsv'
[0.951s] INFO:colcon.colcon_core.shell:Creating environment hook '/home/cthornton/data/local/college/research/arl/code/sims/airsim/ros_ws/install/airsim_interfaces/share/airsim_interfaces/hook/cmake_prefix_path.sh'
[0.952s] Level 1:colcon.colcon_core.environment:checking '/home/cthornton/data/local/college/research/arl/code/sims/airsim/ros_ws/install/airsim_interfaces/lib'
[0.952s] Level 1:colcon.colcon_core.shell:create_environment_hook('airsim_interfaces', 'ld_library_path_lib')
[0.952s] INFO:colcon.colcon_core.shell:Creating environment hook '/home/cthornton/data/local/college/research/arl/code/sims/airsim/ros_ws/install/airsim_interfaces/share/airsim_interfaces/hook/ld_library_path_lib.ps1'
[0.953s] INFO:colcon.colcon_core.shell:Creating environment descriptor '/home/cthornton/data/local/college/research/arl/code/sims/airsim/ros_ws/install/airsim_interfaces/share/airsim_interfaces/hook/ld_library_path_lib.dsv'
[0.953s] INFO:colcon.colcon_core.shell:Creating environment hook '/home/cthornton/data/local/college/research/arl/code/sims/airsim/ros_ws/install/airsim_interfaces/share/airsim_interfaces/hook/ld_library_path_lib.sh'
[0.953s] Level 1:colcon.colcon_core.environment:checking '/home/cthornton/data/local/college/research/arl/code/sims/airsim/ros_ws/install/airsim_interfaces/bin'
[0.953s] Level 1:colcon.colcon_core.environment:checking '/home/cthornton/data/local/college/research/arl/code/sims/airsim/ros_ws/install/airsim_interfaces/lib/pkgconfig/airsim_interfaces.pc'
[0.953s] Level 1:colcon.colcon_core.environment:checking '/home/cthornton/data/local/college/research/arl/code/sims/airsim/ros_ws/install/airsim_interfaces/lib/python3.8/site-packages'
[0.953s] Level 1:colcon.colcon_core.shell:create_environment_hook('airsim_interfaces', 'pythonpath')
[0.954s] INFO:colcon.colcon_core.shell:Creating environment hook '/home/cthornton/data/local/college/research/arl/code/sims/airsim/ros_ws/install/airsim_interfaces/share/airsim_interfaces/hook/pythonpath.ps1'
[0.954s] INFO:colcon.colcon_core.shell:Creating environment descriptor '/home/cthornton/data/local/college/research/arl/code/sims/airsim/ros_ws/install/airsim_interfaces/share/airsim_interfaces/hook/pythonpath.dsv'
[0.954s] INFO:colcon.colcon_core.shell:Creating environment hook '/home/cthornton/data/local/college/research/arl/code/sims/airsim/ros_ws/install/airsim_interfaces/share/airsim_interfaces/hook/pythonpath.sh'
[0.955s] INFO:colcon.colcon_core.shell:Creating package script '/home/cthornton/data/local/college/research/arl/code/sims/airsim/ros_ws/install/airsim_interfaces/share/airsim_interfaces/package.ps1'
[0.956s] INFO:colcon.colcon_core.shell:Creating package descriptor '/home/cthornton/data/local/college/research/arl/code/sims/airsim/ros_ws/install/airsim_interfaces/share/airsim_interfaces/package.dsv'
[0.956s] INFO:colcon.colcon_core.shell:Creating package script '/home/cthornton/data/local/college/research/arl/code/sims/airsim/ros_ws/install/airsim_interfaces/share/airsim_interfaces/package.sh'
[0.957s] INFO:colcon.colcon_core.shell:Creating package script '/home/cthornton/data/local/college/research/arl/code/sims/airsim/ros_ws/install/airsim_interfaces/share/airsim_interfaces/package.bash'
[0.958s] INFO:colcon.colcon_core.shell:Creating package script '/home/cthornton/data/local/college/research/arl/code/sims/airsim/ros_ws/install/airsim_interfaces/share/airsim_interfaces/package.zsh'
[0.959s] Level 1:colcon.colcon_core.environment:create_file_with_runtime_dependencies(/home/cthornton/data/local/college/research/arl/code/sims/airsim/ros_ws/install/airsim_interfaces/share/colcon-core/packages/airsim_interfaces)
[1.297s] Level 1:colcon.colcon_core.environment:create_environment_scripts_only(airsim_interfaces)
[1.298s] Level 1:colcon.colcon_core.environment:checking '/home/cthornton/data/local/college/research/arl/code/sims/airsim/ros_ws/install/airsim_interfaces' for CMake module files
[1.299s] Level 1:colcon.colcon_core.environment:checking '/home/cthornton/data/local/college/research/arl/code/sims/airsim/ros_ws/install/airsim_interfaces' for CMake config files
[1.300s] Level 1:colcon.colcon_core.shell:create_environment_hook('airsim_interfaces', 'cmake_prefix_path')
[1.301s] INFO:colcon.colcon_core.shell:Creating environment hook '/home/cthornton/data/local/college/research/arl/code/sims/airsim/ros_ws/install/airsim_interfaces/share/airsim_interfaces/hook/cmake_prefix_path.ps1'
[1.301s] INFO:colcon.colcon_core.shell:Creating environment descriptor '/home/cthornton/data/local/college/research/arl/code/sims/airsim/ros_ws/install/airsim_interfaces/share/airsim_interfaces/hook/cmake_prefix_path.dsv'
[1.301s] INFO:colcon.colcon_core.shell:Creating environment hook '/home/cthornton/data/local/college/research/arl/code/sims/airsim/ros_ws/install/airsim_interfaces/share/airsim_interfaces/hook/cmake_prefix_path.sh'
[1.302s] Level 1:colcon.colcon_core.environment:checking '/home/cthornton/data/local/college/research/arl/code/sims/airsim/ros_ws/install/airsim_interfaces/lib'
[1.302s] Level 1:colcon.colcon_core.shell:create_environment_hook('airsim_interfaces', 'ld_library_path_lib')
[1.303s] INFO:colcon.colcon_core.shell:Creating environment hook '/home/cthornton/data/local/college/research/arl/code/sims/airsim/ros_ws/install/airsim_interfaces/share/airsim_interfaces/hook/ld_library_path_lib.ps1'
[1.303s] INFO:colcon.colcon_core.shell:Creating environment descriptor '/home/cthornton/data/local/college/research/arl/code/sims/airsim/ros_ws/install/airsim_interfaces/share/airsim_interfaces/hook/ld_library_path_lib.dsv'
[1.303s] INFO:colcon.colcon_core.shell:Creating environment hook '/home/cthornton/data/local/college/research/arl/code/sims/airsim/ros_ws/install/airsim_interfaces/share/airsim_interfaces/hook/ld_library_path_lib.sh'
[1.304s] Level 1:colcon.colcon_core.environment:checking '/home/cthornton/data/local/college/research/arl/code/sims/airsim/ros_ws/install/airsim_interfaces/bin'
[1.304s] Level 1:colcon.colcon_core.environment:checking '/home/cthornton/data/local/college/research/arl/code/sims/airsim/ros_ws/install/airsim_interfaces/lib/pkgconfig/airsim_interfaces.pc'
[1.304s] Level 1:colcon.colcon_core.environment:checking '/home/cthornton/data/local/college/research/arl/code/sims/airsim/ros_ws/install/airsim_interfaces/lib/python3.8/site-packages'
[1.304s] Level 1:colcon.colcon_core.shell:create_environment_hook('airsim_interfaces', 'pythonpath')
[1.304s] INFO:colcon.colcon_core.shell:Creating environment hook '/home/cthornton/data/local/college/research/arl/code/sims/airsim/ros_ws/install/airsim_interfaces/share/airsim_interfaces/hook/pythonpath.ps1'
[1.304s] INFO:colcon.colcon_core.shell:Creating environment descriptor '/home/cthornton/data/local/college/research/arl/code/sims/airsim/ros_ws/install/airsim_interfaces/share/airsim_interfaces/hook/pythonpath.dsv'
[1.305s] INFO:colcon.colcon_core.shell:Creating environment hook '/home/cthornton/data/local/college/research/arl/code/sims/airsim/ros_ws/install/airsim_interfaces/share/airsim_interfaces/hook/pythonpath.sh'
[1.306s] INFO:colcon.colcon_core.shell:Creating package script '/home/cthornton/data/local/college/research/arl/code/sims/airsim/ros_ws/install/airsim_interfaces/share/airsim_interfaces/package.ps1'
[1.306s] INFO:colcon.colcon_core.shell:Creating package descriptor '/home/cthornton/data/local/college/research/arl/code/sims/airsim/ros_ws/install/airsim_interfaces/share/airsim_interfaces/package.dsv'
[1.307s] INFO:colcon.colcon_core.shell:Creating package script '/home/cthornton/data/local/college/research/arl/code/sims/airsim/ros_ws/install/airsim_interfaces/share/airsim_interfaces/package.sh'
[1.307s] INFO:colcon.colcon_core.shell:Creating package script '/home/cthornton/data/local/college/research/arl/code/sims/airsim/ros_ws/install/airsim_interfaces/share/airsim_interfaces/package.bash'
[1.307s] INFO:colcon.colcon_core.shell:Creating package script '/home/cthornton/data/local/college/research/arl/code/sims/airsim/ros_ws/install/airsim_interfaces/share/airsim_interfaces/package.zsh'
[1.308s] Level 1:colcon.colcon_core.environment:create_file_with_runtime_dependencies(/home/cthornton/data/local/college/research/arl/code/sims/airsim/ros_ws/install/airsim_interfaces/share/colcon-core/packages/airsim_interfaces)
[1.308s] INFO:colcon.colcon_ros.task.ament_cmake.build:Building ROS package in '/home/cthornton/data/local/college/research/arl/code/sims/airsim/ros_ws/src/hrlsim_interfaces' with build type 'ament_cmake'
[1.308s] INFO:colcon.colcon_cmake.task.cmake.build:Building CMake package in '/home/cthornton/data/local/college/research/arl/code/sims/airsim/ros_ws/src/hrlsim_interfaces'
[1.309s] INFO:colcon.colcon_core.shell:Skip shell extension 'powershell' for command environment: Not usable outside of PowerShell
[1.309s] DEBUG:colcon.colcon_core.shell:Skip shell extension 'dsv' for command environment
[1.311s] DEBUG:colcon.colcon_core.shell:Ignoring prefix path '/opt/ros/foxy'
[1.311s] DEBUG:colcon.colcon_core.shell:Ignoring prefix path '/home/cthornton/Documents/vela/catkin_ws/devel'
[1.313s] INFO:colcon.colcon_ros.task.ament_cmake.build:Building ROS package in '/home/cthornton/data/local/college/research/arl/code/sims/airsim/ros_ws/src/airsim_ros_pkgs' with build type 'ament_cmake'
[1.313s] INFO:colcon.colcon_cmake.task.cmake.build:Building CMake package in '/home/cthornton/data/local/college/research/arl/code/sims/airsim/ros_ws/src/airsim_ros_pkgs'
[1.314s] INFO:colcon.colcon_core.shell:Skip shell extension 'powershell' for command environment: Not usable outside of PowerShell
[1.314s] DEBUG:colcon.colcon_core.shell:Skip shell extension 'dsv' for command environment
[1.316s] DEBUG:colcon.colcon_core.shell:Ignoring prefix path '/opt/ros/foxy'
[1.316s] DEBUG:colcon.colcon_core.shell:Ignoring prefix path '/home/cthornton/Documents/vela/catkin_ws/devel'
[1.324s] DEBUG:colcon.colcon_core.event_handler.log_command:Invoking command in '/home/cthornton/data/local/college/research/arl/code/sims/airsim/ros_ws/build/hrlsim_interfaces': CMAKE_PREFIX_PATH=/home/cthornton/data/local/college/research/arl/code/sims/airsim/ros_ws/install/airsim_interfaces:/home/cthornton/data/local/college/research/arl/code/sims/airsim/ros_ws/install/hrlsim:/opt/ros/foxy:/home/cthornton/Documents/vela/catkin_ws/devel:/home/cthornton/data/local/college/research/arl/code/sims/airsim/ros_ws/install/hrlsim_interfaces:/home/cthornton/data/local/college/research/arl/code/sims/airsim/ros_ws/install/airsim_ros_pkgs LD_LIBRARY_PATH=/home/cthornton/data/local/college/research/arl/code/sims/airsim/ros_ws/install/airsim_interfaces/lib:/home/cthornton/Documents/vela/catkin_ws/devel/lib:/home/cthornton/data/local/college/research/arl/code/sims/airsim/ros_ws/install/hrlsim_interfaces/lib:/home/cthornton/data/local/college/research/arl/code/sims/airsim/ros_ws/install/airsim_ros_pkgs/lib:/opt/ros/foxy/opt/yaml_cpp_vendor/lib:/opt/ros/foxy/opt/rviz_ogre_vendor/lib:/opt/ros/foxy/lib/x86_64-linux-gnu:/opt/ros/foxy/lib PYTHONPATH=/home/cthornton/data/local/college/research/arl/code/sims/airsim/ros_ws/install/airsim_interfaces/lib/python3.8/site-packages:/home/cthornton/Documents/vela/catkin_ws/devel/lib/python2.7/dist-packages:/home/cthornton/data/local/college/research/arl/code/sims/airsim/ros_ws/install/hrlsim/lib/python3.8/site-packages:/home/cthornton/data/local/college/research/arl/code/sims/airsim/ros_ws/install/hrlsim_interfaces/lib/python3.8/site-packages:/opt/ros/foxy/lib/python3.8/site-packages /home/cthornton/.local/bin/cmake --build /home/cthornton/data/local/college/research/arl/code/sims/airsim/ros_ws/build/hrlsim_interfaces -- -j12 -l12
[1.331s] DEBUG:colcon.colcon_core.event_handler.log_command:Invoking command in '/home/cthornton/data/local/college/research/arl/code/sims/airsim/ros_ws/build/airsim_ros_pkgs': CMAKE_PREFIX_PATH=/home/cthornton/data/local/college/research/arl/code/sims/airsim/ros_ws/install/airsim_interfaces:/home/cthornton/data/local/college/research/arl/code/sims/airsim/ros_ws/install/hrlsim:/opt/ros/foxy:/home/cthornton/Documents/vela/catkin_ws/devel:/home/cthornton/data/local/college/research/arl/code/sims/airsim/ros_ws/install/hrlsim_interfaces:/home/cthornton/data/local/college/research/arl/code/sims/airsim/ros_ws/install/airsim_ros_pkgs LD_LIBRARY_PATH=/home/cthornton/data/local/college/research/arl/code/sims/airsim/ros_ws/install/airsim_interfaces/lib:/home/cthornton/Documents/vela/catkin_ws/devel/lib:/home/cthornton/data/local/college/research/arl/code/sims/airsim/ros_ws/install/hrlsim_interfaces/lib:/home/cthornton/data/local/college/research/arl/code/sims/airsim/ros_ws/install/airsim_ros_pkgs/lib:/opt/ros/foxy/opt/yaml_cpp_vendor/lib:/opt/ros/foxy/opt/rviz_ogre_vendor/lib:/opt/ros/foxy/lib/x86_64-linux-gnu:/opt/ros/foxy/lib PYTHONPATH=/home/cthornton/data/local/college/research/arl/code/sims/airsim/ros_ws/install/airsim_interfaces/lib/python3.8/site-packages:/home/cthornton/Documents/vela/catkin_ws/devel/lib/python2.7/dist-packages:/home/cthornton/data/local/college/research/arl/code/sims/airsim/ros_ws/install/hrlsim/lib/python3.8/site-packages:/home/cthornton/data/local/college/research/arl/code/sims/airsim/ros_ws/install/hrlsim_interfaces/lib/python3.8/site-packages:/opt/ros/foxy/lib/python3.8/site-packages /home/cthornton/.local/bin/cmake --build /home/cthornton/data/local/college/research/arl/code/sims/airsim/ros_ws/build/airsim_ros_pkgs -- -j12 -l12
[1.493s] DEBUG:colcon.colcon_core.event_handler.log_command:Invoked command in '/home/cthornton/data/local/college/research/arl/code/sims/airsim/ros_ws/build/hrlsim_interfaces' returned '0': CMAKE_PREFIX_PATH=/home/cthornton/data/local/college/research/arl/code/sims/airsim/ros_ws/install/airsim_interfaces:/home/cthornton/data/local/college/research/arl/code/sims/airsim/ros_ws/install/hrlsim:/opt/ros/foxy:/home/cthornton/Documents/vela/catkin_ws/devel:/home/cthornton/data/local/college/research/arl/code/sims/airsim/ros_ws/install/hrlsim_interfaces:/home/cthornton/data/local/college/research/arl/code/sims/airsim/ros_ws/install/airsim_ros_pkgs LD_LIBRARY_PATH=/home/cthornton/data/local/college/research/arl/code/sims/airsim/ros_ws/install/airsim_interfaces/lib:/home/cthornton/Documents/vela/catkin_ws/devel/lib:/home/cthornton/data/local/college/research/arl/code/sims/airsim/ros_ws/install/hrlsim_interfaces/lib:/home/cthornton/data/local/college/research/arl/code/sims/airsim/ros_ws/install/airsim_ros_pkgs/lib:/opt/ros/foxy/opt/yaml_cpp_vendor/lib:/opt/ros/foxy/opt/rviz_ogre_vendor/lib:/opt/ros/foxy/lib/x86_64-linux-gnu:/opt/ros/foxy/lib PYTHONPATH=/home/cthornton/data/local/college/research/arl/code/sims/airsim/ros_ws/install/airsim_interfaces/lib/python3.8/site-packages:/home/cthornton/Documents/vela/catkin_ws/devel/lib/python2.7/dist-packages:/home/cthornton/data/local/college/research/arl/code/sims/airsim/ros_ws/install/hrlsim/lib/python3.8/site-packages:/home/cthornton/data/local/college/research/arl/code/sims/airsim/ros_ws/install/hrlsim_interfaces/lib/python3.8/site-packages:/opt/ros/foxy/lib/python3.8/site-packages /home/cthornton/.local/bin/cmake --build /home/cthornton/data/local/college/research/arl/code/sims/airsim/ros_ws/build/hrlsim_interfaces -- -j12 -l12
[1.655s] DEBUG:colcon.colcon_core.event_handler.log_command:Invoking command in '/home/cthornton/data/local/college/research/arl/code/sims/airsim/ros_ws/build/hrlsim_interfaces': CMAKE_PREFIX_PATH=/home/cthornton/data/local/college/research/arl/code/sims/airsim/ros_ws/install/airsim_interfaces:/home/cthornton/data/local/college/research/arl/code/sims/airsim/ros_ws/install/hrlsim:/opt/ros/foxy:/home/cthornton/Documents/vela/catkin_ws/devel:/home/cthornton/data/local/college/research/arl/code/sims/airsim/ros_ws/install/hrlsim_interfaces:/home/cthornton/data/local/college/research/arl/code/sims/airsim/ros_ws/install/airsim_ros_pkgs LD_LIBRARY_PATH=/home/cthornton/data/local/college/research/arl/code/sims/airsim/ros_ws/install/airsim_interfaces/lib:/home/cthornton/Documents/vela/catkin_ws/devel/lib:/home/cthornton/data/local/college/research/arl/code/sims/airsim/ros_ws/install/hrlsim_interfaces/lib:/home/cthornton/data/local/college/research/arl/code/sims/airsim/ros_ws/install/airsim_ros_pkgs/lib:/opt/ros/foxy/opt/yaml_cpp_vendor/lib:/opt/ros/foxy/opt/rviz_ogre_vendor/lib:/opt/ros/foxy/lib/x86_64-linux-gnu:/opt/ros/foxy/lib PYTHONPATH=/home/cthornton/data/local/college/research/arl/code/sims/airsim/ros_ws/install/airsim_interfaces/lib/python3.8/site-packages:/home/cthornton/Documents/vela/catkin_ws/devel/lib/python2.7/dist-packages:/home/cthornton/data/local/college/research/arl/code/sims/airsim/ros_ws/install/hrlsim/lib/python3.8/site-packages:/home/cthornton/data/local/college/research/arl/code/sims/airsim/ros_ws/install/hrlsim_interfaces/lib/python3.8/site-packages:/opt/ros/foxy/lib/python3.8/site-packages /home/cthornton/.local/bin/cmake --install /home/cthornton/data/local/college/research/arl/code/sims/airsim/ros_ws/build/hrlsim_interfaces
[1.756s] Level 1:colcon.colcon_core.environment:create_environment_scripts_only(hrlsim_interfaces)
[1.757s] Level 1:colcon.colcon_core.environment:checking '/home/cthornton/data/local/college/research/arl/code/sims/airsim/ros_ws/install/hrlsim_interfaces' for CMake module files
[1.758s] DEBUG:colcon.colcon_core.event_handler.log_command:Invoked command in '/home/cthornton/data/local/college/research/arl/code/sims/airsim/ros_ws/build/hrlsim_interfaces' returned '0': CMAKE_PREFIX_PATH=/home/cthornton/data/local/college/research/arl/code/sims/airsim/ros_ws/install/airsim_interfaces:/home/cthornton/data/local/college/research/arl/code/sims/airsim/ros_ws/install/hrlsim:/opt/ros/foxy:/home/cthornton/Documents/vela/catkin_ws/devel:/home/cthornton/data/local/college/research/arl/code/sims/airsim/ros_ws/install/hrlsim_interfaces:/home/cthornton/data/local/college/research/arl/code/sims/airsim/ros_ws/install/airsim_ros_pkgs LD_LIBRARY_PATH=/home/cthornton/data/local/college/research/arl/code/sims/airsim/ros_ws/install/airsim_interfaces/lib:/home/cthornton/Documents/vela/catkin_ws/devel/lib:/home/cthornton/data/local/college/research/arl/code/sims/airsim/ros_ws/install/hrlsim_interfaces/lib:/home/cthornton/data/local/college/research/arl/code/sims/airsim/ros_ws/install/airsim_ros_pkgs/lib:/opt/ros/foxy/opt/yaml_cpp_vendor/lib:/opt/ros/foxy/opt/rviz_ogre_vendor/lib:/opt/ros/foxy/lib/x86_64-linux-gnu:/opt/ros/foxy/lib PYTHONPATH=/home/cthornton/data/local/college/research/arl/code/sims/airsim/ros_ws/install/airsim_interfaces/lib/python3.8/site-packages:/home/cthornton/Documents/vela/catkin_ws/devel/lib/python2.7/dist-packages:/home/cthornton/data/local/college/research/arl/code/sims/airsim/ros_ws/install/hrlsim/lib/python3.8/site-packages:/home/cthornton/data/local/college/research/arl/code/sims/airsim/ros_ws/install/hrlsim_interfaces/lib/python3.8/site-packages:/opt/ros/foxy/lib/python3.8/site-packages /home/cthornton/.local/bin/cmake --install /home/cthornton/data/local/college/research/arl/code/sims/airsim/ros_ws/build/hrlsim_interfaces
[1.759s] Level 1:colcon.colcon_core.environment:checking '/home/cthornton/data/local/college/research/arl/code/sims/airsim/ros_ws/install/hrlsim_interfaces' for CMake config files
[1.761s] Level 1:colcon.colcon_core.shell:create_environment_hook('hrlsim_interfaces', 'cmake_prefix_path')
[1.761s] INFO:colcon.colcon_core.shell:Creating environment hook '/home/cthornton/data/local/college/research/arl/code/sims/airsim/ros_ws/install/hrlsim_interfaces/share/hrlsim_interfaces/hook/cmake_prefix_path.ps1'
[1.762s] INFO:colcon.colcon_core.shell:Creating environment descriptor '/home/cthornton/data/local/college/research/arl/code/sims/airsim/ros_ws/install/hrlsim_interfaces/share/hrlsim_interfaces/hook/cmake_prefix_path.dsv'
[1.762s] INFO:colcon.colcon_core.shell:Creating environment hook '/home/cthornton/data/local/college/research/arl/code/sims/airsim/ros_ws/install/hrlsim_interfaces/share/hrlsim_interfaces/hook/cmake_prefix_path.sh'
[1.762s] Level 1:colcon.colcon_core.environment:checking '/home/cthornton/data/local/college/research/arl/code/sims/airsim/ros_ws/install/hrlsim_interfaces/lib'
[1.763s] Level 1:colcon.colcon_core.shell:create_environment_hook('hrlsim_interfaces', 'ld_library_path_lib')
[1.763s] INFO:colcon.colcon_core.shell:Creating environment hook '/home/cthornton/data/local/college/research/arl/code/sims/airsim/ros_ws/install/hrlsim_interfaces/share/hrlsim_interfaces/hook/ld_library_path_lib.ps1'
[1.763s] INFO:colcon.colcon_core.shell:Creating environment descriptor '/home/cthornton/data/local/college/research/arl/code/sims/airsim/ros_ws/install/hrlsim_interfaces/share/hrlsim_interfaces/hook/ld_library_path_lib.dsv'
[1.764s] INFO:colcon.colcon_core.shell:Creating environment hook '/home/cthornton/data/local/college/research/arl/code/sims/airsim/ros_ws/install/hrlsim_interfaces/share/hrlsim_interfaces/hook/ld_library_path_lib.sh'
[1.764s] Level 1:colcon.colcon_core.environment:checking '/home/cthornton/data/local/college/research/arl/code/sims/airsim/ros_ws/install/hrlsim_interfaces/bin'
[1.764s] Level 1:colcon.colcon_core.environment:checking '/home/cthornton/data/local/college/research/arl/code/sims/airsim/ros_ws/install/hrlsim_interfaces/lib/pkgconfig/hrlsim_interfaces.pc'
[1.764s] Level 1:colcon.colcon_core.environment:checking '/home/cthornton/data/local/college/research/arl/code/sims/airsim/ros_ws/install/hrlsim_interfaces/lib/python3.8/site-packages'
[1.764s] Level 1:colcon.colcon_core.shell:create_environment_hook('hrlsim_interfaces', 'pythonpath')
[1.765s] INFO:colcon.colcon_core.shell:Creating environment hook '/home/cthornton/data/local/college/research/arl/code/sims/airsim/ros_ws/install/hrlsim_interfaces/share/hrlsim_interfaces/hook/pythonpath.ps1'
[1.765s] INFO:colcon.colcon_core.shell:Creating environment descriptor '/home/cthornton/data/local/college/research/arl/code/sims/airsim/ros_ws/install/hrlsim_interfaces/share/hrlsim_interfaces/hook/pythonpath.dsv'
[1.765s] INFO:colcon.colcon_core.shell:Creating environment hook '/home/cthornton/data/local/college/research/arl/code/sims/airsim/ros_ws/install/hrlsim_interfaces/share/hrlsim_interfaces/hook/pythonpath.sh'
[1.766s] INFO:colcon.colcon_core.shell:Creating package script '/home/cthornton/data/local/college/research/arl/code/sims/airsim/ros_ws/install/hrlsim_interfaces/share/hrlsim_interfaces/package.ps1'
[1.767s] INFO:colcon.colcon_core.shell:Creating package descriptor '/home/cthornton/data/local/college/research/arl/code/sims/airsim/ros_ws/install/hrlsim_interfaces/share/hrlsim_interfaces/package.dsv'
[1.767s] INFO:colcon.colcon_core.shell:Creating package script '/home/cthornton/data/local/college/research/arl/code/sims/airsim/ros_ws/install/hrlsim_interfaces/share/hrlsim_interfaces/package.sh'
[1.768s] INFO:colcon.colcon_core.shell:Creating package script '/home/cthornton/data/local/college/research/arl/code/sims/airsim/ros_ws/install/hrlsim_interfaces/share/hrlsim_interfaces/package.bash'
[1.768s] INFO:colcon.colcon_core.shell:Creating package script '/home/cthornton/data/local/college/research/arl/code/sims/airsim/ros_ws/install/hrlsim_interfaces/share/hrlsim_interfaces/package.zsh'
[1.768s] Level 1:colcon.colcon_core.environment:create_file_with_runtime_dependencies(/home/cthornton/data/local/college/research/arl/code/sims/airsim/ros_ws/install/hrlsim_interfaces/share/colcon-core/packages/hrlsim_interfaces)
[1.923s] Level 1:colcon.colcon_core.environment:create_environment_scripts_only(hrlsim_interfaces)
[1.924s] Level 1:colcon.colcon_core.environment:checking '/home/cthornton/data/local/college/research/arl/code/sims/airsim/ros_ws/install/hrlsim_interfaces' for CMake module files
[1.925s] Level 1:colcon.colcon_core.environment:checking '/home/cthornton/data/local/college/research/arl/code/sims/airsim/ros_ws/install/hrlsim_interfaces' for CMake config files
[1.927s] Level 1:colcon.colcon_core.shell:create_environment_hook('hrlsim_interfaces', 'cmake_prefix_path')
[1.927s] INFO:colcon.colcon_core.shell:Creating environment hook '/home/cthornton/data/local/college/research/arl/code/sims/airsim/ros_ws/install/hrlsim_interfaces/share/hrlsim_interfaces/hook/cmake_prefix_path.ps1'
[1.928s] INFO:colcon.colcon_core.shell:Creating environment descriptor '/home/cthornton/data/local/college/research/arl/code/sims/airsim/ros_ws/install/hrlsim_interfaces/share/hrlsim_interfaces/hook/cmake_prefix_path.dsv'
[1.928s] INFO:colcon.colcon_core.shell:Creating environment hook '/home/cthornton/data/local/college/research/arl/code/sims/airsim/ros_ws/install/hrlsim_interfaces/share/hrlsim_interfaces/hook/cmake_prefix_path.sh'
[1.928s] Level 1:colcon.colcon_core.environment:checking '/home/cthornton/data/local/college/research/arl/code/sims/airsim/ros_ws/install/hrlsim_interfaces/lib'
[1.929s] Level 1:colcon.colcon_core.shell:create_environment_hook('hrlsim_interfaces', 'ld_library_path_lib')
[1.929s] INFO:colcon.colcon_core.shell:Creating environment hook '/home/cthornton/data/local/college/research/arl/code/sims/airsim/ros_ws/install/hrlsim_interfaces/share/hrlsim_interfaces/hook/ld_library_path_lib.ps1'
[1.929s] INFO:colcon.colcon_core.shell:Creating environment descriptor '/home/cthornton/data/local/college/research/arl/code/sims/airsim/ros_ws/install/hrlsim_interfaces/share/hrlsim_interfaces/hook/ld_library_path_lib.dsv'
[1.930s] INFO:colcon.colcon_core.shell:Creating environment hook '/home/cthornton/data/local/college/research/arl/code/sims/airsim/ros_ws/install/hrlsim_interfaces/share/hrlsim_interfaces/hook/ld_library_path_lib.sh'
[1.930s] Level 1:colcon.colcon_core.environment:checking '/home/cthornton/data/local/college/research/arl/code/sims/airsim/ros_ws/install/hrlsim_interfaces/bin'
[1.930s] Level 1:colcon.colcon_core.environment:checking '/home/cthornton/data/local/college/research/arl/code/sims/airsim/ros_ws/install/hrlsim_interfaces/lib/pkgconfig/hrlsim_interfaces.pc'
[1.930s] Level 1:colcon.colcon_core.environment:checking '/home/cthornton/data/local/college/research/arl/code/sims/airsim/ros_ws/install/hrlsim_interfaces/lib/python3.8/site-packages'
[1.930s] Level 1:colcon.colcon_core.shell:create_environment_hook('hrlsim_interfaces', 'pythonpath')
[1.931s] INFO:colcon.colcon_core.shell:Creating environment hook '/home/cthornton/data/local/college/research/arl/code/sims/airsim/ros_ws/install/hrlsim_interfaces/share/hrlsim_interfaces/hook/pythonpath.ps1'
[1.931s] INFO:colcon.colcon_core.shell:Creating environment descriptor '/home/cthornton/data/local/college/research/arl/code/sims/airsim/ros_ws/install/hrlsim_interfaces/share/hrlsim_interfaces/hook/pythonpath.dsv'
[1.931s] INFO:colcon.colcon_core.shell:Creating environment hook '/home/cthornton/data/local/college/research/arl/code/sims/airsim/ros_ws/install/hrlsim_interfaces/share/hrlsim_interfaces/hook/pythonpath.sh'
[1.932s] INFO:colcon.colcon_core.shell:Creating package script '/home/cthornton/data/local/college/research/arl/code/sims/airsim/ros_ws/install/hrlsim_interfaces/share/hrlsim_interfaces/package.ps1'
[1.933s] INFO:colcon.colcon_core.shell:Creating package descriptor '/home/cthornton/data/local/college/research/arl/code/sims/airsim/ros_ws/install/hrlsim_interfaces/share/hrlsim_interfaces/package.dsv'
[1.933s] INFO:colcon.colcon_core.shell:Creating package script '/home/cthornton/data/local/college/research/arl/code/sims/airsim/ros_ws/install/hrlsim_interfaces/share/hrlsim_interfaces/package.sh'
[1.934s] INFO:colcon.colcon_core.shell:Creating package script '/home/cthornton/data/local/college/research/arl/code/sims/airsim/ros_ws/install/hrlsim_interfaces/share/hrlsim_interfaces/package.bash'
[1.934s] INFO:colcon.colcon_core.shell:Creating package script '/home/cthornton/data/local/college/research/arl/code/sims/airsim/ros_ws/install/hrlsim_interfaces/share/hrlsim_interfaces/package.zsh'
[1.934s] Level 1:colcon.colcon_core.environment:create_file_with_runtime_dependencies(/home/cthornton/data/local/college/research/arl/code/sims/airsim/ros_ws/install/hrlsim_interfaces/share/colcon-core/packages/hrlsim_interfaces)
[1.935s] INFO:colcon.colcon_ros.task.ament_python.build:Building ROS package in '/home/cthornton/data/local/college/research/arl/code/sims/airsim/ros_ws/src/hrlsim' with build type 'ament_python'
[1.935s] Level 1:colcon.colcon_core.shell:create_environment_hook('hrlsim', 'ament_prefix_path')
[1.935s] INFO:colcon.colcon_core.shell:Creating environment hook '/home/cthornton/data/local/college/research/arl/code/sims/airsim/ros_ws/install/hrlsim/share/hrlsim/hook/ament_prefix_path.ps1'
[1.936s] INFO:colcon.colcon_core.shell:Creating environment descriptor '/home/cthornton/data/local/college/research/arl/code/sims/airsim/ros_ws/install/hrlsim/share/hrlsim/hook/ament_prefix_path.dsv'
[1.937s] INFO:colcon.colcon_core.shell:Creating environment hook '/home/cthornton/data/local/college/research/arl/code/sims/airsim/ros_ws/install/hrlsim/share/hrlsim/hook/ament_prefix_path.sh'
[1.937s] INFO:colcon.colcon_core.shell:Skip shell extension 'powershell' for command environment: Not usable outside of PowerShell
[1.938s] DEBUG:colcon.colcon_core.shell:Skip shell extension 'dsv' for command environment
[1.940s] DEBUG:colcon.colcon_core.shell:Ignoring prefix path '/opt/ros/foxy'
[1.940s] DEBUG:colcon.colcon_core.shell:Ignoring prefix path '/home/cthornton/Documents/vela/catkin_ws/devel'
[2.140s] INFO:colcon.colcon_core.task.python.build:Building Python package in '/home/cthornton/data/local/college/research/arl/code/sims/airsim/ros_ws/src/hrlsim'
[2.141s] INFO:colcon.colcon_core.shell:Skip shell extension 'powershell' for command environment: Not usable outside of PowerShell
[2.141s] DEBUG:colcon.colcon_core.shell:Skip shell extension 'dsv' for command environment
[2.144s] DEBUG:colcon.colcon_core.shell:Ignoring prefix path '/opt/ros/foxy'
[2.144s] DEBUG:colcon.colcon_core.shell:Ignoring prefix path '/home/cthornton/Documents/vela/catkin_ws/devel'
[2.155s] DEBUG:colcon.colcon_core.event_handler.log_command:Invoking command in '/home/cthornton/data/local/college/research/arl/code/sims/airsim/ros_ws/src/hrlsim': CMAKE_PREFIX_PATH=/home/cthornton/data/local/college/research/arl/code/sims/airsim/ros_ws/install/hrlsim_interfaces:/home/cthornton/data/local/college/research/arl/code/sims/airsim/ros_ws/install/airsim_interfaces:/home/cthornton/Documents/vela/catkin_ws/devel:/home/cthornton/data/local/college/research/arl/code/sims/airsim/ros_ws/install/airsim_ros_pkgs LD_LIBRARY_PATH=/home/cthornton/data/local/college/research/arl/code/sims/airsim/ros_ws/install/hrlsim_interfaces/lib:/home/cthornton/data/local/college/research/arl/code/sims/airsim/ros_ws/install/airsim_interfaces/lib:/home/cthornton/Documents/vela/catkin_ws/devel/lib:/home/cthornton/data/local/college/research/arl/code/sims/airsim/ros_ws/install/airsim_ros_pkgs/lib:/opt/ros/foxy/opt/yaml_cpp_vendor/lib:/opt/ros/foxy/opt/rviz_ogre_vendor/lib:/opt/ros/foxy/lib/x86_64-linux-gnu:/opt/ros/foxy/lib PYTHONPATH=/home/cthornton/data/local/college/research/arl/code/sims/airsim/ros_ws/install/hrlsim/lib/python3.8/site-packages:/home/cthornton/data/local/college/research/arl/code/sims/airsim/ros_ws/install/hrlsim_interfaces/lib/python3.8/site-packages:/home/cthornton/data/local/college/research/arl/code/sims/airsim/ros_ws/install/airsim_interfaces/lib/python3.8/site-packages:/home/cthornton/Documents/vela/catkin_ws/devel/lib/python2.7/dist-packages:/home/cthornton/data/local/college/research/arl/code/sims/airsim/ros_ws/install/hrlsim/lib/python3.8/site-packages:/opt/ros/foxy/lib/python3.8/site-packages /usr/bin/python3 setup.py egg_info --egg-base ../../build/hrlsim build --build-base /home/cthornton/data/local/college/research/arl/code/sims/airsim/ros_ws/build/hrlsim/build install --prefix /home/cthornton/data/local/college/research/arl/code/sims/airsim/ros_ws/install/hrlsim --record /home/cthornton/data/local/college/research/arl/code/sims/airsim/ros_ws/build/hrlsim/install.log --single-version-externally-managed
[2.404s] Level 1:colcon.colcon_core.environment:checking '/home/cthornton/data/local/college/research/arl/code/sims/airsim/ros_ws/install/hrlsim' for CMake module files
[2.405s] DEBUG:colcon.colcon_core.event_handler.log_command:Invoked command in '/home/cthornton/data/local/college/research/arl/code/sims/airsim/ros_ws/src/hrlsim' returned '0': CMAKE_PREFIX_PATH=/home/cthornton/data/local/college/research/arl/code/sims/airsim/ros_ws/install/hrlsim_interfaces:/home/cthornton/data/local/college/research/arl/code/sims/airsim/ros_ws/install/airsim_interfaces:/home/cthornton/Documents/vela/catkin_ws/devel:/home/cthornton/data/local/college/research/arl/code/sims/airsim/ros_ws/install/airsim_ros_pkgs LD_LIBRARY_PATH=/home/cthornton/data/local/college/research/arl/code/sims/airsim/ros_ws/install/hrlsim_interfaces/lib:/home/cthornton/data/local/college/research/arl/code/sims/airsim/ros_ws/install/airsim_interfaces/lib:/home/cthornton/Documents/vela/catkin_ws/devel/lib:/home/cthornton/data/local/college/research/arl/code/sims/airsim/ros_ws/install/airsim_ros_pkgs/lib:/opt/ros/foxy/opt/yaml_cpp_vendor/lib:/opt/ros/foxy/opt/rviz_ogre_vendor/lib:/opt/ros/foxy/lib/x86_64-linux-gnu:/opt/ros/foxy/lib PYTHONPATH=/home/cthornton/data/local/college/research/arl/code/sims/airsim/ros_ws/install/hrlsim/lib/python3.8/site-packages:/home/cthornton/data/local/college/research/arl/code/sims/airsim/ros_ws/install/hrlsim_interfaces/lib/python3.8/site-packages:/home/cthornton/data/local/college/research/arl/code/sims/airsim/ros_ws/install/airsim_interfaces/lib/python3.8/site-packages:/home/cthornton/Documents/vela/catkin_ws/devel/lib/python2.7/dist-packages:/home/cthornton/data/local/college/research/arl/code/sims/airsim/ros_ws/install/hrlsim/lib/python3.8/site-packages:/opt/ros/foxy/lib/python3.8/site-packages /usr/bin/python3 setup.py egg_info --egg-base ../../build/hrlsim build --build-base /home/cthornton/data/local/college/research/arl/code/sims/airsim/ros_ws/build/hrlsim/build install --prefix /home/cthornton/data/local/college/research/arl/code/sims/airsim/ros_ws/install/hrlsim --record /home/cthornton/data/local/college/research/arl/code/sims/airsim/ros_ws/build/hrlsim/install.log --single-version-externally-managed
[2.406s] Level 1:colcon.colcon_core.environment:checking '/home/cthornton/data/local/college/research/arl/code/sims/airsim/ros_ws/install/hrlsim' for CMake config files
[2.407s] Level 1:colcon.colcon_core.environment:checking '/home/cthornton/data/local/college/research/arl/code/sims/airsim/ros_ws/install/hrlsim/lib'
[2.407s] Level 1:colcon.colcon_core.environment:checking '/home/cthornton/data/local/college/research/arl/code/sims/airsim/ros_ws/install/hrlsim/bin'
[2.407s] Level 1:colcon.colcon_core.environment:checking '/home/cthornton/data/local/college/research/arl/code/sims/airsim/ros_ws/install/hrlsim/lib/pkgconfig/hrlsim.pc'
[2.407s] Level 1:colcon.colcon_core.environment:checking '/home/cthornton/data/local/college/research/arl/code/sims/airsim/ros_ws/install/hrlsim/lib/python3.8/site-packages'
[2.407s] Level 1:colcon.colcon_core.shell:create_environment_hook('hrlsim', 'pythonpath')
[2.408s] INFO:colcon.colcon_core.shell:Creating environment hook '/home/cthornton/data/local/college/research/arl/code/sims/airsim/ros_ws/install/hrlsim/share/hrlsim/hook/pythonpath.ps1'
[2.408s] INFO:colcon.colcon_core.shell:Creating environment descriptor '/home/cthornton/data/local/college/research/arl/code/sims/airsim/ros_ws/install/hrlsim/share/hrlsim/hook/pythonpath.dsv'
[2.409s] INFO:colcon.colcon_core.shell:Creating environment hook '/home/cthornton/data/local/college/research/arl/code/sims/airsim/ros_ws/install/hrlsim/share/hrlsim/hook/pythonpath.sh'
[2.409s] Level 1:colcon.colcon_core.environment:create_environment_scripts_only(hrlsim)
[2.410s] INFO:colcon.colcon_core.shell:Creating package script '/home/cthornton/data/local/college/research/arl/code/sims/airsim/ros_ws/install/hrlsim/share/hrlsim/package.ps1'
[2.410s] INFO:colcon.colcon_core.shell:Creating package descriptor '/home/cthornton/data/local/college/research/arl/code/sims/airsim/ros_ws/install/hrlsim/share/hrlsim/package.dsv'
[2.410s] INFO:colcon.colcon_core.shell:Creating package script '/home/cthornton/data/local/college/research/arl/code/sims/airsim/ros_ws/install/hrlsim/share/hrlsim/package.sh'
[2.411s] INFO:colcon.colcon_core.shell:Creating package script '/home/cthornton/data/local/college/research/arl/code/sims/airsim/ros_ws/install/hrlsim/share/hrlsim/package.bash'
[2.411s] INFO:colcon.colcon_core.shell:Creating package script '/home/cthornton/data/local/college/research/arl/code/sims/airsim/ros_ws/install/hrlsim/share/hrlsim/package.zsh'
[2.411s] Level 1:colcon.colcon_core.environment:create_file_with_runtime_dependencies(/home/cthornton/data/local/college/research/arl/code/sims/airsim/ros_ws/install/hrlsim/share/colcon-core/packages/hrlsim)
[14.132s] DEBUG:colcon.colcon_core.event_handler.log_command:Invoked command in '/home/cthornton/data/local/college/research/arl/code/sims/airsim/ros_ws/build/airsim_ros_pkgs' returned '2': CMAKE_PREFIX_PATH=/home/cthornton/data/local/college/research/arl/code/sims/airsim/ros_ws/install/airsim_interfaces:/home/cthornton/data/local/college/research/arl/code/sims/airsim/ros_ws/install/hrlsim:/opt/ros/foxy:/home/cthornton/Documents/vela/catkin_ws/devel:/home/cthornton/data/local/college/research/arl/code/sims/airsim/ros_ws/install/hrlsim_interfaces:/home/cthornton/data/local/college/research/arl/code/sims/airsim/ros_ws/install/airsim_ros_pkgs LD_LIBRARY_PATH=/home/cthornton/data/local/college/research/arl/code/sims/airsim/ros_ws/install/airsim_interfaces/lib:/home/cthornton/Documents/vela/catkin_ws/devel/lib:/home/cthornton/data/local/college/research/arl/code/sims/airsim/ros_ws/install/hrlsim_interfaces/lib:/home/cthornton/data/local/college/research/arl/code/sims/airsim/ros_ws/install/airsim_ros_pkgs/lib:/opt/ros/foxy/opt/yaml_cpp_vendor/lib:/opt/ros/foxy/opt/rviz_ogre_vendor/lib:/opt/ros/foxy/lib/x86_64-linux-gnu:/opt/ros/foxy/lib PYTHONPATH=/home/cthornton/data/local/college/research/arl/code/sims/airsim/ros_ws/install/airsim_interfaces/lib/python3.8/site-packages:/home/cthornton/Documents/vela/catkin_ws/devel/lib/python2.7/dist-packages:/home/cthornton/data/local/college/research/arl/code/sims/airsim/ros_ws/install/hrlsim/lib/python3.8/site-packages:/home/cthornton/data/local/college/research/arl/code/sims/airsim/ros_ws/install/hrlsim_interfaces/lib/python3.8/site-packages:/opt/ros/foxy/lib/python3.8/site-packages /home/cthornton/.local/bin/cmake --build /home/cthornton/data/local/college/research/arl/code/sims/airsim/ros_ws/build/airsim_ros_pkgs -- -j12 -l12
[14.197s] Level 1:colcon.colcon_core.environment:create_environment_scripts_only(airsim_ros_pkgs)
[14.198s] Level 1:colcon.colcon_core.environment:checking '/home/cthornton/data/local/college/research/arl/code/sims/airsim/ros_ws/install/airsim_ros_pkgs' for CMake module files
[14.199s] Level 1:colcon.colcon_core.environment:checking '/home/cthornton/data/local/college/research/arl/code/sims/airsim/ros_ws/install/airsim_ros_pkgs' for CMake config files
[14.205s] Level 1:colcon.colcon_core.shell:create_environment_hook('airsim_ros_pkgs', 'cmake_prefix_path')
[14.205s] INFO:colcon.colcon_core.shell:Creating environment hook '/home/cthornton/data/local/college/research/arl/code/sims/airsim/ros_ws/install/airsim_ros_pkgs/share/airsim_ros_pkgs/hook/cmake_prefix_path.ps1'
[14.206s] INFO:colcon.colcon_core.shell:Creating environment descriptor '/home/cthornton/data/local/college/research/arl/code/sims/airsim/ros_ws/install/airsim_ros_pkgs/share/airsim_ros_pkgs/hook/cmake_prefix_path.dsv'
[14.206s] INFO:colcon.colcon_core.shell:Creating environment hook '/home/cthornton/data/local/college/research/arl/code/sims/airsim/ros_ws/install/airsim_ros_pkgs/share/airsim_ros_pkgs/hook/cmake_prefix_path.sh'
[14.207s] Level 1:colcon.colcon_core.environment:checking '/home/cthornton/data/local/college/research/arl/code/sims/airsim/ros_ws/install/airsim_ros_pkgs/lib'
[14.207s] Level 1:colcon.colcon_core.environment:checking '/home/cthornton/data/local/college/research/arl/code/sims/airsim/ros_ws/install/airsim_ros_pkgs/bin'
[14.207s] Level 1:colcon.colcon_core.environment:checking '/home/cthornton/data/local/college/research/arl/code/sims/airsim/ros_ws/install/airsim_ros_pkgs/lib/pkgconfig/airsim_ros_pkgs.pc'
[14.207s] Level 1:colcon.colcon_core.environment:checking '/home/cthornton/data/local/college/research/arl/code/sims/airsim/ros_ws/install/airsim_ros_pkgs/lib/python3.8/site-packages'
[14.207s] INFO:colcon.colcon_core.shell:Creating package script '/home/cthornton/data/local/college/research/arl/code/sims/airsim/ros_ws/install/airsim_ros_pkgs/share/airsim_ros_pkgs/package.ps1'
[14.208s] INFO:colcon.colcon_core.shell:Creating package descriptor '/home/cthornton/data/local/college/research/arl/code/sims/airsim/ros_ws/install/airsim_ros_pkgs/share/airsim_ros_pkgs/package.dsv'
[14.208s] INFO:colcon.colcon_core.shell:Creating package script '/home/cthornton/data/local/college/research/arl/code/sims/airsim/ros_ws/install/airsim_ros_pkgs/share/airsim_ros_pkgs/package.sh'
[14.209s] INFO:colcon.colcon_core.shell:Creating package script '/home/cthornton/data/local/college/research/arl/code/sims/airsim/ros_ws/install/airsim_ros_pkgs/share/airsim_ros_pkgs/package.bash'
[14.209s] INFO:colcon.colcon_core.shell:Creating package script '/home/cthornton/data/local/college/research/arl/code/sims/airsim/ros_ws/install/airsim_ros_pkgs/share/airsim_ros_pkgs/package.zsh'
[14.210s] Level 1:colcon.colcon_core.environment:create_file_with_runtime_dependencies(/home/cthornton/data/local/college/research/arl/code/sims/airsim/ros_ws/install/airsim_ros_pkgs/share/colcon-core/packages/airsim_ros_pkgs)
[14.220s] DEBUG:colcon.colcon_parallel_executor.executor.parallel:closing loop
[14.220s] DEBUG:colcon.colcon_parallel_executor.executor.parallel:loop closed
[14.220s] DEBUG:colcon.colcon_parallel_executor.executor.parallel:run_until_complete finished with '2'
[14.221s] DEBUG:colcon.colcon_core.event_reactor:joining thread
[14.229s] INFO:colcon.colcon_core.plugin_system:Skipping extension 'colcon_notification.desktop_notification.terminal_notifier': Not used on non-Darwin systems
[14.229s] INFO:colcon.colcon_core.plugin_system:Skipping extension 'colcon_notification.desktop_notification.win32': Not used on non-Windows systems
[14.229s] INFO:colcon.colcon_notification.desktop_notification:Sending desktop notification using 'notify2'
[14.243s] DEBUG:colcon.colcon_core.event_reactor:joined thread
[14.244s] INFO:colcon.colcon_core.shell:Creating prefix script '/home/cthornton/data/local/college/research/arl/code/sims/airsim/ros_ws/install/local_setup.ps1'
[14.245s] INFO:colcon.colcon_core.shell:Creating prefix util module '/home/cthornton/data/local/college/research/arl/code/sims/airsim/ros_ws/install/_local_setup_util_ps1.py'
[14.247s] INFO:colcon.colcon_core.shell:Creating prefix chain script '/home/cthornton/data/local/college/research/arl/code/sims/airsim/ros_ws/install/setup.ps1'
[14.250s] INFO:colcon.colcon_core.shell:Creating prefix script '/home/cthornton/data/local/college/research/arl/code/sims/airsim/ros_ws/install/local_setup.sh'
[14.250s] INFO:colcon.colcon_core.shell:Creating prefix util module '/home/cthornton/data/local/college/research/arl/code/sims/airsim/ros_ws/install/_local_setup_util_sh.py'
[14.251s] INFO:colcon.colcon_core.shell:Creating prefix chain script '/home/cthornton/data/local/college/research/arl/code/sims/airsim/ros_ws/install/setup.sh'
[14.254s] INFO:colcon.colcon_core.shell:Creating prefix script '/home/cthornton/data/local/college/research/arl/code/sims/airsim/ros_ws/install/local_setup.bash'
[14.255s] INFO:colcon.colcon_core.shell:Creating prefix chain script '/home/cthornton/data/local/college/research/arl/code/sims/airsim/ros_ws/install/setup.bash'
[14.257s] INFO:colcon.colcon_core.shell:Creating prefix script '/home/cthornton/data/local/college/research/arl/code/sims/airsim/ros_ws/install/local_setup.zsh'
[14.258s] INFO:colcon.colcon_core.shell:Creating prefix chain script '/home/cthornton/data/local/college/research/arl/code/sims/airsim/ros_ws/install/setup.zsh'
