[0.015s] Invoking command in '/home/cthornton/data/local/college/research/arl/code/sims/airsim/ros_ws/build/airsim_ros_pkgs': CMAKE_PREFIX_PATH=/home/cthornton/data/local/college/research/arl/code/sims/airsim/ros_ws/install/airsim_interfaces:/home/cthornton/data/local/college/research/arl/code/sims/airsim/ros_ws/install/hrlsim:/opt/ros/foxy:/home/cthornton/Documents/vela/catkin_ws/devel:/home/cthornton/data/local/college/research/arl/code/sims/airsim/ros_ws/install/hrlsim_interfaces:/home/cthornton/data/local/college/research/arl/code/sims/airsim/ros_ws/install/airsim_ros_pkgs LD_LIBRARY_PATH=/home/cthornton/data/local/college/research/arl/code/sims/airsim/ros_ws/install/airsim_interfaces/lib:/home/cthornton/Documents/vela/catkin_ws/devel/lib:/home/cthornton/data/local/college/research/arl/code/sims/airsim/ros_ws/install/hrlsim_interfaces/lib:/home/cthornton/data/local/college/research/arl/code/sims/airsim/ros_ws/install/airsim_ros_pkgs/lib:/opt/ros/foxy/opt/yaml_cpp_vendor/lib:/opt/ros/foxy/opt/rviz_ogre_vendor/lib:/opt/ros/foxy/lib/x86_64-linux-gnu:/opt/ros/foxy/lib PYTHONPATH=/home/cthornton/data/local/college/research/arl/code/sims/airsim/ros_ws/install/airsim_interfaces/lib/python3.8/site-packages:/home/cthornton/Documents/vela/catkin_ws/devel/lib/python2.7/dist-packages:/home/cthornton/data/local/college/research/arl/code/sims/airsim/ros_ws/install/hrlsim/lib/python3.8/site-packages:/home/cthornton/data/local/college/research/arl/code/sims/airsim/ros_ws/install/hrlsim_interfaces/lib/python3.8/site-packages:/opt/ros/foxy/lib/python3.8/site-packages /home/cthornton/.local/bin/cmake --build /home/cthornton/data/local/college/research/arl/code/sims/airsim/ros_ws/build/airsim_ros_pkgs -- -j12 -l12
[0.057s] -- Found rclcpp: 2.4.0 (/opt/ros/foxy/share/rclcpp/cmake)
[0.081s] -- Using PYTHON_EXECUTABLE: /usr/bin/python3
[0.269s] -- Using all available rosidl_typesupport_c: rosidl_typesupport_fastrtps_c;rosidl_typesupport_introspection_c
[0.271s] -- Found rosidl_adapter: 1.2.1 (/opt/ros/foxy/share/rosidl_adapter/cmake)
[0.357s] -- Using all available rosidl_typesupport_cpp: rosidl_typesupport_fastrtps_cpp;rosidl_typesupport_introspection_cpp
[0.393s] -- Found rmw_implementation_cmake: 1.0.3 (/opt/ros/foxy/share/rmw_implementation_cmake/cmake)
[0.394s] -- Using RMW implementation 'rmw_fastrtps_cpp' as default
[0.491s] -- Found nav_msgs: 2.0.4 (/opt/ros/foxy/share/nav_msgs/cmake)
[0.569s] -- Found geographic_msgs: 1.0.4 (/opt/ros/foxy/share/geographic_msgs/cmake)
[0.645s] -- Found std_srvs: 2.0.4 (/opt/ros/foxy/share/std_srvs/cmake)
[0.651s] -- Found tf2_ros: 0.13.12 (/opt/ros/foxy/share/tf2_ros/cmake)
[0.864s] -- Found tf2_sensor_msgs: 0.13.12 (/opt/ros/foxy/share/tf2_sensor_msgs/cmake)
[0.930s] -- Found rclpy: 1.0.7 (/opt/ros/foxy/share/rclpy/cmake)
[0.931s] -- Found image_transport: 2.3.0 (/opt/ros/foxy/share/image_transport/cmake)
[0.952s] -- Found cv_bridge: 2.2.1 (/opt/ros/foxy/share/cv_bridge/cmake)
[0.960s] -- Found tf2_geometry_msgs: 0.13.12 (/opt/ros/foxy/share/tf2_geometry_msgs/cmake)
[0.984s] -- Found mavros_msgs: 2.0.3 (/opt/ros/foxy/share/mavros_msgs/cmake)
[1.177s] -- Found rosidl_default_generators: 1.0.1 (/opt/ros/foxy/share/rosidl_default_generators/cmake)
[1.185s] -- Found airsim_interfaces: 0.1.0 (/home/cthornton/data/local/college/research/arl/code/sims/airsim/ros_ws/install/airsim_interfaces/share/airsim_interfaces/cmake)
[1.300s] [31mCMake Error at CMakeLists.txt:28 (add_subdirectory):
[1.300s]   add_subdirectory given source
[1.300s]   "/home/cthornton/data/local/college/research/arl/code/sims/airsim/ros_ws/src/airsim_ros_pkgs/../../../AirSim2/cmake/rpclib_wrapper"
[1.300s]   which is not an existing directory.
[1.301s] 
[1.301s] [0m
[1.301s] [31mCMake Error at CMakeLists.txt:29 (add_subdirectory):
[1.301s]   add_subdirectory given source
[1.301s]   "/home/cthornton/data/local/college/research/arl/code/sims/airsim/ros_ws/src/airsim_ros_pkgs/../../../AirSim2/cmake/AirLib"
[1.301s]   which is not an existing directory.
[1.301s] 
[1.301s] [0m
[1.301s] [31mCMake Error at CMakeLists.txt:30 (add_subdirectory):
[1.301s]   add_subdirectory given source
[1.302s]   "/home/cthornton/data/local/college/research/arl/code/sims/airsim/ros_ws/src/airsim_ros_pkgs/../../../AirSim2/cmake/MavLinkCom"
[1.302s]   which is not an existing directory.
[1.302s] 
[1.302s] [0m
[1.302s] -- found RPC_LIB_INCLUDES= /home/cthornton/data/local/college/research/arl/code/sims/airsim/ros_ws/src/airsim_ros_pkgs/../../../AirSim2/external/rpclib/rpclib-2.3.0/include
[1.312s] [33mCMake Warning at /opt/ros/foxy/share/ament_cmake_export_include_directories/cmake/ament_export_include_directories.cmake:44 (message):
[1.313s]   ament_export_include_directories() package 'airsim_ros_pkgs' exports the
[1.313s]   include directory
[1.313s]   '/home/cthornton/data/local/college/research/arl/code/sims/airsim/ros_ws/src/airsim_ros_pkgs/../../../AirSim2/AirLib/deps/eigen3'
[1.313s]   which doesn't exist
[1.313s] Call Stack (most recent call first):
[1.313s]   CMakeLists.txt:132 (ament_export_include_directories)
[1.313s] 
[1.313s] [0m
[1.313s] [33mCMake Warning at /opt/ros/foxy/share/ament_cmake_export_include_directories/cmake/ament_export_include_directories.cmake:44 (message):
[1.314s]   ament_export_include_directories() package 'airsim_ros_pkgs' exports the
[1.314s]   include directory
[1.314s]   '/home/cthornton/data/local/college/research/arl/code/sims/airsim/ros_ws/src/airsim_ros_pkgs/../../../AirSim2/AirLib/include'
[1.314s]   which doesn't exist
[1.314s] Call Stack (most recent call first):
[1.314s]   CMakeLists.txt:132 (ament_export_include_directories)
[1.314s] 
[1.314s] [0m
[1.314s] [33mCMake Warning at /opt/ros/foxy/share/ament_cmake_export_include_directories/cmake/ament_export_include_directories.cmake:44 (message):
[1.315s]   ament_export_include_directories() package 'airsim_ros_pkgs' exports the
[1.315s]   include directory
[1.315s]   '/home/cthornton/data/local/college/research/arl/code/sims/airsim/ros_ws/src/airsim_ros_pkgs/../../../AirSim2/MavLinkCom/include'
[1.315s]   which doesn't exist
[1.315s] Call Stack (most recent call first):
[1.315s]   CMakeLists.txt:132 (ament_export_include_directories)
[1.315s] 
[1.315s] [0m
[1.315s] [33mCMake Warning at /opt/ros/foxy/share/ament_cmake_export_include_directories/cmake/ament_export_include_directories.cmake:44 (message):
[1.315s]   ament_export_include_directories() package 'airsim_ros_pkgs' exports the
[1.316s]   include directory
[1.316s]   '/home/cthornton/data/local/college/research/arl/code/sims/airsim/ros_ws/src/airsim_ros_pkgs/../../../AirSim2/MavLinkCom/common_utils'
[1.316s]   which doesn't exist
[1.316s] Call Stack (most recent call first):
[1.316s]   CMakeLists.txt:132 (ament_export_include_directories)
[1.316s] 
[1.316s] [0m
[1.363s] -- Configuring incomplete, errors occurred!
[1.363s] See also "/home/cthornton/data/local/college/research/arl/code/sims/airsim/ros_ws/build/airsim_ros_pkgs/CMakeFiles/CMakeOutput.log".
[1.363s] See also "/home/cthornton/data/local/college/research/arl/code/sims/airsim/ros_ws/build/airsim_ros_pkgs/CMakeFiles/CMakeError.log".
[1.368s] make: *** [Makefile:487: cmake_check_build_system] Error 1
[1.372s] Invoked command in '/home/cthornton/data/local/college/research/arl/code/sims/airsim/ros_ws/build/airsim_ros_pkgs' returned '2': CMAKE_PREFIX_PATH=/home/cthornton/data/local/college/research/arl/code/sims/airsim/ros_ws/install/airsim_interfaces:/home/cthornton/data/local/college/research/arl/code/sims/airsim/ros_ws/install/hrlsim:/opt/ros/foxy:/home/cthornton/Documents/vela/catkin_ws/devel:/home/cthornton/data/local/college/research/arl/code/sims/airsim/ros_ws/install/hrlsim_interfaces:/home/cthornton/data/local/college/research/arl/code/sims/airsim/ros_ws/install/airsim_ros_pkgs LD_LIBRARY_PATH=/home/cthornton/data/local/college/research/arl/code/sims/airsim/ros_ws/install/airsim_interfaces/lib:/home/cthornton/Documents/vela/catkin_ws/devel/lib:/home/cthornton/data/local/college/research/arl/code/sims/airsim/ros_ws/install/hrlsim_interfaces/lib:/home/cthornton/data/local/college/research/arl/code/sims/airsim/ros_ws/install/airsim_ros_pkgs/lib:/opt/ros/foxy/opt/yaml_cpp_vendor/lib:/opt/ros/foxy/opt/rviz_ogre_vendor/lib:/opt/ros/foxy/lib/x86_64-linux-gnu:/opt/ros/foxy/lib PYTHONPATH=/home/cthornton/data/local/college/research/arl/code/sims/airsim/ros_ws/install/airsim_interfaces/lib/python3.8/site-packages:/home/cthornton/Documents/vela/catkin_ws/devel/lib/python2.7/dist-packages:/home/cthornton/data/local/college/research/arl/code/sims/airsim/ros_ws/install/hrlsim/lib/python3.8/site-packages:/home/cthornton/data/local/college/research/arl/code/sims/airsim/ros_ws/install/hrlsim_interfaces/lib/python3.8/site-packages:/opt/ros/foxy/lib/python3.8/site-packages /home/cthornton/.local/bin/cmake --build /home/cthornton/data/local/college/research/arl/code/sims/airsim/ros_ws/build/airsim_ros_pkgs -- -j12 -l12
