running egg_info
writing ../../build/hrlsim/hrlsim.egg-info/PKG-INFO
writing dependency_links to ../../build/hrlsim/hrlsim.egg-info/dependency_links.txt
writing entry points to ../../build/hrlsim/hrlsim.egg-info/entry_points.txt
writing requirements to ../../build/hrlsim/hrlsim.egg-info/requires.txt
writing top-level names to ../../build/hrlsim/hrlsim.egg-info/top_level.txt
reading manifest file '../../build/hrlsim/hrlsim.egg-info/SOURCES.txt'
writing manifest file '../../build/hrlsim/hrlsim.egg-info/SOURCES.txt'
running build
running build_py
creating /home/cthornton/data/local/college/research/arl/code/sims/airsim/ros_ws/build/hrlsim/build
creating /home/cthornton/data/local/college/research/arl/code/sims/airsim/ros_ws/build/hrlsim/build/lib
creating /home/cthornton/data/local/college/research/arl/code/sims/airsim/ros_ws/build/hrlsim/build/lib/hrlsim
copying hrlsim/__init__.py -> /home/cthornton/data/local/college/research/arl/code/sims/airsim/ros_ws/build/hrlsim/build/lib/hrlsim
running install
running install_lib
creating /home/cthornton/data/local/college/research/arl/code/sims/airsim/ros_ws/install/hrlsim/lib/python3.8/site-packages/hrlsim
copying /home/cthornton/data/local/college/research/arl/code/sims/airsim/ros_ws/build/hrlsim/build/lib/hrlsim/__init__.py -> /home/cthornton/data/local/college/research/arl/code/sims/airsim/ros_ws/install/hrlsim/lib/python3.8/site-packages/hrlsim
byte-compiling /home/cthornton/data/local/college/research/arl/code/sims/airsim/ros_ws/install/hrlsim/lib/python3.8/site-packages/hrlsim/__init__.py to __init__.cpython-38.pyc
running install_data
running install_egg_info
removing '/home/cthornton/data/local/college/research/arl/code/sims/airsim/ros_ws/install/hrlsim/lib/python3.8/site-packages/hrlsim-0.0.0-py3.8.egg-info' (and everything under it)
Copying ../../build/hrlsim/hrlsim.egg-info to /home/cthornton/data/local/college/research/arl/code/sims/airsim/ros_ws/install/hrlsim/lib/python3.8/site-packages/hrlsim-0.0.0-py3.8.egg-info
running install_scripts
writing list of installed files to '/home/cthornton/data/local/college/research/arl/code/sims/airsim/ros_ws/build/hrlsim/install.log'
