Symlinking /home/cthornton/data/local/college/research/arl/code/sims/airsim/catkin_ws/devel/include/airsim_ros_cntrl/MoveToLocationAction.h
Symlinking /home/cthornton/data/local/college/research/arl/code/sims/airsim/catkin_ws/devel/include/airsim_ros_cntrl/MoveToLocationActionFeedback.h
Symlinking /home/cthornton/data/local/college/research/arl/code/sims/airsim/catkin_ws/devel/include/airsim_ros_cntrl/MoveToLocationActionGoal.h
Symlinking /home/cthornton/data/local/college/research/arl/code/sims/airsim/catkin_ws/devel/include/airsim_ros_cntrl/MoveToLocationActionResult.h
Symlinking /home/cthornton/data/local/college/research/arl/code/sims/airsim/catkin_ws/devel/include/airsim_ros_cntrl/MoveToLocationFeedback.h
Symlinking /home/cthornton/data/local/college/research/arl/code/sims/airsim/catkin_ws/devel/include/airsim_ros_cntrl/MoveToLocationGoal.h
Symlinking /home/cthornton/data/local/college/research/arl/code/sims/airsim/catkin_ws/devel/include/airsim_ros_cntrl/MoveToLocationResult.h
Symlinking /home/cthornton/data/local/college/research/arl/code/sims/airsim/catkin_ws/devel/include/airsim_ros_cntrl/Multirotor.h
Symlinking /home/cthornton/data/local/college/research/arl/code/sims/airsim/catkin_ws/devel/include/airsim_ros_cntrl/Sensors.h
Symlinking /home/cthornton/data/local/college/research/arl/code/sims/airsim/catkin_ws/devel/include/airsim_ros_cntrl/State.h
Symlinking /home/cthornton/data/local/college/research/arl/code/sims/airsim/catkin_ws/devel/include/airsim_ros_cntrl/TrackObjectAction.h
Symlinking /home/cthornton/data/local/college/research/arl/code/sims/airsim/catkin_ws/devel/include/airsim_ros_cntrl/TrackObjectActionFeedback.h
Symlinking /home/cthornton/data/local/college/research/arl/code/sims/airsim/catkin_ws/devel/include/airsim_ros_cntrl/TrackObjectActionGoal.h
Symlinking /home/cthornton/data/local/college/research/arl/code/sims/airsim/catkin_ws/devel/include/airsim_ros_cntrl/TrackObjectActionResult.h
Symlinking /home/cthornton/data/local/college/research/arl/code/sims/airsim/catkin_ws/devel/include/airsim_ros_cntrl/TrackObjectFeedback.h
Symlinking /home/cthornton/data/local/college/research/arl/code/sims/airsim/catkin_ws/devel/include/airsim_ros_cntrl/TrackObjectGoal.h
Symlinking /home/cthornton/data/local/college/research/arl/code/sims/airsim/catkin_ws/devel/include/airsim_ros_cntrl/TrackObjectResult.h
Symlinking /home/cthornton/data/local/college/research/arl/code/sims/airsim/catkin_ws/devel/lib/pkgconfig/airsim_ros_cntrl.pc
Symlinking /home/cthornton/data/local/college/research/arl/code/sims/airsim/catkin_ws/devel/lib/python2.7/dist-packages/airsim_ros_cntrl/__init__.py
Symlinking /home/cthornton/data/local/college/research/arl/code/sims/airsim/catkin_ws/devel/lib/python2.7/dist-packages/airsim_ros_cntrl/msg/_MoveToLocationAction.py
Symlinking /home/cthornton/data/local/college/research/arl/code/sims/airsim/catkin_ws/devel/lib/python2.7/dist-packages/airsim_ros_cntrl/msg/_MoveToLocationActionFeedback.py
Symlinking /home/cthornton/data/local/college/research/arl/code/sims/airsim/catkin_ws/devel/lib/python2.7/dist-packages/airsim_ros_cntrl/msg/_MoveToLocationActionGoal.py
Symlinking /home/cthornton/data/local/college/research/arl/code/sims/airsim/catkin_ws/devel/lib/python2.7/dist-packages/airsim_ros_cntrl/msg/_MoveToLocationActionResult.py
Symlinking /home/cthornton/data/local/college/research/arl/code/sims/airsim/catkin_ws/devel/lib/python2.7/dist-packages/airsim_ros_cntrl/msg/_MoveToLocationFeedback.py
Symlinking /home/cthornton/data/local/college/research/arl/code/sims/airsim/catkin_ws/devel/lib/python2.7/dist-packages/airsim_ros_cntrl/msg/_MoveToLocationGoal.py
Symlinking /home/cthornton/data/local/college/research/arl/code/sims/airsim/catkin_ws/devel/lib/python2.7/dist-packages/airsim_ros_cntrl/msg/_MoveToLocationResult.py
Symlinking /home/cthornton/data/local/college/research/arl/code/sims/airsim/catkin_ws/devel/lib/python2.7/dist-packages/airsim_ros_cntrl/msg/_Multirotor.py
Symlinking /home/cthornton/data/local/college/research/arl/code/sims/airsim/catkin_ws/devel/lib/python2.7/dist-packages/airsim_ros_cntrl/msg/_Sensors.py
Symlinking /home/cthornton/data/local/college/research/arl/code/sims/airsim/catkin_ws/devel/lib/python2.7/dist-packages/airsim_ros_cntrl/msg/_State.py
Symlinking /home/cthornton/data/local/college/research/arl/code/sims/airsim/catkin_ws/devel/lib/python2.7/dist-packages/airsim_ros_cntrl/msg/_TrackObjectAction.py
Symlinking /home/cthornton/data/local/college/research/arl/code/sims/airsim/catkin_ws/devel/lib/python2.7/dist-packages/airsim_ros_cntrl/msg/_TrackObjectActionFeedback.py
Symlinking /home/cthornton/data/local/college/research/arl/code/sims/airsim/catkin_ws/devel/lib/python2.7/dist-packages/airsim_ros_cntrl/msg/_TrackObjectActionGoal.py
Symlinking /home/cthornton/data/local/college/research/arl/code/sims/airsim/catkin_ws/devel/lib/python2.7/dist-packages/airsim_ros_cntrl/msg/_TrackObjectActionResult.py
Symlinking /home/cthornton/data/local/college/research/arl/code/sims/airsim/catkin_ws/devel/lib/python2.7/dist-packages/airsim_ros_cntrl/msg/_TrackObjectFeedback.py
Symlinking /home/cthornton/data/local/college/research/arl/code/sims/airsim/catkin_ws/devel/lib/python2.7/dist-packages/airsim_ros_cntrl/msg/_TrackObjectGoal.py
Symlinking /home/cthornton/data/local/college/research/arl/code/sims/airsim/catkin_ws/devel/lib/python2.7/dist-packages/airsim_ros_cntrl/msg/_TrackObjectResult.py
Symlinking /home/cthornton/data/local/college/research/arl/code/sims/airsim/catkin_ws/devel/lib/python2.7/dist-packages/airsim_ros_cntrl/msg/__init__.py
Symlinking /home/cthornton/data/local/college/research/arl/code/sims/airsim/catkin_ws/devel/share/airsim_ros_cntrl/cmake/airsim_ros_cntrl-msg-extras.cmake
Symlinking /home/cthornton/data/local/college/research/arl/code/sims/airsim/catkin_ws/devel/share/airsim_ros_cntrl/cmake/airsim_ros_cntrl-msg-paths.cmake
Symlinking /home/cthornton/data/local/college/research/arl/code/sims/airsim/catkin_ws/devel/share/airsim_ros_cntrl/cmake/airsim_ros_cntrlConfig-version.cmake
Symlinking /home/cthornton/data/local/college/research/arl/code/sims/airsim/catkin_ws/devel/share/airsim_ros_cntrl/cmake/airsim_ros_cntrlConfig.cmake
Symlinking /home/cthornton/data/local/college/research/arl/code/sims/airsim/catkin_ws/devel/share/airsim_ros_cntrl/msg/MoveToLocationAction.msg
Symlinking /home/cthornton/data/local/college/research/arl/code/sims/airsim/catkin_ws/devel/share/airsim_ros_cntrl/msg/MoveToLocationActionFeedback.msg
Symlinking /home/cthornton/data/local/college/research/arl/code/sims/airsim/catkin_ws/devel/share/airsim_ros_cntrl/msg/MoveToLocationActionGoal.msg
Symlinking /home/cthornton/data/local/college/research/arl/code/sims/airsim/catkin_ws/devel/share/airsim_ros_cntrl/msg/MoveToLocationActionResult.msg
Symlinking /home/cthornton/data/local/college/research/arl/code/sims/airsim/catkin_ws/devel/share/airsim_ros_cntrl/msg/MoveToLocationFeedback.msg
Symlinking /home/cthornton/data/local/college/research/arl/code/sims/airsim/catkin_ws/devel/share/airsim_ros_cntrl/msg/MoveToLocationGoal.msg
Symlinking /home/cthornton/data/local/college/research/arl/code/sims/airsim/catkin_ws/devel/share/airsim_ros_cntrl/msg/MoveToLocationResult.msg
Symlinking /home/cthornton/data/local/college/research/arl/code/sims/airsim/catkin_ws/devel/share/airsim_ros_cntrl/msg/TrackObjectAction.msg
Symlinking /home/cthornton/data/local/college/research/arl/code/sims/airsim/catkin_ws/devel/share/airsim_ros_cntrl/msg/TrackObjectActionFeedback.msg
Symlinking /home/cthornton/data/local/college/research/arl/code/sims/airsim/catkin_ws/devel/share/airsim_ros_cntrl/msg/TrackObjectActionGoal.msg
Symlinking /home/cthornton/data/local/college/research/arl/code/sims/airsim/catkin_ws/devel/share/airsim_ros_cntrl/msg/TrackObjectActionResult.msg
Symlinking /home/cthornton/data/local/college/research/arl/code/sims/airsim/catkin_ws/devel/share/airsim_ros_cntrl/msg/TrackObjectFeedback.msg
Symlinking /home/cthornton/data/local/college/research/arl/code/sims/airsim/catkin_ws/devel/share/airsim_ros_cntrl/msg/TrackObjectGoal.msg
Symlinking /home/cthornton/data/local/college/research/arl/code/sims/airsim/catkin_ws/devel/share/airsim_ros_cntrl/msg/TrackObjectResult.msg
Symlinking /home/cthornton/data/local/college/research/arl/code/sims/airsim/catkin_ws/devel/share/common-lisp/ros/airsim_ros_cntrl/msg/_package.lisp
Symlinking /home/cthornton/data/local/college/research/arl/code/sims/airsim/catkin_ws/devel/share/common-lisp/ros/airsim_ros_cntrl/msg/airsim_ros_cntrl-msg.asd
Symlinking /home/cthornton/data/local/college/research/arl/code/sims/airsim/catkin_ws/devel/share/common-lisp/ros/airsim_ros_cntrl/msg/MoveToLocationAction.lisp
Symlinking /home/cthornton/data/local/college/research/arl/code/sims/airsim/catkin_ws/devel/share/common-lisp/ros/airsim_ros_cntrl/msg/MoveToLocationActionFeedback.lisp
Symlinking /home/cthornton/data/local/college/research/arl/code/sims/airsim/catkin_ws/devel/share/common-lisp/ros/airsim_ros_cntrl/msg/MoveToLocationActionGoal.lisp
Symlinking /home/cthornton/data/local/college/research/arl/code/sims/airsim/catkin_ws/devel/share/common-lisp/ros/airsim_ros_cntrl/msg/MoveToLocationActionResult.lisp
Symlinking /home/cthornton/data/local/college/research/arl/code/sims/airsim/catkin_ws/devel/share/common-lisp/ros/airsim_ros_cntrl/msg/MoveToLocationFeedback.lisp
Symlinking /home/cthornton/data/local/college/research/arl/code/sims/airsim/catkin_ws/devel/share/common-lisp/ros/airsim_ros_cntrl/msg/MoveToLocationGoal.lisp
Symlinking /home/cthornton/data/local/college/research/arl/code/sims/airsim/catkin_ws/devel/share/common-lisp/ros/airsim_ros_cntrl/msg/MoveToLocationResult.lisp
Symlinking /home/cthornton/data/local/college/research/arl/code/sims/airsim/catkin_ws/devel/share/common-lisp/ros/airsim_ros_cntrl/msg/Multirotor.lisp
Symlinking /home/cthornton/data/local/college/research/arl/code/sims/airsim/catkin_ws/devel/share/common-lisp/ros/airsim_ros_cntrl/msg/Sensors.lisp
Symlinking /home/cthornton/data/local/college/research/arl/code/sims/airsim/catkin_ws/devel/share/common-lisp/ros/airsim_ros_cntrl/msg/State.lisp
Symlinking /home/cthornton/data/local/college/research/arl/code/sims/airsim/catkin_ws/devel/share/common-lisp/ros/airsim_ros_cntrl/msg/TrackObjectAction.lisp
Symlinking /home/cthornton/data/local/college/research/arl/code/sims/airsim/catkin_ws/devel/share/common-lisp/ros/airsim_ros_cntrl/msg/TrackObjectActionFeedback.lisp
Symlinking /home/cthornton/data/local/college/research/arl/code/sims/airsim/catkin_ws/devel/share/common-lisp/ros/airsim_ros_cntrl/msg/TrackObjectActionGoal.lisp
Symlinking /home/cthornton/data/local/college/research/arl/code/sims/airsim/catkin_ws/devel/share/common-lisp/ros/airsim_ros_cntrl/msg/TrackObjectActionResult.lisp
Symlinking /home/cthornton/data/local/college/research/arl/code/sims/airsim/catkin_ws/devel/share/common-lisp/ros/airsim_ros_cntrl/msg/TrackObjectFeedback.lisp
Symlinking /home/cthornton/data/local/college/research/arl/code/sims/airsim/catkin_ws/devel/share/common-lisp/ros/airsim_ros_cntrl/msg/TrackObjectGoal.lisp
Symlinking /home/cthornton/data/local/college/research/arl/code/sims/airsim/catkin_ws/devel/share/common-lisp/ros/airsim_ros_cntrl/msg/TrackObjectResult.lisp
Symlinking /home/cthornton/data/local/college/research/arl/code/sims/airsim/catkin_ws/devel/share/common-lisp/ros/airsim_ros_cntrl/msg/_package_MoveToLocationAction.lisp
Symlinking /home/cthornton/data/local/college/research/arl/code/sims/airsim/catkin_ws/devel/share/common-lisp/ros/airsim_ros_cntrl/msg/_package_MoveToLocationActionFeedback.lisp
Symlinking /home/cthornton/data/local/college/research/arl/code/sims/airsim/catkin_ws/devel/share/common-lisp/ros/airsim_ros_cntrl/msg/_package_MoveToLocationActionGoal.lisp
Symlinking /home/cthornton/data/local/college/research/arl/code/sims/airsim/catkin_ws/devel/share/common-lisp/ros/airsim_ros_cntrl/msg/_package_MoveToLocationActionResult.lisp
Symlinking /home/cthornton/data/local/college/research/arl/code/sims/airsim/catkin_ws/devel/share/common-lisp/ros/airsim_ros_cntrl/msg/_package_MoveToLocationFeedback.lisp
Symlinking /home/cthornton/data/local/college/research/arl/code/sims/airsim/catkin_ws/devel/share/common-lisp/ros/airsim_ros_cntrl/msg/_package_MoveToLocationGoal.lisp
Symlinking /home/cthornton/data/local/college/research/arl/code/sims/airsim/catkin_ws/devel/share/common-lisp/ros/airsim_ros_cntrl/msg/_package_MoveToLocationResult.lisp
Symlinking /home/cthornton/data/local/college/research/arl/code/sims/airsim/catkin_ws/devel/share/common-lisp/ros/airsim_ros_cntrl/msg/_package_Multirotor.lisp
Symlinking /home/cthornton/data/local/college/research/arl/code/sims/airsim/catkin_ws/devel/share/common-lisp/ros/airsim_ros_cntrl/msg/_package_Sensors.lisp
Symlinking /home/cthornton/data/local/college/research/arl/code/sims/airsim/catkin_ws/devel/share/common-lisp/ros/airsim_ros_cntrl/msg/_package_State.lisp
Symlinking /home/cthornton/data/local/college/research/arl/code/sims/airsim/catkin_ws/devel/share/common-lisp/ros/airsim_ros_cntrl/msg/_package_TrackObjectAction.lisp
Symlinking /home/cthornton/data/local/college/research/arl/code/sims/airsim/catkin_ws/devel/share/common-lisp/ros/airsim_ros_cntrl/msg/_package_TrackObjectActionFeedback.lisp
Symlinking /home/cthornton/data/local/college/research/arl/code/sims/airsim/catkin_ws/devel/share/common-lisp/ros/airsim_ros_cntrl/msg/_package_TrackObjectActionGoal.lisp
Symlinking /home/cthornton/data/local/college/research/arl/code/sims/airsim/catkin_ws/devel/share/common-lisp/ros/airsim_ros_cntrl/msg/_package_TrackObjectActionResult.lisp
Symlinking /home/cthornton/data/local/college/research/arl/code/sims/airsim/catkin_ws/devel/share/common-lisp/ros/airsim_ros_cntrl/msg/_package_TrackObjectFeedback.lisp
Symlinking /home/cthornton/data/local/college/research/arl/code/sims/airsim/catkin_ws/devel/share/common-lisp/ros/airsim_ros_cntrl/msg/_package_TrackObjectGoal.lisp
Symlinking /home/cthornton/data/local/college/research/arl/code/sims/airsim/catkin_ws/devel/share/common-lisp/ros/airsim_ros_cntrl/msg/_package_TrackObjectResult.lisp
Symlinking /home/cthornton/data/local/college/research/arl/code/sims/airsim/catkin_ws/devel/share/gennodejs/ros/airsim_ros_cntrl/_index.js
Symlinking /home/cthornton/data/local/college/research/arl/code/sims/airsim/catkin_ws/devel/share/gennodejs/ros/airsim_ros_cntrl/msg/MoveToLocationAction.js
Symlinking /home/cthornton/data/local/college/research/arl/code/sims/airsim/catkin_ws/devel/share/gennodejs/ros/airsim_ros_cntrl/msg/MoveToLocationActionFeedback.js
Symlinking /home/cthornton/data/local/college/research/arl/code/sims/airsim/catkin_ws/devel/share/gennodejs/ros/airsim_ros_cntrl/msg/MoveToLocationActionGoal.js
Symlinking /home/cthornton/data/local/college/research/arl/code/sims/airsim/catkin_ws/devel/share/gennodejs/ros/airsim_ros_cntrl/msg/MoveToLocationActionResult.js
Symlinking /home/cthornton/data/local/college/research/arl/code/sims/airsim/catkin_ws/devel/share/gennodejs/ros/airsim_ros_cntrl/msg/MoveToLocationFeedback.js
Symlinking /home/cthornton/data/local/college/research/arl/code/sims/airsim/catkin_ws/devel/share/gennodejs/ros/airsim_ros_cntrl/msg/MoveToLocationGoal.js
Symlinking /home/cthornton/data/local/college/research/arl/code/sims/airsim/catkin_ws/devel/share/gennodejs/ros/airsim_ros_cntrl/msg/MoveToLocationResult.js
Symlinking /home/cthornton/data/local/college/research/arl/code/sims/airsim/catkin_ws/devel/share/gennodejs/ros/airsim_ros_cntrl/msg/Multirotor.js
Symlinking /home/cthornton/data/local/college/research/arl/code/sims/airsim/catkin_ws/devel/share/gennodejs/ros/airsim_ros_cntrl/msg/Sensors.js
Symlinking /home/cthornton/data/local/college/research/arl/code/sims/airsim/catkin_ws/devel/share/gennodejs/ros/airsim_ros_cntrl/msg/State.js
Symlinking /home/cthornton/data/local/college/research/arl/code/sims/airsim/catkin_ws/devel/share/gennodejs/ros/airsim_ros_cntrl/msg/TrackObjectAction.js
Symlinking /home/cthornton/data/local/college/research/arl/code/sims/airsim/catkin_ws/devel/share/gennodejs/ros/airsim_ros_cntrl/msg/TrackObjectActionFeedback.js
Symlinking /home/cthornton/data/local/college/research/arl/code/sims/airsim/catkin_ws/devel/share/gennodejs/ros/airsim_ros_cntrl/msg/TrackObjectActionGoal.js
Symlinking /home/cthornton/data/local/college/research/arl/code/sims/airsim/catkin_ws/devel/share/gennodejs/ros/airsim_ros_cntrl/msg/TrackObjectActionResult.js
Symlinking /home/cthornton/data/local/college/research/arl/code/sims/airsim/catkin_ws/devel/share/gennodejs/ros/airsim_ros_cntrl/msg/TrackObjectFeedback.js
Symlinking /home/cthornton/data/local/college/research/arl/code/sims/airsim/catkin_ws/devel/share/gennodejs/ros/airsim_ros_cntrl/msg/TrackObjectGoal.js
Symlinking /home/cthornton/data/local/college/research/arl/code/sims/airsim/catkin_ws/devel/share/gennodejs/ros/airsim_ros_cntrl/msg/TrackObjectResult.js
Symlinking /home/cthornton/data/local/college/research/arl/code/sims/airsim/catkin_ws/devel/share/gennodejs/ros/airsim_ros_cntrl/msg/_index.js
Symlinking /home/cthornton/data/local/college/research/arl/code/sims/airsim/catkin_ws/devel/share/roseus/ros/airsim_ros_cntrl/manifest.l
Symlinking /home/cthornton/data/local/college/research/arl/code/sims/airsim/catkin_ws/devel/share/roseus/ros/airsim_ros_cntrl/msg/MoveToLocationAction.l
Symlinking /home/cthornton/data/local/college/research/arl/code/sims/airsim/catkin_ws/devel/share/roseus/ros/airsim_ros_cntrl/msg/MoveToLocationActionFeedback.l
Symlinking /home/cthornton/data/local/college/research/arl/code/sims/airsim/catkin_ws/devel/share/roseus/ros/airsim_ros_cntrl/msg/MoveToLocationActionGoal.l
Symlinking /home/cthornton/data/local/college/research/arl/code/sims/airsim/catkin_ws/devel/share/roseus/ros/airsim_ros_cntrl/msg/MoveToLocationActionResult.l
Symlinking /home/cthornton/data/local/college/research/arl/code/sims/airsim/catkin_ws/devel/share/roseus/ros/airsim_ros_cntrl/msg/MoveToLocationFeedback.l
Symlinking /home/cthornton/data/local/college/research/arl/code/sims/airsim/catkin_ws/devel/share/roseus/ros/airsim_ros_cntrl/msg/MoveToLocationGoal.l
Symlinking /home/cthornton/data/local/college/research/arl/code/sims/airsim/catkin_ws/devel/share/roseus/ros/airsim_ros_cntrl/msg/MoveToLocationResult.l
Symlinking /home/cthornton/data/local/college/research/arl/code/sims/airsim/catkin_ws/devel/share/roseus/ros/airsim_ros_cntrl/msg/Multirotor.l
Symlinking /home/cthornton/data/local/college/research/arl/code/sims/airsim/catkin_ws/devel/share/roseus/ros/airsim_ros_cntrl/msg/Sensors.l
Symlinking /home/cthornton/data/local/college/research/arl/code/sims/airsim/catkin_ws/devel/share/roseus/ros/airsim_ros_cntrl/msg/State.l
Symlinking /home/cthornton/data/local/college/research/arl/code/sims/airsim/catkin_ws/devel/share/roseus/ros/airsim_ros_cntrl/msg/TrackObjectAction.l
Symlinking /home/cthornton/data/local/college/research/arl/code/sims/airsim/catkin_ws/devel/share/roseus/ros/airsim_ros_cntrl/msg/TrackObjectActionFeedback.l
Symlinking /home/cthornton/data/local/college/research/arl/code/sims/airsim/catkin_ws/devel/share/roseus/ros/airsim_ros_cntrl/msg/TrackObjectActionGoal.l
Symlinking /home/cthornton/data/local/college/research/arl/code/sims/airsim/catkin_ws/devel/share/roseus/ros/airsim_ros_cntrl/msg/TrackObjectActionResult.l
Symlinking /home/cthornton/data/local/college/research/arl/code/sims/airsim/catkin_ws/devel/share/roseus/ros/airsim_ros_cntrl/msg/TrackObjectFeedback.l
Symlinking /home/cthornton/data/local/college/research/arl/code/sims/airsim/catkin_ws/devel/share/roseus/ros/airsim_ros_cntrl/msg/TrackObjectGoal.l
Symlinking /home/cthornton/data/local/college/research/arl/code/sims/airsim/catkin_ws/devel/share/roseus/ros/airsim_ros_cntrl/msg/TrackObjectResult.l
