[  0%] Built target _airsim_ros_cntrl_generate_messages_check_deps_TrackObjectGoal
[  0%] Built target _airsim_ros_cntrl_generate_messages_check_deps_MoveToLocationResult
[  0%] Built target _airsim_ros_cntrl_generate_messages_check_deps_Sensors
[  0%] Built target _airsim_ros_cntrl_generate_messages_check_deps_TrackObjectFeedback
[  0%] Built target _airsim_ros_cntrl_generate_messages_check_deps_MoveToLocationAction
[  0%] Built target _airsim_ros_cntrl_generate_messages_check_deps_TrackObjectActionFeedback
[  0%] Built target _airsim_ros_cntrl_generate_messages_check_deps_State
[  0%] Built target _airsim_ros_cntrl_generate_messages_check_deps_TrackObjectAction
[  0%] Built target _airsim_ros_cntrl_generate_messages_check_deps_MoveToLocationGoal
[  0%] Built target _airsim_ros_cntrl_generate_messages_check_deps_Multirotor
[  0%] Built target _airsim_ros_cntrl_generate_messages_check_deps_TrackObjectActionGoal
[  0%] Built target _airsim_ros_cntrl_generate_messages_check_deps_TrackObjectResult
[  0%] Built target sensor_msgs_generate_messages_py
[  0%] Built target airsim_ros_pkgs_generate_messages_py
[  0%] Built target actionlib_msgs_generate_messages_py
[  0%] Built target geometry_msgs_generate_messages_py
[  0%] Built target std_msgs_generate_messages_py
[  0%] Built target airsim_ros_pkgs_generate_messages_nodejs
[  0%] Built target geometry_msgs_generate_messages_nodejs
[  0%] Built target sensor_msgs_generate_messages_nodejs
[  0%] Built target actionlib_msgs_generate_messages_nodejs
[  0%] Built target std_msgs_generate_messages_nodejs
[  0%] Built target std_msgs_generate_messages_lisp
[  0%] Built target airsim_ros_pkgs_generate_messages_lisp
[  0%] Built target geometry_msgs_generate_messages_lisp
[  0%] Built target sensor_msgs_generate_messages_lisp
[  0%] Built target actionlib_msgs_generate_messages_lisp
[  0%] Built target std_msgs_generate_messages_eus
[  0%] Built target sensor_msgs_generate_messages_eus
[  0%] Built target actionlib_msgs_generate_messages_eus
[  0%] Built target airsim_ros_pkgs_generate_messages_eus
[  0%] Built target geometry_msgs_generate_messages_eus
[  0%] Built target actionlib_msgs_generate_messages_cpp
[  0%] Built target _airsim_ros_cntrl_generate_messages_check_deps_MoveToLocationActionResult
[  0%] Built target _airsim_ros_cntrl_generate_messages_check_deps_MoveToLocationFeedback
[  0%] Built target sensor_msgs_generate_messages_cpp
[  0%] Built target std_msgs_generate_messages_cpp
[  0%] Built target _airsim_ros_cntrl_generate_messages_check_deps_MoveToLocationActionGoal
[  0%] Built target geometry_msgs_generate_messages_cpp
[  0%] Built target _airsim_ros_cntrl_generate_messages_check_deps_TrackObjectActionResult
[  0%] Built target airsim_ros_pkgs_generate_messages_cpp
[  0%] Built target _airsim_ros_cntrl_generate_messages_check_deps_MoveToLocationActionFeedback
[ 80%] Built target airsim_ros_cntrl_generate_messages_lisp
[ 81%] Built target airsim_ros_cntrl_generate_messages_nodejs
[ 97%] Built target airsim_ros_cntrl_generate_messages_eus
[ 98%] Built target airsim_ros_cntrl_generate_messages_cpp
[100%] Built target airsim_ros_cntrl_generate_messages_py
[100%] Built target airsim_ros_cntrl_generate_messages
