[  0%] Built target std_msgs_generate_messages_nodejs
[  0%] Built target sensor_msgs_generate_messages_nodejs
[  0%] Built target airsim_ros_pkgs_generate_messages_nodejs
[  0%] Built target geometry_msgs_generate_messages_nodejs
[  0%] Built target actionlib_msgs_generate_messages_nodejs
[  0%] Built target _airsim_ros_cntrl_generate_messages_check_deps_Sensors
[  0%] Built target _airsim_ros_cntrl_generate_messages_check_deps_MoveToLocationResult
[  0%] Built target _airsim_ros_cntrl_generate_messages_check_deps_MoveToLocationFeedback
[  0%] Built target _airsim_ros_cntrl_generate_messages_check_deps_MoveToLocationActionResult
[  0%] Built target _airsim_ros_cntrl_generate_messages_check_deps_TrackObjectResult
[  0%] Built target _airsim_ros_cntrl_generate_messages_check_deps_TrackObjectGoal
[  0%] Built target _airsim_ros_cntrl_generate_messages_check_deps_TrackObjectFeedback
[  0%] Built target actionlib_msgs_generate_messages_cpp
[  0%] Built target geometry_msgs_generate_messages_cpp
[  0%] Built target _airsim_ros_cntrl_generate_messages_check_deps_Multirotor
[  0%] Built target _airsim_ros_cntrl_generate_messages_check_deps_TrackObjectActionGoal
[  0%] Built target _airsim_ros_cntrl_generate_messages_check_deps_TrackObjectAction
[  0%] Built target _airsim_ros_cntrl_generate_messages_check_deps_MoveToLocationGoal
[  0%] Built target _airsim_ros_cntrl_generate_messages_check_deps_State
[  0%] Built target airsim_ros_pkgs_generate_messages_cpp
[  0%] Built target airsim_ros_pkgs_generate_messages_eus
[  0%] Built target _airsim_ros_cntrl_generate_messages_check_deps_TrackObjectActionFeedback
[  0%] Built target _airsim_ros_cntrl_generate_messages_check_deps_MoveToLocationActionGoal
[  0%] Built target std_msgs_generate_messages_cpp
[  0%] Built target _airsim_ros_cntrl_generate_messages_check_deps_MoveToLocationAction
[  0%] Built target _airsim_ros_cntrl_generate_messages_check_deps_TrackObjectActionResult
[  0%] Built target std_msgs_generate_messages_eus
[  0%] Built target _airsim_ros_cntrl_generate_messages_check_deps_MoveToLocationActionFeedback
[  0%] Built target geometry_msgs_generate_messages_eus
[  0%] Built target sensor_msgs_generate_messages_cpp
[  0%] Built target actionlib_msgs_generate_messages_eus
[  0%] Built target sensor_msgs_generate_messages_eus
[  0%] Built target geometry_msgs_generate_messages_lisp
[  0%] Built target actionlib_msgs_generate_messages_lisp
[  0%] Built target airsim_ros_pkgs_generate_messages_lisp
[  0%] Built target sensor_msgs_generate_messages_lisp
[  0%] Built target std_msgs_generate_messages_lisp
[  0%] Built target actionlib_msgs_generate_messages_py
[  0%] Built target geometry_msgs_generate_messages_py
[  0%] Built target sensor_msgs_generate_messages_py
[  0%] Built target std_msgs_generate_messages_py
[  0%] Built target airsim_ros_pkgs_generate_messages_py
[  1%] [34m[1mGenerating Javascript code from airsim_ros_cntrl/Sensors.msg[0m
[  3%] [34m[1mGenerating Javascript code from airsim_ros_cntrl/TrackObjectAction.msg[0m
[  3%] [34m[1mGenerating Javascript code from airsim_ros_cntrl/Multirotor.msg[0m
[  4%] [34m[1mGenerating Javascript code from airsim_ros_cntrl/State.msg[0m
[  5%] [34m[1mGenerating Javascript code from airsim_ros_cntrl/TrackObjectActionGoal.msg[0m
[  6%] [34m[1mGenerating Javascript code from airsim_ros_cntrl/TrackObjectActionResult.msg[0m
[  8%] [34m[1mGenerating Javascript code from airsim_ros_cntrl/TrackObjectActionFeedback.msg[0m
[  9%] [34m[1mGenerating Javascript code from airsim_ros_cntrl/TrackObjectGoal.msg[0m
[ 10%] [34m[1mGenerating Javascript code from airsim_ros_cntrl/TrackObjectResult.msg[0m
[ 11%] [34m[1mGenerating C++ code from airsim_ros_cntrl/State.msg[0m
[ 12%] [34m[1mGenerating EusLisp code from airsim_ros_cntrl/State.msg[0m
[ 13%] [34m[1mGenerating Lisp code from airsim_ros_cntrl/State.msg[0m
[ 14%] [34m[1mGenerating C++ code from airsim_ros_cntrl/Sensors.msg[0m
[ 16%] [34m[1mGenerating Lisp code from airsim_ros_cntrl/Sensors.msg[0m
[ 17%] [34m[1mGenerating Lisp code from airsim_ros_cntrl/Multirotor.msg[0m
[ 18%] [34m[1mGenerating C++ code from airsim_ros_cntrl/Multirotor.msg[0m
[ 19%] [34m[1mGenerating Javascript code from airsim_ros_cntrl/TrackObjectFeedback.msg[0m
[ 20%] [34m[1mGenerating Javascript code from airsim_ros_cntrl/MoveToLocationAction.msg[0m
[ 21%] [34m[1mGenerating Lisp code from airsim_ros_cntrl/TrackObjectAction.msg[0m
[ 22%] [34m[1mGenerating C++ code from airsim_ros_cntrl/TrackObjectAction.msg[0m
[ 24%] [34m[1mGenerating Lisp code from airsim_ros_cntrl/TrackObjectActionGoal.msg[0m
[ 25%] [34m[1mGenerating Javascript code from airsim_ros_cntrl/MoveToLocationActionGoal.msg[0m
[ 26%] [34m[1mGenerating EusLisp code from airsim_ros_cntrl/Sensors.msg[0m
[ 27%] [34m[1mGenerating EusLisp code from airsim_ros_cntrl/Multirotor.msg[0m
[ 28%] [34m[1mGenerating Javascript code from airsim_ros_cntrl/MoveToLocationActionResult.msg[0m
[ 29%] [34m[1mGenerating C++ code from airsim_ros_cntrl/TrackObjectActionGoal.msg[0m
[ 31%] [34m[1mGenerating C++ code from airsim_ros_cntrl/TrackObjectActionResult.msg[0m
[ 32%] [34m[1mGenerating Lisp code from airsim_ros_cntrl/TrackObjectActionResult.msg[0m
[ 33%] [34m[1mGenerating C++ code from airsim_ros_cntrl/TrackObjectActionFeedback.msg[0m
[ 34%] [34m[1mGenerating Javascript code from airsim_ros_cntrl/MoveToLocationActionFeedback.msg[0m
[ 35%] [34m[1mGenerating Lisp code from airsim_ros_cntrl/TrackObjectActionFeedback.msg[0m
[ 36%] [34m[1mGenerating Lisp code from airsim_ros_cntrl/TrackObjectGoal.msg[0m
[ 37%] [34m[1mGenerating Lisp code from airsim_ros_cntrl/TrackObjectResult.msg[0m
[ 39%] [34m[1mGenerating Javascript code from airsim_ros_cntrl/MoveToLocationGoal.msg[0m
[ 40%] [34m[1mGenerating EusLisp code from airsim_ros_cntrl/TrackObjectAction.msg[0m
[ 41%] [34m[1mGenerating Python from MSG airsim_ros_cntrl/State[0m
[ 42%] [34m[1mGenerating Python from MSG airsim_ros_cntrl/Sensors[0m
[ 43%] [34m[1mGenerating EusLisp code from airsim_ros_cntrl/TrackObjectActionGoal.msg[0m
[ 44%] [34m[1mGenerating Python from MSG airsim_ros_cntrl/TrackObjectAction[0m
[ 45%] [34m[1mGenerating Python from MSG airsim_ros_cntrl/Multirotor[0m
[ 47%] [34m[1mGenerating Python from MSG airsim_ros_cntrl/TrackObjectActionGoal[0m
[ 48%] [34m[1mGenerating Lisp code from airsim_ros_cntrl/TrackObjectFeedback.msg[0m
[ 50%] [34m[1mGenerating EusLisp code from airsim_ros_cntrl/TrackObjectActionFeedback.msg[0m
[ 50%] [34m[1mGenerating EusLisp code from airsim_ros_cntrl/TrackObjectActionResult.msg[0m
[ 51%] [34m[1mGenerating Javascript code from airsim_ros_cntrl/MoveToLocationResult.msg[0m
[ 52%] [34m[1mGenerating C++ code from airsim_ros_cntrl/TrackObjectGoal.msg[0m
[ 54%] [34m[1mGenerating Javascript code from airsim_ros_cntrl/MoveToLocationFeedback.msg[0m
[ 55%] [34m[1mGenerating Lisp code from airsim_ros_cntrl/MoveToLocationAction.msg[0m
[ 56%] [34m[1mGenerating EusLisp code from airsim_ros_cntrl/TrackObjectGoal.msg[0m
[ 57%] [34m[1mGenerating EusLisp code from airsim_ros_cntrl/TrackObjectResult.msg[0m
[ 58%] [34m[1mGenerating EusLisp code from airsim_ros_cntrl/TrackObjectFeedback.msg[0m
[ 59%] [34m[1mGenerating Python from MSG airsim_ros_cntrl/TrackObjectActionResult[0m
[ 60%] [34m[1mGenerating C++ code from airsim_ros_cntrl/TrackObjectResult.msg[0m
[ 60%] Built target airsim_ros_cntrl_generate_messages_nodejs
[ 62%] [34m[1mGenerating C++ code from airsim_ros_cntrl/TrackObjectFeedback.msg[0m
[ 63%] [34m[1mGenerating Lisp code from airsim_ros_cntrl/MoveToLocationActionGoal.msg[0m
[ 64%] [34m[1mGenerating C++ code from airsim_ros_cntrl/MoveToLocationAction.msg[0m
[ 65%] [34m[1mGenerating EusLisp code from airsim_ros_cntrl/MoveToLocationAction.msg[0m
[ 66%] [34m[1mGenerating Lisp code from airsim_ros_cntrl/MoveToLocationActionResult.msg[0m
[ 67%] [34m[1mGenerating EusLisp code from airsim_ros_cntrl/MoveToLocationActionGoal.msg[0m
[ 68%] [34m[1mGenerating EusLisp code from airsim_ros_cntrl/MoveToLocationActionResult.msg[0m
[ 70%] [34m[1mGenerating Python from MSG airsim_ros_cntrl/TrackObjectActionFeedback[0m
[ 71%] [34m[1mGenerating EusLisp code from airsim_ros_cntrl/MoveToLocationActionFeedback.msg[0m
[ 72%] [34m[1mGenerating EusLisp code from airsim_ros_cntrl/MoveToLocationResult.msg[0m
[ 73%] [34m[1mGenerating EusLisp code from airsim_ros_cntrl/MoveToLocationGoal.msg[0m
[ 74%] [34m[1mGenerating Lisp code from airsim_ros_cntrl/MoveToLocationActionFeedback.msg[0m
[ 75%] [34m[1mGenerating EusLisp code from airsim_ros_cntrl/MoveToLocationFeedback.msg[0m
[ 77%] [34m[1mGenerating Lisp code from airsim_ros_cntrl/MoveToLocationGoal.msg[0m
[ 78%] [34m[1mGenerating EusLisp manifest code for airsim_ros_cntrl[0m
[ 79%] [34m[1mGenerating C++ code from airsim_ros_cntrl/MoveToLocationActionGoal.msg[0m
[ 80%] [34m[1mGenerating Lisp code from airsim_ros_cntrl/MoveToLocationResult.msg[0m
[ 81%] [34m[1mGenerating C++ code from airsim_ros_cntrl/MoveToLocationActionResult.msg[0m
[ 82%] [34m[1mGenerating C++ code from airsim_ros_cntrl/MoveToLocationActionFeedback.msg[0m
[ 83%] [34m[1mGenerating Python from MSG airsim_ros_cntrl/TrackObjectGoal[0m
[ 85%] [34m[1mGenerating C++ code from airsim_ros_cntrl/MoveToLocationGoal.msg[0m
[ 86%] [34m[1mGenerating Python from MSG airsim_ros_cntrl/TrackObjectResult[0m
[ 87%] [34m[1mGenerating Lisp code from airsim_ros_cntrl/MoveToLocationFeedback.msg[0m
[ 88%] [34m[1mGenerating Python from MSG airsim_ros_cntrl/TrackObjectFeedback[0m
[ 89%] [34m[1mGenerating Python from MSG airsim_ros_cntrl/MoveToLocationAction[0m
[ 90%] [34m[1mGenerating Python from MSG airsim_ros_cntrl/MoveToLocationActionGoal[0m
[ 91%] [34m[1mGenerating C++ code from airsim_ros_cntrl/MoveToLocationResult.msg[0m
[ 93%] [34m[1mGenerating Python from MSG airsim_ros_cntrl/MoveToLocationActionResult[0m
[ 93%] Built target airsim_ros_cntrl_generate_messages_lisp
[ 94%] [34m[1mGenerating C++ code from airsim_ros_cntrl/MoveToLocationFeedback.msg[0m
[ 95%] [34m[1mGenerating Python from MSG airsim_ros_cntrl/MoveToLocationActionFeedback[0m
[ 96%] [34m[1mGenerating Python from MSG airsim_ros_cntrl/MoveToLocationGoal[0m
[ 97%] [34m[1mGenerating Python from MSG airsim_ros_cntrl/MoveToLocationResult[0m
[ 98%] [34m[1mGenerating Python from MSG airsim_ros_cntrl/MoveToLocationFeedback[0m
[ 98%] Built target airsim_ros_cntrl_generate_messages_cpp
[100%] [34m[1mGenerating Python msg __init__.py for airsim_ros_cntrl[0m
[100%] Built target airsim_ros_cntrl_generate_messages_eus
[100%] Built target airsim_ros_cntrl_generate_messages_py
[100%] Built target airsim_ros_cntrl_generate_messages
