[0.033s] Invoking command in '/home/cthornton/data/local/college/research/arl/code/sims/airsim/ros_ws/build/airsim_interfaces': CMAKE_PREFIX_PATH=/home/cthornton/data/local/college/research/arl/code/sims/airsim/ros_ws/install/hrlsim:/opt/ros/foxy:${CMAKE_PREFIX_PATH} /home/cthornton/.local/bin/cmake --build /home/cthornton/data/local/college/research/arl/code/sims/airsim/ros_ws/build/airsim_interfaces -- -j12 -l12
[0.138s] [  0%] Built target airsim_interfaces__cpp
[0.153s] [ 12%] Built target airsim_interfaces__rosidl_generator_c
[0.185s] [ 24%] Built target airsim_interfaces__rosidl_typesupport_cpp
[0.191s] [ 36%] Built target airsim_interfaces__rosidl_typesupport_introspection_cpp
[0.197s] [ 48%] Built target airsim_interfaces__rosidl_typesupport_fastrtps_cpp
[0.201s] [ 60%] Built target airsim_interfaces__rosidl_typesupport_c
[0.208s] [ 72%] Built target airsim_interfaces__rosidl_typesupport_introspection_c
[0.232s] [ 84%] Built target airsim_interfaces__rosidl_typesupport_fastrtps_c
[0.249s] [ 84%] Built target airsim_interfaces
[0.268s] [ 85%] Built target airsim_interfaces__py
[0.293s] [ 96%] Built target airsim_interfaces__python
[0.315s] [ 97%] Built target airsim_interfaces__rosidl_typesupport_c__pyext
[0.319s] [ 99%] Built target airsim_interfaces__rosidl_typesupport_introspection_c__pyext
[0.320s] [100%] Built target airsim_interfaces__rosidl_typesupport_fastrtps_c__pyext
[0.334s] Invoked command in '/home/cthornton/data/local/college/research/arl/code/sims/airsim/ros_ws/build/airsim_interfaces' returned '0': CMAKE_PREFIX_PATH=/home/cthornton/data/local/college/research/arl/code/sims/airsim/ros_ws/install/hrlsim:/opt/ros/foxy:${CMAKE_PREFIX_PATH} /home/cthornton/.local/bin/cmake --build /home/cthornton/data/local/college/research/arl/code/sims/airsim/ros_ws/build/airsim_interfaces -- -j12 -l12
[1.089s] Invoking command in '/home/cthornton/data/local/college/research/arl/code/sims/airsim/ros_ws/build/airsim_interfaces': CMAKE_PREFIX_PATH=/home/cthornton/data/local/college/research/arl/code/sims/airsim/ros_ws/install/hrlsim:/opt/ros/foxy:${CMAKE_PREFIX_PATH} /home/cthornton/.local/bin/cmake --install /home/cthornton/data/local/college/research/arl/code/sims/airsim/ros_ws/build/airsim_interfaces
[1.151s] -- Install configuration: "Debug"
[1.151s] -- Up-to-date: /home/cthornton/data/local/college/research/arl/code/sims/airsim/ros_ws/install/airsim_interfaces/share/ament_index/resource_index/rosidl_interfaces/airsim_interfaces
[1.151s] -- Up-to-date: /home/cthornton/data/local/college/research/arl/code/sims/airsim/ros_ws/install/airsim_interfaces/include/airsim_interfaces
[1.152s] -- Up-to-date: /home/cthornton/data/local/college/research/arl/code/sims/airsim/ros_ws/install/airsim_interfaces/include/airsim_interfaces/msg
[1.152s] -- Up-to-date: /home/cthornton/data/local/college/research/arl/code/sims/airsim/ros_ws/install/airsim_interfaces/include/airsim_interfaces/msg/altimeter.h
[1.153s] -- Up-to-date: /home/cthornton/data/local/college/research/arl/code/sims/airsim/ros_ws/install/airsim_interfaces/include/airsim_interfaces/msg/car_controls.h
[1.153s] -- Up-to-date: /home/cthornton/data/local/college/research/arl/code/sims/airsim/ros_ws/install/airsim_interfaces/include/airsim_interfaces/msg/car_state.h
[1.154s] -- Up-to-date: /home/cthornton/data/local/college/research/arl/code/sims/airsim/ros_ws/install/airsim_interfaces/include/airsim_interfaces/msg/detail
[1.154s] -- Up-to-date: /home/cthornton/data/local/college/research/arl/code/sims/airsim/ros_ws/install/airsim_interfaces/include/airsim_interfaces/msg/detail/gimbal_angle_quat_cmd__functions.h
[1.154s] -- Up-to-date: /home/cthornton/data/local/college/research/arl/code/sims/airsim/ros_ws/install/airsim_interfaces/include/airsim_interfaces/msg/detail/altimeter__functions.c
[1.155s] -- Up-to-date: /home/cthornton/data/local/college/research/arl/code/sims/airsim/ros_ws/install/airsim_interfaces/include/airsim_interfaces/msg/detail/altimeter__functions.h
[1.155s] -- Up-to-date: /home/cthornton/data/local/college/research/arl/code/sims/airsim/ros_ws/install/airsim_interfaces/include/airsim_interfaces/msg/detail/altimeter__struct.h
[1.155s] -- Up-to-date: /home/cthornton/data/local/college/research/arl/code/sims/airsim/ros_ws/install/airsim_interfaces/include/airsim_interfaces/msg/detail/altimeter__type_support.h
[1.156s] -- Up-to-date: /home/cthornton/data/local/college/research/arl/code/sims/airsim/ros_ws/install/airsim_interfaces/include/airsim_interfaces/msg/detail/car_controls__functions.c
[1.157s] -- Up-to-date: /home/cthornton/data/local/college/research/arl/code/sims/airsim/ros_ws/install/airsim_interfaces/include/airsim_interfaces/msg/detail/car_controls__functions.h
[1.157s] -- Up-to-date: /home/cthornton/data/local/college/research/arl/code/sims/airsim/ros_ws/install/airsim_interfaces/include/airsim_interfaces/msg/detail/car_controls__struct.h
[1.158s] -- Up-to-date: /home/cthornton/data/local/college/research/arl/code/sims/airsim/ros_ws/install/airsim_interfaces/include/airsim_interfaces/msg/detail/car_controls__type_support.h
[1.158s] -- Up-to-date: /home/cthornton/data/local/college/research/arl/code/sims/airsim/ros_ws/install/airsim_interfaces/include/airsim_interfaces/msg/detail/car_state__functions.c
[1.158s] -- Up-to-date: /home/cthornton/data/local/college/research/arl/code/sims/airsim/ros_ws/install/airsim_interfaces/include/airsim_interfaces/msg/detail/car_state__functions.h
[1.159s] -- Up-to-date: /home/cthornton/data/local/college/research/arl/code/sims/airsim/ros_ws/install/airsim_interfaces/include/airsim_interfaces/msg/detail/car_state__struct.h
[1.164s] -- Up-to-date: /home/cthornton/data/local/college/research/arl/code/sims/airsim/ros_ws/install/airsim_interfaces/include/airsim_interfaces/msg/detail/car_state__type_support.h
[1.164s] -- Up-to-date: /home/cthornton/data/local/college/research/arl/code/sims/airsim/ros_ws/install/airsim_interfaces/include/airsim_interfaces/msg/detail/environment__functions.c
[1.165s] -- Up-to-date: /home/cthornton/data/local/college/research/arl/code/sims/airsim/ros_ws/install/airsim_interfaces/include/airsim_interfaces/msg/detail/environment__functions.h
[1.165s] -- Up-to-date: /home/cthornton/data/local/college/research/arl/code/sims/airsim/ros_ws/install/airsim_interfaces/include/airsim_interfaces/msg/detail/environment__struct.h
[1.169s] -- Up-to-date: /home/cthornton/data/local/college/research/arl/code/sims/airsim/ros_ws/install/airsim_interfaces/include/airsim_interfaces/msg/detail/environment__type_support.h
[1.169s] -- Up-to-date: /home/cthornton/data/local/college/research/arl/code/sims/airsim/ros_ws/install/airsim_interfaces/include/airsim_interfaces/msg/detail/gimbal_angle_euler_cmd__functions.c
[1.170s] -- Up-to-date: /home/cthornton/data/local/college/research/arl/code/sims/airsim/ros_ws/install/airsim_interfaces/include/airsim_interfaces/msg/detail/gimbal_angle_euler_cmd__functions.h
[1.170s] -- Up-to-date: /home/cthornton/data/local/college/research/arl/code/sims/airsim/ros_ws/install/airsim_interfaces/include/airsim_interfaces/msg/detail/gimbal_angle_euler_cmd__struct.h
[1.170s] -- Up-to-date: /home/cthornton/data/local/college/research/arl/code/sims/airsim/ros_ws/install/airsim_interfaces/include/airsim_interfaces/msg/detail/gimbal_angle_euler_cmd__type_support.h
[1.171s] -- Up-to-date: /home/cthornton/data/local/college/research/arl/code/sims/airsim/ros_ws/install/airsim_interfaces/include/airsim_interfaces/msg/detail/gimbal_angle_quat_cmd__functions.c
[1.171s] -- Up-to-date: /home/cthornton/data/local/college/research/arl/code/sims/airsim/ros_ws/install/airsim_interfaces/include/airsim_interfaces/msg/detail/gimbal_angle_quat_cmd__struct.h
[1.171s] -- Up-to-date: /home/cthornton/data/local/college/research/arl/code/sims/airsim/ros_ws/install/airsim_interfaces/include/airsim_interfaces/msg/detail/gimbal_angle_quat_cmd__type_support.h
[1.172s] -- Up-to-date: /home/cthornton/data/local/college/research/arl/code/sims/airsim/ros_ws/install/airsim_interfaces/include/airsim_interfaces/msg/detail/gps_yaw__functions.c
[1.172s] -- Up-to-date: /home/cthornton/data/local/college/research/arl/code/sims/airsim/ros_ws/install/airsim_interfaces/include/airsim_interfaces/msg/detail/gps_yaw__functions.h
[1.172s] -- Up-to-date: /home/cthornton/data/local/college/research/arl/code/sims/airsim/ros_ws/install/airsim_interfaces/include/airsim_interfaces/msg/detail/gps_yaw__struct.h
[1.173s] -- Up-to-date: /home/cthornton/data/local/college/research/arl/code/sims/airsim/ros_ws/install/airsim_interfaces/include/airsim_interfaces/msg/detail/gps_yaw__type_support.h
[1.173s] -- Up-to-date: /home/cthornton/data/local/college/research/arl/code/sims/airsim/ros_ws/install/airsim_interfaces/include/airsim_interfaces/msg/detail/vel_cmd_group__functions.c
[1.173s] -- Up-to-date: /home/cthornton/data/local/college/research/arl/code/sims/airsim/ros_ws/install/airsim_interfaces/include/airsim_interfaces/msg/detail/vel_cmd_group__functions.h
[1.173s] -- Up-to-date: /home/cthornton/data/local/college/research/arl/code/sims/airsim/ros_ws/install/airsim_interfaces/include/airsim_interfaces/msg/detail/vel_cmd_group__struct.h
[1.174s] -- Up-to-date: /home/cthornton/data/local/college/research/arl/code/sims/airsim/ros_ws/install/airsim_interfaces/include/airsim_interfaces/msg/detail/vel_cmd_group__type_support.h
[1.174s] -- Up-to-date: /home/cthornton/data/local/college/research/arl/code/sims/airsim/ros_ws/install/airsim_interfaces/include/airsim_interfaces/msg/detail/vel_cmd__functions.c
[1.175s] -- Up-to-date: /home/cthornton/data/local/college/research/arl/code/sims/airsim/ros_ws/install/airsim_interfaces/include/airsim_interfaces/msg/detail/vel_cmd__functions.h
[1.175s] -- Up-to-date: /home/cthornton/data/local/college/research/arl/code/sims/airsim/ros_ws/install/airsim_interfaces/include/airsim_interfaces/msg/detail/vel_cmd__struct.h
[1.175s] -- Up-to-date: /home/cthornton/data/local/college/research/arl/code/sims/airsim/ros_ws/install/airsim_interfaces/include/airsim_interfaces/msg/detail/vel_cmd__type_support.h
[1.176s] -- Up-to-date: /home/cthornton/data/local/college/research/arl/code/sims/airsim/ros_ws/install/airsim_interfaces/include/airsim_interfaces/msg/environment.h
[1.176s] -- Up-to-date: /home/cthornton/data/local/college/research/arl/code/sims/airsim/ros_ws/install/airsim_interfaces/include/airsim_interfaces/msg/gimbal_angle_euler_cmd.h
[1.177s] -- Up-to-date: /home/cthornton/data/local/college/research/arl/code/sims/airsim/ros_ws/install/airsim_interfaces/include/airsim_interfaces/msg/gimbal_angle_quat_cmd.h
[1.178s] -- Up-to-date: /home/cthornton/data/local/college/research/arl/code/sims/airsim/ros_ws/install/airsim_interfaces/include/airsim_interfaces/msg/gps_yaw.h
[1.178s] -- Up-to-date: /home/cthornton/data/local/college/research/arl/code/sims/airsim/ros_ws/install/airsim_interfaces/include/airsim_interfaces/msg/rosidl_generator_c__visibility_control.h
[1.181s] -- Up-to-date: /home/cthornton/data/local/college/research/arl/code/sims/airsim/ros_ws/install/airsim_interfaces/include/airsim_interfaces/msg/vel_cmd.h
[1.181s] -- Up-to-date: /home/cthornton/data/local/college/research/arl/code/sims/airsim/ros_ws/install/airsim_interfaces/include/airsim_interfaces/msg/vel_cmd_group.h
[1.182s] -- Up-to-date: /home/cthornton/data/local/college/research/arl/code/sims/airsim/ros_ws/install/airsim_interfaces/include/airsim_interfaces/srv
[1.182s] -- Up-to-date: /home/cthornton/data/local/college/research/arl/code/sims/airsim/ros_ws/install/airsim_interfaces/include/airsim_interfaces/srv/detail
[1.182s] -- Up-to-date: /home/cthornton/data/local/college/research/arl/code/sims/airsim/ros_ws/install/airsim_interfaces/include/airsim_interfaces/srv/detail/land_group__functions.c
[1.183s] -- Up-to-date: /home/cthornton/data/local/college/research/arl/code/sims/airsim/ros_ws/install/airsim_interfaces/include/airsim_interfaces/srv/detail/land_group__functions.h
[1.183s] -- Up-to-date: /home/cthornton/data/local/college/research/arl/code/sims/airsim/ros_ws/install/airsim_interfaces/include/airsim_interfaces/srv/detail/land_group__struct.h
[1.183s] -- Up-to-date: /home/cthornton/data/local/college/research/arl/code/sims/airsim/ros_ws/install/airsim_interfaces/include/airsim_interfaces/srv/detail/land_group__type_support.h
[1.184s] -- Up-to-date: /home/cthornton/data/local/college/research/arl/code/sims/airsim/ros_ws/install/airsim_interfaces/include/airsim_interfaces/srv/detail/land__functions.c
[1.184s] -- Up-to-date: /home/cthornton/data/local/college/research/arl/code/sims/airsim/ros_ws/install/airsim_interfaces/include/airsim_interfaces/srv/detail/land__functions.h
[1.184s] -- Up-to-date: /home/cthornton/data/local/college/research/arl/code/sims/airsim/ros_ws/install/airsim_interfaces/include/airsim_interfaces/srv/detail/land__struct.h
[1.185s] -- Up-to-date: /home/cthornton/data/local/college/research/arl/code/sims/airsim/ros_ws/install/airsim_interfaces/include/airsim_interfaces/srv/detail/land__type_support.h
[1.185s] -- Up-to-date: /home/cthornton/data/local/college/research/arl/code/sims/airsim/ros_ws/install/airsim_interfaces/include/airsim_interfaces/srv/detail/reset__functions.c
[1.185s] -- Up-to-date: /home/cthornton/data/local/college/research/arl/code/sims/airsim/ros_ws/install/airsim_interfaces/include/airsim_interfaces/srv/detail/reset__functions.h
[1.185s] -- Up-to-date: /home/cthornton/data/local/college/research/arl/code/sims/airsim/ros_ws/install/airsim_interfaces/include/airsim_interfaces/srv/detail/reset__struct.h
[1.186s] -- Up-to-date: /home/cthornton/data/local/college/research/arl/code/sims/airsim/ros_ws/install/airsim_interfaces/include/airsim_interfaces/srv/detail/reset__type_support.h
[1.186s] -- Up-to-date: /home/cthornton/data/local/college/research/arl/code/sims/airsim/ros_ws/install/airsim_interfaces/include/airsim_interfaces/srv/detail/set_gps_position__functions.c
[1.186s] -- Up-to-date: /home/cthornton/data/local/college/research/arl/code/sims/airsim/ros_ws/install/airsim_interfaces/include/airsim_interfaces/srv/detail/set_gps_position__functions.h
[1.187s] -- Up-to-date: /home/cthornton/data/local/college/research/arl/code/sims/airsim/ros_ws/install/airsim_interfaces/include/airsim_interfaces/srv/detail/set_gps_position__struct.h
[1.187s] -- Up-to-date: /home/cthornton/data/local/college/research/arl/code/sims/airsim/ros_ws/install/airsim_interfaces/include/airsim_interfaces/srv/detail/set_gps_position__type_support.h
[1.188s] -- Up-to-date: /home/cthornton/data/local/college/research/arl/code/sims/airsim/ros_ws/install/airsim_interfaces/include/airsim_interfaces/srv/detail/set_local_position__functions.c
[1.188s] -- Up-to-date: /home/cthornton/data/local/college/research/arl/code/sims/airsim/ros_ws/install/airsim_interfaces/include/airsim_interfaces/srv/detail/set_local_position__functions.h
[1.188s] -- Up-to-date: /home/cthornton/data/local/college/research/arl/code/sims/airsim/ros_ws/install/airsim_interfaces/include/airsim_interfaces/srv/detail/set_local_position__struct.h
[1.189s] -- Up-to-date: /home/cthornton/data/local/college/research/arl/code/sims/airsim/ros_ws/install/airsim_interfaces/include/airsim_interfaces/srv/detail/set_local_position__type_support.h
[1.189s] -- Up-to-date: /home/cthornton/data/local/college/research/arl/code/sims/airsim/ros_ws/install/airsim_interfaces/include/airsim_interfaces/srv/detail/takeoff_group__functions.c
[1.189s] -- Up-to-date: /home/cthornton/data/local/college/research/arl/code/sims/airsim/ros_ws/install/airsim_interfaces/include/airsim_interfaces/srv/detail/takeoff_group__functions.h
[1.189s] -- Up-to-date: /home/cthornton/data/local/college/research/arl/code/sims/airsim/ros_ws/install/airsim_interfaces/include/airsim_interfaces/srv/detail/takeoff_group__struct.h
[1.190s] -- Up-to-date: /home/cthornton/data/local/college/research/arl/code/sims/airsim/ros_ws/install/airsim_interfaces/include/airsim_interfaces/srv/detail/takeoff_group__type_support.h
[1.190s] -- Up-to-date: /home/cthornton/data/local/college/research/arl/code/sims/airsim/ros_ws/install/airsim_interfaces/include/airsim_interfaces/srv/detail/takeoff__functions.c
[1.190s] -- Up-to-date: /home/cthornton/data/local/college/research/arl/code/sims/airsim/ros_ws/install/airsim_interfaces/include/airsim_interfaces/srv/detail/takeoff__functions.h
[1.191s] -- Up-to-date: /home/cthornton/data/local/college/research/arl/code/sims/airsim/ros_ws/install/airsim_interfaces/include/airsim_interfaces/srv/detail/takeoff__struct.h
[1.191s] -- Up-to-date: /home/cthornton/data/local/college/research/arl/code/sims/airsim/ros_ws/install/airsim_interfaces/include/airsim_interfaces/srv/detail/takeoff__type_support.h
[1.191s] -- Up-to-date: /home/cthornton/data/local/college/research/arl/code/sims/airsim/ros_ws/install/airsim_interfaces/include/airsim_interfaces/srv/land.h
[1.191s] -- Up-to-date: /home/cthornton/data/local/college/research/arl/code/sims/airsim/ros_ws/install/airsim_interfaces/include/airsim_interfaces/srv/land_group.h
[1.191s] -- Up-to-date: /home/cthornton/data/local/college/research/arl/code/sims/airsim/ros_ws/install/airsim_interfaces/include/airsim_interfaces/srv/reset.h
[1.192s] -- Up-to-date: /home/cthornton/data/local/college/research/arl/code/sims/airsim/ros_ws/install/airsim_interfaces/include/airsim_interfaces/srv/set_gps_position.h
[1.192s] -- Up-to-date: /home/cthornton/data/local/college/research/arl/code/sims/airsim/ros_ws/install/airsim_interfaces/include/airsim_interfaces/srv/set_local_position.h
[1.192s] -- Up-to-date: /home/cthornton/data/local/college/research/arl/code/sims/airsim/ros_ws/install/airsim_interfaces/include/airsim_interfaces/srv/takeoff.h
[1.192s] -- Up-to-date: /home/cthornton/data/local/college/research/arl/code/sims/airsim/ros_ws/install/airsim_interfaces/include/airsim_interfaces/srv/takeoff_group.h
[1.193s] -- Up-to-date: /home/cthornton/data/local/college/research/arl/code/sims/airsim/ros_ws/install/airsim_interfaces/share/airsim_interfaces/environment/library_path.sh
[1.193s] -- Up-to-date: /home/cthornton/data/local/college/research/arl/code/sims/airsim/ros_ws/install/airsim_interfaces/share/airsim_interfaces/environment/library_path.dsv
[1.193s] -- Up-to-date: /home/cthornton/data/local/college/research/arl/code/sims/airsim/ros_ws/install/airsim_interfaces/lib/libairsim_interfaces__rosidl_generator_c.so
[1.193s] -- Up-to-date: /home/cthornton/data/local/college/research/arl/code/sims/airsim/ros_ws/install/airsim_interfaces/include/airsim_interfaces
[1.194s] -- Up-to-date: /home/cthornton/data/local/college/research/arl/code/sims/airsim/ros_ws/install/airsim_interfaces/include/airsim_interfaces/msg
[1.194s] -- Up-to-date: /home/cthornton/data/local/college/research/arl/code/sims/airsim/ros_ws/install/airsim_interfaces/include/airsim_interfaces/msg/detail
[1.194s] -- Up-to-date: /home/cthornton/data/local/college/research/arl/code/sims/airsim/ros_ws/install/airsim_interfaces/include/airsim_interfaces/msg/detail/altimeter__rosidl_typesupport_fastrtps_c.h
[1.195s] -- Up-to-date: /home/cthornton/data/local/college/research/arl/code/sims/airsim/ros_ws/install/airsim_interfaces/include/airsim_interfaces/msg/detail/car_controls__rosidl_typesupport_fastrtps_c.h
[1.195s] -- Up-to-date: /home/cthornton/data/local/college/research/arl/code/sims/airsim/ros_ws/install/airsim_interfaces/include/airsim_interfaces/msg/detail/car_state__rosidl_typesupport_fastrtps_c.h
[1.195s] -- Up-to-date: /home/cthornton/data/local/college/research/arl/code/sims/airsim/ros_ws/install/airsim_interfaces/include/airsim_interfaces/msg/detail/environment__rosidl_typesupport_fastrtps_c.h
[1.196s] -- Up-to-date: /home/cthornton/data/local/college/research/arl/code/sims/airsim/ros_ws/install/airsim_interfaces/include/airsim_interfaces/msg/detail/gimbal_angle_euler_cmd__rosidl_typesupport_fastrtps_c.h
[1.196s] -- Up-to-date: /home/cthornton/data/local/college/research/arl/code/sims/airsim/ros_ws/install/airsim_interfaces/include/airsim_interfaces/msg/detail/gimbal_angle_quat_cmd__rosidl_typesupport_fastrtps_c.h
[1.196s] -- Up-to-date: /home/cthornton/data/local/college/research/arl/code/sims/airsim/ros_ws/install/airsim_interfaces/include/airsim_interfaces/msg/detail/gps_yaw__rosidl_typesupport_fastrtps_c.h
[1.196s] -- Up-to-date: /home/cthornton/data/local/college/research/arl/code/sims/airsim/ros_ws/install/airsim_interfaces/include/airsim_interfaces/msg/detail/vel_cmd_group__rosidl_typesupport_fastrtps_c.h
[1.197s] -- Up-to-date: /home/cthornton/data/local/college/research/arl/code/sims/airsim/ros_ws/install/airsim_interfaces/include/airsim_interfaces/msg/detail/vel_cmd__rosidl_typesupport_fastrtps_c.h
[1.197s] -- Up-to-date: /home/cthornton/data/local/college/research/arl/code/sims/airsim/ros_ws/install/airsim_interfaces/include/airsim_interfaces/msg/rosidl_typesupport_fastrtps_c__visibility_control.h
[1.197s] -- Up-to-date: /home/cthornton/data/local/college/research/arl/code/sims/airsim/ros_ws/install/airsim_interfaces/include/airsim_interfaces/srv
[1.197s] -- Up-to-date: /home/cthornton/data/local/college/research/arl/code/sims/airsim/ros_ws/install/airsim_interfaces/include/airsim_interfaces/srv/detail
[1.198s] -- Up-to-date: /home/cthornton/data/local/college/research/arl/code/sims/airsim/ros_ws/install/airsim_interfaces/include/airsim_interfaces/srv/detail/land_group__rosidl_typesupport_fastrtps_c.h
[1.198s] -- Up-to-date: /home/cthornton/data/local/college/research/arl/code/sims/airsim/ros_ws/install/airsim_interfaces/include/airsim_interfaces/srv/detail/land__rosidl_typesupport_fastrtps_c.h
[1.198s] -- Up-to-date: /home/cthornton/data/local/college/research/arl/code/sims/airsim/ros_ws/install/airsim_interfaces/include/airsim_interfaces/srv/detail/reset__rosidl_typesupport_fastrtps_c.h
[1.199s] -- Up-to-date: /home/cthornton/data/local/college/research/arl/code/sims/airsim/ros_ws/install/airsim_interfaces/include/airsim_interfaces/srv/detail/set_gps_position__rosidl_typesupport_fastrtps_c.h
[1.199s] -- Up-to-date: /home/cthornton/data/local/college/research/arl/code/sims/airsim/ros_ws/install/airsim_interfaces/include/airsim_interfaces/srv/detail/set_local_position__rosidl_typesupport_fastrtps_c.h
[1.199s] -- Up-to-date: /home/cthornton/data/local/college/research/arl/code/sims/airsim/ros_ws/install/airsim_interfaces/include/airsim_interfaces/srv/detail/takeoff_group__rosidl_typesupport_fastrtps_c.h
[1.199s] -- Up-to-date: /home/cthornton/data/local/college/research/arl/code/sims/airsim/ros_ws/install/airsim_interfaces/include/airsim_interfaces/srv/detail/takeoff__rosidl_typesupport_fastrtps_c.h
[1.200s] -- Up-to-date: /home/cthornton/data/local/college/research/arl/code/sims/airsim/ros_ws/install/airsim_interfaces/lib/libairsim_interfaces__rosidl_typesupport_fastrtps_c.so
[1.200s] -- Up-to-date: /home/cthornton/data/local/college/research/arl/code/sims/airsim/ros_ws/install/airsim_interfaces/include/airsim_interfaces
[1.200s] -- Up-to-date: /home/cthornton/data/local/college/research/arl/code/sims/airsim/ros_ws/install/airsim_interfaces/include/airsim_interfaces/msg
[1.200s] -- Up-to-date: /home/cthornton/data/local/college/research/arl/code/sims/airsim/ros_ws/install/airsim_interfaces/include/airsim_interfaces/msg/detail
[1.200s] -- Up-to-date: /home/cthornton/data/local/college/research/arl/code/sims/airsim/ros_ws/install/airsim_interfaces/include/airsim_interfaces/msg/detail/altimeter__rosidl_typesupport_fastrtps_cpp.hpp
[1.201s] -- Up-to-date: /home/cthornton/data/local/college/research/arl/code/sims/airsim/ros_ws/install/airsim_interfaces/include/airsim_interfaces/msg/detail/car_controls__rosidl_typesupport_fastrtps_cpp.hpp
[1.201s] -- Up-to-date: /home/cthornton/data/local/college/research/arl/code/sims/airsim/ros_ws/install/airsim_interfaces/include/airsim_interfaces/msg/detail/car_state__rosidl_typesupport_fastrtps_cpp.hpp
[1.201s] -- Up-to-date: /home/cthornton/data/local/college/research/arl/code/sims/airsim/ros_ws/install/airsim_interfaces/include/airsim_interfaces/msg/detail/dds_fastrtps
[1.202s] -- Up-to-date: /home/cthornton/data/local/college/research/arl/code/sims/airsim/ros_ws/install/airsim_interfaces/include/airsim_interfaces/msg/detail/environment__rosidl_typesupport_fastrtps_cpp.hpp
[1.202s] -- Up-to-date: /home/cthornton/data/local/college/research/arl/code/sims/airsim/ros_ws/install/airsim_interfaces/include/airsim_interfaces/msg/detail/gimbal_angle_euler_cmd__rosidl_typesupport_fastrtps_cpp.hpp
[1.202s] -- Up-to-date: /home/cthornton/data/local/college/research/arl/code/sims/airsim/ros_ws/install/airsim_interfaces/include/airsim_interfaces/msg/detail/gimbal_angle_quat_cmd__rosidl_typesupport_fastrtps_cpp.hpp
[1.203s] -- Up-to-date: /home/cthornton/data/local/college/research/arl/code/sims/airsim/ros_ws/install/airsim_interfaces/include/airsim_interfaces/msg/detail/gps_yaw__rosidl_typesupport_fastrtps_cpp.hpp
[1.203s] -- Up-to-date: /home/cthornton/data/local/college/research/arl/code/sims/airsim/ros_ws/install/airsim_interfaces/include/airsim_interfaces/msg/detail/vel_cmd_group__rosidl_typesupport_fastrtps_cpp.hpp
[1.203s] -- Up-to-date: /home/cthornton/data/local/college/research/arl/code/sims/airsim/ros_ws/install/airsim_interfaces/include/airsim_interfaces/msg/detail/vel_cmd__rosidl_typesupport_fastrtps_cpp.hpp
[1.203s] -- Up-to-date: /home/cthornton/data/local/college/research/arl/code/sims/airsim/ros_ws/install/airsim_interfaces/include/airsim_interfaces/msg/rosidl_typesupport_fastrtps_cpp__visibility_control.h
[1.204s] -- Up-to-date: /home/cthornton/data/local/college/research/arl/code/sims/airsim/ros_ws/install/airsim_interfaces/include/airsim_interfaces/srv
[1.204s] -- Up-to-date: /home/cthornton/data/local/college/research/arl/code/sims/airsim/ros_ws/install/airsim_interfaces/include/airsim_interfaces/srv/detail
[1.204s] -- Up-to-date: /home/cthornton/data/local/college/research/arl/code/sims/airsim/ros_ws/install/airsim_interfaces/include/airsim_interfaces/srv/detail/dds_fastrtps
[1.204s] -- Up-to-date: /home/cthornton/data/local/college/research/arl/code/sims/airsim/ros_ws/install/airsim_interfaces/include/airsim_interfaces/srv/detail/land_group__rosidl_typesupport_fastrtps_cpp.hpp
[1.205s] -- Up-to-date: /home/cthornton/data/local/college/research/arl/code/sims/airsim/ros_ws/install/airsim_interfaces/include/airsim_interfaces/srv/detail/land__rosidl_typesupport_fastrtps_cpp.hpp
[1.205s] -- Up-to-date: /home/cthornton/data/local/college/research/arl/code/sims/airsim/ros_ws/install/airsim_interfaces/include/airsim_interfaces/srv/detail/reset__rosidl_typesupport_fastrtps_cpp.hpp
[1.205s] -- Up-to-date: /home/cthornton/data/local/college/research/arl/code/sims/airsim/ros_ws/install/airsim_interfaces/include/airsim_interfaces/srv/detail/set_gps_position__rosidl_typesupport_fastrtps_cpp.hpp
[1.205s] -- Up-to-date: /home/cthornton/data/local/college/research/arl/code/sims/airsim/ros_ws/install/airsim_interfaces/include/airsim_interfaces/srv/detail/set_local_position__rosidl_typesupport_fastrtps_cpp.hpp
[1.206s] -- Up-to-date: /home/cthornton/data/local/college/research/arl/code/sims/airsim/ros_ws/install/airsim_interfaces/include/airsim_interfaces/srv/detail/takeoff_group__rosidl_typesupport_fastrtps_cpp.hpp
[1.206s] -- Up-to-date: /home/cthornton/data/local/college/research/arl/code/sims/airsim/ros_ws/install/airsim_interfaces/include/airsim_interfaces/srv/detail/takeoff__rosidl_typesupport_fastrtps_cpp.hpp
[1.206s] -- Up-to-date: /home/cthornton/data/local/college/research/arl/code/sims/airsim/ros_ws/install/airsim_interfaces/lib/libairsim_interfaces__rosidl_typesupport_fastrtps_cpp.so
[1.206s] -- Up-to-date: /home/cthornton/data/local/college/research/arl/code/sims/airsim/ros_ws/install/airsim_interfaces/include/airsim_interfaces
[1.207s] -- Up-to-date: /home/cthornton/data/local/college/research/arl/code/sims/airsim/ros_ws/install/airsim_interfaces/include/airsim_interfaces/msg
[1.207s] -- Up-to-date: /home/cthornton/data/local/college/research/arl/code/sims/airsim/ros_ws/install/airsim_interfaces/include/airsim_interfaces/msg/detail
[1.207s] -- Up-to-date: /home/cthornton/data/local/college/research/arl/code/sims/airsim/ros_ws/install/airsim_interfaces/include/airsim_interfaces/msg/detail/altimeter__rosidl_typesupport_introspection_c.h
[1.208s] -- Up-to-date: /home/cthornton/data/local/college/research/arl/code/sims/airsim/ros_ws/install/airsim_interfaces/include/airsim_interfaces/msg/detail/altimeter__type_support.c
[1.208s] -- Up-to-date: /home/cthornton/data/local/college/research/arl/code/sims/airsim/ros_ws/install/airsim_interfaces/include/airsim_interfaces/msg/detail/car_controls__rosidl_typesupport_introspection_c.h
[1.208s] -- Up-to-date: /home/cthornton/data/local/college/research/arl/code/sims/airsim/ros_ws/install/airsim_interfaces/include/airsim_interfaces/msg/detail/car_controls__type_support.c
[1.208s] -- Up-to-date: /home/cthornton/data/local/college/research/arl/code/sims/airsim/ros_ws/install/airsim_interfaces/include/airsim_interfaces/msg/detail/car_state__rosidl_typesupport_introspection_c.h
[1.209s] -- Up-to-date: /home/cthornton/data/local/college/research/arl/code/sims/airsim/ros_ws/install/airsim_interfaces/include/airsim_interfaces/msg/detail/car_state__type_support.c
[1.209s] -- Up-to-date: /home/cthornton/data/local/college/research/arl/code/sims/airsim/ros_ws/install/airsim_interfaces/include/airsim_interfaces/msg/detail/environment__rosidl_typesupport_introspection_c.h
[1.209s] -- Up-to-date: /home/cthornton/data/local/college/research/arl/code/sims/airsim/ros_ws/install/airsim_interfaces/include/airsim_interfaces/msg/detail/environment__type_support.c
[1.209s] -- Up-to-date: /home/cthornton/data/local/college/research/arl/code/sims/airsim/ros_ws/install/airsim_interfaces/include/airsim_interfaces/msg/detail/gimbal_angle_euler_cmd__rosidl_typesupport_introspection_c.h
[1.210s] -- Up-to-date: /home/cthornton/data/local/college/research/arl/code/sims/airsim/ros_ws/install/airsim_interfaces/include/airsim_interfaces/msg/detail/gimbal_angle_euler_cmd__type_support.c
[1.210s] -- Up-to-date: /home/cthornton/data/local/college/research/arl/code/sims/airsim/ros_ws/install/airsim_interfaces/include/airsim_interfaces/msg/detail/gimbal_angle_quat_cmd__rosidl_typesupport_introspection_c.h
[1.210s] -- Up-to-date: /home/cthornton/data/local/college/research/arl/code/sims/airsim/ros_ws/install/airsim_interfaces/include/airsim_interfaces/msg/detail/gimbal_angle_quat_cmd__type_support.c
[1.210s] -- Up-to-date: /home/cthornton/data/local/college/research/arl/code/sims/airsim/ros_ws/install/airsim_interfaces/include/airsim_interfaces/msg/detail/gps_yaw__rosidl_typesupport_introspection_c.h
[1.211s] -- Up-to-date: /home/cthornton/data/local/college/research/arl/code/sims/airsim/ros_ws/install/airsim_interfaces/include/airsim_interfaces/msg/detail/gps_yaw__type_support.c
[1.212s] -- Up-to-date: /home/cthornton/data/local/college/research/arl/code/sims/airsim/ros_ws/install/airsim_interfaces/include/airsim_interfaces/msg/detail/vel_cmd_group__rosidl_typesupport_introspection_c.h
[1.212s] -- Up-to-date: /home/cthornton/data/local/college/research/arl/code/sims/airsim/ros_ws/install/airsim_interfaces/include/airsim_interfaces/msg/detail/vel_cmd_group__type_support.c
[1.212s] -- Up-to-date: /home/cthornton/data/local/college/research/arl/code/sims/airsim/ros_ws/install/airsim_interfaces/include/airsim_interfaces/msg/detail/vel_cmd__rosidl_typesupport_introspection_c.h
[1.213s] -- Up-to-date: /home/cthornton/data/local/college/research/arl/code/sims/airsim/ros_ws/install/airsim_interfaces/include/airsim_interfaces/msg/detail/vel_cmd__type_support.c
[1.213s] -- Up-to-date: /home/cthornton/data/local/college/research/arl/code/sims/airsim/ros_ws/install/airsim_interfaces/include/airsim_interfaces/msg/rosidl_typesupport_introspection_c__visibility_control.h
[1.213s] -- Up-to-date: /home/cthornton/data/local/college/research/arl/code/sims/airsim/ros_ws/install/airsim_interfaces/include/airsim_interfaces/srv
[1.213s] -- Up-to-date: /home/cthornton/data/local/college/research/arl/code/sims/airsim/ros_ws/install/airsim_interfaces/include/airsim_interfaces/srv/detail
[1.214s] -- Up-to-date: /home/cthornton/data/local/college/research/arl/code/sims/airsim/ros_ws/install/airsim_interfaces/include/airsim_interfaces/srv/detail/land_group__rosidl_typesupport_introspection_c.h
[1.214s] -- Up-to-date: /home/cthornton/data/local/college/research/arl/code/sims/airsim/ros_ws/install/airsim_interfaces/include/airsim_interfaces/srv/detail/land_group__type_support.c
[1.214s] -- Up-to-date: /home/cthornton/data/local/college/research/arl/code/sims/airsim/ros_ws/install/airsim_interfaces/include/airsim_interfaces/srv/detail/land__rosidl_typesupport_introspection_c.h
[1.215s] -- Up-to-date: /home/cthornton/data/local/college/research/arl/code/sims/airsim/ros_ws/install/airsim_interfaces/include/airsim_interfaces/srv/detail/land__type_support.c
[1.215s] -- Up-to-date: /home/cthornton/data/local/college/research/arl/code/sims/airsim/ros_ws/install/airsim_interfaces/include/airsim_interfaces/srv/detail/reset__rosidl_typesupport_introspection_c.h
[1.215s] -- Up-to-date: /home/cthornton/data/local/college/research/arl/code/sims/airsim/ros_ws/install/airsim_interfaces/include/airsim_interfaces/srv/detail/reset__type_support.c
[1.215s] -- Up-to-date: /home/cthornton/data/local/college/research/arl/code/sims/airsim/ros_ws/install/airsim_interfaces/include/airsim_interfaces/srv/detail/set_gps_position__rosidl_typesupport_introspection_c.h
[1.216s] -- Up-to-date: /home/cthornton/data/local/college/research/arl/code/sims/airsim/ros_ws/install/airsim_interfaces/include/airsim_interfaces/srv/detail/set_gps_position__type_support.c
[1.216s] -- Up-to-date: /home/cthornton/data/local/college/research/arl/code/sims/airsim/ros_ws/install/airsim_interfaces/include/airsim_interfaces/srv/detail/set_local_position__rosidl_typesupport_introspection_c.h
[1.216s] -- Up-to-date: /home/cthornton/data/local/college/research/arl/code/sims/airsim/ros_ws/install/airsim_interfaces/include/airsim_interfaces/srv/detail/set_local_position__type_support.c
[1.216s] -- Up-to-date: /home/cthornton/data/local/college/research/arl/code/sims/airsim/ros_ws/install/airsim_interfaces/include/airsim_interfaces/srv/detail/takeoff_group__rosidl_typesupport_introspection_c.h
[1.217s] -- Up-to-date: /home/cthornton/data/local/college/research/arl/code/sims/airsim/ros_ws/install/airsim_interfaces/include/airsim_interfaces/srv/detail/takeoff_group__type_support.c
[1.217s] -- Up-to-date: /home/cthornton/data/local/college/research/arl/code/sims/airsim/ros_ws/install/airsim_interfaces/include/airsim_interfaces/srv/detail/takeoff__rosidl_typesupport_introspection_c.h
[1.217s] -- Up-to-date: /home/cthornton/data/local/college/research/arl/code/sims/airsim/ros_ws/install/airsim_interfaces/include/airsim_interfaces/srv/detail/takeoff__type_support.c
[1.217s] -- Up-to-date: /home/cthornton/data/local/college/research/arl/code/sims/airsim/ros_ws/install/airsim_interfaces/lib/libairsim_interfaces__rosidl_typesupport_introspection_c.so
[1.218s] -- Up-to-date: /home/cthornton/data/local/college/research/arl/code/sims/airsim/ros_ws/install/airsim_interfaces/lib/libairsim_interfaces__rosidl_typesupport_c.so
[1.218s] -- Up-to-date: /home/cthornton/data/local/college/research/arl/code/sims/airsim/ros_ws/install/airsim_interfaces/include/airsim_interfaces
[1.218s] -- Up-to-date: /home/cthornton/data/local/college/research/arl/code/sims/airsim/ros_ws/install/airsim_interfaces/include/airsim_interfaces/msg
[1.219s] -- Up-to-date: /home/cthornton/data/local/college/research/arl/code/sims/airsim/ros_ws/install/airsim_interfaces/include/airsim_interfaces/msg/altimeter.hpp
[1.219s] -- Up-to-date: /home/cthornton/data/local/college/research/arl/code/sims/airsim/ros_ws/install/airsim_interfaces/include/airsim_interfaces/msg/car_controls.hpp
[1.219s] -- Up-to-date: /home/cthornton/data/local/college/research/arl/code/sims/airsim/ros_ws/install/airsim_interfaces/include/airsim_interfaces/msg/car_state.hpp
[1.219s] -- Up-to-date: /home/cthornton/data/local/college/research/arl/code/sims/airsim/ros_ws/install/airsim_interfaces/include/airsim_interfaces/msg/detail
[1.219s] -- Up-to-date: /home/cthornton/data/local/college/research/arl/code/sims/airsim/ros_ws/install/airsim_interfaces/include/airsim_interfaces/msg/detail/altimeter__builder.hpp
[1.220s] -- Up-to-date: /home/cthornton/data/local/college/research/arl/code/sims/airsim/ros_ws/install/airsim_interfaces/include/airsim_interfaces/msg/detail/altimeter__struct.hpp
[1.220s] -- Up-to-date: /home/cthornton/data/local/college/research/arl/code/sims/airsim/ros_ws/install/airsim_interfaces/include/airsim_interfaces/msg/detail/altimeter__traits.hpp
[1.220s] -- Up-to-date: /home/cthornton/data/local/college/research/arl/code/sims/airsim/ros_ws/install/airsim_interfaces/include/airsim_interfaces/msg/detail/car_controls__builder.hpp
[1.220s] -- Up-to-date: /home/cthornton/data/local/college/research/arl/code/sims/airsim/ros_ws/install/airsim_interfaces/include/airsim_interfaces/msg/detail/car_controls__struct.hpp
[1.221s] -- Up-to-date: /home/cthornton/data/local/college/research/arl/code/sims/airsim/ros_ws/install/airsim_interfaces/include/airsim_interfaces/msg/detail/car_controls__traits.hpp
[1.221s] -- Up-to-date: /home/cthornton/data/local/college/research/arl/code/sims/airsim/ros_ws/install/airsim_interfaces/include/airsim_interfaces/msg/detail/car_state__builder.hpp
[1.221s] -- Up-to-date: /home/cthornton/data/local/college/research/arl/code/sims/airsim/ros_ws/install/airsim_interfaces/include/airsim_interfaces/msg/detail/car_state__struct.hpp
[1.221s] -- Up-to-date: /home/cthornton/data/local/college/research/arl/code/sims/airsim/ros_ws/install/airsim_interfaces/include/airsim_interfaces/msg/detail/car_state__traits.hpp
[1.222s] -- Up-to-date: /home/cthornton/data/local/college/research/arl/code/sims/airsim/ros_ws/install/airsim_interfaces/include/airsim_interfaces/msg/detail/environment__builder.hpp
[1.222s] -- Up-to-date: /home/cthornton/data/local/college/research/arl/code/sims/airsim/ros_ws/install/airsim_interfaces/include/airsim_interfaces/msg/detail/environment__struct.hpp
[1.222s] -- Up-to-date: /home/cthornton/data/local/college/research/arl/code/sims/airsim/ros_ws/install/airsim_interfaces/include/airsim_interfaces/msg/detail/environment__traits.hpp
[1.222s] -- Up-to-date: /home/cthornton/data/local/college/research/arl/code/sims/airsim/ros_ws/install/airsim_interfaces/include/airsim_interfaces/msg/detail/gimbal_angle_euler_cmd__builder.hpp
[1.222s] -- Up-to-date: /home/cthornton/data/local/college/research/arl/code/sims/airsim/ros_ws/install/airsim_interfaces/include/airsim_interfaces/msg/detail/gimbal_angle_euler_cmd__struct.hpp
[1.223s] -- Up-to-date: /home/cthornton/data/local/college/research/arl/code/sims/airsim/ros_ws/install/airsim_interfaces/include/airsim_interfaces/msg/detail/gimbal_angle_euler_cmd__traits.hpp
[1.223s] -- Up-to-date: /home/cthornton/data/local/college/research/arl/code/sims/airsim/ros_ws/install/airsim_interfaces/include/airsim_interfaces/msg/detail/gimbal_angle_quat_cmd__builder.hpp
[1.223s] -- Up-to-date: /home/cthornton/data/local/college/research/arl/code/sims/airsim/ros_ws/install/airsim_interfaces/include/airsim_interfaces/msg/detail/gimbal_angle_quat_cmd__struct.hpp
[1.223s] -- Up-to-date: /home/cthornton/data/local/college/research/arl/code/sims/airsim/ros_ws/install/airsim_interfaces/include/airsim_interfaces/msg/detail/gimbal_angle_quat_cmd__traits.hpp
[1.223s] -- Up-to-date: /home/cthornton/data/local/college/research/arl/code/sims/airsim/ros_ws/install/airsim_interfaces/include/airsim_interfaces/msg/detail/gps_yaw__builder.hpp
[1.224s] -- Up-to-date: /home/cthornton/data/local/college/research/arl/code/sims/airsim/ros_ws/install/airsim_interfaces/include/airsim_interfaces/msg/detail/gps_yaw__struct.hpp
[1.224s] -- Up-to-date: /home/cthornton/data/local/college/research/arl/code/sims/airsim/ros_ws/install/airsim_interfaces/include/airsim_interfaces/msg/detail/gps_yaw__traits.hpp
[1.224s] -- Up-to-date: /home/cthornton/data/local/college/research/arl/code/sims/airsim/ros_ws/install/airsim_interfaces/include/airsim_interfaces/msg/detail/vel_cmd_group__builder.hpp
[1.224s] -- Up-to-date: /home/cthornton/data/local/college/research/arl/code/sims/airsim/ros_ws/install/airsim_interfaces/include/airsim_interfaces/msg/detail/vel_cmd_group__struct.hpp
[1.225s] -- Up-to-date: /home/cthornton/data/local/college/research/arl/code/sims/airsim/ros_ws/install/airsim_interfaces/include/airsim_interfaces/msg/detail/vel_cmd_group__traits.hpp
[1.225s] -- Up-to-date: /home/cthornton/data/local/college/research/arl/code/sims/airsim/ros_ws/install/airsim_interfaces/include/airsim_interfaces/msg/detail/vel_cmd__builder.hpp
[1.225s] -- Up-to-date: /home/cthornton/data/local/college/research/arl/code/sims/airsim/ros_ws/install/airsim_interfaces/include/airsim_interfaces/msg/detail/vel_cmd__struct.hpp
[1.225s] -- Up-to-date: /home/cthornton/data/local/college/research/arl/code/sims/airsim/ros_ws/install/airsim_interfaces/include/airsim_interfaces/msg/detail/vel_cmd__traits.hpp
[1.226s] -- Up-to-date: /home/cthornton/data/local/college/research/arl/code/sims/airsim/ros_ws/install/airsim_interfaces/include/airsim_interfaces/msg/environment.hpp
[1.226s] -- Up-to-date: /home/cthornton/data/local/college/research/arl/code/sims/airsim/ros_ws/install/airsim_interfaces/include/airsim_interfaces/msg/gimbal_angle_euler_cmd.hpp
[1.226s] -- Up-to-date: /home/cthornton/data/local/college/research/arl/code/sims/airsim/ros_ws/install/airsim_interfaces/include/airsim_interfaces/msg/gimbal_angle_quat_cmd.hpp
[1.226s] -- Up-to-date: /home/cthornton/data/local/college/research/arl/code/sims/airsim/ros_ws/install/airsim_interfaces/include/airsim_interfaces/msg/gps_yaw.hpp
[1.227s] -- Up-to-date: /home/cthornton/data/local/college/research/arl/code/sims/airsim/ros_ws/install/airsim_interfaces/include/airsim_interfaces/msg/vel_cmd.hpp
[1.227s] -- Up-to-date: /home/cthornton/data/local/college/research/arl/code/sims/airsim/ros_ws/install/airsim_interfaces/include/airsim_interfaces/msg/vel_cmd_group.hpp
[1.227s] -- Up-to-date: /home/cthornton/data/local/college/research/arl/code/sims/airsim/ros_ws/install/airsim_interfaces/include/airsim_interfaces/srv
[1.227s] -- Up-to-date: /home/cthornton/data/local/college/research/arl/code/sims/airsim/ros_ws/install/airsim_interfaces/include/airsim_interfaces/srv/detail
[1.228s] -- Up-to-date: /home/cthornton/data/local/college/research/arl/code/sims/airsim/ros_ws/install/airsim_interfaces/include/airsim_interfaces/srv/detail/land_group__builder.hpp
[1.228s] -- Up-to-date: /home/cthornton/data/local/college/research/arl/code/sims/airsim/ros_ws/install/airsim_interfaces/include/airsim_interfaces/srv/detail/land_group__struct.hpp
[1.228s] -- Up-to-date: /home/cthornton/data/local/college/research/arl/code/sims/airsim/ros_ws/install/airsim_interfaces/include/airsim_interfaces/srv/detail/land_group__traits.hpp
[1.228s] -- Up-to-date: /home/cthornton/data/local/college/research/arl/code/sims/airsim/ros_ws/install/airsim_interfaces/include/airsim_interfaces/srv/detail/land__builder.hpp
[1.229s] -- Up-to-date: /home/cthornton/data/local/college/research/arl/code/sims/airsim/ros_ws/install/airsim_interfaces/include/airsim_interfaces/srv/detail/land__struct.hpp
[1.229s] -- Up-to-date: /home/cthornton/data/local/college/research/arl/code/sims/airsim/ros_ws/install/airsim_interfaces/include/airsim_interfaces/srv/detail/land__traits.hpp
[1.229s] -- Up-to-date: /home/cthornton/data/local/college/research/arl/code/sims/airsim/ros_ws/install/airsim_interfaces/include/airsim_interfaces/srv/detail/reset__builder.hpp
[1.229s] -- Up-to-date: /home/cthornton/data/local/college/research/arl/code/sims/airsim/ros_ws/install/airsim_interfaces/include/airsim_interfaces/srv/detail/reset__struct.hpp
[1.230s] -- Up-to-date: /home/cthornton/data/local/college/research/arl/code/sims/airsim/ros_ws/install/airsim_interfaces/include/airsim_interfaces/srv/detail/reset__traits.hpp
[1.230s] -- Up-to-date: /home/cthornton/data/local/college/research/arl/code/sims/airsim/ros_ws/install/airsim_interfaces/include/airsim_interfaces/srv/detail/set_gps_position__builder.hpp
[1.230s] -- Up-to-date: /home/cthornton/data/local/college/research/arl/code/sims/airsim/ros_ws/install/airsim_interfaces/include/airsim_interfaces/srv/detail/set_gps_position__struct.hpp
[1.230s] -- Up-to-date: /home/cthornton/data/local/college/research/arl/code/sims/airsim/ros_ws/install/airsim_interfaces/include/airsim_interfaces/srv/detail/set_gps_position__traits.hpp
[1.231s] -- Up-to-date: /home/cthornton/data/local/college/research/arl/code/sims/airsim/ros_ws/install/airsim_interfaces/include/airsim_interfaces/srv/detail/set_local_position__builder.hpp
[1.231s] -- Up-to-date: /home/cthornton/data/local/college/research/arl/code/sims/airsim/ros_ws/install/airsim_interfaces/include/airsim_interfaces/srv/detail/set_local_position__struct.hpp
[1.231s] -- Up-to-date: /home/cthornton/data/local/college/research/arl/code/sims/airsim/ros_ws/install/airsim_interfaces/include/airsim_interfaces/srv/detail/set_local_position__traits.hpp
[1.231s] -- Up-to-date: /home/cthornton/data/local/college/research/arl/code/sims/airsim/ros_ws/install/airsim_interfaces/include/airsim_interfaces/srv/detail/takeoff_group__builder.hpp
[1.232s] -- Up-to-date: /home/cthornton/data/local/college/research/arl/code/sims/airsim/ros_ws/install/airsim_interfaces/include/airsim_interfaces/srv/detail/takeoff_group__struct.hpp
[1.232s] -- Up-to-date: /home/cthornton/data/local/college/research/arl/code/sims/airsim/ros_ws/install/airsim_interfaces/include/airsim_interfaces/srv/detail/takeoff_group__traits.hpp
[1.232s] -- Up-to-date: /home/cthornton/data/local/college/research/arl/code/sims/airsim/ros_ws/install/airsim_interfaces/include/airsim_interfaces/srv/detail/takeoff__builder.hpp
[1.232s] -- Up-to-date: /home/cthornton/data/local/college/research/arl/code/sims/airsim/ros_ws/install/airsim_interfaces/include/airsim_interfaces/srv/detail/takeoff__struct.hpp
[1.233s] -- Up-to-date: /home/cthornton/data/local/college/research/arl/code/sims/airsim/ros_ws/install/airsim_interfaces/include/airsim_interfaces/srv/detail/takeoff__traits.hpp
[1.233s] -- Up-to-date: /home/cthornton/data/local/college/research/arl/code/sims/airsim/ros_ws/install/airsim_interfaces/include/airsim_interfaces/srv/land.hpp
[1.233s] -- Up-to-date: /home/cthornton/data/local/college/research/arl/code/sims/airsim/ros_ws/install/airsim_interfaces/include/airsim_interfaces/srv/land_group.hpp
[1.233s] -- Up-to-date: /home/cthornton/data/local/college/research/arl/code/sims/airsim/ros_ws/install/airsim_interfaces/include/airsim_interfaces/srv/reset.hpp
[1.234s] -- Up-to-date: /home/cthornton/data/local/college/research/arl/code/sims/airsim/ros_ws/install/airsim_interfaces/include/airsim_interfaces/srv/set_gps_position.hpp
[1.234s] -- Up-to-date: /home/cthornton/data/local/college/research/arl/code/sims/airsim/ros_ws/install/airsim_interfaces/include/airsim_interfaces/srv/set_local_position.hpp
[1.234s] -- Up-to-date: /home/cthornton/data/local/college/research/arl/code/sims/airsim/ros_ws/install/airsim_interfaces/include/airsim_interfaces/srv/takeoff.hpp
[1.234s] -- Up-to-date: /home/cthornton/data/local/college/research/arl/code/sims/airsim/ros_ws/install/airsim_interfaces/include/airsim_interfaces/srv/takeoff_group.hpp
[1.235s] -- Up-to-date: /home/cthornton/data/local/college/research/arl/code/sims/airsim/ros_ws/install/airsim_interfaces/include/airsim_interfaces
[1.235s] -- Up-to-date: /home/cthornton/data/local/college/research/arl/code/sims/airsim/ros_ws/install/airsim_interfaces/include/airsim_interfaces/msg
[1.235s] -- Up-to-date: /home/cthornton/data/local/college/research/arl/code/sims/airsim/ros_ws/install/airsim_interfaces/include/airsim_interfaces/msg/detail
[1.236s] -- Up-to-date: /home/cthornton/data/local/college/research/arl/code/sims/airsim/ros_ws/install/airsim_interfaces/include/airsim_interfaces/msg/detail/altimeter__rosidl_typesupport_introspection_cpp.hpp
[1.236s] -- Up-to-date: /home/cthornton/data/local/college/research/arl/code/sims/airsim/ros_ws/install/airsim_interfaces/include/airsim_interfaces/msg/detail/altimeter__type_support.cpp
[1.236s] -- Up-to-date: /home/cthornton/data/local/college/research/arl/code/sims/airsim/ros_ws/install/airsim_interfaces/include/airsim_interfaces/msg/detail/car_controls__rosidl_typesupport_introspection_cpp.hpp
[1.236s] -- Up-to-date: /home/cthornton/data/local/college/research/arl/code/sims/airsim/ros_ws/install/airsim_interfaces/include/airsim_interfaces/msg/detail/car_controls__type_support.cpp
[1.236s] -- Up-to-date: /home/cthornton/data/local/college/research/arl/code/sims/airsim/ros_ws/install/airsim_interfaces/include/airsim_interfaces/msg/detail/car_state__rosidl_typesupport_introspection_cpp.hpp
[1.237s] -- Up-to-date: /home/cthornton/data/local/college/research/arl/code/sims/airsim/ros_ws/install/airsim_interfaces/include/airsim_interfaces/msg/detail/car_state__type_support.cpp
[1.237s] -- Up-to-date: /home/cthornton/data/local/college/research/arl/code/sims/airsim/ros_ws/install/airsim_interfaces/include/airsim_interfaces/msg/detail/environment__rosidl_typesupport_introspection_cpp.hpp
[1.237s] -- Up-to-date: /home/cthornton/data/local/college/research/arl/code/sims/airsim/ros_ws/install/airsim_interfaces/include/airsim_interfaces/msg/detail/environment__type_support.cpp
[1.237s] -- Up-to-date: /home/cthornton/data/local/college/research/arl/code/sims/airsim/ros_ws/install/airsim_interfaces/include/airsim_interfaces/msg/detail/gimbal_angle_euler_cmd__rosidl_typesupport_introspection_cpp.hpp
[1.238s] -- Up-to-date: /home/cthornton/data/local/college/research/arl/code/sims/airsim/ros_ws/install/airsim_interfaces/include/airsim_interfaces/msg/detail/gimbal_angle_euler_cmd__type_support.cpp
[1.238s] -- Up-to-date: /home/cthornton/data/local/college/research/arl/code/sims/airsim/ros_ws/install/airsim_interfaces/include/airsim_interfaces/msg/detail/gimbal_angle_quat_cmd__rosidl_typesupport_introspection_cpp.hpp
[1.238s] -- Up-to-date: /home/cthornton/data/local/college/research/arl/code/sims/airsim/ros_ws/install/airsim_interfaces/include/airsim_interfaces/msg/detail/gimbal_angle_quat_cmd__type_support.cpp
[1.238s] -- Up-to-date: /home/cthornton/data/local/college/research/arl/code/sims/airsim/ros_ws/install/airsim_interfaces/include/airsim_interfaces/msg/detail/gps_yaw__rosidl_typesupport_introspection_cpp.hpp
[1.238s] -- Up-to-date: /home/cthornton/data/local/college/research/arl/code/sims/airsim/ros_ws/install/airsim_interfaces/include/airsim_interfaces/msg/detail/gps_yaw__type_support.cpp
[1.239s] -- Up-to-date: /home/cthornton/data/local/college/research/arl/code/sims/airsim/ros_ws/install/airsim_interfaces/include/airsim_interfaces/msg/detail/vel_cmd_group__rosidl_typesupport_introspection_cpp.hpp
[1.239s] -- Up-to-date: /home/cthornton/data/local/college/research/arl/code/sims/airsim/ros_ws/install/airsim_interfaces/include/airsim_interfaces/msg/detail/vel_cmd_group__type_support.cpp
[1.239s] -- Up-to-date: /home/cthornton/data/local/college/research/arl/code/sims/airsim/ros_ws/install/airsim_interfaces/include/airsim_interfaces/msg/detail/vel_cmd__rosidl_typesupport_introspection_cpp.hpp
[1.239s] -- Up-to-date: /home/cthornton/data/local/college/research/arl/code/sims/airsim/ros_ws/install/airsim_interfaces/include/airsim_interfaces/msg/detail/vel_cmd__type_support.cpp
[1.240s] -- Up-to-date: /home/cthornton/data/local/college/research/arl/code/sims/airsim/ros_ws/install/airsim_interfaces/include/airsim_interfaces/srv
[1.240s] -- Up-to-date: /home/cthornton/data/local/college/research/arl/code/sims/airsim/ros_ws/install/airsim_interfaces/include/airsim_interfaces/srv/detail
[1.240s] -- Up-to-date: /home/cthornton/data/local/college/research/arl/code/sims/airsim/ros_ws/install/airsim_interfaces/include/airsim_interfaces/srv/detail/land_group__rosidl_typesupport_introspection_cpp.hpp
[1.240s] -- Up-to-date: /home/cthornton/data/local/college/research/arl/code/sims/airsim/ros_ws/install/airsim_interfaces/include/airsim_interfaces/srv/detail/land_group__type_support.cpp
[1.241s] -- Up-to-date: /home/cthornton/data/local/college/research/arl/code/sims/airsim/ros_ws/install/airsim_interfaces/include/airsim_interfaces/srv/detail/land__rosidl_typesupport_introspection_cpp.hpp
[1.241s] -- Up-to-date: /home/cthornton/data/local/college/research/arl/code/sims/airsim/ros_ws/install/airsim_interfaces/include/airsim_interfaces/srv/detail/land__type_support.cpp
[1.241s] -- Up-to-date: /home/cthornton/data/local/college/research/arl/code/sims/airsim/ros_ws/install/airsim_interfaces/include/airsim_interfaces/srv/detail/reset__rosidl_typesupport_introspection_cpp.hpp
[1.242s] -- Up-to-date: /home/cthornton/data/local/college/research/arl/code/sims/airsim/ros_ws/install/airsim_interfaces/include/airsim_interfaces/srv/detail/reset__type_support.cpp
[1.242s] -- Up-to-date: /home/cthornton/data/local/college/research/arl/code/sims/airsim/ros_ws/install/airsim_interfaces/include/airsim_interfaces/srv/detail/set_gps_position__rosidl_typesupport_introspection_cpp.hpp
[1.242s] -- Up-to-date: /home/cthornton/data/local/college/research/arl/code/sims/airsim/ros_ws/install/airsim_interfaces/include/airsim_interfaces/srv/detail/set_gps_position__type_support.cpp
[1.243s] -- Up-to-date: /home/cthornton/data/local/college/research/arl/code/sims/airsim/ros_ws/install/airsim_interfaces/include/airsim_interfaces/srv/detail/set_local_position__rosidl_typesupport_introspection_cpp.hpp
[1.243s] -- Up-to-date: /home/cthornton/data/local/college/research/arl/code/sims/airsim/ros_ws/install/airsim_interfaces/include/airsim_interfaces/srv/detail/set_local_position__type_support.cpp
[1.243s] -- Up-to-date: /home/cthornton/data/local/college/research/arl/code/sims/airsim/ros_ws/install/airsim_interfaces/include/airsim_interfaces/srv/detail/takeoff_group__rosidl_typesupport_introspection_cpp.hpp
[1.243s] -- Up-to-date: /home/cthornton/data/local/college/research/arl/code/sims/airsim/ros_ws/install/airsim_interfaces/include/airsim_interfaces/srv/detail/takeoff_group__type_support.cpp
[1.243s] -- Up-to-date: /home/cthornton/data/local/college/research/arl/code/sims/airsim/ros_ws/install/airsim_interfaces/include/airsim_interfaces/srv/detail/takeoff__rosidl_typesupport_introspection_cpp.hpp
[1.244s] -- Up-to-date: /home/cthornton/data/local/college/research/arl/code/sims/airsim/ros_ws/install/airsim_interfaces/include/airsim_interfaces/srv/detail/takeoff__type_support.cpp
[1.244s] -- Up-to-date: /home/cthornton/data/local/college/research/arl/code/sims/airsim/ros_ws/install/airsim_interfaces/lib/libairsim_interfaces__rosidl_typesupport_introspection_cpp.so
[1.244s] -- Up-to-date: /home/cthornton/data/local/college/research/arl/code/sims/airsim/ros_ws/install/airsim_interfaces/lib/libairsim_interfaces__rosidl_typesupport_cpp.so
[1.244s] -- Up-to-date: /home/cthornton/data/local/college/research/arl/code/sims/airsim/ros_ws/install/airsim_interfaces/share/airsim_interfaces/environment/pythonpath.sh
[1.244s] -- Up-to-date: /home/cthornton/data/local/college/research/arl/code/sims/airsim/ros_ws/install/airsim_interfaces/share/airsim_interfaces/environment/pythonpath.dsv
[1.245s] -- Up-to-date: /home/cthornton/data/local/college/research/arl/code/sims/airsim/ros_ws/install/airsim_interfaces/lib/python3.8/site-packages/airsim_interfaces/__init__.py
[1.288s] -- Up-to-date: /home/cthornton/data/local/college/research/arl/code/sims/airsim/ros_ws/install/airsim_interfaces/lib/python3.8/site-packages/airsim_interfaces/msg
[1.289s] -- Up-to-date: /home/cthornton/data/local/college/research/arl/code/sims/airsim/ros_ws/install/airsim_interfaces/lib/python3.8/site-packages/airsim_interfaces/msg/_altimeter.py
[1.289s] -- Up-to-date: /home/cthornton/data/local/college/research/arl/code/sims/airsim/ros_ws/install/airsim_interfaces/lib/python3.8/site-packages/airsim_interfaces/msg/_altimeter_s.c
[1.289s] -- Up-to-date: /home/cthornton/data/local/college/research/arl/code/sims/airsim/ros_ws/install/airsim_interfaces/lib/python3.8/site-packages/airsim_interfaces/msg/_car_controls.py
[1.289s] -- Up-to-date: /home/cthornton/data/local/college/research/arl/code/sims/airsim/ros_ws/install/airsim_interfaces/lib/python3.8/site-packages/airsim_interfaces/msg/_car_controls_s.c
[1.289s] -- Up-to-date: /home/cthornton/data/local/college/research/arl/code/sims/airsim/ros_ws/install/airsim_interfaces/lib/python3.8/site-packages/airsim_interfaces/msg/_car_state.py
[1.290s] -- Up-to-date: /home/cthornton/data/local/college/research/arl/code/sims/airsim/ros_ws/install/airsim_interfaces/lib/python3.8/site-packages/airsim_interfaces/msg/_car_state_s.c
[1.290s] -- Up-to-date: /home/cthornton/data/local/college/research/arl/code/sims/airsim/ros_ws/install/airsim_interfaces/lib/python3.8/site-packages/airsim_interfaces/msg/_environment.py
[1.290s] -- Up-to-date: /home/cthornton/data/local/college/research/arl/code/sims/airsim/ros_ws/install/airsim_interfaces/lib/python3.8/site-packages/airsim_interfaces/msg/_environment_s.c
[1.291s] -- Up-to-date: /home/cthornton/data/local/college/research/arl/code/sims/airsim/ros_ws/install/airsim_interfaces/lib/python3.8/site-packages/airsim_interfaces/msg/_gimbal_angle_euler_cmd.py
[1.291s] -- Up-to-date: /home/cthornton/data/local/college/research/arl/code/sims/airsim/ros_ws/install/airsim_interfaces/lib/python3.8/site-packages/airsim_interfaces/msg/_gimbal_angle_euler_cmd_s.c
[1.291s] -- Up-to-date: /home/cthornton/data/local/college/research/arl/code/sims/airsim/ros_ws/install/airsim_interfaces/lib/python3.8/site-packages/airsim_interfaces/msg/_gimbal_angle_quat_cmd.py
[1.291s] -- Up-to-date: /home/cthornton/data/local/college/research/arl/code/sims/airsim/ros_ws/install/airsim_interfaces/lib/python3.8/site-packages/airsim_interfaces/msg/_gimbal_angle_quat_cmd_s.c
[1.291s] -- Up-to-date: /home/cthornton/data/local/college/research/arl/code/sims/airsim/ros_ws/install/airsim_interfaces/lib/python3.8/site-packages/airsim_interfaces/msg/_gps_yaw.py
[1.292s] -- Up-to-date: /home/cthornton/data/local/college/research/arl/code/sims/airsim/ros_ws/install/airsim_interfaces/lib/python3.8/site-packages/airsim_interfaces/msg/_gps_yaw_s.c
[1.292s] -- Up-to-date: /home/cthornton/data/local/college/research/arl/code/sims/airsim/ros_ws/install/airsim_interfaces/lib/python3.8/site-packages/airsim_interfaces/msg/_vel_cmd.py
[1.292s] -- Up-to-date: /home/cthornton/data/local/college/research/arl/code/sims/airsim/ros_ws/install/airsim_interfaces/lib/python3.8/site-packages/airsim_interfaces/msg/_vel_cmd_group.py
[1.292s] -- Up-to-date: /home/cthornton/data/local/college/research/arl/code/sims/airsim/ros_ws/install/airsim_interfaces/lib/python3.8/site-packages/airsim_interfaces/msg/_vel_cmd_group_s.c
[1.293s] -- Up-to-date: /home/cthornton/data/local/college/research/arl/code/sims/airsim/ros_ws/install/airsim_interfaces/lib/python3.8/site-packages/airsim_interfaces/msg/_vel_cmd_s.c
[1.293s] -- Up-to-date: /home/cthornton/data/local/college/research/arl/code/sims/airsim/ros_ws/install/airsim_interfaces/lib/python3.8/site-packages/airsim_interfaces/msg/__init__.py
[1.293s] -- Up-to-date: /home/cthornton/data/local/college/research/arl/code/sims/airsim/ros_ws/install/airsim_interfaces/lib/python3.8/site-packages/airsim_interfaces/srv
[1.293s] -- Up-to-date: /home/cthornton/data/local/college/research/arl/code/sims/airsim/ros_ws/install/airsim_interfaces/lib/python3.8/site-packages/airsim_interfaces/srv/_land.py
[1.294s] -- Up-to-date: /home/cthornton/data/local/college/research/arl/code/sims/airsim/ros_ws/install/airsim_interfaces/lib/python3.8/site-packages/airsim_interfaces/srv/_land_group.py
[1.294s] -- Up-to-date: /home/cthornton/data/local/college/research/arl/code/sims/airsim/ros_ws/install/airsim_interfaces/lib/python3.8/site-packages/airsim_interfaces/srv/_land_group_s.c
[1.294s] -- Up-to-date: /home/cthornton/data/local/college/research/arl/code/sims/airsim/ros_ws/install/airsim_interfaces/lib/python3.8/site-packages/airsim_interfaces/srv/_land_s.c
[1.294s] -- Up-to-date: /home/cthornton/data/local/college/research/arl/code/sims/airsim/ros_ws/install/airsim_interfaces/lib/python3.8/site-packages/airsim_interfaces/srv/_reset.py
[1.294s] -- Up-to-date: /home/cthornton/data/local/college/research/arl/code/sims/airsim/ros_ws/install/airsim_interfaces/lib/python3.8/site-packages/airsim_interfaces/srv/_reset_s.c
[1.294s] -- Up-to-date: /home/cthornton/data/local/college/research/arl/code/sims/airsim/ros_ws/install/airsim_interfaces/lib/python3.8/site-packages/airsim_interfaces/srv/_set_gps_position.py
[1.295s] -- Up-to-date: /home/cthornton/data/local/college/research/arl/code/sims/airsim/ros_ws/install/airsim_interfaces/lib/python3.8/site-packages/airsim_interfaces/srv/_set_gps_position_s.c
[1.295s] -- Up-to-date: /home/cthornton/data/local/college/research/arl/code/sims/airsim/ros_ws/install/airsim_interfaces/lib/python3.8/site-packages/airsim_interfaces/srv/_set_local_position.py
[1.295s] -- Up-to-date: /home/cthornton/data/local/college/research/arl/code/sims/airsim/ros_ws/install/airsim_interfaces/lib/python3.8/site-packages/airsim_interfaces/srv/_set_local_position_s.c
[1.295s] -- Up-to-date: /home/cthornton/data/local/college/research/arl/code/sims/airsim/ros_ws/install/airsim_interfaces/lib/python3.8/site-packages/airsim_interfaces/srv/_takeoff.py
[1.295s] -- Up-to-date: /home/cthornton/data/local/college/research/arl/code/sims/airsim/ros_ws/install/airsim_interfaces/lib/python3.8/site-packages/airsim_interfaces/srv/_takeoff_group.py
[1.296s] -- Up-to-date: /home/cthornton/data/local/college/research/arl/code/sims/airsim/ros_ws/install/airsim_interfaces/lib/python3.8/site-packages/airsim_interfaces/srv/_takeoff_group_s.c
[1.296s] -- Up-to-date: /home/cthornton/data/local/college/research/arl/code/sims/airsim/ros_ws/install/airsim_interfaces/lib/python3.8/site-packages/airsim_interfaces/srv/_takeoff_s.c
[1.296s] -- Up-to-date: /home/cthornton/data/local/college/research/arl/code/sims/airsim/ros_ws/install/airsim_interfaces/lib/python3.8/site-packages/airsim_interfaces/srv/__init__.py
[1.296s] -- Up-to-date: /home/cthornton/data/local/college/research/arl/code/sims/airsim/ros_ws/install/airsim_interfaces/lib/python3.8/site-packages/airsim_interfaces/airsim_interfaces_s__rosidl_typesupport_fastrtps_c.cpython-38-x86_64-linux-gnu.so
[1.296s] -- Up-to-date: /home/cthornton/data/local/college/research/arl/code/sims/airsim/ros_ws/install/airsim_interfaces/lib/python3.8/site-packages/airsim_interfaces/airsim_interfaces_s__rosidl_typesupport_introspection_c.cpython-38-x86_64-linux-gnu.so
[1.297s] -- Up-to-date: /home/cthornton/data/local/college/research/arl/code/sims/airsim/ros_ws/install/airsim_interfaces/lib/python3.8/site-packages/airsim_interfaces/airsim_interfaces_s__rosidl_typesupport_c.cpython-38-x86_64-linux-gnu.so
[1.299s] -- Up-to-date: /home/cthornton/data/local/college/research/arl/code/sims/airsim/ros_ws/install/airsim_interfaces/lib/libairsim_interfaces__python.so
[1.300s] -- Up-to-date: /home/cthornton/data/local/college/research/arl/code/sims/airsim/ros_ws/install/airsim_interfaces/share/airsim_interfaces/msg/GimbalAngleEulerCmd.idl
[1.300s] -- Up-to-date: /home/cthornton/data/local/college/research/arl/code/sims/airsim/ros_ws/install/airsim_interfaces/share/airsim_interfaces/msg/GimbalAngleQuatCmd.idl
[1.300s] -- Up-to-date: /home/cthornton/data/local/college/research/arl/code/sims/airsim/ros_ws/install/airsim_interfaces/share/airsim_interfaces/msg/GPSYaw.idl
[1.300s] -- Up-to-date: /home/cthornton/data/local/college/research/arl/code/sims/airsim/ros_ws/install/airsim_interfaces/share/airsim_interfaces/msg/VelCmd.idl
[1.301s] -- Up-to-date: /home/cthornton/data/local/college/research/arl/code/sims/airsim/ros_ws/install/airsim_interfaces/share/airsim_interfaces/msg/VelCmdGroup.idl
[1.301s] -- Up-to-date: /home/cthornton/data/local/college/research/arl/code/sims/airsim/ros_ws/install/airsim_interfaces/share/airsim_interfaces/msg/CarControls.idl
[1.301s] -- Up-to-date: /home/cthornton/data/local/college/research/arl/code/sims/airsim/ros_ws/install/airsim_interfaces/share/airsim_interfaces/msg/CarState.idl
[1.302s] -- Up-to-date: /home/cthornton/data/local/college/research/arl/code/sims/airsim/ros_ws/install/airsim_interfaces/share/airsim_interfaces/msg/Altimeter.idl
[1.302s] -- Up-to-date: /home/cthornton/data/local/college/research/arl/code/sims/airsim/ros_ws/install/airsim_interfaces/share/airsim_interfaces/msg/Environment.idl
[1.302s] -- Up-to-date: /home/cthornton/data/local/college/research/arl/code/sims/airsim/ros_ws/install/airsim_interfaces/share/airsim_interfaces/srv/SetGPSPosition.idl
[1.302s] -- Up-to-date: /home/cthornton/data/local/college/research/arl/code/sims/airsim/ros_ws/install/airsim_interfaces/share/airsim_interfaces/srv/Takeoff.idl
[1.303s] -- Up-to-date: /home/cthornton/data/local/college/research/arl/code/sims/airsim/ros_ws/install/airsim_interfaces/share/airsim_interfaces/srv/TakeoffGroup.idl
[1.303s] -- Up-to-date: /home/cthornton/data/local/college/research/arl/code/sims/airsim/ros_ws/install/airsim_interfaces/share/airsim_interfaces/srv/Land.idl
[1.303s] -- Up-to-date: /home/cthornton/data/local/college/research/arl/code/sims/airsim/ros_ws/install/airsim_interfaces/share/airsim_interfaces/srv/LandGroup.idl
[1.303s] -- Up-to-date: /home/cthornton/data/local/college/research/arl/code/sims/airsim/ros_ws/install/airsim_interfaces/share/airsim_interfaces/srv/Reset.idl
[1.303s] -- Up-to-date: /home/cthornton/data/local/college/research/arl/code/sims/airsim/ros_ws/install/airsim_interfaces/share/airsim_interfaces/srv/SetLocalPosition.idl
[1.304s] -- Up-to-date: /home/cthornton/data/local/college/research/arl/code/sims/airsim/ros_ws/install/airsim_interfaces/share/airsim_interfaces/msg/GimbalAngleEulerCmd.msg
[1.304s] -- Up-to-date: /home/cthornton/data/local/college/research/arl/code/sims/airsim/ros_ws/install/airsim_interfaces/share/airsim_interfaces/msg/GimbalAngleQuatCmd.msg
[1.305s] -- Up-to-date: /home/cthornton/data/local/college/research/arl/code/sims/airsim/ros_ws/install/airsim_interfaces/share/airsim_interfaces/msg/GPSYaw.msg
[1.305s] -- Up-to-date: /home/cthornton/data/local/college/research/arl/code/sims/airsim/ros_ws/install/airsim_interfaces/share/airsim_interfaces/msg/VelCmd.msg
[1.305s] -- Up-to-date: /home/cthornton/data/local/college/research/arl/code/sims/airsim/ros_ws/install/airsim_interfaces/share/airsim_interfaces/msg/VelCmdGroup.msg
[1.306s] -- Up-to-date: /home/cthornton/data/local/college/research/arl/code/sims/airsim/ros_ws/install/airsim_interfaces/share/airsim_interfaces/msg/CarControls.msg
[1.306s] -- Up-to-date: /home/cthornton/data/local/college/research/arl/code/sims/airsim/ros_ws/install/airsim_interfaces/share/airsim_interfaces/msg/CarState.msg
[1.306s] -- Up-to-date: /home/cthornton/data/local/college/research/arl/code/sims/airsim/ros_ws/install/airsim_interfaces/share/airsim_interfaces/msg/Altimeter.msg
[1.307s] -- Up-to-date: /home/cthornton/data/local/college/research/arl/code/sims/airsim/ros_ws/install/airsim_interfaces/share/airsim_interfaces/msg/Environment.msg
[1.307s] -- Up-to-date: /home/cthornton/data/local/college/research/arl/code/sims/airsim/ros_ws/install/airsim_interfaces/share/airsim_interfaces/srv/SetGPSPosition.srv
[1.308s] -- Up-to-date: /home/cthornton/data/local/college/research/arl/code/sims/airsim/ros_ws/install/airsim_interfaces/share/airsim_interfaces/srv/SetGPSPosition_Request.msg
[1.308s] -- Up-to-date: /home/cthornton/data/local/college/research/arl/code/sims/airsim/ros_ws/install/airsim_interfaces/share/airsim_interfaces/srv/SetGPSPosition_Response.msg
[1.308s] -- Up-to-date: /home/cthornton/data/local/college/research/arl/code/sims/airsim/ros_ws/install/airsim_interfaces/share/airsim_interfaces/srv/Takeoff.srv
[1.309s] -- Up-to-date: /home/cthornton/data/local/college/research/arl/code/sims/airsim/ros_ws/install/airsim_interfaces/share/airsim_interfaces/srv/Takeoff_Request.msg
[1.309s] -- Up-to-date: /home/cthornton/data/local/college/research/arl/code/sims/airsim/ros_ws/install/airsim_interfaces/share/airsim_interfaces/srv/Takeoff_Response.msg
[1.309s] -- Up-to-date: /home/cthornton/data/local/college/research/arl/code/sims/airsim/ros_ws/install/airsim_interfaces/share/airsim_interfaces/srv/TakeoffGroup.srv
[1.310s] -- Up-to-date: /home/cthornton/data/local/college/research/arl/code/sims/airsim/ros_ws/install/airsim_interfaces/share/airsim_interfaces/srv/TakeoffGroup_Request.msg
[1.310s] -- Up-to-date: /home/cthornton/data/local/college/research/arl/code/sims/airsim/ros_ws/install/airsim_interfaces/share/airsim_interfaces/srv/TakeoffGroup_Response.msg
[1.310s] -- Up-to-date: /home/cthornton/data/local/college/research/arl/code/sims/airsim/ros_ws/install/airsim_interfaces/share/airsim_interfaces/srv/Land.srv
[1.311s] -- Up-to-date: /home/cthornton/data/local/college/research/arl/code/sims/airsim/ros_ws/install/airsim_interfaces/share/airsim_interfaces/srv/Land_Request.msg
[1.311s] -- Up-to-date: /home/cthornton/data/local/college/research/arl/code/sims/airsim/ros_ws/install/airsim_interfaces/share/airsim_interfaces/srv/Land_Response.msg
[1.311s] -- Up-to-date: /home/cthornton/data/local/college/research/arl/code/sims/airsim/ros_ws/install/airsim_interfaces/share/airsim_interfaces/srv/LandGroup.srv
[1.311s] -- Up-to-date: /home/cthornton/data/local/college/research/arl/code/sims/airsim/ros_ws/install/airsim_interfaces/share/airsim_interfaces/srv/LandGroup_Request.msg
[1.312s] -- Up-to-date: /home/cthornton/data/local/college/research/arl/code/sims/airsim/ros_ws/install/airsim_interfaces/share/airsim_interfaces/srv/LandGroup_Response.msg
[1.312s] -- Up-to-date: /home/cthornton/data/local/college/research/arl/code/sims/airsim/ros_ws/install/airsim_interfaces/share/airsim_interfaces/srv/Reset.srv
[1.312s] -- Up-to-date: /home/cthornton/data/local/college/research/arl/code/sims/airsim/ros_ws/install/airsim_interfaces/share/airsim_interfaces/srv/Reset_Request.msg
[1.312s] -- Up-to-date: /home/cthornton/data/local/college/research/arl/code/sims/airsim/ros_ws/install/airsim_interfaces/share/airsim_interfaces/srv/Reset_Response.msg
[1.313s] -- Up-to-date: /home/cthornton/data/local/college/research/arl/code/sims/airsim/ros_ws/install/airsim_interfaces/share/airsim_interfaces/srv/SetLocalPosition.srv
[1.313s] -- Up-to-date: /home/cthornton/data/local/college/research/arl/code/sims/airsim/ros_ws/install/airsim_interfaces/share/airsim_interfaces/srv/SetLocalPosition_Request.msg
[1.313s] -- Up-to-date: /home/cthornton/data/local/college/research/arl/code/sims/airsim/ros_ws/install/airsim_interfaces/share/airsim_interfaces/srv/SetLocalPosition_Response.msg
[1.313s] -- Up-to-date: /home/cthornton/data/local/college/research/arl/code/sims/airsim/ros_ws/install/airsim_interfaces/share/ament_index/resource_index/package_run_dependencies/airsim_interfaces
[1.314s] -- Up-to-date: /home/cthornton/data/local/college/research/arl/code/sims/airsim/ros_ws/install/airsim_interfaces/share/ament_index/resource_index/parent_prefix_path/airsim_interfaces
[1.314s] -- Up-to-date: /home/cthornton/data/local/college/research/arl/code/sims/airsim/ros_ws/install/airsim_interfaces/share/airsim_interfaces/environment/ament_prefix_path.sh
[1.314s] -- Up-to-date: /home/cthornton/data/local/college/research/arl/code/sims/airsim/ros_ws/install/airsim_interfaces/share/airsim_interfaces/environment/ament_prefix_path.dsv
[1.314s] -- Up-to-date: /home/cthornton/data/local/college/research/arl/code/sims/airsim/ros_ws/install/airsim_interfaces/share/airsim_interfaces/environment/path.sh
[1.315s] -- Up-to-date: /home/cthornton/data/local/college/research/arl/code/sims/airsim/ros_ws/install/airsim_interfaces/share/airsim_interfaces/environment/path.dsv
[1.315s] -- Up-to-date: /home/cthornton/data/local/college/research/arl/code/sims/airsim/ros_ws/install/airsim_interfaces/share/airsim_interfaces/local_setup.bash
[1.315s] -- Up-to-date: /home/cthornton/data/local/college/research/arl/code/sims/airsim/ros_ws/install/airsim_interfaces/share/airsim_interfaces/local_setup.sh
[1.315s] -- Up-to-date: /home/cthornton/data/local/college/research/arl/code/sims/airsim/ros_ws/install/airsim_interfaces/share/airsim_interfaces/local_setup.zsh
[1.315s] -- Up-to-date: /home/cthornton/data/local/college/research/arl/code/sims/airsim/ros_ws/install/airsim_interfaces/share/airsim_interfaces/local_setup.dsv
[1.316s] -- Installing: /home/cthornton/data/local/college/research/arl/code/sims/airsim/ros_ws/install/airsim_interfaces/share/airsim_interfaces/package.dsv
[1.316s] -- Up-to-date: /home/cthornton/data/local/college/research/arl/code/sims/airsim/ros_ws/install/airsim_interfaces/share/ament_index/resource_index/packages/airsim_interfaces
[1.317s] -- Up-to-date: /home/cthornton/data/local/college/research/arl/code/sims/airsim/ros_ws/install/airsim_interfaces/share/airsim_interfaces/cmake/airsim_interfaces__rosidl_generator_cExport.cmake
[1.317s] -- Up-to-date: /home/cthornton/data/local/college/research/arl/code/sims/airsim/ros_ws/install/airsim_interfaces/share/airsim_interfaces/cmake/airsim_interfaces__rosidl_generator_cExport-debug.cmake
[1.317s] -- Up-to-date: /home/cthornton/data/local/college/research/arl/code/sims/airsim/ros_ws/install/airsim_interfaces/share/airsim_interfaces/cmake/airsim_interfaces__rosidl_typesupport_introspection_cExport.cmake
[1.318s] -- Up-to-date: /home/cthornton/data/local/college/research/arl/code/sims/airsim/ros_ws/install/airsim_interfaces/share/airsim_interfaces/cmake/airsim_interfaces__rosidl_typesupport_introspection_cExport-debug.cmake
[1.318s] -- Up-to-date: /home/cthornton/data/local/college/research/arl/code/sims/airsim/ros_ws/install/airsim_interfaces/share/airsim_interfaces/cmake/airsim_interfaces__rosidl_typesupport_cExport.cmake
[1.318s] -- Up-to-date: /home/cthornton/data/local/college/research/arl/code/sims/airsim/ros_ws/install/airsim_interfaces/share/airsim_interfaces/cmake/airsim_interfaces__rosidl_typesupport_cExport-debug.cmake
[1.318s] -- Up-to-date: /home/cthornton/data/local/college/research/arl/code/sims/airsim/ros_ws/install/airsim_interfaces/share/airsim_interfaces/cmake/airsim_interfaces__rosidl_generator_cppExport.cmake
[1.319s] -- Up-to-date: /home/cthornton/data/local/college/research/arl/code/sims/airsim/ros_ws/install/airsim_interfaces/share/airsim_interfaces/cmake/airsim_interfaces__rosidl_typesupport_introspection_cppExport.cmake
[1.319s] -- Up-to-date: /home/cthornton/data/local/college/research/arl/code/sims/airsim/ros_ws/install/airsim_interfaces/share/airsim_interfaces/cmake/airsim_interfaces__rosidl_typesupport_introspection_cppExport-debug.cmake
[1.319s] -- Up-to-date: /home/cthornton/data/local/college/research/arl/code/sims/airsim/ros_ws/install/airsim_interfaces/share/airsim_interfaces/cmake/airsim_interfaces__rosidl_typesupport_cppExport.cmake
[1.320s] -- Up-to-date: /home/cthornton/data/local/college/research/arl/code/sims/airsim/ros_ws/install/airsim_interfaces/share/airsim_interfaces/cmake/airsim_interfaces__rosidl_typesupport_cppExport-debug.cmake
[1.320s] -- Up-to-date: /home/cthornton/data/local/college/research/arl/code/sims/airsim/ros_ws/install/airsim_interfaces/share/airsim_interfaces/cmake/rosidl_cmake-extras.cmake
[1.321s] -- Up-to-date: /home/cthornton/data/local/college/research/arl/code/sims/airsim/ros_ws/install/airsim_interfaces/share/airsim_interfaces/cmake/ament_cmake_export_dependencies-extras.cmake
[1.321s] -- Up-to-date: /home/cthornton/data/local/college/research/arl/code/sims/airsim/ros_ws/install/airsim_interfaces/share/airsim_interfaces/cmake/ament_cmake_export_libraries-extras.cmake
[1.321s] -- Up-to-date: /home/cthornton/data/local/college/research/arl/code/sims/airsim/ros_ws/install/airsim_interfaces/share/airsim_interfaces/cmake/ament_cmake_export_targets-extras.cmake
[1.321s] -- Up-to-date: /home/cthornton/data/local/college/research/arl/code/sims/airsim/ros_ws/install/airsim_interfaces/share/airsim_interfaces/cmake/ament_cmake_export_include_directories-extras.cmake
[1.321s] -- Up-to-date: /home/cthornton/data/local/college/research/arl/code/sims/airsim/ros_ws/install/airsim_interfaces/share/airsim_interfaces/cmake/rosidl_cmake_export_typesupport_libraries-extras.cmake
[1.322s] -- Up-to-date: /home/cthornton/data/local/college/research/arl/code/sims/airsim/ros_ws/install/airsim_interfaces/share/airsim_interfaces/cmake/rosidl_cmake_export_typesupport_targets-extras.cmake
[1.322s] -- Up-to-date: /home/cthornton/data/local/college/research/arl/code/sims/airsim/ros_ws/install/airsim_interfaces/share/airsim_interfaces/cmake/airsim_interfacesConfig.cmake
[1.322s] -- Up-to-date: /home/cthornton/data/local/college/research/arl/code/sims/airsim/ros_ws/install/airsim_interfaces/share/airsim_interfaces/cmake/airsim_interfacesConfig-version.cmake
[1.323s] -- Up-to-date: /home/cthornton/data/local/college/research/arl/code/sims/airsim/ros_ws/install/airsim_interfaces/share/airsim_interfaces/package.xml
[1.332s] Invoked command in '/home/cthornton/data/local/college/research/arl/code/sims/airsim/ros_ws/build/airsim_interfaces' returned '0': CMAKE_PREFIX_PATH=/home/cthornton/data/local/college/research/arl/code/sims/airsim/ros_ws/install/hrlsim:/opt/ros/foxy:${CMAKE_PREFIX_PATH} /home/cthornton/.local/bin/cmake --install /home/cthornton/data/local/college/research/arl/code/sims/airsim/ros_ws/build/airsim_interfaces
