[ 42%] Built target MavLinkCom
[ 48%] Built target MavLinkTest
[ 69%] Built target rpc
[ 85%] Built target AirLib
[ 88%] Built target pd_position_controller_simple
[ 91%] Built target airsim_settings_parser
[ 92%] [32mBuilding CXX object CMakeFiles/airsim_ros.dir/src/airsim_ros_wrapper.cpp.o[0m
In file included from [01m[K/home/cthornton/data/local/college/research/arl/code/sims/airsim/AirSim2/external/rpclib/rpclib-2.3.0/include/rpc/msgpack/object.hpp:15[m[K,
                 from [01m[K/home/cthornton/data/local/college/research/arl/code/sims/airsim/AirSim2/external/rpclib/rpclib-2.3.0/include/rpc/msgpack.hpp:23[m[K,
                 from [01m[K/home/cthornton/data/local/college/research/arl/code/sims/airsim/AirSim2/external/rpclib/rpclib-2.3.0/include/rpc/rpc_error.h:9[m[K,
                 from [01m[K/home/cthornton/data/local/college/research/arl/code/sims/airsim/ros_ws/src/airsim_ros_pkgs/include/airsim_ros_wrapper.h:6[m[K,
                 from [01m[K/home/cthornton/data/local/college/research/arl/code/sims/airsim/ros_ws/src/airsim_ros_pkgs/src/airsim_ros_wrapper.cpp:1[m[K:
[01m[K/home/cthornton/data/local/college/research/arl/code/sims/airsim/AirSim2/external/rpclib/rpclib-2.3.0/include/rpc/msgpack/v1/object.hpp:[m[K In function ‘[01m[Kvoid clmdep_msgpack::v1::operator<<(clmdep_msgpack::v2::object&, const msgpack_object&)[m[K’:
[01m[K/home/cthornton/data/local/college/research/arl/code/sims/airsim/AirSim2/external/rpclib/rpclib-2.3.0/include/rpc/msgpack/v1/object.hpp:656:34:[m[K [01;35m[Kwarning: [m[K‘[01m[Kvoid* memcpy(void*, const void*, size_t)[m[K’ copying an object of non-trivial type ‘[01m[Kstruct clmdep_msgpack::v2::object[m[K’ from an array of ‘[01m[Kconst msgpack_object[m[K’ {aka ‘[01m[Kconst struct msgpack_object[m[K’} [[01;35m[K-Wclass-memaccess[m[K]
  656 |     std::memcpy(&o, &v, sizeof(v)[01;35m[K)[m[K;
      |                                  [01;35m[K^[m[K
In file included from [01m[K/home/cthornton/data/local/college/research/arl/code/sims/airsim/AirSim2/external/rpclib/rpclib-2.3.0/include/rpc/msgpack/object_fwd.hpp:17[m[K,
                 from [01m[K/home/cthornton/data/local/college/research/arl/code/sims/airsim/AirSim2/external/rpclib/rpclib-2.3.0/include/rpc/msgpack/v1/adaptor/adaptor_base_decl.hpp:14[m[K,
                 from [01m[K/home/cthornton/data/local/college/research/arl/code/sims/airsim/AirSim2/external/rpclib/rpclib-2.3.0/include/rpc/msgpack/adaptor/adaptor_base_decl.hpp:13[m[K,
                 from [01m[K/home/cthornton/data/local/college/research/arl/code/sims/airsim/AirSim2/external/rpclib/rpclib-2.3.0/include/rpc/msgpack/adaptor/adaptor_base.hpp:13[m[K,
                 from [01m[K/home/cthornton/data/local/college/research/arl/code/sims/airsim/AirSim2/external/rpclib/rpclib-2.3.0/include/rpc/msgpack/v1/object_decl.hpp:16[m[K,
                 from [01m[K/home/cthornton/data/local/college/research/arl/code/sims/airsim/AirSim2/external/rpclib/rpclib-2.3.0/include/rpc/msgpack/object_decl.hpp:14[m[K,
                 from [01m[K/home/cthornton/data/local/college/research/arl/code/sims/airsim/AirSim2/external/rpclib/rpclib-2.3.0/include/rpc/msgpack/object.hpp:13[m[K,
                 from [01m[K/home/cthornton/data/local/college/research/arl/code/sims/airsim/AirSim2/external/rpclib/rpclib-2.3.0/include/rpc/msgpack.hpp:23[m[K,
                 from [01m[K/home/cthornton/data/local/college/research/arl/code/sims/airsim/AirSim2/external/rpclib/rpclib-2.3.0/include/rpc/rpc_error.h:9[m[K,
                 from [01m[K/home/cthornton/data/local/college/research/arl/code/sims/airsim/ros_ws/src/airsim_ros_pkgs/include/airsim_ros_wrapper.h:6[m[K,
                 from [01m[K/home/cthornton/data/local/college/research/arl/code/sims/airsim/ros_ws/src/airsim_ros_pkgs/src/airsim_ros_wrapper.cpp:1[m[K:
[01m[K/home/cthornton/data/local/college/research/arl/code/sims/airsim/AirSim2/external/rpclib/rpclib-2.3.0/include/rpc/msgpack/v2/object_fwd.hpp:23:8:[m[K [01;36m[Knote: [m[K‘[01m[Kstruct clmdep_msgpack::v2::object[m[K’ declared here
   23 | struct [01;36m[Kobject[m[K : v1::object {
      |        [01;36m[K^~~~~~[m[K
In file included from [01m[K/home/cthornton/data/local/college/research/arl/code/sims/airsim/ros_ws/src/airsim_ros_pkgs/include/airsim_settings_parser.h:13[m[K,
                 from [01m[K/home/cthornton/data/local/college/research/arl/code/sims/airsim/ros_ws/src/airsim_ros_pkgs/include/airsim_ros_wrapper.h:9[m[K,
                 from [01m[K/home/cthornton/data/local/college/research/arl/code/sims/airsim/ros_ws/src/airsim_ros_pkgs/src/airsim_ros_wrapper.cpp:1[m[K:
[01m[K/home/cthornton/data/local/college/research/arl/code/sims/airsim/AirSim2/AirLib/include/common/AirSimSettings.hpp:[m[K In constructor ‘[01m[Kmsr::airlib::AirSimSettings::CameraSetting::CameraSetting()[m[K’:
[01m[K/home/cthornton/data/local/college/research/arl/code/sims/airsim/AirSim2/AirLib/include/common/AirSimSettings.hpp:197:13:[m[K [01;35m[Kwarning: [m[Knoexcept-expression evaluates to ‘[01m[Kfalse[m[K’ because of a call to ‘[01m[Kstatic msr::airlib::AirSimSettings::Rotation msr::airlib::AirSimSettings::Rotation::nanRotation()[m[K’ [[01;35m[K-Wnoexcept[m[K]
  197 |             [01;35m[K{[m[K
      |             [01;35m[K^[m[K
[01m[K/home/cthornton/data/local/college/research/arl/code/sims/airsim/AirSim2/AirLib/include/common/AirSimSettings.hpp:121:29:[m[K [01;35m[Kwarning: [m[Kbut ‘[01m[Kstatic msr::airlib::AirSimSettings::Rotation msr::airlib::AirSimSettings::Rotation::nanRotation()[m[K’ does not throw; perhaps it should be declared ‘[01m[Knoexcept[m[K’ [[01;35m[K-Wnoexcept[m[K]
  121 |             static Rotation [01;35m[KnanRotation[m[K()
      |                             [01;35m[K^~~~~~~~~~~[m[K
[01m[K/home/cthornton/data/local/college/research/arl/code/sims/airsim/AirSim2/AirLib/include/common/AirSimSettings.hpp:[m[K In constructor ‘[01m[Kmsr::airlib::AirSimSettings::AirSimSettings()[m[K’:
[01m[K/home/cthornton/data/local/college/research/arl/code/sims/airsim/AirSim2/AirLib/include/common/AirSimSettings.hpp:414:9:[m[K [01;35m[Kwarning: [m[Knoexcept-expression evaluates to ‘[01m[Kfalse[m[K’ because of a call to ‘[01m[Kstatic msr::airlib::AirSimSettings::Rotation msr::airlib::AirSimSettings::Rotation::nanRotation()[m[K’ [[01;35m[K-Wnoexcept[m[K]
  414 |         [01;35m[K{[m[K
      |         [01;35m[K^[m[K
[01m[K/home/cthornton/data/local/college/research/arl/code/sims/airsim/AirSim2/AirLib/include/common/AirSimSettings.hpp:121:29:[m[K [01;35m[Kwarning: [m[Kbut ‘[01m[Kstatic msr::airlib::AirSimSettings::Rotation msr::airlib::AirSimSettings::Rotation::nanRotation()[m[K’ does not throw; perhaps it should be declared ‘[01m[Knoexcept[m[K’ [[01;35m[K-Wnoexcept[m[K]
  121 |             static Rotation [01;35m[KnanRotation[m[K()
      |                             [01;35m[K^~~~~~~~~~~[m[K
[01m[K/home/cthornton/data/local/college/research/arl/code/sims/airsim/AirSim2/AirLib/include/common/AirSimSettings.hpp:414:9:[m[K [01;35m[Kwarning: [m[Knoexcept-expression evaluates to ‘[01m[Kfalse[m[K’ because of a call to ‘[01m[Kstatic constexpr T common_utils::Utils::nan() [with T = float][m[K’ [[01;35m[K-Wnoexcept[m[K]
  414 |         [01;35m[K{[m[K
      |         [01;35m[K^[m[K
In file included from [01m[K/home/cthornton/data/local/college/research/arl/code/sims/airsim/AirSim2/AirLib/include/common/Common.hpp:14[m[K,
                 from [01m[K/home/cthornton/data/local/college/research/arl/code/sims/airsim/AirSim2/AirLib/include/vehicles/multirotor/api/MultirotorRpcLibClient.hpp:7[m[K,
                 from [01m[K/home/cthornton/data/local/college/research/arl/code/sims/airsim/ros_ws/src/airsim_ros_pkgs/include/airsim_settings_parser.h:9[m[K,
                 from [01m[K/home/cthornton/data/local/college/research/arl/code/sims/airsim/ros_ws/src/airsim_ros_pkgs/include/airsim_ros_wrapper.h:9[m[K,
                 from [01m[K/home/cthornton/data/local/college/research/arl/code/sims/airsim/ros_ws/src/airsim_ros_pkgs/src/airsim_ros_wrapper.cpp:1[m[K:
[01m[K/home/cthornton/data/local/college/research/arl/code/sims/airsim/AirSim2/AirLib/include/common/common_utils/Utils.hpp:414:24:[m[K [01;35m[Kwarning: [m[Kbut ‘[01m[Kstatic constexpr T common_utils::Utils::nan() [with T = float][m[K’ does not throw; perhaps it should be declared ‘[01m[Knoexcept[m[K’ [[01;35m[K-Wnoexcept[m[K]
  414 |     static constexpr T [01;35m[Knan[m[K()
      |                        [01;35m[K^~~[m[K
In file included from [01m[K/home/cthornton/data/local/college/research/arl/code/sims/airsim/ros_ws/src/airsim_ros_pkgs/include/airsim_settings_parser.h:13[m[K,
                 from [01m[K/home/cthornton/data/local/college/research/arl/code/sims/airsim/ros_ws/src/airsim_ros_pkgs/include/airsim_ros_wrapper.h:9[m[K,
                 from [01m[K/home/cthornton/data/local/college/research/arl/code/sims/airsim/ros_ws/src/airsim_ros_pkgs/src/airsim_ros_wrapper.cpp:1[m[K:
[01m[K/home/cthornton/data/local/college/research/arl/code/sims/airsim/AirSim2/AirLib/include/common/AirSimSettings.hpp:[m[K In static member function ‘[01m[Kstatic void msr::airlib::AirSimSettings::initializeCaptureSettings(std::map<int, msr::airlib::AirSimSettings::CaptureSetting>&)[m[K’:
[01m[K/home/cthornton/data/local/college/research/arl/code/sims/airsim/AirSim2/AirLib/include/common/AirSimSettings.hpp:701:54:[m[K [01;35m[Kwarning: [m[Knoexcept-expression evaluates to ‘[01m[Kfalse[m[K’ because of a call to ‘[01m[Kstatic constexpr T common_utils::Utils::nan() [with T = float][m[K’ [[01;35m[K-Wnoexcept[m[K]
  701 |                 capture_settings[i] = CaptureSetting([01;35m[K)[m[K;
      |                                                      [01;35m[K^[m[K
In file included from [01m[K/home/cthornton/data/local/college/research/arl/code/sims/airsim/AirSim2/AirLib/include/common/Common.hpp:14[m[K,
                 from [01m[K/home/cthornton/data/local/college/research/arl/code/sims/airsim/AirSim2/AirLib/include/vehicles/multirotor/api/MultirotorRpcLibClient.hpp:7[m[K,
                 from [01m[K/home/cthornton/data/local/college/research/arl/code/sims/airsim/ros_ws/src/airsim_ros_pkgs/include/airsim_settings_parser.h:9[m[K,
                 from [01m[K/home/cthornton/data/local/college/research/arl/code/sims/airsim/ros_ws/src/airsim_ros_pkgs/include/airsim_ros_wrapper.h:9[m[K,
                 from [01m[K/home/cthornton/data/local/college/research/arl/code/sims/airsim/ros_ws/src/airsim_ros_pkgs/src/airsim_ros_wrapper.cpp:1[m[K:
[01m[K/home/cthornton/data/local/college/research/arl/code/sims/airsim/AirSim2/AirLib/include/common/common_utils/Utils.hpp:414:24:[m[K [01;35m[Kwarning: [m[Kbut ‘[01m[Kstatic constexpr T common_utils::Utils::nan() [with T = float][m[K’ does not throw; perhaps it should be declared ‘[01m[Knoexcept[m[K’ [[01;35m[K-Wnoexcept[m[K]
  414 |     static constexpr T [01;35m[Knan[m[K()
      |                        [01;35m[K^~~[m[K
In file included from [01m[K/home/cthornton/data/local/college/research/arl/code/sims/airsim/ros_ws/src/airsim_ros_pkgs/include/airsim_settings_parser.h:13[m[K,
                 from [01m[K/home/cthornton/data/local/college/research/arl/code/sims/airsim/ros_ws/src/airsim_ros_pkgs/include/airsim_ros_wrapper.h:9[m[K,
                 from [01m[K/home/cthornton/data/local/college/research/arl/code/sims/airsim/ros_ws/src/airsim_ros_pkgs/src/airsim_ros_wrapper.cpp:1[m[K:
[01m[K/home/cthornton/data/local/college/research/arl/code/sims/airsim/AirSim2/AirLib/include/common/AirSimSettings.hpp:701:54:[m[K [01;35m[Kwarning: [m[Knoexcept-expression evaluates to ‘[01m[Kfalse[m[K’ because of a call to ‘[01m[Kstatic constexpr T common_utils::Utils::nan() [with T = float][m[K’ [[01;35m[K-Wnoexcept[m[K]
  701 |                 capture_settings[i] = CaptureSetting([01;35m[K)[m[K;
      |                                                      [01;35m[K^[m[K
In file included from [01m[K/home/cthornton/data/local/college/research/arl/code/sims/airsim/AirSim2/AirLib/include/common/Common.hpp:14[m[K,
                 from [01m[K/home/cthornton/data/local/college/research/arl/code/sims/airsim/AirSim2/AirLib/include/vehicles/multirotor/api/MultirotorRpcLibClient.hpp:7[m[K,
                 from [01m[K/home/cthornton/data/local/college/research/arl/code/sims/airsim/ros_ws/src/airsim_ros_pkgs/include/airsim_settings_parser.h:9[m[K,
                 from [01m[K/home/cthornton/data/local/college/research/arl/code/sims/airsim/ros_ws/src/airsim_ros_pkgs/include/airsim_ros_wrapper.h:9[m[K,
                 from [01m[K/home/cthornton/data/local/college/research/arl/code/sims/airsim/ros_ws/src/airsim_ros_pkgs/src/airsim_ros_wrapper.cpp:1[m[K:
[01m[K/home/cthornton/data/local/college/research/arl/code/sims/airsim/AirSim2/AirLib/include/common/common_utils/Utils.hpp:414:24:[m[K [01;35m[Kwarning: [m[Kbut ‘[01m[Kstatic constexpr T common_utils::Utils::nan() [with T = float][m[K’ does not throw; perhaps it should be declared ‘[01m[Knoexcept[m[K’ [[01;35m[K-Wnoexcept[m[K]
  414 |     static constexpr T [01;35m[Knan[m[K()
      |                        [01;35m[K^~~[m[K
In file included from [01m[K/home/cthornton/data/local/college/research/arl/code/sims/airsim/ros_ws/src/airsim_ros_pkgs/include/airsim_settings_parser.h:13[m[K,
                 from [01m[K/home/cthornton/data/local/college/research/arl/code/sims/airsim/ros_ws/src/airsim_ros_pkgs/include/airsim_ros_wrapper.h:9[m[K,
                 from [01m[K/home/cthornton/data/local/college/research/arl/code/sims/airsim/ros_ws/src/airsim_ros_pkgs/src/airsim_ros_wrapper.cpp:1[m[K:
[01m[K/home/cthornton/data/local/college/research/arl/code/sims/airsim/AirSim2/AirLib/include/common/AirSimSettings.hpp:701:54:[m[K [01;35m[Kwarning: [m[Knoexcept-expression evaluates to ‘[01m[Kfalse[m[K’ because of a call to ‘[01m[Kstatic constexpr T common_utils::Utils::nan() [with T = float][m[K’ [[01;35m[K-Wnoexcept[m[K]
  701 |                 capture_settings[i] = CaptureSetting([01;35m[K)[m[K;
      |                                                      [01;35m[K^[m[K
In file included from [01m[K/home/cthornton/data/local/college/research/arl/code/sims/airsim/AirSim2/AirLib/include/common/Common.hpp:14[m[K,
                 from [01m[K/home/cthornton/data/local/college/research/arl/code/sims/airsim/AirSim2/AirLib/include/vehicles/multirotor/api/MultirotorRpcLibClient.hpp:7[m[K,
                 from [01m[K/home/cthornton/data/local/college/research/arl/code/sims/airsim/ros_ws/src/airsim_ros_pkgs/include/airsim_settings_parser.h:9[m[K,
                 from [01m[K/home/cthornton/data/local/college/research/arl/code/sims/airsim/ros_ws/src/airsim_ros_pkgs/include/airsim_ros_wrapper.h:9[m[K,
                 from [01m[K/home/cthornton/data/local/college/research/arl/code/sims/airsim/ros_ws/src/airsim_ros_pkgs/src/airsim_ros_wrapper.cpp:1[m[K:
[01m[K/home/cthornton/data/local/college/research/arl/code/sims/airsim/AirSim2/AirLib/include/common/common_utils/Utils.hpp:414:24:[m[K [01;35m[Kwarning: [m[Kbut ‘[01m[Kstatic constexpr T common_utils::Utils::nan() [with T = float][m[K’ does not throw; perhaps it should be declared ‘[01m[Knoexcept[m[K’ [[01;35m[K-Wnoexcept[m[K]
  414 |     static constexpr T [01;35m[Knan[m[K()
      |                        [01;35m[K^~~[m[K
In file included from [01m[K/home/cthornton/data/local/college/research/arl/code/sims/airsim/ros_ws/src/airsim_ros_pkgs/include/airsim_settings_parser.h:13[m[K,
                 from [01m[K/home/cthornton/data/local/college/research/arl/code/sims/airsim/ros_ws/src/airsim_ros_pkgs/include/airsim_ros_wrapper.h:9[m[K,
                 from [01m[K/home/cthornton/data/local/college/research/arl/code/sims/airsim/ros_ws/src/airsim_ros_pkgs/src/airsim_ros_wrapper.cpp:1[m[K:
[01m[K/home/cthornton/data/local/college/research/arl/code/sims/airsim/AirSim2/AirLib/include/common/AirSimSettings.hpp:701:54:[m[K [01;35m[Kwarning: [m[Knoexcept-expression evaluates to ‘[01m[Kfalse[m[K’ because of a call to ‘[01m[Kstatic constexpr T common_utils::Utils::nan() [with T = float][m[K’ [[01;35m[K-Wnoexcept[m[K]
  701 |                 capture_settings[i] = CaptureSetting([01;35m[K)[m[K;
      |                                                      [01;35m[K^[m[K
In file included from [01m[K/home/cthornton/data/local/college/research/arl/code/sims/airsim/AirSim2/AirLib/include/common/Common.hpp:14[m[K,
                 from [01m[K/home/cthornton/data/local/college/research/arl/code/sims/airsim/AirSim2/AirLib/include/vehicles/multirotor/api/MultirotorRpcLibClient.hpp:7[m[K,
                 from [01m[K/home/cthornton/data/local/college/research/arl/code/sims/airsim/ros_ws/src/airsim_ros_pkgs/include/airsim_settings_parser.h:9[m[K,
                 from [01m[K/home/cthornton/data/local/college/research/arl/code/sims/airsim/ros_ws/src/airsim_ros_pkgs/include/airsim_ros_wrapper.h:9[m[K,
                 from [01m[K/home/cthornton/data/local/college/research/arl/code/sims/airsim/ros_ws/src/airsim_ros_pkgs/src/airsim_ros_wrapper.cpp:1[m[K:
[01m[K/home/cthornton/data/local/college/research/arl/code/sims/airsim/AirSim2/AirLib/include/common/common_utils/Utils.hpp:414:24:[m[K [01;35m[Kwarning: [m[Kbut ‘[01m[Kstatic constexpr T common_utils::Utils::nan() [with T = float][m[K’ does not throw; perhaps it should be declared ‘[01m[Knoexcept[m[K’ [[01;35m[K-Wnoexcept[m[K]
  414 |     static constexpr T [01;35m[Knan[m[K()
      |                        [01;35m[K^~~[m[K
In file included from [01m[K/home/cthornton/data/local/college/research/arl/code/sims/airsim/ros_ws/src/airsim_ros_pkgs/include/airsim_settings_parser.h:13[m[K,
                 from [01m[K/home/cthornton/data/local/college/research/arl/code/sims/airsim/ros_ws/src/airsim_ros_pkgs/include/airsim_ros_wrapper.h:9[m[K,
                 from [01m[K/home/cthornton/data/local/college/research/arl/code/sims/airsim/ros_ws/src/airsim_ros_pkgs/src/airsim_ros_wrapper.cpp:1[m[K:
[01m[K/home/cthornton/data/local/college/research/arl/code/sims/airsim/AirSim2/AirLib/include/common/AirSimSettings.hpp:701:54:[m[K [01;35m[Kwarning: [m[Knoexcept-expression evaluates to ‘[01m[Kfalse[m[K’ because of a call to ‘[01m[Kstatic constexpr T common_utils::Utils::nan() [with T = float][m[K’ [[01;35m[K-Wnoexcept[m[K]
  701 |                 capture_settings[i] = CaptureSetting([01;35m[K)[m[K;
      |                                                      [01;35m[K^[m[K
In file included from [01m[K/home/cthornton/data/local/college/research/arl/code/sims/airsim/AirSim2/AirLib/include/common/Common.hpp:14[m[K,
                 from [01m[K/home/cthornton/data/local/college/research/arl/code/sims/airsim/AirSim2/AirLib/include/vehicles/multirotor/api/MultirotorRpcLibClient.hpp:7[m[K,
                 from [01m[K/home/cthornton/data/local/college/research/arl/code/sims/airsim/ros_ws/src/airsim_ros_pkgs/include/airsim_settings_parser.h:9[m[K,
                 from [01m[K/home/cthornton/data/local/college/research/arl/code/sims/airsim/ros_ws/src/airsim_ros_pkgs/include/airsim_ros_wrapper.h:9[m[K,
                 from [01m[K/home/cthornton/data/local/college/research/arl/code/sims/airsim/ros_ws/src/airsim_ros_pkgs/src/airsim_ros_wrapper.cpp:1[m[K:
[01m[K/home/cthornton/data/local/college/research/arl/code/sims/airsim/AirSim2/AirLib/include/common/common_utils/Utils.hpp:414:24:[m[K [01;35m[Kwarning: [m[Kbut ‘[01m[Kstatic constexpr T common_utils::Utils::nan() [with T = float][m[K’ does not throw; perhaps it should be declared ‘[01m[Knoexcept[m[K’ [[01;35m[K-Wnoexcept[m[K]
  414 |     static constexpr T [01;35m[Knan[m[K()
      |                        [01;35m[K^~~[m[K
In file included from [01m[K/home/cthornton/data/local/college/research/arl/code/sims/airsim/ros_ws/src/airsim_ros_pkgs/include/airsim_settings_parser.h:13[m[K,
                 from [01m[K/home/cthornton/data/local/college/research/arl/code/sims/airsim/ros_ws/src/airsim_ros_pkgs/include/airsim_ros_wrapper.h:9[m[K,
                 from [01m[K/home/cthornton/data/local/college/research/arl/code/sims/airsim/ros_ws/src/airsim_ros_pkgs/src/airsim_ros_wrapper.cpp:1[m[K:
[01m[K/home/cthornton/data/local/college/research/arl/code/sims/airsim/AirSim2/AirLib/include/common/AirSimSettings.hpp:701:54:[m[K [01;35m[Kwarning: [m[Knoexcept-expression evaluates to ‘[01m[Kfalse[m[K’ because of a call to ‘[01m[Kstatic constexpr T common_utils::Utils::nan() [with T = float][m[K’ [[01;35m[K-Wnoexcept[m[K]
  701 |                 capture_settings[i] = CaptureSetting([01;35m[K)[m[K;
      |                                                      [01;35m[K^[m[K
In file included from [01m[K/home/cthornton/data/local/college/research/arl/code/sims/airsim/AirSim2/AirLib/include/common/Common.hpp:14[m[K,
                 from [01m[K/home/cthornton/data/local/college/research/arl/code/sims/airsim/AirSim2/AirLib/include/vehicles/multirotor/api/MultirotorRpcLibClient.hpp:7[m[K,
                 from [01m[K/home/cthornton/data/local/college/research/arl/code/sims/airsim/ros_ws/src/airsim_ros_pkgs/include/airsim_settings_parser.h:9[m[K,
                 from [01m[K/home/cthornton/data/local/college/research/arl/code/sims/airsim/ros_ws/src/airsim_ros_pkgs/include/airsim_ros_wrapper.h:9[m[K,
                 from [01m[K/home/cthornton/data/local/college/research/arl/code/sims/airsim/ros_ws/src/airsim_ros_pkgs/src/airsim_ros_wrapper.cpp:1[m[K:
[01m[K/home/cthornton/data/local/college/research/arl/code/sims/airsim/AirSim2/AirLib/include/common/common_utils/Utils.hpp:414:24:[m[K [01;35m[Kwarning: [m[Kbut ‘[01m[Kstatic constexpr T common_utils::Utils::nan() [with T = float][m[K’ does not throw; perhaps it should be declared ‘[01m[Knoexcept[m[K’ [[01;35m[K-Wnoexcept[m[K]
  414 |     static constexpr T [01;35m[Knan[m[K()
      |                        [01;35m[K^~~[m[K
In file included from [01m[K/home/cthornton/data/local/college/research/arl/code/sims/airsim/ros_ws/src/airsim_ros_pkgs/include/airsim_settings_parser.h:13[m[K,
                 from [01m[K/home/cthornton/data/local/college/research/arl/code/sims/airsim/ros_ws/src/airsim_ros_pkgs/include/airsim_ros_wrapper.h:9[m[K,
                 from [01m[K/home/cthornton/data/local/college/research/arl/code/sims/airsim/ros_ws/src/airsim_ros_pkgs/src/airsim_ros_wrapper.cpp:1[m[K:
[01m[K/home/cthornton/data/local/college/research/arl/code/sims/airsim/AirSim2/AirLib/include/common/AirSimSettings.hpp:701:54:[m[K [01;35m[Kwarning: [m[Knoexcept-expression evaluates to ‘[01m[Kfalse[m[K’ because of a call to ‘[01m[Kstatic constexpr T common_utils::Utils::nan() [with T = float][m[K’ [[01;35m[K-Wnoexcept[m[K]
  701 |                 capture_settings[i] = CaptureSetting([01;35m[K)[m[K;
      |                                                      [01;35m[K^[m[K
In file included from [01m[K/home/cthornton/data/local/college/research/arl/code/sims/airsim/AirSim2/AirLib/include/common/Common.hpp:14[m[K,
                 from [01m[K/home/cthornton/data/local/college/research/arl/code/sims/airsim/AirSim2/AirLib/include/vehicles/multirotor/api/MultirotorRpcLibClient.hpp:7[m[K,
                 from [01m[K/home/cthornton/data/local/college/research/arl/code/sims/airsim/ros_ws/src/airsim_ros_pkgs/include/airsim_settings_parser.h:9[m[K,
                 from [01m[K/home/cthornton/data/local/college/research/arl/code/sims/airsim/ros_ws/src/airsim_ros_pkgs/include/airsim_ros_wrapper.h:9[m[K,
                 from [01m[K/home/cthornton/data/local/college/research/arl/code/sims/airsim/ros_ws/src/airsim_ros_pkgs/src/airsim_ros_wrapper.cpp:1[m[K:
[01m[K/home/cthornton/data/local/college/research/arl/code/sims/airsim/AirSim2/AirLib/include/common/common_utils/Utils.hpp:414:24:[m[K [01;35m[Kwarning: [m[Kbut ‘[01m[Kstatic constexpr T common_utils::Utils::nan() [with T = float][m[K’ does not throw; perhaps it should be declared ‘[01m[Knoexcept[m[K’ [[01;35m[K-Wnoexcept[m[K]
  414 |     static constexpr T [01;35m[Knan[m[K()
      |                        [01;35m[K^~~[m[K
In file included from [01m[K/home/cthornton/data/local/college/research/arl/code/sims/airsim/ros_ws/src/airsim_ros_pkgs/include/airsim_settings_parser.h:13[m[K,
                 from [01m[K/home/cthornton/data/local/college/research/arl/code/sims/airsim/ros_ws/src/airsim_ros_pkgs/include/airsim_ros_wrapper.h:9[m[K,
                 from [01m[K/home/cthornton/data/local/college/research/arl/code/sims/airsim/ros_ws/src/airsim_ros_pkgs/src/airsim_ros_wrapper.cpp:1[m[K:
[01m[K/home/cthornton/data/local/college/research/arl/code/sims/airsim/AirSim2/AirLib/include/common/AirSimSettings.hpp:701:54:[m[K [01;35m[Kwarning: [m[Knoexcept-expression evaluates to ‘[01m[Kfalse[m[K’ because of a call to ‘[01m[Kstatic constexpr T common_utils::Utils::nan() [with T = float][m[K’ [[01;35m[K-Wnoexcept[m[K]
  701 |                 capture_settings[i] = CaptureSetting([01;35m[K)[m[K;
      |                                                      [01;35m[K^[m[K
In file included from [01m[K/home/cthornton/data/local/college/research/arl/code/sims/airsim/AirSim2/AirLib/include/common/Common.hpp:14[m[K,
                 from [01m[K/home/cthornton/data/local/college/research/arl/code/sims/airsim/AirSim2/AirLib/include/vehicles/multirotor/api/MultirotorRpcLibClient.hpp:7[m[K,
                 from [01m[K/home/cthornton/data/local/college/research/arl/code/sims/airsim/ros_ws/src/airsim_ros_pkgs/include/airsim_settings_parser.h:9[m[K,
                 from [01m[K/home/cthornton/data/local/college/research/arl/code/sims/airsim/ros_ws/src/airsim_ros_pkgs/include/airsim_ros_wrapper.h:9[m[K,
                 from [01m[K/home/cthornton/data/local/college/research/arl/code/sims/airsim/ros_ws/src/airsim_ros_pkgs/src/airsim_ros_wrapper.cpp:1[m[K:
[01m[K/home/cthornton/data/local/college/research/arl/code/sims/airsim/AirSim2/AirLib/include/common/common_utils/Utils.hpp:414:24:[m[K [01;35m[Kwarning: [m[Kbut ‘[01m[Kstatic constexpr T common_utils::Utils::nan() [with T = float][m[K’ does not throw; perhaps it should be declared ‘[01m[Knoexcept[m[K’ [[01;35m[K-Wnoexcept[m[K]
  414 |     static constexpr T [01;35m[Knan[m[K()
      |                        [01;35m[K^~~[m[K
In file included from [01m[K/home/cthornton/data/local/college/research/arl/code/sims/airsim/ros_ws/src/airsim_ros_pkgs/include/airsim_settings_parser.h:13[m[K,
                 from [01m[K/home/cthornton/data/local/college/research/arl/code/sims/airsim/ros_ws/src/airsim_ros_pkgs/include/airsim_ros_wrapper.h:9[m[K,
                 from [01m[K/home/cthornton/data/local/college/research/arl/code/sims/airsim/ros_ws/src/airsim_ros_pkgs/src/airsim_ros_wrapper.cpp:1[m[K:
[01m[K/home/cthornton/data/local/college/research/arl/code/sims/airsim/AirSim2/AirLib/include/common/AirSimSettings.hpp:701:54:[m[K [01;35m[Kwarning: [m[Knoexcept-expression evaluates to ‘[01m[Kfalse[m[K’ because of a call to ‘[01m[Kstatic constexpr T common_utils::Utils::nan() [with T = float][m[K’ [[01;35m[K-Wnoexcept[m[K]
  701 |                 capture_settings[i] = CaptureSetting([01;35m[K)[m[K;
      |                                                      [01;35m[K^[m[K
In file included from [01m[K/home/cthornton/data/local/college/research/arl/code/sims/airsim/AirSim2/AirLib/include/common/Common.hpp:14[m[K,
                 from [01m[K/home/cthornton/data/local/college/research/arl/code/sims/airsim/AirSim2/AirLib/include/vehicles/multirotor/api/MultirotorRpcLibClient.hpp:7[m[K,
                 from [01m[K/home/cthornton/data/local/college/research/arl/code/sims/airsim/ros_ws/src/airsim_ros_pkgs/include/airsim_settings_parser.h:9[m[K,
                 from [01m[K/home/cthornton/data/local/college/research/arl/code/sims/airsim/ros_ws/src/airsim_ros_pkgs/include/airsim_ros_wrapper.h:9[m[K,
                 from [01m[K/home/cthornton/data/local/college/research/arl/code/sims/airsim/ros_ws/src/airsim_ros_pkgs/src/airsim_ros_wrapper.cpp:1[m[K:
[01m[K/home/cthornton/data/local/college/research/arl/code/sims/airsim/AirSim2/AirLib/include/common/common_utils/Utils.hpp:414:24:[m[K [01;35m[Kwarning: [m[Kbut ‘[01m[Kstatic constexpr T common_utils::Utils::nan() [with T = float][m[K’ does not throw; perhaps it should be declared ‘[01m[Knoexcept[m[K’ [[01;35m[K-Wnoexcept[m[K]
  414 |     static constexpr T [01;35m[Knan[m[K()
      |                        [01;35m[K^~~[m[K
In file included from [01m[K/home/cthornton/data/local/college/research/arl/code/sims/airsim/ros_ws/src/airsim_ros_pkgs/include/airsim_settings_parser.h:13[m[K,
                 from [01m[K/home/cthornton/data/local/college/research/arl/code/sims/airsim/ros_ws/src/airsim_ros_pkgs/include/airsim_ros_wrapper.h:9[m[K,
                 from [01m[K/home/cthornton/data/local/college/research/arl/code/sims/airsim/ros_ws/src/airsim_ros_pkgs/src/airsim_ros_wrapper.cpp:1[m[K:
[01m[K/home/cthornton/data/local/college/research/arl/code/sims/airsim/AirSim2/AirLib/include/common/AirSimSettings.hpp:701:54:[m[K [01;35m[Kwarning: [m[Knoexcept-expression evaluates to ‘[01m[Kfalse[m[K’ because of a call to ‘[01m[Kstatic constexpr T common_utils::Utils::nan() [with T = float][m[K’ [[01;35m[K-Wnoexcept[m[K]
  701 |                 capture_settings[i] = CaptureSetting([01;35m[K)[m[K;
      |                                                      [01;35m[K^[m[K
In file included from [01m[K/home/cthornton/data/local/college/research/arl/code/sims/airsim/AirSim2/AirLib/include/common/Common.hpp:14[m[K,
                 from [01m[K/home/cthornton/data/local/college/research/arl/code/sims/airsim/AirSim2/AirLib/include/vehicles/multirotor/api/MultirotorRpcLibClient.hpp:7[m[K,
                 from [01m[K/home/cthornton/data/local/college/research/arl/code/sims/airsim/ros_ws/src/airsim_ros_pkgs/include/airsim_settings_parser.h:9[m[K,
                 from [01m[K/home/cthornton/data/local/college/research/arl/code/sims/airsim/ros_ws/src/airsim_ros_pkgs/include/airsim_ros_wrapper.h:9[m[K,
                 from [01m[K/home/cthornton/data/local/college/research/arl/code/sims/airsim/ros_ws/src/airsim_ros_pkgs/src/airsim_ros_wrapper.cpp:1[m[K:
[01m[K/home/cthornton/data/local/college/research/arl/code/sims/airsim/AirSim2/AirLib/include/common/common_utils/Utils.hpp:414:24:[m[K [01;35m[Kwarning: [m[Kbut ‘[01m[Kstatic constexpr T common_utils::Utils::nan() [with T = float][m[K’ does not throw; perhaps it should be declared ‘[01m[Knoexcept[m[K’ [[01;35m[K-Wnoexcept[m[K]
  414 |     static constexpr T [01;35m[Knan[m[K()
      |                        [01;35m[K^~~[m[K
In file included from [01m[K/home/cthornton/data/local/college/research/arl/code/sims/airsim/ros_ws/src/airsim_ros_pkgs/include/airsim_settings_parser.h:13[m[K,
                 from [01m[K/home/cthornton/data/local/college/research/arl/code/sims/airsim/ros_ws/src/airsim_ros_pkgs/include/airsim_ros_wrapper.h:9[m[K,
                 from [01m[K/home/cthornton/data/local/college/research/arl/code/sims/airsim/ros_ws/src/airsim_ros_pkgs/src/airsim_ros_wrapper.cpp:1[m[K:
[01m[K/home/cthornton/data/local/college/research/arl/code/sims/airsim/AirSim2/AirLib/include/common/AirSimSettings.hpp:701:54:[m[K [01;35m[Kwarning: [m[Knoexcept-expression evaluates to ‘[01m[Kfalse[m[K’ because of a call to ‘[01m[Kstatic constexpr T common_utils::Utils::nan() [with T = float][m[K’ [[01;35m[K-Wnoexcept[m[K]
  701 |                 capture_settings[i] = CaptureSetting([01;35m[K)[m[K;
      |                                                      [01;35m[K^[m[K
In file included from [01m[K/home/cthornton/data/local/college/research/arl/code/sims/airsim/AirSim2/AirLib/include/common/Common.hpp:14[m[K,
                 from [01m[K/home/cthornton/data/local/college/research/arl/code/sims/airsim/AirSim2/AirLib/include/vehicles/multirotor/api/MultirotorRpcLibClient.hpp:7[m[K,
                 from [01m[K/home/cthornton/data/local/college/research/arl/code/sims/airsim/ros_ws/src/airsim_ros_pkgs/include/airsim_settings_parser.h:9[m[K,
                 from [01m[K/home/cthornton/data/local/college/research/arl/code/sims/airsim/ros_ws/src/airsim_ros_pkgs/include/airsim_ros_wrapper.h:9[m[K,
                 from [01m[K/home/cthornton/data/local/college/research/arl/code/sims/airsim/ros_ws/src/airsim_ros_pkgs/src/airsim_ros_wrapper.cpp:1[m[K:
[01m[K/home/cthornton/data/local/college/research/arl/code/sims/airsim/AirSim2/AirLib/include/common/common_utils/Utils.hpp:414:24:[m[K [01;35m[Kwarning: [m[Kbut ‘[01m[Kstatic constexpr T common_utils::Utils::nan() [with T = float][m[K’ does not throw; perhaps it should be declared ‘[01m[Knoexcept[m[K’ [[01;35m[K-Wnoexcept[m[K]
  414 |     static constexpr T [01;35m[Knan[m[K()
      |                        [01;35m[K^~~[m[K
In file included from [01m[K/home/cthornton/data/local/college/research/arl/code/sims/airsim/ros_ws/src/airsim_ros_pkgs/include/airsim_settings_parser.h:13[m[K,
                 from [01m[K/home/cthornton/data/local/college/research/arl/code/sims/airsim/ros_ws/src/airsim_ros_pkgs/include/airsim_ros_wrapper.h:9[m[K,
                 from [01m[K/home/cthornton/data/local/college/research/arl/code/sims/airsim/ros_ws/src/airsim_ros_pkgs/src/airsim_ros_wrapper.cpp:1[m[K:
[01m[K/home/cthornton/data/local/college/research/arl/code/sims/airsim/AirSim2/AirLib/include/common/AirSimSettings.hpp:701:54:[m[K [01;35m[Kwarning: [m[Knoexcept-expression evaluates to ‘[01m[Kfalse[m[K’ because of a call to ‘[01m[Kstatic constexpr T common_utils::Utils::nan() [with T = float][m[K’ [[01;35m[K-Wnoexcept[m[K]
  701 |                 capture_settings[i] = CaptureSetting([01;35m[K)[m[K;
      |                                                      [01;35m[K^[m[K
In file included from [01m[K/home/cthornton/data/local/college/research/arl/code/sims/airsim/AirSim2/AirLib/include/common/Common.hpp:14[m[K,
                 from [01m[K/home/cthornton/data/local/college/research/arl/code/sims/airsim/AirSim2/AirLib/include/vehicles/multirotor/api/MultirotorRpcLibClient.hpp:7[m[K,
                 from [01m[K/home/cthornton/data/local/college/research/arl/code/sims/airsim/ros_ws/src/airsim_ros_pkgs/include/airsim_settings_parser.h:9[m[K,
                 from [01m[K/home/cthornton/data/local/college/research/arl/code/sims/airsim/ros_ws/src/airsim_ros_pkgs/include/airsim_ros_wrapper.h:9[m[K,
                 from [01m[K/home/cthornton/data/local/college/research/arl/code/sims/airsim/ros_ws/src/airsim_ros_pkgs/src/airsim_ros_wrapper.cpp:1[m[K:
[01m[K/home/cthornton/data/local/college/research/arl/code/sims/airsim/AirSim2/AirLib/include/common/common_utils/Utils.hpp:414:24:[m[K [01;35m[Kwarning: [m[Kbut ‘[01m[Kstatic constexpr T common_utils::Utils::nan() [with T = float][m[K’ does not throw; perhaps it should be declared ‘[01m[Knoexcept[m[K’ [[01;35m[K-Wnoexcept[m[K]
  414 |     static constexpr T [01;35m[Knan[m[K()
      |                        [01;35m[K^~~[m[K
In file included from [01m[K/home/cthornton/data/local/college/research/arl/code/sims/airsim/AirSim2/AirLib/include/sensors/SensorFactory.hpp:9[m[K,
                 from [01m[K/home/cthornton/data/local/college/research/arl/code/sims/airsim/AirSim2/AirLib/include/vehicles/car/api/CarApiBase.hpp:13[m[K,
                 from [01m[K/home/cthornton/data/local/college/research/arl/code/sims/airsim/AirSim2/AirLib/include/vehicles/car/api/CarRpcLibClient.hpp:10[m[K,
                 from [01m[K/home/cthornton/data/local/college/research/arl/code/sims/airsim/ros_ws/src/airsim_ros_pkgs/include/airsim_ros_wrapper.h:16[m[K,
                 from [01m[K/home/cthornton/data/local/college/research/arl/code/sims/airsim/ros_ws/src/airsim_ros_pkgs/src/airsim_ros_wrapper.cpp:1[m[K:
[01m[K/home/cthornton/data/local/college/research/arl/code/sims/airsim/AirSim2/AirLib/include/sensors/imu/ImuSimple.hpp:[m[K In constructor ‘[01m[Kmsr::airlib::ImuSimple::ImuSimple(const msr::airlib::AirSimSettings::ImuSetting&)[m[K’:
[01m[K/home/cthornton/data/local/college/research/arl/code/sims/airsim/AirSim2/AirLib/include/sensors/imu/ImuSimple.hpp:21:42:[m[K [01;35m[Kwarning: [m[Knoexcept-expression evaluates to ‘[01m[Kfalse[m[K’ because of a call to ‘[01m[Kconstexpr float std::sqrt(float)[m[K’ [[01;35m[K-Wnoexcept[m[K]
   21 |             : ImuBase(setting.sensor_name[01;35m[K)[m[K
      |                                          [01;35m[K^[m[K
In file included from [01m[K/home/cthornton/data/local/college/research/arl/code/sims/airsim/AirSim2/AirLib/include/sensors/magnetometer/MagnetometerSimple.hpp:12[m[K,
                 from [01m[K/home/cthornton/data/local/college/research/arl/code/sims/airsim/AirSim2/AirLib/include/sensors/SensorFactory.hpp:10[m[K,
                 from [01m[K/home/cthornton/data/local/college/research/arl/code/sims/airsim/AirSim2/AirLib/include/vehicles/car/api/CarApiBase.hpp:13[m[K,
                 from [01m[K/home/cthornton/data/local/college/research/arl/code/sims/airsim/AirSim2/AirLib/include/vehicles/car/api/CarRpcLibClient.hpp:10[m[K,
                 from [01m[K/home/cthornton/data/local/college/research/arl/code/sims/airsim/ros_ws/src/airsim_ros_pkgs/include/airsim_ros_wrapper.h:16[m[K,
                 from [01m[K/home/cthornton/data/local/college/research/arl/code/sims/airsim/ros_ws/src/airsim_ros_pkgs/src/airsim_ros_wrapper.cpp:1[m[K:
[01m[K/home/cthornton/data/local/college/research/arl/code/sims/airsim/AirSim2/AirLib/include/common/FrequencyLimiter.hpp:[m[K In member function ‘[01m[Kvirtual void msr::airlib::FrequencyLimiter::failResetUpdateOrdering(std::string)[m[K’:
[01m[K/home/cthornton/data/local/college/research/arl/code/sims/airsim/AirSim2/AirLib/include/common/FrequencyLimiter.hpp:49:58:[m[K [01;35m[Kwarning: [m[Kunused parameter ‘[01m[Kerr[m[K’ [[01;35m[K-Wunused-parameter[m[K]
   49 |         virtual void failResetUpdateOrdering([01;35m[Kstd::string err[m[K) override
      |                                              [01;35m[K~~~~~~~~~~~~^~~[m[K
In file included from [01m[K/home/cthornton/data/local/college/research/arl/code/sims/airsim/ros_ws/src/airsim_ros_pkgs/src/airsim_ros_wrapper.cpp:1[m[K:
[01m[K/home/cthornton/data/local/college/research/arl/code/sims/airsim/ros_ws/src/airsim_ros_pkgs/include/airsim_ros_wrapper.h:[m[K At global scope:
[01m[K/home/cthornton/data/local/college/research/arl/code/sims/airsim/ros_ws/src/airsim_ros_pkgs/include/airsim_ros_wrapper.h:235:72:[m[K [01;31m[Kerror: [m[K‘[01m[KSharedPt[m[K’ in ‘[01m[Kusing TwistStamped = struct geometry_msgs::msg::TwistStamped_<std::allocator<void> >[m[K’ {aka ‘[01m[Kstruct geometry_msgs::msg::TwistStamped_<std::allocator<void> >[m[K’} does not name a type
  235 |     void throttle_rates_cmd_cb(const geometry_msgs::msg::TwistStamped::[01;31m[KSharedPt[m[K msg, const std::string& vehicle_name);
      |                                                                        [01;31m[K^~~~~~~~[m[K
[01m[K/home/cthornton/data/local/college/research/arl/code/sims/airsim/ros_ws/src/airsim_ros_pkgs/src/airsim_ros_wrapper.cpp:[m[K In member function ‘[01m[Kvoid AirsimROSWrapper::create_ros_pubs_from_settings_json()[m[K’:
[01m[K/home/cthornton/data/local/college/research/arl/code/sims/airsim/ros_ws/src/airsim_ros_pkgs/src/airsim_ros_wrapper.cpp:166:169:[m[K [01;31m[Kerror: [m[Kexpected ‘[01m[K)[m[K’ before ‘[01m[K_1[m[K’
  166 |             std::function<void(const geometry_msgs::msg::TwistStamped::SharedPtr)> fcn_throttle_rates_cmd_sub = std::bind[34m[K([m[K&AirsimROSWrapper::throttle_rates_cmd_cb, this[01;31m[K [m[K[32m[K_1[m[K, vehicle_ros->vehicle_name);
      |                                                                                                                          [34m[K~[m[K                                              [01;31m[K^[m[K[32m[K~~[m[K
      |                                                                                                                                                                         [32m[K)[m[K
In file included from [01m[K/home/cthornton/data/local/college/research/arl/code/sims/airsim/AirSim2/AirLib/deps/eigen3/Eigen/Core:85[m[K,
                 from [01m[K/home/cthornton/data/local/college/research/arl/code/sims/airsim/AirSim2/AirLib/deps/eigen3/Eigen/Dense:1[m[K,
                 from [01m[K/home/cthornton/data/local/college/research/arl/code/sims/airsim/AirSim2/AirLib/include/common/VectorMath.hpp:14[m[K,
                 from [01m[K/home/cthornton/data/local/college/research/arl/code/sims/airsim/AirSim2/AirLib/include/common/Common.hpp:16[m[K,
                 from [01m[K/home/cthornton/data/local/college/research/arl/code/sims/airsim/AirSim2/AirLib/include/vehicles/multirotor/api/MultirotorRpcLibClient.hpp:7[m[K,
                 from [01m[K/home/cthornton/data/local/college/research/arl/code/sims/airsim/ros_ws/src/airsim_ros_pkgs/include/airsim_settings_parser.h:9[m[K,
                 from [01m[K/home/cthornton/data/local/college/research/arl/code/sims/airsim/ros_ws/src/airsim_ros_pkgs/include/airsim_ros_wrapper.h:9[m[K,
                 from [01m[K/home/cthornton/data/local/college/research/arl/code/sims/airsim/ros_ws/src/airsim_ros_pkgs/src/airsim_ros_wrapper.cpp:1[m[K:
/usr/include/c++/9/functional: In instantiation of ‘[01m[Kstruct std::_Bind_check_arity<void (AirsimROSWrapper::*)(int, const std::__cxx11::basic_string<char>&), AirsimROSWrapper*, std::__cxx11::basic_string<char, std::char_traits<char>, std::allocator<char> >&>[m[K’:
[01m[K/usr/include/c++/9/functional:787:12:[m[K   required from ‘[01m[Kstruct std::_Bind_helper<false, void (AirsimROSWrapper::*)(int, const std::__cxx11::basic_string<char>&), AirsimROSWrapper*, std::__cxx11::basic_string<char, std::char_traits<char>, std::allocator<char> >&>[m[K’
[01m[K/usr/include/c++/9/functional:808:5:[m[K   required by substitution of ‘[01m[Ktemplate<class _Func, class ... _BoundArgs> typename std::_Bind_helper<std::__is_socketlike<_Func>::value, _Func, _BoundArgs ...>::type std::bind(_Func&&, _BoundArgs&& ...) [with _Func = void (AirsimROSWrapper::*)(int, const std::__cxx11::basic_string<char>&); _BoundArgs = {AirsimROSWrapper*, std::__cxx11::basic_string<char, std::char_traits<char>, std::allocator<char> >&}][m[K’
[01m[K/home/cthornton/data/local/college/research/arl/code/sims/airsim/ros_ws/src/airsim_ros_pkgs/src/airsim_ros_wrapper.cpp:166:199:[m[K   required from here
[01m[K/usr/include/c++/9/functional:775:7:[m[K [01;31m[Kerror: [m[Kstatic assertion failed: Wrong number of arguments for pointer-to-member
  774 |       static_assert(_Varargs::[01;31m[Kvalue[m[K
      |                               [01;31m[K~~~~~[m[K
  775 | [01;31m[K      ? sizeof...(_BoundArgs) >= _Arity::value + 1[m[K
      |       [01;31m[K^~~~~~~~~~~~~~~~~~~~~~~~~~~~~~~~~~~~~~~~~~~~[m[K
  776 | [01;31m[K      : sizeof...(_BoundArgs) == _Arity::value + 1[m[K,
      |       [01;31m[K~~~~~~~~~~~~~~~~~~~~~~~~~~~~~~~~~~~~~~~~~~~~[m[K
[01m[K/home/cthornton/data/local/college/research/arl/code/sims/airsim/ros_ws/src/airsim_ros_pkgs/src/airsim_ros_wrapper.cpp:166:122:[m[K [01;31m[Kerror: [m[Kconversion from ‘[01m[Kstd::_Bind_helper<false, void (AirsimROSWrapper::*)(int, const std::__cxx11::basic_string<char>&), AirsimROSWrapper*, std::__cxx11::basic_string<char, std::char_traits<char>, std::allocator<char> >&>::type[m[K’ {aka ‘[01m[Kstd::_Bind<void (AirsimROSWrapper::*(AirsimROSWrapper*, std::__cxx11::basic_string<char>))(int, const std::__cxx11::basic_string<char>&)>[m[K’} to non-scalar type ‘[01m[Kstd::function<void(std::shared_ptr<geometry_msgs::msg::TwistStamped_<std::allocator<void> > >)>[m[K’ requested
  166 |             std::function<void(const geometry_msgs::msg::TwistStamped::SharedPtr)> fcn_throttle_rates_cmd_sub = [01;31m[Kstd::bind(&AirsimROSWrapper::throttle_rates_cmd_cb, this _1, vehicle_ros->vehicle_name)[m[K;
      |                                                                                                                 [01;31m[K~~~~~~~~~^~~~~~~~~~~~~~~~~~~~~~~~~~~~~~~~~~~~~~~~~~~~~~~~~~~~~~~~~~~~~~~~~~~~~~~~~~~~~~[m[K
[01m[K/home/cthornton/data/local/college/research/arl/code/sims/airsim/ros_ws/src/airsim_ros_pkgs/src/airsim_ros_wrapper.cpp:[m[K At global scope:
[01m[K/home/cthornton/data/local/college/research/arl/code/sims/airsim/ros_ws/src/airsim_ros_pkgs/src/airsim_ros_wrapper.cpp:480:6:[m[K [01;31m[Kerror: [m[Kno declaration matches ‘[01m[Kvoid AirsimROSWrapper::throttle_rates_cmd_cb(geometry_msgs::msg::TwistStamped_<std::allocator<void> >::SharedPtr, const string&)[m[K’
  480 | void [01;31m[KAirsimROSWrapper[m[K::throttle_rates_cmd_cb(const geometry_msgs::msg::TwistStamped::SharedPtr msg, const std::string& vehicle_name)
      |      [01;31m[K^~~~~~~~~~~~~~~~[m[K
In file included from [01m[K/home/cthornton/data/local/college/research/arl/code/sims/airsim/ros_ws/src/airsim_ros_pkgs/src/airsim_ros_wrapper.cpp:1[m[K:
[01m[K/home/cthornton/data/local/college/research/arl/code/sims/airsim/ros_ws/src/airsim_ros_pkgs/include/airsim_ros_wrapper.h:235:10:[m[K [01;36m[Knote: [m[Kcandidate is: ‘[01m[Kvoid AirsimROSWrapper::throttle_rates_cmd_cb(int, const string&)[m[K’
  235 |     void [01;36m[Kthrottle_rates_cmd_cb[m[K(const geometry_msgs::msg::TwistStamped::SharedPt msg, const std::string& vehicle_name);
      |          [01;36m[K^~~~~~~~~~~~~~~~~~~~~[m[K
In file included from [01m[K/home/cthornton/data/local/college/research/arl/code/sims/airsim/ros_ws/src/airsim_ros_pkgs/src/airsim_ros_wrapper.cpp:1[m[K:
[01m[K/home/cthornton/data/local/college/research/arl/code/sims/airsim/ros_ws/src/airsim_ros_pkgs/include/airsim_ros_wrapper.h:140:7:[m[K [01;36m[Knote: [m[K‘[01m[Kclass AirsimROSWrapper[m[K’ defined here
  140 | class [01;36m[KAirsimROSWrapper[m[K
      |       [01;36m[K^~~~~~~~~~~~~~~~[m[K
[01m[K/home/cthornton/data/local/college/research/arl/code/sims/airsim/ros_ws/src/airsim_ros_pkgs/src/airsim_ros_wrapper.cpp:[m[K In member function ‘[01m[Kvoid AirsimROSWrapper::update_commands()[m[K’:
[01m[K/home/cthornton/data/local/college/research/arl/code/sims/airsim/ros_ws/src/airsim_ros_pkgs/src/airsim_ros_wrapper.cpp:1102:90:[m[K [01;31m[Kerror: [m[K‘[01m[Kclass msr::airlib::MultirotorRpcLibClient[m[K’ has no member named ‘[01m[KmoveByAngleRatesThrottle[m[K’; did you mean ‘[01m[KmoveByAngleRatesThrottleAsync[m[K’?
 1102 |                 static_cast<msr::airlib::MultirotorRpcLibClient*>(airsim_client_.get())->[01;31m[KmoveByAngleRatesThrottle[m[K(drone->throttle_rates_cmd.p, drone->throttle_rates_cmd.q, drone->throttle_rates_cmd.r,
      |                                                                                          [01;31m[K^~~~~~~~~~~~~~~~~~~~~~~~[m[K
      |                                                                                          [32m[KmoveByAngleRatesThrottleAsync[m[K
make[2]: *** [CMakeFiles/airsim_ros.dir/build.make:76: CMakeFiles/airsim_ros.dir/src/airsim_ros_wrapper.cpp.o] Error 1
make[1]: *** [CMakeFiles/Makefile2:350: CMakeFiles/airsim_ros.dir/all] Error 2
make: *** [Makefile:146: all] Error 2
