[0.022s] Invoking command in '/home/cthornton/data/local/college/research/arl/code/sims/airsim/ros_ws/build/airsim_interfaces': CMAKE_PREFIX_PATH=/home/cthornton/data/local/college/research/arl/code/sims/airsim/ros_ws/install/hrlsim_interfaces:/home/cthornton/data/local/college/research/arl/code/sims/airsim/ros_ws/install/hrl_interfaces:/home/cthornton/data/local/college/research/arl/code/sims/airsim/ros_ws/install/airsim_ros_pkgs:/home/cthornton/data/local/college/research/arl/code/sims/airsim/ros_ws/install/airsim_interfaces:/home/cthornton/data/local/college/research/arl/code/sims/airsim/ros_ws/install/hrlsim:/opt/ros/foxy:/home/cthornton/Documents/vela/catkin_ws/devel /home/cthornton/.local/bin/cmake --build /home/cthornton/data/local/college/research/arl/code/sims/airsim/ros_ws/build/airsim_interfaces -- -j12 -l12
[0.086s] [  0%] Built target airsim_interfaces__cpp
[0.092s] [ 12%] Built target airsim_interfaces__rosidl_generator_c
[0.118s] [ 24%] Built target airsim_interfaces__rosidl_typesupport_cpp
[0.120s] [ 36%] Built target airsim_interfaces__rosidl_typesupport_c
[0.123s] [ 53%] Built target airsim_interfaces__rosidl_typesupport_introspection_cpp
[0.123s] [ 60%] Built target airsim_interfaces__rosidl_typesupport_introspection_c
[0.124s] [ 72%] Built target airsim_interfaces__rosidl_typesupport_fastrtps_cpp
[0.145s] [ 84%] Built target airsim_interfaces__rosidl_typesupport_fastrtps_c
[0.156s] [ 84%] Built target airsim_interfaces
[0.168s] [ 85%] Built target airsim_interfaces__py
[0.185s] [ 96%] Built target airsim_interfaces__python
[0.202s] [ 97%] Built target airsim_interfaces__rosidl_typesupport_c__pyext
[0.203s] [ 99%] Built target airsim_interfaces__rosidl_typesupport_introspection_c__pyext
[0.203s] [100%] Built target airsim_interfaces__rosidl_typesupport_fastrtps_c__pyext
[0.241s] Invoked command in '/home/cthornton/data/local/college/research/arl/code/sims/airsim/ros_ws/build/airsim_interfaces' returned '0': CMAKE_PREFIX_PATH=/home/cthornton/data/local/college/research/arl/code/sims/airsim/ros_ws/install/hrlsim_interfaces:/home/cthornton/data/local/college/research/arl/code/sims/airsim/ros_ws/install/hrl_interfaces:/home/cthornton/data/local/college/research/arl/code/sims/airsim/ros_ws/install/airsim_ros_pkgs:/home/cthornton/data/local/college/research/arl/code/sims/airsim/ros_ws/install/airsim_interfaces:/home/cthornton/data/local/college/research/arl/code/sims/airsim/ros_ws/install/hrlsim:/opt/ros/foxy:/home/cthornton/Documents/vela/catkin_ws/devel /home/cthornton/.local/bin/cmake --build /home/cthornton/data/local/college/research/arl/code/sims/airsim/ros_ws/build/airsim_interfaces -- -j12 -l12
[0.695s] Invoking command in '/home/cthornton/data/local/college/research/arl/code/sims/airsim/ros_ws/build/airsim_interfaces': CMAKE_PREFIX_PATH=/home/cthornton/data/local/college/research/arl/code/sims/airsim/ros_ws/install/hrlsim_interfaces:/home/cthornton/data/local/college/research/arl/code/sims/airsim/ros_ws/install/hrl_interfaces:/home/cthornton/data/local/college/research/arl/code/sims/airsim/ros_ws/install/airsim_ros_pkgs:/home/cthornton/data/local/college/research/arl/code/sims/airsim/ros_ws/install/airsim_interfaces:/home/cthornton/data/local/college/research/arl/code/sims/airsim/ros_ws/install/hrlsim:/opt/ros/foxy:/home/cthornton/Documents/vela/catkin_ws/devel /home/cthornton/.local/bin/cmake --install /home/cthornton/data/local/college/research/arl/code/sims/airsim/ros_ws/build/airsim_interfaces
[0.723s] -- Install configuration: "Debug"
[0.723s] -- Up-to-date: /home/cthornton/data/local/college/research/arl/code/sims/airsim/ros_ws/install/airsim_interfaces/share/ament_index/resource_index/rosidl_interfaces/airsim_interfaces
[0.723s] -- Up-to-date: /home/cthornton/data/local/college/research/arl/code/sims/airsim/ros_ws/install/airsim_interfaces/include/airsim_interfaces
[0.723s] -- Up-to-date: /home/cthornton/data/local/college/research/arl/code/sims/airsim/ros_ws/install/airsim_interfaces/include/airsim_interfaces/msg
[0.723s] -- Up-to-date: /home/cthornton/data/local/college/research/arl/code/sims/airsim/ros_ws/install/airsim_interfaces/include/airsim_interfaces/msg/altimeter.h
[0.724s] -- Up-to-date: /home/cthornton/data/local/college/research/arl/code/sims/airsim/ros_ws/install/airsim_interfaces/include/airsim_interfaces/msg/car_controls.h
[0.724s] -- Up-to-date: /home/cthornton/data/local/college/research/arl/code/sims/airsim/ros_ws/install/airsim_interfaces/include/airsim_interfaces/msg/car_state.h
[0.724s] -- Up-to-date: /home/cthornton/data/local/college/research/arl/code/sims/airsim/ros_ws/install/airsim_interfaces/include/airsim_interfaces/msg/detail
[0.724s] -- Up-to-date: /home/cthornton/data/local/college/research/arl/code/sims/airsim/ros_ws/install/airsim_interfaces/include/airsim_interfaces/msg/detail/gimbal_angle_quat_cmd__functions.h
[0.724s] -- Up-to-date: /home/cthornton/data/local/college/research/arl/code/sims/airsim/ros_ws/install/airsim_interfaces/include/airsim_interfaces/msg/detail/altimeter__functions.c
[0.724s] -- Up-to-date: /home/cthornton/data/local/college/research/arl/code/sims/airsim/ros_ws/install/airsim_interfaces/include/airsim_interfaces/msg/detail/altimeter__functions.h
[0.724s] -- Up-to-date: /home/cthornton/data/local/college/research/arl/code/sims/airsim/ros_ws/install/airsim_interfaces/include/airsim_interfaces/msg/detail/altimeter__struct.h
[0.724s] -- Up-to-date: /home/cthornton/data/local/college/research/arl/code/sims/airsim/ros_ws/install/airsim_interfaces/include/airsim_interfaces/msg/detail/altimeter__type_support.h
[0.725s] -- Up-to-date: /home/cthornton/data/local/college/research/arl/code/sims/airsim/ros_ws/install/airsim_interfaces/include/airsim_interfaces/msg/detail/car_controls__functions.c
[0.725s] -- Up-to-date: /home/cthornton/data/local/college/research/arl/code/sims/airsim/ros_ws/install/airsim_interfaces/include/airsim_interfaces/msg/detail/car_controls__functions.h
[0.725s] -- Up-to-date: /home/cthornton/data/local/college/research/arl/code/sims/airsim/ros_ws/install/airsim_interfaces/include/airsim_interfaces/msg/detail/car_controls__struct.h
[0.725s] -- Up-to-date: /home/cthornton/data/local/college/research/arl/code/sims/airsim/ros_ws/install/airsim_interfaces/include/airsim_interfaces/msg/detail/car_controls__type_support.h
[0.725s] -- Up-to-date: /home/cthornton/data/local/college/research/arl/code/sims/airsim/ros_ws/install/airsim_interfaces/include/airsim_interfaces/msg/detail/car_state__functions.c
[0.725s] -- Up-to-date: /home/cthornton/data/local/college/research/arl/code/sims/airsim/ros_ws/install/airsim_interfaces/include/airsim_interfaces/msg/detail/car_state__functions.h
[0.726s] -- Up-to-date: /home/cthornton/data/local/college/research/arl/code/sims/airsim/ros_ws/install/airsim_interfaces/include/airsim_interfaces/msg/detail/car_state__struct.h
[0.726s] -- Up-to-date: /home/cthornton/data/local/college/research/arl/code/sims/airsim/ros_ws/install/airsim_interfaces/include/airsim_interfaces/msg/detail/car_state__type_support.h
[0.726s] -- Up-to-date: /home/cthornton/data/local/college/research/arl/code/sims/airsim/ros_ws/install/airsim_interfaces/include/airsim_interfaces/msg/detail/environment__functions.c
[0.726s] -- Up-to-date: /home/cthornton/data/local/college/research/arl/code/sims/airsim/ros_ws/install/airsim_interfaces/include/airsim_interfaces/msg/detail/environment__functions.h
[0.726s] -- Up-to-date: /home/cthornton/data/local/college/research/arl/code/sims/airsim/ros_ws/install/airsim_interfaces/include/airsim_interfaces/msg/detail/environment__struct.h
[0.726s] -- Up-to-date: /home/cthornton/data/local/college/research/arl/code/sims/airsim/ros_ws/install/airsim_interfaces/include/airsim_interfaces/msg/detail/environment__type_support.h
[0.726s] -- Up-to-date: /home/cthornton/data/local/college/research/arl/code/sims/airsim/ros_ws/install/airsim_interfaces/include/airsim_interfaces/msg/detail/gimbal_angle_euler_cmd__functions.c
[0.727s] -- Up-to-date: /home/cthornton/data/local/college/research/arl/code/sims/airsim/ros_ws/install/airsim_interfaces/include/airsim_interfaces/msg/detail/gimbal_angle_euler_cmd__functions.h
[0.727s] -- Up-to-date: /home/cthornton/data/local/college/research/arl/code/sims/airsim/ros_ws/install/airsim_interfaces/include/airsim_interfaces/msg/detail/gimbal_angle_euler_cmd__struct.h
[0.727s] -- Up-to-date: /home/cthornton/data/local/college/research/arl/code/sims/airsim/ros_ws/install/airsim_interfaces/include/airsim_interfaces/msg/detail/gimbal_angle_euler_cmd__type_support.h
[0.727s] -- Up-to-date: /home/cthornton/data/local/college/research/arl/code/sims/airsim/ros_ws/install/airsim_interfaces/include/airsim_interfaces/msg/detail/gimbal_angle_quat_cmd__functions.c
[0.727s] -- Up-to-date: /home/cthornton/data/local/college/research/arl/code/sims/airsim/ros_ws/install/airsim_interfaces/include/airsim_interfaces/msg/detail/gimbal_angle_quat_cmd__struct.h
[0.727s] -- Up-to-date: /home/cthornton/data/local/college/research/arl/code/sims/airsim/ros_ws/install/airsim_interfaces/include/airsim_interfaces/msg/detail/gimbal_angle_quat_cmd__type_support.h
[0.727s] -- Up-to-date: /home/cthornton/data/local/college/research/arl/code/sims/airsim/ros_ws/install/airsim_interfaces/include/airsim_interfaces/msg/detail/gps_yaw__functions.c
[0.727s] -- Up-to-date: /home/cthornton/data/local/college/research/arl/code/sims/airsim/ros_ws/install/airsim_interfaces/include/airsim_interfaces/msg/detail/gps_yaw__functions.h
[0.728s] -- Up-to-date: /home/cthornton/data/local/college/research/arl/code/sims/airsim/ros_ws/install/airsim_interfaces/include/airsim_interfaces/msg/detail/gps_yaw__struct.h
[0.728s] -- Up-to-date: /home/cthornton/data/local/college/research/arl/code/sims/airsim/ros_ws/install/airsim_interfaces/include/airsim_interfaces/msg/detail/gps_yaw__type_support.h
[0.728s] -- Up-to-date: /home/cthornton/data/local/college/research/arl/code/sims/airsim/ros_ws/install/airsim_interfaces/include/airsim_interfaces/msg/detail/vel_cmd_group__functions.c
[0.728s] -- Up-to-date: /home/cthornton/data/local/college/research/arl/code/sims/airsim/ros_ws/install/airsim_interfaces/include/airsim_interfaces/msg/detail/vel_cmd_group__functions.h
[0.728s] -- Up-to-date: /home/cthornton/data/local/college/research/arl/code/sims/airsim/ros_ws/install/airsim_interfaces/include/airsim_interfaces/msg/detail/vel_cmd_group__struct.h
[0.728s] -- Up-to-date: /home/cthornton/data/local/college/research/arl/code/sims/airsim/ros_ws/install/airsim_interfaces/include/airsim_interfaces/msg/detail/vel_cmd_group__type_support.h
[0.729s] -- Up-to-date: /home/cthornton/data/local/college/research/arl/code/sims/airsim/ros_ws/install/airsim_interfaces/include/airsim_interfaces/msg/detail/vel_cmd__functions.c
[0.729s] -- Up-to-date: /home/cthornton/data/local/college/research/arl/code/sims/airsim/ros_ws/install/airsim_interfaces/include/airsim_interfaces/msg/detail/vel_cmd__functions.h
[0.729s] -- Up-to-date: /home/cthornton/data/local/college/research/arl/code/sims/airsim/ros_ws/install/airsim_interfaces/include/airsim_interfaces/msg/detail/vel_cmd__struct.h
[0.729s] -- Up-to-date: /home/cthornton/data/local/college/research/arl/code/sims/airsim/ros_ws/install/airsim_interfaces/include/airsim_interfaces/msg/detail/vel_cmd__type_support.h
[0.729s] -- Up-to-date: /home/cthornton/data/local/college/research/arl/code/sims/airsim/ros_ws/install/airsim_interfaces/include/airsim_interfaces/msg/environment.h
[0.729s] -- Up-to-date: /home/cthornton/data/local/college/research/arl/code/sims/airsim/ros_ws/install/airsim_interfaces/include/airsim_interfaces/msg/gimbal_angle_euler_cmd.h
[0.729s] -- Up-to-date: /home/cthornton/data/local/college/research/arl/code/sims/airsim/ros_ws/install/airsim_interfaces/include/airsim_interfaces/msg/gimbal_angle_quat_cmd.h
[0.730s] -- Up-to-date: /home/cthornton/data/local/college/research/arl/code/sims/airsim/ros_ws/install/airsim_interfaces/include/airsim_interfaces/msg/gps_yaw.h
[0.730s] -- Up-to-date: /home/cthornton/data/local/college/research/arl/code/sims/airsim/ros_ws/install/airsim_interfaces/include/airsim_interfaces/msg/rosidl_generator_c__visibility_control.h
[0.730s] -- Up-to-date: /home/cthornton/data/local/college/research/arl/code/sims/airsim/ros_ws/install/airsim_interfaces/include/airsim_interfaces/msg/vel_cmd.h
[0.730s] -- Up-to-date: /home/cthornton/data/local/college/research/arl/code/sims/airsim/ros_ws/install/airsim_interfaces/include/airsim_interfaces/msg/vel_cmd_group.h
[0.730s] -- Up-to-date: /home/cthornton/data/local/college/research/arl/code/sims/airsim/ros_ws/install/airsim_interfaces/include/airsim_interfaces/srv
[0.730s] -- Up-to-date: /home/cthornton/data/local/college/research/arl/code/sims/airsim/ros_ws/install/airsim_interfaces/include/airsim_interfaces/srv/detail
[0.730s] -- Up-to-date: /home/cthornton/data/local/college/research/arl/code/sims/airsim/ros_ws/install/airsim_interfaces/include/airsim_interfaces/srv/detail/land_group__functions.c
[0.730s] -- Up-to-date: /home/cthornton/data/local/college/research/arl/code/sims/airsim/ros_ws/install/airsim_interfaces/include/airsim_interfaces/srv/detail/land_group__functions.h
[0.731s] -- Up-to-date: /home/cthornton/data/local/college/research/arl/code/sims/airsim/ros_ws/install/airsim_interfaces/include/airsim_interfaces/srv/detail/land_group__struct.h
[0.731s] -- Up-to-date: /home/cthornton/data/local/college/research/arl/code/sims/airsim/ros_ws/install/airsim_interfaces/include/airsim_interfaces/srv/detail/land_group__type_support.h
[0.731s] -- Up-to-date: /home/cthornton/data/local/college/research/arl/code/sims/airsim/ros_ws/install/airsim_interfaces/include/airsim_interfaces/srv/detail/land__functions.c
[0.731s] -- Up-to-date: /home/cthornton/data/local/college/research/arl/code/sims/airsim/ros_ws/install/airsim_interfaces/include/airsim_interfaces/srv/detail/land__functions.h
[0.731s] -- Up-to-date: /home/cthornton/data/local/college/research/arl/code/sims/airsim/ros_ws/install/airsim_interfaces/include/airsim_interfaces/srv/detail/land__struct.h
[0.731s] -- Up-to-date: /home/cthornton/data/local/college/research/arl/code/sims/airsim/ros_ws/install/airsim_interfaces/include/airsim_interfaces/srv/detail/land__type_support.h
[0.732s] -- Up-to-date: /home/cthornton/data/local/college/research/arl/code/sims/airsim/ros_ws/install/airsim_interfaces/include/airsim_interfaces/srv/detail/reset__functions.c
[0.732s] -- Up-to-date: /home/cthornton/data/local/college/research/arl/code/sims/airsim/ros_ws/install/airsim_interfaces/include/airsim_interfaces/srv/detail/reset__functions.h
[0.732s] -- Up-to-date: /home/cthornton/data/local/college/research/arl/code/sims/airsim/ros_ws/install/airsim_interfaces/include/airsim_interfaces/srv/detail/reset__struct.h
[0.732s] -- Up-to-date: /home/cthornton/data/local/college/research/arl/code/sims/airsim/ros_ws/install/airsim_interfaces/include/airsim_interfaces/srv/detail/reset__type_support.h
[0.732s] -- Up-to-date: /home/cthornton/data/local/college/research/arl/code/sims/airsim/ros_ws/install/airsim_interfaces/include/airsim_interfaces/srv/detail/set_gps_position__functions.c
[0.732s] -- Up-to-date: /home/cthornton/data/local/college/research/arl/code/sims/airsim/ros_ws/install/airsim_interfaces/include/airsim_interfaces/srv/detail/set_gps_position__functions.h
[0.732s] -- Up-to-date: /home/cthornton/data/local/college/research/arl/code/sims/airsim/ros_ws/install/airsim_interfaces/include/airsim_interfaces/srv/detail/set_gps_position__struct.h
[0.732s] -- Up-to-date: /home/cthornton/data/local/college/research/arl/code/sims/airsim/ros_ws/install/airsim_interfaces/include/airsim_interfaces/srv/detail/set_gps_position__type_support.h
[0.733s] -- Up-to-date: /home/cthornton/data/local/college/research/arl/code/sims/airsim/ros_ws/install/airsim_interfaces/include/airsim_interfaces/srv/detail/set_local_position__functions.c
[0.733s] -- Up-to-date: /home/cthornton/data/local/college/research/arl/code/sims/airsim/ros_ws/install/airsim_interfaces/include/airsim_interfaces/srv/detail/set_local_position__functions.h
[0.733s] -- Up-to-date: /home/cthornton/data/local/college/research/arl/code/sims/airsim/ros_ws/install/airsim_interfaces/include/airsim_interfaces/srv/detail/set_local_position__struct.h
[0.733s] -- Up-to-date: /home/cthornton/data/local/college/research/arl/code/sims/airsim/ros_ws/install/airsim_interfaces/include/airsim_interfaces/srv/detail/set_local_position__type_support.h
[0.733s] -- Up-to-date: /home/cthornton/data/local/college/research/arl/code/sims/airsim/ros_ws/install/airsim_interfaces/include/airsim_interfaces/srv/detail/takeoff_group__functions.c
[0.733s] -- Up-to-date: /home/cthornton/data/local/college/research/arl/code/sims/airsim/ros_ws/install/airsim_interfaces/include/airsim_interfaces/srv/detail/takeoff_group__functions.h
[0.733s] -- Up-to-date: /home/cthornton/data/local/college/research/arl/code/sims/airsim/ros_ws/install/airsim_interfaces/include/airsim_interfaces/srv/detail/takeoff_group__struct.h
[0.733s] -- Up-to-date: /home/cthornton/data/local/college/research/arl/code/sims/airsim/ros_ws/install/airsim_interfaces/include/airsim_interfaces/srv/detail/takeoff_group__type_support.h
[0.734s] -- Up-to-date: /home/cthornton/data/local/college/research/arl/code/sims/airsim/ros_ws/install/airsim_interfaces/include/airsim_interfaces/srv/detail/takeoff__functions.c
[0.734s] -- Up-to-date: /home/cthornton/data/local/college/research/arl/code/sims/airsim/ros_ws/install/airsim_interfaces/include/airsim_interfaces/srv/detail/takeoff__functions.h
[0.734s] -- Up-to-date: /home/cthornton/data/local/college/research/arl/code/sims/airsim/ros_ws/install/airsim_interfaces/include/airsim_interfaces/srv/detail/takeoff__struct.h
[0.734s] -- Up-to-date: /home/cthornton/data/local/college/research/arl/code/sims/airsim/ros_ws/install/airsim_interfaces/include/airsim_interfaces/srv/detail/takeoff__type_support.h
[0.734s] -- Up-to-date: /home/cthornton/data/local/college/research/arl/code/sims/airsim/ros_ws/install/airsim_interfaces/include/airsim_interfaces/srv/land.h
[0.735s] -- Up-to-date: /home/cthornton/data/local/college/research/arl/code/sims/airsim/ros_ws/install/airsim_interfaces/include/airsim_interfaces/srv/land_group.h
[0.735s] -- Up-to-date: /home/cthornton/data/local/college/research/arl/code/sims/airsim/ros_ws/install/airsim_interfaces/include/airsim_interfaces/srv/reset.h
[0.735s] -- Up-to-date: /home/cthornton/data/local/college/research/arl/code/sims/airsim/ros_ws/install/airsim_interfaces/include/airsim_interfaces/srv/set_gps_position.h
[0.735s] -- Up-to-date: /home/cthornton/data/local/college/research/arl/code/sims/airsim/ros_ws/install/airsim_interfaces/include/airsim_interfaces/srv/set_local_position.h
[0.735s] -- Up-to-date: /home/cthornton/data/local/college/research/arl/code/sims/airsim/ros_ws/install/airsim_interfaces/include/airsim_interfaces/srv/takeoff.h
[0.735s] -- Up-to-date: /home/cthornton/data/local/college/research/arl/code/sims/airsim/ros_ws/install/airsim_interfaces/include/airsim_interfaces/srv/takeoff_group.h
[0.735s] -- Up-to-date: /home/cthornton/data/local/college/research/arl/code/sims/airsim/ros_ws/install/airsim_interfaces/share/airsim_interfaces/environment/library_path.sh
[0.735s] -- Up-to-date: /home/cthornton/data/local/college/research/arl/code/sims/airsim/ros_ws/install/airsim_interfaces/share/airsim_interfaces/environment/library_path.dsv
[0.736s] -- Up-to-date: /home/cthornton/data/local/college/research/arl/code/sims/airsim/ros_ws/install/airsim_interfaces/lib/libairsim_interfaces__rosidl_generator_c.so
[0.736s] -- Up-to-date: /home/cthornton/data/local/college/research/arl/code/sims/airsim/ros_ws/install/airsim_interfaces/include/airsim_interfaces
[0.736s] -- Up-to-date: /home/cthornton/data/local/college/research/arl/code/sims/airsim/ros_ws/install/airsim_interfaces/include/airsim_interfaces/msg
[0.736s] -- Up-to-date: /home/cthornton/data/local/college/research/arl/code/sims/airsim/ros_ws/install/airsim_interfaces/include/airsim_interfaces/msg/detail
[0.736s] -- Up-to-date: /home/cthornton/data/local/college/research/arl/code/sims/airsim/ros_ws/install/airsim_interfaces/include/airsim_interfaces/msg/detail/altimeter__rosidl_typesupport_fastrtps_c.h
[0.736s] -- Up-to-date: /home/cthornton/data/local/college/research/arl/code/sims/airsim/ros_ws/install/airsim_interfaces/include/airsim_interfaces/msg/detail/car_controls__rosidl_typesupport_fastrtps_c.h
[0.736s] -- Up-to-date: /home/cthornton/data/local/college/research/arl/code/sims/airsim/ros_ws/install/airsim_interfaces/include/airsim_interfaces/msg/detail/car_state__rosidl_typesupport_fastrtps_c.h
[0.736s] -- Up-to-date: /home/cthornton/data/local/college/research/arl/code/sims/airsim/ros_ws/install/airsim_interfaces/include/airsim_interfaces/msg/detail/environment__rosidl_typesupport_fastrtps_c.h
[0.737s] -- Up-to-date: /home/cthornton/data/local/college/research/arl/code/sims/airsim/ros_ws/install/airsim_interfaces/include/airsim_interfaces/msg/detail/gimbal_angle_euler_cmd__rosidl_typesupport_fastrtps_c.h
[0.737s] -- Up-to-date: /home/cthornton/data/local/college/research/arl/code/sims/airsim/ros_ws/install/airsim_interfaces/include/airsim_interfaces/msg/detail/gimbal_angle_quat_cmd__rosidl_typesupport_fastrtps_c.h
[0.737s] -- Up-to-date: /home/cthornton/data/local/college/research/arl/code/sims/airsim/ros_ws/install/airsim_interfaces/include/airsim_interfaces/msg/detail/gps_yaw__rosidl_typesupport_fastrtps_c.h
[0.737s] -- Up-to-date: /home/cthornton/data/local/college/research/arl/code/sims/airsim/ros_ws/install/airsim_interfaces/include/airsim_interfaces/msg/detail/vel_cmd_group__rosidl_typesupport_fastrtps_c.h
[0.737s] -- Up-to-date: /home/cthornton/data/local/college/research/arl/code/sims/airsim/ros_ws/install/airsim_interfaces/include/airsim_interfaces/msg/detail/vel_cmd__rosidl_typesupport_fastrtps_c.h
[0.737s] -- Up-to-date: /home/cthornton/data/local/college/research/arl/code/sims/airsim/ros_ws/install/airsim_interfaces/include/airsim_interfaces/msg/rosidl_typesupport_fastrtps_c__visibility_control.h
[0.738s] -- Up-to-date: /home/cthornton/data/local/college/research/arl/code/sims/airsim/ros_ws/install/airsim_interfaces/include/airsim_interfaces/srv
[0.738s] -- Up-to-date: /home/cthornton/data/local/college/research/arl/code/sims/airsim/ros_ws/install/airsim_interfaces/include/airsim_interfaces/srv/detail
[0.738s] -- Up-to-date: /home/cthornton/data/local/college/research/arl/code/sims/airsim/ros_ws/install/airsim_interfaces/include/airsim_interfaces/srv/detail/land_group__rosidl_typesupport_fastrtps_c.h
[0.738s] -- Up-to-date: /home/cthornton/data/local/college/research/arl/code/sims/airsim/ros_ws/install/airsim_interfaces/include/airsim_interfaces/srv/detail/land__rosidl_typesupport_fastrtps_c.h
[0.738s] -- Up-to-date: /home/cthornton/data/local/college/research/arl/code/sims/airsim/ros_ws/install/airsim_interfaces/include/airsim_interfaces/srv/detail/reset__rosidl_typesupport_fastrtps_c.h
[0.738s] -- Up-to-date: /home/cthornton/data/local/college/research/arl/code/sims/airsim/ros_ws/install/airsim_interfaces/include/airsim_interfaces/srv/detail/set_gps_position__rosidl_typesupport_fastrtps_c.h
[0.738s] -- Up-to-date: /home/cthornton/data/local/college/research/arl/code/sims/airsim/ros_ws/install/airsim_interfaces/include/airsim_interfaces/srv/detail/set_local_position__rosidl_typesupport_fastrtps_c.h
[0.738s] -- Up-to-date: /home/cthornton/data/local/college/research/arl/code/sims/airsim/ros_ws/install/airsim_interfaces/include/airsim_interfaces/srv/detail/takeoff_group__rosidl_typesupport_fastrtps_c.h
[0.738s] -- Up-to-date: /home/cthornton/data/local/college/research/arl/code/sims/airsim/ros_ws/install/airsim_interfaces/include/airsim_interfaces/srv/detail/takeoff__rosidl_typesupport_fastrtps_c.h
[0.739s] -- Up-to-date: /home/cthornton/data/local/college/research/arl/code/sims/airsim/ros_ws/install/airsim_interfaces/lib/libairsim_interfaces__rosidl_typesupport_fastrtps_c.so
[0.739s] -- Up-to-date: /home/cthornton/data/local/college/research/arl/code/sims/airsim/ros_ws/install/airsim_interfaces/include/airsim_interfaces
[0.739s] -- Up-to-date: /home/cthornton/data/local/college/research/arl/code/sims/airsim/ros_ws/install/airsim_interfaces/include/airsim_interfaces/msg
[0.739s] -- Up-to-date: /home/cthornton/data/local/college/research/arl/code/sims/airsim/ros_ws/install/airsim_interfaces/include/airsim_interfaces/msg/detail
[0.739s] -- Up-to-date: /home/cthornton/data/local/college/research/arl/code/sims/airsim/ros_ws/install/airsim_interfaces/include/airsim_interfaces/msg/detail/altimeter__rosidl_typesupport_fastrtps_cpp.hpp
[0.739s] -- Up-to-date: /home/cthornton/data/local/college/research/arl/code/sims/airsim/ros_ws/install/airsim_interfaces/include/airsim_interfaces/msg/detail/car_controls__rosidl_typesupport_fastrtps_cpp.hpp
[0.739s] -- Up-to-date: /home/cthornton/data/local/college/research/arl/code/sims/airsim/ros_ws/install/airsim_interfaces/include/airsim_interfaces/msg/detail/car_state__rosidl_typesupport_fastrtps_cpp.hpp
[0.740s] -- Up-to-date: /home/cthornton/data/local/college/research/arl/code/sims/airsim/ros_ws/install/airsim_interfaces/include/airsim_interfaces/msg/detail/dds_fastrtps
[0.740s] -- Up-to-date: /home/cthornton/data/local/college/research/arl/code/sims/airsim/ros_ws/install/airsim_interfaces/include/airsim_interfaces/msg/detail/environment__rosidl_typesupport_fastrtps_cpp.hpp
[0.740s] -- Up-to-date: /home/cthornton/data/local/college/research/arl/code/sims/airsim/ros_ws/install/airsim_interfaces/include/airsim_interfaces/msg/detail/gimbal_angle_euler_cmd__rosidl_typesupport_fastrtps_cpp.hpp
[0.740s] -- Up-to-date: /home/cthornton/data/local/college/research/arl/code/sims/airsim/ros_ws/install/airsim_interfaces/include/airsim_interfaces/msg/detail/gimbal_angle_quat_cmd__rosidl_typesupport_fastrtps_cpp.hpp
[0.740s] -- Up-to-date: /home/cthornton/data/local/college/research/arl/code/sims/airsim/ros_ws/install/airsim_interfaces/include/airsim_interfaces/msg/detail/gps_yaw__rosidl_typesupport_fastrtps_cpp.hpp
[0.740s] -- Up-to-date: /home/cthornton/data/local/college/research/arl/code/sims/airsim/ros_ws/install/airsim_interfaces/include/airsim_interfaces/msg/detail/vel_cmd_group__rosidl_typesupport_fastrtps_cpp.hpp
[0.741s] -- Up-to-date: /home/cthornton/data/local/college/research/arl/code/sims/airsim/ros_ws/install/airsim_interfaces/include/airsim_interfaces/msg/detail/vel_cmd__rosidl_typesupport_fastrtps_cpp.hpp
[0.741s] -- Up-to-date: /home/cthornton/data/local/college/research/arl/code/sims/airsim/ros_ws/install/airsim_interfaces/include/airsim_interfaces/msg/rosidl_typesupport_fastrtps_cpp__visibility_control.h
[0.741s] -- Up-to-date: /home/cthornton/data/local/college/research/arl/code/sims/airsim/ros_ws/install/airsim_interfaces/include/airsim_interfaces/srv
[0.741s] -- Up-to-date: /home/cthornton/data/local/college/research/arl/code/sims/airsim/ros_ws/install/airsim_interfaces/include/airsim_interfaces/srv/detail
[0.741s] -- Up-to-date: /home/cthornton/data/local/college/research/arl/code/sims/airsim/ros_ws/install/airsim_interfaces/include/airsim_interfaces/srv/detail/dds_fastrtps
[0.741s] -- Up-to-date: /home/cthornton/data/local/college/research/arl/code/sims/airsim/ros_ws/install/airsim_interfaces/include/airsim_interfaces/srv/detail/land_group__rosidl_typesupport_fastrtps_cpp.hpp
[0.741s] -- Up-to-date: /home/cthornton/data/local/college/research/arl/code/sims/airsim/ros_ws/install/airsim_interfaces/include/airsim_interfaces/srv/detail/land__rosidl_typesupport_fastrtps_cpp.hpp
[0.741s] -- Up-to-date: /home/cthornton/data/local/college/research/arl/code/sims/airsim/ros_ws/install/airsim_interfaces/include/airsim_interfaces/srv/detail/reset__rosidl_typesupport_fastrtps_cpp.hpp
[0.742s] -- Up-to-date: /home/cthornton/data/local/college/research/arl/code/sims/airsim/ros_ws/install/airsim_interfaces/include/airsim_interfaces/srv/detail/set_gps_position__rosidl_typesupport_fastrtps_cpp.hpp
[0.742s] -- Up-to-date: /home/cthornton/data/local/college/research/arl/code/sims/airsim/ros_ws/install/airsim_interfaces/include/airsim_interfaces/srv/detail/set_local_position__rosidl_typesupport_fastrtps_cpp.hpp
[0.742s] -- Up-to-date: /home/cthornton/data/local/college/research/arl/code/sims/airsim/ros_ws/install/airsim_interfaces/include/airsim_interfaces/srv/detail/takeoff_group__rosidl_typesupport_fastrtps_cpp.hpp
[0.742s] -- Up-to-date: /home/cthornton/data/local/college/research/arl/code/sims/airsim/ros_ws/install/airsim_interfaces/include/airsim_interfaces/srv/detail/takeoff__rosidl_typesupport_fastrtps_cpp.hpp
[0.742s] -- Up-to-date: /home/cthornton/data/local/college/research/arl/code/sims/airsim/ros_ws/install/airsim_interfaces/lib/libairsim_interfaces__rosidl_typesupport_fastrtps_cpp.so
[0.742s] -- Up-to-date: /home/cthornton/data/local/college/research/arl/code/sims/airsim/ros_ws/install/airsim_interfaces/include/airsim_interfaces
[0.742s] -- Up-to-date: /home/cthornton/data/local/college/research/arl/code/sims/airsim/ros_ws/install/airsim_interfaces/include/airsim_interfaces/msg
[0.742s] -- Up-to-date: /home/cthornton/data/local/college/research/arl/code/sims/airsim/ros_ws/install/airsim_interfaces/include/airsim_interfaces/msg/detail
[0.743s] -- Up-to-date: /home/cthornton/data/local/college/research/arl/code/sims/airsim/ros_ws/install/airsim_interfaces/include/airsim_interfaces/msg/detail/altimeter__rosidl_typesupport_introspection_c.h
[0.743s] -- Up-to-date: /home/cthornton/data/local/college/research/arl/code/sims/airsim/ros_ws/install/airsim_interfaces/include/airsim_interfaces/msg/detail/altimeter__type_support.c
[0.743s] -- Up-to-date: /home/cthornton/data/local/college/research/arl/code/sims/airsim/ros_ws/install/airsim_interfaces/include/airsim_interfaces/msg/detail/car_controls__rosidl_typesupport_introspection_c.h
[0.743s] -- Up-to-date: /home/cthornton/data/local/college/research/arl/code/sims/airsim/ros_ws/install/airsim_interfaces/include/airsim_interfaces/msg/detail/car_controls__type_support.c
[0.743s] -- Up-to-date: /home/cthornton/data/local/college/research/arl/code/sims/airsim/ros_ws/install/airsim_interfaces/include/airsim_interfaces/msg/detail/car_state__rosidl_typesupport_introspection_c.h
[0.743s] -- Up-to-date: /home/cthornton/data/local/college/research/arl/code/sims/airsim/ros_ws/install/airsim_interfaces/include/airsim_interfaces/msg/detail/car_state__type_support.c
[0.743s] -- Up-to-date: /home/cthornton/data/local/college/research/arl/code/sims/airsim/ros_ws/install/airsim_interfaces/include/airsim_interfaces/msg/detail/environment__rosidl_typesupport_introspection_c.h
[0.743s] -- Up-to-date: /home/cthornton/data/local/college/research/arl/code/sims/airsim/ros_ws/install/airsim_interfaces/include/airsim_interfaces/msg/detail/environment__type_support.c
[0.744s] -- Up-to-date: /home/cthornton/data/local/college/research/arl/code/sims/airsim/ros_ws/install/airsim_interfaces/include/airsim_interfaces/msg/detail/gimbal_angle_euler_cmd__rosidl_typesupport_introspection_c.h
[0.744s] -- Up-to-date: /home/cthornton/data/local/college/research/arl/code/sims/airsim/ros_ws/install/airsim_interfaces/include/airsim_interfaces/msg/detail/gimbal_angle_euler_cmd__type_support.c
[0.744s] -- Up-to-date: /home/cthornton/data/local/college/research/arl/code/sims/airsim/ros_ws/install/airsim_interfaces/include/airsim_interfaces/msg/detail/gimbal_angle_quat_cmd__rosidl_typesupport_introspection_c.h
[0.744s] -- Up-to-date: /home/cthornton/data/local/college/research/arl/code/sims/airsim/ros_ws/install/airsim_interfaces/include/airsim_interfaces/msg/detail/gimbal_angle_quat_cmd__type_support.c
[0.744s] -- Up-to-date: /home/cthornton/data/local/college/research/arl/code/sims/airsim/ros_ws/install/airsim_interfaces/include/airsim_interfaces/msg/detail/gps_yaw__rosidl_typesupport_introspection_c.h
[0.744s] -- Up-to-date: /home/cthornton/data/local/college/research/arl/code/sims/airsim/ros_ws/install/airsim_interfaces/include/airsim_interfaces/msg/detail/gps_yaw__type_support.c
[0.744s] -- Up-to-date: /home/cthornton/data/local/college/research/arl/code/sims/airsim/ros_ws/install/airsim_interfaces/include/airsim_interfaces/msg/detail/vel_cmd_group__rosidl_typesupport_introspection_c.h
[0.744s] -- Up-to-date: /home/cthornton/data/local/college/research/arl/code/sims/airsim/ros_ws/install/airsim_interfaces/include/airsim_interfaces/msg/detail/vel_cmd_group__type_support.c
[0.745s] -- Up-to-date: /home/cthornton/data/local/college/research/arl/code/sims/airsim/ros_ws/install/airsim_interfaces/include/airsim_interfaces/msg/detail/vel_cmd__rosidl_typesupport_introspection_c.h
[0.745s] -- Up-to-date: /home/cthornton/data/local/college/research/arl/code/sims/airsim/ros_ws/install/airsim_interfaces/include/airsim_interfaces/msg/detail/vel_cmd__type_support.c
[0.745s] -- Up-to-date: /home/cthornton/data/local/college/research/arl/code/sims/airsim/ros_ws/install/airsim_interfaces/include/airsim_interfaces/msg/rosidl_typesupport_introspection_c__visibility_control.h
[0.745s] -- Up-to-date: /home/cthornton/data/local/college/research/arl/code/sims/airsim/ros_ws/install/airsim_interfaces/include/airsim_interfaces/srv
[0.745s] -- Up-to-date: /home/cthornton/data/local/college/research/arl/code/sims/airsim/ros_ws/install/airsim_interfaces/include/airsim_interfaces/srv/detail
[0.745s] -- Up-to-date: /home/cthornton/data/local/college/research/arl/code/sims/airsim/ros_ws/install/airsim_interfaces/include/airsim_interfaces/srv/detail/land_group__rosidl_typesupport_introspection_c.h
[0.745s] -- Up-to-date: /home/cthornton/data/local/college/research/arl/code/sims/airsim/ros_ws/install/airsim_interfaces/include/airsim_interfaces/srv/detail/land_group__type_support.c
[0.746s] -- Up-to-date: /home/cthornton/data/local/college/research/arl/code/sims/airsim/ros_ws/install/airsim_interfaces/include/airsim_interfaces/srv/detail/land__rosidl_typesupport_introspection_c.h
[0.746s] -- Up-to-date: /home/cthornton/data/local/college/research/arl/code/sims/airsim/ros_ws/install/airsim_interfaces/include/airsim_interfaces/srv/detail/land__type_support.c
[0.746s] -- Up-to-date: /home/cthornton/data/local/college/research/arl/code/sims/airsim/ros_ws/install/airsim_interfaces/include/airsim_interfaces/srv/detail/reset__rosidl_typesupport_introspection_c.h
[0.746s] -- Up-to-date: /home/cthornton/data/local/college/research/arl/code/sims/airsim/ros_ws/install/airsim_interfaces/include/airsim_interfaces/srv/detail/reset__type_support.c
[0.746s] -- Up-to-date: /home/cthornton/data/local/college/research/arl/code/sims/airsim/ros_ws/install/airsim_interfaces/include/airsim_interfaces/srv/detail/set_gps_position__rosidl_typesupport_introspection_c.h
[0.746s] -- Up-to-date: /home/cthornton/data/local/college/research/arl/code/sims/airsim/ros_ws/install/airsim_interfaces/include/airsim_interfaces/srv/detail/set_gps_position__type_support.c
[0.746s] -- Up-to-date: /home/cthornton/data/local/college/research/arl/code/sims/airsim/ros_ws/install/airsim_interfaces/include/airsim_interfaces/srv/detail/set_local_position__rosidl_typesupport_introspection_c.h
[0.747s] -- Up-to-date: /home/cthornton/data/local/college/research/arl/code/sims/airsim/ros_ws/install/airsim_interfaces/include/airsim_interfaces/srv/detail/set_local_position__type_support.c
[0.747s] -- Up-to-date: /home/cthornton/data/local/college/research/arl/code/sims/airsim/ros_ws/install/airsim_interfaces/include/airsim_interfaces/srv/detail/takeoff_group__rosidl_typesupport_introspection_c.h
[0.747s] -- Up-to-date: /home/cthornton/data/local/college/research/arl/code/sims/airsim/ros_ws/install/airsim_interfaces/include/airsim_interfaces/srv/detail/takeoff_group__type_support.c
[0.747s] -- Up-to-date: /home/cthornton/data/local/college/research/arl/code/sims/airsim/ros_ws/install/airsim_interfaces/include/airsim_interfaces/srv/detail/takeoff__rosidl_typesupport_introspection_c.h
[0.747s] -- Up-to-date: /home/cthornton/data/local/college/research/arl/code/sims/airsim/ros_ws/install/airsim_interfaces/include/airsim_interfaces/srv/detail/takeoff__type_support.c
[0.747s] -- Up-to-date: /home/cthornton/data/local/college/research/arl/code/sims/airsim/ros_ws/install/airsim_interfaces/lib/libairsim_interfaces__rosidl_typesupport_introspection_c.so
[0.747s] -- Up-to-date: /home/cthornton/data/local/college/research/arl/code/sims/airsim/ros_ws/install/airsim_interfaces/lib/libairsim_interfaces__rosidl_typesupport_c.so
[0.748s] -- Up-to-date: /home/cthornton/data/local/college/research/arl/code/sims/airsim/ros_ws/install/airsim_interfaces/include/airsim_interfaces
[0.748s] -- Up-to-date: /home/cthornton/data/local/college/research/arl/code/sims/airsim/ros_ws/install/airsim_interfaces/include/airsim_interfaces/msg
[0.748s] -- Up-to-date: /home/cthornton/data/local/college/research/arl/code/sims/airsim/ros_ws/install/airsim_interfaces/include/airsim_interfaces/msg/altimeter.hpp
[0.748s] -- Up-to-date: /home/cthornton/data/local/college/research/arl/code/sims/airsim/ros_ws/install/airsim_interfaces/include/airsim_interfaces/msg/car_controls.hpp
[0.748s] -- Up-to-date: /home/cthornton/data/local/college/research/arl/code/sims/airsim/ros_ws/install/airsim_interfaces/include/airsim_interfaces/msg/car_state.hpp
[0.748s] -- Up-to-date: /home/cthornton/data/local/college/research/arl/code/sims/airsim/ros_ws/install/airsim_interfaces/include/airsim_interfaces/msg/detail
[0.748s] -- Up-to-date: /home/cthornton/data/local/college/research/arl/code/sims/airsim/ros_ws/install/airsim_interfaces/include/airsim_interfaces/msg/detail/altimeter__builder.hpp
[0.749s] -- Up-to-date: /home/cthornton/data/local/college/research/arl/code/sims/airsim/ros_ws/install/airsim_interfaces/include/airsim_interfaces/msg/detail/altimeter__struct.hpp
[0.749s] -- Up-to-date: /home/cthornton/data/local/college/research/arl/code/sims/airsim/ros_ws/install/airsim_interfaces/include/airsim_interfaces/msg/detail/altimeter__traits.hpp
[0.749s] -- Up-to-date: /home/cthornton/data/local/college/research/arl/code/sims/airsim/ros_ws/install/airsim_interfaces/include/airsim_interfaces/msg/detail/car_controls__builder.hpp
[0.749s] -- Up-to-date: /home/cthornton/data/local/college/research/arl/code/sims/airsim/ros_ws/install/airsim_interfaces/include/airsim_interfaces/msg/detail/car_controls__struct.hpp
[0.749s] -- Up-to-date: /home/cthornton/data/local/college/research/arl/code/sims/airsim/ros_ws/install/airsim_interfaces/include/airsim_interfaces/msg/detail/car_controls__traits.hpp
[0.749s] -- Up-to-date: /home/cthornton/data/local/college/research/arl/code/sims/airsim/ros_ws/install/airsim_interfaces/include/airsim_interfaces/msg/detail/car_state__builder.hpp
[0.749s] -- Up-to-date: /home/cthornton/data/local/college/research/arl/code/sims/airsim/ros_ws/install/airsim_interfaces/include/airsim_interfaces/msg/detail/car_state__struct.hpp
[0.749s] -- Up-to-date: /home/cthornton/data/local/college/research/arl/code/sims/airsim/ros_ws/install/airsim_interfaces/include/airsim_interfaces/msg/detail/car_state__traits.hpp
[0.750s] -- Up-to-date: /home/cthornton/data/local/college/research/arl/code/sims/airsim/ros_ws/install/airsim_interfaces/include/airsim_interfaces/msg/detail/environment__builder.hpp
[0.750s] -- Up-to-date: /home/cthornton/data/local/college/research/arl/code/sims/airsim/ros_ws/install/airsim_interfaces/include/airsim_interfaces/msg/detail/environment__struct.hpp
[0.750s] -- Up-to-date: /home/cthornton/data/local/college/research/arl/code/sims/airsim/ros_ws/install/airsim_interfaces/include/airsim_interfaces/msg/detail/environment__traits.hpp
[0.750s] -- Up-to-date: /home/cthornton/data/local/college/research/arl/code/sims/airsim/ros_ws/install/airsim_interfaces/include/airsim_interfaces/msg/detail/gimbal_angle_euler_cmd__builder.hpp
[0.750s] -- Up-to-date: /home/cthornton/data/local/college/research/arl/code/sims/airsim/ros_ws/install/airsim_interfaces/include/airsim_interfaces/msg/detail/gimbal_angle_euler_cmd__struct.hpp
[0.750s] -- Up-to-date: /home/cthornton/data/local/college/research/arl/code/sims/airsim/ros_ws/install/airsim_interfaces/include/airsim_interfaces/msg/detail/gimbal_angle_euler_cmd__traits.hpp
[0.751s] -- Up-to-date: /home/cthornton/data/local/college/research/arl/code/sims/airsim/ros_ws/install/airsim_interfaces/include/airsim_interfaces/msg/detail/gimbal_angle_quat_cmd__builder.hpp
[0.751s] -- Up-to-date: /home/cthornton/data/local/college/research/arl/code/sims/airsim/ros_ws/install/airsim_interfaces/include/airsim_interfaces/msg/detail/gimbal_angle_quat_cmd__struct.hpp
[0.751s] -- Up-to-date: /home/cthornton/data/local/college/research/arl/code/sims/airsim/ros_ws/install/airsim_interfaces/include/airsim_interfaces/msg/detail/gimbal_angle_quat_cmd__traits.hpp
[0.751s] -- Up-to-date: /home/cthornton/data/local/college/research/arl/code/sims/airsim/ros_ws/install/airsim_interfaces/include/airsim_interfaces/msg/detail/gps_yaw__builder.hpp
[0.751s] -- Up-to-date: /home/cthornton/data/local/college/research/arl/code/sims/airsim/ros_ws/install/airsim_interfaces/include/airsim_interfaces/msg/detail/gps_yaw__struct.hpp
[0.751s] -- Up-to-date: /home/cthornton/data/local/college/research/arl/code/sims/airsim/ros_ws/install/airsim_interfaces/include/airsim_interfaces/msg/detail/gps_yaw__traits.hpp
[0.751s] -- Up-to-date: /home/cthornton/data/local/college/research/arl/code/sims/airsim/ros_ws/install/airsim_interfaces/include/airsim_interfaces/msg/detail/vel_cmd_group__builder.hpp
[0.752s] -- Up-to-date: /home/cthornton/data/local/college/research/arl/code/sims/airsim/ros_ws/install/airsim_interfaces/include/airsim_interfaces/msg/detail/vel_cmd_group__struct.hpp
[0.752s] -- Up-to-date: /home/cthornton/data/local/college/research/arl/code/sims/airsim/ros_ws/install/airsim_interfaces/include/airsim_interfaces/msg/detail/vel_cmd_group__traits.hpp
[0.752s] -- Up-to-date: /home/cthornton/data/local/college/research/arl/code/sims/airsim/ros_ws/install/airsim_interfaces/include/airsim_interfaces/msg/detail/vel_cmd__builder.hpp
[0.752s] -- Up-to-date: /home/cthornton/data/local/college/research/arl/code/sims/airsim/ros_ws/install/airsim_interfaces/include/airsim_interfaces/msg/detail/vel_cmd__struct.hpp
[0.752s] -- Up-to-date: /home/cthornton/data/local/college/research/arl/code/sims/airsim/ros_ws/install/airsim_interfaces/include/airsim_interfaces/msg/detail/vel_cmd__traits.hpp
[0.752s] -- Up-to-date: /home/cthornton/data/local/college/research/arl/code/sims/airsim/ros_ws/install/airsim_interfaces/include/airsim_interfaces/msg/environment.hpp
[0.752s] -- Up-to-date: /home/cthornton/data/local/college/research/arl/code/sims/airsim/ros_ws/install/airsim_interfaces/include/airsim_interfaces/msg/gimbal_angle_euler_cmd.hpp
[0.753s] -- Up-to-date: /home/cthornton/data/local/college/research/arl/code/sims/airsim/ros_ws/install/airsim_interfaces/include/airsim_interfaces/msg/gimbal_angle_quat_cmd.hpp
[0.753s] -- Up-to-date: /home/cthornton/data/local/college/research/arl/code/sims/airsim/ros_ws/install/airsim_interfaces/include/airsim_interfaces/msg/gps_yaw.hpp
[0.753s] -- Up-to-date: /home/cthornton/data/local/college/research/arl/code/sims/airsim/ros_ws/install/airsim_interfaces/include/airsim_interfaces/msg/vel_cmd.hpp
[0.753s] -- Up-to-date: /home/cthornton/data/local/college/research/arl/code/sims/airsim/ros_ws/install/airsim_interfaces/include/airsim_interfaces/msg/vel_cmd_group.hpp
[0.753s] -- Up-to-date: /home/cthornton/data/local/college/research/arl/code/sims/airsim/ros_ws/install/airsim_interfaces/include/airsim_interfaces/srv
[0.753s] -- Up-to-date: /home/cthornton/data/local/college/research/arl/code/sims/airsim/ros_ws/install/airsim_interfaces/include/airsim_interfaces/srv/detail
[0.753s] -- Up-to-date: /home/cthornton/data/local/college/research/arl/code/sims/airsim/ros_ws/install/airsim_interfaces/include/airsim_interfaces/srv/detail/land_group__builder.hpp
[0.754s] -- Up-to-date: /home/cthornton/data/local/college/research/arl/code/sims/airsim/ros_ws/install/airsim_interfaces/include/airsim_interfaces/srv/detail/land_group__struct.hpp
[0.754s] -- Up-to-date: /home/cthornton/data/local/college/research/arl/code/sims/airsim/ros_ws/install/airsim_interfaces/include/airsim_interfaces/srv/detail/land_group__traits.hpp
[0.754s] -- Up-to-date: /home/cthornton/data/local/college/research/arl/code/sims/airsim/ros_ws/install/airsim_interfaces/include/airsim_interfaces/srv/detail/land__builder.hpp
[0.754s] -- Up-to-date: /home/cthornton/data/local/college/research/arl/code/sims/airsim/ros_ws/install/airsim_interfaces/include/airsim_interfaces/srv/detail/land__struct.hpp
[0.754s] -- Up-to-date: /home/cthornton/data/local/college/research/arl/code/sims/airsim/ros_ws/install/airsim_interfaces/include/airsim_interfaces/srv/detail/land__traits.hpp
[0.754s] -- Up-to-date: /home/cthornton/data/local/college/research/arl/code/sims/airsim/ros_ws/install/airsim_interfaces/include/airsim_interfaces/srv/detail/reset__builder.hpp
[0.754s] -- Up-to-date: /home/cthornton/data/local/college/research/arl/code/sims/airsim/ros_ws/install/airsim_interfaces/include/airsim_interfaces/srv/detail/reset__struct.hpp
[0.754s] -- Up-to-date: /home/cthornton/data/local/college/research/arl/code/sims/airsim/ros_ws/install/airsim_interfaces/include/airsim_interfaces/srv/detail/reset__traits.hpp
[0.754s] -- Up-to-date: /home/cthornton/data/local/college/research/arl/code/sims/airsim/ros_ws/install/airsim_interfaces/include/airsim_interfaces/srv/detail/set_gps_position__builder.hpp
[0.755s] -- Up-to-date: /home/cthornton/data/local/college/research/arl/code/sims/airsim/ros_ws/install/airsim_interfaces/include/airsim_interfaces/srv/detail/set_gps_position__struct.hpp
[0.755s] -- Up-to-date: /home/cthornton/data/local/college/research/arl/code/sims/airsim/ros_ws/install/airsim_interfaces/include/airsim_interfaces/srv/detail/set_gps_position__traits.hpp
[0.755s] -- Up-to-date: /home/cthornton/data/local/college/research/arl/code/sims/airsim/ros_ws/install/airsim_interfaces/include/airsim_interfaces/srv/detail/set_local_position__builder.hpp
[0.755s] -- Up-to-date: /home/cthornton/data/local/college/research/arl/code/sims/airsim/ros_ws/install/airsim_interfaces/include/airsim_interfaces/srv/detail/set_local_position__struct.hpp
[0.755s] -- Up-to-date: /home/cthornton/data/local/college/research/arl/code/sims/airsim/ros_ws/install/airsim_interfaces/include/airsim_interfaces/srv/detail/set_local_position__traits.hpp
[0.755s] -- Up-to-date: /home/cthornton/data/local/college/research/arl/code/sims/airsim/ros_ws/install/airsim_interfaces/include/airsim_interfaces/srv/detail/takeoff_group__builder.hpp
[0.755s] -- Up-to-date: /home/cthornton/data/local/college/research/arl/code/sims/airsim/ros_ws/install/airsim_interfaces/include/airsim_interfaces/srv/detail/takeoff_group__struct.hpp
[0.755s] -- Up-to-date: /home/cthornton/data/local/college/research/arl/code/sims/airsim/ros_ws/install/airsim_interfaces/include/airsim_interfaces/srv/detail/takeoff_group__traits.hpp
[0.756s] -- Up-to-date: /home/cthornton/data/local/college/research/arl/code/sims/airsim/ros_ws/install/airsim_interfaces/include/airsim_interfaces/srv/detail/takeoff__builder.hpp
[0.756s] -- Up-to-date: /home/cthornton/data/local/college/research/arl/code/sims/airsim/ros_ws/install/airsim_interfaces/include/airsim_interfaces/srv/detail/takeoff__struct.hpp
[0.756s] -- Up-to-date: /home/cthornton/data/local/college/research/arl/code/sims/airsim/ros_ws/install/airsim_interfaces/include/airsim_interfaces/srv/detail/takeoff__traits.hpp
[0.756s] -- Up-to-date: /home/cthornton/data/local/college/research/arl/code/sims/airsim/ros_ws/install/airsim_interfaces/include/airsim_interfaces/srv/land.hpp
[0.756s] -- Up-to-date: /home/cthornton/data/local/college/research/arl/code/sims/airsim/ros_ws/install/airsim_interfaces/include/airsim_interfaces/srv/land_group.hpp
[0.756s] -- Up-to-date: /home/cthornton/data/local/college/research/arl/code/sims/airsim/ros_ws/install/airsim_interfaces/include/airsim_interfaces/srv/reset.hpp
[0.756s] -- Up-to-date: /home/cthornton/data/local/college/research/arl/code/sims/airsim/ros_ws/install/airsim_interfaces/include/airsim_interfaces/srv/set_gps_position.hpp
[0.756s] -- Up-to-date: /home/cthornton/data/local/college/research/arl/code/sims/airsim/ros_ws/install/airsim_interfaces/include/airsim_interfaces/srv/set_local_position.hpp
[0.756s] -- Up-to-date: /home/cthornton/data/local/college/research/arl/code/sims/airsim/ros_ws/install/airsim_interfaces/include/airsim_interfaces/srv/takeoff.hpp
[0.757s] -- Up-to-date: /home/cthornton/data/local/college/research/arl/code/sims/airsim/ros_ws/install/airsim_interfaces/include/airsim_interfaces/srv/takeoff_group.hpp
[0.757s] -- Up-to-date: /home/cthornton/data/local/college/research/arl/code/sims/airsim/ros_ws/install/airsim_interfaces/include/airsim_interfaces
[0.757s] -- Up-to-date: /home/cthornton/data/local/college/research/arl/code/sims/airsim/ros_ws/install/airsim_interfaces/include/airsim_interfaces/msg
[0.757s] -- Up-to-date: /home/cthornton/data/local/college/research/arl/code/sims/airsim/ros_ws/install/airsim_interfaces/include/airsim_interfaces/msg/detail
[0.757s] -- Up-to-date: /home/cthornton/data/local/college/research/arl/code/sims/airsim/ros_ws/install/airsim_interfaces/include/airsim_interfaces/msg/detail/altimeter__rosidl_typesupport_introspection_cpp.hpp
[0.757s] -- Up-to-date: /home/cthornton/data/local/college/research/arl/code/sims/airsim/ros_ws/install/airsim_interfaces/include/airsim_interfaces/msg/detail/altimeter__type_support.cpp
[0.757s] -- Up-to-date: /home/cthornton/data/local/college/research/arl/code/sims/airsim/ros_ws/install/airsim_interfaces/include/airsim_interfaces/msg/detail/car_controls__rosidl_typesupport_introspection_cpp.hpp
[0.757s] -- Up-to-date: /home/cthornton/data/local/college/research/arl/code/sims/airsim/ros_ws/install/airsim_interfaces/include/airsim_interfaces/msg/detail/car_controls__type_support.cpp
[0.758s] -- Up-to-date: /home/cthornton/data/local/college/research/arl/code/sims/airsim/ros_ws/install/airsim_interfaces/include/airsim_interfaces/msg/detail/car_state__rosidl_typesupport_introspection_cpp.hpp
[0.758s] -- Up-to-date: /home/cthornton/data/local/college/research/arl/code/sims/airsim/ros_ws/install/airsim_interfaces/include/airsim_interfaces/msg/detail/car_state__type_support.cpp
[0.758s] -- Up-to-date: /home/cthornton/data/local/college/research/arl/code/sims/airsim/ros_ws/install/airsim_interfaces/include/airsim_interfaces/msg/detail/environment__rosidl_typesupport_introspection_cpp.hpp
[0.758s] -- Up-to-date: /home/cthornton/data/local/college/research/arl/code/sims/airsim/ros_ws/install/airsim_interfaces/include/airsim_interfaces/msg/detail/environment__type_support.cpp
[0.758s] -- Up-to-date: /home/cthornton/data/local/college/research/arl/code/sims/airsim/ros_ws/install/airsim_interfaces/include/airsim_interfaces/msg/detail/gimbal_angle_euler_cmd__rosidl_typesupport_introspection_cpp.hpp
[0.758s] -- Up-to-date: /home/cthornton/data/local/college/research/arl/code/sims/airsim/ros_ws/install/airsim_interfaces/include/airsim_interfaces/msg/detail/gimbal_angle_euler_cmd__type_support.cpp
[0.758s] -- Up-to-date: /home/cthornton/data/local/college/research/arl/code/sims/airsim/ros_ws/install/airsim_interfaces/include/airsim_interfaces/msg/detail/gimbal_angle_quat_cmd__rosidl_typesupport_introspection_cpp.hpp
[0.758s] -- Up-to-date: /home/cthornton/data/local/college/research/arl/code/sims/airsim/ros_ws/install/airsim_interfaces/include/airsim_interfaces/msg/detail/gimbal_angle_quat_cmd__type_support.cpp
[0.758s] -- Up-to-date: /home/cthornton/data/local/college/research/arl/code/sims/airsim/ros_ws/install/airsim_interfaces/include/airsim_interfaces/msg/detail/gps_yaw__rosidl_typesupport_introspection_cpp.hpp
[0.759s] -- Up-to-date: /home/cthornton/data/local/college/research/arl/code/sims/airsim/ros_ws/install/airsim_interfaces/include/airsim_interfaces/msg/detail/gps_yaw__type_support.cpp
[0.759s] -- Up-to-date: /home/cthornton/data/local/college/research/arl/code/sims/airsim/ros_ws/install/airsim_interfaces/include/airsim_interfaces/msg/detail/vel_cmd_group__rosidl_typesupport_introspection_cpp.hpp
[0.759s] -- Up-to-date: /home/cthornton/data/local/college/research/arl/code/sims/airsim/ros_ws/install/airsim_interfaces/include/airsim_interfaces/msg/detail/vel_cmd_group__type_support.cpp
[0.759s] -- Up-to-date: /home/cthornton/data/local/college/research/arl/code/sims/airsim/ros_ws/install/airsim_interfaces/include/airsim_interfaces/msg/detail/vel_cmd__rosidl_typesupport_introspection_cpp.hpp
[0.759s] -- Up-to-date: /home/cthornton/data/local/college/research/arl/code/sims/airsim/ros_ws/install/airsim_interfaces/include/airsim_interfaces/msg/detail/vel_cmd__type_support.cpp
[0.759s] -- Up-to-date: /home/cthornton/data/local/college/research/arl/code/sims/airsim/ros_ws/install/airsim_interfaces/include/airsim_interfaces/srv
[0.759s] -- Up-to-date: /home/cthornton/data/local/college/research/arl/code/sims/airsim/ros_ws/install/airsim_interfaces/include/airsim_interfaces/srv/detail
[0.759s] -- Up-to-date: /home/cthornton/data/local/college/research/arl/code/sims/airsim/ros_ws/install/airsim_interfaces/include/airsim_interfaces/srv/detail/land_group__rosidl_typesupport_introspection_cpp.hpp
[0.760s] -- Up-to-date: /home/cthornton/data/local/college/research/arl/code/sims/airsim/ros_ws/install/airsim_interfaces/include/airsim_interfaces/srv/detail/land_group__type_support.cpp
[0.760s] -- Up-to-date: /home/cthornton/data/local/college/research/arl/code/sims/airsim/ros_ws/install/airsim_interfaces/include/airsim_interfaces/srv/detail/land__rosidl_typesupport_introspection_cpp.hpp
[0.760s] -- Up-to-date: /home/cthornton/data/local/college/research/arl/code/sims/airsim/ros_ws/install/airsim_interfaces/include/airsim_interfaces/srv/detail/land__type_support.cpp
[0.760s] -- Up-to-date: /home/cthornton/data/local/college/research/arl/code/sims/airsim/ros_ws/install/airsim_interfaces/include/airsim_interfaces/srv/detail/reset__rosidl_typesupport_introspection_cpp.hpp
[0.760s] -- Up-to-date: /home/cthornton/data/local/college/research/arl/code/sims/airsim/ros_ws/install/airsim_interfaces/include/airsim_interfaces/srv/detail/reset__type_support.cpp
[0.760s] -- Up-to-date: /home/cthornton/data/local/college/research/arl/code/sims/airsim/ros_ws/install/airsim_interfaces/include/airsim_interfaces/srv/detail/set_gps_position__rosidl_typesupport_introspection_cpp.hpp
[0.760s] -- Up-to-date: /home/cthornton/data/local/college/research/arl/code/sims/airsim/ros_ws/install/airsim_interfaces/include/airsim_interfaces/srv/detail/set_gps_position__type_support.cpp
[0.760s] -- Up-to-date: /home/cthornton/data/local/college/research/arl/code/sims/airsim/ros_ws/install/airsim_interfaces/include/airsim_interfaces/srv/detail/set_local_position__rosidl_typesupport_introspection_cpp.hpp
[0.760s] -- Up-to-date: /home/cthornton/data/local/college/research/arl/code/sims/airsim/ros_ws/install/airsim_interfaces/include/airsim_interfaces/srv/detail/set_local_position__type_support.cpp
[0.761s] -- Up-to-date: /home/cthornton/data/local/college/research/arl/code/sims/airsim/ros_ws/install/airsim_interfaces/include/airsim_interfaces/srv/detail/takeoff_group__rosidl_typesupport_introspection_cpp.hpp
[0.761s] -- Up-to-date: /home/cthornton/data/local/college/research/arl/code/sims/airsim/ros_ws/install/airsim_interfaces/include/airsim_interfaces/srv/detail/takeoff_group__type_support.cpp
[0.761s] -- Up-to-date: /home/cthornton/data/local/college/research/arl/code/sims/airsim/ros_ws/install/airsim_interfaces/include/airsim_interfaces/srv/detail/takeoff__rosidl_typesupport_introspection_cpp.hpp
[0.761s] -- Up-to-date: /home/cthornton/data/local/college/research/arl/code/sims/airsim/ros_ws/install/airsim_interfaces/include/airsim_interfaces/srv/detail/takeoff__type_support.cpp
[0.761s] -- Up-to-date: /home/cthornton/data/local/college/research/arl/code/sims/airsim/ros_ws/install/airsim_interfaces/lib/libairsim_interfaces__rosidl_typesupport_introspection_cpp.so
[0.761s] -- Up-to-date: /home/cthornton/data/local/college/research/arl/code/sims/airsim/ros_ws/install/airsim_interfaces/lib/libairsim_interfaces__rosidl_typesupport_cpp.so
[0.761s] -- Up-to-date: /home/cthornton/data/local/college/research/arl/code/sims/airsim/ros_ws/install/airsim_interfaces/share/airsim_interfaces/environment/pythonpath.sh
[0.761s] -- Up-to-date: /home/cthornton/data/local/college/research/arl/code/sims/airsim/ros_ws/install/airsim_interfaces/share/airsim_interfaces/environment/pythonpath.dsv
[0.762s] -- Up-to-date: /home/cthornton/data/local/college/research/arl/code/sims/airsim/ros_ws/install/airsim_interfaces/lib/python3.8/site-packages/airsim_interfaces/__init__.py
[0.783s] -- Up-to-date: /home/cthornton/data/local/college/research/arl/code/sims/airsim/ros_ws/install/airsim_interfaces/lib/python3.8/site-packages/airsim_interfaces/msg
[0.783s] -- Up-to-date: /home/cthornton/data/local/college/research/arl/code/sims/airsim/ros_ws/install/airsim_interfaces/lib/python3.8/site-packages/airsim_interfaces/msg/_altimeter.py
[0.784s] -- Up-to-date: /home/cthornton/data/local/college/research/arl/code/sims/airsim/ros_ws/install/airsim_interfaces/lib/python3.8/site-packages/airsim_interfaces/msg/_altimeter_s.c
[0.784s] -- Up-to-date: /home/cthornton/data/local/college/research/arl/code/sims/airsim/ros_ws/install/airsim_interfaces/lib/python3.8/site-packages/airsim_interfaces/msg/_car_controls.py
[0.784s] -- Up-to-date: /home/cthornton/data/local/college/research/arl/code/sims/airsim/ros_ws/install/airsim_interfaces/lib/python3.8/site-packages/airsim_interfaces/msg/_car_controls_s.c
[0.784s] -- Up-to-date: /home/cthornton/data/local/college/research/arl/code/sims/airsim/ros_ws/install/airsim_interfaces/lib/python3.8/site-packages/airsim_interfaces/msg/_car_state.py
[0.784s] -- Up-to-date: /home/cthornton/data/local/college/research/arl/code/sims/airsim/ros_ws/install/airsim_interfaces/lib/python3.8/site-packages/airsim_interfaces/msg/_car_state_s.c
[0.784s] -- Up-to-date: /home/cthornton/data/local/college/research/arl/code/sims/airsim/ros_ws/install/airsim_interfaces/lib/python3.8/site-packages/airsim_interfaces/msg/_environment.py
[0.784s] -- Up-to-date: /home/cthornton/data/local/college/research/arl/code/sims/airsim/ros_ws/install/airsim_interfaces/lib/python3.8/site-packages/airsim_interfaces/msg/_environment_s.c
[0.785s] -- Up-to-date: /home/cthornton/data/local/college/research/arl/code/sims/airsim/ros_ws/install/airsim_interfaces/lib/python3.8/site-packages/airsim_interfaces/msg/_gimbal_angle_euler_cmd.py
[0.785s] -- Up-to-date: /home/cthornton/data/local/college/research/arl/code/sims/airsim/ros_ws/install/airsim_interfaces/lib/python3.8/site-packages/airsim_interfaces/msg/_gimbal_angle_euler_cmd_s.c
[0.785s] -- Up-to-date: /home/cthornton/data/local/college/research/arl/code/sims/airsim/ros_ws/install/airsim_interfaces/lib/python3.8/site-packages/airsim_interfaces/msg/_gimbal_angle_quat_cmd.py
[0.785s] -- Up-to-date: /home/cthornton/data/local/college/research/arl/code/sims/airsim/ros_ws/install/airsim_interfaces/lib/python3.8/site-packages/airsim_interfaces/msg/_gimbal_angle_quat_cmd_s.c
[0.785s] -- Up-to-date: /home/cthornton/data/local/college/research/arl/code/sims/airsim/ros_ws/install/airsim_interfaces/lib/python3.8/site-packages/airsim_interfaces/msg/_gps_yaw.py
[0.785s] -- Up-to-date: /home/cthornton/data/local/college/research/arl/code/sims/airsim/ros_ws/install/airsim_interfaces/lib/python3.8/site-packages/airsim_interfaces/msg/_gps_yaw_s.c
[0.785s] -- Up-to-date: /home/cthornton/data/local/college/research/arl/code/sims/airsim/ros_ws/install/airsim_interfaces/lib/python3.8/site-packages/airsim_interfaces/msg/_vel_cmd.py
[0.786s] -- Up-to-date: /home/cthornton/data/local/college/research/arl/code/sims/airsim/ros_ws/install/airsim_interfaces/lib/python3.8/site-packages/airsim_interfaces/msg/_vel_cmd_group.py
[0.786s] -- Up-to-date: /home/cthornton/data/local/college/research/arl/code/sims/airsim/ros_ws/install/airsim_interfaces/lib/python3.8/site-packages/airsim_interfaces/msg/_vel_cmd_group_s.c
[0.786s] -- Up-to-date: /home/cthornton/data/local/college/research/arl/code/sims/airsim/ros_ws/install/airsim_interfaces/lib/python3.8/site-packages/airsim_interfaces/msg/_vel_cmd_s.c
[0.786s] -- Up-to-date: /home/cthornton/data/local/college/research/arl/code/sims/airsim/ros_ws/install/airsim_interfaces/lib/python3.8/site-packages/airsim_interfaces/msg/__init__.py
[0.786s] -- Up-to-date: /home/cthornton/data/local/college/research/arl/code/sims/airsim/ros_ws/install/airsim_interfaces/lib/python3.8/site-packages/airsim_interfaces/srv
[0.786s] -- Up-to-date: /home/cthornton/data/local/college/research/arl/code/sims/airsim/ros_ws/install/airsim_interfaces/lib/python3.8/site-packages/airsim_interfaces/srv/_land.py
[0.786s] -- Up-to-date: /home/cthornton/data/local/college/research/arl/code/sims/airsim/ros_ws/install/airsim_interfaces/lib/python3.8/site-packages/airsim_interfaces/srv/_land_group.py
[0.787s] -- Up-to-date: /home/cthornton/data/local/college/research/arl/code/sims/airsim/ros_ws/install/airsim_interfaces/lib/python3.8/site-packages/airsim_interfaces/srv/_land_group_s.c
[0.787s] -- Up-to-date: /home/cthornton/data/local/college/research/arl/code/sims/airsim/ros_ws/install/airsim_interfaces/lib/python3.8/site-packages/airsim_interfaces/srv/_land_s.c
[0.787s] -- Up-to-date: /home/cthornton/data/local/college/research/arl/code/sims/airsim/ros_ws/install/airsim_interfaces/lib/python3.8/site-packages/airsim_interfaces/srv/_reset.py
[0.787s] -- Up-to-date: /home/cthornton/data/local/college/research/arl/code/sims/airsim/ros_ws/install/airsim_interfaces/lib/python3.8/site-packages/airsim_interfaces/srv/_reset_s.c
[0.787s] -- Up-to-date: /home/cthornton/data/local/college/research/arl/code/sims/airsim/ros_ws/install/airsim_interfaces/lib/python3.8/site-packages/airsim_interfaces/srv/_set_gps_position.py
[0.787s] -- Up-to-date: /home/cthornton/data/local/college/research/arl/code/sims/airsim/ros_ws/install/airsim_interfaces/lib/python3.8/site-packages/airsim_interfaces/srv/_set_gps_position_s.c
[0.787s] -- Up-to-date: /home/cthornton/data/local/college/research/arl/code/sims/airsim/ros_ws/install/airsim_interfaces/lib/python3.8/site-packages/airsim_interfaces/srv/_set_local_position.py
[0.787s] -- Up-to-date: /home/cthornton/data/local/college/research/arl/code/sims/airsim/ros_ws/install/airsim_interfaces/lib/python3.8/site-packages/airsim_interfaces/srv/_set_local_position_s.c
[0.788s] -- Up-to-date: /home/cthornton/data/local/college/research/arl/code/sims/airsim/ros_ws/install/airsim_interfaces/lib/python3.8/site-packages/airsim_interfaces/srv/_takeoff.py
[0.788s] -- Up-to-date: /home/cthornton/data/local/college/research/arl/code/sims/airsim/ros_ws/install/airsim_interfaces/lib/python3.8/site-packages/airsim_interfaces/srv/_takeoff_group.py
[0.788s] -- Up-to-date: /home/cthornton/data/local/college/research/arl/code/sims/airsim/ros_ws/install/airsim_interfaces/lib/python3.8/site-packages/airsim_interfaces/srv/_takeoff_group_s.c
[0.788s] -- Up-to-date: /home/cthornton/data/local/college/research/arl/code/sims/airsim/ros_ws/install/airsim_interfaces/lib/python3.8/site-packages/airsim_interfaces/srv/_takeoff_s.c
[0.788s] -- Up-to-date: /home/cthornton/data/local/college/research/arl/code/sims/airsim/ros_ws/install/airsim_interfaces/lib/python3.8/site-packages/airsim_interfaces/srv/__init__.py
[0.788s] -- Up-to-date: /home/cthornton/data/local/college/research/arl/code/sims/airsim/ros_ws/install/airsim_interfaces/lib/python3.8/site-packages/airsim_interfaces/airsim_interfaces_s__rosidl_typesupport_fastrtps_c.cpython-38-x86_64-linux-gnu.so
[0.788s] -- Up-to-date: /home/cthornton/data/local/college/research/arl/code/sims/airsim/ros_ws/install/airsim_interfaces/lib/python3.8/site-packages/airsim_interfaces/airsim_interfaces_s__rosidl_typesupport_introspection_c.cpython-38-x86_64-linux-gnu.so
[0.788s] -- Up-to-date: /home/cthornton/data/local/college/research/arl/code/sims/airsim/ros_ws/install/airsim_interfaces/lib/python3.8/site-packages/airsim_interfaces/airsim_interfaces_s__rosidl_typesupport_c.cpython-38-x86_64-linux-gnu.so
[0.789s] -- Up-to-date: /home/cthornton/data/local/college/research/arl/code/sims/airsim/ros_ws/install/airsim_interfaces/lib/libairsim_interfaces__python.so
[0.790s] -- Up-to-date: /home/cthornton/data/local/college/research/arl/code/sims/airsim/ros_ws/install/airsim_interfaces/share/airsim_interfaces/msg/GimbalAngleEulerCmd.idl
[0.790s] -- Up-to-date: /home/cthornton/data/local/college/research/arl/code/sims/airsim/ros_ws/install/airsim_interfaces/share/airsim_interfaces/msg/GimbalAngleQuatCmd.idl
[0.790s] -- Up-to-date: /home/cthornton/data/local/college/research/arl/code/sims/airsim/ros_ws/install/airsim_interfaces/share/airsim_interfaces/msg/GPSYaw.idl
[0.790s] -- Up-to-date: /home/cthornton/data/local/college/research/arl/code/sims/airsim/ros_ws/install/airsim_interfaces/share/airsim_interfaces/msg/VelCmd.idl
[0.790s] -- Up-to-date: /home/cthornton/data/local/college/research/arl/code/sims/airsim/ros_ws/install/airsim_interfaces/share/airsim_interfaces/msg/VelCmdGroup.idl
[0.790s] -- Up-to-date: /home/cthornton/data/local/college/research/arl/code/sims/airsim/ros_ws/install/airsim_interfaces/share/airsim_interfaces/msg/CarControls.idl
[0.791s] -- Up-to-date: /home/cthornton/data/local/college/research/arl/code/sims/airsim/ros_ws/install/airsim_interfaces/share/airsim_interfaces/msg/CarState.idl
[0.791s] -- Up-to-date: /home/cthornton/data/local/college/research/arl/code/sims/airsim/ros_ws/install/airsim_interfaces/share/airsim_interfaces/msg/Altimeter.idl
[0.791s] -- Up-to-date: /home/cthornton/data/local/college/research/arl/code/sims/airsim/ros_ws/install/airsim_interfaces/share/airsim_interfaces/msg/Environment.idl
[0.791s] -- Up-to-date: /home/cthornton/data/local/college/research/arl/code/sims/airsim/ros_ws/install/airsim_interfaces/share/airsim_interfaces/srv/SetGPSPosition.idl
[0.791s] -- Up-to-date: /home/cthornton/data/local/college/research/arl/code/sims/airsim/ros_ws/install/airsim_interfaces/share/airsim_interfaces/srv/Takeoff.idl
[0.791s] -- Up-to-date: /home/cthornton/data/local/college/research/arl/code/sims/airsim/ros_ws/install/airsim_interfaces/share/airsim_interfaces/srv/TakeoffGroup.idl
[0.791s] -- Up-to-date: /home/cthornton/data/local/college/research/arl/code/sims/airsim/ros_ws/install/airsim_interfaces/share/airsim_interfaces/srv/Land.idl
[0.791s] -- Up-to-date: /home/cthornton/data/local/college/research/arl/code/sims/airsim/ros_ws/install/airsim_interfaces/share/airsim_interfaces/srv/LandGroup.idl
[0.792s] -- Up-to-date: /home/cthornton/data/local/college/research/arl/code/sims/airsim/ros_ws/install/airsim_interfaces/share/airsim_interfaces/srv/Reset.idl
[0.792s] -- Up-to-date: /home/cthornton/data/local/college/research/arl/code/sims/airsim/ros_ws/install/airsim_interfaces/share/airsim_interfaces/srv/SetLocalPosition.idl
[0.792s] -- Up-to-date: /home/cthornton/data/local/college/research/arl/code/sims/airsim/ros_ws/install/airsim_interfaces/share/airsim_interfaces/msg/GimbalAngleEulerCmd.msg
[0.792s] -- Up-to-date: /home/cthornton/data/local/college/research/arl/code/sims/airsim/ros_ws/install/airsim_interfaces/share/airsim_interfaces/msg/GimbalAngleQuatCmd.msg
[0.792s] -- Up-to-date: /home/cthornton/data/local/college/research/arl/code/sims/airsim/ros_ws/install/airsim_interfaces/share/airsim_interfaces/msg/GPSYaw.msg
[0.793s] -- Up-to-date: /home/cthornton/data/local/college/research/arl/code/sims/airsim/ros_ws/install/airsim_interfaces/share/airsim_interfaces/msg/VelCmd.msg
[0.793s] -- Up-to-date: /home/cthornton/data/local/college/research/arl/code/sims/airsim/ros_ws/install/airsim_interfaces/share/airsim_interfaces/msg/VelCmdGroup.msg
[0.793s] -- Up-to-date: /home/cthornton/data/local/college/research/arl/code/sims/airsim/ros_ws/install/airsim_interfaces/share/airsim_interfaces/msg/CarControls.msg
[0.793s] -- Up-to-date: /home/cthornton/data/local/college/research/arl/code/sims/airsim/ros_ws/install/airsim_interfaces/share/airsim_interfaces/msg/CarState.msg
[0.793s] -- Up-to-date: /home/cthornton/data/local/college/research/arl/code/sims/airsim/ros_ws/install/airsim_interfaces/share/airsim_interfaces/msg/Altimeter.msg
[0.793s] -- Up-to-date: /home/cthornton/data/local/college/research/arl/code/sims/airsim/ros_ws/install/airsim_interfaces/share/airsim_interfaces/msg/Environment.msg
[0.794s] -- Up-to-date: /home/cthornton/data/local/college/research/arl/code/sims/airsim/ros_ws/install/airsim_interfaces/share/airsim_interfaces/srv/SetGPSPosition.srv
[0.794s] -- Up-to-date: /home/cthornton/data/local/college/research/arl/code/sims/airsim/ros_ws/install/airsim_interfaces/share/airsim_interfaces/srv/SetGPSPosition_Request.msg
[0.794s] -- Up-to-date: /home/cthornton/data/local/college/research/arl/code/sims/airsim/ros_ws/install/airsim_interfaces/share/airsim_interfaces/srv/SetGPSPosition_Response.msg
[0.794s] -- Up-to-date: /home/cthornton/data/local/college/research/arl/code/sims/airsim/ros_ws/install/airsim_interfaces/share/airsim_interfaces/srv/Takeoff.srv
[0.794s] -- Up-to-date: /home/cthornton/data/local/college/research/arl/code/sims/airsim/ros_ws/install/airsim_interfaces/share/airsim_interfaces/srv/Takeoff_Request.msg
[0.794s] -- Up-to-date: /home/cthornton/data/local/college/research/arl/code/sims/airsim/ros_ws/install/airsim_interfaces/share/airsim_interfaces/srv/Takeoff_Response.msg
[0.794s] -- Up-to-date: /home/cthornton/data/local/college/research/arl/code/sims/airsim/ros_ws/install/airsim_interfaces/share/airsim_interfaces/srv/TakeoffGroup.srv
[0.795s] -- Up-to-date: /home/cthornton/data/local/college/research/arl/code/sims/airsim/ros_ws/install/airsim_interfaces/share/airsim_interfaces/srv/TakeoffGroup_Request.msg
[0.795s] -- Up-to-date: /home/cthornton/data/local/college/research/arl/code/sims/airsim/ros_ws/install/airsim_interfaces/share/airsim_interfaces/srv/TakeoffGroup_Response.msg
[0.795s] -- Up-to-date: /home/cthornton/data/local/college/research/arl/code/sims/airsim/ros_ws/install/airsim_interfaces/share/airsim_interfaces/srv/Land.srv
[0.795s] -- Up-to-date: /home/cthornton/data/local/college/research/arl/code/sims/airsim/ros_ws/install/airsim_interfaces/share/airsim_interfaces/srv/Land_Request.msg
[0.795s] -- Up-to-date: /home/cthornton/data/local/college/research/arl/code/sims/airsim/ros_ws/install/airsim_interfaces/share/airsim_interfaces/srv/Land_Response.msg
[0.795s] -- Up-to-date: /home/cthornton/data/local/college/research/arl/code/sims/airsim/ros_ws/install/airsim_interfaces/share/airsim_interfaces/srv/LandGroup.srv
[0.795s] -- Up-to-date: /home/cthornton/data/local/college/research/arl/code/sims/airsim/ros_ws/install/airsim_interfaces/share/airsim_interfaces/srv/LandGroup_Request.msg
[0.796s] -- Up-to-date: /home/cthornton/data/local/college/research/arl/code/sims/airsim/ros_ws/install/airsim_interfaces/share/airsim_interfaces/srv/LandGroup_Response.msg
[0.796s] -- Up-to-date: /home/cthornton/data/local/college/research/arl/code/sims/airsim/ros_ws/install/airsim_interfaces/share/airsim_interfaces/srv/Reset.srv
[0.796s] -- Up-to-date: /home/cthornton/data/local/college/research/arl/code/sims/airsim/ros_ws/install/airsim_interfaces/share/airsim_interfaces/srv/Reset_Request.msg
[0.796s] -- Up-to-date: /home/cthornton/data/local/college/research/arl/code/sims/airsim/ros_ws/install/airsim_interfaces/share/airsim_interfaces/srv/Reset_Response.msg
[0.796s] -- Up-to-date: /home/cthornton/data/local/college/research/arl/code/sims/airsim/ros_ws/install/airsim_interfaces/share/airsim_interfaces/srv/SetLocalPosition.srv
[0.796s] -- Up-to-date: /home/cthornton/data/local/college/research/arl/code/sims/airsim/ros_ws/install/airsim_interfaces/share/airsim_interfaces/srv/SetLocalPosition_Request.msg
[0.796s] -- Up-to-date: /home/cthornton/data/local/college/research/arl/code/sims/airsim/ros_ws/install/airsim_interfaces/share/airsim_interfaces/srv/SetLocalPosition_Response.msg
[0.797s] -- Up-to-date: /home/cthornton/data/local/college/research/arl/code/sims/airsim/ros_ws/install/airsim_interfaces/share/ament_index/resource_index/package_run_dependencies/airsim_interfaces
[0.797s] -- Up-to-date: /home/cthornton/data/local/college/research/arl/code/sims/airsim/ros_ws/install/airsim_interfaces/share/ament_index/resource_index/parent_prefix_path/airsim_interfaces
[0.797s] -- Up-to-date: /home/cthornton/data/local/college/research/arl/code/sims/airsim/ros_ws/install/airsim_interfaces/share/airsim_interfaces/environment/ament_prefix_path.sh
[0.797s] -- Up-to-date: /home/cthornton/data/local/college/research/arl/code/sims/airsim/ros_ws/install/airsim_interfaces/share/airsim_interfaces/environment/ament_prefix_path.dsv
[0.797s] -- Up-to-date: /home/cthornton/data/local/college/research/arl/code/sims/airsim/ros_ws/install/airsim_interfaces/share/airsim_interfaces/environment/path.sh
[0.797s] -- Up-to-date: /home/cthornton/data/local/college/research/arl/code/sims/airsim/ros_ws/install/airsim_interfaces/share/airsim_interfaces/environment/path.dsv
[0.797s] -- Up-to-date: /home/cthornton/data/local/college/research/arl/code/sims/airsim/ros_ws/install/airsim_interfaces/share/airsim_interfaces/local_setup.bash
[0.798s] -- Up-to-date: /home/cthornton/data/local/college/research/arl/code/sims/airsim/ros_ws/install/airsim_interfaces/share/airsim_interfaces/local_setup.sh
[0.798s] -- Up-to-date: /home/cthornton/data/local/college/research/arl/code/sims/airsim/ros_ws/install/airsim_interfaces/share/airsim_interfaces/local_setup.zsh
[0.798s] -- Up-to-date: /home/cthornton/data/local/college/research/arl/code/sims/airsim/ros_ws/install/airsim_interfaces/share/airsim_interfaces/local_setup.dsv
[0.798s] -- Installing: /home/cthornton/data/local/college/research/arl/code/sims/airsim/ros_ws/install/airsim_interfaces/share/airsim_interfaces/package.dsv
[0.798s] -- Up-to-date: /home/cthornton/data/local/college/research/arl/code/sims/airsim/ros_ws/install/airsim_interfaces/share/ament_index/resource_index/packages/airsim_interfaces
[0.799s] -- Up-to-date: /home/cthornton/data/local/college/research/arl/code/sims/airsim/ros_ws/install/airsim_interfaces/share/airsim_interfaces/cmake/airsim_interfaces__rosidl_generator_cExport.cmake
[0.799s] -- Up-to-date: /home/cthornton/data/local/college/research/arl/code/sims/airsim/ros_ws/install/airsim_interfaces/share/airsim_interfaces/cmake/airsim_interfaces__rosidl_generator_cExport-debug.cmake
[0.799s] -- Up-to-date: /home/cthornton/data/local/college/research/arl/code/sims/airsim/ros_ws/install/airsim_interfaces/share/airsim_interfaces/cmake/airsim_interfaces__rosidl_typesupport_introspection_cExport.cmake
[0.799s] -- Up-to-date: /home/cthornton/data/local/college/research/arl/code/sims/airsim/ros_ws/install/airsim_interfaces/share/airsim_interfaces/cmake/airsim_interfaces__rosidl_typesupport_introspection_cExport-debug.cmake
[0.800s] -- Up-to-date: /home/cthornton/data/local/college/research/arl/code/sims/airsim/ros_ws/install/airsim_interfaces/share/airsim_interfaces/cmake/airsim_interfaces__rosidl_typesupport_cExport.cmake
[0.800s] -- Up-to-date: /home/cthornton/data/local/college/research/arl/code/sims/airsim/ros_ws/install/airsim_interfaces/share/airsim_interfaces/cmake/airsim_interfaces__rosidl_typesupport_cExport-debug.cmake
[0.800s] -- Up-to-date: /home/cthornton/data/local/college/research/arl/code/sims/airsim/ros_ws/install/airsim_interfaces/share/airsim_interfaces/cmake/airsim_interfaces__rosidl_generator_cppExport.cmake
[0.800s] -- Up-to-date: /home/cthornton/data/local/college/research/arl/code/sims/airsim/ros_ws/install/airsim_interfaces/share/airsim_interfaces/cmake/airsim_interfaces__rosidl_typesupport_introspection_cppExport.cmake
[0.800s] -- Up-to-date: /home/cthornton/data/local/college/research/arl/code/sims/airsim/ros_ws/install/airsim_interfaces/share/airsim_interfaces/cmake/airsim_interfaces__rosidl_typesupport_introspection_cppExport-debug.cmake
[0.801s] -- Up-to-date: /home/cthornton/data/local/college/research/arl/code/sims/airsim/ros_ws/install/airsim_interfaces/share/airsim_interfaces/cmake/airsim_interfaces__rosidl_typesupport_cppExport.cmake
[0.801s] -- Up-to-date: /home/cthornton/data/local/college/research/arl/code/sims/airsim/ros_ws/install/airsim_interfaces/share/airsim_interfaces/cmake/airsim_interfaces__rosidl_typesupport_cppExport-debug.cmake
[0.801s] -- Up-to-date: /home/cthornton/data/local/college/research/arl/code/sims/airsim/ros_ws/install/airsim_interfaces/share/airsim_interfaces/cmake/rosidl_cmake-extras.cmake
[0.801s] -- Up-to-date: /home/cthornton/data/local/college/research/arl/code/sims/airsim/ros_ws/install/airsim_interfaces/share/airsim_interfaces/cmake/ament_cmake_export_dependencies-extras.cmake
[0.802s] -- Up-to-date: /home/cthornton/data/local/college/research/arl/code/sims/airsim/ros_ws/install/airsim_interfaces/share/airsim_interfaces/cmake/ament_cmake_export_libraries-extras.cmake
[0.802s] -- Up-to-date: /home/cthornton/data/local/college/research/arl/code/sims/airsim/ros_ws/install/airsim_interfaces/share/airsim_interfaces/cmake/ament_cmake_export_targets-extras.cmake
[0.802s] -- Up-to-date: /home/cthornton/data/local/college/research/arl/code/sims/airsim/ros_ws/install/airsim_interfaces/share/airsim_interfaces/cmake/ament_cmake_export_include_directories-extras.cmake
[0.802s] -- Up-to-date: /home/cthornton/data/local/college/research/arl/code/sims/airsim/ros_ws/install/airsim_interfaces/share/airsim_interfaces/cmake/rosidl_cmake_export_typesupport_libraries-extras.cmake
[0.802s] -- Up-to-date: /home/cthornton/data/local/college/research/arl/code/sims/airsim/ros_ws/install/airsim_interfaces/share/airsim_interfaces/cmake/rosidl_cmake_export_typesupport_targets-extras.cmake
[0.802s] -- Up-to-date: /home/cthornton/data/local/college/research/arl/code/sims/airsim/ros_ws/install/airsim_interfaces/share/airsim_interfaces/cmake/airsim_interfacesConfig.cmake
[0.803s] -- Up-to-date: /home/cthornton/data/local/college/research/arl/code/sims/airsim/ros_ws/install/airsim_interfaces/share/airsim_interfaces/cmake/airsim_interfacesConfig-version.cmake
[0.803s] -- Up-to-date: /home/cthornton/data/local/college/research/arl/code/sims/airsim/ros_ws/install/airsim_interfaces/share/airsim_interfaces/package.xml
[0.809s] Invoked command in '/home/cthornton/data/local/college/research/arl/code/sims/airsim/ros_ws/build/airsim_interfaces' returned '0': CMAKE_PREFIX_PATH=/home/cthornton/data/local/college/research/arl/code/sims/airsim/ros_ws/install/hrlsim_interfaces:/home/cthornton/data/local/college/research/arl/code/sims/airsim/ros_ws/install/hrl_interfaces:/home/cthornton/data/local/college/research/arl/code/sims/airsim/ros_ws/install/airsim_ros_pkgs:/home/cthornton/data/local/college/research/arl/code/sims/airsim/ros_ws/install/airsim_interfaces:/home/cthornton/data/local/college/research/arl/code/sims/airsim/ros_ws/install/hrlsim:/opt/ros/foxy:/home/cthornton/Documents/vela/catkin_ws/devel /home/cthornton/.local/bin/cmake --install /home/cthornton/data/local/college/research/arl/code/sims/airsim/ros_ws/build/airsim_interfaces
