Symlinking /media/storage/local/college/research/arl/sims/airsim/catkin_ws/devel/include/airsim_ros_pkgs/Altimeter.h
Symlinking /media/storage/local/college/research/arl/sims/airsim/catkin_ws/devel/include/airsim_ros_pkgs/CarControls.h
Symlinking /media/storage/local/college/research/arl/sims/airsim/catkin_ws/devel/include/airsim_ros_pkgs/CarState.h
Symlinking /media/storage/local/college/research/arl/sims/airsim/catkin_ws/devel/include/airsim_ros_pkgs/Environment.h
Symlinking /media/storage/local/college/research/arl/sims/airsim/catkin_ws/devel/include/airsim_ros_pkgs/GimbalAngleEulerCmd.h
Symlinking /media/storage/local/college/research/arl/sims/airsim/catkin_ws/devel/include/airsim_ros_pkgs/GimbalAngleQuatCmd.h
Symlinking /media/storage/local/college/research/arl/sims/airsim/catkin_ws/devel/include/airsim_ros_pkgs/GPSYaw.h
Symlinking /media/storage/local/college/research/arl/sims/airsim/catkin_ws/devel/include/airsim_ros_pkgs/Land.h
Symlinking /media/storage/local/college/research/arl/sims/airsim/catkin_ws/devel/include/airsim_ros_pkgs/LandGroup.h
Symlinking /media/storage/local/college/research/arl/sims/airsim/catkin_ws/devel/include/airsim_ros_pkgs/LandGroupRequest.h
Symlinking /media/storage/local/college/research/arl/sims/airsim/catkin_ws/devel/include/airsim_ros_pkgs/LandGroupResponse.h
Symlinking /media/storage/local/college/research/arl/sims/airsim/catkin_ws/devel/include/airsim_ros_pkgs/LandRequest.h
Symlinking /media/storage/local/college/research/arl/sims/airsim/catkin_ws/devel/include/airsim_ros_pkgs/LandResponse.h
Symlinking /media/storage/local/college/research/arl/sims/airsim/catkin_ws/devel/include/airsim_ros_pkgs/Reset.h
Symlinking /media/storage/local/college/research/arl/sims/airsim/catkin_ws/devel/include/airsim_ros_pkgs/ResetRequest.h
Symlinking /media/storage/local/college/research/arl/sims/airsim/catkin_ws/devel/include/airsim_ros_pkgs/ResetResponse.h
Symlinking /media/storage/local/college/research/arl/sims/airsim/catkin_ws/devel/include/airsim_ros_pkgs/SetGPSPosition.h
Symlinking /media/storage/local/college/research/arl/sims/airsim/catkin_ws/devel/include/airsim_ros_pkgs/SetGPSPositionRequest.h
Symlinking /media/storage/local/college/research/arl/sims/airsim/catkin_ws/devel/include/airsim_ros_pkgs/SetGPSPositionResponse.h
Symlinking /media/storage/local/college/research/arl/sims/airsim/catkin_ws/devel/include/airsim_ros_pkgs/SetLocalPosition.h
Symlinking /media/storage/local/college/research/arl/sims/airsim/catkin_ws/devel/include/airsim_ros_pkgs/SetLocalPositionRequest.h
Symlinking /media/storage/local/college/research/arl/sims/airsim/catkin_ws/devel/include/airsim_ros_pkgs/SetLocalPositionResponse.h
Symlinking /media/storage/local/college/research/arl/sims/airsim/catkin_ws/devel/include/airsim_ros_pkgs/Takeoff.h
Symlinking /media/storage/local/college/research/arl/sims/airsim/catkin_ws/devel/include/airsim_ros_pkgs/TakeoffGroup.h
Symlinking /media/storage/local/college/research/arl/sims/airsim/catkin_ws/devel/include/airsim_ros_pkgs/TakeoffGroupRequest.h
Symlinking /media/storage/local/college/research/arl/sims/airsim/catkin_ws/devel/include/airsim_ros_pkgs/TakeoffGroupResponse.h
Symlinking /media/storage/local/college/research/arl/sims/airsim/catkin_ws/devel/include/airsim_ros_pkgs/TakeoffRequest.h
Symlinking /media/storage/local/college/research/arl/sims/airsim/catkin_ws/devel/include/airsim_ros_pkgs/TakeoffResponse.h
Symlinking /media/storage/local/college/research/arl/sims/airsim/catkin_ws/devel/include/airsim_ros_pkgs/VelCmd.h
Symlinking /media/storage/local/college/research/arl/sims/airsim/catkin_ws/devel/include/airsim_ros_pkgs/VelCmdGroup.h
Symlinking /media/storage/local/college/research/arl/sims/airsim/catkin_ws/devel/lib/pkgconfig/airsim_ros_pkgs.pc
Symlinking /media/storage/local/college/research/arl/sims/airsim/catkin_ws/devel/lib/python2.7/dist-packages/airsim_ros_pkgs/__init__.py
Symlinking /media/storage/local/college/research/arl/sims/airsim/catkin_ws/devel/lib/python2.7/dist-packages/airsim_ros_pkgs/msg/_Altimeter.py
Symlinking /media/storage/local/college/research/arl/sims/airsim/catkin_ws/devel/lib/python2.7/dist-packages/airsim_ros_pkgs/msg/_CarControls.py
Symlinking /media/storage/local/college/research/arl/sims/airsim/catkin_ws/devel/lib/python2.7/dist-packages/airsim_ros_pkgs/msg/_CarState.py
Symlinking /media/storage/local/college/research/arl/sims/airsim/catkin_ws/devel/lib/python2.7/dist-packages/airsim_ros_pkgs/msg/_Environment.py
Symlinking /media/storage/local/college/research/arl/sims/airsim/catkin_ws/devel/lib/python2.7/dist-packages/airsim_ros_pkgs/msg/_GimbalAngleEulerCmd.py
Symlinking /media/storage/local/college/research/arl/sims/airsim/catkin_ws/devel/lib/python2.7/dist-packages/airsim_ros_pkgs/msg/_GimbalAngleQuatCmd.py
Symlinking /media/storage/local/college/research/arl/sims/airsim/catkin_ws/devel/lib/python2.7/dist-packages/airsim_ros_pkgs/msg/_GPSYaw.py
Symlinking /media/storage/local/college/research/arl/sims/airsim/catkin_ws/devel/lib/python2.7/dist-packages/airsim_ros_pkgs/msg/_VelCmd.py
Symlinking /media/storage/local/college/research/arl/sims/airsim/catkin_ws/devel/lib/python2.7/dist-packages/airsim_ros_pkgs/msg/_VelCmdGroup.py
Symlinking /media/storage/local/college/research/arl/sims/airsim/catkin_ws/devel/lib/python2.7/dist-packages/airsim_ros_pkgs/msg/__init__.py
Symlinking /media/storage/local/college/research/arl/sims/airsim/catkin_ws/devel/lib/python2.7/dist-packages/airsim_ros_pkgs/srv/_Land.py
Symlinking /media/storage/local/college/research/arl/sims/airsim/catkin_ws/devel/lib/python2.7/dist-packages/airsim_ros_pkgs/srv/_LandGroup.py
Symlinking /media/storage/local/college/research/arl/sims/airsim/catkin_ws/devel/lib/python2.7/dist-packages/airsim_ros_pkgs/srv/_Reset.py
Symlinking /media/storage/local/college/research/arl/sims/airsim/catkin_ws/devel/lib/python2.7/dist-packages/airsim_ros_pkgs/srv/_SetGPSPosition.py
Symlinking /media/storage/local/college/research/arl/sims/airsim/catkin_ws/devel/lib/python2.7/dist-packages/airsim_ros_pkgs/srv/_SetLocalPosition.py
Symlinking /media/storage/local/college/research/arl/sims/airsim/catkin_ws/devel/lib/python2.7/dist-packages/airsim_ros_pkgs/srv/_Takeoff.py
Symlinking /media/storage/local/college/research/arl/sims/airsim/catkin_ws/devel/lib/python2.7/dist-packages/airsim_ros_pkgs/srv/_TakeoffGroup.py
Symlinking /media/storage/local/college/research/arl/sims/airsim/catkin_ws/devel/lib/python2.7/dist-packages/airsim_ros_pkgs/srv/__init__.py
Symlinking /media/storage/local/college/research/arl/sims/airsim/catkin_ws/devel/share/airsim_ros_pkgs/cmake/airsim_ros_pkgs-msg-extras.cmake
Symlinking /media/storage/local/college/research/arl/sims/airsim/catkin_ws/devel/share/airsim_ros_pkgs/cmake/airsim_ros_pkgs-msg-paths.cmake
Symlinking /media/storage/local/college/research/arl/sims/airsim/catkin_ws/devel/share/airsim_ros_pkgs/cmake/airsim_ros_pkgsConfig-version.cmake
Symlinking /media/storage/local/college/research/arl/sims/airsim/catkin_ws/devel/share/airsim_ros_pkgs/cmake/airsim_ros_pkgsConfig.cmake
Symlinking /media/storage/local/college/research/arl/sims/airsim/catkin_ws/devel/share/gennodejs/ros/airsim_ros_pkgs/_index.js
Symlinking /media/storage/local/college/research/arl/sims/airsim/catkin_ws/devel/share/gennodejs/ros/airsim_ros_pkgs/msg/Altimeter.js
Symlinking /media/storage/local/college/research/arl/sims/airsim/catkin_ws/devel/share/gennodejs/ros/airsim_ros_pkgs/msg/CarControls.js
Symlinking /media/storage/local/college/research/arl/sims/airsim/catkin_ws/devel/share/gennodejs/ros/airsim_ros_pkgs/msg/CarState.js
Symlinking /media/storage/local/college/research/arl/sims/airsim/catkin_ws/devel/share/gennodejs/ros/airsim_ros_pkgs/msg/Environment.js
Symlinking /media/storage/local/college/research/arl/sims/airsim/catkin_ws/devel/share/gennodejs/ros/airsim_ros_pkgs/msg/GimbalAngleEulerCmd.js
Symlinking /media/storage/local/college/research/arl/sims/airsim/catkin_ws/devel/share/gennodejs/ros/airsim_ros_pkgs/msg/GimbalAngleQuatCmd.js
Symlinking /media/storage/local/college/research/arl/sims/airsim/catkin_ws/devel/share/gennodejs/ros/airsim_ros_pkgs/msg/GPSYaw.js
Symlinking /media/storage/local/college/research/arl/sims/airsim/catkin_ws/devel/share/gennodejs/ros/airsim_ros_pkgs/msg/VelCmd.js
Symlinking /media/storage/local/college/research/arl/sims/airsim/catkin_ws/devel/share/gennodejs/ros/airsim_ros_pkgs/msg/VelCmdGroup.js
Symlinking /media/storage/local/college/research/arl/sims/airsim/catkin_ws/devel/share/gennodejs/ros/airsim_ros_pkgs/msg/_index.js
Symlinking /media/storage/local/college/research/arl/sims/airsim/catkin_ws/devel/share/gennodejs/ros/airsim_ros_pkgs/srv/Land.js
Symlinking /media/storage/local/college/research/arl/sims/airsim/catkin_ws/devel/share/gennodejs/ros/airsim_ros_pkgs/srv/LandGroup.js
Symlinking /media/storage/local/college/research/arl/sims/airsim/catkin_ws/devel/share/gennodejs/ros/airsim_ros_pkgs/srv/Reset.js
Symlinking /media/storage/local/college/research/arl/sims/airsim/catkin_ws/devel/share/gennodejs/ros/airsim_ros_pkgs/srv/SetGPSPosition.js
Symlinking /media/storage/local/college/research/arl/sims/airsim/catkin_ws/devel/share/gennodejs/ros/airsim_ros_pkgs/srv/SetLocalPosition.js
Symlinking /media/storage/local/college/research/arl/sims/airsim/catkin_ws/devel/share/gennodejs/ros/airsim_ros_pkgs/srv/Takeoff.js
Symlinking /media/storage/local/college/research/arl/sims/airsim/catkin_ws/devel/share/gennodejs/ros/airsim_ros_pkgs/srv/TakeoffGroup.js
Symlinking /media/storage/local/college/research/arl/sims/airsim/catkin_ws/devel/share/gennodejs/ros/airsim_ros_pkgs/srv/_index.js
Symlinking /media/storage/local/college/research/arl/sims/airsim/catkin_ws/devel/share/roseus/ros/airsim_ros_pkgs/manifest.l
Symlinking /media/storage/local/college/research/arl/sims/airsim/catkin_ws/devel/share/roseus/ros/airsim_ros_pkgs/msg/Altimeter.l
Symlinking /media/storage/local/college/research/arl/sims/airsim/catkin_ws/devel/share/roseus/ros/airsim_ros_pkgs/msg/CarControls.l
Symlinking /media/storage/local/college/research/arl/sims/airsim/catkin_ws/devel/share/roseus/ros/airsim_ros_pkgs/msg/CarState.l
Symlinking /media/storage/local/college/research/arl/sims/airsim/catkin_ws/devel/share/roseus/ros/airsim_ros_pkgs/msg/Environment.l
Symlinking /media/storage/local/college/research/arl/sims/airsim/catkin_ws/devel/share/roseus/ros/airsim_ros_pkgs/msg/GimbalAngleEulerCmd.l
Symlinking /media/storage/local/college/research/arl/sims/airsim/catkin_ws/devel/share/roseus/ros/airsim_ros_pkgs/msg/GimbalAngleQuatCmd.l
Symlinking /media/storage/local/college/research/arl/sims/airsim/catkin_ws/devel/share/roseus/ros/airsim_ros_pkgs/msg/GPSYaw.l
Symlinking /media/storage/local/college/research/arl/sims/airsim/catkin_ws/devel/share/roseus/ros/airsim_ros_pkgs/msg/VelCmd.l
Symlinking /media/storage/local/college/research/arl/sims/airsim/catkin_ws/devel/share/roseus/ros/airsim_ros_pkgs/msg/VelCmdGroup.l
Symlinking /media/storage/local/college/research/arl/sims/airsim/catkin_ws/devel/share/roseus/ros/airsim_ros_pkgs/srv/Land.l
Symlinking /media/storage/local/college/research/arl/sims/airsim/catkin_ws/devel/share/roseus/ros/airsim_ros_pkgs/srv/LandGroup.l
Symlinking /media/storage/local/college/research/arl/sims/airsim/catkin_ws/devel/share/roseus/ros/airsim_ros_pkgs/srv/Reset.l
Symlinking /media/storage/local/college/research/arl/sims/airsim/catkin_ws/devel/share/roseus/ros/airsim_ros_pkgs/srv/SetGPSPosition.l
Symlinking /media/storage/local/college/research/arl/sims/airsim/catkin_ws/devel/share/roseus/ros/airsim_ros_pkgs/srv/SetLocalPosition.l
Symlinking /media/storage/local/college/research/arl/sims/airsim/catkin_ws/devel/share/roseus/ros/airsim_ros_pkgs/srv/Takeoff.l
Symlinking /media/storage/local/college/research/arl/sims/airsim/catkin_ws/devel/share/roseus/ros/airsim_ros_pkgs/srv/TakeoffGroup.l
