Not searching for unused variables given on the command line.
[36m--[0m Running CommonSetup...
[36m--[0m found AIRSIM_ROOT=/home/cthornton/HDD/local/college/research/arl/sims/airsim/AirSim
[31m[1mCMake Error[0m at /home/cthornton/HDD/local/college/research/arl/sims/airsim/AirSim/cmake/rpclib_wrapper/CMakeLists.txt:13 (add_subdirectory):
  add_subdirectory given source
  "/home/cthornton/HDD/local/college/research/arl/sims/airsim/AirSim/external/rpclib/rpclib-2.2.1"
  which is not an existing directory.


[36m--[0m Running CommonSetup...
[36m--[0m found AIRSIM_ROOT=/home/cthornton/HDD/local/college/research/arl/sims/airsim/AirSim
[36m--[0m Running CommonSetup...
[36m--[0m found AIRSIM_ROOT=/home/cthornton/HDD/local/college/research/arl/sims/airsim/AirSim
[36m--[0m Running CommonSetup...
[36m--[0m found AIRSIM_ROOT=/home/cthornton/HDD/local/college/research/arl/sims/airsim/AirSim
[36m--[0m found RPC_LIB_INCLUDES= /home/cthornton/HDD/local/college/research/arl/sims/airsim/AirSim/external/rpclib/rpclib-2.2.1/include
[36m--[0m Boost version: 1.65.1
[36m--[0m Using CATKIN_DEVEL_PREFIX: /media/storage/local/college/research/arl/sims/airsim/catkin_ws/devel/.private/airsim_ros_pkgs
[36m--[0m Using CMAKE_PREFIX_PATH: /media/storage/local/college/research/arl/sims/airsim/catkin_ws/devel;/home/cthornton/HDD/local/college/research/golf_cart/coral-agc/catkin_ws/devel;/opt/ros/melodic
[36m--[0m This workspace overlays: /media/storage/local/college/research/arl/sims/airsim/catkin_ws/devel;/home/cthornton/HDD/local/college/research/golf_cart/coral-agc/catkin_ws/devel;/opt/ros/melodic
[36m--[0m Found PythonInterp: /usr/bin/python2 (found suitable version "2.7.17", minimum required is "2")
[36m--[0m Using PYTHON_EXECUTABLE: /usr/bin/python2
[36m--[0m Using Debian Python package layout
[36m--[0m Using empy: /usr/bin/empy
[36m--[0m Using CATKIN_ENABLE_TESTING: ON
[36m--[0m Call enable_testing()
[36m--[0m Using CATKIN_TEST_RESULTS_DIR: /media/storage/local/college/research/arl/sims/airsim/catkin_ws/build/airsim_ros_pkgs/test_results
[36m--[0m Found gtest sources under '/usr/src/googletest': gtests will be built
[36m--[0m Found gmock sources under '/usr/src/googletest': gmock will be built
[36m--[0m Found PythonInterp: /usr/bin/python2 (found version "2.7.17")
[36m--[0m Using Python nosetests: /usr/bin/nosetests-2.7
[36m--[0m catkin 0.7.28
[36m--[0m BUILD_SHARED_LIBS is on
[36m--[0m Using these message generators: gencpp;geneus;genlisp;gennodejs;genpy
[36m--[0m airsim_ros_pkgs: 9 messages, 7 services
[36m--[0m Configuring incomplete, errors occurred!
See also "/media/storage/local/college/research/arl/sims/airsim/catkin_ws/build/airsim_ros_pkgs/CMakeFiles/CMakeOutput.log".
See also "/media/storage/local/college/research/arl/sims/airsim/catkin_ws/build/airsim_ros_pkgs/CMakeFiles/CMakeError.log".
