Not searching for unused variables given on the command line.
[36m--[0m The C compiler identification is GNU 8.4.0
[36m--[0m The CXX compiler identification is GNU 8.4.0
[36m--[0m Detecting C compiler ABI info
[36m--[0m Detecting C compiler ABI info - done
[36m--[0m Check for working C compiler: /usr/bin/gcc-8 - skipped
[36m--[0m Detecting C compile features
[36m--[0m Detecting C compile features - done
[36m--[0m Detecting CXX compiler ABI info
[36m--[0m Detecting CXX compiler ABI info - done
[36m--[0m Check for working CXX compiler: /usr/bin/g++-8 - skipped
[36m--[0m Detecting CXX compile features
[36m--[0m Detecting CXX compile features - done
[36m--[0m Running CommonSetup...
[36m--[0m Looking for pthread.h
[36m--[0m Looking for pthread.h - found
[36m--[0m Performing Test CMAKE_HAVE_LIBC_PTHREAD
[36m--[0m Performing Test CMAKE_HAVE_LIBC_PTHREAD - Failed
[36m--[0m Looking for pthread_create in pthreads
[36m--[0m Looking for pthread_create in pthreads - not found
[36m--[0m Looking for pthread_create in pthread
[36m--[0m Looking for pthread_create in pthread - found
[36m--[0m Found Threads: TRUE
[36m--[0m found AIRSIM_ROOT=/home/cthornton/data/local/college/research/arl/code/sims/airsim/catkin_ws/src/airsim_ros_pkgs/../../../AirSim
[36m--[0m Running CommonSetup...
[36m--[0m found AIRSIM_ROOT=/home/cthornton/data/local/college/research/arl/code/sims/airsim/catkin_ws/src/airsim_ros_pkgs/../../../AirSim
[36m--[0m Running CommonSetup...
[36m--[0m found AIRSIM_ROOT=/home/cthornton/data/local/college/research/arl/code/sims/airsim/catkin_ws/src/airsim_ros_pkgs/../../../AirSim
[36m--[0m Running CommonSetup...
[36m--[0m found AIRSIM_ROOT=/home/cthornton/data/local/college/research/arl/code/sims/airsim/catkin_ws/src/airsim_ros_pkgs/../../../AirSim
[36m--[0m found RPC_LIB_INCLUDES= /home/cthornton/data/local/college/research/arl/code/sims/airsim/catkin_ws/src/airsim_ros_pkgs/../../../AirSim/external/rpclib/rpclib-2.2.1/include
[36m--[0m Found Boost: /usr/lib/x86_64-linux-gnu/cmake/Boost-1.71.0/BoostConfig.cmake (found version "1.71.0")
[36m--[0m Found OpenCV: /usr (found version "4.2.0")
[36m--[0m Using CATKIN_DEVEL_PREFIX: /home/cthornton/data/local/college/research/arl/code/sims/airsim/catkin_ws/devel/.private/airsim_ros_pkgs
[36m--[0m Using CMAKE_PREFIX_PATH: /home/cthornton/data/local/college/research/arl/code/sims/airsim/catkin_ws/devel;/opt/ros/noetic;/home/cthornton/data/local/college/research/arl/code/sims/airsim/ros_ws/install/hrlsim_interfaces;/home/cthornton/data/local/college/research/arl/code/sims/airsim/ros_ws/install/airsim_ros_pkgs;/home/cthornton/data/local/college/research/arl/code/sims/airsim/ros_ws/install/airsim_interfaces
[36m--[0m This workspace overlays: /home/cthornton/data/local/college/research/arl/code/sims/airsim/catkin_ws/devel;/opt/ros/noetic
[36m--[0m Found PythonInterp: /usr/bin/python3 (found suitable version "3.8.10", minimum required is "3")
[36m--[0m Using PYTHON_EXECUTABLE: /usr/bin/python3
[36m--[0m Using Debian Python package layout
[36m--[0m Found PY_em: /usr/lib/python3/dist-packages/em.py
[36m--[0m Using empy: /usr/lib/python3/dist-packages/em.py
[36m--[0m Using CATKIN_ENABLE_TESTING: ON
[36m--[0m Call enable_testing()
[36m--[0m Using CATKIN_TEST_RESULTS_DIR: /home/cthornton/data/local/college/research/arl/code/sims/airsim/catkin_ws/build/airsim_ros_pkgs/test_results
[36m--[0m Forcing gtest/gmock from source, though one was otherwise available.
[36m--[0m Found gtest sources under '/usr/src/googletest': gtests will be built
[36m--[0m Found gmock sources under '/usr/src/googletest': gmock will be built
[0mCMake Deprecation Warning at /usr/src/googletest/CMakeLists.txt:4 (cmake_minimum_required):
  Compatibility with CMake < 2.8.12 will be removed from a future version of
  CMake.

  Update the VERSION argument <min> value or use a ...<max> suffix to tell
  CMake that the project does not need compatibility with older versions.

[0m
[0mCMake Deprecation Warning at /usr/src/googletest/googlemock/CMakeLists.txt:45 (cmake_minimum_required):
  Compatibility with CMake < 2.8.12 will be removed from a future version of
  CMake.

  Update the VERSION argument <min> value or use a ...<max> suffix to tell
  CMake that the project does not need compatibility with older versions.

[0m
[0mCMake Deprecation Warning at /usr/src/googletest/googletest/CMakeLists.txt:56 (cmake_minimum_required):
  Compatibility with CMake < 2.8.12 will be removed from a future version of
  CMake.

  Update the VERSION argument <min> value or use a ...<max> suffix to tell
  CMake that the project does not need compatibility with older versions.

[0m
[36m--[0m Found PythonInterp: /usr/bin/python3 (found version "3.8.10")
[36m--[0m Using Python nosetests: /usr/bin/nosetests3
[36m--[0m catkin 0.8.10
[36m--[0m BUILD_SHARED_LIBS is on
[36m--[0m Could NOT find mavros_msgs (missing: mavros_msgs_DIR)
[36m--[0m Could not find the required component 'mavros_msgs'. The following CMake error indicates that you either need to install the package with the same name or change your environment so that it can be found.
[31mCMake Error at /opt/ros/noetic/share/catkin/cmake/catkinConfig.cmake:83 (find_package):
  Could not find a package configuration file provided by "mavros_msgs" with
  any of the following names:

    mavros_msgsConfig.cmake
    mavros_msgs-config.cmake

  Add the installation prefix of "mavros_msgs" to CMAKE_PREFIX_PATH or set
  "mavros_msgs_DIR" to a directory containing one of the above files.  If
  "mavros_msgs" provides a separate development package or SDK, be sure it
  has been installed.
[36mCall Stack (most recent call first):[0m
  CMakeLists.txt:26 (find_package)

[0m
[36m--[0m Configuring incomplete, errors occurred!
See also "/home/cthornton/data/local/college/research/arl/code/sims/airsim/catkin_ws/build/airsim_ros_pkgs/CMakeFiles/CMakeOutput.log".
See also "/home/cthornton/data/local/college/research/arl/code/sims/airsim/catkin_ws/build/airsim_ros_pkgs/CMakeFiles/CMakeError.log".
