[  0%] Built target actionlib_msgs_generate_messages_lisp
[  0%] Built target std_msgs_generate_messages_py
[ 20%] Built target MavLinkCom
[ 20%] Built target geometry_msgs_generate_messages_py
[ 20%] Built target _airsim_ros_pkgs_generate_messages_check_deps_Reset
[ 20%] Built target _airsim_ros_pkgs_generate_messages_check_deps_TakeoffGroup
[ 20%] Built target _airsim_ros_pkgs_generate_messages_check_deps_Environment
[ 20%] Built target _airsim_ros_pkgs_generate_messages_check_deps_Land
[ 20%] Built target _airsim_ros_pkgs_generate_messages_check_deps_SetGPSPosition
[ 20%] Built target _airsim_ros_pkgs_generate_messages_check_deps_CarState
[ 20%] Built target _airsim_ros_pkgs_generate_messages_check_deps_Takeoff
[ 20%] Built target _airsim_ros_pkgs_generate_messages_check_deps_VelCmd
[ 20%] Built target _airsim_ros_pkgs_generate_messages_check_deps_LandGroup
[ 20%] Built target geographic_msgs_generate_messages_py
[ 20%] Built target _airsim_ros_pkgs_generate_messages_check_deps_GimbalAngleEulerCmd
[ 20%] Built target geometry_msgs_generate_messages_lisp
[ 20%] Built target std_msgs_generate_messages_lisp
[ 20%] Built target std_msgs_generate_messages_eus
[ 20%] Built target geographic_msgs_generate_messages_eus
[ 20%] Built target geographic_msgs_generate_messages_lisp
[ 20%] Built target _airsim_ros_pkgs_generate_messages_check_deps_SetLocalPosition
[ 20%] Built target geometry_msgs_generate_messages_eus
[ 20%] Built target std_msgs_generate_messages_nodejs
[ 20%] Built target geographic_msgs_generate_messages_cpp
[ 20%] Built target mavros_msgs_generate_messages_py
[ 20%] Built target geometry_msgs_generate_messages_nodejs
[ 20%] Built target geographic_msgs_generate_messages_nodejs
[ 20%] Built target rosgraph_msgs_generate_messages_lisp
[ 20%] Built target rosgraph_msgs_generate_messages_eus
[ 20%] Built target _airsim_ros_pkgs_generate_messages_check_deps_GimbalAngleQuatCmd
[ 20%] Built target _airsim_ros_pkgs_generate_messages_check_deps_Altimeter
[ 20%] Built target rosgraph_msgs_generate_messages_cpp
[ 20%] Built target mavros_msgs_generate_messages_cpp
[ 20%] Built target _airsim_ros_pkgs_generate_messages_check_deps_VelCmdGroup
[ 20%] Built target geometry_msgs_generate_messages_cpp
[ 20%] Built target _airsim_ros_pkgs_generate_messages_check_deps_GPSYaw
[ 20%] Built target std_msgs_generate_messages_cpp
[ 20%] Built target _airsim_ros_pkgs_generate_messages_check_deps_CarControls
[ 20%] Built target rosgraph_msgs_generate_messages_nodejs
[ 20%] Built target mavros_msgs_generate_messages_eus
[ 20%] Built target nav_msgs_generate_messages_cpp
[ 20%] Built target sensor_msgs_generate_messages_lisp
[ 20%] Built target roscpp_generate_messages_lisp
[ 20%] Built target uuid_msgs_generate_messages_lisp
[ 20%] Built target std_srvs_generate_messages_eus
[ 20%] Built target mavros_msgs_generate_messages_nodejs
[ 20%] Built target actionlib_msgs_generate_messages_nodejs
[ 20%] Built target uuid_msgs_generate_messages_py
[ 20%] Built target nav_msgs_generate_messages_nodejs
[ 20%] Built target roscpp_generate_messages_py
[ 20%] Built target sensor_msgs_generate_messages_nodejs
[ 20%] Built target actionlib_generate_messages_cpp
[ 20%] Built target sensor_msgs_generate_messages_py
[ 20%] Built target mavros_msgs_generate_messages_lisp
[ 20%] Built target roscpp_generate_messages_nodejs
[ 20%] Built target sensor_msgs_generate_messages_cpp
[ 20%] Built target actionlib_generate_messages_nodejs
[ 20%] Built target sensor_msgs_generate_messages_eus
[ 20%] Built target roscpp_generate_messages_cpp
[ 20%] Built target uuid_msgs_generate_messages_eus
[ 20%] Built target uuid_msgs_generate_messages_cpp
[ 20%] Built target nav_msgs_generate_messages_lisp
[ 20%] Built target uuid_msgs_generate_messages_nodejs
[ 20%] Built target actionlib_msgs_generate_messages_cpp
[ 20%] Built target std_srvs_generate_messages_cpp
[ 20%] Built target actionlib_msgs_generate_messages_py
[ 20%] Built target actionlib_msgs_generate_messages_eus
[ 20%] Built target roscpp_generate_messages_eus
[ 20%] Built target std_srvs_generate_messages_lisp
[ 20%] Built target rosgraph_msgs_generate_messages_py
[ 20%] Built target std_srvs_generate_messages_nodejs
[ 20%] Built target actionlib_generate_messages_lisp
[ 20%] Built target std_srvs_generate_messages_py
[ 20%] Built target tf2_msgs_generate_messages_cpp
[ 20%] Built target nav_msgs_generate_messages_eus
[ 20%] Built target tf2_msgs_generate_messages_eus
[ 20%] Built target tf2_msgs_generate_messages_lisp
[ 20%] Built target nav_msgs_generate_messages_py
[ 20%] Built target tf2_msgs_generate_messages_nodejs
[ 20%] Built target actionlib_generate_messages_eus
[ 20%] Built target tf2_msgs_generate_messages_py
[ 20%] Built target actionlib_generate_messages_py
[ 36%] Built target airsim_ros_pkgs_generate_messages_eus
[ 42%] Built target airsim_ros_pkgs_generate_messages_py
[ 46%] Built target MavLinkTest
[ 60%] Built target airsim_ros_pkgs_generate_messages_nodejs
[ 66%] Built target airsim_ros_pkgs_generate_messages_lisp
[ 76%] Built target airsim_ros_pkgs_generate_messages_cpp
[ 76%] Built target airsim_ros_pkgs_generate_messages
[ 86%] Built target rpc
[ 87%] Built target pd_position_controller_simple
[ 93%] Built target AirLib
[ 94%] Built target airsim_settings_parser
[35m[1mConsolidate compiler generated dependencies of target airsim_ros[0m
[ 95%] [32mBuilding CXX object CMakeFiles/airsim_ros.dir/src/airsim_ros_wrapper.cpp.o[0m
In file included from [01m[K/home/cthornton/data/local/college/research/arl/code/sims/airsim/catkin_ws/src/airsim_ros_pkgs/src/airsim_ros_wrapper.cpp:1[m[K:
[01m[K/home/cthornton/data/local/college/research/arl/code/sims/airsim/catkin_ws/src/airsim_ros_pkgs/include/airsim_ros_wrapper.h:123:2:[m[K [01;31m[Kerror: [m[Kexpected ‘[01m[K;[m[K’ after struct definition
 }
  [01;31m[K^[m[K
  [32m[K;[m[K
make[2]: *** [CMakeFiles/airsim_ros.dir/build.make:76: CMakeFiles/airsim_ros.dir/src/airsim_ros_wrapper.cpp.o] Error 1
make[1]: *** [CMakeFiles/Makefile2:2860: CMakeFiles/airsim_ros.dir/all] Error 2
make: *** [Makefile:146: all] Error 2
