[  0%] Built target actionlib_msgs_generate_messages_lisp
[  0%] Built target _airsim_ros_pkgs_generate_messages_check_deps_GimbalAngleEulerCmd
[35m[1mScanning dependencies of target MavLinkCom[0m
[  0%] Built target _airsim_ros_pkgs_generate_messages_check_deps_VelCmd
[  0%] Built target _airsim_ros_pkgs_generate_messages_check_deps_LandGroup
[  0%] Built target _airsim_ros_pkgs_generate_messages_check_deps_Reset
[  0%] Built target _airsim_ros_pkgs_generate_messages_check_deps_GPSYaw
[  0%] Built target _airsim_ros_pkgs_generate_messages_check_deps_TakeoffGroup
[  0%] Built target _airsim_ros_pkgs_generate_messages_check_deps_Takeoff
[  0%] Built target geometry_msgs_generate_messages_py
[  0%] Built target _airsim_ros_pkgs_generate_messages_check_deps_Land
[  0%] Built target _airsim_ros_pkgs_generate_messages_check_deps_GimbalAngleQuatCmd
[  0%] Built target geographic_msgs_generate_messages_py
[  0%] Built target _airsim_ros_pkgs_generate_messages_check_deps_VelCmdGroup
[  0%] Built target std_msgs_generate_messages_py
[  0%] Built target _airsim_ros_pkgs_generate_messages_check_deps_SetLocalPosition
[  0%] Built target _airsim_ros_pkgs_generate_messages_check_deps_SetGPSPosition
[  0%] Built target geographic_msgs_generate_messages_lisp
[  0%] Built target geometry_msgs_generate_messages_lisp
[  0%] Built target _airsim_ros_pkgs_generate_messages_check_deps_CarControls
[  0%] Built target _airsim_ros_pkgs_generate_messages_check_deps_CarState
[  0%] Built target std_msgs_generate_messages_lisp
[  0%] Built target _airsim_ros_pkgs_generate_messages_check_deps_Environment
[  0%] Built target _airsim_ros_pkgs_generate_messages_check_deps_Altimeter
[  0%] Built target geometry_msgs_generate_messages_eus
[  0%] Built target std_msgs_generate_messages_eus
[  0%] Built target geographic_msgs_generate_messages_cpp
[  0%] Built target std_msgs_generate_messages_nodejs
[  0%] Built target geographic_msgs_generate_messages_eus
[  0%] Built target geometry_msgs_generate_messages_nodejs
[  0%] Built target geographic_msgs_generate_messages_nodejs
[  0%] Built target rosgraph_msgs_generate_messages_lisp
[  0%] Built target mavros_msgs_generate_messages_py
[  0%] Built target rosgraph_msgs_generate_messages_cpp
[  0%] Built target rosgraph_msgs_generate_messages_eus
[  0%] Built target mavros_msgs_generate_messages_cpp
[  0%] Built target std_msgs_generate_messages_cpp
[  0%] Built target geometry_msgs_generate_messages_cpp
[  0%] Built target rosgraph_msgs_generate_messages_nodejs
[  0%] Built target mavros_msgs_generate_messages_eus
[  0%] Built target nav_msgs_generate_messages_cpp
[  0%] Built target sensor_msgs_generate_messages_lisp
[  0%] Built target uuid_msgs_generate_messages_lisp
[  0%] Built target mavros_msgs_generate_messages_nodejs
[  0%] Built target std_srvs_generate_messages_eus
[  0%] Built target roscpp_generate_messages_lisp
[  0%] Built target actionlib_msgs_generate_messages_nodejs
[  0%] Built target uuid_msgs_generate_messages_py
[  0%] Built target nav_msgs_generate_messages_nodejs
[  0%] Built target sensor_msgs_generate_messages_nodejs
[  0%] Built target roscpp_generate_messages_nodejs
[  0%] Built target sensor_msgs_generate_messages_py
[  0%] Built target roscpp_generate_messages_py
[  0%] Built target sensor_msgs_generate_messages_cpp
[  0%] Built target mavros_msgs_generate_messages_lisp
[  0%] Built target actionlib_generate_messages_cpp
[  0%] Built target roscpp_generate_messages_cpp
[  0%] Built target actionlib_generate_messages_nodejs
[  0%] Built target sensor_msgs_generate_messages_eus
[  0%] Built target uuid_msgs_generate_messages_cpp
[  0%] Built target uuid_msgs_generate_messages_nodejs
[  0%] Built target uuid_msgs_generate_messages_eus
[  0%] Built target nav_msgs_generate_messages_lisp
[  0%] Built target actionlib_msgs_generate_messages_cpp
[  0%] Built target std_srvs_generate_messages_cpp
[  0%] Built target roscpp_generate_messages_eus
[  0%] Built target rosgraph_msgs_generate_messages_py
[  0%] Built target actionlib_msgs_generate_messages_py
[  0%] Built target actionlib_msgs_generate_messages_eus
[  0%] Built target std_srvs_generate_messages_lisp
[  0%] Built target std_srvs_generate_messages_nodejs
[  0%] Built target actionlib_generate_messages_lisp
[  0%] Built target tf2_msgs_generate_messages_cpp
[  0%] Built target std_srvs_generate_messages_py
[  0%] Built target nav_msgs_generate_messages_eus
[  0%] Built target nav_msgs_generate_messages_py
[  0%] Built target tf2_msgs_generate_messages_eus
[  0%] Built target tf2_msgs_generate_messages_nodejs
[  0%] Built target actionlib_generate_messages_eus
[  0%] Built target tf2_msgs_generate_messages_py
[  0%] Built target tf2_msgs_generate_messages_lisp
[  0%] Built target actionlib_generate_messages_py
[ 10%] Built target airsim_ros_pkgs_generate_messages_nodejs
[ 31%] Built target airsim_ros_pkgs_generate_messages_cpp
[ 34%] Built target airsim_ros_pkgs_generate_messages_eus
[ 42%] Built target airsim_ros_pkgs_generate_messages_lisp
[ 54%] Built target airsim_ros_pkgs_generate_messages_py
[ 54%] Built target airsim_ros_pkgs_generate_messages
[35m[1mScanning dependencies of target pd_position_controller_simple[0m
[ 63%] Built target rpc
[ 67%] [32mBuilding CXX object MavLinkCom/CMakeFiles/MavLinkCom.dir/home/cthornton/projects/arl/sims/airsim/AirSim/MavLinkCom/src/MavLinkConnection.cpp.o[0m
[ 67%] [32mBuilding CXX object MavLinkCom/CMakeFiles/MavLinkCom.dir/home/cthornton/projects/arl/sims/airsim/AirSim/MavLinkCom/common_utils/ThreadUtils.cpp.o[0m
[ 67%] [32mBuilding CXX object MavLinkCom/CMakeFiles/MavLinkCom.dir/home/cthornton/projects/arl/sims/airsim/AirSim/MavLinkCom/common_utils/FileSystem.cpp.o[0m
[ 67%] [32mBuilding CXX object MavLinkCom/CMakeFiles/MavLinkCom.dir/home/cthornton/projects/arl/sims/airsim/AirSim/MavLinkCom/src/AdHocConnection.cpp.o[0m
[ 67%] [32mBuilding CXX object MavLinkCom/CMakeFiles/MavLinkCom.dir/home/cthornton/projects/arl/sims/airsim/AirSim/MavLinkCom/src/MavLinkFtpClient.cpp.o[0m
[ 68%] [32mBuilding CXX object MavLinkCom/CMakeFiles/MavLinkCom.dir/home/cthornton/projects/arl/sims/airsim/AirSim/MavLinkCom/src/MavLinkLog.cpp.o[0m
[ 69%] [32mBuilding CXX object CMakeFiles/pd_position_controller_simple.dir/src/pd_position_controller_simple.cpp.o[0m
[ 72%] [32mBuilding CXX object MavLinkCom/CMakeFiles/MavLinkCom.dir/home/cthornton/projects/arl/sims/airsim/AirSim/MavLinkCom/src/MavLinkNode.cpp.o[0m
[ 72%] [32mBuilding CXX object MavLinkCom/CMakeFiles/MavLinkCom.dir/home/cthornton/projects/arl/sims/airsim/AirSim/MavLinkCom/src/MavLinkTcpServer.cpp.o[0m
[ 72%] [32mBuilding CXX object MavLinkCom/CMakeFiles/MavLinkCom.dir/home/cthornton/projects/arl/sims/airsim/AirSim/MavLinkCom/src/MavLinkMessages.cpp.o[0m
[ 72%] [32mBuilding CXX object MavLinkCom/CMakeFiles/MavLinkCom.dir/home/cthornton/projects/arl/sims/airsim/AirSim/MavLinkCom/src/MavLinkVehicle.cpp.o[0m
[ 72%] [32mBuilding CXX object MavLinkCom/CMakeFiles/MavLinkCom.dir/home/cthornton/projects/arl/sims/airsim/AirSim/MavLinkCom/src/MavLinkMessageBase.cpp.o[0m
[ 73%] [32mBuilding CXX object MavLinkCom/CMakeFiles/MavLinkCom.dir/home/cthornton/projects/arl/sims/airsim/AirSim/MavLinkCom/src/MavLinkVideoStream.cpp.o[0m
[ 73%] [32mBuilding CXX object MavLinkCom/CMakeFiles/MavLinkCom.dir/home/cthornton/projects/arl/sims/airsim/AirSim/MavLinkCom/src/Semaphore.cpp.o[0m
[ 74%] [32mBuilding CXX object MavLinkCom/CMakeFiles/MavLinkCom.dir/home/cthornton/projects/arl/sims/airsim/AirSim/MavLinkCom/src/UdpSocket.cpp.o[0m
[ 74%] [32mBuilding CXX object MavLinkCom/CMakeFiles/MavLinkCom.dir/home/cthornton/projects/arl/sims/airsim/AirSim/MavLinkCom/src/impl/MavLinkConnectionImpl.cpp.o[0m
[ 75%] [32mBuilding CXX object MavLinkCom/CMakeFiles/MavLinkCom.dir/home/cthornton/projects/arl/sims/airsim/AirSim/MavLinkCom/src/impl/AdHocConnectionImpl.cpp.o[0m
[ 76%] [32mBuilding CXX object MavLinkCom/CMakeFiles/MavLinkCom.dir/home/cthornton/projects/arl/sims/airsim/AirSim/MavLinkCom/src/impl/MavLinkFtpClientImpl.cpp.o[0m
[ 76%] [32mBuilding CXX object MavLinkCom/CMakeFiles/MavLinkCom.dir/home/cthornton/projects/arl/sims/airsim/AirSim/MavLinkCom/src/impl/MavLinkNodeImpl.cpp.o[0m
[ 77%] [32mBuilding CXX object MavLinkCom/CMakeFiles/MavLinkCom.dir/home/cthornton/projects/arl/sims/airsim/AirSim/MavLinkCom/src/impl/MavLinkTcpServerImpl.cpp.o[0m
[ 78%] [32mBuilding CXX object MavLinkCom/CMakeFiles/MavLinkCom.dir/home/cthornton/projects/arl/sims/airsim/AirSim/MavLinkCom/src/impl/MavLinkVehicleImpl.cpp.o[0m
[ 78%] [32mBuilding CXX object MavLinkCom/CMakeFiles/MavLinkCom.dir/home/cthornton/projects/arl/sims/airsim/AirSim/MavLinkCom/src/impl/MavLinkVideoStreamImpl.cpp.o[0m
[ 79%] [32mBuilding CXX object MavLinkCom/CMakeFiles/MavLinkCom.dir/home/cthornton/projects/arl/sims/airsim/AirSim/MavLinkCom/src/impl/UdpSocketImpl.cpp.o[0m
[ 79%] [32mBuilding CXX object MavLinkCom/CMakeFiles/MavLinkCom.dir/home/cthornton/projects/arl/sims/airsim/AirSim/MavLinkCom/src/serial_com/SerialPort.cpp.o[0m
[ 80%] [32mBuilding CXX object MavLinkCom/CMakeFiles/MavLinkCom.dir/home/cthornton/projects/arl/sims/airsim/AirSim/MavLinkCom/src/serial_com/TcpClientPort.cpp.o[0m
[ 81%] [32mBuilding CXX object MavLinkCom/CMakeFiles/MavLinkCom.dir/home/cthornton/projects/arl/sims/airsim/AirSim/MavLinkCom/src/serial_com/UdpClientPort.cpp.o[0m
[ 81%] [32mBuilding CXX object MavLinkCom/CMakeFiles/MavLinkCom.dir/home/cthornton/projects/arl/sims/airsim/AirSim/MavLinkCom/src/serial_com/SocketInit.cpp.o[0m
[ 82%] [32mBuilding CXX object MavLinkCom/CMakeFiles/MavLinkCom.dir/home/cthornton/projects/arl/sims/airsim/AirSim/MavLinkCom/src/serial_com/wifi.cpp.o[0m
[ 84%] [32mBuilding CXX object MavLinkCom/CMakeFiles/MavLinkCom.dir/home/cthornton/projects/arl/sims/airsim/AirSim/MavLinkCom/src/impl/linux/MavLinkFindSerialPorts.cpp.o[0m
[ 84%] [32m[1mLinking CXX static library ../output/lib/libMavLinkCom.a[0m
[ 84%] Built target MavLinkCom
[35m[1mScanning dependencies of target MavLinkTest[0m
[ 85%] [32mBuilding CXX object MavLinkCom/MavLinkTest/CMakeFiles/MavLinkTest.dir/home/cthornton/projects/arl/sims/airsim/AirSim/MavLinkCom/MavLinkTest/UnitTests.cpp.o[0m
[ 85%] [32mBuilding CXX object MavLinkCom/MavLinkTest/CMakeFiles/MavLinkTest.dir/home/cthornton/projects/arl/sims/airsim/AirSim/MavLinkCom/MavLinkTest/main.cpp.o[0m
[ 86%] [32mBuilding CXX object MavLinkCom/MavLinkTest/CMakeFiles/MavLinkTest.dir/home/cthornton/projects/arl/sims/airsim/AirSim/MavLinkCom/MavLinkTest/Commands.cpp.o[0m
[35m[1mScanning dependencies of target AirLib[0m
[ 86%] [32mBuilding CXX object AirLib/CMakeFiles/AirLib.dir/home/cthornton/projects/arl/sims/airsim/AirSim/AirLib/src/api/RpcLibClientBase.cpp.o[0m
[ 87%] [32mBuilding CXX object AirLib/CMakeFiles/AirLib.dir/home/cthornton/projects/arl/sims/airsim/AirSim/AirLib/src/common/common_utils/FileSystem.cpp.o[0m
[ 87%] [32mBuilding CXX object AirLib/CMakeFiles/AirLib.dir/home/cthornton/projects/arl/sims/airsim/AirSim/AirLib/src/api/RpcLibServerBase.cpp.o[0m
[ 88%] [32mBuilding CXX object AirLib/CMakeFiles/AirLib.dir/home/cthornton/projects/arl/sims/airsim/AirSim/AirLib/src/safety/ObstacleMap.cpp.o[0m
[ 89%] [32mBuilding CXX object AirLib/CMakeFiles/AirLib.dir/home/cthornton/projects/arl/sims/airsim/AirSim/AirLib/src/safety/SafetyEval.cpp.o[0m
[ 90%] [32m[1mLinking CXX shared library /home/cthornton/projects/arl/sims/airsim/catkin_ws/devel/.private/airsim_ros_pkgs/lib/libpd_position_controller_simple.so[0m
[ 90%] [32mBuilding CXX object AirLib/CMakeFiles/AirLib.dir/home/cthornton/projects/arl/sims/airsim/AirSim/AirLib/src/vehicles/car/api/CarRpcLibClient.cpp.o[0m
In file included from [01m[K/home/cthornton/projects/arl/sims/airsim/catkin_ws/src/airsim_ros_pkgs/../../../AirSim/external/rpclib/rpclib-2.2.1/include/rpc/msgpack/object.hpp:15[m[K,
                 from [01m[K/home/cthornton/projects/arl/sims/airsim/catkin_ws/src/airsim_ros_pkgs/../../../AirSim/external/rpclib/rpclib-2.2.1/include/rpc/msgpack.hpp:23[m[K,
                 from [01m[K/home/cthornton/projects/arl/sims/airsim/catkin_ws/src/airsim_ros_pkgs/../../../AirSim/external/rpclib/rpclib-2.2.1/include/rpc/client.h:11[m[K,
                 from [01m[K/home/cthornton/projects/arl/sims/airsim/AirSim/AirLib/src/api/RpcLibClientBase.cpp:30[m[K:
[01m[K/home/cthornton/projects/arl/sims/airsim/catkin_ws/src/airsim_ros_pkgs/../../../AirSim/external/rpclib/rpclib-2.2.1/include/rpc/msgpack/v1/object.hpp:[m[K In function ‘[01m[Kvoid clmdep_msgpack::v1::operator<<(clmdep_msgpack::v2::object&, const msgpack_object&)[m[K’:
[01m[K/home/cthornton/projects/arl/sims/airsim/catkin_ws/src/airsim_ros_pkgs/../../../AirSim/external/rpclib/rpclib-2.2.1/include/rpc/msgpack/v1/object.hpp:656:34:[m[K [01;35m[Kwarning: [m[K‘[01m[Kvoid* memcpy(void*, const void*, size_t)[m[K’ copying an object of non-trivial type ‘[01m[Kstruct clmdep_msgpack::v2::object[m[K’ from an array of ‘[01m[Kconst msgpack_object[m[K’ {aka ‘[01m[Kconst struct msgpack_object[m[K’} [[01;35m[K-Wclass-memaccess[m[K]
     std::memcpy(&o, &v, sizeof(v)[01;35m[K)[m[K;
                                  [01;35m[K^[m[K
In file included from [01m[K/home/cthornton/projects/arl/sims/airsim/catkin_ws/src/airsim_ros_pkgs/../../../AirSim/external/rpclib/rpclib-2.2.1/include/rpc/msgpack/object_fwd.hpp:17[m[K,
                 from [01m[K/home/cthornton/projects/arl/sims/airsim/catkin_ws/src/airsim_ros_pkgs/../../../AirSim/external/rpclib/rpclib-2.2.1/include/rpc/msgpack/v1/adaptor/adaptor_base_decl.hpp:14[m[K,
                 from [01m[K/home/cthornton/projects/arl/sims/airsim/catkin_ws/src/airsim_ros_pkgs/../../../AirSim/external/rpclib/rpclib-2.2.1/include/rpc/msgpack/adaptor/adaptor_base_decl.hpp:13[m[K,
                 from [01m[K/home/cthornton/projects/arl/sims/airsim/catkin_ws/src/airsim_ros_pkgs/../../../AirSim/external/rpclib/rpclib-2.2.1/include/rpc/msgpack/adaptor/adaptor_base.hpp:13[m[K,
                 from [01m[K/home/cthornton/projects/arl/sims/airsim/catkin_ws/src/airsim_ros_pkgs/../../../AirSim/external/rpclib/rpclib-2.2.1/include/rpc/msgpack/v1/object_decl.hpp:16[m[K,
                 from [01m[K/home/cthornton/projects/arl/sims/airsim/catkin_ws/src/airsim_ros_pkgs/../../../AirSim/external/rpclib/rpclib-2.2.1/include/rpc/msgpack/object_decl.hpp:14[m[K,
                 from [01m[K/home/cthornton/projects/arl/sims/airsim/catkin_ws/src/airsim_ros_pkgs/../../../AirSim/external/rpclib/rpclib-2.2.1/include/rpc/msgpack/object.hpp:13[m[K,
                 from [01m[K/home/cthornton/projects/arl/sims/airsim/catkin_ws/src/airsim_ros_pkgs/../../../AirSim/external/rpclib/rpclib-2.2.1/include/rpc/msgpack.hpp:23[m[K,
                 from [01m[K/home/cthornton/projects/arl/sims/airsim/catkin_ws/src/airsim_ros_pkgs/../../../AirSim/external/rpclib/rpclib-2.2.1/include/rpc/client.h:11[m[K,
                 from [01m[K/home/cthornton/projects/arl/sims/airsim/AirSim/AirLib/src/api/RpcLibClientBase.cpp:30[m[K:
[01m[K/home/cthornton/projects/arl/sims/airsim/catkin_ws/src/airsim_ros_pkgs/../../../AirSim/external/rpclib/rpclib-2.2.1/include/rpc/msgpack/v2/object_fwd.hpp:23:8:[m[K [01;36m[Knote: [m[K‘[01m[Kstruct clmdep_msgpack::v2::object[m[K’ declared here
 struct [01;36m[Kobject[m[K : v1::object {
        [01;36m[K^~~~~~[m[K
[ 91%] [32m[1mLinking CXX executable ../../output/bin/MavLinkTest[0m
[ 91%] Built target pd_position_controller_simple
[ 92%] [32mBuilding CXX object AirLib/CMakeFiles/AirLib.dir/home/cthornton/projects/arl/sims/airsim/AirSim/AirLib/src/vehicles/car/api/CarRpcLibServer.cpp.o[0m
In file included from [01m[K/home/cthornton/projects/arl/sims/airsim/catkin_ws/src/airsim_ros_pkgs/../../../AirSim/external/rpclib/rpclib-2.2.1/include/rpc/msgpack/object.hpp:15[m[K,
                 from [01m[K/home/cthornton/projects/arl/sims/airsim/catkin_ws/src/airsim_ros_pkgs/../../../AirSim/external/rpclib/rpclib-2.2.1/include/rpc/msgpack.hpp:23[m[K,
                 from [01m[K/home/cthornton/projects/arl/sims/airsim/catkin_ws/src/airsim_ros_pkgs/../../../AirSim/external/rpclib/rpclib-2.2.1/include/rpc/server.h:7[m[K,
                 from [01m[K/home/cthornton/projects/arl/sims/airsim/AirSim/AirLib/src/api/RpcLibServerBase.cpp:24[m[K:
[01m[K/home/cthornton/projects/arl/sims/airsim/catkin_ws/src/airsim_ros_pkgs/../../../AirSim/external/rpclib/rpclib-2.2.1/include/rpc/msgpack/v1/object.hpp:[m[K In function ‘[01m[Kvoid clmdep_msgpack::v1::operator<<(clmdep_msgpack::v2::object&, const msgpack_object&)[m[K’:
[01m[K/home/cthornton/projects/arl/sims/airsim/catkin_ws/src/airsim_ros_pkgs/../../../AirSim/external/rpclib/rpclib-2.2.1/include/rpc/msgpack/v1/object.hpp:656:34:[m[K [01;35m[Kwarning: [m[K‘[01m[Kvoid* memcpy(void*, const void*, size_t)[m[K’ copying an object of non-trivial type ‘[01m[Kstruct clmdep_msgpack::v2::object[m[K’ from an array of ‘[01m[Kconst msgpack_object[m[K’ {aka ‘[01m[Kconst struct msgpack_object[m[K’} [[01;35m[K-Wclass-memaccess[m[K]
     std::memcpy(&o, &v, sizeof(v)[01;35m[K)[m[K;
                                  [01;35m[K^[m[K
In file included from [01m[K/home/cthornton/projects/arl/sims/airsim/catkin_ws/src/airsim_ros_pkgs/../../../AirSim/external/rpclib/rpclib-2.2.1/include/rpc/msgpack/object_fwd.hpp:17[m[K,
                 from [01m[K/home/cthornton/projects/arl/sims/airsim/catkin_ws/src/airsim_ros_pkgs/../../../AirSim/external/rpclib/rpclib-2.2.1/include/rpc/msgpack/v1/adaptor/adaptor_base_decl.hpp:14[m[K,
                 from [01m[K/home/cthornton/projects/arl/sims/airsim/catkin_ws/src/airsim_ros_pkgs/../../../AirSim/external/rpclib/rpclib-2.2.1/include/rpc/msgpack/adaptor/adaptor_base_decl.hpp:13[m[K,
                 from [01m[K/home/cthornton/projects/arl/sims/airsim/catkin_ws/src/airsim_ros_pkgs/../../../AirSim/external/rpclib/rpclib-2.2.1/include/rpc/msgpack/adaptor/adaptor_base.hpp:13[m[K,
                 from [01m[K/home/cthornton/projects/arl/sims/airsim/catkin_ws/src/airsim_ros_pkgs/../../../AirSim/external/rpclib/rpclib-2.2.1/include/rpc/msgpack/v1/object_decl.hpp:16[m[K,
                 from [01m[K/home/cthornton/projects/arl/sims/airsim/catkin_ws/src/airsim_ros_pkgs/../../../AirSim/external/rpclib/rpclib-2.2.1/include/rpc/msgpack/object_decl.hpp:14[m[K,
                 from [01m[K/home/cthornton/projects/arl/sims/airsim/catkin_ws/src/airsim_ros_pkgs/../../../AirSim/external/rpclib/rpclib-2.2.1/include/rpc/msgpack/object.hpp:13[m[K,
                 from [01m[K/home/cthornton/projects/arl/sims/airsim/catkin_ws/src/airsim_ros_pkgs/../../../AirSim/external/rpclib/rpclib-2.2.1/include/rpc/msgpack.hpp:23[m[K,
                 from [01m[K/home/cthornton/projects/arl/sims/airsim/catkin_ws/src/airsim_ros_pkgs/../../../AirSim/external/rpclib/rpclib-2.2.1/include/rpc/server.h:7[m[K,
                 from [01m[K/home/cthornton/projects/arl/sims/airsim/AirSim/AirLib/src/api/RpcLibServerBase.cpp:24[m[K:
[01m[K/home/cthornton/projects/arl/sims/airsim/catkin_ws/src/airsim_ros_pkgs/../../../AirSim/external/rpclib/rpclib-2.2.1/include/rpc/msgpack/v2/object_fwd.hpp:23:8:[m[K [01;36m[Knote: [m[K‘[01m[Kstruct clmdep_msgpack::v2::object[m[K’ declared here
 struct [01;36m[Kobject[m[K : v1::object {
        [01;36m[K^~~~~~[m[K
[ 92%] [32mBuilding CXX object AirLib/CMakeFiles/AirLib.dir/home/cthornton/projects/arl/sims/airsim/AirSim/AirLib/src/vehicles/multirotor/api/MultirotorApiBase.cpp.o[0m
[ 93%] [32mBuilding CXX object AirLib/CMakeFiles/AirLib.dir/home/cthornton/projects/arl/sims/airsim/AirSim/AirLib/src/vehicles/multirotor/api/MultirotorRpcLibClient.cpp.o[0m
[ 93%] Built target MavLinkTest
[ 94%] [32mBuilding CXX object AirLib/CMakeFiles/AirLib.dir/home/cthornton/projects/arl/sims/airsim/AirSim/AirLib/src/vehicles/multirotor/api/MultirotorRpcLibServer.cpp.o[0m
In file included from [01m[K/home/cthornton/projects/arl/sims/airsim/catkin_ws/src/airsim_ros_pkgs/../../../AirSim/external/rpclib/rpclib-2.2.1/include/rpc/msgpack/object.hpp:15[m[K,
                 from [01m[K/home/cthornton/projects/arl/sims/airsim/catkin_ws/src/airsim_ros_pkgs/../../../AirSim/external/rpclib/rpclib-2.2.1/include/rpc/msgpack.hpp:23[m[K,
                 from [01m[K/home/cthornton/projects/arl/sims/airsim/catkin_ws/src/airsim_ros_pkgs/../../../AirSim/external/rpclib/rpclib-2.2.1/include/rpc/client.h:11[m[K,
                 from [01m[K/home/cthornton/projects/arl/sims/airsim/AirSim/AirLib/src/vehicles/multirotor/api/MultirotorRpcLibClient.cpp:27[m[K:
[01m[K/home/cthornton/projects/arl/sims/airsim/catkin_ws/src/airsim_ros_pkgs/../../../AirSim/external/rpclib/rpclib-2.2.1/include/rpc/msgpack/v1/object.hpp:[m[K In function ‘[01m[Kvoid clmdep_msgpack::v1::operator<<(clmdep_msgpack::v2::object&, const msgpack_object&)[m[K’:
[01m[K/home/cthornton/projects/arl/sims/airsim/catkin_ws/src/airsim_ros_pkgs/../../../AirSim/external/rpclib/rpclib-2.2.1/include/rpc/msgpack/v1/object.hpp:656:34:[m[K [01;35m[Kwarning: [m[K‘[01m[Kvoid* memcpy(void*, const void*, size_t)[m[K’ copying an object of non-trivial type ‘[01m[Kstruct clmdep_msgpack::v2::object[m[K’ from an array of ‘[01m[Kconst msgpack_object[m[K’ {aka ‘[01m[Kconst struct msgpack_object[m[K’} [[01;35m[K-Wclass-memaccess[m[K]
     std::memcpy(&o, &v, sizeof(v)[01;35m[K)[m[K;
                                  [01;35m[K^[m[K
In file included from [01m[K/home/cthornton/projects/arl/sims/airsim/catkin_ws/src/airsim_ros_pkgs/../../../AirSim/external/rpclib/rpclib-2.2.1/include/rpc/msgpack/object_fwd.hpp:17[m[K,
                 from [01m[K/home/cthornton/projects/arl/sims/airsim/catkin_ws/src/airsim_ros_pkgs/../../../AirSim/external/rpclib/rpclib-2.2.1/include/rpc/msgpack/v1/adaptor/adaptor_base_decl.hpp:14[m[K,
                 from [01m[K/home/cthornton/projects/arl/sims/airsim/catkin_ws/src/airsim_ros_pkgs/../../../AirSim/external/rpclib/rpclib-2.2.1/include/rpc/msgpack/adaptor/adaptor_base_decl.hpp:13[m[K,
                 from [01m[K/home/cthornton/projects/arl/sims/airsim/catkin_ws/src/airsim_ros_pkgs/../../../AirSim/external/rpclib/rpclib-2.2.1/include/rpc/msgpack/adaptor/adaptor_base.hpp:13[m[K,
                 from [01m[K/home/cthornton/projects/arl/sims/airsim/catkin_ws/src/airsim_ros_pkgs/../../../AirSim/external/rpclib/rpclib-2.2.1/include/rpc/msgpack/v1/object_decl.hpp:16[m[K,
                 from [01m[K/home/cthornton/projects/arl/sims/airsim/catkin_ws/src/airsim_ros_pkgs/../../../AirSim/external/rpclib/rpclib-2.2.1/include/rpc/msgpack/object_decl.hpp:14[m[K,
                 from [01m[K/home/cthornton/projects/arl/sims/airsim/catkin_ws/src/airsim_ros_pkgs/../../../AirSim/external/rpclib/rpclib-2.2.1/include/rpc/msgpack/object.hpp:13[m[K,
                 from [01m[K/home/cthornton/projects/arl/sims/airsim/catkin_ws/src/airsim_ros_pkgs/../../../AirSim/external/rpclib/rpclib-2.2.1/include/rpc/msgpack.hpp:23[m[K,
                 from [01m[K/home/cthornton/projects/arl/sims/airsim/catkin_ws/src/airsim_ros_pkgs/../../../AirSim/external/rpclib/rpclib-2.2.1/include/rpc/client.h:11[m[K,
                 from [01m[K/home/cthornton/projects/arl/sims/airsim/AirSim/AirLib/src/vehicles/multirotor/api/MultirotorRpcLibClient.cpp:27[m[K:
[01m[K/home/cthornton/projects/arl/sims/airsim/catkin_ws/src/airsim_ros_pkgs/../../../AirSim/external/rpclib/rpclib-2.2.1/include/rpc/msgpack/v2/object_fwd.hpp:23:8:[m[K [01;36m[Knote: [m[K‘[01m[Kstruct clmdep_msgpack::v2::object[m[K’ declared here
 struct [01;36m[Kobject[m[K : v1::object {
        [01;36m[K^~~~~~[m[K
In file included from [01m[K/home/cthornton/projects/arl/sims/airsim/catkin_ws/src/airsim_ros_pkgs/../../../AirSim/external/rpclib/rpclib-2.2.1/include/rpc/msgpack/object.hpp:15[m[K,
                 from [01m[K/home/cthornton/projects/arl/sims/airsim/catkin_ws/src/airsim_ros_pkgs/../../../AirSim/external/rpclib/rpclib-2.2.1/include/rpc/msgpack.hpp:23[m[K,
                 from [01m[K/home/cthornton/projects/arl/sims/airsim/catkin_ws/src/airsim_ros_pkgs/../../../AirSim/external/rpclib/rpclib-2.2.1/include/rpc/client.h:11[m[K,
                 from [01m[K/home/cthornton/projects/arl/sims/airsim/AirSim/AirLib/src/vehicles/car/api/CarRpcLibClient.cpp:28[m[K:
[01m[K/home/cthornton/projects/arl/sims/airsim/catkin_ws/src/airsim_ros_pkgs/../../../AirSim/external/rpclib/rpclib-2.2.1/include/rpc/msgpack/v1/object.hpp:[m[K In function ‘[01m[Kvoid clmdep_msgpack::v1::operator<<(clmdep_msgpack::v2::object&, const msgpack_object&)[m[K’:
[01m[K/home/cthornton/projects/arl/sims/airsim/catkin_ws/src/airsim_ros_pkgs/../../../AirSim/external/rpclib/rpclib-2.2.1/include/rpc/msgpack/v1/object.hpp:656:34:[m[K [01;35m[Kwarning: [m[K‘[01m[Kvoid* memcpy(void*, const void*, size_t)[m[K’ copying an object of non-trivial type ‘[01m[Kstruct clmdep_msgpack::v2::object[m[K’ from an array of ‘[01m[Kconst msgpack_object[m[K’ {aka ‘[01m[Kconst struct msgpack_object[m[K’} [[01;35m[K-Wclass-memaccess[m[K]
     std::memcpy(&o, &v, sizeof(v)[01;35m[K)[m[K;
                                  [01;35m[K^[m[K
In file included from [01m[K/home/cthornton/projects/arl/sims/airsim/catkin_ws/src/airsim_ros_pkgs/../../../AirSim/external/rpclib/rpclib-2.2.1/include/rpc/msgpack/object_fwd.hpp:17[m[K,
                 from [01m[K/home/cthornton/projects/arl/sims/airsim/catkin_ws/src/airsim_ros_pkgs/../../../AirSim/external/rpclib/rpclib-2.2.1/include/rpc/msgpack/v1/adaptor/adaptor_base_decl.hpp:14[m[K,
                 from [01m[K/home/cthornton/projects/arl/sims/airsim/catkin_ws/src/airsim_ros_pkgs/../../../AirSim/external/rpclib/rpclib-2.2.1/include/rpc/msgpack/adaptor/adaptor_base_decl.hpp:13[m[K,
                 from [01m[K/home/cthornton/projects/arl/sims/airsim/catkin_ws/src/airsim_ros_pkgs/../../../AirSim/external/rpclib/rpclib-2.2.1/include/rpc/msgpack/adaptor/adaptor_base.hpp:13[m[K,
                 from [01m[K/home/cthornton/projects/arl/sims/airsim/catkin_ws/src/airsim_ros_pkgs/../../../AirSim/external/rpclib/rpclib-2.2.1/include/rpc/msgpack/v1/object_decl.hpp:16[m[K,
                 from [01m[K/home/cthornton/projects/arl/sims/airsim/catkin_ws/src/airsim_ros_pkgs/../../../AirSim/external/rpclib/rpclib-2.2.1/include/rpc/msgpack/object_decl.hpp:14[m[K,
                 from [01m[K/home/cthornton/projects/arl/sims/airsim/catkin_ws/src/airsim_ros_pkgs/../../../AirSim/external/rpclib/rpclib-2.2.1/include/rpc/msgpack/object.hpp:13[m[K,
                 from [01m[K/home/cthornton/projects/arl/sims/airsim/catkin_ws/src/airsim_ros_pkgs/../../../AirSim/external/rpclib/rpclib-2.2.1/include/rpc/msgpack.hpp:23[m[K,
                 from [01m[K/home/cthornton/projects/arl/sims/airsim/catkin_ws/src/airsim_ros_pkgs/../../../AirSim/external/rpclib/rpclib-2.2.1/include/rpc/client.h:11[m[K,
                 from [01m[K/home/cthornton/projects/arl/sims/airsim/AirSim/AirLib/src/vehicles/car/api/CarRpcLibClient.cpp:28[m[K:
[01m[K/home/cthornton/projects/arl/sims/airsim/catkin_ws/src/airsim_ros_pkgs/../../../AirSim/external/rpclib/rpclib-2.2.1/include/rpc/msgpack/v2/object_fwd.hpp:23:8:[m[K [01;36m[Knote: [m[K‘[01m[Kstruct clmdep_msgpack::v2::object[m[K’ declared here
 struct [01;36m[Kobject[m[K : v1::object {
        [01;36m[K^~~~~~[m[K
In file included from [01m[K/home/cthornton/projects/arl/sims/airsim/catkin_ws/src/airsim_ros_pkgs/../../../AirSim/external/rpclib/rpclib-2.2.1/include/rpc/msgpack/object.hpp:15[m[K,
                 from [01m[K/home/cthornton/projects/arl/sims/airsim/catkin_ws/src/airsim_ros_pkgs/../../../AirSim/external/rpclib/rpclib-2.2.1/include/rpc/msgpack.hpp:23[m[K,
                 from [01m[K/home/cthornton/projects/arl/sims/airsim/catkin_ws/src/airsim_ros_pkgs/../../../AirSim/external/rpclib/rpclib-2.2.1/include/rpc/server.h:7[m[K,
                 from [01m[K/home/cthornton/projects/arl/sims/airsim/AirSim/AirLib/src/vehicles/car/api/CarRpcLibServer.cpp:25[m[K:
[01m[K/home/cthornton/projects/arl/sims/airsim/catkin_ws/src/airsim_ros_pkgs/../../../AirSim/external/rpclib/rpclib-2.2.1/include/rpc/msgpack/v1/object.hpp:[m[K In function ‘[01m[Kvoid clmdep_msgpack::v1::operator<<(clmdep_msgpack::v2::object&, const msgpack_object&)[m[K’:
[01m[K/home/cthornton/projects/arl/sims/airsim/catkin_ws/src/airsim_ros_pkgs/../../../AirSim/external/rpclib/rpclib-2.2.1/include/rpc/msgpack/v1/object.hpp:656:34:[m[K [01;35m[Kwarning: [m[K‘[01m[Kvoid* memcpy(void*, const void*, size_t)[m[K’ copying an object of non-trivial type ‘[01m[Kstruct clmdep_msgpack::v2::object[m[K’ from an array of ‘[01m[Kconst msgpack_object[m[K’ {aka ‘[01m[Kconst struct msgpack_object[m[K’} [[01;35m[K-Wclass-memaccess[m[K]
     std::memcpy(&o, &v, sizeof(v)[01;35m[K)[m[K;
                                  [01;35m[K^[m[K
In file included from [01m[K/home/cthornton/projects/arl/sims/airsim/catkin_ws/src/airsim_ros_pkgs/../../../AirSim/external/rpclib/rpclib-2.2.1/include/rpc/msgpack/object_fwd.hpp:17[m[K,
                 from [01m[K/home/cthornton/projects/arl/sims/airsim/catkin_ws/src/airsim_ros_pkgs/../../../AirSim/external/rpclib/rpclib-2.2.1/include/rpc/msgpack/v1/adaptor/adaptor_base_decl.hpp:14[m[K,
                 from [01m[K/home/cthornton/projects/arl/sims/airsim/catkin_ws/src/airsim_ros_pkgs/../../../AirSim/external/rpclib/rpclib-2.2.1/include/rpc/msgpack/adaptor/adaptor_base_decl.hpp:13[m[K,
                 from [01m[K/home/cthornton/projects/arl/sims/airsim/catkin_ws/src/airsim_ros_pkgs/../../../AirSim/external/rpclib/rpclib-2.2.1/include/rpc/msgpack/adaptor/adaptor_base.hpp:13[m[K,
                 from [01m[K/home/cthornton/projects/arl/sims/airsim/catkin_ws/src/airsim_ros_pkgs/../../../AirSim/external/rpclib/rpclib-2.2.1/include/rpc/msgpack/v1/object_decl.hpp:16[m[K,
                 from [01m[K/home/cthornton/projects/arl/sims/airsim/catkin_ws/src/airsim_ros_pkgs/../../../AirSim/external/rpclib/rpclib-2.2.1/include/rpc/msgpack/object_decl.hpp:14[m[K,
                 from [01m[K/home/cthornton/projects/arl/sims/airsim/catkin_ws/src/airsim_ros_pkgs/../../../AirSim/external/rpclib/rpclib-2.2.1/include/rpc/msgpack/object.hpp:13[m[K,
                 from [01m[K/home/cthornton/projects/arl/sims/airsim/catkin_ws/src/airsim_ros_pkgs/../../../AirSim/external/rpclib/rpclib-2.2.1/include/rpc/msgpack.hpp:23[m[K,
                 from [01m[K/home/cthornton/projects/arl/sims/airsim/catkin_ws/src/airsim_ros_pkgs/../../../AirSim/external/rpclib/rpclib-2.2.1/include/rpc/server.h:7[m[K,
                 from [01m[K/home/cthornton/projects/arl/sims/airsim/AirSim/AirLib/src/vehicles/car/api/CarRpcLibServer.cpp:25[m[K:
[01m[K/home/cthornton/projects/arl/sims/airsim/catkin_ws/src/airsim_ros_pkgs/../../../AirSim/external/rpclib/rpclib-2.2.1/include/rpc/msgpack/v2/object_fwd.hpp:23:8:[m[K [01;36m[Knote: [m[K‘[01m[Kstruct clmdep_msgpack::v2::object[m[K’ declared here
 struct [01;36m[Kobject[m[K : v1::object {
        [01;36m[K^~~~~~[m[K
In file included from [01m[K/home/cthornton/projects/arl/sims/airsim/catkin_ws/src/airsim_ros_pkgs/../../../AirSim/external/rpclib/rpclib-2.2.1/include/rpc/msgpack/object.hpp:15[m[K,
                 from [01m[K/home/cthornton/projects/arl/sims/airsim/catkin_ws/src/airsim_ros_pkgs/../../../AirSim/external/rpclib/rpclib-2.2.1/include/rpc/msgpack.hpp:23[m[K,
                 from [01m[K/home/cthornton/projects/arl/sims/airsim/catkin_ws/src/airsim_ros_pkgs/../../../AirSim/external/rpclib/rpclib-2.2.1/include/rpc/server.h:7[m[K,
                 from [01m[K/home/cthornton/projects/arl/sims/airsim/AirSim/AirLib/src/vehicles/multirotor/api/MultirotorRpcLibServer.cpp:25[m[K:
[01m[K/home/cthornton/projects/arl/sims/airsim/catkin_ws/src/airsim_ros_pkgs/../../../AirSim/external/rpclib/rpclib-2.2.1/include/rpc/msgpack/v1/object.hpp:[m[K In function ‘[01m[Kvoid clmdep_msgpack::v1::operator<<(clmdep_msgpack::v2::object&, const msgpack_object&)[m[K’:
[01m[K/home/cthornton/projects/arl/sims/airsim/catkin_ws/src/airsim_ros_pkgs/../../../AirSim/external/rpclib/rpclib-2.2.1/include/rpc/msgpack/v1/object.hpp:656:34:[m[K [01;35m[Kwarning: [m[K‘[01m[Kvoid* memcpy(void*, const void*, size_t)[m[K’ copying an object of non-trivial type ‘[01m[Kstruct clmdep_msgpack::v2::object[m[K’ from an array of ‘[01m[Kconst msgpack_object[m[K’ {aka ‘[01m[Kconst struct msgpack_object[m[K’} [[01;35m[K-Wclass-memaccess[m[K]
     std::memcpy(&o, &v, sizeof(v)[01;35m[K)[m[K;
                                  [01;35m[K^[m[K
In file included from [01m[K/home/cthornton/projects/arl/sims/airsim/catkin_ws/src/airsim_ros_pkgs/../../../AirSim/external/rpclib/rpclib-2.2.1/include/rpc/msgpack/object_fwd.hpp:17[m[K,
                 from [01m[K/home/cthornton/projects/arl/sims/airsim/catkin_ws/src/airsim_ros_pkgs/../../../AirSim/external/rpclib/rpclib-2.2.1/include/rpc/msgpack/v1/adaptor/adaptor_base_decl.hpp:14[m[K,
                 from [01m[K/home/cthornton/projects/arl/sims/airsim/catkin_ws/src/airsim_ros_pkgs/../../../AirSim/external/rpclib/rpclib-2.2.1/include/rpc/msgpack/adaptor/adaptor_base_decl.hpp:13[m[K,
                 from [01m[K/home/cthornton/projects/arl/sims/airsim/catkin_ws/src/airsim_ros_pkgs/../../../AirSim/external/rpclib/rpclib-2.2.1/include/rpc/msgpack/adaptor/adaptor_base.hpp:13[m[K,
                 from [01m[K/home/cthornton/projects/arl/sims/airsim/catkin_ws/src/airsim_ros_pkgs/../../../AirSim/external/rpclib/rpclib-2.2.1/include/rpc/msgpack/v1/object_decl.hpp:16[m[K,
                 from [01m[K/home/cthornton/projects/arl/sims/airsim/catkin_ws/src/airsim_ros_pkgs/../../../AirSim/external/rpclib/rpclib-2.2.1/include/rpc/msgpack/object_decl.hpp:14[m[K,
                 from [01m[K/home/cthornton/projects/arl/sims/airsim/catkin_ws/src/airsim_ros_pkgs/../../../AirSim/external/rpclib/rpclib-2.2.1/include/rpc/msgpack/object.hpp:13[m[K,
                 from [01m[K/home/cthornton/projects/arl/sims/airsim/catkin_ws/src/airsim_ros_pkgs/../../../AirSim/external/rpclib/rpclib-2.2.1/include/rpc/msgpack.hpp:23[m[K,
                 from [01m[K/home/cthornton/projects/arl/sims/airsim/catkin_ws/src/airsim_ros_pkgs/../../../AirSim/external/rpclib/rpclib-2.2.1/include/rpc/server.h:7[m[K,
                 from [01m[K/home/cthornton/projects/arl/sims/airsim/AirSim/AirLib/src/vehicles/multirotor/api/MultirotorRpcLibServer.cpp:25[m[K:
[01m[K/home/cthornton/projects/arl/sims/airsim/catkin_ws/src/airsim_ros_pkgs/../../../AirSim/external/rpclib/rpclib-2.2.1/include/rpc/msgpack/v2/object_fwd.hpp:23:8:[m[K [01;36m[Knote: [m[K‘[01m[Kstruct clmdep_msgpack::v2::object[m[K’ declared here
 struct [01;36m[Kobject[m[K : v1::object {
        [01;36m[K^~~~~~[m[K
[ 94%] [32m[1mLinking CXX static library ../output/lib/libAirLib.a[0m
[ 94%] Built target AirLib
[35m[1mScanning dependencies of target airsim_settings_parser[0m
[ 95%] [32mBuilding CXX object CMakeFiles/airsim_settings_parser.dir/src/airsim_settings_parser.cpp.o[0m
[ 96%] [32m[1mLinking CXX shared library /home/cthornton/projects/arl/sims/airsim/catkin_ws/devel/.private/airsim_ros_pkgs/lib/libairsim_settings_parser.so[0m
[ 96%] Built target airsim_settings_parser
[35m[1mScanning dependencies of target airsim_ros[0m
[ 97%] [32mBuilding CXX object CMakeFiles/airsim_ros.dir/src/airsim_ros_wrapper.cpp.o[0m
[ 97%] [32m[1mLinking CXX shared library /home/cthornton/projects/arl/sims/airsim/catkin_ws/devel/.private/airsim_ros_pkgs/lib/libairsim_ros.so[0m
[ 97%] Built target airsim_ros
[35m[1mScanning dependencies of target pd_position_controller_simple_node[0m
[35m[1mScanning dependencies of target airsim_node[0m
[ 97%] [32mBuilding CXX object CMakeFiles/pd_position_controller_simple_node.dir/src/pd_position_controller_simple_node.cpp.o[0m
[ 97%] [32mBuilding CXX object CMakeFiles/airsim_node.dir/src/airsim_node.cpp.o[0m
[ 98%] [32m[1mLinking CXX executable /home/cthornton/projects/arl/sims/airsim/catkin_ws/devel/.private/airsim_ros_pkgs/lib/airsim_ros_pkgs/pd_position_controller_simple_node[0m
[ 98%] Built target pd_position_controller_simple_node
[100%] [32m[1mLinking CXX executable /home/cthornton/projects/arl/sims/airsim/catkin_ws/devel/.private/airsim_ros_pkgs/lib/airsim_ros_pkgs/airsim_node[0m
[100%] Built target airsim_node
