Not searching for unused variables given on the command line.
[36m--[0m Running CommonSetup...
[36m--[0m found AIRSIM_ROOT=/home/cthornton/data/local/college/research/arl/code/sims/airsim/catkin_ws/src/airsim_ros_pkgs/../../../AirSim
[36m--[0m Running CommonSetup...
[36m--[0m found AIRSIM_ROOT=/home/cthornton/data/local/college/research/arl/code/sims/airsim/catkin_ws/src/airsim_ros_pkgs/../../../AirSim
[36m--[0m Running CommonSetup...
[36m--[0m found AIRSIM_ROOT=/home/cthornton/data/local/college/research/arl/code/sims/airsim/catkin_ws/src/airsim_ros_pkgs/../../../AirSim
[36m--[0m Running CommonSetup...
[36m--[0m found AIRSIM_ROOT=/home/cthornton/data/local/college/research/arl/code/sims/airsim/catkin_ws/src/airsim_ros_pkgs/../../../AirSim
[36m--[0m found RPC_LIB_INCLUDES= /home/cthornton/data/local/college/research/arl/code/sims/airsim/catkin_ws/src/airsim_ros_pkgs/../../../AirSim/external/rpclib/rpclib-2.2.1/include
[36m--[0m Using CATKIN_DEVEL_PREFIX: /home/cthornton/data/local/college/research/arl/code/sims/airsim/catkin_ws/devel/.private/airsim_ros_pkgs
[36m--[0m Using CMAKE_PREFIX_PATH: /home/cthornton/data/local/college/research/arl/code/sims/airsim/catkin_ws/devel;/opt/ros/noetic;/home/cthornton/data/local/college/research/arl/code/sims/airsim/ros_ws/install/hrlsim_interfaces;/home/cthornton/data/local/college/research/arl/code/sims/airsim/ros_ws/install/airsim_ros_pkgs;/home/cthornton/data/local/college/research/arl/code/sims/airsim/ros_ws/install/airsim_interfaces
[36m--[0m This workspace overlays: /home/cthornton/data/local/college/research/arl/code/sims/airsim/catkin_ws/devel;/opt/ros/noetic
[36m--[0m Found PythonInterp: /usr/bin/python3 (found suitable version "3.8.10", minimum required is "3")
[36m--[0m Using PYTHON_EXECUTABLE: /usr/bin/python3
[36m--[0m Using Debian Python package layout
[36m--[0m Using empy: /usr/lib/python3/dist-packages/em.py
[36m--[0m Using CATKIN_ENABLE_TESTING: ON
[36m--[0m Call enable_testing()
[36m--[0m Using CATKIN_TEST_RESULTS_DIR: /home/cthornton/data/local/college/research/arl/code/sims/airsim/catkin_ws/build/airsim_ros_pkgs/test_results
[36m--[0m Forcing gtest/gmock from source, though one was otherwise available.
[36m--[0m Found gtest sources under '/usr/src/googletest': gtests will be built
[36m--[0m Found gmock sources under '/usr/src/googletest': gmock will be built
[0mCMake Deprecation Warning at /usr/src/googletest/CMakeLists.txt:4 (cmake_minimum_required):
  Compatibility with CMake < 2.8.12 will be removed from a future version of
  CMake.

  Update the VERSION argument <min> value or use a ...<max> suffix to tell
  CMake that the project does not need compatibility with older versions.

[0m
[0mCMake Deprecation Warning at /usr/src/googletest/googlemock/CMakeLists.txt:45 (cmake_minimum_required):
  Compatibility with CMake < 2.8.12 will be removed from a future version of
  CMake.

  Update the VERSION argument <min> value or use a ...<max> suffix to tell
  CMake that the project does not need compatibility with older versions.

[0m
[0mCMake Deprecation Warning at /usr/src/googletest/googletest/CMakeLists.txt:56 (cmake_minimum_required):
  Compatibility with CMake < 2.8.12 will be removed from a future version of
  CMake.

  Update the VERSION argument <min> value or use a ...<max> suffix to tell
  CMake that the project does not need compatibility with older versions.

[0m
[36m--[0m Found PythonInterp: /usr/bin/python3 (found version "3.8.10")
[36m--[0m Using Python nosetests: /usr/bin/nosetests3
[36m--[0m catkin 0.8.10
[36m--[0m BUILD_SHARED_LIBS is on
[36m--[0m Using these message generators: gencpp;geneus;genlisp;gennodejs;genpy
[36m--[0m airsim_ros_pkgs: 9 messages, 7 services
[36m--[0m Configuring done
[36m--[0m Generating done
[36m--[0m Build files have been written to: /home/cthornton/data/local/college/research/arl/code/sims/airsim/catkin_ws/build/airsim_ros_pkgs
