[  0%] Built target mavros_msgs_generate_messages_py
[  0%] Built target mavros_msgs_generate_messages_nodejs
[  0%] Built target roscpp_generate_messages_py
[  0%] Built target uuid_msgs_generate_messages_py
[  0%] Built target uuid_msgs_generate_messages_eus
[  0%] Built target uuid_msgs_generate_messages_cpp
[35m[1mConsolidate compiler generated dependencies of target MavLinkCom[0m
[35m[1mConsolidate compiler generated dependencies of target rpc[0m
[  0%] Built target mavros_msgs_generate_messages_lisp
[  0%] Built target rosgraph_msgs_generate_messages_nodejs
[  0%] Built target geographic_msgs_generate_messages_nodejs
[  0%] Built target uuid_msgs_generate_messages_lisp
[  0%] Built target sensor_msgs_generate_messages_cpp
[  0%] Built target geographic_msgs_generate_messages_eus
[  0%] Built target sensor_msgs_generate_messages_lisp
[  0%] Built target geographic_msgs_generate_messages_cpp
[  0%] Built target std_msgs_generate_messages_nodejs
[  0%] Built target sensor_msgs_generate_messages_py
[  0%] Built target actionlib_msgs_generate_messages_py
[  0%] Built target roscpp_generate_messages_nodejs
[  0%] Built target mavros_msgs_generate_messages_cpp
[  0%] Built target std_srvs_generate_messages_eus
[  0%] Built target sensor_msgs_generate_messages_eus
[  0%] Built target actionlib_msgs_generate_messages_cpp
[  0%] Built target actionlib_generate_messages_nodejs
[  0%] Built target actionlib_generate_messages_cpp
[  0%] Built target rosgraph_msgs_generate_messages_py
[  0%] Built target rosgraph_msgs_generate_messages_lisp
[  0%] Built target std_srvs_generate_messages_nodejs
[  0%] Built target std_msgs_generate_messages_cpp
[  0%] Built target sensor_msgs_generate_messages_nodejs
[  0%] Built target std_msgs_generate_messages_py
[  0%] Built target geometry_msgs_generate_messages_py
[  0%] Built target geographic_msgs_generate_messages_py
[  0%] Built target _airsim_ros_pkgs_generate_messages_check_deps_TakeoffGroup
[  0%] Built target _airsim_ros_pkgs_generate_messages_check_deps_GPSYaw
[  0%] Built target _airsim_ros_pkgs_generate_messages_check_deps_Environment
[  0%] Built target _airsim_ros_pkgs_generate_messages_check_deps_LandGroup
[  0%] Built target _airsim_ros_pkgs_generate_messages_check_deps_CarControls
[  0%] Built target _airsim_ros_pkgs_generate_messages_check_deps_Land
[  0%] Built target _airsim_ros_pkgs_generate_messages_check_deps_GimbalAngleEulerCmd
[  0%] Built target _airsim_ros_pkgs_generate_messages_check_deps_Takeoff
[  0%] Built target _airsim_ros_pkgs_generate_messages_check_deps_GimbalAngleQuatCmd
[  0%] Built target _airsim_ros_pkgs_generate_messages_check_deps_VelCmd
[  0%] Built target _airsim_ros_pkgs_generate_messages_check_deps_VelCmdGroup
[  0%] Built target geometry_msgs_generate_messages_cpp
[  0%] Built target roscpp_generate_messages_cpp
[  0%] Built target _airsim_ros_pkgs_generate_messages_check_deps_SetGPSPosition
[  0%] Built target rosgraph_msgs_generate_messages_eus
[  0%] Built target nav_msgs_generate_messages_py
[  0%] Built target std_msgs_generate_messages_lisp
[  0%] Built target geometry_msgs_generate_messages_lisp
[  0%] Built target std_srvs_generate_messages_lisp
[  0%] Built target uuid_msgs_generate_messages_nodejs
[  0%] Built target geometry_msgs_generate_messages_nodejs
[  0%] Built target geometry_msgs_generate_messages_eus
[  0%] Built target _airsim_ros_pkgs_generate_messages_check_deps_Altimeter
[  0%] Built target _airsim_ros_pkgs_generate_messages_check_deps_SetLocalPosition
[  0%] Built target roscpp_generate_messages_lisp
[  0%] Built target geographic_msgs_generate_messages_lisp
[  0%] Built target actionlib_generate_messages_eus
[  0%] Built target std_msgs_generate_messages_eus
[  0%] Built target _airsim_ros_pkgs_generate_messages_check_deps_CarState
[  0%] Built target _airsim_ros_pkgs_generate_messages_check_deps_Reset
[  0%] Built target std_srvs_generate_messages_py
[  0%] Built target actionlib_msgs_generate_messages_eus
[  0%] Built target nav_msgs_generate_messages_lisp
[  0%] Built target roscpp_generate_messages_eus
[  0%] Built target actionlib_msgs_generate_messages_lisp
[  0%] Built target actionlib_generate_messages_lisp
[  0%] Built target nav_msgs_generate_messages_nodejs
[  0%] Built target tf2_msgs_generate_messages_py
[  0%] Built target std_srvs_generate_messages_cpp
[  0%] Built target actionlib_msgs_generate_messages_nodejs
[  0%] Built target nav_msgs_generate_messages_eus
[  0%] Built target tf2_msgs_generate_messages_cpp
[  0%] Built target nav_msgs_generate_messages_cpp
[  0%] Built target tf2_msgs_generate_messages_lisp
[  0%] Built target tf2_msgs_generate_messages_eus
[  0%] Built target tf2_msgs_generate_messages_nodejs
[  8%] Built target actionlib_generate_messages_py
[ 11%] Built target airsim_ros_pkgs_generate_messages_eus
[ 21%] Built target airsim_ros_pkgs_generate_messages_lisp
[ 21%] Built target mavros_msgs_generate_messages_eus
[ 21%] Built target rosgraph_msgs_generate_messages_cpp
[ 35%] Built target airsim_ros_pkgs_generate_messages_nodejs
[ 54%] Built target airsim_ros_pkgs_generate_messages_cpp
[ 54%] Built target airsim_ros_pkgs_generate_messages_py
[35m[1mConsolidate compiler generated dependencies of target pd_position_controller_simple[0m
[ 54%] Built target airsim_ros_pkgs_generate_messages
[ 73%] Built target MavLinkCom
[35m[1mConsolidate compiler generated dependencies of target MavLinkTest[0m
[ 76%] Built target MavLinkTest
[ 86%] Built target rpc
[35m[1mConsolidate compiler generated dependencies of target AirLib[0m
[ 88%] Built target pd_position_controller_simple
[ 94%] Built target AirLib
[35m[1mConsolidate compiler generated dependencies of target airsim_settings_parser[0m
[ 96%] Built target airsim_settings_parser
[35m[1mConsolidate compiler generated dependencies of target airsim_ros[0m
[ 97%] Built target airsim_ros
[35m[1mConsolidate compiler generated dependencies of target pd_position_controller_simple_node[0m
[35m[1mConsolidate compiler generated dependencies of target airsim_node[0m
[ 98%] Built target pd_position_controller_simple_node
[100%] Built target airsim_node
