Not searching for unused variables given on the command line.
[36m--[0m Running CommonSetup...
[36m--[0m found AIRSIM_ROOT=/home/cthornton/data/local/college/research/arl/code/sims/airsim/catkin_ws/src/airsim_ros_pkgs/../../../AirSim
[36m--[0m Running CommonSetup...
[36m--[0m found AIRSIM_ROOT=/home/cthornton/data/local/college/research/arl/code/sims/airsim/catkin_ws/src/airsim_ros_pkgs/../../../AirSim
[36m--[0m Running CommonSetup...
[36m--[0m found AIRSIM_ROOT=/home/cthornton/data/local/college/research/arl/code/sims/airsim/catkin_ws/src/airsim_ros_pkgs/../../../AirSim
[36m--[0m Running CommonSetup...
[36m--[0m found AIRSIM_ROOT=/home/cthornton/data/local/college/research/arl/code/sims/airsim/catkin_ws/src/airsim_ros_pkgs/../../../AirSim
[36m--[0m found RPC_LIB_INCLUDES= /home/cthornton/data/local/college/research/arl/code/sims/airsim/catkin_ws/src/airsim_ros_pkgs/../../../AirSim/external/rpclib/rpclib-2.2.1/include
[36m--[0m Using CATKIN_DEVEL_PREFIX: /home/cthornton/data/local/college/research/arl/code/sims/airsim/catkin_ws/devel/.private/airsim_ros_pkgs
[36m--[0m Using CMAKE_PREFIX_PATH: /home/cthornton/data/local/college/research/arl/code/sims/airsim/catkin_ws/devel;/opt/ros/noetic;/home/cthornton/data/local/college/research/arl/code/sims/airsim/ros_ws/install/hrlsim_interfaces;/home/cthornton/data/local/college/research/arl/code/sims/airsim/ros_ws/install/airsim_ros_pkgs;/home/cthornton/data/local/college/research/arl/code/sims/airsim/ros_ws/install/airsim_interfaces
[36m--[0m This workspace overlays: /home/cthornton/data/local/college/research/arl/code/sims/airsim/catkin_ws/devel;/opt/ros/noetic
[36m--[0m Found PythonInterp: /usr/bin/python3 (found suitable version "3.8.10", minimum required is "3")
[36m--[0m Using PYTHON_EXECUTABLE: /usr/bin/python3
[36m--[0m Using Debian Python package layout
[36m--[0m Using empy: /usr/lib/python3/dist-packages/em.py
[36m--[0m Using CATKIN_ENABLE_TESTING: ON
[36m--[0m Call enable_testing()
[36m--[0m Using CATKIN_TEST_RESULTS_DIR: /home/cthornton/data/local/college/research/arl/code/sims/airsim/catkin_ws/build/airsim_ros_pkgs/test_results
[36m--[0m Forcing gtest/gmock from source, though one was otherwise available.
[36m--[0m Found gtest sources under '/usr/src/googletest': gtests will be built
[36m--[0m Found gmock sources under '/usr/src/googletest': gmock will be built
[0mCMake Deprecation Warning at /usr/src/googletest/CMakeLists.txt:4 (cmake_minimum_required):
  Compatibility with CMake < 2.8.12 will be removed from a future version of
  CMake.

  Update the VERSION argument <min> value or use a ...<max> suffix to tell
  CMake that the project does not need compatibility with older versions.

[0m
[0mCMake Deprecation Warning at /usr/src/googletest/googlemock/CMakeLists.txt:45 (cmake_minimum_required):
  Compatibility with CMake < 2.8.12 will be removed from a future version of
  CMake.

  Update the VERSION argument <min> value or use a ...<max> suffix to tell
  CMake that the project does not need compatibility with older versions.

[0m
[0mCMake Deprecation Warning at /usr/src/googletest/googletest/CMakeLists.txt:56 (cmake_minimum_required):
  Compatibility with CMake < 2.8.12 will be removed from a future version of
  CMake.

  Update the VERSION argument <min> value or use a ...<max> suffix to tell
  CMake that the project does not need compatibility with older versions.

[0m
[36m--[0m Found PythonInterp: /usr/bin/python3 (found version "3.8.10")
[36m--[0m Using Python nosetests: /usr/bin/nosetests3
[36m--[0m catkin 0.8.10
[36m--[0m BUILD_SHARED_LIBS is on
[36m--[0m Using these message generators: gencpp;geneus;genlisp;gennodejs;genpy
[36m--[0m Could NOT find tf2_sensor_msgs (missing: tf2_sensor_msgs_DIR)
[36m--[0m Could not find the required component 'tf2_sensor_msgs'. The following CMake error indicates that you either need to install the package with the same name or change your environment so that it can be found.
[31mCMake Error at /opt/ros/noetic/share/catkin/cmake/catkinConfig.cmake:83 (find_package):
  Could not find a package configuration file provided by "tf2_sensor_msgs"
  with any of the following names:

    tf2_sensor_msgsConfig.cmake
    tf2_sensor_msgs-config.cmake

  Add the installation prefix of "tf2_sensor_msgs" to CMAKE_PREFIX_PATH or
  set "tf2_sensor_msgs_DIR" to a directory containing one of the above files.
  If "tf2_sensor_msgs" provides a separate development package or SDK, be
  sure it has been installed.
[36mCall Stack (most recent call first):[0m
  CMakeLists.txt:26 (find_package)

[0m
[36m--[0m Configuring incomplete, errors occurred!
See also "/home/cthornton/data/local/college/research/arl/code/sims/airsim/catkin_ws/build/airsim_ros_pkgs/CMakeFiles/CMakeOutput.log".
See also "/home/cthornton/data/local/college/research/arl/code/sims/airsim/catkin_ws/build/airsim_ros_pkgs/CMakeFiles/CMakeError.log".
