[35m[1mScanning dependencies of target _airsim_ros_pkgs_generate_messages_check_deps_VelCmd[0m
[35m[1mScanning dependencies of target _airsim_ros_pkgs_generate_messages_check_deps_LandGroup[0m
[35m[1mScanning dependencies of target rpc[0m
[35m[1mScanning dependencies of target _airsim_ros_pkgs_generate_messages_check_deps_CarState[0m
[35m[1mScanning dependencies of target _airsim_ros_pkgs_generate_messages_check_deps_Altimeter[0m
[35m[1mScanning dependencies of target _airsim_ros_pkgs_generate_messages_check_deps_TakeoffGroup[0m
[35m[1mScanning dependencies of target _airsim_ros_pkgs_generate_messages_check_deps_Takeoff[0m
[35m[1mScanning dependencies of target MavLinkCom[0m
[  0%] Built target _airsim_ros_pkgs_generate_messages_check_deps_LandGroup
[  0%] Built target _airsim_ros_pkgs_generate_messages_check_deps_Altimeter
[  0%] Built target _airsim_ros_pkgs_generate_messages_check_deps_VelCmd
[  0%] Built target _airsim_ros_pkgs_generate_messages_check_deps_CarState
[  0%] Built target _airsim_ros_pkgs_generate_messages_check_deps_Takeoff
[  0%] Built target _airsim_ros_pkgs_generate_messages_check_deps_TakeoffGroup
[35m[1mScanning dependencies of target _airsim_ros_pkgs_generate_messages_check_deps_GPSYaw[0m
[35m[1mScanning dependencies of target _airsim_ros_pkgs_generate_messages_check_deps_SetGPSPosition[0m
[35m[1mScanning dependencies of target _airsim_ros_pkgs_generate_messages_check_deps_Reset[0m
[35m[1mScanning dependencies of target _airsim_ros_pkgs_generate_messages_check_deps_CarControls[0m
[35m[1mScanning dependencies of target _airsim_ros_pkgs_generate_messages_check_deps_Land[0m
[35m[1mScanning dependencies of target _airsim_ros_pkgs_generate_messages_check_deps_GimbalAngleEulerCmd[0m
[  0%] Built target _airsim_ros_pkgs_generate_messages_check_deps_GPSYaw
[  0%] Built target _airsim_ros_pkgs_generate_messages_check_deps_Reset
[  0%] Built target _airsim_ros_pkgs_generate_messages_check_deps_SetGPSPosition
[  1%] [32mBuilding CXX object MavLinkCom/CMakeFiles/MavLinkCom.dir/home/cthornton/HDD/local/college/research/arl/sims/airsim/AirSim/MavLinkCom/common_utils/FileSystem.cpp.o[0m
[  1%] Built target _airsim_ros_pkgs_generate_messages_check_deps_GimbalAngleEulerCmd
[  1%] Built target _airsim_ros_pkgs_generate_messages_check_deps_CarControls
[  2%] [32mBuilding CXX object MavLinkCom/CMakeFiles/MavLinkCom.dir/home/cthornton/HDD/local/college/research/arl/sims/airsim/AirSim/MavLinkCom/common_utils/ThreadUtils.cpp.o[0m
[  2%] Built target _airsim_ros_pkgs_generate_messages_check_deps_Land
[  2%] [32mBuilding CXX object MavLinkCom/CMakeFiles/MavLinkCom.dir/home/cthornton/HDD/local/college/research/arl/sims/airsim/AirSim/MavLinkCom/src/AdHocConnection.cpp.o[0m
[  3%] [32mBuilding CXX object MavLinkCom/CMakeFiles/MavLinkCom.dir/home/cthornton/HDD/local/college/research/arl/sims/airsim/AirSim/MavLinkCom/src/MavLinkConnection.cpp.o[0m
[  3%] [32mBuilding CXX object MavLinkCom/CMakeFiles/MavLinkCom.dir/home/cthornton/HDD/local/college/research/arl/sims/airsim/AirSim/MavLinkCom/src/MavLinkFtpClient.cpp.o[0m
[  4%] [32mBuilding CXX object MavLinkCom/CMakeFiles/MavLinkCom.dir/home/cthornton/HDD/local/college/research/arl/sims/airsim/AirSim/MavLinkCom/src/MavLinkLog.cpp.o[0m
[35m[1mScanning dependencies of target _airsim_ros_pkgs_generate_messages_check_deps_VelCmdGroup[0m
[  4%] Built target _airsim_ros_pkgs_generate_messages_check_deps_VelCmdGroup
[  5%] [32mBuilding CXX object MavLinkCom/CMakeFiles/MavLinkCom.dir/home/cthornton/HDD/local/college/research/arl/sims/airsim/AirSim/MavLinkCom/src/MavLinkMessageBase.cpp.o[0m
[35m[1mScanning dependencies of target _airsim_ros_pkgs_generate_messages_check_deps_Environment[0m
[  5%] Built target _airsim_ros_pkgs_generate_messages_check_deps_Environment
[35m[1mScanning dependencies of target geometry_msgs_generate_messages_py[0m
[  5%] Built target geometry_msgs_generate_messages_py
[35m[1mScanning dependencies of target _airsim_ros_pkgs_generate_messages_check_deps_GimbalAngleQuatCmd[0m
[  5%] Built target _airsim_ros_pkgs_generate_messages_check_deps_GimbalAngleQuatCmd
[  5%] [32mBuilding CXX object MavLinkCom/CMakeFiles/MavLinkCom.dir/home/cthornton/HDD/local/college/research/arl/sims/airsim/AirSim/MavLinkCom/src/MavLinkMessages.cpp.o[0m
[35m[1mScanning dependencies of target geographic_msgs_generate_messages_py[0m
[  5%] Built target geographic_msgs_generate_messages_py
[35m[1mScanning dependencies of target std_msgs_generate_messages_py[0m
[35m[1mScanning dependencies of target _airsim_ros_pkgs_generate_messages_check_deps_SetLocalPosition[0m
[  5%] Built target std_msgs_generate_messages_py
[35m[1mScanning dependencies of target std_msgs_generate_messages_eus[0m
[  6%] [32mBuilding CXX object MavLinkCom/CMakeFiles/MavLinkCom.dir/home/cthornton/HDD/local/college/research/arl/sims/airsim/AirSim/MavLinkCom/src/MavLinkNode.cpp.o[0m
[  6%] Built target std_msgs_generate_messages_eus
[35m[1mScanning dependencies of target geometry_msgs_generate_messages_eus[0m
[35m[1mScanning dependencies of target geographic_msgs_generate_messages_eus[0m
[  6%] Built target geometry_msgs_generate_messages_eus
[  6%] Built target _airsim_ros_pkgs_generate_messages_check_deps_SetLocalPosition
[  6%] Built target geographic_msgs_generate_messages_eus
[  7%] [32mBuilding CXX object MavLinkCom/CMakeFiles/MavLinkCom.dir/home/cthornton/HDD/local/college/research/arl/sims/airsim/AirSim/MavLinkCom/src/MavLinkVehicle.cpp.o[0m
[  7%] [32mBuilding CXX object MavLinkCom/CMakeFiles/MavLinkCom.dir/home/cthornton/HDD/local/college/research/arl/sims/airsim/AirSim/MavLinkCom/src/MavLinkTcpServer.cpp.o[0m
[35m[1mScanning dependencies of target geographic_msgs_generate_messages_cpp[0m
[  7%] Built target geographic_msgs_generate_messages_cpp
[  8%] [32mBuilding CXX object MavLinkCom/CMakeFiles/MavLinkCom.dir/home/cthornton/HDD/local/college/research/arl/sims/airsim/AirSim/MavLinkCom/src/MavLinkVideoStream.cpp.o[0m
[  8%] [32mBuilding CXX object rpclib_wrapper/rpclib/CMakeFiles/rpc.dir/lib/rpc/dispatcher.cc.o[0m
[  8%] [32mBuilding CXX object MavLinkCom/CMakeFiles/MavLinkCom.dir/home/cthornton/HDD/local/college/research/arl/sims/airsim/AirSim/MavLinkCom/src/Semaphore.cpp.o[0m
[  9%] [32mBuilding CXX object MavLinkCom/CMakeFiles/MavLinkCom.dir/home/cthornton/HDD/local/college/research/arl/sims/airsim/AirSim/MavLinkCom/src/UdpSocket.cpp.o[0m
[ 10%] [32mBuilding CXX object MavLinkCom/CMakeFiles/MavLinkCom.dir/home/cthornton/HDD/local/college/research/arl/sims/airsim/AirSim/MavLinkCom/src/impl/AdHocConnectionImpl.cpp.o[0m
[ 10%] [32mBuilding CXX object MavLinkCom/CMakeFiles/MavLinkCom.dir/home/cthornton/HDD/local/college/research/arl/sims/airsim/AirSim/MavLinkCom/src/impl/MavLinkConnectionImpl.cpp.o[0m
[35m[1mScanning dependencies of target std_msgs_generate_messages_cpp[0m
[ 10%] Built target std_msgs_generate_messages_cpp
[ 11%] [32mBuilding CXX object MavLinkCom/CMakeFiles/MavLinkCom.dir/home/cthornton/HDD/local/college/research/arl/sims/airsim/AirSim/MavLinkCom/src/impl/MavLinkFtpClientImpl.cpp.o[0m
[35m[1mScanning dependencies of target geometry_msgs_generate_messages_cpp[0m
[ 11%] Built target geometry_msgs_generate_messages_cpp
[35m[1mScanning dependencies of target actionlib_generate_messages_py[0m
[ 11%] Built target actionlib_generate_messages_py
[ 11%] [32mBuilding CXX object MavLinkCom/CMakeFiles/MavLinkCom.dir/home/cthornton/HDD/local/college/research/arl/sims/airsim/AirSim/MavLinkCom/src/impl/MavLinkNodeImpl.cpp.o[0m
[35m[1mScanning dependencies of target actionlib_generate_messages_nodejs[0m
[ 11%] Built target actionlib_generate_messages_nodejs
[35m[1mScanning dependencies of target actionlib_generate_messages_cpp[0m
[ 12%] [32mBuilding CXX object MavLinkCom/CMakeFiles/MavLinkCom.dir/home/cthornton/HDD/local/college/research/arl/sims/airsim/AirSim/MavLinkCom/src/impl/MavLinkTcpServerImpl.cpp.o[0m
[ 12%] Built target actionlib_generate_messages_cpp
[ 13%] [32mBuilding CXX object MavLinkCom/CMakeFiles/MavLinkCom.dir/home/cthornton/HDD/local/college/research/arl/sims/airsim/AirSim/MavLinkCom/src/impl/MavLinkVehicleImpl.cpp.o[0m
[ 13%] [32mBuilding CXX object MavLinkCom/CMakeFiles/MavLinkCom.dir/home/cthornton/HDD/local/college/research/arl/sims/airsim/AirSim/MavLinkCom/src/impl/MavLinkVideoStreamImpl.cpp.o[0m
[ 14%] [32mBuilding CXX object rpclib_wrapper/rpclib/CMakeFiles/rpc.dir/lib/rpc/server.cc.o[0m
[ 15%] [32mBuilding CXX object MavLinkCom/CMakeFiles/MavLinkCom.dir/home/cthornton/HDD/local/college/research/arl/sims/airsim/AirSim/MavLinkCom/src/impl/UdpSocketImpl.cpp.o[0m
[35m[1mScanning dependencies of target tf2_msgs_generate_messages_nodejs[0m
[ 15%] Built target tf2_msgs_generate_messages_nodejs
[ 17%] [32mBuilding CXX object rpclib_wrapper/rpclib/CMakeFiles/rpc.dir/lib/rpc/client.cc.o[0m
[ 17%] [32mBuilding CXX object MavLinkCom/CMakeFiles/MavLinkCom.dir/home/cthornton/HDD/local/college/research/arl/sims/airsim/AirSim/MavLinkCom/src/serial_com/SerialPort.cpp.o[0m
[ 18%] [32mBuilding CXX object MavLinkCom/CMakeFiles/MavLinkCom.dir/home/cthornton/HDD/local/college/research/arl/sims/airsim/AirSim/MavLinkCom/src/serial_com/TcpClientPort.cpp.o[0m
[ 18%] [32mBuilding CXX object rpclib_wrapper/rpclib/CMakeFiles/rpc.dir/lib/rpc/this_handler.cc.o[0m
[ 19%] [32mBuilding CXX object MavLinkCom/CMakeFiles/MavLinkCom.dir/home/cthornton/HDD/local/college/research/arl/sims/airsim/AirSim/MavLinkCom/src/serial_com/UdpClientPort.cpp.o[0m
[ 19%] [32mBuilding CXX object MavLinkCom/CMakeFiles/MavLinkCom.dir/home/cthornton/HDD/local/college/research/arl/sims/airsim/AirSim/MavLinkCom/src/serial_com/SocketInit.cpp.o[0m
[ 20%] [32mBuilding CXX object rpclib_wrapper/rpclib/CMakeFiles/rpc.dir/lib/rpc/this_session.cc.o[0m
[ 21%] [32mBuilding CXX object rpclib_wrapper/rpclib/CMakeFiles/rpc.dir/lib/rpc/this_server.cc.o[0m
[ 21%] [32mBuilding CXX object rpclib_wrapper/rpclib/CMakeFiles/rpc.dir/lib/rpc/rpc_error.cc.o[0m
[35m[1mScanning dependencies of target tf2_msgs_generate_messages_lisp[0m
[ 21%] Built target tf2_msgs_generate_messages_lisp
[ 22%] [32mBuilding CXX object MavLinkCom/CMakeFiles/MavLinkCom.dir/home/cthornton/HDD/local/college/research/arl/sims/airsim/AirSim/MavLinkCom/src/serial_com/wifi.cpp.o[0m
[ 23%] [32mBuilding CXX object MavLinkCom/CMakeFiles/MavLinkCom.dir/home/cthornton/HDD/local/college/research/arl/sims/airsim/AirSim/MavLinkCom/src/impl/linux/MavLinkFindSerialPorts.cpp.o[0m
[ 24%] [32mBuilding CXX object rpclib_wrapper/rpclib/CMakeFiles/rpc.dir/lib/rpc/detail/server_session.cc.o[0m
[35m[1mScanning dependencies of target tf2_msgs_generate_messages_cpp[0m
[ 24%] Built target tf2_msgs_generate_messages_cpp
[ 24%] [32mBuilding CXX object rpclib_wrapper/rpclib/CMakeFiles/rpc.dir/lib/rpc/detail/response.cc.o[0m
[ 25%] [32mBuilding CXX object rpclib_wrapper/rpclib/CMakeFiles/rpc.dir/lib/rpc/detail/client_error.cc.o[0m
[ 26%] [32mBuilding CXX object rpclib_wrapper/rpclib/CMakeFiles/rpc.dir/lib/rpc/nonstd/optional.cc.o[0m
[ 26%] [32mBuilding CXX object rpclib_wrapper/rpclib/CMakeFiles/rpc.dir/dependencies/src/format.cc.o[0m
[ 27%] [32mBuilding CXX object rpclib_wrapper/rpclib/CMakeFiles/rpc.dir/dependencies/src/posix.cc.o[0m
[35m[1mScanning dependencies of target rosgraph_msgs_generate_messages_lisp[0m
[35m[1mScanning dependencies of target actionlib_msgs_generate_messages_eus[0m
[ 27%] Built target rosgraph_msgs_generate_messages_lisp
[ 27%] Built target actionlib_msgs_generate_messages_eus
[35m[1mScanning dependencies of target nav_msgs_generate_messages_cpp[0m
[35m[1mScanning dependencies of target std_msgs_generate_messages_nodejs[0m
[ 27%] Built target nav_msgs_generate_messages_cpp
[ 27%] Built target std_msgs_generate_messages_nodejs
[35m[1mScanning dependencies of target actionlib_generate_messages_eus[0m
[ 27%] [32m[1mLinking CXX static library ../output/lib/libMavLinkCom.a[0m
[ 27%] Built target actionlib_generate_messages_eus
[35m[1mScanning dependencies of target rosgraph_msgs_generate_messages_cpp[0m
[ 27%] Built target rosgraph_msgs_generate_messages_cpp
[35m[1mScanning dependencies of target uuid_msgs_generate_messages_lisp[0m
[35m[1mScanning dependencies of target roscpp_generate_messages_nodejs[0m
[ 27%] Built target uuid_msgs_generate_messages_lisp
[ 27%] Built target roscpp_generate_messages_nodejs
[35m[1mScanning dependencies of target mavros_msgs_generate_messages_py[0m
[35m[1mScanning dependencies of target geometry_msgs_generate_messages_lisp[0m
[ 27%] Built target mavros_msgs_generate_messages_py
[ 27%] Built target geometry_msgs_generate_messages_lisp
[35m[1mScanning dependencies of target actionlib_generate_messages_lisp[0m
[35m[1mScanning dependencies of target roscpp_generate_messages_cpp[0m
[ 27%] Built target actionlib_generate_messages_lisp
[35m[1mScanning dependencies of target roscpp_generate_messages_lisp[0m
[ 27%] Built target roscpp_generate_messages_cpp
[ 27%] Built target roscpp_generate_messages_lisp
[35m[1mScanning dependencies of target geographic_msgs_generate_messages_nodejs[0m
[35m[1mScanning dependencies of target geometry_msgs_generate_messages_nodejs[0m
[35m[1mScanning dependencies of target tf2_msgs_generate_messages_eus[0m
[ 27%] Built target geographic_msgs_generate_messages_nodejs
[35m[1mScanning dependencies of target sensor_msgs_generate_messages_py[0m
[ 27%] Built target geometry_msgs_generate_messages_nodejs
[ 27%] Built target tf2_msgs_generate_messages_eus
[ 27%] Built target sensor_msgs_generate_messages_py
[35m[1mScanning dependencies of target nav_msgs_generate_messages_py[0m
[35m[1mScanning dependencies of target sensor_msgs_generate_messages_nodejs[0m
[35m[1mScanning dependencies of target sensor_msgs_generate_messages_eus[0m
[ 27%] Built target sensor_msgs_generate_messages_nodejs
[ 27%] Built target nav_msgs_generate_messages_py
[35m[1mScanning dependencies of target sensor_msgs_generate_messages_lisp[0m
[35m[1mScanning dependencies of target std_msgs_generate_messages_lisp[0m
[35m[1mScanning dependencies of target roscpp_generate_messages_eus[0m
[ 27%] Built target sensor_msgs_generate_messages_eus
[ 27%] Built target std_msgs_generate_messages_lisp
[ 27%] Built target sensor_msgs_generate_messages_lisp
[35m[1mScanning dependencies of target uuid_msgs_generate_messages_eus[0m
[ 27%] Built target roscpp_generate_messages_eus
[35m[1mScanning dependencies of target uuid_msgs_generate_messages_cpp[0m
[35m[1mScanning dependencies of target std_srvs_generate_messages_cpp[0m
[ 27%] Built target uuid_msgs_generate_messages_eus
[ 27%] Built target uuid_msgs_generate_messages_cpp
[ 27%] Built target std_srvs_generate_messages_cpp
[35m[1mScanning dependencies of target geographic_msgs_generate_messages_lisp[0m
[35m[1mScanning dependencies of target std_srvs_generate_messages_nodejs[0m
[35m[1mScanning dependencies of target rosgraph_msgs_generate_messages_py[0m
[ 27%] Built target geographic_msgs_generate_messages_lisp
[35m[1mScanning dependencies of target nav_msgs_generate_messages_nodejs[0m
[ 27%] Built target std_srvs_generate_messages_nodejs
[ 27%] Built target rosgraph_msgs_generate_messages_py
[35m[1mScanning dependencies of target sensor_msgs_generate_messages_cpp[0m
[ 27%] Built target MavLinkCom
[35m[1mScanning dependencies of target std_srvs_generate_messages_py[0m
[35m[1mScanning dependencies of target rosgraph_msgs_generate_messages_eus[0m
[ 27%] Built target nav_msgs_generate_messages_nodejs
[ 27%] Built target sensor_msgs_generate_messages_cpp
[ 27%] Built target std_srvs_generate_messages_py
[35m[1mScanning dependencies of target tf2_msgs_generate_messages_py[0m
[35m[1mScanning dependencies of target mavros_msgs_generate_messages_cpp[0m
[35m[1mScanning dependencies of target roscpp_generate_messages_py[0m
[ 27%] Built target rosgraph_msgs_generate_messages_eus
[35m[1mScanning dependencies of target mavros_msgs_generate_messages_eus[0m
[ 27%] Built target roscpp_generate_messages_py
[35m[1mScanning dependencies of target actionlib_msgs_generate_messages_py[0m
[ 27%] Built target mavros_msgs_generate_messages_cpp
[ 27%] Built target tf2_msgs_generate_messages_py
[35m[1mScanning dependencies of target mavros_msgs_generate_messages_lisp[0m
[ 27%] Built target actionlib_msgs_generate_messages_py
[ 27%] Built target mavros_msgs_generate_messages_eus
[35m[1mScanning dependencies of target mavros_msgs_generate_messages_nodejs[0m
[35m[1mScanning dependencies of target rosgraph_msgs_generate_messages_nodejs[0m
[35m[1mScanning dependencies of target std_srvs_generate_messages_lisp[0m
[ 27%] Built target mavros_msgs_generate_messages_lisp
[ 27%] Built target mavros_msgs_generate_messages_nodejs
[35m[1mScanning dependencies of target uuid_msgs_generate_messages_nodejs[0m
[ 27%] Built target rosgraph_msgs_generate_messages_nodejs
[ 27%] Built target std_srvs_generate_messages_lisp
[35m[1mScanning dependencies of target uuid_msgs_generate_messages_py[0m
[35m[1mScanning dependencies of target nav_msgs_generate_messages_eus[0m
[ 27%] Built target uuid_msgs_generate_messages_nodejs
[ 27%] Built target uuid_msgs_generate_messages_py
[35m[1mScanning dependencies of target nav_msgs_generate_messages_lisp[0m
[35m[1mScanning dependencies of target actionlib_msgs_generate_messages_cpp[0m
[35m[1mScanning dependencies of target actionlib_msgs_generate_messages_nodejs[0m
[ 27%] Built target nav_msgs_generate_messages_eus
[35m[1mScanning dependencies of target actionlib_msgs_generate_messages_lisp[0m
[ 27%] Built target nav_msgs_generate_messages_lisp
[ 27%] Built target actionlib_msgs_generate_messages_lisp
[ 27%] Built target actionlib_msgs_generate_messages_nodejs
[ 27%] Built target actionlib_msgs_generate_messages_cpp
[35m[1mScanning dependencies of target std_srvs_generate_messages_eus[0m
[35m[1mScanning dependencies of target MavLinkTest[0m
[ 27%] Built target std_srvs_generate_messages_eus
[35m[1mScanning dependencies of target airsim_ros_pkgs_generate_messages_eus[0m
[35m[1mScanning dependencies of target airsim_ros_pkgs_generate_messages_py[0m
[35m[1mScanning dependencies of target airsim_ros_pkgs_generate_messages_cpp[0m
[ 28%] [34m[1mGenerating Python from MSG airsim_ros_pkgs/GimbalAngleQuatCmd[0m
[35m[1mScanning dependencies of target airsim_ros_pkgs_generate_messages_nodejs[0m
[ 29%] [34m[1mGenerating C++ code from airsim_ros_pkgs/GimbalAngleQuatCmd.msg[0m
[ 30%] [34m[1mGenerating EusLisp code from airsim_ros_pkgs/GimbalAngleQuatCmd.msg[0m
[ 31%] [34m[1mGenerating Javascript code from airsim_ros_pkgs/GimbalAngleQuatCmd.msg[0m
[ 32%] [32mBuilding CXX object MavLinkCom/MavLinkTest/CMakeFiles/MavLinkTest.dir/home/cthornton/HDD/local/college/research/arl/sims/airsim/AirSim/MavLinkCom/MavLinkTest/Commands.cpp.o[0m
[ 32%] [34m[1mGenerating EusLisp code from airsim_ros_pkgs/CarControls.msg[0m
[ 34%] [34m[1mGenerating Javascript code from airsim_ros_pkgs/CarControls.msg[0m
[ 34%] [34m[1mGenerating Python from MSG airsim_ros_pkgs/CarControls[0m
[ 34%] [34m[1mGenerating Javascript code from airsim_ros_pkgs/GPSYaw.msg[0m
[01m[K/home/cthornton/HDD/local/college/research/arl/sims/airsim/AirSim/MavLinkCom/MavLinkTest/Commands.cpp:14:10:[m[K [01;31m[Kfatal error: [m[Kfilesystem: No such file or directory
 #include [01;31m[K<filesystem>[m[K
          [01;31m[K^~~~~~~~~~~~[m[K
compilation terminated.
MavLinkCom/MavLinkTest/CMakeFiles/MavLinkTest.dir/build.make:62: recipe for target 'MavLinkCom/MavLinkTest/CMakeFiles/MavLinkTest.dir/home/cthornton/HDD/local/college/research/arl/sims/airsim/AirSim/MavLinkCom/MavLinkTest/Commands.cpp.o' failed
make[2]: *** [MavLinkCom/MavLinkTest/CMakeFiles/MavLinkTest.dir/home/cthornton/HDD/local/college/research/arl/sims/airsim/AirSim/MavLinkCom/MavLinkTest/Commands.cpp.o] Error 1
CMakeFiles/Makefile2:3812: recipe for target 'MavLinkCom/MavLinkTest/CMakeFiles/MavLinkTest.dir/all' failed
make[1]: *** [MavLinkCom/MavLinkTest/CMakeFiles/MavLinkTest.dir/all] Error 2
make[1]: *** Waiting for unfinished jobs....
[ 35%] [34m[1mGenerating EusLisp code from airsim_ros_pkgs/GPSYaw.msg[0m
[ 36%] [34m[1mGenerating Javascript code from airsim_ros_pkgs/VelCmdGroup.msg[0m
[ 36%] [34m[1mGenerating EusLisp code from airsim_ros_pkgs/VelCmdGroup.msg[0m
[ 36%] [34m[1mGenerating C++ code from airsim_ros_pkgs/CarControls.msg[0m
[ 37%] [34m[1mGenerating C++ code from airsim_ros_pkgs/GPSYaw.msg[0m
[ 37%] [34m[1mGenerating Javascript code from airsim_ros_pkgs/VelCmd.msg[0m
[ 38%] [34m[1mGenerating Python from MSG airsim_ros_pkgs/GPSYaw[0m
[ 39%] [34m[1mGenerating C++ code from airsim_ros_pkgs/VelCmdGroup.msg[0m
[ 40%] [34m[1mGenerating EusLisp code from airsim_ros_pkgs/VelCmd.msg[0m
[ 41%] [34m[1mGenerating Javascript code from airsim_ros_pkgs/Altimeter.msg[0m
[ 42%] [34m[1mGenerating Python from MSG airsim_ros_pkgs/VelCmdGroup[0m
[ 42%] [34m[1mGenerating C++ code from airsim_ros_pkgs/VelCmd.msg[0m
[ 44%] [34m[1mGenerating EusLisp code from airsim_ros_pkgs/Altimeter.msg[0m
[ 44%] [34m[1mGenerating C++ code from airsim_ros_pkgs/Altimeter.msg[0m
[ 44%] [34m[1mGenerating Javascript code from airsim_ros_pkgs/Environment.msg[0m
[ 45%] [34m[1mGenerating Javascript code from airsim_ros_pkgs/CarState.msg[0m
[ 45%] [34m[1mGenerating Python from MSG airsim_ros_pkgs/VelCmd[0m
[ 45%] [34m[1mGenerating EusLisp code from airsim_ros_pkgs/CarState.msg[0m
[ 46%] [34m[1mGenerating Python from MSG airsim_ros_pkgs/Altimeter[0m
[ 47%] [34m[1mGenerating Javascript code from airsim_ros_pkgs/GimbalAngleEulerCmd.msg[0m
[ 48%] [34m[1mGenerating EusLisp code from airsim_ros_pkgs/Environment.msg[0m
[ 48%] [34m[1mGenerating C++ code from airsim_ros_pkgs/CarState.msg[0m
[ 50%] [34m[1mGenerating EusLisp code from airsim_ros_pkgs/GimbalAngleEulerCmd.msg[0m
[ 50%] [34m[1mGenerating EusLisp code from airsim_ros_pkgs/Land.srv[0m
[ 51%] [34m[1mGenerating Javascript code from airsim_ros_pkgs/Land.srv[0m
[ 51%] [34m[1mGenerating Javascript code from airsim_ros_pkgs/Reset.srv[0m
[ 52%] [34m[1mGenerating Python from MSG airsim_ros_pkgs/CarState[0m
[ 53%] [34m[1mGenerating EusLisp code from airsim_ros_pkgs/Reset.srv[0m
[ 54%] [32m[1mLinking CXX shared library ../../output/lib/librpc.so[0m
[ 54%] [34m[1mGenerating EusLisp code from airsim_ros_pkgs/Takeoff.srv[0m
[ 55%] [34m[1mGenerating EusLisp code from airsim_ros_pkgs/SetGPSPosition.srv[0m
[ 56%] [34m[1mGenerating C++ code from airsim_ros_pkgs/Environment.msg[0m
[ 57%] [34m[1mGenerating Javascript code from airsim_ros_pkgs/Takeoff.srv[0m
[ 58%] [34m[1mGenerating EusLisp code from airsim_ros_pkgs/SetLocalPosition.srv[0m
[ 58%] [34m[1mGenerating Python from MSG airsim_ros_pkgs/Environment[0m
[ 59%] [34m[1mGenerating Python from MSG airsim_ros_pkgs/GimbalAngleEulerCmd[0m
[ 59%] [34m[1mGenerating EusLisp code from airsim_ros_pkgs/TakeoffGroup.srv[0m
[ 59%] [34m[1mGenerating Javascript code from airsim_ros_pkgs/SetGPSPosition.srv[0m
[ 60%] [34m[1mGenerating EusLisp code from airsim_ros_pkgs/LandGroup.srv[0m
[ 61%] [34m[1mGenerating Javascript code from airsim_ros_pkgs/SetLocalPosition.srv[0m
[ 62%] [34m[1mGenerating Javascript code from airsim_ros_pkgs/TakeoffGroup.srv[0m
[ 62%] [34m[1mGenerating Python code from SRV airsim_ros_pkgs/Land[0m
[ 62%] [34m[1mGenerating Javascript code from airsim_ros_pkgs/LandGroup.srv[0m
[ 62%] [34m[1mGenerating C++ code from airsim_ros_pkgs/Land.srv[0m
[ 63%] [34m[1mGenerating C++ code from airsim_ros_pkgs/GimbalAngleEulerCmd.msg[0m
[ 64%] [34m[1mGenerating EusLisp manifest code for airsim_ros_pkgs[0m
[ 65%] [34m[1mGenerating C++ code from airsim_ros_pkgs/Reset.srv[0m
[ 67%] [34m[1mGenerating C++ code from airsim_ros_pkgs/Takeoff.srv[0m
[ 67%] Built target airsim_ros_pkgs_generate_messages_nodejs
[ 67%] [34m[1mGenerating C++ code from airsim_ros_pkgs/SetGPSPosition.srv[0m
[ 68%] [34m[1mGenerating Python code from SRV airsim_ros_pkgs/Reset[0m
[ 69%] [34m[1mGenerating C++ code from airsim_ros_pkgs/SetLocalPosition.srv[0m
[ 70%] [34m[1mGenerating Python code from SRV airsim_ros_pkgs/Takeoff[0m
[ 70%] [34m[1mGenerating C++ code from airsim_ros_pkgs/TakeoffGroup.srv[0m
[ 72%] [34m[1mGenerating Python code from SRV airsim_ros_pkgs/SetGPSPosition[0m
[ 72%] [34m[1mGenerating Python code from SRV airsim_ros_pkgs/SetLocalPosition[0m
[ 72%] [34m[1mGenerating C++ code from airsim_ros_pkgs/LandGroup.srv[0m
[ 73%] [34m[1mGenerating Python code from SRV airsim_ros_pkgs/TakeoffGroup[0m
[ 73%] Built target rpc
[ 73%] [34m[1mGenerating Python code from SRV airsim_ros_pkgs/LandGroup[0m
[ 73%] Built target airsim_ros_pkgs_generate_messages_cpp
[ 74%] [34m[1mGenerating Python srv __init__.py for airsim_ros_pkgs[0m
[ 74%] [34m[1mGenerating Python msg __init__.py for airsim_ros_pkgs[0m
[ 74%] Built target airsim_ros_pkgs_generate_messages_py
[ 74%] Built target airsim_ros_pkgs_generate_messages_eus
Makefile:140: recipe for target 'all' failed
make: *** [all] Error 2
