[  0%] Built target uuid_msgs_generate_messages_py
[  0%] Built target uuid_msgs_generate_messages_lisp
[  0%] Built target rosgraph_msgs_generate_messages_nodejs
[  0%] Built target uuid_msgs_generate_messages_cpp
[  0%] Built target mavros_msgs_generate_messages_lisp
[  0%] Built target mavros_msgs_generate_messages_nodejs
[  0%] Built target uuid_msgs_generate_messages_eus
[  0%] Built target roscpp_generate_messages_py
[  0%] Built target geographic_msgs_generate_messages_nodejs
[  0%] Built target mavros_msgs_generate_messages_py
[  0%] Built target geographic_msgs_generate_messages_eus
[  0%] Built target sensor_msgs_generate_messages_cpp
[  0%] Built target std_msgs_generate_messages_nodejs
[  0%] Built target sensor_msgs_generate_messages_lisp
[  0%] Built target actionlib_msgs_generate_messages_py
[  0%] Built target roscpp_generate_messages_nodejs
[  0%] Built target sensor_msgs_generate_messages_py
[  0%] Built target std_srvs_generate_messages_eus
[ 19%] Built target MavLinkCom
[ 19%] Built target geographic_msgs_generate_messages_cpp
[ 19%] Built target mavros_msgs_generate_messages_cpp
[ 19%] Built target actionlib_generate_messages_cpp
[ 19%] Built target actionlib_generate_messages_nodejs
[ 19%] Built target sensor_msgs_generate_messages_eus
[ 19%] Built target actionlib_msgs_generate_messages_cpp
[ 19%] Built target rosgraph_msgs_generate_messages_py
[ 19%] Built target sensor_msgs_generate_messages_nodejs
[ 19%] Built target std_msgs_generate_messages_cpp
[ 19%] Built target rosgraph_msgs_generate_messages_lisp
[ 19%] Built target std_srvs_generate_messages_nodejs
[ 28%] Built target rpc
[ 28%] Built target std_msgs_generate_messages_py
[ 28%] Built target geometry_msgs_generate_messages_py
[ 28%] Built target geographic_msgs_generate_messages_py
[ 28%] Built target _airsim_ros_pkgs_generate_messages_check_deps_GPSYaw
[ 28%] Built target _airsim_ros_pkgs_generate_messages_check_deps_TakeoffGroup
[ 28%] Built target _airsim_ros_pkgs_generate_messages_check_deps_CarControls
[ 28%] Built target _airsim_ros_pkgs_generate_messages_check_deps_LandGroup
[ 28%] Built target _airsim_ros_pkgs_generate_messages_check_deps_GimbalAngleEulerCmd
[ 28%] Built target _airsim_ros_pkgs_generate_messages_check_deps_Environment
[ 28%] Built target _airsim_ros_pkgs_generate_messages_check_deps_Takeoff
[ 28%] Built target _airsim_ros_pkgs_generate_messages_check_deps_Land
[ 28%] Built target geometry_msgs_generate_messages_cpp
[ 28%] Built target _airsim_ros_pkgs_generate_messages_check_deps_GimbalAngleQuatCmd
[ 28%] Built target _airsim_ros_pkgs_generate_messages_check_deps_VelCmdGroup
[ 28%] Built target _airsim_ros_pkgs_generate_messages_check_deps_SetGPSPosition
[ 28%] Built target nav_msgs_generate_messages_py
[ 28%] Built target rosgraph_msgs_generate_messages_eus
[ 28%] Built target _airsim_ros_pkgs_generate_messages_check_deps_VelCmd
[ 28%] Built target roscpp_generate_messages_cpp
[ 28%] Built target std_msgs_generate_messages_lisp
[ 28%] Built target std_srvs_generate_messages_lisp
[ 28%] Built target _airsim_ros_pkgs_generate_messages_check_deps_Altimeter
[ 28%] Built target _airsim_ros_pkgs_generate_messages_check_deps_SetLocalPosition
[ 28%] Built target geometry_msgs_generate_messages_lisp
[ 28%] Built target _airsim_ros_pkgs_generate_messages_check_deps_CarState
[ 28%] Built target geographic_msgs_generate_messages_lisp
[ 28%] Built target uuid_msgs_generate_messages_nodejs
[ 28%] Built target _airsim_ros_pkgs_generate_messages_check_deps_Reset
[ 28%] Built target geometry_msgs_generate_messages_eus
[ 28%] Built target geometry_msgs_generate_messages_nodejs
[ 28%] Built target roscpp_generate_messages_lisp
[ 28%] Built target actionlib_generate_messages_eus
[ 28%] Built target std_msgs_generate_messages_eus
[ 28%] Built target roscpp_generate_messages_eus
[ 28%] Built target nav_msgs_generate_messages_lisp
[ 28%] Built target std_srvs_generate_messages_py
[ 28%] Built target nav_msgs_generate_messages_nodejs
[ 28%] Built target actionlib_generate_messages_lisp
[ 28%] Built target actionlib_msgs_generate_messages_eus
[ 28%] Built target actionlib_msgs_generate_messages_lisp
[ 28%] Built target actionlib_msgs_generate_messages_nodejs
[ 28%] Built target tf2_msgs_generate_messages_py
[ 28%] Built target std_srvs_generate_messages_cpp
[ 28%] Built target tf2_msgs_generate_messages_eus
[ 28%] Built target tf2_msgs_generate_messages_cpp
[ 28%] Built target nav_msgs_generate_messages_eus
[ 28%] Built target nav_msgs_generate_messages_cpp
[ 28%] Built target tf2_msgs_generate_messages_nodejs
[ 28%] Built target tf2_msgs_generate_messages_lisp
[ 32%] Built target actionlib_generate_messages_py
[ 40%] Built target airsim_ros_pkgs_generate_messages_eus
[ 40%] Built target mavros_msgs_generate_messages_eus
[ 47%] Built target rosgraph_msgs_generate_messages_cpp
[ 50%] Built target airsim_ros_pkgs_generate_messages_lisp
[ 60%] Built target airsim_ros_pkgs_generate_messages_nodejs
[ 72%] Built target airsim_ros_pkgs_generate_messages_py
[ 75%] Built target MavLinkTest
[ 86%] Built target airsim_ros_pkgs_generate_messages_cpp
[ 86%] Built target airsim_ros_pkgs_generate_messages
[ 90%] Built target pd_position_controller_simple
[ 94%] Built target AirLib
[ 96%] Built target airsim_settings_parser
[35m[1mConsolidate compiler generated dependencies of target airsim_ros[0m
[ 97%] [32mBuilding CXX object CMakeFiles/airsim_ros.dir/src/airsim_ros_wrapper.cpp.o[0m
[ 97%] [32m[1mLinking CXX shared library /home/cthornton/data/local/college/research/arl/code/sims/airsim/catkin_ws/devel/.private/airsim_ros_pkgs/lib/libairsim_ros.so[0m
[ 97%] Built target airsim_ros
[ 98%] [32m[1mLinking CXX executable /home/cthornton/data/local/college/research/arl/code/sims/airsim/catkin_ws/devel/.private/airsim_ros_pkgs/lib/airsim_ros_pkgs/pd_position_controller_simple_node[0m
[ 98%] [32mBuilding CXX object CMakeFiles/airsim_node.dir/src/airsim_node.cpp.o[0m
[ 98%] Built target pd_position_controller_simple_node
[100%] [32m[1mLinking CXX executable /home/cthornton/data/local/college/research/arl/code/sims/airsim/catkin_ws/devel/.private/airsim_ros_pkgs/lib/airsim_ros_pkgs/airsim_node[0m
[100%] Built target airsim_node
