In file included from [01m[K/home/cthornton/data/local/college/research/arl/code/sims/airsim/AirSim/external/rpclib/rpclib-2.2.1/include/rpc/msgpack/object.hpp:15[m[K,
                 from [01m[K/home/cthornton/data/local/college/research/arl/code/sims/airsim/AirSim/external/rpclib/rpclib-2.2.1/include/rpc/msgpack.hpp:23[m[K,
                 from [01m[K/home/cthornton/data/local/college/research/arl/code/sims/airsim/AirSim/external/rpclib/rpclib-2.2.1/include/rpc/this_handler.h:9[m[K,
                 from [01m[K/home/cthornton/data/local/college/research/arl/code/sims/airsim/AirSim/external/rpclib/rpclib-2.2.1/lib/rpc/this_handler.cc:1[m[K:
[01m[K/home/cthornton/data/local/college/research/arl/code/sims/airsim/AirSim/external/rpclib/rpclib-2.2.1/include/rpc/msgpack/v1/object.hpp:[m[K In function ‘[01m[Kvoid clmdep_msgpack::v1::operator<<(clmdep_msgpack::v2::object&, const msgpack_object&)[m[K’:
[01m[K/home/cthornton/data/local/college/research/arl/code/sims/airsim/AirSim/external/rpclib/rpclib-2.2.1/include/rpc/msgpack/v1/object.hpp:656:34:[m[K [01;35m[Kwarning: [m[K‘[01m[Kvoid* memcpy(void*, const void*, size_t)[m[K’ copying an object of non-trivial type ‘[01m[Kstruct clmdep_msgpack::v2::object[m[K’ from an array of ‘[01m[Kconst msgpack_object[m[K’ {aka ‘[01m[Kconst struct msgpack_object[m[K’} [[01;35m[K-Wclass-memaccess[m[K]
     std::memcpy(&o, &v, sizeof(v)[01;35m[K)[m[K;
                                  [01;35m[K^[m[K
In file included from [01m[K/home/cthornton/data/local/college/research/arl/code/sims/airsim/AirSim/external/rpclib/rpclib-2.2.1/include/rpc/msgpack/object_fwd.hpp:17[m[K,
                 from [01m[K/home/cthornton/data/local/college/research/arl/code/sims/airsim/AirSim/external/rpclib/rpclib-2.2.1/include/rpc/msgpack/v1/adaptor/adaptor_base_decl.hpp:14[m[K,
                 from [01m[K/home/cthornton/data/local/college/research/arl/code/sims/airsim/AirSim/external/rpclib/rpclib-2.2.1/include/rpc/msgpack/adaptor/adaptor_base_decl.hpp:13[m[K,
                 from [01m[K/home/cthornton/data/local/college/research/arl/code/sims/airsim/AirSim/external/rpclib/rpclib-2.2.1/include/rpc/msgpack/adaptor/adaptor_base.hpp:13[m[K,
                 from [01m[K/home/cthornton/data/local/college/research/arl/code/sims/airsim/AirSim/external/rpclib/rpclib-2.2.1/include/rpc/msgpack/v1/object_decl.hpp:16[m[K,
                 from [01m[K/home/cthornton/data/local/college/research/arl/code/sims/airsim/AirSim/external/rpclib/rpclib-2.2.1/include/rpc/msgpack/object_decl.hpp:14[m[K,
                 from [01m[K/home/cthornton/data/local/college/research/arl/code/sims/airsim/AirSim/external/rpclib/rpclib-2.2.1/include/rpc/msgpack/object.hpp:13[m[K,
                 from [01m[K/home/cthornton/data/local/college/research/arl/code/sims/airsim/AirSim/external/rpclib/rpclib-2.2.1/include/rpc/msgpack.hpp:23[m[K,
                 from [01m[K/home/cthornton/data/local/college/research/arl/code/sims/airsim/AirSim/external/rpclib/rpclib-2.2.1/include/rpc/this_handler.h:9[m[K,
                 from [01m[K/home/cthornton/data/local/college/research/arl/code/sims/airsim/AirSim/external/rpclib/rpclib-2.2.1/lib/rpc/this_handler.cc:1[m[K:
[01m[K/home/cthornton/data/local/college/research/arl/code/sims/airsim/AirSim/external/rpclib/rpclib-2.2.1/include/rpc/msgpack/v2/object_fwd.hpp:23:8:[m[K [01;36m[Knote: [m[K‘[01m[Kstruct clmdep_msgpack::v2::object[m[K’ declared here
 struct [01;36m[Kobject[m[K : v1::object {
        [01;36m[K^~~~~~[m[K
In file included from [01m[K/home/cthornton/data/local/college/research/arl/code/sims/airsim/AirSim/external/rpclib/rpclib-2.2.1/include/rpc/msgpack/object.hpp:15[m[K,
                 from [01m[K/home/cthornton/data/local/college/research/arl/code/sims/airsim/AirSim/external/rpclib/rpclib-2.2.1/include/rpc/msgpack.hpp:23[m[K,
                 from [01m[K/home/cthornton/data/local/college/research/arl/code/sims/airsim/AirSim/external/rpclib/rpclib-2.2.1/include/rpc/detail/response.h:8[m[K,
                 from [01m[K/home/cthornton/data/local/college/research/arl/code/sims/airsim/AirSim/external/rpclib/rpclib-2.2.1/lib/rpc/detail/response.cc:1[m[K:
[01m[K/home/cthornton/data/local/college/research/arl/code/sims/airsim/AirSim/external/rpclib/rpclib-2.2.1/include/rpc/msgpack/v1/object.hpp:[m[K In function ‘[01m[Kvoid clmdep_msgpack::v1::operator<<(clmdep_msgpack::v2::object&, const msgpack_object&)[m[K’:
[01m[K/home/cthornton/data/local/college/research/arl/code/sims/airsim/AirSim/external/rpclib/rpclib-2.2.1/include/rpc/msgpack/v1/object.hpp:656:34:[m[K [01;35m[Kwarning: [m[K‘[01m[Kvoid* memcpy(void*, const void*, size_t)[m[K’ copying an object of non-trivial type ‘[01m[Kstruct clmdep_msgpack::v2::object[m[K’ from an array of ‘[01m[Kconst msgpack_object[m[K’ {aka ‘[01m[Kconst struct msgpack_object[m[K’} [[01;35m[K-Wclass-memaccess[m[K]
     std::memcpy(&o, &v, sizeof(v)[01;35m[K)[m[K;
                                  [01;35m[K^[m[K
In file included from [01m[K/home/cthornton/data/local/college/research/arl/code/sims/airsim/AirSim/external/rpclib/rpclib-2.2.1/include/rpc/msgpack/object_fwd.hpp:17[m[K,
                 from [01m[K/home/cthornton/data/local/college/research/arl/code/sims/airsim/AirSim/external/rpclib/rpclib-2.2.1/include/rpc/msgpack/v1/adaptor/adaptor_base_decl.hpp:14[m[K,
                 from [01m[K/home/cthornton/data/local/college/research/arl/code/sims/airsim/AirSim/external/rpclib/rpclib-2.2.1/include/rpc/msgpack/adaptor/adaptor_base_decl.hpp:13[m[K,
                 from [01m[K/home/cthornton/data/local/college/research/arl/code/sims/airsim/AirSim/external/rpclib/rpclib-2.2.1/include/rpc/msgpack/adaptor/adaptor_base.hpp:13[m[K,
                 from [01m[K/home/cthornton/data/local/college/research/arl/code/sims/airsim/AirSim/external/rpclib/rpclib-2.2.1/include/rpc/msgpack/v1/object_decl.hpp:16[m[K,
                 from [01m[K/home/cthornton/data/local/college/research/arl/code/sims/airsim/AirSim/external/rpclib/rpclib-2.2.1/include/rpc/msgpack/object_decl.hpp:14[m[K,
                 from [01m[K/home/cthornton/data/local/college/research/arl/code/sims/airsim/AirSim/external/rpclib/rpclib-2.2.1/include/rpc/msgpack/object.hpp:13[m[K,
                 from [01m[K/home/cthornton/data/local/college/research/arl/code/sims/airsim/AirSim/external/rpclib/rpclib-2.2.1/include/rpc/msgpack.hpp:23[m[K,
                 from [01m[K/home/cthornton/data/local/college/research/arl/code/sims/airsim/AirSim/external/rpclib/rpclib-2.2.1/include/rpc/detail/response.h:8[m[K,
                 from [01m[K/home/cthornton/data/local/college/research/arl/code/sims/airsim/AirSim/external/rpclib/rpclib-2.2.1/lib/rpc/detail/response.cc:1[m[K:
[01m[K/home/cthornton/data/local/college/research/arl/code/sims/airsim/AirSim/external/rpclib/rpclib-2.2.1/include/rpc/msgpack/v2/object_fwd.hpp:23:8:[m[K [01;36m[Knote: [m[K‘[01m[Kstruct clmdep_msgpack::v2::object[m[K’ declared here
 struct [01;36m[Kobject[m[K : v1::object {
        [01;36m[K^~~~~~[m[K
In file included from [01m[K/home/cthornton/data/local/college/research/arl/code/sims/airsim/AirSim/external/rpclib/rpclib-2.2.1/include/rpc/msgpack/object.hpp:15[m[K,
                 from [01m[K/home/cthornton/data/local/college/research/arl/code/sims/airsim/AirSim/external/rpclib/rpclib-2.2.1/include/rpc/msgpack.hpp:23[m[K,
                 from [01m[K/home/cthornton/data/local/college/research/arl/code/sims/airsim/AirSim/external/rpclib/rpclib-2.2.1/include/rpc/rpc_error.h:8[m[K,
                 from [01m[K/home/cthornton/data/local/college/research/arl/code/sims/airsim/AirSim/external/rpclib/rpclib-2.2.1/lib/rpc/rpc_error.cc:1[m[K:
[01m[K/home/cthornton/data/local/college/research/arl/code/sims/airsim/AirSim/external/rpclib/rpclib-2.2.1/include/rpc/msgpack/v1/object.hpp:[m[K In function ‘[01m[Kvoid clmdep_msgpack::v1::operator<<(clmdep_msgpack::v2::object&, const msgpack_object&)[m[K’:
[01m[K/home/cthornton/data/local/college/research/arl/code/sims/airsim/AirSim/external/rpclib/rpclib-2.2.1/include/rpc/msgpack/v1/object.hpp:656:34:[m[K [01;35m[Kwarning: [m[K‘[01m[Kvoid* memcpy(void*, const void*, size_t)[m[K’ copying an object of non-trivial type ‘[01m[Kstruct clmdep_msgpack::v2::object[m[K’ from an array of ‘[01m[Kconst msgpack_object[m[K’ {aka ‘[01m[Kconst struct msgpack_object[m[K’} [[01;35m[K-Wclass-memaccess[m[K]
     std::memcpy(&o, &v, sizeof(v)[01;35m[K)[m[K;
                                  [01;35m[K^[m[K
In file included from [01m[K/home/cthornton/data/local/college/research/arl/code/sims/airsim/AirSim/external/rpclib/rpclib-2.2.1/include/rpc/msgpack/object_fwd.hpp:17[m[K,
                 from [01m[K/home/cthornton/data/local/college/research/arl/code/sims/airsim/AirSim/external/rpclib/rpclib-2.2.1/include/rpc/msgpack/v1/adaptor/adaptor_base_decl.hpp:14[m[K,
                 from [01m[K/home/cthornton/data/local/college/research/arl/code/sims/airsim/AirSim/external/rpclib/rpclib-2.2.1/include/rpc/msgpack/adaptor/adaptor_base_decl.hpp:13[m[K,
                 from [01m[K/home/cthornton/data/local/college/research/arl/code/sims/airsim/AirSim/external/rpclib/rpclib-2.2.1/include/rpc/msgpack/adaptor/adaptor_base.hpp:13[m[K,
                 from [01m[K/home/cthornton/data/local/college/research/arl/code/sims/airsim/AirSim/external/rpclib/rpclib-2.2.1/include/rpc/msgpack/v1/object_decl.hpp:16[m[K,
                 from [01m[K/home/cthornton/data/local/college/research/arl/code/sims/airsim/AirSim/external/rpclib/rpclib-2.2.1/include/rpc/msgpack/object_decl.hpp:14[m[K,
                 from [01m[K/home/cthornton/data/local/college/research/arl/code/sims/airsim/AirSim/external/rpclib/rpclib-2.2.1/include/rpc/msgpack/object.hpp:13[m[K,
                 from [01m[K/home/cthornton/data/local/college/research/arl/code/sims/airsim/AirSim/external/rpclib/rpclib-2.2.1/include/rpc/msgpack.hpp:23[m[K,
                 from [01m[K/home/cthornton/data/local/college/research/arl/code/sims/airsim/AirSim/external/rpclib/rpclib-2.2.1/include/rpc/rpc_error.h:8[m[K,
                 from [01m[K/home/cthornton/data/local/college/research/arl/code/sims/airsim/AirSim/external/rpclib/rpclib-2.2.1/lib/rpc/rpc_error.cc:1[m[K:
[01m[K/home/cthornton/data/local/college/research/arl/code/sims/airsim/AirSim/external/rpclib/rpclib-2.2.1/include/rpc/msgpack/v2/object_fwd.hpp:23:8:[m[K [01;36m[Knote: [m[K‘[01m[Kstruct clmdep_msgpack::v2::object[m[K’ declared here
 struct [01;36m[Kobject[m[K : v1::object {
        [01;36m[K^~~~~~[m[K
In file included from [01m[K/home/cthornton/data/local/college/research/arl/code/sims/airsim/AirSim/external/rpclib/rpclib-2.2.1/include/rpc/msgpack/object.hpp:15[m[K,
                 from [01m[K/home/cthornton/data/local/college/research/arl/code/sims/airsim/AirSim/external/rpclib/rpclib-2.2.1/include/rpc/msgpack.hpp:23[m[K,
                 from [01m[K/home/cthornton/data/local/college/research/arl/code/sims/airsim/AirSim/external/rpclib/rpclib-2.2.1/include/rpc/dispatcher.h:12[m[K,
                 from [01m[K/home/cthornton/data/local/college/research/arl/code/sims/airsim/AirSim/external/rpclib/rpclib-2.2.1/lib/rpc/dispatcher.cc:1[m[K:
[01m[K/home/cthornton/data/local/college/research/arl/code/sims/airsim/AirSim/external/rpclib/rpclib-2.2.1/include/rpc/msgpack/v1/object.hpp:[m[K In function ‘[01m[Kvoid clmdep_msgpack::v1::operator<<(clmdep_msgpack::v2::object&, const msgpack_object&)[m[K’:
[01m[K/home/cthornton/data/local/college/research/arl/code/sims/airsim/AirSim/external/rpclib/rpclib-2.2.1/include/rpc/msgpack/v1/object.hpp:656:34:[m[K [01;35m[Kwarning: [m[K‘[01m[Kvoid* memcpy(void*, const void*, size_t)[m[K’ copying an object of non-trivial type ‘[01m[Kstruct clmdep_msgpack::v2::object[m[K’ from an array of ‘[01m[Kconst msgpack_object[m[K’ {aka ‘[01m[Kconst struct msgpack_object[m[K’} [[01;35m[K-Wclass-memaccess[m[K]
     std::memcpy(&o, &v, sizeof(v)[01;35m[K)[m[K;
                                  [01;35m[K^[m[K
In file included from [01m[K/home/cthornton/data/local/college/research/arl/code/sims/airsim/AirSim/external/rpclib/rpclib-2.2.1/include/rpc/msgpack/object_fwd.hpp:17[m[K,
                 from [01m[K/home/cthornton/data/local/college/research/arl/code/sims/airsim/AirSim/external/rpclib/rpclib-2.2.1/include/rpc/msgpack/v1/adaptor/adaptor_base_decl.hpp:14[m[K,
                 from [01m[K/home/cthornton/data/local/college/research/arl/code/sims/airsim/AirSim/external/rpclib/rpclib-2.2.1/include/rpc/msgpack/adaptor/adaptor_base_decl.hpp:13[m[K,
                 from [01m[K/home/cthornton/data/local/college/research/arl/code/sims/airsim/AirSim/external/rpclib/rpclib-2.2.1/include/rpc/msgpack/adaptor/adaptor_base.hpp:13[m[K,
                 from [01m[K/home/cthornton/data/local/college/research/arl/code/sims/airsim/AirSim/external/rpclib/rpclib-2.2.1/include/rpc/msgpack/v1/object_decl.hpp:16[m[K,
                 from [01m[K/home/cthornton/data/local/college/research/arl/code/sims/airsim/AirSim/external/rpclib/rpclib-2.2.1/include/rpc/msgpack/object_decl.hpp:14[m[K,
                 from [01m[K/home/cthornton/data/local/college/research/arl/code/sims/airsim/AirSim/external/rpclib/rpclib-2.2.1/include/rpc/msgpack/object.hpp:13[m[K,
                 from [01m[K/home/cthornton/data/local/college/research/arl/code/sims/airsim/AirSim/external/rpclib/rpclib-2.2.1/include/rpc/msgpack.hpp:23[m[K,
                 from [01m[K/home/cthornton/data/local/college/research/arl/code/sims/airsim/AirSim/external/rpclib/rpclib-2.2.1/include/rpc/dispatcher.h:12[m[K,
                 from [01m[K/home/cthornton/data/local/college/research/arl/code/sims/airsim/AirSim/external/rpclib/rpclib-2.2.1/lib/rpc/dispatcher.cc:1[m[K:
[01m[K/home/cthornton/data/local/college/research/arl/code/sims/airsim/AirSim/external/rpclib/rpclib-2.2.1/include/rpc/msgpack/v2/object_fwd.hpp:23:8:[m[K [01;36m[Knote: [m[K‘[01m[Kstruct clmdep_msgpack::v2::object[m[K’ declared here
 struct [01;36m[Kobject[m[K : v1::object {
        [01;36m[K^~~~~~[m[K
In file included from [01m[K/home/cthornton/data/local/college/research/arl/code/sims/airsim/AirSim/external/rpclib/rpclib-2.2.1/include/rpc/msgpack/object.hpp:15[m[K,
                 from [01m[K/home/cthornton/data/local/college/research/arl/code/sims/airsim/AirSim/external/rpclib/rpclib-2.2.1/include/rpc/msgpack.hpp:23[m[K,
                 from [01m[K/home/cthornton/data/local/college/research/arl/code/sims/airsim/AirSim/external/rpclib/rpclib-2.2.1/include/rpc/server.h:7[m[K,
                 from [01m[K/home/cthornton/data/local/college/research/arl/code/sims/airsim/AirSim/external/rpclib/rpclib-2.2.1/lib/rpc/server.cc:1[m[K:
[01m[K/home/cthornton/data/local/college/research/arl/code/sims/airsim/AirSim/external/rpclib/rpclib-2.2.1/include/rpc/msgpack/v1/object.hpp:[m[K In function ‘[01m[Kvoid clmdep_msgpack::v1::operator<<(clmdep_msgpack::v2::object&, const msgpack_object&)[m[K’:
[01m[K/home/cthornton/data/local/college/research/arl/code/sims/airsim/AirSim/external/rpclib/rpclib-2.2.1/include/rpc/msgpack/v1/object.hpp:656:34:[m[K [01;35m[Kwarning: [m[K‘[01m[Kvoid* memcpy(void*, const void*, size_t)[m[K’ copying an object of non-trivial type ‘[01m[Kstruct clmdep_msgpack::v2::object[m[K’ from an array of ‘[01m[Kconst msgpack_object[m[K’ {aka ‘[01m[Kconst struct msgpack_object[m[K’} [[01;35m[K-Wclass-memaccess[m[K]
     std::memcpy(&o, &v, sizeof(v)[01;35m[K)[m[K;
                                  [01;35m[K^[m[K
In file included from [01m[K/home/cthornton/data/local/college/research/arl/code/sims/airsim/AirSim/external/rpclib/rpclib-2.2.1/include/rpc/msgpack/object_fwd.hpp:17[m[K,
                 from [01m[K/home/cthornton/data/local/college/research/arl/code/sims/airsim/AirSim/external/rpclib/rpclib-2.2.1/include/rpc/msgpack/v1/adaptor/adaptor_base_decl.hpp:14[m[K,
                 from [01m[K/home/cthornton/data/local/college/research/arl/code/sims/airsim/AirSim/external/rpclib/rpclib-2.2.1/include/rpc/msgpack/adaptor/adaptor_base_decl.hpp:13[m[K,
                 from [01m[K/home/cthornton/data/local/college/research/arl/code/sims/airsim/AirSim/external/rpclib/rpclib-2.2.1/include/rpc/msgpack/adaptor/adaptor_base.hpp:13[m[K,
                 from [01m[K/home/cthornton/data/local/college/research/arl/code/sims/airsim/AirSim/external/rpclib/rpclib-2.2.1/include/rpc/msgpack/v1/object_decl.hpp:16[m[K,
                 from [01m[K/home/cthornton/data/local/college/research/arl/code/sims/airsim/AirSim/external/rpclib/rpclib-2.2.1/include/rpc/msgpack/object_decl.hpp:14[m[K,
                 from [01m[K/home/cthornton/data/local/college/research/arl/code/sims/airsim/AirSim/external/rpclib/rpclib-2.2.1/include/rpc/msgpack/object.hpp:13[m[K,
                 from [01m[K/home/cthornton/data/local/college/research/arl/code/sims/airsim/AirSim/external/rpclib/rpclib-2.2.1/include/rpc/msgpack.hpp:23[m[K,
                 from [01m[K/home/cthornton/data/local/college/research/arl/code/sims/airsim/AirSim/external/rpclib/rpclib-2.2.1/include/rpc/server.h:7[m[K,
                 from [01m[K/home/cthornton/data/local/college/research/arl/code/sims/airsim/AirSim/external/rpclib/rpclib-2.2.1/lib/rpc/server.cc:1[m[K:
[01m[K/home/cthornton/data/local/college/research/arl/code/sims/airsim/AirSim/external/rpclib/rpclib-2.2.1/include/rpc/msgpack/v2/object_fwd.hpp:23:8:[m[K [01;36m[Knote: [m[K‘[01m[Kstruct clmdep_msgpack::v2::object[m[K’ declared here
 struct [01;36m[Kobject[m[K : v1::object {
        [01;36m[K^~~~~~[m[K
In file included from [01m[K/home/cthornton/data/local/college/research/arl/code/sims/airsim/AirSim/external/rpclib/rpclib-2.2.1/include/rpc/msgpack/object.hpp:15[m[K,
                 from [01m[K/home/cthornton/data/local/college/research/arl/code/sims/airsim/AirSim/external/rpclib/rpclib-2.2.1/include/rpc/msgpack.hpp:23[m[K,
                 from [01m[K/home/cthornton/data/local/college/research/arl/code/sims/airsim/AirSim/external/rpclib/rpclib-2.2.1/include/rpc/client.h:11[m[K,
                 from [01m[K/home/cthornton/data/local/college/research/arl/code/sims/airsim/AirSim/external/rpclib/rpclib-2.2.1/lib/rpc/client.cc:1[m[K:
[01m[K/home/cthornton/data/local/college/research/arl/code/sims/airsim/AirSim/external/rpclib/rpclib-2.2.1/include/rpc/msgpack/v1/object.hpp:[m[K In function ‘[01m[Kvoid clmdep_msgpack::v1::operator<<(clmdep_msgpack::v2::object&, const msgpack_object&)[m[K’:
[01m[K/home/cthornton/data/local/college/research/arl/code/sims/airsim/AirSim/external/rpclib/rpclib-2.2.1/include/rpc/msgpack/v1/object.hpp:656:34:[m[K [01;35m[Kwarning: [m[K‘[01m[Kvoid* memcpy(void*, const void*, size_t)[m[K’ copying an object of non-trivial type ‘[01m[Kstruct clmdep_msgpack::v2::object[m[K’ from an array of ‘[01m[Kconst msgpack_object[m[K’ {aka ‘[01m[Kconst struct msgpack_object[m[K’} [[01;35m[K-Wclass-memaccess[m[K]
     std::memcpy(&o, &v, sizeof(v)[01;35m[K)[m[K;
                                  [01;35m[K^[m[K
In file included from [01m[K/home/cthornton/data/local/college/research/arl/code/sims/airsim/AirSim/external/rpclib/rpclib-2.2.1/include/rpc/msgpack/object_fwd.hpp:17[m[K,
                 from [01m[K/home/cthornton/data/local/college/research/arl/code/sims/airsim/AirSim/external/rpclib/rpclib-2.2.1/include/rpc/msgpack/v1/adaptor/adaptor_base_decl.hpp:14[m[K,
                 from [01m[K/home/cthornton/data/local/college/research/arl/code/sims/airsim/AirSim/external/rpclib/rpclib-2.2.1/include/rpc/msgpack/adaptor/adaptor_base_decl.hpp:13[m[K,
                 from [01m[K/home/cthornton/data/local/college/research/arl/code/sims/airsim/AirSim/external/rpclib/rpclib-2.2.1/include/rpc/msgpack/adaptor/adaptor_base.hpp:13[m[K,
                 from [01m[K/home/cthornton/data/local/college/research/arl/code/sims/airsim/AirSim/external/rpclib/rpclib-2.2.1/include/rpc/msgpack/v1/object_decl.hpp:16[m[K,
                 from [01m[K/home/cthornton/data/local/college/research/arl/code/sims/airsim/AirSim/external/rpclib/rpclib-2.2.1/include/rpc/msgpack/object_decl.hpp:14[m[K,
                 from [01m[K/home/cthornton/data/local/college/research/arl/code/sims/airsim/AirSim/external/rpclib/rpclib-2.2.1/include/rpc/msgpack/object.hpp:13[m[K,
                 from [01m[K/home/cthornton/data/local/college/research/arl/code/sims/airsim/AirSim/external/rpclib/rpclib-2.2.1/include/rpc/msgpack.hpp:23[m[K,
                 from [01m[K/home/cthornton/data/local/college/research/arl/code/sims/airsim/AirSim/external/rpclib/rpclib-2.2.1/include/rpc/client.h:11[m[K,
                 from [01m[K/home/cthornton/data/local/college/research/arl/code/sims/airsim/AirSim/external/rpclib/rpclib-2.2.1/lib/rpc/client.cc:1[m[K:
[01m[K/home/cthornton/data/local/college/research/arl/code/sims/airsim/AirSim/external/rpclib/rpclib-2.2.1/include/rpc/msgpack/v2/object_fwd.hpp:23:8:[m[K [01;36m[Knote: [m[K‘[01m[Kstruct clmdep_msgpack::v2::object[m[K’ declared here
 struct [01;36m[Kobject[m[K : v1::object {
        [01;36m[K^~~~~~[m[K
In file included from [01m[K/home/cthornton/data/local/college/research/arl/code/sims/airsim/AirSim/external/rpclib/rpclib-2.2.1/include/rpc/msgpack/object.hpp:15[m[K,
                 from [01m[K/home/cthornton/data/local/college/research/arl/code/sims/airsim/AirSim/external/rpclib/rpclib-2.2.1/include/rpc/msgpack.hpp:23[m[K,
                 from [01m[K/home/cthornton/data/local/college/research/arl/code/sims/airsim/AirSim/external/rpclib/rpclib-2.2.1/include/rpc/detail/server_session.h:11[m[K,
                 from [01m[K/home/cthornton/data/local/college/research/arl/code/sims/airsim/AirSim/external/rpclib/rpclib-2.2.1/lib/rpc/detail/server_session.cc:1[m[K:
[01m[K/home/cthornton/data/local/college/research/arl/code/sims/airsim/AirSim/external/rpclib/rpclib-2.2.1/include/rpc/msgpack/v1/object.hpp:[m[K In function ‘[01m[Kvoid clmdep_msgpack::v1::operator<<(clmdep_msgpack::v2::object&, const msgpack_object&)[m[K’:
[01m[K/home/cthornton/data/local/college/research/arl/code/sims/airsim/AirSim/external/rpclib/rpclib-2.2.1/include/rpc/msgpack/v1/object.hpp:656:34:[m[K [01;35m[Kwarning: [m[K‘[01m[Kvoid* memcpy(void*, const void*, size_t)[m[K’ copying an object of non-trivial type ‘[01m[Kstruct clmdep_msgpack::v2::object[m[K’ from an array of ‘[01m[Kconst msgpack_object[m[K’ {aka ‘[01m[Kconst struct msgpack_object[m[K’} [[01;35m[K-Wclass-memaccess[m[K]
     std::memcpy(&o, &v, sizeof(v)[01;35m[K)[m[K;
                                  [01;35m[K^[m[K
In file included from [01m[K/home/cthornton/data/local/college/research/arl/code/sims/airsim/AirSim/external/rpclib/rpclib-2.2.1/include/rpc/msgpack/object_fwd.hpp:17[m[K,
                 from [01m[K/home/cthornton/data/local/college/research/arl/code/sims/airsim/AirSim/external/rpclib/rpclib-2.2.1/include/rpc/msgpack/v1/adaptor/adaptor_base_decl.hpp:14[m[K,
                 from [01m[K/home/cthornton/data/local/college/research/arl/code/sims/airsim/AirSim/external/rpclib/rpclib-2.2.1/include/rpc/msgpack/adaptor/adaptor_base_decl.hpp:13[m[K,
                 from [01m[K/home/cthornton/data/local/college/research/arl/code/sims/airsim/AirSim/external/rpclib/rpclib-2.2.1/include/rpc/msgpack/adaptor/adaptor_base.hpp:13[m[K,
                 from [01m[K/home/cthornton/data/local/college/research/arl/code/sims/airsim/AirSim/external/rpclib/rpclib-2.2.1/include/rpc/msgpack/v1/object_decl.hpp:16[m[K,
                 from [01m[K/home/cthornton/data/local/college/research/arl/code/sims/airsim/AirSim/external/rpclib/rpclib-2.2.1/include/rpc/msgpack/object_decl.hpp:14[m[K,
                 from [01m[K/home/cthornton/data/local/college/research/arl/code/sims/airsim/AirSim/external/rpclib/rpclib-2.2.1/include/rpc/msgpack/object.hpp:13[m[K,
                 from [01m[K/home/cthornton/data/local/college/research/arl/code/sims/airsim/AirSim/external/rpclib/rpclib-2.2.1/include/rpc/msgpack.hpp:23[m[K,
                 from [01m[K/home/cthornton/data/local/college/research/arl/code/sims/airsim/AirSim/external/rpclib/rpclib-2.2.1/include/rpc/detail/server_session.h:11[m[K,
                 from [01m[K/home/cthornton/data/local/college/research/arl/code/sims/airsim/AirSim/external/rpclib/rpclib-2.2.1/lib/rpc/detail/server_session.cc:1[m[K:
[01m[K/home/cthornton/data/local/college/research/arl/code/sims/airsim/AirSim/external/rpclib/rpclib-2.2.1/include/rpc/msgpack/v2/object_fwd.hpp:23:8:[m[K [01;36m[Knote: [m[K‘[01m[Kstruct clmdep_msgpack::v2::object[m[K’ declared here
 struct [01;36m[Kobject[m[K : v1::object {
        [01;36m[K^~~~~~[m[K
In file included from [01m[K/home/cthornton/data/local/college/research/arl/code/sims/airsim/catkin_ws/src/airsim_ros_pkgs/../../../AirSim/external/rpclib/rpclib-2.2.1/include/rpc/msgpack/object.hpp:15[m[K,
                 from [01m[K/home/cthornton/data/local/college/research/arl/code/sims/airsim/catkin_ws/src/airsim_ros_pkgs/../../../AirSim/external/rpclib/rpclib-2.2.1/include/rpc/msgpack.hpp:23[m[K,
                 from [01m[K/home/cthornton/data/local/college/research/arl/code/sims/airsim/catkin_ws/src/airsim_ros_pkgs/../../../AirSim/external/rpclib/rpclib-2.2.1/include/rpc/server.h:7[m[K,
                 from [01m[K/home/cthornton/data/local/college/research/arl/code/sims/airsim/AirSim/AirLib/src/api/RpcLibServerBase.cpp:24[m[K:
[01m[K/home/cthornton/data/local/college/research/arl/code/sims/airsim/catkin_ws/src/airsim_ros_pkgs/../../../AirSim/external/rpclib/rpclib-2.2.1/include/rpc/msgpack/v1/object.hpp:[m[K In function ‘[01m[Kvoid clmdep_msgpack::v1::operator<<(clmdep_msgpack::v2::object&, const msgpack_object&)[m[K’:
[01m[K/home/cthornton/data/local/college/research/arl/code/sims/airsim/catkin_ws/src/airsim_ros_pkgs/../../../AirSim/external/rpclib/rpclib-2.2.1/include/rpc/msgpack/v1/object.hpp:656:34:[m[K [01;35m[Kwarning: [m[K‘[01m[Kvoid* memcpy(void*, const void*, size_t)[m[K’ copying an object of non-trivial type ‘[01m[Kstruct clmdep_msgpack::v2::object[m[K’ from an array of ‘[01m[Kconst msgpack_object[m[K’ {aka ‘[01m[Kconst struct msgpack_object[m[K’} [[01;35m[K-Wclass-memaccess[m[K]
     std::memcpy(&o, &v, sizeof(v)[01;35m[K)[m[K;
                                  [01;35m[K^[m[K
In file included from [01m[K/home/cthornton/data/local/college/research/arl/code/sims/airsim/catkin_ws/src/airsim_ros_pkgs/../../../AirSim/external/rpclib/rpclib-2.2.1/include/rpc/msgpack/object_fwd.hpp:17[m[K,
                 from [01m[K/home/cthornton/data/local/college/research/arl/code/sims/airsim/catkin_ws/src/airsim_ros_pkgs/../../../AirSim/external/rpclib/rpclib-2.2.1/include/rpc/msgpack/v1/adaptor/adaptor_base_decl.hpp:14[m[K,
                 from [01m[K/home/cthornton/data/local/college/research/arl/code/sims/airsim/catkin_ws/src/airsim_ros_pkgs/../../../AirSim/external/rpclib/rpclib-2.2.1/include/rpc/msgpack/adaptor/adaptor_base_decl.hpp:13[m[K,
                 from [01m[K/home/cthornton/data/local/college/research/arl/code/sims/airsim/catkin_ws/src/airsim_ros_pkgs/../../../AirSim/external/rpclib/rpclib-2.2.1/include/rpc/msgpack/adaptor/adaptor_base.hpp:13[m[K,
                 from [01m[K/home/cthornton/data/local/college/research/arl/code/sims/airsim/catkin_ws/src/airsim_ros_pkgs/../../../AirSim/external/rpclib/rpclib-2.2.1/include/rpc/msgpack/v1/object_decl.hpp:16[m[K,
                 from [01m[K/home/cthornton/data/local/college/research/arl/code/sims/airsim/catkin_ws/src/airsim_ros_pkgs/../../../AirSim/external/rpclib/rpclib-2.2.1/include/rpc/msgpack/object_decl.hpp:14[m[K,
                 from [01m[K/home/cthornton/data/local/college/research/arl/code/sims/airsim/catkin_ws/src/airsim_ros_pkgs/../../../AirSim/external/rpclib/rpclib-2.2.1/include/rpc/msgpack/object.hpp:13[m[K,
                 from [01m[K/home/cthornton/data/local/college/research/arl/code/sims/airsim/catkin_ws/src/airsim_ros_pkgs/../../../AirSim/external/rpclib/rpclib-2.2.1/include/rpc/msgpack.hpp:23[m[K,
                 from [01m[K/home/cthornton/data/local/college/research/arl/code/sims/airsim/catkin_ws/src/airsim_ros_pkgs/../../../AirSim/external/rpclib/rpclib-2.2.1/include/rpc/server.h:7[m[K,
                 from [01m[K/home/cthornton/data/local/college/research/arl/code/sims/airsim/AirSim/AirLib/src/api/RpcLibServerBase.cpp:24[m[K:
[01m[K/home/cthornton/data/local/college/research/arl/code/sims/airsim/catkin_ws/src/airsim_ros_pkgs/../../../AirSim/external/rpclib/rpclib-2.2.1/include/rpc/msgpack/v2/object_fwd.hpp:23:8:[m[K [01;36m[Knote: [m[K‘[01m[Kstruct clmdep_msgpack::v2::object[m[K’ declared here
 struct [01;36m[Kobject[m[K : v1::object {
        [01;36m[K^~~~~~[m[K
In file included from [01m[K/home/cthornton/data/local/college/research/arl/code/sims/airsim/catkin_ws/src/airsim_ros_pkgs/../../../AirSim/external/rpclib/rpclib-2.2.1/include/rpc/msgpack/object.hpp:15[m[K,
                 from [01m[K/home/cthornton/data/local/college/research/arl/code/sims/airsim/catkin_ws/src/airsim_ros_pkgs/../../../AirSim/external/rpclib/rpclib-2.2.1/include/rpc/msgpack.hpp:23[m[K,
                 from [01m[K/home/cthornton/data/local/college/research/arl/code/sims/airsim/catkin_ws/src/airsim_ros_pkgs/../../../AirSim/external/rpclib/rpclib-2.2.1/include/rpc/client.h:11[m[K,
                 from [01m[K/home/cthornton/data/local/college/research/arl/code/sims/airsim/AirSim/AirLib/src/api/RpcLibClientBase.cpp:30[m[K:
[01m[K/home/cthornton/data/local/college/research/arl/code/sims/airsim/catkin_ws/src/airsim_ros_pkgs/../../../AirSim/external/rpclib/rpclib-2.2.1/include/rpc/msgpack/v1/object.hpp:[m[K In function ‘[01m[Kvoid clmdep_msgpack::v1::operator<<(clmdep_msgpack::v2::object&, const msgpack_object&)[m[K’:
[01m[K/home/cthornton/data/local/college/research/arl/code/sims/airsim/catkin_ws/src/airsim_ros_pkgs/../../../AirSim/external/rpclib/rpclib-2.2.1/include/rpc/msgpack/v1/object.hpp:656:34:[m[K [01;35m[Kwarning: [m[K‘[01m[Kvoid* memcpy(void*, const void*, size_t)[m[K’ copying an object of non-trivial type ‘[01m[Kstruct clmdep_msgpack::v2::object[m[K’ from an array of ‘[01m[Kconst msgpack_object[m[K’ {aka ‘[01m[Kconst struct msgpack_object[m[K’} [[01;35m[K-Wclass-memaccess[m[K]
     std::memcpy(&o, &v, sizeof(v)[01;35m[K)[m[K;
                                  [01;35m[K^[m[K
In file included from [01m[K/home/cthornton/data/local/college/research/arl/code/sims/airsim/catkin_ws/src/airsim_ros_pkgs/../../../AirSim/external/rpclib/rpclib-2.2.1/include/rpc/msgpack/object_fwd.hpp:17[m[K,
                 from [01m[K/home/cthornton/data/local/college/research/arl/code/sims/airsim/catkin_ws/src/airsim_ros_pkgs/../../../AirSim/external/rpclib/rpclib-2.2.1/include/rpc/msgpack/v1/adaptor/adaptor_base_decl.hpp:14[m[K,
                 from [01m[K/home/cthornton/data/local/college/research/arl/code/sims/airsim/catkin_ws/src/airsim_ros_pkgs/../../../AirSim/external/rpclib/rpclib-2.2.1/include/rpc/msgpack/adaptor/adaptor_base_decl.hpp:13[m[K,
                 from [01m[K/home/cthornton/data/local/college/research/arl/code/sims/airsim/catkin_ws/src/airsim_ros_pkgs/../../../AirSim/external/rpclib/rpclib-2.2.1/include/rpc/msgpack/adaptor/adaptor_base.hpp:13[m[K,
                 from [01m[K/home/cthornton/data/local/college/research/arl/code/sims/airsim/catkin_ws/src/airsim_ros_pkgs/../../../AirSim/external/rpclib/rpclib-2.2.1/include/rpc/msgpack/v1/object_decl.hpp:16[m[K,
                 from [01m[K/home/cthornton/data/local/college/research/arl/code/sims/airsim/catkin_ws/src/airsim_ros_pkgs/../../../AirSim/external/rpclib/rpclib-2.2.1/include/rpc/msgpack/object_decl.hpp:14[m[K,
                 from [01m[K/home/cthornton/data/local/college/research/arl/code/sims/airsim/catkin_ws/src/airsim_ros_pkgs/../../../AirSim/external/rpclib/rpclib-2.2.1/include/rpc/msgpack/object.hpp:13[m[K,
                 from [01m[K/home/cthornton/data/local/college/research/arl/code/sims/airsim/catkin_ws/src/airsim_ros_pkgs/../../../AirSim/external/rpclib/rpclib-2.2.1/include/rpc/msgpack.hpp:23[m[K,
                 from [01m[K/home/cthornton/data/local/college/research/arl/code/sims/airsim/catkin_ws/src/airsim_ros_pkgs/../../../AirSim/external/rpclib/rpclib-2.2.1/include/rpc/client.h:11[m[K,
                 from [01m[K/home/cthornton/data/local/college/research/arl/code/sims/airsim/AirSim/AirLib/src/api/RpcLibClientBase.cpp:30[m[K:
[01m[K/home/cthornton/data/local/college/research/arl/code/sims/airsim/catkin_ws/src/airsim_ros_pkgs/../../../AirSim/external/rpclib/rpclib-2.2.1/include/rpc/msgpack/v2/object_fwd.hpp:23:8:[m[K [01;36m[Knote: [m[K‘[01m[Kstruct clmdep_msgpack::v2::object[m[K’ declared here
 struct [01;36m[Kobject[m[K : v1::object {
        [01;36m[K^~~~~~[m[K
In file included from [01m[K/home/cthornton/data/local/college/research/arl/code/sims/airsim/catkin_ws/src/airsim_ros_pkgs/../../../AirSim/external/rpclib/rpclib-2.2.1/include/rpc/msgpack/object.hpp:15[m[K,
                 from [01m[K/home/cthornton/data/local/college/research/arl/code/sims/airsim/catkin_ws/src/airsim_ros_pkgs/../../../AirSim/external/rpclib/rpclib-2.2.1/include/rpc/msgpack.hpp:23[m[K,
                 from [01m[K/home/cthornton/data/local/college/research/arl/code/sims/airsim/catkin_ws/src/airsim_ros_pkgs/../../../AirSim/external/rpclib/rpclib-2.2.1/include/rpc/client.h:11[m[K,
                 from [01m[K/home/cthornton/data/local/college/research/arl/code/sims/airsim/AirSim/AirLib/src/vehicles/car/api/CarRpcLibClient.cpp:28[m[K:
[01m[K/home/cthornton/data/local/college/research/arl/code/sims/airsim/catkin_ws/src/airsim_ros_pkgs/../../../AirSim/external/rpclib/rpclib-2.2.1/include/rpc/msgpack/v1/object.hpp:[m[K In function ‘[01m[Kvoid clmdep_msgpack::v1::operator<<(clmdep_msgpack::v2::object&, const msgpack_object&)[m[K’:
[01m[K/home/cthornton/data/local/college/research/arl/code/sims/airsim/catkin_ws/src/airsim_ros_pkgs/../../../AirSim/external/rpclib/rpclib-2.2.1/include/rpc/msgpack/v1/object.hpp:656:34:[m[K [01;35m[Kwarning: [m[K‘[01m[Kvoid* memcpy(void*, const void*, size_t)[m[K’ copying an object of non-trivial type ‘[01m[Kstruct clmdep_msgpack::v2::object[m[K’ from an array of ‘[01m[Kconst msgpack_object[m[K’ {aka ‘[01m[Kconst struct msgpack_object[m[K’} [[01;35m[K-Wclass-memaccess[m[K]
     std::memcpy(&o, &v, sizeof(v)[01;35m[K)[m[K;
                                  [01;35m[K^[m[K
In file included from [01m[K/home/cthornton/data/local/college/research/arl/code/sims/airsim/catkin_ws/src/airsim_ros_pkgs/../../../AirSim/external/rpclib/rpclib-2.2.1/include/rpc/msgpack/object_fwd.hpp:17[m[K,
                 from [01m[K/home/cthornton/data/local/college/research/arl/code/sims/airsim/catkin_ws/src/airsim_ros_pkgs/../../../AirSim/external/rpclib/rpclib-2.2.1/include/rpc/msgpack/v1/adaptor/adaptor_base_decl.hpp:14[m[K,
                 from [01m[K/home/cthornton/data/local/college/research/arl/code/sims/airsim/catkin_ws/src/airsim_ros_pkgs/../../../AirSim/external/rpclib/rpclib-2.2.1/include/rpc/msgpack/adaptor/adaptor_base_decl.hpp:13[m[K,
                 from [01m[K/home/cthornton/data/local/college/research/arl/code/sims/airsim/catkin_ws/src/airsim_ros_pkgs/../../../AirSim/external/rpclib/rpclib-2.2.1/include/rpc/msgpack/adaptor/adaptor_base.hpp:13[m[K,
                 from [01m[K/home/cthornton/data/local/college/research/arl/code/sims/airsim/catkin_ws/src/airsim_ros_pkgs/../../../AirSim/external/rpclib/rpclib-2.2.1/include/rpc/msgpack/v1/object_decl.hpp:16[m[K,
                 from [01m[K/home/cthornton/data/local/college/research/arl/code/sims/airsim/catkin_ws/src/airsim_ros_pkgs/../../../AirSim/external/rpclib/rpclib-2.2.1/include/rpc/msgpack/object_decl.hpp:14[m[K,
                 from [01m[K/home/cthornton/data/local/college/research/arl/code/sims/airsim/catkin_ws/src/airsim_ros_pkgs/../../../AirSim/external/rpclib/rpclib-2.2.1/include/rpc/msgpack/object.hpp:13[m[K,
                 from [01m[K/home/cthornton/data/local/college/research/arl/code/sims/airsim/catkin_ws/src/airsim_ros_pkgs/../../../AirSim/external/rpclib/rpclib-2.2.1/include/rpc/msgpack.hpp:23[m[K,
                 from [01m[K/home/cthornton/data/local/college/research/arl/code/sims/airsim/catkin_ws/src/airsim_ros_pkgs/../../../AirSim/external/rpclib/rpclib-2.2.1/include/rpc/client.h:11[m[K,
                 from [01m[K/home/cthornton/data/local/college/research/arl/code/sims/airsim/AirSim/AirLib/src/vehicles/car/api/CarRpcLibClient.cpp:28[m[K:
[01m[K/home/cthornton/data/local/college/research/arl/code/sims/airsim/catkin_ws/src/airsim_ros_pkgs/../../../AirSim/external/rpclib/rpclib-2.2.1/include/rpc/msgpack/v2/object_fwd.hpp:23:8:[m[K [01;36m[Knote: [m[K‘[01m[Kstruct clmdep_msgpack::v2::object[m[K’ declared here
 struct [01;36m[Kobject[m[K : v1::object {
        [01;36m[K^~~~~~[m[K
In file included from [01m[K/home/cthornton/data/local/college/research/arl/code/sims/airsim/catkin_ws/src/airsim_ros_pkgs/../../../AirSim/external/rpclib/rpclib-2.2.1/include/rpc/msgpack/object.hpp:15[m[K,
                 from [01m[K/home/cthornton/data/local/college/research/arl/code/sims/airsim/catkin_ws/src/airsim_ros_pkgs/../../../AirSim/external/rpclib/rpclib-2.2.1/include/rpc/msgpack.hpp:23[m[K,
                 from [01m[K/home/cthornton/data/local/college/research/arl/code/sims/airsim/catkin_ws/src/airsim_ros_pkgs/../../../AirSim/external/rpclib/rpclib-2.2.1/include/rpc/server.h:7[m[K,
                 from [01m[K/home/cthornton/data/local/college/research/arl/code/sims/airsim/AirSim/AirLib/src/vehicles/car/api/CarRpcLibServer.cpp:25[m[K:
[01m[K/home/cthornton/data/local/college/research/arl/code/sims/airsim/catkin_ws/src/airsim_ros_pkgs/../../../AirSim/external/rpclib/rpclib-2.2.1/include/rpc/msgpack/v1/object.hpp:[m[K In function ‘[01m[Kvoid clmdep_msgpack::v1::operator<<(clmdep_msgpack::v2::object&, const msgpack_object&)[m[K’:
[01m[K/home/cthornton/data/local/college/research/arl/code/sims/airsim/catkin_ws/src/airsim_ros_pkgs/../../../AirSim/external/rpclib/rpclib-2.2.1/include/rpc/msgpack/v1/object.hpp:656:34:[m[K [01;35m[Kwarning: [m[K‘[01m[Kvoid* memcpy(void*, const void*, size_t)[m[K’ copying an object of non-trivial type ‘[01m[Kstruct clmdep_msgpack::v2::object[m[K’ from an array of ‘[01m[Kconst msgpack_object[m[K’ {aka ‘[01m[Kconst struct msgpack_object[m[K’} [[01;35m[K-Wclass-memaccess[m[K]
     std::memcpy(&o, &v, sizeof(v)[01;35m[K)[m[K;
                                  [01;35m[K^[m[K
In file included from [01m[K/home/cthornton/data/local/college/research/arl/code/sims/airsim/catkin_ws/src/airsim_ros_pkgs/../../../AirSim/external/rpclib/rpclib-2.2.1/include/rpc/msgpack/object_fwd.hpp:17[m[K,
                 from [01m[K/home/cthornton/data/local/college/research/arl/code/sims/airsim/catkin_ws/src/airsim_ros_pkgs/../../../AirSim/external/rpclib/rpclib-2.2.1/include/rpc/msgpack/v1/adaptor/adaptor_base_decl.hpp:14[m[K,
                 from [01m[K/home/cthornton/data/local/college/research/arl/code/sims/airsim/catkin_ws/src/airsim_ros_pkgs/../../../AirSim/external/rpclib/rpclib-2.2.1/include/rpc/msgpack/adaptor/adaptor_base_decl.hpp:13[m[K,
                 from [01m[K/home/cthornton/data/local/college/research/arl/code/sims/airsim/catkin_ws/src/airsim_ros_pkgs/../../../AirSim/external/rpclib/rpclib-2.2.1/include/rpc/msgpack/adaptor/adaptor_base.hpp:13[m[K,
                 from [01m[K/home/cthornton/data/local/college/research/arl/code/sims/airsim/catkin_ws/src/airsim_ros_pkgs/../../../AirSim/external/rpclib/rpclib-2.2.1/include/rpc/msgpack/v1/object_decl.hpp:16[m[K,
                 from [01m[K/home/cthornton/data/local/college/research/arl/code/sims/airsim/catkin_ws/src/airsim_ros_pkgs/../../../AirSim/external/rpclib/rpclib-2.2.1/include/rpc/msgpack/object_decl.hpp:14[m[K,
                 from [01m[K/home/cthornton/data/local/college/research/arl/code/sims/airsim/catkin_ws/src/airsim_ros_pkgs/../../../AirSim/external/rpclib/rpclib-2.2.1/include/rpc/msgpack/object.hpp:13[m[K,
                 from [01m[K/home/cthornton/data/local/college/research/arl/code/sims/airsim/catkin_ws/src/airsim_ros_pkgs/../../../AirSim/external/rpclib/rpclib-2.2.1/include/rpc/msgpack.hpp:23[m[K,
                 from [01m[K/home/cthornton/data/local/college/research/arl/code/sims/airsim/catkin_ws/src/airsim_ros_pkgs/../../../AirSim/external/rpclib/rpclib-2.2.1/include/rpc/server.h:7[m[K,
                 from [01m[K/home/cthornton/data/local/college/research/arl/code/sims/airsim/AirSim/AirLib/src/vehicles/car/api/CarRpcLibServer.cpp:25[m[K:
[01m[K/home/cthornton/data/local/college/research/arl/code/sims/airsim/catkin_ws/src/airsim_ros_pkgs/../../../AirSim/external/rpclib/rpclib-2.2.1/include/rpc/msgpack/v2/object_fwd.hpp:23:8:[m[K [01;36m[Knote: [m[K‘[01m[Kstruct clmdep_msgpack::v2::object[m[K’ declared here
 struct [01;36m[Kobject[m[K : v1::object {
        [01;36m[K^~~~~~[m[K
In file included from [01m[K/home/cthornton/data/local/college/research/arl/code/sims/airsim/catkin_ws/src/airsim_ros_pkgs/../../../AirSim/external/rpclib/rpclib-2.2.1/include/rpc/msgpack/object.hpp:15[m[K,
                 from [01m[K/home/cthornton/data/local/college/research/arl/code/sims/airsim/catkin_ws/src/airsim_ros_pkgs/../../../AirSim/external/rpclib/rpclib-2.2.1/include/rpc/msgpack.hpp:23[m[K,
                 from [01m[K/home/cthornton/data/local/college/research/arl/code/sims/airsim/catkin_ws/src/airsim_ros_pkgs/../../../AirSim/external/rpclib/rpclib-2.2.1/include/rpc/client.h:11[m[K,
                 from [01m[K/home/cthornton/data/local/college/research/arl/code/sims/airsim/AirSim/AirLib/src/vehicles/multirotor/api/MultirotorRpcLibClient.cpp:27[m[K:
[01m[K/home/cthornton/data/local/college/research/arl/code/sims/airsim/catkin_ws/src/airsim_ros_pkgs/../../../AirSim/external/rpclib/rpclib-2.2.1/include/rpc/msgpack/v1/object.hpp:[m[K In function ‘[01m[Kvoid clmdep_msgpack::v1::operator<<(clmdep_msgpack::v2::object&, const msgpack_object&)[m[K’:
[01m[K/home/cthornton/data/local/college/research/arl/code/sims/airsim/catkin_ws/src/airsim_ros_pkgs/../../../AirSim/external/rpclib/rpclib-2.2.1/include/rpc/msgpack/v1/object.hpp:656:34:[m[K [01;35m[Kwarning: [m[K‘[01m[Kvoid* memcpy(void*, const void*, size_t)[m[K’ copying an object of non-trivial type ‘[01m[Kstruct clmdep_msgpack::v2::object[m[K’ from an array of ‘[01m[Kconst msgpack_object[m[K’ {aka ‘[01m[Kconst struct msgpack_object[m[K’} [[01;35m[K-Wclass-memaccess[m[K]
     std::memcpy(&o, &v, sizeof(v)[01;35m[K)[m[K;
                                  [01;35m[K^[m[K
In file included from [01m[K/home/cthornton/data/local/college/research/arl/code/sims/airsim/catkin_ws/src/airsim_ros_pkgs/../../../AirSim/external/rpclib/rpclib-2.2.1/include/rpc/msgpack/object_fwd.hpp:17[m[K,
                 from [01m[K/home/cthornton/data/local/college/research/arl/code/sims/airsim/catkin_ws/src/airsim_ros_pkgs/../../../AirSim/external/rpclib/rpclib-2.2.1/include/rpc/msgpack/v1/adaptor/adaptor_base_decl.hpp:14[m[K,
                 from [01m[K/home/cthornton/data/local/college/research/arl/code/sims/airsim/catkin_ws/src/airsim_ros_pkgs/../../../AirSim/external/rpclib/rpclib-2.2.1/include/rpc/msgpack/adaptor/adaptor_base_decl.hpp:13[m[K,
                 from [01m[K/home/cthornton/data/local/college/research/arl/code/sims/airsim/catkin_ws/src/airsim_ros_pkgs/../../../AirSim/external/rpclib/rpclib-2.2.1/include/rpc/msgpack/adaptor/adaptor_base.hpp:13[m[K,
                 from [01m[K/home/cthornton/data/local/college/research/arl/code/sims/airsim/catkin_ws/src/airsim_ros_pkgs/../../../AirSim/external/rpclib/rpclib-2.2.1/include/rpc/msgpack/v1/object_decl.hpp:16[m[K,
                 from [01m[K/home/cthornton/data/local/college/research/arl/code/sims/airsim/catkin_ws/src/airsim_ros_pkgs/../../../AirSim/external/rpclib/rpclib-2.2.1/include/rpc/msgpack/object_decl.hpp:14[m[K,
                 from [01m[K/home/cthornton/data/local/college/research/arl/code/sims/airsim/catkin_ws/src/airsim_ros_pkgs/../../../AirSim/external/rpclib/rpclib-2.2.1/include/rpc/msgpack/object.hpp:13[m[K,
                 from [01m[K/home/cthornton/data/local/college/research/arl/code/sims/airsim/catkin_ws/src/airsim_ros_pkgs/../../../AirSim/external/rpclib/rpclib-2.2.1/include/rpc/msgpack.hpp:23[m[K,
                 from [01m[K/home/cthornton/data/local/college/research/arl/code/sims/airsim/catkin_ws/src/airsim_ros_pkgs/../../../AirSim/external/rpclib/rpclib-2.2.1/include/rpc/client.h:11[m[K,
                 from [01m[K/home/cthornton/data/local/college/research/arl/code/sims/airsim/AirSim/AirLib/src/vehicles/multirotor/api/MultirotorRpcLibClient.cpp:27[m[K:
[01m[K/home/cthornton/data/local/college/research/arl/code/sims/airsim/catkin_ws/src/airsim_ros_pkgs/../../../AirSim/external/rpclib/rpclib-2.2.1/include/rpc/msgpack/v2/object_fwd.hpp:23:8:[m[K [01;36m[Knote: [m[K‘[01m[Kstruct clmdep_msgpack::v2::object[m[K’ declared here
 struct [01;36m[Kobject[m[K : v1::object {
        [01;36m[K^~~~~~[m[K
In file included from [01m[K/home/cthornton/data/local/college/research/arl/code/sims/airsim/catkin_ws/src/airsim_ros_pkgs/../../../AirSim/external/rpclib/rpclib-2.2.1/include/rpc/msgpack/object.hpp:15[m[K,
                 from [01m[K/home/cthornton/data/local/college/research/arl/code/sims/airsim/catkin_ws/src/airsim_ros_pkgs/../../../AirSim/external/rpclib/rpclib-2.2.1/include/rpc/msgpack.hpp:23[m[K,
                 from [01m[K/home/cthornton/data/local/college/research/arl/code/sims/airsim/catkin_ws/src/airsim_ros_pkgs/../../../AirSim/external/rpclib/rpclib-2.2.1/include/rpc/server.h:7[m[K,
                 from [01m[K/home/cthornton/data/local/college/research/arl/code/sims/airsim/AirSim/AirLib/src/vehicles/multirotor/api/MultirotorRpcLibServer.cpp:25[m[K:
[01m[K/home/cthornton/data/local/college/research/arl/code/sims/airsim/catkin_ws/src/airsim_ros_pkgs/../../../AirSim/external/rpclib/rpclib-2.2.1/include/rpc/msgpack/v1/object.hpp:[m[K In function ‘[01m[Kvoid clmdep_msgpack::v1::operator<<(clmdep_msgpack::v2::object&, const msgpack_object&)[m[K’:
[01m[K/home/cthornton/data/local/college/research/arl/code/sims/airsim/catkin_ws/src/airsim_ros_pkgs/../../../AirSim/external/rpclib/rpclib-2.2.1/include/rpc/msgpack/v1/object.hpp:656:34:[m[K [01;35m[Kwarning: [m[K‘[01m[Kvoid* memcpy(void*, const void*, size_t)[m[K’ copying an object of non-trivial type ‘[01m[Kstruct clmdep_msgpack::v2::object[m[K’ from an array of ‘[01m[Kconst msgpack_object[m[K’ {aka ‘[01m[Kconst struct msgpack_object[m[K’} [[01;35m[K-Wclass-memaccess[m[K]
     std::memcpy(&o, &v, sizeof(v)[01;35m[K)[m[K;
                                  [01;35m[K^[m[K
In file included from [01m[K/home/cthornton/data/local/college/research/arl/code/sims/airsim/catkin_ws/src/airsim_ros_pkgs/../../../AirSim/external/rpclib/rpclib-2.2.1/include/rpc/msgpack/object_fwd.hpp:17[m[K,
                 from [01m[K/home/cthornton/data/local/college/research/arl/code/sims/airsim/catkin_ws/src/airsim_ros_pkgs/../../../AirSim/external/rpclib/rpclib-2.2.1/include/rpc/msgpack/v1/adaptor/adaptor_base_decl.hpp:14[m[K,
                 from [01m[K/home/cthornton/data/local/college/research/arl/code/sims/airsim/catkin_ws/src/airsim_ros_pkgs/../../../AirSim/external/rpclib/rpclib-2.2.1/include/rpc/msgpack/adaptor/adaptor_base_decl.hpp:13[m[K,
                 from [01m[K/home/cthornton/data/local/college/research/arl/code/sims/airsim/catkin_ws/src/airsim_ros_pkgs/../../../AirSim/external/rpclib/rpclib-2.2.1/include/rpc/msgpack/adaptor/adaptor_base.hpp:13[m[K,
                 from [01m[K/home/cthornton/data/local/college/research/arl/code/sims/airsim/catkin_ws/src/airsim_ros_pkgs/../../../AirSim/external/rpclib/rpclib-2.2.1/include/rpc/msgpack/v1/object_decl.hpp:16[m[K,
                 from [01m[K/home/cthornton/data/local/college/research/arl/code/sims/airsim/catkin_ws/src/airsim_ros_pkgs/../../../AirSim/external/rpclib/rpclib-2.2.1/include/rpc/msgpack/object_decl.hpp:14[m[K,
                 from [01m[K/home/cthornton/data/local/college/research/arl/code/sims/airsim/catkin_ws/src/airsim_ros_pkgs/../../../AirSim/external/rpclib/rpclib-2.2.1/include/rpc/msgpack/object.hpp:13[m[K,
                 from [01m[K/home/cthornton/data/local/college/research/arl/code/sims/airsim/catkin_ws/src/airsim_ros_pkgs/../../../AirSim/external/rpclib/rpclib-2.2.1/include/rpc/msgpack.hpp:23[m[K,
                 from [01m[K/home/cthornton/data/local/college/research/arl/code/sims/airsim/catkin_ws/src/airsim_ros_pkgs/../../../AirSim/external/rpclib/rpclib-2.2.1/include/rpc/server.h:7[m[K,
                 from [01m[K/home/cthornton/data/local/college/research/arl/code/sims/airsim/AirSim/AirLib/src/vehicles/multirotor/api/MultirotorRpcLibServer.cpp:25[m[K:
[01m[K/home/cthornton/data/local/college/research/arl/code/sims/airsim/catkin_ws/src/airsim_ros_pkgs/../../../AirSim/external/rpclib/rpclib-2.2.1/include/rpc/msgpack/v2/object_fwd.hpp:23:8:[m[K [01;36m[Knote: [m[K‘[01m[Kstruct clmdep_msgpack::v2::object[m[K’ declared here
 struct [01;36m[Kobject[m[K : v1::object {
        [01;36m[K^~~~~~[m[K
