[35m[1mScanning dependencies of target _airsim_ros_pkgs_generate_messages_check_deps_Reset[0m
[35m[1mScanning dependencies of target _airsim_ros_pkgs_generate_messages_check_deps_GPSYaw[0m
[35m[1mScanning dependencies of target _airsim_ros_pkgs_generate_messages_check_deps_VelCmd[0m
[35m[1mScanning dependencies of target _airsim_ros_pkgs_generate_messages_check_deps_Takeoff[0m
[35m[1mScanning dependencies of target _airsim_ros_pkgs_generate_messages_check_deps_LandGroup[0m
[35m[1mScanning dependencies of target actionlib_msgs_generate_messages_lisp[0m
[35m[1mScanning dependencies of target _airsim_ros_pkgs_generate_messages_check_deps_GimbalAngleEulerCmd[0m
[  0%] Built target actionlib_msgs_generate_messages_lisp
[  1%] [32mBuilding CXX object MavLinkCom/CMakeFiles/MavLinkCom.dir/home/cthornton/projects/arl/sims/airsim/AirSim/MavLinkCom/common_utils/FileSystem.cpp.o[0m
[  2%] [32mBuilding CXX object MavLinkCom/CMakeFiles/MavLinkCom.dir/home/cthornton/projects/arl/sims/airsim/AirSim/MavLinkCom/common_utils/ThreadUtils.cpp.o[0m
[  2%] Built target _airsim_ros_pkgs_generate_messages_check_deps_GPSYaw
[  2%] Built target _airsim_ros_pkgs_generate_messages_check_deps_LandGroup
[  2%] Built target _airsim_ros_pkgs_generate_messages_check_deps_Takeoff
[  2%] Built target _airsim_ros_pkgs_generate_messages_check_deps_Reset
[  3%] Built target _airsim_ros_pkgs_generate_messages_check_deps_VelCmd
[  3%] [32mBuilding CXX object MavLinkCom/CMakeFiles/MavLinkCom.dir/home/cthornton/projects/arl/sims/airsim/AirSim/MavLinkCom/src/AdHocConnection.cpp.o[0m
[  3%] [32mBuilding CXX object MavLinkCom/CMakeFiles/MavLinkCom.dir/home/cthornton/projects/arl/sims/airsim/AirSim/MavLinkCom/src/MavLinkConnection.cpp.o[0m
[  3%] Built target _airsim_ros_pkgs_generate_messages_check_deps_GimbalAngleEulerCmd
[  3%] [32mBuilding CXX object MavLinkCom/CMakeFiles/MavLinkCom.dir/home/cthornton/projects/arl/sims/airsim/AirSim/MavLinkCom/src/MavLinkFtpClient.cpp.o[0m
[35m[1mScanning dependencies of target _airsim_ros_pkgs_generate_messages_check_deps_TakeoffGroup[0m
[35m[1mScanning dependencies of target std_msgs_generate_messages_py[0m
[35m[1mScanning dependencies of target _airsim_ros_pkgs_generate_messages_check_deps_VelCmdGroup[0m
[  3%] Built target std_msgs_generate_messages_py
[  3%] Built target _airsim_ros_pkgs_generate_messages_check_deps_TakeoffGroup
[  3%] Built target _airsim_ros_pkgs_generate_messages_check_deps_VelCmdGroup
[35m[1mScanning dependencies of target _airsim_ros_pkgs_generate_messages_check_deps_Land[0m
[  4%] [32mBuilding CXX object MavLinkCom/CMakeFiles/MavLinkCom.dir/home/cthornton/projects/arl/sims/airsim/AirSim/MavLinkCom/src/MavLinkLog.cpp.o[0m
[  5%] [32mBuilding CXX object MavLinkCom/CMakeFiles/MavLinkCom.dir/home/cthornton/projects/arl/sims/airsim/AirSim/MavLinkCom/src/MavLinkMessageBase.cpp.o[0m
[  5%] Built target _airsim_ros_pkgs_generate_messages_check_deps_Land
[35m[1mScanning dependencies of target _airsim_ros_pkgs_generate_messages_check_deps_GimbalAngleQuatCmd[0m
[  5%] Built target _airsim_ros_pkgs_generate_messages_check_deps_GimbalAngleQuatCmd
[35m[1mScanning dependencies of target geometry_msgs_generate_messages_py[0m
[  5%] Built target geometry_msgs_generate_messages_py
[35m[1mScanning dependencies of target _airsim_ros_pkgs_generate_messages_check_deps_SetLocalPosition[0m
[  5%] Built target _airsim_ros_pkgs_generate_messages_check_deps_SetLocalPosition
[35m[1mScanning dependencies of target geographic_msgs_generate_messages_py[0m
[  5%] Built target geographic_msgs_generate_messages_py
[35m[1mScanning dependencies of target _airsim_ros_pkgs_generate_messages_check_deps_SetGPSPosition[0m
[  5%] Built target _airsim_ros_pkgs_generate_messages_check_deps_SetGPSPosition
[35m[1mScanning dependencies of target _airsim_ros_pkgs_generate_messages_check_deps_Environment[0m
[  5%] Built target _airsim_ros_pkgs_generate_messages_check_deps_Environment
[35m[1mScanning dependencies of target _airsim_ros_pkgs_generate_messages_check_deps_CarControls[0m
[  5%] [32mBuilding CXX object MavLinkCom/CMakeFiles/MavLinkCom.dir/home/cthornton/projects/arl/sims/airsim/AirSim/MavLinkCom/src/MavLinkMessages.cpp.o[0m
[  5%] Built target _airsim_ros_pkgs_generate_messages_check_deps_CarControls
[35m[1mScanning dependencies of target _airsim_ros_pkgs_generate_messages_check_deps_Altimeter[0m
[  5%] Built target _airsim_ros_pkgs_generate_messages_check_deps_Altimeter
[35m[1mScanning dependencies of target _airsim_ros_pkgs_generate_messages_check_deps_CarState[0m
[  5%] Built target _airsim_ros_pkgs_generate_messages_check_deps_CarState
[35m[1mScanning dependencies of target geographic_msgs_generate_messages_lisp[0m
[  5%] Built target geographic_msgs_generate_messages_lisp
[35m[1mScanning dependencies of target geometry_msgs_generate_messages_lisp[0m
[  5%] Built target geometry_msgs_generate_messages_lisp
[35m[1mScanning dependencies of target std_msgs_generate_messages_lisp[0m
[  5%] Built target std_msgs_generate_messages_lisp
[35m[1mScanning dependencies of target geometry_msgs_generate_messages_eus[0m
[  5%] Built target geometry_msgs_generate_messages_eus
[35m[1mScanning dependencies of target std_msgs_generate_messages_eus[0m
[  5%] Built target std_msgs_generate_messages_eus
[35m[1mScanning dependencies of target geographic_msgs_generate_messages_eus[0m
[  5%] Built target geographic_msgs_generate_messages_eus
[35m[1mScanning dependencies of target geographic_msgs_generate_messages_cpp[0m
[  5%] Built target geographic_msgs_generate_messages_cpp
[35m[1mScanning dependencies of target std_msgs_generate_messages_nodejs[0m
[  5%] Built target std_msgs_generate_messages_nodejs
[  6%] [32mBuilding CXX object MavLinkCom/CMakeFiles/MavLinkCom.dir/home/cthornton/projects/arl/sims/airsim/AirSim/MavLinkCom/src/MavLinkNode.cpp.o[0m
[  6%] [32mBuilding CXX object MavLinkCom/CMakeFiles/MavLinkCom.dir/home/cthornton/projects/arl/sims/airsim/AirSim/MavLinkCom/src/MavLinkTcpServer.cpp.o[0m
[  7%] [32mBuilding CXX object MavLinkCom/CMakeFiles/MavLinkCom.dir/home/cthornton/projects/arl/sims/airsim/AirSim/MavLinkCom/src/MavLinkVehicle.cpp.o[0m
[  8%] [32mBuilding CXX object MavLinkCom/CMakeFiles/MavLinkCom.dir/home/cthornton/projects/arl/sims/airsim/AirSim/MavLinkCom/src/MavLinkVideoStream.cpp.o[0m
[  8%] [32mBuilding CXX object MavLinkCom/CMakeFiles/MavLinkCom.dir/home/cthornton/projects/arl/sims/airsim/AirSim/MavLinkCom/src/Semaphore.cpp.o[0m
[  9%] [32mBuilding CXX object MavLinkCom/CMakeFiles/MavLinkCom.dir/home/cthornton/projects/arl/sims/airsim/AirSim/MavLinkCom/src/UdpSocket.cpp.o[0m
[ 10%] [32mBuilding CXX object MavLinkCom/CMakeFiles/MavLinkCom.dir/home/cthornton/projects/arl/sims/airsim/AirSim/MavLinkCom/src/impl/AdHocConnectionImpl.cpp.o[0m
[ 10%] [32mBuilding CXX object MavLinkCom/CMakeFiles/MavLinkCom.dir/home/cthornton/projects/arl/sims/airsim/AirSim/MavLinkCom/src/impl/MavLinkConnectionImpl.cpp.o[0m
[ 11%] [32mBuilding CXX object MavLinkCom/CMakeFiles/MavLinkCom.dir/home/cthornton/projects/arl/sims/airsim/AirSim/MavLinkCom/src/impl/MavLinkFtpClientImpl.cpp.o[0m
[ 11%] [32mBuilding CXX object MavLinkCom/CMakeFiles/MavLinkCom.dir/home/cthornton/projects/arl/sims/airsim/AirSim/MavLinkCom/src/impl/MavLinkNodeImpl.cpp.o[0m
[ 12%] [32mBuilding CXX object MavLinkCom/CMakeFiles/MavLinkCom.dir/home/cthornton/projects/arl/sims/airsim/AirSim/MavLinkCom/src/impl/MavLinkTcpServerImpl.cpp.o[0m
[ 13%] [32mBuilding CXX object MavLinkCom/CMakeFiles/MavLinkCom.dir/home/cthornton/projects/arl/sims/airsim/AirSim/MavLinkCom/src/impl/MavLinkVehicleImpl.cpp.o[0m
[ 13%] [32mBuilding CXX object MavLinkCom/CMakeFiles/MavLinkCom.dir/home/cthornton/projects/arl/sims/airsim/AirSim/MavLinkCom/src/impl/MavLinkVideoStreamImpl.cpp.o[0m
[ 14%] [32mBuilding CXX object MavLinkCom/CMakeFiles/MavLinkCom.dir/home/cthornton/projects/arl/sims/airsim/AirSim/MavLinkCom/src/impl/UdpSocketImpl.cpp.o[0m
[ 14%] [32mBuilding CXX object MavLinkCom/CMakeFiles/MavLinkCom.dir/home/cthornton/projects/arl/sims/airsim/AirSim/MavLinkCom/src/serial_com/SerialPort.cpp.o[0m
[ 15%] [32mBuilding CXX object MavLinkCom/CMakeFiles/MavLinkCom.dir/home/cthornton/projects/arl/sims/airsim/AirSim/MavLinkCom/src/serial_com/TcpClientPort.cpp.o[0m
[ 17%] [32mBuilding CXX object MavLinkCom/CMakeFiles/MavLinkCom.dir/home/cthornton/projects/arl/sims/airsim/AirSim/MavLinkCom/src/serial_com/UdpClientPort.cpp.o[0m
[ 17%] [32mBuilding CXX object MavLinkCom/CMakeFiles/MavLinkCom.dir/home/cthornton/projects/arl/sims/airsim/AirSim/MavLinkCom/src/serial_com/SocketInit.cpp.o[0m
[ 18%] [32mBuilding CXX object MavLinkCom/CMakeFiles/MavLinkCom.dir/home/cthornton/projects/arl/sims/airsim/AirSim/MavLinkCom/src/serial_com/wifi.cpp.o[0m
[ 19%] [32mBuilding CXX object MavLinkCom/CMakeFiles/MavLinkCom.dir/home/cthornton/projects/arl/sims/airsim/AirSim/MavLinkCom/src/impl/linux/MavLinkFindSerialPorts.cpp.o[0m
[35m[1mScanning dependencies of target geometry_msgs_generate_messages_nodejs[0m
[ 19%] Built target geometry_msgs_generate_messages_nodejs
[35m[1mScanning dependencies of target geographic_msgs_generate_messages_nodejs[0m
[ 19%] Built target geographic_msgs_generate_messages_nodejs
[35m[1mScanning dependencies of target mavros_msgs_generate_messages_py[0m
[ 19%] Built target mavros_msgs_generate_messages_py
[35m[1mScanning dependencies of target rosgraph_msgs_generate_messages_lisp[0m
[ 19%] Built target rosgraph_msgs_generate_messages_lisp
[35m[1mScanning dependencies of target rosgraph_msgs_generate_messages_eus[0m
[ 19%] Built target rosgraph_msgs_generate_messages_eus
[35m[1mScanning dependencies of target rosgraph_msgs_generate_messages_cpp[0m
[ 19%] Built target rosgraph_msgs_generate_messages_cpp
[35m[1mScanning dependencies of target mavros_msgs_generate_messages_cpp[0m
[35m[1mScanning dependencies of target std_msgs_generate_messages_cpp[0m
[ 19%] Built target mavros_msgs_generate_messages_cpp
[ 19%] Built target std_msgs_generate_messages_cpp
[35m[1mScanning dependencies of target geometry_msgs_generate_messages_cpp[0m
[35m[1mScanning dependencies of target rosgraph_msgs_generate_messages_nodejs[0m
[ 19%] Built target geometry_msgs_generate_messages_cpp
[ 19%] Built target rosgraph_msgs_generate_messages_nodejs
[35m[1mScanning dependencies of target mavros_msgs_generate_messages_eus[0m
[35m[1mScanning dependencies of target nav_msgs_generate_messages_cpp[0m
[ 19%] Built target mavros_msgs_generate_messages_eus
[ 19%] Built target nav_msgs_generate_messages_cpp
[35m[1mScanning dependencies of target sensor_msgs_generate_messages_lisp[0m
[35m[1mScanning dependencies of target std_srvs_generate_messages_eus[0m
[ 19%] Built target sensor_msgs_generate_messages_lisp
[ 19%] Built target std_srvs_generate_messages_eus
[35m[1mScanning dependencies of target roscpp_generate_messages_lisp[0m
[35m[1mScanning dependencies of target uuid_msgs_generate_messages_lisp[0m
[35m[1mScanning dependencies of target mavros_msgs_generate_messages_nodejs[0m
[ 19%] Built target roscpp_generate_messages_lisp
[ 19%] Built target uuid_msgs_generate_messages_lisp
[ 19%] Built target mavros_msgs_generate_messages_nodejs
[35m[1mScanning dependencies of target actionlib_msgs_generate_messages_nodejs[0m
[35m[1mScanning dependencies of target uuid_msgs_generate_messages_py[0m
[35m[1mScanning dependencies of target nav_msgs_generate_messages_nodejs[0m
[ 19%] Built target actionlib_msgs_generate_messages_nodejs
[ 19%] Built target uuid_msgs_generate_messages_py
[ 19%] Built target nav_msgs_generate_messages_nodejs
[35m[1mScanning dependencies of target roscpp_generate_messages_py[0m
[35m[1mScanning dependencies of target sensor_msgs_generate_messages_nodejs[0m
[ 19%] Built target roscpp_generate_messages_py
[35m[1mScanning dependencies of target actionlib_generate_messages_cpp[0m
[ 19%] Built target sensor_msgs_generate_messages_nodejs
[35m[1mScanning dependencies of target sensor_msgs_generate_messages_py[0m
[ 19%] Built target actionlib_generate_messages_cpp
[35m[1mScanning dependencies of target roscpp_generate_messages_nodejs[0m
[ 19%] Built target sensor_msgs_generate_messages_py
[ 19%] Built target roscpp_generate_messages_nodejs
[35m[1mScanning dependencies of target mavros_msgs_generate_messages_lisp[0m
[35m[1mScanning dependencies of target sensor_msgs_generate_messages_cpp[0m
[35m[1mScanning dependencies of target actionlib_generate_messages_nodejs[0m
[35m[1mScanning dependencies of target sensor_msgs_generate_messages_eus[0m
[ 19%] Built target mavros_msgs_generate_messages_lisp
[ 19%] Built target sensor_msgs_generate_messages_cpp
[ 19%] Built target sensor_msgs_generate_messages_eus
[ 19%] Built target actionlib_generate_messages_nodejs
[35m[1mScanning dependencies of target roscpp_generate_messages_cpp[0m
[35m[1mScanning dependencies of target uuid_msgs_generate_messages_eus[0m
[35m[1mScanning dependencies of target uuid_msgs_generate_messages_cpp[0m
[35m[1mScanning dependencies of target uuid_msgs_generate_messages_nodejs[0m
[ 19%] Built target roscpp_generate_messages_cpp
[ 19%] Built target uuid_msgs_generate_messages_eus
[ 19%] Built target uuid_msgs_generate_messages_cpp
[ 19%] Built target uuid_msgs_generate_messages_nodejs
[35m[1mScanning dependencies of target nav_msgs_generate_messages_lisp[0m
[35m[1mScanning dependencies of target roscpp_generate_messages_eus[0m
[35m[1mScanning dependencies of target actionlib_msgs_generate_messages_cpp[0m
[35m[1mScanning dependencies of target std_srvs_generate_messages_cpp[0m
[ 19%] Built target nav_msgs_generate_messages_lisp
[ 19%] Built target actionlib_msgs_generate_messages_cpp
[ 19%] Built target roscpp_generate_messages_eus
[ 19%] Built target std_srvs_generate_messages_cpp
[35m[1mScanning dependencies of target rosgraph_msgs_generate_messages_py[0m
[35m[1mScanning dependencies of target actionlib_msgs_generate_messages_eus[0m
[35m[1mScanning dependencies of target actionlib_msgs_generate_messages_py[0m
[35m[1mScanning dependencies of target std_srvs_generate_messages_lisp[0m
[ 19%] Built target rosgraph_msgs_generate_messages_py
[ 19%] Built target actionlib_msgs_generate_messages_eus
[ 19%] Built target actionlib_msgs_generate_messages_py
[ 19%] Built target std_srvs_generate_messages_lisp
[35m[1mScanning dependencies of target actionlib_generate_messages_lisp[0m
[35m[1mScanning dependencies of target std_srvs_generate_messages_nodejs[0m
[35m[1mScanning dependencies of target std_srvs_generate_messages_py[0m
[35m[1mScanning dependencies of target tf2_msgs_generate_messages_cpp[0m
[ 19%] Built target actionlib_generate_messages_lisp
[ 19%] Built target std_srvs_generate_messages_nodejs
[ 19%] Built target std_srvs_generate_messages_py
[ 19%] Built target tf2_msgs_generate_messages_cpp
[35m[1mScanning dependencies of target tf2_msgs_generate_messages_eus[0m
[35m[1mScanning dependencies of target nav_msgs_generate_messages_eus[0m
[ 19%] Built target tf2_msgs_generate_messages_eus
[35m[1mScanning dependencies of target nav_msgs_generate_messages_py[0m
[35m[1mScanning dependencies of target tf2_msgs_generate_messages_lisp[0m
[ 19%] Built target nav_msgs_generate_messages_eus
[35m[1mScanning dependencies of target tf2_msgs_generate_messages_nodejs[0m
[ 19%] Built target nav_msgs_generate_messages_py
[ 19%] Built target tf2_msgs_generate_messages_lisp
[35m[1mScanning dependencies of target actionlib_generate_messages_eus[0m
[ 19%] Built target tf2_msgs_generate_messages_nodejs
[35m[1mScanning dependencies of target actionlib_generate_messages_py[0m
[35m[1mScanning dependencies of target tf2_msgs_generate_messages_py[0m
[ 19%] Built target actionlib_generate_messages_eus
[ 19%] Built target tf2_msgs_generate_messages_py
[ 19%] Built target actionlib_generate_messages_py
[35m[1mScanning dependencies of target airsim_ros_pkgs_generate_messages_py[0m
[35m[1mScanning dependencies of target airsim_ros_pkgs_generate_messages_lisp[0m
[35m[1mScanning dependencies of target airsim_ros_pkgs_generate_messages_eus[0m
[ 20%] [34m[1mGenerating Python from MSG airsim_ros_pkgs/Altimeter[0m
[ 20%] [34m[1mGenerating Lisp code from airsim_ros_pkgs/Altimeter.msg[0m
[ 21%] [34m[1mGenerating EusLisp code from airsim_ros_pkgs/Altimeter.msg[0m
[ 22%] [34m[1mGenerating Lisp code from airsim_ros_pkgs/CarControls.msg[0m
[ 22%] [34m[1mGenerating EusLisp code from airsim_ros_pkgs/CarControls.msg[0m
[ 22%] [32mBuilding CXX object rpclib_wrapper/rpclib/CMakeFiles/rpc.dir/lib/rpc/dispatcher.cc.o[0m
[ 22%] [34m[1mGenerating Lisp code from airsim_ros_pkgs/Environment.msg[0m
[ 22%] [34m[1mGenerating Python from MSG airsim_ros_pkgs/CarControls[0m
[35m[1mScanning dependencies of target airsim_ros_pkgs_generate_messages_nodejs[0m
[ 23%] [34m[1mGenerating Javascript code from airsim_ros_pkgs/Altimeter.msg[0m
[ 24%] [34m[1mGenerating Lisp code from airsim_ros_pkgs/CarState.msg[0m
[ 25%] [34m[1mGenerating EusLisp code from airsim_ros_pkgs/Environment.msg[0m
[ 26%] [34m[1mGenerating Javascript code from airsim_ros_pkgs/CarControls.msg[0m
[ 27%] [34m[1mGenerating Python from MSG airsim_ros_pkgs/Environment[0m
[ 28%] [34m[1mGenerating Lisp code from airsim_ros_pkgs/VelCmd.msg[0m
[ 28%] [34m[1mGenerating Javascript code from airsim_ros_pkgs/Environment.msg[0m
[ 28%] [34m[1mGenerating EusLisp code from airsim_ros_pkgs/CarState.msg[0m
[ 29%] [34m[1mGenerating EusLisp code from airsim_ros_pkgs/VelCmd.msg[0m
[ 29%] [34m[1mGenerating Lisp code from airsim_ros_pkgs/GimbalAngleQuatCmd.msg[0m
[ 30%] [34m[1mGenerating Lisp code from airsim_ros_pkgs/GPSYaw.msg[0m
[ 31%] [34m[1mGenerating Javascript code from airsim_ros_pkgs/CarState.msg[0m
[ 31%] [34m[1mGenerating Lisp code from airsim_ros_pkgs/GimbalAngleEulerCmd.msg[0m
[ 32%] [34m[1mGenerating Python from MSG airsim_ros_pkgs/CarState[0m
[ 34%] [34m[1mGenerating Python from MSG airsim_ros_pkgs/VelCmd[0m
[ 34%] [34m[1mGenerating EusLisp code from airsim_ros_pkgs/GimbalAngleQuatCmd.msg[0m
[ 35%] [32mBuilding CXX object rpclib_wrapper/rpclib/CMakeFiles/rpc.dir/lib/rpc/server.cc.o[0m
[ 35%] [34m[1mGenerating Javascript code from airsim_ros_pkgs/VelCmd.msg[0m
[ 36%] [34m[1mGenerating Lisp code from airsim_ros_pkgs/VelCmdGroup.msg[0m
[ 37%] [34m[1mGenerating Javascript code from airsim_ros_pkgs/GimbalAngleQuatCmd.msg[0m
[ 38%] [34m[1mGenerating Lisp code from airsim_ros_pkgs/SetGPSPosition.srv[0m
[ 38%] [34m[1mGenerating EusLisp code from airsim_ros_pkgs/GPSYaw.msg[0m
[ 39%] [34m[1mGenerating EusLisp code from airsim_ros_pkgs/GimbalAngleEulerCmd.msg[0m
[ 40%] [34m[1mGenerating Javascript code from airsim_ros_pkgs/GPSYaw.msg[0m
[ 41%] [34m[1mGenerating Python from MSG airsim_ros_pkgs/GimbalAngleQuatCmd[0m
[ 41%] [34m[1mGenerating Lisp code from airsim_ros_pkgs/Reset.srv[0m
[ 41%] [34m[1mGenerating Javascript code from airsim_ros_pkgs/GimbalAngleEulerCmd.msg[0m
[ 42%] [34m[1mGenerating Lisp code from airsim_ros_pkgs/TakeoffGroup.srv[0m
[ 43%] [34m[1mGenerating Lisp code from airsim_ros_pkgs/Takeoff.srv[0m
[ 44%] [34m[1mGenerating EusLisp code from airsim_ros_pkgs/VelCmdGroup.msg[0m
[ 45%] [34m[1mGenerating Javascript code from airsim_ros_pkgs/VelCmdGroup.msg[0m
[ 46%] [34m[1mGenerating Javascript code from airsim_ros_pkgs/SetGPSPosition.srv[0m
[ 46%] [34m[1mGenerating Lisp code from airsim_ros_pkgs/SetLocalPosition.srv[0m
[ 47%] [34m[1mGenerating Python from MSG airsim_ros_pkgs/GPSYaw[0m
[ 47%] [34m[1mGenerating Python from MSG airsim_ros_pkgs/GimbalAngleEulerCmd[0m
[ 47%] [34m[1mGenerating Javascript code from airsim_ros_pkgs/Reset.srv[0m
[ 47%] [34m[1mGenerating EusLisp code from airsim_ros_pkgs/SetGPSPosition.srv[0m
[ 48%] [34m[1mGenerating Lisp code from airsim_ros_pkgs/Land.srv[0m
[ 50%] [34m[1mGenerating Javascript code from airsim_ros_pkgs/TakeoffGroup.srv[0m
[ 50%] [34m[1mGenerating Lisp code from airsim_ros_pkgs/LandGroup.srv[0m
[ 51%] [34m[1mGenerating EusLisp code from airsim_ros_pkgs/Reset.srv[0m
[ 51%] [34m[1mGenerating Javascript code from airsim_ros_pkgs/Takeoff.srv[0m
[ 52%] [34m[1mGenerating Javascript code from airsim_ros_pkgs/SetLocalPosition.srv[0m
[ 52%] Built target airsim_ros_pkgs_generate_messages_lisp
In file included from [01m[K/home/cthornton/projects/arl/sims/airsim/AirSim/external/rpclib/rpclib-2.2.1/include/rpc/msgpack/object.hpp:15[m[K,
                 from [01m[K/home/cthornton/projects/arl/sims/airsim/AirSim/external/rpclib/rpclib-2.2.1/include/rpc/msgpack.hpp:23[m[K,
                 from [01m[K/home/cthornton/projects/arl/sims/airsim/AirSim/external/rpclib/rpclib-2.2.1/include/rpc/dispatcher.h:12[m[K,
                 from [01m[K/home/cthornton/projects/arl/sims/airsim/AirSim/external/rpclib/rpclib-2.2.1/lib/rpc/dispatcher.cc:1[m[K:
[01m[K/home/cthornton/projects/arl/sims/airsim/AirSim/external/rpclib/rpclib-2.2.1/include/rpc/msgpack/v1/object.hpp:[m[K In function ‘[01m[Kvoid clmdep_msgpack::v1::operator<<(clmdep_msgpack::v2::object&, const msgpack_object&)[m[K’:
[01m[K/home/cthornton/projects/arl/sims/airsim/AirSim/external/rpclib/rpclib-2.2.1/include/rpc/msgpack/v1/object.hpp:656:34:[m[K [01;35m[Kwarning: [m[K‘[01m[Kvoid* memcpy(void*, const void*, size_t)[m[K’ copying an object of non-trivial type ‘[01m[Kstruct clmdep_msgpack::v2::object[m[K’ from an array of ‘[01m[Kconst msgpack_object[m[K’ {aka ‘[01m[Kconst struct msgpack_object[m[K’} [[01;35m[K-Wclass-memaccess[m[K]
     std::memcpy(&o, &v, sizeof(v)[01;35m[K)[m[K;
                                  [01;35m[K^[m[K
In file included from [01m[K/home/cthornton/projects/arl/sims/airsim/AirSim/external/rpclib/rpclib-2.2.1/include/rpc/msgpack/object_fwd.hpp:17[m[K,
                 from [01m[K/home/cthornton/projects/arl/sims/airsim/AirSim/external/rpclib/rpclib-2.2.1/include/rpc/msgpack/v1/adaptor/adaptor_base_decl.hpp:14[m[K,
                 from [01m[K/home/cthornton/projects/arl/sims/airsim/AirSim/external/rpclib/rpclib-2.2.1/include/rpc/msgpack/adaptor/adaptor_base_decl.hpp:13[m[K,
                 from [01m[K/home/cthornton/projects/arl/sims/airsim/AirSim/external/rpclib/rpclib-2.2.1/include/rpc/msgpack/adaptor/adaptor_base.hpp:13[m[K,
                 from [01m[K/home/cthornton/projects/arl/sims/airsim/AirSim/external/rpclib/rpclib-2.2.1/include/rpc/msgpack/v1/object_decl.hpp:16[m[K,
                 from [01m[K/home/cthornton/projects/arl/sims/airsim/AirSim/external/rpclib/rpclib-2.2.1/include/rpc/msgpack/object_decl.hpp:14[m[K,
                 from [01m[K/home/cthornton/projects/arl/sims/airsim/AirSim/external/rpclib/rpclib-2.2.1/include/rpc/msgpack/object.hpp:13[m[K,
                 from [01m[K/home/cthornton/projects/arl/sims/airsim/AirSim/external/rpclib/rpclib-2.2.1/include/rpc/msgpack.hpp:23[m[K,
                 from [01m[K/home/cthornton/projects/arl/sims/airsim/AirSim/external/rpclib/rpclib-2.2.1/include/rpc/dispatcher.h:12[m[K,
                 from [01m[K/home/cthornton/projects/arl/sims/airsim/AirSim/external/rpclib/rpclib-2.2.1/lib/rpc/dispatcher.cc:1[m[K:
[01m[K/home/cthornton/projects/arl/sims/airsim/AirSim/external/rpclib/rpclib-2.2.1/include/rpc/msgpack/v2/object_fwd.hpp:23:8:[m[K [01;36m[Knote: [m[K‘[01m[Kstruct clmdep_msgpack::v2::object[m[K’ declared here
 struct [01;36m[Kobject[m[K : v1::object {
        [01;36m[K^~~~~~[m[K
[ 53%] [34m[1mGenerating Python from MSG airsim_ros_pkgs/VelCmdGroup[0m
[35m[1mScanning dependencies of target airsim_ros_pkgs_generate_messages_cpp[0m
[ 54%] [34m[1mGenerating C++ code from airsim_ros_pkgs/Altimeter.msg[0m
[ 55%] [34m[1mGenerating Javascript code from airsim_ros_pkgs/Land.srv[0m
[ 55%] [34m[1mGenerating C++ code from airsim_ros_pkgs/CarControls.msg[0m
[ 55%] [34m[1mGenerating EusLisp code from airsim_ros_pkgs/TakeoffGroup.srv[0m
[ 55%] [34m[1mGenerating Javascript code from airsim_ros_pkgs/LandGroup.srv[0m
[ 55%] [34m[1mGenerating Python code from SRV airsim_ros_pkgs/SetGPSPosition[0m
[ 55%] Built target airsim_ros_pkgs_generate_messages_nodejs
[ 56%] [34m[1mGenerating Python code from SRV airsim_ros_pkgs/Reset[0m
[ 56%] [32m[1mLinking CXX static library ../output/lib/libMavLinkCom.a[0m
[ 57%] [34m[1mGenerating EusLisp code from airsim_ros_pkgs/Takeoff.srv[0m
[ 58%] [34m[1mGenerating C++ code from airsim_ros_pkgs/Environment.msg[0m
[ 59%] [34m[1mGenerating C++ code from airsim_ros_pkgs/CarState.msg[0m
[ 60%] [34m[1mGenerating EusLisp code from airsim_ros_pkgs/SetLocalPosition.srv[0m
[ 60%] [34m[1mGenerating EusLisp code from airsim_ros_pkgs/Land.srv[0m
[ 61%] [34m[1mGenerating Python code from SRV airsim_ros_pkgs/TakeoffGroup[0m
[ 61%] [34m[1mGenerating Python code from SRV airsim_ros_pkgs/Takeoff[0m
[ 62%] [34m[1mGenerating EusLisp code from airsim_ros_pkgs/LandGroup.srv[0m
In file included from [01m[K/home/cthornton/projects/arl/sims/airsim/AirSim/external/rpclib/rpclib-2.2.1/include/rpc/msgpack/object.hpp:15[m[K,
                 from [01m[K/home/cthornton/projects/arl/sims/airsim/AirSim/external/rpclib/rpclib-2.2.1/include/rpc/msgpack.hpp:23[m[K,
                 from [01m[K/home/cthornton/projects/arl/sims/airsim/AirSim/external/rpclib/rpclib-2.2.1/include/rpc/server.h:7[m[K,
                 from [01m[K/home/cthornton/projects/arl/sims/airsim/AirSim/external/rpclib/rpclib-2.2.1/lib/rpc/server.cc:1[m[K:
[01m[K/home/cthornton/projects/arl/sims/airsim/AirSim/external/rpclib/rpclib-2.2.1/include/rpc/msgpack/v1/object.hpp:[m[K In function ‘[01m[Kvoid clmdep_msgpack::v1::operator<<(clmdep_msgpack::v2::object&, const msgpack_object&)[m[K’:
[01m[K/home/cthornton/projects/arl/sims/airsim/AirSim/external/rpclib/rpclib-2.2.1/include/rpc/msgpack/v1/object.hpp:656:34:[m[K [01;35m[Kwarning: [m[K‘[01m[Kvoid* memcpy(void*, const void*, size_t)[m[K’ copying an object of non-trivial type ‘[01m[Kstruct clmdep_msgpack::v2::object[m[K’ from an array of ‘[01m[Kconst msgpack_object[m[K’ {aka ‘[01m[Kconst struct msgpack_object[m[K’} [[01;35m[K-Wclass-memaccess[m[K]
     std::memcpy(&o, &v, sizeof(v)[01;35m[K)[m[K;
                                  [01;35m[K^[m[K
In file included from [01m[K/home/cthornton/projects/arl/sims/airsim/AirSim/external/rpclib/rpclib-2.2.1/include/rpc/msgpack/object_fwd.hpp:17[m[K,
                 from [01m[K/home/cthornton/projects/arl/sims/airsim/AirSim/external/rpclib/rpclib-2.2.1/include/rpc/msgpack/v1/adaptor/adaptor_base_decl.hpp:14[m[K,
                 from [01m[K/home/cthornton/projects/arl/sims/airsim/AirSim/external/rpclib/rpclib-2.2.1/include/rpc/msgpack/adaptor/adaptor_base_decl.hpp:13[m[K,
                 from [01m[K/home/cthornton/projects/arl/sims/airsim/AirSim/external/rpclib/rpclib-2.2.1/include/rpc/msgpack/adaptor/adaptor_base.hpp:13[m[K,
                 from [01m[K/home/cthornton/projects/arl/sims/airsim/AirSim/external/rpclib/rpclib-2.2.1/include/rpc/msgpack/v1/object_decl.hpp:16[m[K,
                 from [01m[K/home/cthornton/projects/arl/sims/airsim/AirSim/external/rpclib/rpclib-2.2.1/include/rpc/msgpack/object_decl.hpp:14[m[K,
                 from [01m[K/home/cthornton/projects/arl/sims/airsim/AirSim/external/rpclib/rpclib-2.2.1/include/rpc/msgpack/object.hpp:13[m[K,
                 from [01m[K/home/cthornton/projects/arl/sims/airsim/AirSim/external/rpclib/rpclib-2.2.1/include/rpc/msgpack.hpp:23[m[K,
                 from [01m[K/home/cthornton/projects/arl/sims/airsim/AirSim/external/rpclib/rpclib-2.2.1/include/rpc/server.h:7[m[K,
                 from [01m[K/home/cthornton/projects/arl/sims/airsim/AirSim/external/rpclib/rpclib-2.2.1/lib/rpc/server.cc:1[m[K:
[01m[K/home/cthornton/projects/arl/sims/airsim/AirSim/external/rpclib/rpclib-2.2.1/include/rpc/msgpack/v2/object_fwd.hpp:23:8:[m[K [01;36m[Knote: [m[K‘[01m[Kstruct clmdep_msgpack::v2::object[m[K’ declared here
 struct [01;36m[Kobject[m[K : v1::object {
        [01;36m[K^~~~~~[m[K
[ 63%] [34m[1mGenerating EusLisp manifest code for airsim_ros_pkgs[0m
[ 63%] [34m[1mGenerating C++ code from airsim_ros_pkgs/VelCmd.msg[0m
[ 64%] [34m[1mGenerating Python code from SRV airsim_ros_pkgs/SetLocalPosition[0m
[ 65%] [34m[1mGenerating Python code from SRV airsim_ros_pkgs/Land[0m
[ 67%] [34m[1mGenerating C++ code from airsim_ros_pkgs/GimbalAngleQuatCmd.msg[0m
[ 67%] [34m[1mGenerating C++ code from airsim_ros_pkgs/GPSYaw.msg[0m
[ 67%] [34m[1mGenerating Python code from SRV airsim_ros_pkgs/LandGroup[0m
[ 68%] [32mBuilding CXX object rpclib_wrapper/rpclib/CMakeFiles/rpc.dir/lib/rpc/client.cc.o[0m
[ 68%] [32mBuilding CXX object rpclib_wrapper/rpclib/CMakeFiles/rpc.dir/lib/rpc/this_handler.cc.o[0m
[ 69%] [34m[1mGenerating Python msg __init__.py for airsim_ros_pkgs[0m
[ 70%] [34m[1mGenerating C++ code from airsim_ros_pkgs/GimbalAngleEulerCmd.msg[0m
[ 70%] [34m[1mGenerating Python srv __init__.py for airsim_ros_pkgs[0m
[ 70%] Built target MavLinkCom
[ 70%] Built target airsim_ros_pkgs_generate_messages_py
[ 71%] [34m[1mGenerating C++ code from airsim_ros_pkgs/VelCmdGroup.msg[0m
[ 72%] [32mBuilding CXX object rpclib_wrapper/rpclib/CMakeFiles/rpc.dir/lib/rpc/this_session.cc.o[0m
[ 73%] [32mBuilding CXX object MavLinkCom/MavLinkTest/CMakeFiles/MavLinkTest.dir/home/cthornton/projects/arl/sims/airsim/AirSim/MavLinkCom/MavLinkTest/Commands.cpp.o[0m
[ 73%] [32mBuilding CXX object MavLinkCom/MavLinkTest/CMakeFiles/MavLinkTest.dir/home/cthornton/projects/arl/sims/airsim/AirSim/MavLinkCom/MavLinkTest/UnitTests.cpp.o[0m
[ 73%] [34m[1mGenerating C++ code from airsim_ros_pkgs/SetGPSPosition.srv[0m
In file included from [01m[K/home/cthornton/projects/arl/sims/airsim/AirSim/external/rpclib/rpclib-2.2.1/include/rpc/msgpack/object.hpp:15[m[K,
                 from [01m[K/home/cthornton/projects/arl/sims/airsim/AirSim/external/rpclib/rpclib-2.2.1/include/rpc/msgpack.hpp:23[m[K,
                 from [01m[K/home/cthornton/projects/arl/sims/airsim/AirSim/external/rpclib/rpclib-2.2.1/include/rpc/this_handler.h:9[m[K,
                 from [01m[K/home/cthornton/projects/arl/sims/airsim/AirSim/external/rpclib/rpclib-2.2.1/lib/rpc/this_handler.cc:1[m[K:
[01m[K/home/cthornton/projects/arl/sims/airsim/AirSim/external/rpclib/rpclib-2.2.1/include/rpc/msgpack/v1/object.hpp:[m[K In function ‘[01m[Kvoid clmdep_msgpack::v1::operator<<(clmdep_msgpack::v2::object&, const msgpack_object&)[m[K’:
[01m[K/home/cthornton/projects/arl/sims/airsim/AirSim/external/rpclib/rpclib-2.2.1/include/rpc/msgpack/v1/object.hpp:656:34:[m[K [01;35m[Kwarning: [m[K‘[01m[Kvoid* memcpy(void*, const void*, size_t)[m[K’ copying an object of non-trivial type ‘[01m[Kstruct clmdep_msgpack::v2::object[m[K’ from an array of ‘[01m[Kconst msgpack_object[m[K’ {aka ‘[01m[Kconst struct msgpack_object[m[K’} [[01;35m[K-Wclass-memaccess[m[K]
     std::memcpy(&o, &v, sizeof(v)[01;35m[K)[m[K;
                                  [01;35m[K^[m[K
In file included from [01m[K/home/cthornton/projects/arl/sims/airsim/AirSim/external/rpclib/rpclib-2.2.1/include/rpc/msgpack/object_fwd.hpp:17[m[K,
                 from [01m[K/home/cthornton/projects/arl/sims/airsim/AirSim/external/rpclib/rpclib-2.2.1/include/rpc/msgpack/v1/adaptor/adaptor_base_decl.hpp:14[m[K,
                 from [01m[K/home/cthornton/projects/arl/sims/airsim/AirSim/external/rpclib/rpclib-2.2.1/include/rpc/msgpack/adaptor/adaptor_base_decl.hpp:13[m[K,
                 from [01m[K/home/cthornton/projects/arl/sims/airsim/AirSim/external/rpclib/rpclib-2.2.1/include/rpc/msgpack/adaptor/adaptor_base.hpp:13[m[K,
                 from [01m[K/home/cthornton/projects/arl/sims/airsim/AirSim/external/rpclib/rpclib-2.2.1/include/rpc/msgpack/v1/object_decl.hpp:16[m[K,
                 from [01m[K/home/cthornton/projects/arl/sims/airsim/AirSim/external/rpclib/rpclib-2.2.1/include/rpc/msgpack/object_decl.hpp:14[m[K,
                 from [01m[K/home/cthornton/projects/arl/sims/airsim/AirSim/external/rpclib/rpclib-2.2.1/include/rpc/msgpack/object.hpp:13[m[K,
                 from [01m[K/home/cthornton/projects/arl/sims/airsim/AirSim/external/rpclib/rpclib-2.2.1/include/rpc/msgpack.hpp:23[m[K,
                 from [01m[K/home/cthornton/projects/arl/sims/airsim/AirSim/external/rpclib/rpclib-2.2.1/include/rpc/this_handler.h:9[m[K,
                 from [01m[K/home/cthornton/projects/arl/sims/airsim/AirSim/external/rpclib/rpclib-2.2.1/lib/rpc/this_handler.cc:1[m[K:
[01m[K/home/cthornton/projects/arl/sims/airsim/AirSim/external/rpclib/rpclib-2.2.1/include/rpc/msgpack/v2/object_fwd.hpp:23:8:[m[K [01;36m[Knote: [m[K‘[01m[Kstruct clmdep_msgpack::v2::object[m[K’ declared here
 struct [01;36m[Kobject[m[K : v1::object {
        [01;36m[K^~~~~~[m[K
[ 74%] [34m[1mGenerating C++ code from airsim_ros_pkgs/Reset.srv[0m
[ 74%] Built target airsim_ros_pkgs_generate_messages_eus
[ 75%] [34m[1mGenerating C++ code from airsim_ros_pkgs/TakeoffGroup.srv[0m
[ 75%] [34m[1mGenerating C++ code from airsim_ros_pkgs/Takeoff.srv[0m
In file included from [01m[K/home/cthornton/projects/arl/sims/airsim/AirSim/external/rpclib/rpclib-2.2.1/include/rpc/msgpack/object.hpp:15[m[K,
                 from [01m[K/home/cthornton/projects/arl/sims/airsim/AirSim/external/rpclib/rpclib-2.2.1/include/rpc/msgpack.hpp:23[m[K,
                 from [01m[K/home/cthornton/projects/arl/sims/airsim/AirSim/external/rpclib/rpclib-2.2.1/include/rpc/client.h:11[m[K,
                 from [01m[K/home/cthornton/projects/arl/sims/airsim/AirSim/external/rpclib/rpclib-2.2.1/lib/rpc/client.cc:1[m[K:
[01m[K/home/cthornton/projects/arl/sims/airsim/AirSim/external/rpclib/rpclib-2.2.1/include/rpc/msgpack/v1/object.hpp:[m[K In function ‘[01m[Kvoid clmdep_msgpack::v1::operator<<(clmdep_msgpack::v2::object&, const msgpack_object&)[m[K’:
[01m[K/home/cthornton/projects/arl/sims/airsim/AirSim/external/rpclib/rpclib-2.2.1/include/rpc/msgpack/v1/object.hpp:656:34:[m[K [01;35m[Kwarning: [m[K‘[01m[Kvoid* memcpy(void*, const void*, size_t)[m[K’ copying an object of non-trivial type ‘[01m[Kstruct clmdep_msgpack::v2::object[m[K’ from an array of ‘[01m[Kconst msgpack_object[m[K’ {aka ‘[01m[Kconst struct msgpack_object[m[K’} [[01;35m[K-Wclass-memaccess[m[K]
     std::memcpy(&o, &v, sizeof(v)[01;35m[K)[m[K;
                                  [01;35m[K^[m[K
In file included from [01m[K/home/cthornton/projects/arl/sims/airsim/AirSim/external/rpclib/rpclib-2.2.1/include/rpc/msgpack/object_fwd.hpp:17[m[K,
                 from [01m[K/home/cthornton/projects/arl/sims/airsim/AirSim/external/rpclib/rpclib-2.2.1/include/rpc/msgpack/v1/adaptor/adaptor_base_decl.hpp:14[m[K,
                 from [01m[K/home/cthornton/projects/arl/sims/airsim/AirSim/external/rpclib/rpclib-2.2.1/include/rpc/msgpack/adaptor/adaptor_base_decl.hpp:13[m[K,
                 from [01m[K/home/cthornton/projects/arl/sims/airsim/AirSim/external/rpclib/rpclib-2.2.1/include/rpc/msgpack/adaptor/adaptor_base.hpp:13[m[K,
                 from [01m[K/home/cthornton/projects/arl/sims/airsim/AirSim/external/rpclib/rpclib-2.2.1/include/rpc/msgpack/v1/object_decl.hpp:16[m[K,
                 from [01m[K/home/cthornton/projects/arl/sims/airsim/AirSim/external/rpclib/rpclib-2.2.1/include/rpc/msgpack/object_decl.hpp:14[m[K,
                 from [01m[K/home/cthornton/projects/arl/sims/airsim/AirSim/external/rpclib/rpclib-2.2.1/include/rpc/msgpack/object.hpp:13[m[K,
                 from [01m[K/home/cthornton/projects/arl/sims/airsim/AirSim/external/rpclib/rpclib-2.2.1/include/rpc/msgpack.hpp:23[m[K,
                 from [01m[K/home/cthornton/projects/arl/sims/airsim/AirSim/external/rpclib/rpclib-2.2.1/include/rpc/client.h:11[m[K,
                 from [01m[K/home/cthornton/projects/arl/sims/airsim/AirSim/external/rpclib/rpclib-2.2.1/lib/rpc/client.cc:1[m[K:
[01m[K/home/cthornton/projects/arl/sims/airsim/AirSim/external/rpclib/rpclib-2.2.1/include/rpc/msgpack/v2/object_fwd.hpp:23:8:[m[K [01;36m[Knote: [m[K‘[01m[Kstruct clmdep_msgpack::v2::object[m[K’ declared here
 struct [01;36m[Kobject[m[K : v1::object {
        [01;36m[K^~~~~~[m[K
[ 76%] [34m[1mGenerating C++ code from airsim_ros_pkgs/SetLocalPosition.srv[0m
[ 76%] [34m[1mGenerating C++ code from airsim_ros_pkgs/Land.srv[0m
[ 77%] [32mBuilding CXX object rpclib_wrapper/rpclib/CMakeFiles/rpc.dir/lib/rpc/this_server.cc.o[0m
[ 78%] [34m[1mGenerating C++ code from airsim_ros_pkgs/LandGroup.srv[0m
[ 79%] [32mBuilding CXX object MavLinkCom/MavLinkTest/CMakeFiles/MavLinkTest.dir/home/cthornton/projects/arl/sims/airsim/AirSim/MavLinkCom/MavLinkTest/main.cpp.o[0m
[ 79%] [32mBuilding CXX object rpclib_wrapper/rpclib/CMakeFiles/rpc.dir/lib/rpc/rpc_error.cc.o[0m
[ 80%] [32mBuilding CXX object rpclib_wrapper/rpclib/CMakeFiles/rpc.dir/lib/rpc/detail/server_session.cc.o[0m
[ 80%] Built target airsim_ros_pkgs_generate_messages_cpp
[35m[1mScanning dependencies of target pd_position_controller_simple[0m
[ 81%] [32mBuilding CXX object CMakeFiles/pd_position_controller_simple.dir/src/pd_position_controller_simple.cpp.o[0m
In file included from [01m[K/home/cthornton/projects/arl/sims/airsim/AirSim/external/rpclib/rpclib-2.2.1/include/rpc/msgpack/object.hpp:15[m[K,
                 from [01m[K/home/cthornton/projects/arl/sims/airsim/AirSim/external/rpclib/rpclib-2.2.1/include/rpc/msgpack.hpp:23[m[K,
                 from [01m[K/home/cthornton/projects/arl/sims/airsim/AirSim/external/rpclib/rpclib-2.2.1/include/rpc/rpc_error.h:8[m[K,
                 from [01m[K/home/cthornton/projects/arl/sims/airsim/AirSim/external/rpclib/rpclib-2.2.1/lib/rpc/rpc_error.cc:1[m[K:
[01m[K/home/cthornton/projects/arl/sims/airsim/AirSim/external/rpclib/rpclib-2.2.1/include/rpc/msgpack/v1/object.hpp:[m[K In function ‘[01m[Kvoid clmdep_msgpack::v1::operator<<(clmdep_msgpack::v2::object&, const msgpack_object&)[m[K’:
[01m[K/home/cthornton/projects/arl/sims/airsim/AirSim/external/rpclib/rpclib-2.2.1/include/rpc/msgpack/v1/object.hpp:656:34:[m[K [01;35m[Kwarning: [m[K‘[01m[Kvoid* memcpy(void*, const void*, size_t)[m[K’ copying an object of non-trivial type ‘[01m[Kstruct clmdep_msgpack::v2::object[m[K’ from an array of ‘[01m[Kconst msgpack_object[m[K’ {aka ‘[01m[Kconst struct msgpack_object[m[K’} [[01;35m[K-Wclass-memaccess[m[K]
     std::memcpy(&o, &v, sizeof(v)[01;35m[K)[m[K;
                                  [01;35m[K^[m[K
In file included from [01m[K/home/cthornton/projects/arl/sims/airsim/AirSim/external/rpclib/rpclib-2.2.1/include/rpc/msgpack/object_fwd.hpp:17[m[K,
                 from [01m[K/home/cthornton/projects/arl/sims/airsim/AirSim/external/rpclib/rpclib-2.2.1/include/rpc/msgpack/v1/adaptor/adaptor_base_decl.hpp:14[m[K,
                 from [01m[K/home/cthornton/projects/arl/sims/airsim/AirSim/external/rpclib/rpclib-2.2.1/include/rpc/msgpack/adaptor/adaptor_base_decl.hpp:13[m[K,
                 from [01m[K/home/cthornton/projects/arl/sims/airsim/AirSim/external/rpclib/rpclib-2.2.1/include/rpc/msgpack/adaptor/adaptor_base.hpp:13[m[K,
                 from [01m[K/home/cthornton/projects/arl/sims/airsim/AirSim/external/rpclib/rpclib-2.2.1/include/rpc/msgpack/v1/object_decl.hpp:16[m[K,
                 from [01m[K/home/cthornton/projects/arl/sims/airsim/AirSim/external/rpclib/rpclib-2.2.1/include/rpc/msgpack/object_decl.hpp:14[m[K,
                 from [01m[K/home/cthornton/projects/arl/sims/airsim/AirSim/external/rpclib/rpclib-2.2.1/include/rpc/msgpack/object.hpp:13[m[K,
                 from [01m[K/home/cthornton/projects/arl/sims/airsim/AirSim/external/rpclib/rpclib-2.2.1/include/rpc/msgpack.hpp:23[m[K,
                 from [01m[K/home/cthornton/projects/arl/sims/airsim/AirSim/external/rpclib/rpclib-2.2.1/include/rpc/rpc_error.h:8[m[K,
                 from [01m[K/home/cthornton/projects/arl/sims/airsim/AirSim/external/rpclib/rpclib-2.2.1/lib/rpc/rpc_error.cc:1[m[K:
[01m[K/home/cthornton/projects/arl/sims/airsim/AirSim/external/rpclib/rpclib-2.2.1/include/rpc/msgpack/v2/object_fwd.hpp:23:8:[m[K [01;36m[Knote: [m[K‘[01m[Kstruct clmdep_msgpack::v2::object[m[K’ declared here
 struct [01;36m[Kobject[m[K : v1::object {
        [01;36m[K^~~~~~[m[K
[ 81%] [32mBuilding CXX object rpclib_wrapper/rpclib/CMakeFiles/rpc.dir/lib/rpc/detail/response.cc.o[0m
In file included from [01m[K/home/cthornton/projects/arl/sims/airsim/AirSim/external/rpclib/rpclib-2.2.1/include/rpc/msgpack/object.hpp:15[m[K,
                 from [01m[K/home/cthornton/projects/arl/sims/airsim/AirSim/external/rpclib/rpclib-2.2.1/include/rpc/msgpack.hpp:23[m[K,
                 from [01m[K/home/cthornton/projects/arl/sims/airsim/AirSim/external/rpclib/rpclib-2.2.1/include/rpc/detail/server_session.h:11[m[K,
                 from [01m[K/home/cthornton/projects/arl/sims/airsim/AirSim/external/rpclib/rpclib-2.2.1/lib/rpc/detail/server_session.cc:1[m[K:
[01m[K/home/cthornton/projects/arl/sims/airsim/AirSim/external/rpclib/rpclib-2.2.1/include/rpc/msgpack/v1/object.hpp:[m[K In function ‘[01m[Kvoid clmdep_msgpack::v1::operator<<(clmdep_msgpack::v2::object&, const msgpack_object&)[m[K’:
[01m[K/home/cthornton/projects/arl/sims/airsim/AirSim/external/rpclib/rpclib-2.2.1/include/rpc/msgpack/v1/object.hpp:656:34:[m[K [01;35m[Kwarning: [m[K‘[01m[Kvoid* memcpy(void*, const void*, size_t)[m[K’ copying an object of non-trivial type ‘[01m[Kstruct clmdep_msgpack::v2::object[m[K’ from an array of ‘[01m[Kconst msgpack_object[m[K’ {aka ‘[01m[Kconst struct msgpack_object[m[K’} [[01;35m[K-Wclass-memaccess[m[K]
     std::memcpy(&o, &v, sizeof(v)[01;35m[K)[m[K;
                                  [01;35m[K^[m[K
In file included from [01m[K/home/cthornton/projects/arl/sims/airsim/AirSim/external/rpclib/rpclib-2.2.1/include/rpc/msgpack/object_fwd.hpp:17[m[K,
                 from [01m[K/home/cthornton/projects/arl/sims/airsim/AirSim/external/rpclib/rpclib-2.2.1/include/rpc/msgpack/v1/adaptor/adaptor_base_decl.hpp:14[m[K,
                 from [01m[K/home/cthornton/projects/arl/sims/airsim/AirSim/external/rpclib/rpclib-2.2.1/include/rpc/msgpack/adaptor/adaptor_base_decl.hpp:13[m[K,
                 from [01m[K/home/cthornton/projects/arl/sims/airsim/AirSim/external/rpclib/rpclib-2.2.1/include/rpc/msgpack/adaptor/adaptor_base.hpp:13[m[K,
                 from [01m[K/home/cthornton/projects/arl/sims/airsim/AirSim/external/rpclib/rpclib-2.2.1/include/rpc/msgpack/v1/object_decl.hpp:16[m[K,
                 from [01m[K/home/cthornton/projects/arl/sims/airsim/AirSim/external/rpclib/rpclib-2.2.1/include/rpc/msgpack/object_decl.hpp:14[m[K,
                 from [01m[K/home/cthornton/projects/arl/sims/airsim/AirSim/external/rpclib/rpclib-2.2.1/include/rpc/msgpack/object.hpp:13[m[K,
                 from [01m[K/home/cthornton/projects/arl/sims/airsim/AirSim/external/rpclib/rpclib-2.2.1/include/rpc/msgpack.hpp:23[m[K,
                 from [01m[K/home/cthornton/projects/arl/sims/airsim/AirSim/external/rpclib/rpclib-2.2.1/include/rpc/detail/server_session.h:11[m[K,
                 from [01m[K/home/cthornton/projects/arl/sims/airsim/AirSim/external/rpclib/rpclib-2.2.1/lib/rpc/detail/server_session.cc:1[m[K:
[01m[K/home/cthornton/projects/arl/sims/airsim/AirSim/external/rpclib/rpclib-2.2.1/include/rpc/msgpack/v2/object_fwd.hpp:23:8:[m[K [01;36m[Knote: [m[K‘[01m[Kstruct clmdep_msgpack::v2::object[m[K’ declared here
 struct [01;36m[Kobject[m[K : v1::object {
        [01;36m[K^~~~~~[m[K
In file included from [01m[K/home/cthornton/projects/arl/sims/airsim/AirSim/external/rpclib/rpclib-2.2.1/include/rpc/msgpack/object.hpp:15[m[K,
                 from [01m[K/home/cthornton/projects/arl/sims/airsim/AirSim/external/rpclib/rpclib-2.2.1/include/rpc/msgpack.hpp:23[m[K,
                 from [01m[K/home/cthornton/projects/arl/sims/airsim/AirSim/external/rpclib/rpclib-2.2.1/include/rpc/detail/response.h:8[m[K,
                 from [01m[K/home/cthornton/projects/arl/sims/airsim/AirSim/external/rpclib/rpclib-2.2.1/lib/rpc/detail/response.cc:1[m[K:
[01m[K/home/cthornton/projects/arl/sims/airsim/AirSim/external/rpclib/rpclib-2.2.1/include/rpc/msgpack/v1/object.hpp:[m[K In function ‘[01m[Kvoid clmdep_msgpack::v1::operator<<(clmdep_msgpack::v2::object&, const msgpack_object&)[m[K’:
[01m[K/home/cthornton/projects/arl/sims/airsim/AirSim/external/rpclib/rpclib-2.2.1/include/rpc/msgpack/v1/object.hpp:656:34:[m[K [01;35m[Kwarning: [m[K‘[01m[Kvoid* memcpy(void*, const void*, size_t)[m[K’ copying an object of non-trivial type ‘[01m[Kstruct clmdep_msgpack::v2::object[m[K’ from an array of ‘[01m[Kconst msgpack_object[m[K’ {aka ‘[01m[Kconst struct msgpack_object[m[K’} [[01;35m[K-Wclass-memaccess[m[K]
     std::memcpy(&o, &v, sizeof(v)[01;35m[K)[m[K;
                                  [01;35m[K^[m[K
In file included from [01m[K/home/cthornton/projects/arl/sims/airsim/AirSim/external/rpclib/rpclib-2.2.1/include/rpc/msgpack/object_fwd.hpp:17[m[K,
                 from [01m[K/home/cthornton/projects/arl/sims/airsim/AirSim/external/rpclib/rpclib-2.2.1/include/rpc/msgpack/v1/adaptor/adaptor_base_decl.hpp:14[m[K,
                 from [01m[K/home/cthornton/projects/arl/sims/airsim/AirSim/external/rpclib/rpclib-2.2.1/include/rpc/msgpack/adaptor/adaptor_base_decl.hpp:13[m[K,
                 from [01m[K/home/cthornton/projects/arl/sims/airsim/AirSim/external/rpclib/rpclib-2.2.1/include/rpc/msgpack/adaptor/adaptor_base.hpp:13[m[K,
                 from [01m[K/home/cthornton/projects/arl/sims/airsim/AirSim/external/rpclib/rpclib-2.2.1/include/rpc/msgpack/v1/object_decl.hpp:16[m[K,
                 from [01m[K/home/cthornton/projects/arl/sims/airsim/AirSim/external/rpclib/rpclib-2.2.1/include/rpc/msgpack/object_decl.hpp:14[m[K,
                 from [01m[K/home/cthornton/projects/arl/sims/airsim/AirSim/external/rpclib/rpclib-2.2.1/include/rpc/msgpack/object.hpp:13[m[K,
                 from [01m[K/home/cthornton/projects/arl/sims/airsim/AirSim/external/rpclib/rpclib-2.2.1/include/rpc/msgpack.hpp:23[m[K,
                 from [01m[K/home/cthornton/projects/arl/sims/airsim/AirSim/external/rpclib/rpclib-2.2.1/include/rpc/detail/response.h:8[m[K,
                 from [01m[K/home/cthornton/projects/arl/sims/airsim/AirSim/external/rpclib/rpclib-2.2.1/lib/rpc/detail/response.cc:1[m[K:
[01m[K/home/cthornton/projects/arl/sims/airsim/AirSim/external/rpclib/rpclib-2.2.1/include/rpc/msgpack/v2/object_fwd.hpp:23:8:[m[K [01;36m[Knote: [m[K‘[01m[Kstruct clmdep_msgpack::v2::object[m[K’ declared here
 struct [01;36m[Kobject[m[K : v1::object {
        [01;36m[K^~~~~~[m[K
[ 82%] [32mBuilding CXX object rpclib_wrapper/rpclib/CMakeFiles/rpc.dir/lib/rpc/detail/client_error.cc.o[0m
[ 84%] [32mBuilding CXX object rpclib_wrapper/rpclib/CMakeFiles/rpc.dir/lib/rpc/nonstd/optional.cc.o[0m
[ 84%] [32mBuilding CXX object rpclib_wrapper/rpclib/CMakeFiles/rpc.dir/dependencies/src/format.cc.o[0m
[ 85%] [32mBuilding CXX object rpclib_wrapper/rpclib/CMakeFiles/rpc.dir/dependencies/src/posix.cc.o[0m
[35m[1mScanning dependencies of target airsim_ros_pkgs_generate_messages[0m
[ 85%] Built target airsim_ros_pkgs_generate_messages
[ 86%] [32m[1mLinking CXX static library ../../output/lib/librpc.a[0m
[ 86%] Built target rpc
[ 86%] [32mBuilding CXX object AirLib/CMakeFiles/AirLib.dir/home/cthornton/projects/arl/sims/airsim/AirSim/AirLib/src/api/RpcLibClientBase.cpp.o[0m
[ 87%] [32mBuilding CXX object AirLib/CMakeFiles/AirLib.dir/home/cthornton/projects/arl/sims/airsim/AirSim/AirLib/src/common/common_utils/FileSystem.cpp.o[0m
[ 89%] [32mBuilding CXX object AirLib/CMakeFiles/AirLib.dir/home/cthornton/projects/arl/sims/airsim/AirSim/AirLib/src/api/RpcLibServerBase.cpp.o[0m
[ 89%] [32mBuilding CXX object AirLib/CMakeFiles/AirLib.dir/home/cthornton/projects/arl/sims/airsim/AirSim/AirLib/src/safety/SafetyEval.cpp.o[0m
[ 89%] [32mBuilding CXX object AirLib/CMakeFiles/AirLib.dir/home/cthornton/projects/arl/sims/airsim/AirSim/AirLib/src/safety/ObstacleMap.cpp.o[0m
[ 89%] [32mBuilding CXX object AirLib/CMakeFiles/AirLib.dir/home/cthornton/projects/arl/sims/airsim/AirSim/AirLib/src/vehicles/car/api/CarRpcLibClient.cpp.o[0m
[ 90%] [32m[1mLinking CXX executable ../../output/bin/MavLinkTest[0m
[ 90%] Built target MavLinkTest
[ 91%] [32mBuilding CXX object AirLib/CMakeFiles/AirLib.dir/home/cthornton/projects/arl/sims/airsim/AirSim/AirLib/src/vehicles/car/api/CarRpcLibServer.cpp.o[0m
[ 91%] [32mBuilding CXX object AirLib/CMakeFiles/AirLib.dir/home/cthornton/projects/arl/sims/airsim/AirSim/AirLib/src/vehicles/multirotor/api/MultirotorApiBase.cpp.o[0m
[ 92%] [32m[1mLinking CXX shared library devel/lib/libpd_position_controller_simple.so[0m
[ 92%] Built target pd_position_controller_simple
[ 93%] [32mBuilding CXX object AirLib/CMakeFiles/AirLib.dir/home/cthornton/projects/arl/sims/airsim/AirSim/AirLib/src/vehicles/multirotor/api/MultirotorRpcLibClient.cpp.o[0m
[ 94%] [32mBuilding CXX object AirLib/CMakeFiles/AirLib.dir/home/cthornton/projects/arl/sims/airsim/AirSim/AirLib/src/vehicles/multirotor/api/MultirotorRpcLibServer.cpp.o[0m
In file included from [01m[K/home/cthornton/projects/arl/sims/airsim/catkin_ws/src/airsim_ros_pkgs/../../../AirSim/external/rpclib/rpclib-2.2.1/include/rpc/msgpack/object.hpp:15[m[K,
                 from [01m[K/home/cthornton/projects/arl/sims/airsim/catkin_ws/src/airsim_ros_pkgs/../../../AirSim/external/rpclib/rpclib-2.2.1/include/rpc/msgpack.hpp:23[m[K,
                 from [01m[K/home/cthornton/projects/arl/sims/airsim/catkin_ws/src/airsim_ros_pkgs/../../../AirSim/external/rpclib/rpclib-2.2.1/include/rpc/client.h:11[m[K,
                 from [01m[K/home/cthornton/projects/arl/sims/airsim/AirSim/AirLib/src/api/RpcLibClientBase.cpp:30[m[K:
[01m[K/home/cthornton/projects/arl/sims/airsim/catkin_ws/src/airsim_ros_pkgs/../../../AirSim/external/rpclib/rpclib-2.2.1/include/rpc/msgpack/v1/object.hpp:[m[K In function ‘[01m[Kvoid clmdep_msgpack::v1::operator<<(clmdep_msgpack::v2::object&, const msgpack_object&)[m[K’:
[01m[K/home/cthornton/projects/arl/sims/airsim/catkin_ws/src/airsim_ros_pkgs/../../../AirSim/external/rpclib/rpclib-2.2.1/include/rpc/msgpack/v1/object.hpp:656:34:[m[K [01;35m[Kwarning: [m[K‘[01m[Kvoid* memcpy(void*, const void*, size_t)[m[K’ copying an object of non-trivial type ‘[01m[Kstruct clmdep_msgpack::v2::object[m[K’ from an array of ‘[01m[Kconst msgpack_object[m[K’ {aka ‘[01m[Kconst struct msgpack_object[m[K’} [[01;35m[K-Wclass-memaccess[m[K]
     std::memcpy(&o, &v, sizeof(v)[01;35m[K)[m[K;
                                  [01;35m[K^[m[K
In file included from [01m[K/home/cthornton/projects/arl/sims/airsim/catkin_ws/src/airsim_ros_pkgs/../../../AirSim/external/rpclib/rpclib-2.2.1/include/rpc/msgpack/object_fwd.hpp:17[m[K,
                 from [01m[K/home/cthornton/projects/arl/sims/airsim/catkin_ws/src/airsim_ros_pkgs/../../../AirSim/external/rpclib/rpclib-2.2.1/include/rpc/msgpack/v1/adaptor/adaptor_base_decl.hpp:14[m[K,
                 from [01m[K/home/cthornton/projects/arl/sims/airsim/catkin_ws/src/airsim_ros_pkgs/../../../AirSim/external/rpclib/rpclib-2.2.1/include/rpc/msgpack/adaptor/adaptor_base_decl.hpp:13[m[K,
                 from [01m[K/home/cthornton/projects/arl/sims/airsim/catkin_ws/src/airsim_ros_pkgs/../../../AirSim/external/rpclib/rpclib-2.2.1/include/rpc/msgpack/adaptor/adaptor_base.hpp:13[m[K,
                 from [01m[K/home/cthornton/projects/arl/sims/airsim/catkin_ws/src/airsim_ros_pkgs/../../../AirSim/external/rpclib/rpclib-2.2.1/include/rpc/msgpack/v1/object_decl.hpp:16[m[K,
                 from [01m[K/home/cthornton/projects/arl/sims/airsim/catkin_ws/src/airsim_ros_pkgs/../../../AirSim/external/rpclib/rpclib-2.2.1/include/rpc/msgpack/object_decl.hpp:14[m[K,
                 from [01m[K/home/cthornton/projects/arl/sims/airsim/catkin_ws/src/airsim_ros_pkgs/../../../AirSim/external/rpclib/rpclib-2.2.1/include/rpc/msgpack/object.hpp:13[m[K,
                 from [01m[K/home/cthornton/projects/arl/sims/airsim/catkin_ws/src/airsim_ros_pkgs/../../../AirSim/external/rpclib/rpclib-2.2.1/include/rpc/msgpack.hpp:23[m[K,
                 from [01m[K/home/cthornton/projects/arl/sims/airsim/catkin_ws/src/airsim_ros_pkgs/../../../AirSim/external/rpclib/rpclib-2.2.1/include/rpc/client.h:11[m[K,
                 from [01m[K/home/cthornton/projects/arl/sims/airsim/AirSim/AirLib/src/api/RpcLibClientBase.cpp:30[m[K:
[01m[K/home/cthornton/projects/arl/sims/airsim/catkin_ws/src/airsim_ros_pkgs/../../../AirSim/external/rpclib/rpclib-2.2.1/include/rpc/msgpack/v2/object_fwd.hpp:23:8:[m[K [01;36m[Knote: [m[K‘[01m[Kstruct clmdep_msgpack::v2::object[m[K’ declared here
 struct [01;36m[Kobject[m[K : v1::object {
        [01;36m[K^~~~~~[m[K
In file included from [01m[K/home/cthornton/projects/arl/sims/airsim/catkin_ws/src/airsim_ros_pkgs/../../../AirSim/external/rpclib/rpclib-2.2.1/include/rpc/msgpack/object.hpp:15[m[K,
                 from [01m[K/home/cthornton/projects/arl/sims/airsim/catkin_ws/src/airsim_ros_pkgs/../../../AirSim/external/rpclib/rpclib-2.2.1/include/rpc/msgpack.hpp:23[m[K,
                 from [01m[K/home/cthornton/projects/arl/sims/airsim/catkin_ws/src/airsim_ros_pkgs/../../../AirSim/external/rpclib/rpclib-2.2.1/include/rpc/server.h:7[m[K,
                 from [01m[K/home/cthornton/projects/arl/sims/airsim/AirSim/AirLib/src/api/RpcLibServerBase.cpp:24[m[K:
[01m[K/home/cthornton/projects/arl/sims/airsim/catkin_ws/src/airsim_ros_pkgs/../../../AirSim/external/rpclib/rpclib-2.2.1/include/rpc/msgpack/v1/object.hpp:[m[K In function ‘[01m[Kvoid clmdep_msgpack::v1::operator<<(clmdep_msgpack::v2::object&, const msgpack_object&)[m[K’:
[01m[K/home/cthornton/projects/arl/sims/airsim/catkin_ws/src/airsim_ros_pkgs/../../../AirSim/external/rpclib/rpclib-2.2.1/include/rpc/msgpack/v1/object.hpp:656:34:[m[K [01;35m[Kwarning: [m[K‘[01m[Kvoid* memcpy(void*, const void*, size_t)[m[K’ copying an object of non-trivial type ‘[01m[Kstruct clmdep_msgpack::v2::object[m[K’ from an array of ‘[01m[Kconst msgpack_object[m[K’ {aka ‘[01m[Kconst struct msgpack_object[m[K’} [[01;35m[K-Wclass-memaccess[m[K]
     std::memcpy(&o, &v, sizeof(v)[01;35m[K)[m[K;
                                  [01;35m[K^[m[K
In file included from [01m[K/home/cthornton/projects/arl/sims/airsim/catkin_ws/src/airsim_ros_pkgs/../../../AirSim/external/rpclib/rpclib-2.2.1/include/rpc/msgpack/object_fwd.hpp:17[m[K,
                 from [01m[K/home/cthornton/projects/arl/sims/airsim/catkin_ws/src/airsim_ros_pkgs/../../../AirSim/external/rpclib/rpclib-2.2.1/include/rpc/msgpack/v1/adaptor/adaptor_base_decl.hpp:14[m[K,
                 from [01m[K/home/cthornton/projects/arl/sims/airsim/catkin_ws/src/airsim_ros_pkgs/../../../AirSim/external/rpclib/rpclib-2.2.1/include/rpc/msgpack/adaptor/adaptor_base_decl.hpp:13[m[K,
                 from [01m[K/home/cthornton/projects/arl/sims/airsim/catkin_ws/src/airsim_ros_pkgs/../../../AirSim/external/rpclib/rpclib-2.2.1/include/rpc/msgpack/adaptor/adaptor_base.hpp:13[m[K,
                 from [01m[K/home/cthornton/projects/arl/sims/airsim/catkin_ws/src/airsim_ros_pkgs/../../../AirSim/external/rpclib/rpclib-2.2.1/include/rpc/msgpack/v1/object_decl.hpp:16[m[K,
                 from [01m[K/home/cthornton/projects/arl/sims/airsim/catkin_ws/src/airsim_ros_pkgs/../../../AirSim/external/rpclib/rpclib-2.2.1/include/rpc/msgpack/object_decl.hpp:14[m[K,
                 from [01m[K/home/cthornton/projects/arl/sims/airsim/catkin_ws/src/airsim_ros_pkgs/../../../AirSim/external/rpclib/rpclib-2.2.1/include/rpc/msgpack/object.hpp:13[m[K,
                 from [01m[K/home/cthornton/projects/arl/sims/airsim/catkin_ws/src/airsim_ros_pkgs/../../../AirSim/external/rpclib/rpclib-2.2.1/include/rpc/msgpack.hpp:23[m[K,
                 from [01m[K/home/cthornton/projects/arl/sims/airsim/catkin_ws/src/airsim_ros_pkgs/../../../AirSim/external/rpclib/rpclib-2.2.1/include/rpc/server.h:7[m[K,
                 from [01m[K/home/cthornton/projects/arl/sims/airsim/AirSim/AirLib/src/api/RpcLibServerBase.cpp:24[m[K:
[01m[K/home/cthornton/projects/arl/sims/airsim/catkin_ws/src/airsim_ros_pkgs/../../../AirSim/external/rpclib/rpclib-2.2.1/include/rpc/msgpack/v2/object_fwd.hpp:23:8:[m[K [01;36m[Knote: [m[K‘[01m[Kstruct clmdep_msgpack::v2::object[m[K’ declared here
 struct [01;36m[Kobject[m[K : v1::object {
        [01;36m[K^~~~~~[m[K
In file included from [01m[K/home/cthornton/projects/arl/sims/airsim/catkin_ws/src/airsim_ros_pkgs/../../../AirSim/external/rpclib/rpclib-2.2.1/include/rpc/msgpack/object.hpp:15[m[K,
                 from [01m[K/home/cthornton/projects/arl/sims/airsim/catkin_ws/src/airsim_ros_pkgs/../../../AirSim/external/rpclib/rpclib-2.2.1/include/rpc/msgpack.hpp:23[m[K,
                 from [01m[K/home/cthornton/projects/arl/sims/airsim/catkin_ws/src/airsim_ros_pkgs/../../../AirSim/external/rpclib/rpclib-2.2.1/include/rpc/client.h:11[m[K,
                 from [01m[K/home/cthornton/projects/arl/sims/airsim/AirSim/AirLib/src/vehicles/car/api/CarRpcLibClient.cpp:28[m[K:
[01m[K/home/cthornton/projects/arl/sims/airsim/catkin_ws/src/airsim_ros_pkgs/../../../AirSim/external/rpclib/rpclib-2.2.1/include/rpc/msgpack/v1/object.hpp:[m[K In function ‘[01m[Kvoid clmdep_msgpack::v1::operator<<(clmdep_msgpack::v2::object&, const msgpack_object&)[m[K’:
[01m[K/home/cthornton/projects/arl/sims/airsim/catkin_ws/src/airsim_ros_pkgs/../../../AirSim/external/rpclib/rpclib-2.2.1/include/rpc/msgpack/v1/object.hpp:656:34:[m[K [01;35m[Kwarning: [m[K‘[01m[Kvoid* memcpy(void*, const void*, size_t)[m[K’ copying an object of non-trivial type ‘[01m[Kstruct clmdep_msgpack::v2::object[m[K’ from an array of ‘[01m[Kconst msgpack_object[m[K’ {aka ‘[01m[Kconst struct msgpack_object[m[K’} [[01;35m[K-Wclass-memaccess[m[K]
     std::memcpy(&o, &v, sizeof(v)[01;35m[K)[m[K;
                                  [01;35m[K^[m[K
In file included from [01m[K/home/cthornton/projects/arl/sims/airsim/catkin_ws/src/airsim_ros_pkgs/../../../AirSim/external/rpclib/rpclib-2.2.1/include/rpc/msgpack/object_fwd.hpp:17[m[K,
                 from [01m[K/home/cthornton/projects/arl/sims/airsim/catkin_ws/src/airsim_ros_pkgs/../../../AirSim/external/rpclib/rpclib-2.2.1/include/rpc/msgpack/v1/adaptor/adaptor_base_decl.hpp:14[m[K,
                 from [01m[K/home/cthornton/projects/arl/sims/airsim/catkin_ws/src/airsim_ros_pkgs/../../../AirSim/external/rpclib/rpclib-2.2.1/include/rpc/msgpack/adaptor/adaptor_base_decl.hpp:13[m[K,
                 from [01m[K/home/cthornton/projects/arl/sims/airsim/catkin_ws/src/airsim_ros_pkgs/../../../AirSim/external/rpclib/rpclib-2.2.1/include/rpc/msgpack/adaptor/adaptor_base.hpp:13[m[K,
                 from [01m[K/home/cthornton/projects/arl/sims/airsim/catkin_ws/src/airsim_ros_pkgs/../../../AirSim/external/rpclib/rpclib-2.2.1/include/rpc/msgpack/v1/object_decl.hpp:16[m[K,
                 from [01m[K/home/cthornton/projects/arl/sims/airsim/catkin_ws/src/airsim_ros_pkgs/../../../AirSim/external/rpclib/rpclib-2.2.1/include/rpc/msgpack/object_decl.hpp:14[m[K,
                 from [01m[K/home/cthornton/projects/arl/sims/airsim/catkin_ws/src/airsim_ros_pkgs/../../../AirSim/external/rpclib/rpclib-2.2.1/include/rpc/msgpack/object.hpp:13[m[K,
                 from [01m[K/home/cthornton/projects/arl/sims/airsim/catkin_ws/src/airsim_ros_pkgs/../../../AirSim/external/rpclib/rpclib-2.2.1/include/rpc/msgpack.hpp:23[m[K,
                 from [01m[K/home/cthornton/projects/arl/sims/airsim/catkin_ws/src/airsim_ros_pkgs/../../../AirSim/external/rpclib/rpclib-2.2.1/include/rpc/client.h:11[m[K,
                 from [01m[K/home/cthornton/projects/arl/sims/airsim/AirSim/AirLib/src/vehicles/car/api/CarRpcLibClient.cpp:28[m[K:
[01m[K/home/cthornton/projects/arl/sims/airsim/catkin_ws/src/airsim_ros_pkgs/../../../AirSim/external/rpclib/rpclib-2.2.1/include/rpc/msgpack/v2/object_fwd.hpp:23:8:[m[K [01;36m[Knote: [m[K‘[01m[Kstruct clmdep_msgpack::v2::object[m[K’ declared here
 struct [01;36m[Kobject[m[K : v1::object {
        [01;36m[K^~~~~~[m[K
In file included from [01m[K/home/cthornton/projects/arl/sims/airsim/catkin_ws/src/airsim_ros_pkgs/../../../AirSim/external/rpclib/rpclib-2.2.1/include/rpc/msgpack/object.hpp:15[m[K,
                 from [01m[K/home/cthornton/projects/arl/sims/airsim/catkin_ws/src/airsim_ros_pkgs/../../../AirSim/external/rpclib/rpclib-2.2.1/include/rpc/msgpack.hpp:23[m[K,
                 from [01m[K/home/cthornton/projects/arl/sims/airsim/catkin_ws/src/airsim_ros_pkgs/../../../AirSim/external/rpclib/rpclib-2.2.1/include/rpc/client.h:11[m[K,
                 from [01m[K/home/cthornton/projects/arl/sims/airsim/AirSim/AirLib/src/vehicles/multirotor/api/MultirotorRpcLibClient.cpp:27[m[K:
[01m[K/home/cthornton/projects/arl/sims/airsim/catkin_ws/src/airsim_ros_pkgs/../../../AirSim/external/rpclib/rpclib-2.2.1/include/rpc/msgpack/v1/object.hpp:[m[K In function ‘[01m[Kvoid clmdep_msgpack::v1::operator<<(clmdep_msgpack::v2::object&, const msgpack_object&)[m[K’:
[01m[K/home/cthornton/projects/arl/sims/airsim/catkin_ws/src/airsim_ros_pkgs/../../../AirSim/external/rpclib/rpclib-2.2.1/include/rpc/msgpack/v1/object.hpp:656:34:[m[K [01;35m[Kwarning: [m[K‘[01m[Kvoid* memcpy(void*, const void*, size_t)[m[K’ copying an object of non-trivial type ‘[01m[Kstruct clmdep_msgpack::v2::object[m[K’ from an array of ‘[01m[Kconst msgpack_object[m[K’ {aka ‘[01m[Kconst struct msgpack_object[m[K’} [[01;35m[K-Wclass-memaccess[m[K]
     std::memcpy(&o, &v, sizeof(v)[01;35m[K)[m[K;
                                  [01;35m[K^[m[K
In file included from [01m[K/home/cthornton/projects/arl/sims/airsim/catkin_ws/src/airsim_ros_pkgs/../../../AirSim/external/rpclib/rpclib-2.2.1/include/rpc/msgpack/object_fwd.hpp:17[m[K,
                 from [01m[K/home/cthornton/projects/arl/sims/airsim/catkin_ws/src/airsim_ros_pkgs/../../../AirSim/external/rpclib/rpclib-2.2.1/include/rpc/msgpack/v1/adaptor/adaptor_base_decl.hpp:14[m[K,
                 from [01m[K/home/cthornton/projects/arl/sims/airsim/catkin_ws/src/airsim_ros_pkgs/../../../AirSim/external/rpclib/rpclib-2.2.1/include/rpc/msgpack/adaptor/adaptor_base_decl.hpp:13[m[K,
                 from [01m[K/home/cthornton/projects/arl/sims/airsim/catkin_ws/src/airsim_ros_pkgs/../../../AirSim/external/rpclib/rpclib-2.2.1/include/rpc/msgpack/adaptor/adaptor_base.hpp:13[m[K,
                 from [01m[K/home/cthornton/projects/arl/sims/airsim/catkin_ws/src/airsim_ros_pkgs/../../../AirSim/external/rpclib/rpclib-2.2.1/include/rpc/msgpack/v1/object_decl.hpp:16[m[K,
                 from [01m[K/home/cthornton/projects/arl/sims/airsim/catkin_ws/src/airsim_ros_pkgs/../../../AirSim/external/rpclib/rpclib-2.2.1/include/rpc/msgpack/object_decl.hpp:14[m[K,
                 from [01m[K/home/cthornton/projects/arl/sims/airsim/catkin_ws/src/airsim_ros_pkgs/../../../AirSim/external/rpclib/rpclib-2.2.1/include/rpc/msgpack/object.hpp:13[m[K,
                 from [01m[K/home/cthornton/projects/arl/sims/airsim/catkin_ws/src/airsim_ros_pkgs/../../../AirSim/external/rpclib/rpclib-2.2.1/include/rpc/msgpack.hpp:23[m[K,
                 from [01m[K/home/cthornton/projects/arl/sims/airsim/catkin_ws/src/airsim_ros_pkgs/../../../AirSim/external/rpclib/rpclib-2.2.1/include/rpc/client.h:11[m[K,
                 from [01m[K/home/cthornton/projects/arl/sims/airsim/AirSim/AirLib/src/vehicles/multirotor/api/MultirotorRpcLibClient.cpp:27[m[K:
[01m[K/home/cthornton/projects/arl/sims/airsim/catkin_ws/src/airsim_ros_pkgs/../../../AirSim/external/rpclib/rpclib-2.2.1/include/rpc/msgpack/v2/object_fwd.hpp:23:8:[m[K [01;36m[Knote: [m[K‘[01m[Kstruct clmdep_msgpack::v2::object[m[K’ declared here
 struct [01;36m[Kobject[m[K : v1::object {
        [01;36m[K^~~~~~[m[K
In file included from [01m[K/home/cthornton/projects/arl/sims/airsim/catkin_ws/src/airsim_ros_pkgs/../../../AirSim/external/rpclib/rpclib-2.2.1/include/rpc/msgpack/object.hpp:15[m[K,
                 from [01m[K/home/cthornton/projects/arl/sims/airsim/catkin_ws/src/airsim_ros_pkgs/../../../AirSim/external/rpclib/rpclib-2.2.1/include/rpc/msgpack.hpp:23[m[K,
                 from [01m[K/home/cthornton/projects/arl/sims/airsim/catkin_ws/src/airsim_ros_pkgs/../../../AirSim/external/rpclib/rpclib-2.2.1/include/rpc/server.h:7[m[K,
                 from [01m[K/home/cthornton/projects/arl/sims/airsim/AirSim/AirLib/src/vehicles/car/api/CarRpcLibServer.cpp:25[m[K:
[01m[K/home/cthornton/projects/arl/sims/airsim/catkin_ws/src/airsim_ros_pkgs/../../../AirSim/external/rpclib/rpclib-2.2.1/include/rpc/msgpack/v1/object.hpp:[m[K In function ‘[01m[Kvoid clmdep_msgpack::v1::operator<<(clmdep_msgpack::v2::object&, const msgpack_object&)[m[K’:
[01m[K/home/cthornton/projects/arl/sims/airsim/catkin_ws/src/airsim_ros_pkgs/../../../AirSim/external/rpclib/rpclib-2.2.1/include/rpc/msgpack/v1/object.hpp:656:34:[m[K [01;35m[Kwarning: [m[K‘[01m[Kvoid* memcpy(void*, const void*, size_t)[m[K’ copying an object of non-trivial type ‘[01m[Kstruct clmdep_msgpack::v2::object[m[K’ from an array of ‘[01m[Kconst msgpack_object[m[K’ {aka ‘[01m[Kconst struct msgpack_object[m[K’} [[01;35m[K-Wclass-memaccess[m[K]
     std::memcpy(&o, &v, sizeof(v)[01;35m[K)[m[K;
                                  [01;35m[K^[m[K
In file included from [01m[K/home/cthornton/projects/arl/sims/airsim/catkin_ws/src/airsim_ros_pkgs/../../../AirSim/external/rpclib/rpclib-2.2.1/include/rpc/msgpack/object_fwd.hpp:17[m[K,
                 from [01m[K/home/cthornton/projects/arl/sims/airsim/catkin_ws/src/airsim_ros_pkgs/../../../AirSim/external/rpclib/rpclib-2.2.1/include/rpc/msgpack/v1/adaptor/adaptor_base_decl.hpp:14[m[K,
                 from [01m[K/home/cthornton/projects/arl/sims/airsim/catkin_ws/src/airsim_ros_pkgs/../../../AirSim/external/rpclib/rpclib-2.2.1/include/rpc/msgpack/adaptor/adaptor_base_decl.hpp:13[m[K,
                 from [01m[K/home/cthornton/projects/arl/sims/airsim/catkin_ws/src/airsim_ros_pkgs/../../../AirSim/external/rpclib/rpclib-2.2.1/include/rpc/msgpack/adaptor/adaptor_base.hpp:13[m[K,
                 from [01m[K/home/cthornton/projects/arl/sims/airsim/catkin_ws/src/airsim_ros_pkgs/../../../AirSim/external/rpclib/rpclib-2.2.1/include/rpc/msgpack/v1/object_decl.hpp:16[m[K,
                 from [01m[K/home/cthornton/projects/arl/sims/airsim/catkin_ws/src/airsim_ros_pkgs/../../../AirSim/external/rpclib/rpclib-2.2.1/include/rpc/msgpack/object_decl.hpp:14[m[K,
                 from [01m[K/home/cthornton/projects/arl/sims/airsim/catkin_ws/src/airsim_ros_pkgs/../../../AirSim/external/rpclib/rpclib-2.2.1/include/rpc/msgpack/object.hpp:13[m[K,
                 from [01m[K/home/cthornton/projects/arl/sims/airsim/catkin_ws/src/airsim_ros_pkgs/../../../AirSim/external/rpclib/rpclib-2.2.1/include/rpc/msgpack.hpp:23[m[K,
                 from [01m[K/home/cthornton/projects/arl/sims/airsim/catkin_ws/src/airsim_ros_pkgs/../../../AirSim/external/rpclib/rpclib-2.2.1/include/rpc/server.h:7[m[K,
                 from [01m[K/home/cthornton/projects/arl/sims/airsim/AirSim/AirLib/src/vehicles/car/api/CarRpcLibServer.cpp:25[m[K:
[01m[K/home/cthornton/projects/arl/sims/airsim/catkin_ws/src/airsim_ros_pkgs/../../../AirSim/external/rpclib/rpclib-2.2.1/include/rpc/msgpack/v2/object_fwd.hpp:23:8:[m[K [01;36m[Knote: [m[K‘[01m[Kstruct clmdep_msgpack::v2::object[m[K’ declared here
 struct [01;36m[Kobject[m[K : v1::object {
        [01;36m[K^~~~~~[m[K
In file included from [01m[K/home/cthornton/projects/arl/sims/airsim/catkin_ws/src/airsim_ros_pkgs/../../../AirSim/external/rpclib/rpclib-2.2.1/include/rpc/msgpack/object.hpp:15[m[K,
                 from [01m[K/home/cthornton/projects/arl/sims/airsim/catkin_ws/src/airsim_ros_pkgs/../../../AirSim/external/rpclib/rpclib-2.2.1/include/rpc/msgpack.hpp:23[m[K,
                 from [01m[K/home/cthornton/projects/arl/sims/airsim/catkin_ws/src/airsim_ros_pkgs/../../../AirSim/external/rpclib/rpclib-2.2.1/include/rpc/server.h:7[m[K,
                 from [01m[K/home/cthornton/projects/arl/sims/airsim/AirSim/AirLib/src/vehicles/multirotor/api/MultirotorRpcLibServer.cpp:25[m[K:
[01m[K/home/cthornton/projects/arl/sims/airsim/catkin_ws/src/airsim_ros_pkgs/../../../AirSim/external/rpclib/rpclib-2.2.1/include/rpc/msgpack/v1/object.hpp:[m[K In function ‘[01m[Kvoid clmdep_msgpack::v1::operator<<(clmdep_msgpack::v2::object&, const msgpack_object&)[m[K’:
[01m[K/home/cthornton/projects/arl/sims/airsim/catkin_ws/src/airsim_ros_pkgs/../../../AirSim/external/rpclib/rpclib-2.2.1/include/rpc/msgpack/v1/object.hpp:656:34:[m[K [01;35m[Kwarning: [m[K‘[01m[Kvoid* memcpy(void*, const void*, size_t)[m[K’ copying an object of non-trivial type ‘[01m[Kstruct clmdep_msgpack::v2::object[m[K’ from an array of ‘[01m[Kconst msgpack_object[m[K’ {aka ‘[01m[Kconst struct msgpack_object[m[K’} [[01;35m[K-Wclass-memaccess[m[K]
     std::memcpy(&o, &v, sizeof(v)[01;35m[K)[m[K;
                                  [01;35m[K^[m[K
In file included from [01m[K/home/cthornton/projects/arl/sims/airsim/catkin_ws/src/airsim_ros_pkgs/../../../AirSim/external/rpclib/rpclib-2.2.1/include/rpc/msgpack/object_fwd.hpp:17[m[K,
                 from [01m[K/home/cthornton/projects/arl/sims/airsim/catkin_ws/src/airsim_ros_pkgs/../../../AirSim/external/rpclib/rpclib-2.2.1/include/rpc/msgpack/v1/adaptor/adaptor_base_decl.hpp:14[m[K,
                 from [01m[K/home/cthornton/projects/arl/sims/airsim/catkin_ws/src/airsim_ros_pkgs/../../../AirSim/external/rpclib/rpclib-2.2.1/include/rpc/msgpack/adaptor/adaptor_base_decl.hpp:13[m[K,
                 from [01m[K/home/cthornton/projects/arl/sims/airsim/catkin_ws/src/airsim_ros_pkgs/../../../AirSim/external/rpclib/rpclib-2.2.1/include/rpc/msgpack/adaptor/adaptor_base.hpp:13[m[K,
                 from [01m[K/home/cthornton/projects/arl/sims/airsim/catkin_ws/src/airsim_ros_pkgs/../../../AirSim/external/rpclib/rpclib-2.2.1/include/rpc/msgpack/v1/object_decl.hpp:16[m[K,
                 from [01m[K/home/cthornton/projects/arl/sims/airsim/catkin_ws/src/airsim_ros_pkgs/../../../AirSim/external/rpclib/rpclib-2.2.1/include/rpc/msgpack/object_decl.hpp:14[m[K,
                 from [01m[K/home/cthornton/projects/arl/sims/airsim/catkin_ws/src/airsim_ros_pkgs/../../../AirSim/external/rpclib/rpclib-2.2.1/include/rpc/msgpack/object.hpp:13[m[K,
                 from [01m[K/home/cthornton/projects/arl/sims/airsim/catkin_ws/src/airsim_ros_pkgs/../../../AirSim/external/rpclib/rpclib-2.2.1/include/rpc/msgpack.hpp:23[m[K,
                 from [01m[K/home/cthornton/projects/arl/sims/airsim/catkin_ws/src/airsim_ros_pkgs/../../../AirSim/external/rpclib/rpclib-2.2.1/include/rpc/server.h:7[m[K,
                 from [01m[K/home/cthornton/projects/arl/sims/airsim/AirSim/AirLib/src/vehicles/multirotor/api/MultirotorRpcLibServer.cpp:25[m[K:
[01m[K/home/cthornton/projects/arl/sims/airsim/catkin_ws/src/airsim_ros_pkgs/../../../AirSim/external/rpclib/rpclib-2.2.1/include/rpc/msgpack/v2/object_fwd.hpp:23:8:[m[K [01;36m[Knote: [m[K‘[01m[Kstruct clmdep_msgpack::v2::object[m[K’ declared here
 struct [01;36m[Kobject[m[K : v1::object {
        [01;36m[K^~~~~~[m[K
[ 94%] [32m[1mLinking CXX static library ../output/lib/libAirLib.a[0m
[ 94%] Built target AirLib
[35m[1mScanning dependencies of target airsim_settings_parser[0m
[ 95%] [32mBuilding CXX object CMakeFiles/airsim_settings_parser.dir/src/airsim_settings_parser.cpp.o[0m
[ 96%] [32m[1mLinking CXX shared library devel/lib/libairsim_settings_parser.so[0m
[ 96%] Built target airsim_settings_parser
[35m[1mScanning dependencies of target airsim_ros[0m
[ 97%] [32mBuilding CXX object CMakeFiles/airsim_ros.dir/src/airsim_ros_wrapper.cpp.o[0m
[ 97%] [32m[1mLinking CXX shared library devel/lib/libairsim_ros.so[0m
[ 97%] Built target airsim_ros
[35m[1mScanning dependencies of target pd_position_controller_simple_node[0m
[35m[1mScanning dependencies of target airsim_node[0m
[ 97%] [32mBuilding CXX object CMakeFiles/pd_position_controller_simple_node.dir/src/pd_position_controller_simple_node.cpp.o[0m
[ 97%] [32mBuilding CXX object CMakeFiles/airsim_node.dir/src/airsim_node.cpp.o[0m
[ 98%] [32m[1mLinking CXX executable devel/lib/airsim_ros_pkgs/pd_position_controller_simple_node[0m
[ 98%] Built target pd_position_controller_simple_node
[100%] [32m[1mLinking CXX executable devel/lib/airsim_ros_pkgs/airsim_node[0m
[100%] Built target airsim_node
