[  0%] Built target actionlib_msgs_generate_messages_lisp
[ 19%] Built target MavLinkCom
[ 19%] Built target _airsim_ros_pkgs_generate_messages_check_deps_GPSYaw
[ 19%] Built target _airsim_ros_pkgs_generate_messages_check_deps_Reset
[ 19%] Built target _airsim_ros_pkgs_generate_messages_check_deps_LandGroup
[ 19%] Built target _airsim_ros_pkgs_generate_messages_check_deps_GimbalAngleEulerCmd
[ 19%] Built target _airsim_ros_pkgs_generate_messages_check_deps_Takeoff
[ 19%] Built target _airsim_ros_pkgs_generate_messages_check_deps_VelCmd
[ 19%] Built target std_msgs_generate_messages_py
[ 19%] Built target _airsim_ros_pkgs_generate_messages_check_deps_TakeoffGroup
[ 19%] Built target geometry_msgs_generate_messages_py
[ 19%] Built target geographic_msgs_generate_messages_py
[ 19%] Built target _airsim_ros_pkgs_generate_messages_check_deps_VelCmdGroup
[ 19%] Built target _airsim_ros_pkgs_generate_messages_check_deps_SetLocalPosition
[ 19%] Built target _airsim_ros_pkgs_generate_messages_check_deps_Land
[ 19%] Built target _airsim_ros_pkgs_generate_messages_check_deps_GimbalAngleQuatCmd
[ 19%] Built target _airsim_ros_pkgs_generate_messages_check_deps_SetGPSPosition
[ 19%] Built target geometry_msgs_generate_messages_lisp
[ 19%] Built target geographic_msgs_generate_messages_lisp
[ 19%] Built target _airsim_ros_pkgs_generate_messages_check_deps_Environment
[ 19%] Built target std_msgs_generate_messages_lisp
[ 19%] Built target _airsim_ros_pkgs_generate_messages_check_deps_Altimeter
[ 19%] Built target _airsim_ros_pkgs_generate_messages_check_deps_CarState
[ 19%] Built target _airsim_ros_pkgs_generate_messages_check_deps_CarControls
[ 19%] Built target geographic_msgs_generate_messages_eus
[ 19%] Built target std_msgs_generate_messages_eus
[ 19%] Built target geometry_msgs_generate_messages_eus
[ 19%] Built target geographic_msgs_generate_messages_cpp
[ 19%] Built target std_msgs_generate_messages_nodejs
[ 19%] Built target geometry_msgs_generate_messages_nodejs
[ 19%] Built target mavros_msgs_generate_messages_py
[ 19%] Built target geographic_msgs_generate_messages_nodejs
[ 19%] Built target rosgraph_msgs_generate_messages_lisp
[ 19%] Built target rosgraph_msgs_generate_messages_eus
[ 19%] Built target rosgraph_msgs_generate_messages_cpp
[ 19%] Built target std_msgs_generate_messages_cpp
[ 19%] Built target mavros_msgs_generate_messages_cpp
[ 19%] Built target geometry_msgs_generate_messages_cpp
[ 19%] Built target mavros_msgs_generate_messages_eus
[ 19%] Built target rosgraph_msgs_generate_messages_nodejs
[ 19%] Built target std_srvs_generate_messages_eus
[ 19%] Built target nav_msgs_generate_messages_cpp
[ 19%] Built target sensor_msgs_generate_messages_lisp
[ 19%] Built target roscpp_generate_messages_lisp
[ 19%] Built target uuid_msgs_generate_messages_lisp
[ 19%] Built target actionlib_msgs_generate_messages_nodejs
[ 19%] Built target mavros_msgs_generate_messages_nodejs
[ 19%] Built target uuid_msgs_generate_messages_py
[ 19%] Built target roscpp_generate_messages_py
[ 19%] Built target nav_msgs_generate_messages_nodejs
[ 19%] Built target actionlib_generate_messages_cpp
[ 19%] Built target sensor_msgs_generate_messages_nodejs
[ 19%] Built target sensor_msgs_generate_messages_py
[ 19%] Built target mavros_msgs_generate_messages_lisp
[ 19%] Built target roscpp_generate_messages_nodejs
[ 19%] Built target sensor_msgs_generate_messages_cpp
[ 19%] Built target actionlib_generate_messages_nodejs
[ 19%] Built target sensor_msgs_generate_messages_eus
[ 19%] Built target roscpp_generate_messages_cpp
[ 19%] Built target uuid_msgs_generate_messages_eus
[ 19%] Built target uuid_msgs_generate_messages_cpp
[ 19%] Built target uuid_msgs_generate_messages_nodejs
[ 19%] Built target nav_msgs_generate_messages_lisp
[ 19%] Built target actionlib_msgs_generate_messages_cpp
[ 19%] Built target std_srvs_generate_messages_cpp
[ 19%] Built target roscpp_generate_messages_eus
[ 19%] Built target actionlib_msgs_generate_messages_eus
[ 19%] Built target rosgraph_msgs_generate_messages_py
[ 19%] Built target actionlib_msgs_generate_messages_py
[ 19%] Built target std_srvs_generate_messages_lisp
[ 19%] Built target actionlib_generate_messages_lisp
[ 19%] Built target std_srvs_generate_messages_nodejs
[ 19%] Built target std_srvs_generate_messages_py
[ 19%] Built target tf2_msgs_generate_messages_cpp
[ 19%] Built target tf2_msgs_generate_messages_eus
[ 19%] Built target nav_msgs_generate_messages_eus
[ 19%] Built target nav_msgs_generate_messages_py
[ 19%] Built target tf2_msgs_generate_messages_lisp
[ 19%] Built target tf2_msgs_generate_messages_nodejs
[ 19%] Built target actionlib_generate_messages_eus
[ 19%] Built target tf2_msgs_generate_messages_py
[ 22%] Built target MavLinkTest
[ 22%] Built target actionlib_generate_messages_py
[ 45%] Built target airsim_ros_pkgs_generate_messages_eus
[ 45%] Built target airsim_ros_pkgs_generate_messages_py
[ 55%] Built target airsim_ros_pkgs_generate_messages_lisp
[ 65%] Built target airsim_ros_pkgs_generate_messages_nodejs
[ 76%] Built target airsim_ros_pkgs_generate_messages_cpp
[ 76%] Built target airsim_ros_pkgs_generate_messages
[ 78%] Built target pd_position_controller_simple
[ 88%] Built target rpc
[ 94%] Built target AirLib
[ 96%] Built target airsim_settings_parser
[ 97%] [32mBuilding CXX object CMakeFiles/airsim_ros.dir/src/airsim_ros_wrapper.cpp.o[0m
[ 97%] [32m[1mLinking CXX shared library /home/cthornton/projects/arl/sims/airsim/catkin_ws/devel/.private/airsim_ros_pkgs/lib/libairsim_ros.so[0m
[ 97%] Built target airsim_ros
[35m[1mScanning dependencies of target pd_position_controller_simple_node[0m
[35m[1mScanning dependencies of target airsim_node[0m
[ 97%] [32mBuilding CXX object CMakeFiles/pd_position_controller_simple_node.dir/src/pd_position_controller_simple_node.cpp.o[0m
[ 97%] [32mBuilding CXX object CMakeFiles/airsim_node.dir/src/airsim_node.cpp.o[0m
[ 98%] [32m[1mLinking CXX executable /home/cthornton/projects/arl/sims/airsim/catkin_ws/devel/.private/airsim_ros_pkgs/lib/airsim_ros_pkgs/pd_position_controller_simple_node[0m
[ 98%] Built target pd_position_controller_simple_node
[100%] [32m[1mLinking CXX executable /home/cthornton/projects/arl/sims/airsim/catkin_ws/devel/.private/airsim_ros_pkgs/lib/airsim_ros_pkgs/airsim_node[0m
[100%] Built target airsim_node
