[0.387s] Invoking command in '/home/cthornton/data/local/college/research/arl/code/sims/airsim/ros_ws/src/hrlsim': PYTHONPATH=/home/cthornton/data/local/college/research/arl/code/sims/airsim/ros_ws/install/hrlsim/lib/python3.8/site-packages:${PYTHONPATH} /usr/bin/python3 setup.py egg_info --egg-base ../../build/hrlsim build --build-base /home/cthornton/data/local/college/research/arl/code/sims/airsim/ros_ws/build/hrlsim/build install --prefix /home/cthornton/data/local/college/research/arl/code/sims/airsim/ros_ws/install/hrlsim --record /home/cthornton/data/local/college/research/arl/code/sims/airsim/ros_ws/build/hrlsim/install.log --single-version-externally-managed
[0.594s] running egg_info
[0.596s] writing ../../build/hrlsim/hrlsim.egg-info/PKG-INFO
[0.596s] writing dependency_links to ../../build/hrlsim/hrlsim.egg-info/dependency_links.txt
[0.597s] writing entry points to ../../build/hrlsim/hrlsim.egg-info/entry_points.txt
[0.597s] writing requirements to ../../build/hrlsim/hrlsim.egg-info/requires.txt
[0.597s] writing top-level names to ../../build/hrlsim/hrlsim.egg-info/top_level.txt
[0.652s] reading manifest file '../../build/hrlsim/hrlsim.egg-info/SOURCES.txt'
[0.654s] writing manifest file '../../build/hrlsim/hrlsim.egg-info/SOURCES.txt'
[0.654s] running build
[0.655s] running build_py
[0.655s] copying hrlsim/team.py -> /home/cthornton/data/local/college/research/arl/code/sims/airsim/ros_ws/build/hrlsim/build/lib/hrlsim
[0.657s] copying hrlsim/controller/controller.py -> /home/cthornton/data/local/college/research/arl/code/sims/airsim/ros_ws/build/hrlsim/build/lib/hrlsim/controller
[0.658s] copying hrlsim/drone/drone.py -> /home/cthornton/data/local/college/research/arl/code/sims/airsim/ros_ws/build/hrlsim/build/lib/hrlsim/drone
[0.660s] copying hrlsim/utility/plotter.py -> /home/cthornton/data/local/college/research/arl/code/sims/airsim/ros_ws/build/hrlsim/build/lib/hrlsim/utility
[0.661s] running install
[0.663s] running install_lib
[0.664s] copying /home/cthornton/data/local/college/research/arl/code/sims/airsim/ros_ws/build/hrlsim/build/lib/hrlsim/controller/controller.py -> /home/cthornton/data/local/college/research/arl/code/sims/airsim/ros_ws/install/hrlsim/lib/python3.8/site-packages/hrlsim/controller
[0.666s] copying /home/cthornton/data/local/college/research/arl/code/sims/airsim/ros_ws/build/hrlsim/build/lib/hrlsim/drone/drone.py -> /home/cthornton/data/local/college/research/arl/code/sims/airsim/ros_ws/install/hrlsim/lib/python3.8/site-packages/hrlsim/drone
[0.667s] copying /home/cthornton/data/local/college/research/arl/code/sims/airsim/ros_ws/build/hrlsim/build/lib/hrlsim/team.py -> /home/cthornton/data/local/college/research/arl/code/sims/airsim/ros_ws/install/hrlsim/lib/python3.8/site-packages/hrlsim
[0.668s] copying /home/cthornton/data/local/college/research/arl/code/sims/airsim/ros_ws/build/hrlsim/build/lib/hrlsim/utility/plotter.py -> /home/cthornton/data/local/college/research/arl/code/sims/airsim/ros_ws/install/hrlsim/lib/python3.8/site-packages/hrlsim/utility
[0.669s] byte-compiling /home/cthornton/data/local/college/research/arl/code/sims/airsim/ros_ws/install/hrlsim/lib/python3.8/site-packages/hrlsim/controller/controller.py to controller.cpython-38.pyc
[0.671s] byte-compiling /home/cthornton/data/local/college/research/arl/code/sims/airsim/ros_ws/install/hrlsim/lib/python3.8/site-packages/hrlsim/drone/drone.py to drone.cpython-38.pyc
[0.674s] byte-compiling /home/cthornton/data/local/college/research/arl/code/sims/airsim/ros_ws/install/hrlsim/lib/python3.8/site-packages/hrlsim/team.py to team.cpython-38.pyc
[0.678s] byte-compiling /home/cthornton/data/local/college/research/arl/code/sims/airsim/ros_ws/install/hrlsim/lib/python3.8/site-packages/hrlsim/utility/plotter.py to plotter.cpython-38.pyc
[0.680s] running install_data
[0.680s] running install_egg_info
[0.682s] removing '/home/cthornton/data/local/college/research/arl/code/sims/airsim/ros_ws/install/hrlsim/lib/python3.8/site-packages/hrlsim-0.0.0-py3.8.egg-info' (and everything under it)
[0.682s] Copying ../../build/hrlsim/hrlsim.egg-info to /home/cthornton/data/local/college/research/arl/code/sims/airsim/ros_ws/install/hrlsim/lib/python3.8/site-packages/hrlsim-0.0.0-py3.8.egg-info
[0.685s] running install_scripts
[0.702s] writing list of installed files to '/home/cthornton/data/local/college/research/arl/code/sims/airsim/ros_ws/build/hrlsim/install.log'
[0.721s] Invoked command in '/home/cthornton/data/local/college/research/arl/code/sims/airsim/ros_ws/src/hrlsim' returned '0': PYTHONPATH=/home/cthornton/data/local/college/research/arl/code/sims/airsim/ros_ws/install/hrlsim/lib/python3.8/site-packages:${PYTHONPATH} /usr/bin/python3 setup.py egg_info --egg-base ../../build/hrlsim build --build-base /home/cthornton/data/local/college/research/arl/code/sims/airsim/ros_ws/build/hrlsim/build install --prefix /home/cthornton/data/local/college/research/arl/code/sims/airsim/ros_ws/install/hrlsim --record /home/cthornton/data/local/college/research/arl/code/sims/airsim/ros_ws/build/hrlsim/install.log --single-version-externally-managed
