[0.015s] Invoking command in '/home/cthornton/data/local/college/research/arl/code/sims/airsim/ros_ws/build/hrlsim_interfaces': CMAKE_PREFIX_PATH=/home/cthornton/data/local/college/research/arl/code/sims/airsim/ros_ws/install/airsim_interfaces:/home/cthornton/data/local/college/research/arl/code/sims/airsim/ros_ws/install/hrlsim_interfaces:/home/cthornton/data/local/college/research/arl/code/sims/airsim/ros_ws/install/hrl_interfaces:/home/cthornton/data/local/college/research/arl/code/sims/airsim/ros_ws/install/airsim_ros_pkgs:/home/cthornton/data/local/college/research/arl/code/sims/airsim/ros_ws/install/hrlsim:/opt/ros/foxy:/home/cthornton/Documents/vela/catkin_ws/devel LD_LIBRARY_PATH=/home/cthornton/data/local/college/research/arl/code/sims/airsim/ros_ws/install/airsim_interfaces/lib:/home/cthornton/data/local/college/research/arl/code/sims/airsim/ros_ws/install/hrlsim_interfaces/lib:/home/cthornton/data/local/college/research/arl/code/sims/airsim/ros_ws/install/hrl_interfaces/lib:/home/cthornton/data/local/college/research/arl/code/sims/airsim/ros_ws/install/airsim_ros_pkgs/lib:/home/cthornton/Documents/vela/catkin_ws/devel/lib:/opt/ros/foxy/opt/yaml_cpp_vendor/lib:/opt/ros/foxy/opt/rviz_ogre_vendor/lib:/opt/ros/foxy/lib/x86_64-linux-gnu:/opt/ros/foxy/lib PYTHONPATH=/home/cthornton/data/local/college/research/arl/code/sims/airsim/ros_ws/install/airsim_interfaces/lib/python3.8/site-packages:/home/cthornton/data/local/college/research/arl/code/sims/airsim/ros_ws/install/hrlsim_interfaces/lib/python3.8/site-packages:/home/cthornton/data/local/college/research/arl/code/sims/airsim/ros_ws/install/hrlsim/lib/python3.8/site-packages:/home/cthornton/data/local/college/research/arl/code/sims/airsim/ros_ws/install/hrl_interfaces/lib/python3.8/site-packages:/home/cthornton/Documents/vela/catkin_ws/devel/lib/python2.7/dist-packages:/opt/ros/foxy/lib/python3.8/site-packages /home/cthornton/.local/bin/cmake --build /home/cthornton/data/local/college/research/arl/code/sims/airsim/ros_ws/build/hrlsim_interfaces -- -j12 -l12
[0.070s] [  1%] Built target hrlsim_interfaces__cpp
[0.077s] [ 12%] Built target hrlsim_interfaces__rosidl_generator_c
[0.100s] [ 23%] Built target hrlsim_interfaces__rosidl_typesupport_cpp
[0.101s] [ 38%] Built target hrlsim_interfaces__rosidl_typesupport_introspection_cpp
[0.102s] [ 46%] Built target hrlsim_interfaces__rosidl_typesupport_fastrtps_cpp
[0.107s] [ 63%] Built target hrlsim_interfaces__rosidl_typesupport_introspection_c
[0.107s] [ 68%] Built target hrlsim_interfaces__rosidl_typesupport_c
[0.120s] [ 79%] Built target hrlsim_interfaces__rosidl_typesupport_fastrtps_c
[0.131s] [ 79%] Built target hrlsim_interfaces
[0.142s] [ 80%] Built target hrlsim_interfaces__py
[0.155s] [ 90%] Built target hrlsim_interfaces__python
[0.170s] [ 93%] Built target hrlsim_interfaces__rosidl_typesupport_introspection_c__pyext
[0.172s] [ 96%] Built target hrlsim_interfaces__rosidl_typesupport_c__pyext
[0.173s] [100%] Built target hrlsim_interfaces__rosidl_typesupport_fastrtps_c__pyext
[0.181s] Invoked command in '/home/cthornton/data/local/college/research/arl/code/sims/airsim/ros_ws/build/hrlsim_interfaces' returned '0': CMAKE_PREFIX_PATH=/home/cthornton/data/local/college/research/arl/code/sims/airsim/ros_ws/install/airsim_interfaces:/home/cthornton/data/local/college/research/arl/code/sims/airsim/ros_ws/install/hrlsim_interfaces:/home/cthornton/data/local/college/research/arl/code/sims/airsim/ros_ws/install/hrl_interfaces:/home/cthornton/data/local/college/research/arl/code/sims/airsim/ros_ws/install/airsim_ros_pkgs:/home/cthornton/data/local/college/research/arl/code/sims/airsim/ros_ws/install/hrlsim:/opt/ros/foxy:/home/cthornton/Documents/vela/catkin_ws/devel LD_LIBRARY_PATH=/home/cthornton/data/local/college/research/arl/code/sims/airsim/ros_ws/install/airsim_interfaces/lib:/home/cthornton/data/local/college/research/arl/code/sims/airsim/ros_ws/install/hrlsim_interfaces/lib:/home/cthornton/data/local/college/research/arl/code/sims/airsim/ros_ws/install/hrl_interfaces/lib:/home/cthornton/data/local/college/research/arl/code/sims/airsim/ros_ws/install/airsim_ros_pkgs/lib:/home/cthornton/Documents/vela/catkin_ws/devel/lib:/opt/ros/foxy/opt/yaml_cpp_vendor/lib:/opt/ros/foxy/opt/rviz_ogre_vendor/lib:/opt/ros/foxy/lib/x86_64-linux-gnu:/opt/ros/foxy/lib PYTHONPATH=/home/cthornton/data/local/college/research/arl/code/sims/airsim/ros_ws/install/airsim_interfaces/lib/python3.8/site-packages:/home/cthornton/data/local/college/research/arl/code/sims/airsim/ros_ws/install/hrlsim_interfaces/lib/python3.8/site-packages:/home/cthornton/data/local/college/research/arl/code/sims/airsim/ros_ws/install/hrlsim/lib/python3.8/site-packages:/home/cthornton/data/local/college/research/arl/code/sims/airsim/ros_ws/install/hrl_interfaces/lib/python3.8/site-packages:/home/cthornton/Documents/vela/catkin_ws/devel/lib/python2.7/dist-packages:/opt/ros/foxy/lib/python3.8/site-packages /home/cthornton/.local/bin/cmake --build /home/cthornton/data/local/college/research/arl/code/sims/airsim/ros_ws/build/hrlsim_interfaces -- -j12 -l12
[0.369s] Invoking command in '/home/cthornton/data/local/college/research/arl/code/sims/airsim/ros_ws/build/hrlsim_interfaces': CMAKE_PREFIX_PATH=/home/cthornton/data/local/college/research/arl/code/sims/airsim/ros_ws/install/airsim_interfaces:/home/cthornton/data/local/college/research/arl/code/sims/airsim/ros_ws/install/hrlsim_interfaces:/home/cthornton/data/local/college/research/arl/code/sims/airsim/ros_ws/install/hrl_interfaces:/home/cthornton/data/local/college/research/arl/code/sims/airsim/ros_ws/install/airsim_ros_pkgs:/home/cthornton/data/local/college/research/arl/code/sims/airsim/ros_ws/install/hrlsim:/opt/ros/foxy:/home/cthornton/Documents/vela/catkin_ws/devel LD_LIBRARY_PATH=/home/cthornton/data/local/college/research/arl/code/sims/airsim/ros_ws/install/airsim_interfaces/lib:/home/cthornton/data/local/college/research/arl/code/sims/airsim/ros_ws/install/hrlsim_interfaces/lib:/home/cthornton/data/local/college/research/arl/code/sims/airsim/ros_ws/install/hrl_interfaces/lib:/home/cthornton/data/local/college/research/arl/code/sims/airsim/ros_ws/install/airsim_ros_pkgs/lib:/home/cthornton/Documents/vela/catkin_ws/devel/lib:/opt/ros/foxy/opt/yaml_cpp_vendor/lib:/opt/ros/foxy/opt/rviz_ogre_vendor/lib:/opt/ros/foxy/lib/x86_64-linux-gnu:/opt/ros/foxy/lib PYTHONPATH=/home/cthornton/data/local/college/research/arl/code/sims/airsim/ros_ws/install/airsim_interfaces/lib/python3.8/site-packages:/home/cthornton/data/local/college/research/arl/code/sims/airsim/ros_ws/install/hrlsim_interfaces/lib/python3.8/site-packages:/home/cthornton/data/local/college/research/arl/code/sims/airsim/ros_ws/install/hrlsim/lib/python3.8/site-packages:/home/cthornton/data/local/college/research/arl/code/sims/airsim/ros_ws/install/hrl_interfaces/lib/python3.8/site-packages:/home/cthornton/Documents/vela/catkin_ws/devel/lib/python2.7/dist-packages:/opt/ros/foxy/lib/python3.8/site-packages /home/cthornton/.local/bin/cmake --install /home/cthornton/data/local/college/research/arl/code/sims/airsim/ros_ws/build/hrlsim_interfaces
[0.404s] -- Install configuration: "Debug"
[0.405s] -- Up-to-date: /home/cthornton/data/local/college/research/arl/code/sims/airsim/ros_ws/install/hrlsim_interfaces/share/ament_index/resource_index/rosidl_interfaces/hrlsim_interfaces
[0.405s] -- Up-to-date: /home/cthornton/data/local/college/research/arl/code/sims/airsim/ros_ws/install/hrlsim_interfaces/include/hrlsim_interfaces
[0.405s] -- Up-to-date: /home/cthornton/data/local/college/research/arl/code/sims/airsim/ros_ws/install/hrlsim_interfaces/include/hrlsim_interfaces/action
[0.406s] -- Up-to-date: /home/cthornton/data/local/college/research/arl/code/sims/airsim/ros_ws/install/hrlsim_interfaces/include/hrlsim_interfaces/action/detail
[0.406s] -- Up-to-date: /home/cthornton/data/local/college/research/arl/code/sims/airsim/ros_ws/install/hrlsim_interfaces/include/hrlsim_interfaces/action/detail/move_to_location__functions.c
[0.406s] -- Up-to-date: /home/cthornton/data/local/college/research/arl/code/sims/airsim/ros_ws/install/hrlsim_interfaces/include/hrlsim_interfaces/action/detail/move_to_location__functions.h
[0.407s] -- Up-to-date: /home/cthornton/data/local/college/research/arl/code/sims/airsim/ros_ws/install/hrlsim_interfaces/include/hrlsim_interfaces/action/detail/move_to_location__struct.h
[0.407s] -- Up-to-date: /home/cthornton/data/local/college/research/arl/code/sims/airsim/ros_ws/install/hrlsim_interfaces/include/hrlsim_interfaces/action/detail/move_to_location__type_support.h
[0.407s] -- Up-to-date: /home/cthornton/data/local/college/research/arl/code/sims/airsim/ros_ws/install/hrlsim_interfaces/include/hrlsim_interfaces/action/detail/track_object__functions.c
[0.408s] -- Up-to-date: /home/cthornton/data/local/college/research/arl/code/sims/airsim/ros_ws/install/hrlsim_interfaces/include/hrlsim_interfaces/action/detail/track_object__functions.h
[0.408s] -- Up-to-date: /home/cthornton/data/local/college/research/arl/code/sims/airsim/ros_ws/install/hrlsim_interfaces/include/hrlsim_interfaces/action/detail/track_object__struct.h
[0.409s] -- Up-to-date: /home/cthornton/data/local/college/research/arl/code/sims/airsim/ros_ws/install/hrlsim_interfaces/include/hrlsim_interfaces/action/detail/track_object__type_support.h
[0.409s] -- Up-to-date: /home/cthornton/data/local/college/research/arl/code/sims/airsim/ros_ws/install/hrlsim_interfaces/include/hrlsim_interfaces/action/move_to_location.h
[0.409s] -- Up-to-date: /home/cthornton/data/local/college/research/arl/code/sims/airsim/ros_ws/install/hrlsim_interfaces/include/hrlsim_interfaces/action/track_object.h
[0.410s] -- Up-to-date: /home/cthornton/data/local/college/research/arl/code/sims/airsim/ros_ws/install/hrlsim_interfaces/include/hrlsim_interfaces/msg
[0.410s] -- Up-to-date: /home/cthornton/data/local/college/research/arl/code/sims/airsim/ros_ws/install/hrlsim_interfaces/include/hrlsim_interfaces/msg/detail
[0.410s] -- Up-to-date: /home/cthornton/data/local/college/research/arl/code/sims/airsim/ros_ws/install/hrlsim_interfaces/include/hrlsim_interfaces/msg/detail/multirotor__functions.c
[0.411s] -- Up-to-date: /home/cthornton/data/local/college/research/arl/code/sims/airsim/ros_ws/install/hrlsim_interfaces/include/hrlsim_interfaces/msg/detail/multirotor__functions.h
[0.412s] -- Up-to-date: /home/cthornton/data/local/college/research/arl/code/sims/airsim/ros_ws/install/hrlsim_interfaces/include/hrlsim_interfaces/msg/detail/multirotor__struct.h
[0.412s] -- Up-to-date: /home/cthornton/data/local/college/research/arl/code/sims/airsim/ros_ws/install/hrlsim_interfaces/include/hrlsim_interfaces/msg/detail/multirotor__type_support.h
[0.413s] -- Up-to-date: /home/cthornton/data/local/college/research/arl/code/sims/airsim/ros_ws/install/hrlsim_interfaces/include/hrlsim_interfaces/msg/detail/sensors__functions.c
[0.413s] -- Up-to-date: /home/cthornton/data/local/college/research/arl/code/sims/airsim/ros_ws/install/hrlsim_interfaces/include/hrlsim_interfaces/msg/detail/sensors__functions.h
[0.414s] -- Up-to-date: /home/cthornton/data/local/college/research/arl/code/sims/airsim/ros_ws/install/hrlsim_interfaces/include/hrlsim_interfaces/msg/detail/sensors__struct.h
[0.414s] -- Up-to-date: /home/cthornton/data/local/college/research/arl/code/sims/airsim/ros_ws/install/hrlsim_interfaces/include/hrlsim_interfaces/msg/detail/sensors__type_support.h
[0.414s] -- Up-to-date: /home/cthornton/data/local/college/research/arl/code/sims/airsim/ros_ws/install/hrlsim_interfaces/include/hrlsim_interfaces/msg/detail/state__functions.c
[0.415s] -- Up-to-date: /home/cthornton/data/local/college/research/arl/code/sims/airsim/ros_ws/install/hrlsim_interfaces/include/hrlsim_interfaces/msg/detail/state__functions.h
[0.415s] -- Up-to-date: /home/cthornton/data/local/college/research/arl/code/sims/airsim/ros_ws/install/hrlsim_interfaces/include/hrlsim_interfaces/msg/detail/state__struct.h
[0.416s] -- Up-to-date: /home/cthornton/data/local/college/research/arl/code/sims/airsim/ros_ws/install/hrlsim_interfaces/include/hrlsim_interfaces/msg/detail/state__type_support.h
[0.416s] -- Up-to-date: /home/cthornton/data/local/college/research/arl/code/sims/airsim/ros_ws/install/hrlsim_interfaces/include/hrlsim_interfaces/msg/multirotor.h
[0.416s] -- Up-to-date: /home/cthornton/data/local/college/research/arl/code/sims/airsim/ros_ws/install/hrlsim_interfaces/include/hrlsim_interfaces/msg/rosidl_generator_c__visibility_control.h
[0.417s] -- Up-to-date: /home/cthornton/data/local/college/research/arl/code/sims/airsim/ros_ws/install/hrlsim_interfaces/include/hrlsim_interfaces/msg/sensors.h
[0.417s] -- Up-to-date: /home/cthornton/data/local/college/research/arl/code/sims/airsim/ros_ws/install/hrlsim_interfaces/include/hrlsim_interfaces/msg/state.h
[0.417s] -- Up-to-date: /home/cthornton/data/local/college/research/arl/code/sims/airsim/ros_ws/install/hrlsim_interfaces/share/hrlsim_interfaces/environment/library_path.sh
[0.417s] -- Up-to-date: /home/cthornton/data/local/college/research/arl/code/sims/airsim/ros_ws/install/hrlsim_interfaces/share/hrlsim_interfaces/environment/library_path.dsv
[0.419s] -- Up-to-date: /home/cthornton/data/local/college/research/arl/code/sims/airsim/ros_ws/install/hrlsim_interfaces/lib/libhrlsim_interfaces__rosidl_generator_c.so
[0.420s] -- Up-to-date: /home/cthornton/data/local/college/research/arl/code/sims/airsim/ros_ws/install/hrlsim_interfaces/include/hrlsim_interfaces
[0.420s] -- Up-to-date: /home/cthornton/data/local/college/research/arl/code/sims/airsim/ros_ws/install/hrlsim_interfaces/include/hrlsim_interfaces/action
[0.421s] -- Up-to-date: /home/cthornton/data/local/college/research/arl/code/sims/airsim/ros_ws/install/hrlsim_interfaces/include/hrlsim_interfaces/action/detail
[0.421s] -- Up-to-date: /home/cthornton/data/local/college/research/arl/code/sims/airsim/ros_ws/install/hrlsim_interfaces/include/hrlsim_interfaces/action/detail/move_to_location__rosidl_typesupport_fastrtps_c.h
[0.422s] -- Up-to-date: /home/cthornton/data/local/college/research/arl/code/sims/airsim/ros_ws/install/hrlsim_interfaces/include/hrlsim_interfaces/action/detail/track_object__rosidl_typesupport_fastrtps_c.h
[0.422s] -- Up-to-date: /home/cthornton/data/local/college/research/arl/code/sims/airsim/ros_ws/install/hrlsim_interfaces/include/hrlsim_interfaces/msg
[0.422s] -- Up-to-date: /home/cthornton/data/local/college/research/arl/code/sims/airsim/ros_ws/install/hrlsim_interfaces/include/hrlsim_interfaces/msg/detail
[0.423s] -- Up-to-date: /home/cthornton/data/local/college/research/arl/code/sims/airsim/ros_ws/install/hrlsim_interfaces/include/hrlsim_interfaces/msg/detail/multirotor__rosidl_typesupport_fastrtps_c.h
[0.423s] -- Up-to-date: /home/cthornton/data/local/college/research/arl/code/sims/airsim/ros_ws/install/hrlsim_interfaces/include/hrlsim_interfaces/msg/detail/sensors__rosidl_typesupport_fastrtps_c.h
[0.423s] -- Up-to-date: /home/cthornton/data/local/college/research/arl/code/sims/airsim/ros_ws/install/hrlsim_interfaces/include/hrlsim_interfaces/msg/detail/state__rosidl_typesupport_fastrtps_c.h
[0.424s] -- Up-to-date: /home/cthornton/data/local/college/research/arl/code/sims/airsim/ros_ws/install/hrlsim_interfaces/include/hrlsim_interfaces/msg/rosidl_typesupport_fastrtps_c__visibility_control.h
[0.425s] -- Up-to-date: /home/cthornton/data/local/college/research/arl/code/sims/airsim/ros_ws/install/hrlsim_interfaces/lib/libhrlsim_interfaces__rosidl_typesupport_fastrtps_c.so
[0.425s] -- Up-to-date: /home/cthornton/data/local/college/research/arl/code/sims/airsim/ros_ws/install/hrlsim_interfaces/include/hrlsim_interfaces
[0.426s] -- Up-to-date: /home/cthornton/data/local/college/research/arl/code/sims/airsim/ros_ws/install/hrlsim_interfaces/include/hrlsim_interfaces/action
[0.426s] -- Up-to-date: /home/cthornton/data/local/college/research/arl/code/sims/airsim/ros_ws/install/hrlsim_interfaces/include/hrlsim_interfaces/action/detail
[0.426s] -- Up-to-date: /home/cthornton/data/local/college/research/arl/code/sims/airsim/ros_ws/install/hrlsim_interfaces/include/hrlsim_interfaces/action/detail/dds_fastrtps
[0.427s] -- Up-to-date: /home/cthornton/data/local/college/research/arl/code/sims/airsim/ros_ws/install/hrlsim_interfaces/include/hrlsim_interfaces/action/detail/move_to_location__rosidl_typesupport_fastrtps_cpp.hpp
[0.427s] -- Up-to-date: /home/cthornton/data/local/college/research/arl/code/sims/airsim/ros_ws/install/hrlsim_interfaces/include/hrlsim_interfaces/action/detail/track_object__rosidl_typesupport_fastrtps_cpp.hpp
[0.428s] -- Up-to-date: /home/cthornton/data/local/college/research/arl/code/sims/airsim/ros_ws/install/hrlsim_interfaces/include/hrlsim_interfaces/msg
[0.428s] -- Up-to-date: /home/cthornton/data/local/college/research/arl/code/sims/airsim/ros_ws/install/hrlsim_interfaces/include/hrlsim_interfaces/msg/detail
[0.428s] -- Up-to-date: /home/cthornton/data/local/college/research/arl/code/sims/airsim/ros_ws/install/hrlsim_interfaces/include/hrlsim_interfaces/msg/detail/dds_fastrtps
[0.429s] -- Up-to-date: /home/cthornton/data/local/college/research/arl/code/sims/airsim/ros_ws/install/hrlsim_interfaces/include/hrlsim_interfaces/msg/detail/multirotor__rosidl_typesupport_fastrtps_cpp.hpp
[0.429s] -- Up-to-date: /home/cthornton/data/local/college/research/arl/code/sims/airsim/ros_ws/install/hrlsim_interfaces/include/hrlsim_interfaces/msg/detail/sensors__rosidl_typesupport_fastrtps_cpp.hpp
[0.429s] -- Up-to-date: /home/cthornton/data/local/college/research/arl/code/sims/airsim/ros_ws/install/hrlsim_interfaces/include/hrlsim_interfaces/msg/detail/state__rosidl_typesupport_fastrtps_cpp.hpp
[0.429s] -- Up-to-date: /home/cthornton/data/local/college/research/arl/code/sims/airsim/ros_ws/install/hrlsim_interfaces/include/hrlsim_interfaces/msg/rosidl_typesupport_fastrtps_cpp__visibility_control.h
[0.430s] -- Up-to-date: /home/cthornton/data/local/college/research/arl/code/sims/airsim/ros_ws/install/hrlsim_interfaces/lib/libhrlsim_interfaces__rosidl_typesupport_fastrtps_cpp.so
[0.431s] -- Up-to-date: /home/cthornton/data/local/college/research/arl/code/sims/airsim/ros_ws/install/hrlsim_interfaces/include/hrlsim_interfaces
[0.431s] -- Up-to-date: /home/cthornton/data/local/college/research/arl/code/sims/airsim/ros_ws/install/hrlsim_interfaces/include/hrlsim_interfaces/action
[0.432s] -- Up-to-date: /home/cthornton/data/local/college/research/arl/code/sims/airsim/ros_ws/install/hrlsim_interfaces/include/hrlsim_interfaces/action/detail
[0.432s] -- Up-to-date: /home/cthornton/data/local/college/research/arl/code/sims/airsim/ros_ws/install/hrlsim_interfaces/include/hrlsim_interfaces/action/detail/move_to_location__rosidl_typesupport_introspection_c.h
[0.432s] -- Up-to-date: /home/cthornton/data/local/college/research/arl/code/sims/airsim/ros_ws/install/hrlsim_interfaces/include/hrlsim_interfaces/action/detail/move_to_location__type_support.c
[0.433s] -- Up-to-date: /home/cthornton/data/local/college/research/arl/code/sims/airsim/ros_ws/install/hrlsim_interfaces/include/hrlsim_interfaces/action/detail/track_object__rosidl_typesupport_introspection_c.h
[0.433s] -- Up-to-date: /home/cthornton/data/local/college/research/arl/code/sims/airsim/ros_ws/install/hrlsim_interfaces/include/hrlsim_interfaces/action/detail/track_object__type_support.c
[0.433s] -- Up-to-date: /home/cthornton/data/local/college/research/arl/code/sims/airsim/ros_ws/install/hrlsim_interfaces/include/hrlsim_interfaces/msg
[0.433s] -- Up-to-date: /home/cthornton/data/local/college/research/arl/code/sims/airsim/ros_ws/install/hrlsim_interfaces/include/hrlsim_interfaces/msg/detail
[0.434s] -- Up-to-date: /home/cthornton/data/local/college/research/arl/code/sims/airsim/ros_ws/install/hrlsim_interfaces/include/hrlsim_interfaces/msg/detail/multirotor__rosidl_typesupport_introspection_c.h
[0.434s] -- Up-to-date: /home/cthornton/data/local/college/research/arl/code/sims/airsim/ros_ws/install/hrlsim_interfaces/include/hrlsim_interfaces/msg/detail/multirotor__type_support.c
[0.434s] -- Up-to-date: /home/cthornton/data/local/college/research/arl/code/sims/airsim/ros_ws/install/hrlsim_interfaces/include/hrlsim_interfaces/msg/detail/sensors__rosidl_typesupport_introspection_c.h
[0.435s] -- Up-to-date: /home/cthornton/data/local/college/research/arl/code/sims/airsim/ros_ws/install/hrlsim_interfaces/include/hrlsim_interfaces/msg/detail/sensors__type_support.c
[0.435s] -- Up-to-date: /home/cthornton/data/local/college/research/arl/code/sims/airsim/ros_ws/install/hrlsim_interfaces/include/hrlsim_interfaces/msg/detail/state__rosidl_typesupport_introspection_c.h
[0.435s] -- Up-to-date: /home/cthornton/data/local/college/research/arl/code/sims/airsim/ros_ws/install/hrlsim_interfaces/include/hrlsim_interfaces/msg/detail/state__type_support.c
[0.435s] -- Up-to-date: /home/cthornton/data/local/college/research/arl/code/sims/airsim/ros_ws/install/hrlsim_interfaces/include/hrlsim_interfaces/msg/rosidl_typesupport_introspection_c__visibility_control.h
[0.436s] -- Up-to-date: /home/cthornton/data/local/college/research/arl/code/sims/airsim/ros_ws/install/hrlsim_interfaces/lib/libhrlsim_interfaces__rosidl_typesupport_introspection_c.so
[0.438s] -- Up-to-date: /home/cthornton/data/local/college/research/arl/code/sims/airsim/ros_ws/install/hrlsim_interfaces/lib/libhrlsim_interfaces__rosidl_typesupport_c.so
[0.439s] -- Up-to-date: /home/cthornton/data/local/college/research/arl/code/sims/airsim/ros_ws/install/hrlsim_interfaces/include/hrlsim_interfaces
[0.439s] -- Up-to-date: /home/cthornton/data/local/college/research/arl/code/sims/airsim/ros_ws/install/hrlsim_interfaces/include/hrlsim_interfaces/action
[0.439s] -- Up-to-date: /home/cthornton/data/local/college/research/arl/code/sims/airsim/ros_ws/install/hrlsim_interfaces/include/hrlsim_interfaces/action/detail
[0.440s] -- Up-to-date: /home/cthornton/data/local/college/research/arl/code/sims/airsim/ros_ws/install/hrlsim_interfaces/include/hrlsim_interfaces/action/detail/move_to_location__builder.hpp
[0.440s] -- Up-to-date: /home/cthornton/data/local/college/research/arl/code/sims/airsim/ros_ws/install/hrlsim_interfaces/include/hrlsim_interfaces/action/detail/move_to_location__struct.hpp
[0.440s] -- Up-to-date: /home/cthornton/data/local/college/research/arl/code/sims/airsim/ros_ws/install/hrlsim_interfaces/include/hrlsim_interfaces/action/detail/move_to_location__traits.hpp
[0.441s] -- Up-to-date: /home/cthornton/data/local/college/research/arl/code/sims/airsim/ros_ws/install/hrlsim_interfaces/include/hrlsim_interfaces/action/detail/track_object__builder.hpp
[0.441s] -- Up-to-date: /home/cthornton/data/local/college/research/arl/code/sims/airsim/ros_ws/install/hrlsim_interfaces/include/hrlsim_interfaces/action/detail/track_object__struct.hpp
[0.441s] -- Up-to-date: /home/cthornton/data/local/college/research/arl/code/sims/airsim/ros_ws/install/hrlsim_interfaces/include/hrlsim_interfaces/action/detail/track_object__traits.hpp
[0.441s] -- Up-to-date: /home/cthornton/data/local/college/research/arl/code/sims/airsim/ros_ws/install/hrlsim_interfaces/include/hrlsim_interfaces/action/move_to_location.hpp
[0.442s] -- Up-to-date: /home/cthornton/data/local/college/research/arl/code/sims/airsim/ros_ws/install/hrlsim_interfaces/include/hrlsim_interfaces/action/track_object.hpp
[0.442s] -- Up-to-date: /home/cthornton/data/local/college/research/arl/code/sims/airsim/ros_ws/install/hrlsim_interfaces/include/hrlsim_interfaces/msg
[0.442s] -- Up-to-date: /home/cthornton/data/local/college/research/arl/code/sims/airsim/ros_ws/install/hrlsim_interfaces/include/hrlsim_interfaces/msg/detail
[0.442s] -- Up-to-date: /home/cthornton/data/local/college/research/arl/code/sims/airsim/ros_ws/install/hrlsim_interfaces/include/hrlsim_interfaces/msg/detail/multirotor__builder.hpp
[0.443s] -- Up-to-date: /home/cthornton/data/local/college/research/arl/code/sims/airsim/ros_ws/install/hrlsim_interfaces/include/hrlsim_interfaces/msg/detail/multirotor__struct.hpp
[0.443s] -- Up-to-date: /home/cthornton/data/local/college/research/arl/code/sims/airsim/ros_ws/install/hrlsim_interfaces/include/hrlsim_interfaces/msg/detail/multirotor__traits.hpp
[0.443s] -- Up-to-date: /home/cthornton/data/local/college/research/arl/code/sims/airsim/ros_ws/install/hrlsim_interfaces/include/hrlsim_interfaces/msg/detail/sensors__builder.hpp
[0.444s] -- Up-to-date: /home/cthornton/data/local/college/research/arl/code/sims/airsim/ros_ws/install/hrlsim_interfaces/include/hrlsim_interfaces/msg/detail/sensors__struct.hpp
[0.444s] -- Up-to-date: /home/cthornton/data/local/college/research/arl/code/sims/airsim/ros_ws/install/hrlsim_interfaces/include/hrlsim_interfaces/msg/detail/sensors__traits.hpp
[0.444s] -- Up-to-date: /home/cthornton/data/local/college/research/arl/code/sims/airsim/ros_ws/install/hrlsim_interfaces/include/hrlsim_interfaces/msg/detail/state__builder.hpp
[0.444s] -- Up-to-date: /home/cthornton/data/local/college/research/arl/code/sims/airsim/ros_ws/install/hrlsim_interfaces/include/hrlsim_interfaces/msg/detail/state__struct.hpp
[0.445s] -- Up-to-date: /home/cthornton/data/local/college/research/arl/code/sims/airsim/ros_ws/install/hrlsim_interfaces/include/hrlsim_interfaces/msg/detail/state__traits.hpp
[0.445s] -- Up-to-date: /home/cthornton/data/local/college/research/arl/code/sims/airsim/ros_ws/install/hrlsim_interfaces/include/hrlsim_interfaces/msg/multirotor.hpp
[0.445s] -- Up-to-date: /home/cthornton/data/local/college/research/arl/code/sims/airsim/ros_ws/install/hrlsim_interfaces/include/hrlsim_interfaces/msg/sensors.hpp
[0.445s] -- Up-to-date: /home/cthornton/data/local/college/research/arl/code/sims/airsim/ros_ws/install/hrlsim_interfaces/include/hrlsim_interfaces/msg/state.hpp
[0.446s] -- Up-to-date: /home/cthornton/data/local/college/research/arl/code/sims/airsim/ros_ws/install/hrlsim_interfaces/include/hrlsim_interfaces
[0.446s] -- Up-to-date: /home/cthornton/data/local/college/research/arl/code/sims/airsim/ros_ws/install/hrlsim_interfaces/include/hrlsim_interfaces/action
[0.446s] -- Up-to-date: /home/cthornton/data/local/college/research/arl/code/sims/airsim/ros_ws/install/hrlsim_interfaces/include/hrlsim_interfaces/action/detail
[0.447s] -- Up-to-date: /home/cthornton/data/local/college/research/arl/code/sims/airsim/ros_ws/install/hrlsim_interfaces/include/hrlsim_interfaces/action/detail/move_to_location__rosidl_typesupport_introspection_cpp.hpp
[0.447s] -- Up-to-date: /home/cthornton/data/local/college/research/arl/code/sims/airsim/ros_ws/install/hrlsim_interfaces/include/hrlsim_interfaces/action/detail/move_to_location__type_support.cpp
[0.447s] -- Up-to-date: /home/cthornton/data/local/college/research/arl/code/sims/airsim/ros_ws/install/hrlsim_interfaces/include/hrlsim_interfaces/action/detail/track_object__rosidl_typesupport_introspection_cpp.hpp
[0.447s] -- Up-to-date: /home/cthornton/data/local/college/research/arl/code/sims/airsim/ros_ws/install/hrlsim_interfaces/include/hrlsim_interfaces/action/detail/track_object__type_support.cpp
[0.448s] -- Up-to-date: /home/cthornton/data/local/college/research/arl/code/sims/airsim/ros_ws/install/hrlsim_interfaces/include/hrlsim_interfaces/msg
[0.448s] -- Up-to-date: /home/cthornton/data/local/college/research/arl/code/sims/airsim/ros_ws/install/hrlsim_interfaces/include/hrlsim_interfaces/msg/detail
[0.448s] -- Up-to-date: /home/cthornton/data/local/college/research/arl/code/sims/airsim/ros_ws/install/hrlsim_interfaces/include/hrlsim_interfaces/msg/detail/multirotor__rosidl_typesupport_introspection_cpp.hpp
[0.449s] -- Up-to-date: /home/cthornton/data/local/college/research/arl/code/sims/airsim/ros_ws/install/hrlsim_interfaces/include/hrlsim_interfaces/msg/detail/multirotor__type_support.cpp
[0.449s] -- Up-to-date: /home/cthornton/data/local/college/research/arl/code/sims/airsim/ros_ws/install/hrlsim_interfaces/include/hrlsim_interfaces/msg/detail/sensors__rosidl_typesupport_introspection_cpp.hpp
[0.449s] -- Up-to-date: /home/cthornton/data/local/college/research/arl/code/sims/airsim/ros_ws/install/hrlsim_interfaces/include/hrlsim_interfaces/msg/detail/sensors__type_support.cpp
[0.450s] -- Up-to-date: /home/cthornton/data/local/college/research/arl/code/sims/airsim/ros_ws/install/hrlsim_interfaces/include/hrlsim_interfaces/msg/detail/state__rosidl_typesupport_introspection_cpp.hpp
[0.450s] -- Up-to-date: /home/cthornton/data/local/college/research/arl/code/sims/airsim/ros_ws/install/hrlsim_interfaces/include/hrlsim_interfaces/msg/detail/state__type_support.cpp
[0.451s] -- Up-to-date: /home/cthornton/data/local/college/research/arl/code/sims/airsim/ros_ws/install/hrlsim_interfaces/lib/libhrlsim_interfaces__rosidl_typesupport_introspection_cpp.so
[0.452s] -- Up-to-date: /home/cthornton/data/local/college/research/arl/code/sims/airsim/ros_ws/install/hrlsim_interfaces/lib/libhrlsim_interfaces__rosidl_typesupport_cpp.so
[0.453s] -- Up-to-date: /home/cthornton/data/local/college/research/arl/code/sims/airsim/ros_ws/install/hrlsim_interfaces/share/hrlsim_interfaces/environment/pythonpath.sh
[0.454s] -- Up-to-date: /home/cthornton/data/local/college/research/arl/code/sims/airsim/ros_ws/install/hrlsim_interfaces/share/hrlsim_interfaces/environment/pythonpath.dsv
[0.454s] -- Up-to-date: /home/cthornton/data/local/college/research/arl/code/sims/airsim/ros_ws/install/hrlsim_interfaces/lib/python3.8/site-packages/hrlsim_interfaces/__init__.py
[0.506s] -- Up-to-date: /home/cthornton/data/local/college/research/arl/code/sims/airsim/ros_ws/install/hrlsim_interfaces/lib/python3.8/site-packages/hrlsim_interfaces/msg
[0.506s] -- Up-to-date: /home/cthornton/data/local/college/research/arl/code/sims/airsim/ros_ws/install/hrlsim_interfaces/lib/python3.8/site-packages/hrlsim_interfaces/msg/_multirotor.py
[0.507s] -- Up-to-date: /home/cthornton/data/local/college/research/arl/code/sims/airsim/ros_ws/install/hrlsim_interfaces/lib/python3.8/site-packages/hrlsim_interfaces/msg/_multirotor_s.c
[0.507s] -- Up-to-date: /home/cthornton/data/local/college/research/arl/code/sims/airsim/ros_ws/install/hrlsim_interfaces/lib/python3.8/site-packages/hrlsim_interfaces/msg/_sensors.py
[0.507s] -- Up-to-date: /home/cthornton/data/local/college/research/arl/code/sims/airsim/ros_ws/install/hrlsim_interfaces/lib/python3.8/site-packages/hrlsim_interfaces/msg/_sensors_s.c
[0.507s] -- Up-to-date: /home/cthornton/data/local/college/research/arl/code/sims/airsim/ros_ws/install/hrlsim_interfaces/lib/python3.8/site-packages/hrlsim_interfaces/msg/_state.py
[0.508s] -- Up-to-date: /home/cthornton/data/local/college/research/arl/code/sims/airsim/ros_ws/install/hrlsim_interfaces/lib/python3.8/site-packages/hrlsim_interfaces/msg/_state_s.c
[0.508s] -- Up-to-date: /home/cthornton/data/local/college/research/arl/code/sims/airsim/ros_ws/install/hrlsim_interfaces/lib/python3.8/site-packages/hrlsim_interfaces/msg/__init__.py
[0.508s] -- Up-to-date: /home/cthornton/data/local/college/research/arl/code/sims/airsim/ros_ws/install/hrlsim_interfaces/lib/python3.8/site-packages/hrlsim_interfaces/action
[0.508s] -- Up-to-date: /home/cthornton/data/local/college/research/arl/code/sims/airsim/ros_ws/install/hrlsim_interfaces/lib/python3.8/site-packages/hrlsim_interfaces/action/_move_to_location.py
[0.509s] -- Up-to-date: /home/cthornton/data/local/college/research/arl/code/sims/airsim/ros_ws/install/hrlsim_interfaces/lib/python3.8/site-packages/hrlsim_interfaces/action/_move_to_location_s.c
[0.509s] -- Up-to-date: /home/cthornton/data/local/college/research/arl/code/sims/airsim/ros_ws/install/hrlsim_interfaces/lib/python3.8/site-packages/hrlsim_interfaces/action/_track_object.py
[0.509s] -- Up-to-date: /home/cthornton/data/local/college/research/arl/code/sims/airsim/ros_ws/install/hrlsim_interfaces/lib/python3.8/site-packages/hrlsim_interfaces/action/_track_object_s.c
[0.509s] -- Up-to-date: /home/cthornton/data/local/college/research/arl/code/sims/airsim/ros_ws/install/hrlsim_interfaces/lib/python3.8/site-packages/hrlsim_interfaces/action/__init__.py
[0.511s] -- Up-to-date: /home/cthornton/data/local/college/research/arl/code/sims/airsim/ros_ws/install/hrlsim_interfaces/lib/python3.8/site-packages/hrlsim_interfaces/hrlsim_interfaces_s__rosidl_typesupport_fastrtps_c.cpython-38-x86_64-linux-gnu.so
[0.513s] -- Up-to-date: /home/cthornton/data/local/college/research/arl/code/sims/airsim/ros_ws/install/hrlsim_interfaces/lib/python3.8/site-packages/hrlsim_interfaces/hrlsim_interfaces_s__rosidl_typesupport_introspection_c.cpython-38-x86_64-linux-gnu.so
[0.515s] -- Up-to-date: /home/cthornton/data/local/college/research/arl/code/sims/airsim/ros_ws/install/hrlsim_interfaces/lib/python3.8/site-packages/hrlsim_interfaces/hrlsim_interfaces_s__rosidl_typesupport_c.cpython-38-x86_64-linux-gnu.so
[0.518s] -- Up-to-date: /home/cthornton/data/local/college/research/arl/code/sims/airsim/ros_ws/install/hrlsim_interfaces/lib/libhrlsim_interfaces__python.so
[0.519s] -- Up-to-date: /home/cthornton/data/local/college/research/arl/code/sims/airsim/ros_ws/install/hrlsim_interfaces/share/hrlsim_interfaces/msg/Multirotor.idl
[0.519s] -- Up-to-date: /home/cthornton/data/local/college/research/arl/code/sims/airsim/ros_ws/install/hrlsim_interfaces/share/hrlsim_interfaces/msg/Sensors.idl
[0.519s] -- Up-to-date: /home/cthornton/data/local/college/research/arl/code/sims/airsim/ros_ws/install/hrlsim_interfaces/share/hrlsim_interfaces/msg/State.idl
[0.519s] -- Up-to-date: /home/cthornton/data/local/college/research/arl/code/sims/airsim/ros_ws/install/hrlsim_interfaces/share/hrlsim_interfaces/action/MoveToLocation.idl
[0.520s] -- Up-to-date: /home/cthornton/data/local/college/research/arl/code/sims/airsim/ros_ws/install/hrlsim_interfaces/share/hrlsim_interfaces/action/TrackObject.idl
[0.520s] -- Up-to-date: /home/cthornton/data/local/college/research/arl/code/sims/airsim/ros_ws/install/hrlsim_interfaces/share/hrlsim_interfaces/msg/Multirotor.msg
[0.520s] -- Up-to-date: /home/cthornton/data/local/college/research/arl/code/sims/airsim/ros_ws/install/hrlsim_interfaces/share/hrlsim_interfaces/msg/Sensors.msg
[0.520s] -- Up-to-date: /home/cthornton/data/local/college/research/arl/code/sims/airsim/ros_ws/install/hrlsim_interfaces/share/hrlsim_interfaces/msg/State.msg
[0.521s] -- Up-to-date: /home/cthornton/data/local/college/research/arl/code/sims/airsim/ros_ws/install/hrlsim_interfaces/share/hrlsim_interfaces/action/MoveToLocation.action
[0.521s] -- Up-to-date: /home/cthornton/data/local/college/research/arl/code/sims/airsim/ros_ws/install/hrlsim_interfaces/share/hrlsim_interfaces/action/TrackObject.action
[0.521s] -- Up-to-date: /home/cthornton/data/local/college/research/arl/code/sims/airsim/ros_ws/install/hrlsim_interfaces/share/ament_index/resource_index/package_run_dependencies/hrlsim_interfaces
[0.521s] -- Up-to-date: /home/cthornton/data/local/college/research/arl/code/sims/airsim/ros_ws/install/hrlsim_interfaces/share/ament_index/resource_index/parent_prefix_path/hrlsim_interfaces
[0.522s] -- Up-to-date: /home/cthornton/data/local/college/research/arl/code/sims/airsim/ros_ws/install/hrlsim_interfaces/share/hrlsim_interfaces/environment/ament_prefix_path.sh
[0.522s] -- Up-to-date: /home/cthornton/data/local/college/research/arl/code/sims/airsim/ros_ws/install/hrlsim_interfaces/share/hrlsim_interfaces/environment/ament_prefix_path.dsv
[0.522s] -- Up-to-date: /home/cthornton/data/local/college/research/arl/code/sims/airsim/ros_ws/install/hrlsim_interfaces/share/hrlsim_interfaces/environment/path.sh
[0.523s] -- Up-to-date: /home/cthornton/data/local/college/research/arl/code/sims/airsim/ros_ws/install/hrlsim_interfaces/share/hrlsim_interfaces/environment/path.dsv
[0.523s] -- Up-to-date: /home/cthornton/data/local/college/research/arl/code/sims/airsim/ros_ws/install/hrlsim_interfaces/share/hrlsim_interfaces/local_setup.bash
[0.523s] -- Up-to-date: /home/cthornton/data/local/college/research/arl/code/sims/airsim/ros_ws/install/hrlsim_interfaces/share/hrlsim_interfaces/local_setup.sh
[0.523s] -- Up-to-date: /home/cthornton/data/local/college/research/arl/code/sims/airsim/ros_ws/install/hrlsim_interfaces/share/hrlsim_interfaces/local_setup.zsh
[0.524s] -- Up-to-date: /home/cthornton/data/local/college/research/arl/code/sims/airsim/ros_ws/install/hrlsim_interfaces/share/hrlsim_interfaces/local_setup.dsv
[0.524s] -- Installing: /home/cthornton/data/local/college/research/arl/code/sims/airsim/ros_ws/install/hrlsim_interfaces/share/hrlsim_interfaces/package.dsv
[0.525s] -- Up-to-date: /home/cthornton/data/local/college/research/arl/code/sims/airsim/ros_ws/install/hrlsim_interfaces/share/ament_index/resource_index/packages/hrlsim_interfaces
[0.525s] -- Up-to-date: /home/cthornton/data/local/college/research/arl/code/sims/airsim/ros_ws/install/hrlsim_interfaces/share/hrlsim_interfaces/cmake/hrlsim_interfaces__rosidl_generator_cExport.cmake
[0.525s] -- Up-to-date: /home/cthornton/data/local/college/research/arl/code/sims/airsim/ros_ws/install/hrlsim_interfaces/share/hrlsim_interfaces/cmake/hrlsim_interfaces__rosidl_generator_cExport-debug.cmake
[0.526s] -- Up-to-date: /home/cthornton/data/local/college/research/arl/code/sims/airsim/ros_ws/install/hrlsim_interfaces/share/hrlsim_interfaces/cmake/hrlsim_interfaces__rosidl_typesupport_introspection_cExport.cmake
[0.526s] -- Up-to-date: /home/cthornton/data/local/college/research/arl/code/sims/airsim/ros_ws/install/hrlsim_interfaces/share/hrlsim_interfaces/cmake/hrlsim_interfaces__rosidl_typesupport_introspection_cExport-debug.cmake
[0.526s] -- Up-to-date: /home/cthornton/data/local/college/research/arl/code/sims/airsim/ros_ws/install/hrlsim_interfaces/share/hrlsim_interfaces/cmake/hrlsim_interfaces__rosidl_typesupport_cExport.cmake
[0.527s] -- Up-to-date: /home/cthornton/data/local/college/research/arl/code/sims/airsim/ros_ws/install/hrlsim_interfaces/share/hrlsim_interfaces/cmake/hrlsim_interfaces__rosidl_typesupport_cExport-debug.cmake
[0.527s] -- Up-to-date: /home/cthornton/data/local/college/research/arl/code/sims/airsim/ros_ws/install/hrlsim_interfaces/share/hrlsim_interfaces/cmake/hrlsim_interfaces__rosidl_generator_cppExport.cmake
[0.528s] -- Up-to-date: /home/cthornton/data/local/college/research/arl/code/sims/airsim/ros_ws/install/hrlsim_interfaces/share/hrlsim_interfaces/cmake/hrlsim_interfaces__rosidl_typesupport_introspection_cppExport.cmake
[0.528s] -- Up-to-date: /home/cthornton/data/local/college/research/arl/code/sims/airsim/ros_ws/install/hrlsim_interfaces/share/hrlsim_interfaces/cmake/hrlsim_interfaces__rosidl_typesupport_introspection_cppExport-debug.cmake
[0.529s] -- Up-to-date: /home/cthornton/data/local/college/research/arl/code/sims/airsim/ros_ws/install/hrlsim_interfaces/share/hrlsim_interfaces/cmake/hrlsim_interfaces__rosidl_typesupport_cppExport.cmake
[0.529s] -- Up-to-date: /home/cthornton/data/local/college/research/arl/code/sims/airsim/ros_ws/install/hrlsim_interfaces/share/hrlsim_interfaces/cmake/hrlsim_interfaces__rosidl_typesupport_cppExport-debug.cmake
[0.530s] -- Up-to-date: /home/cthornton/data/local/college/research/arl/code/sims/airsim/ros_ws/install/hrlsim_interfaces/share/hrlsim_interfaces/cmake/rosidl_cmake-extras.cmake
[0.530s] -- Up-to-date: /home/cthornton/data/local/college/research/arl/code/sims/airsim/ros_ws/install/hrlsim_interfaces/share/hrlsim_interfaces/cmake/ament_cmake_export_dependencies-extras.cmake
[0.530s] -- Up-to-date: /home/cthornton/data/local/college/research/arl/code/sims/airsim/ros_ws/install/hrlsim_interfaces/share/hrlsim_interfaces/cmake/ament_cmake_export_libraries-extras.cmake
[0.530s] -- Up-to-date: /home/cthornton/data/local/college/research/arl/code/sims/airsim/ros_ws/install/hrlsim_interfaces/share/hrlsim_interfaces/cmake/ament_cmake_export_targets-extras.cmake
[0.531s] -- Up-to-date: /home/cthornton/data/local/college/research/arl/code/sims/airsim/ros_ws/install/hrlsim_interfaces/share/hrlsim_interfaces/cmake/ament_cmake_export_include_directories-extras.cmake
[0.531s] -- Up-to-date: /home/cthornton/data/local/college/research/arl/code/sims/airsim/ros_ws/install/hrlsim_interfaces/share/hrlsim_interfaces/cmake/rosidl_cmake_export_typesupport_libraries-extras.cmake
[0.531s] -- Up-to-date: /home/cthornton/data/local/college/research/arl/code/sims/airsim/ros_ws/install/hrlsim_interfaces/share/hrlsim_interfaces/cmake/rosidl_cmake_export_typesupport_targets-extras.cmake
[0.532s] -- Up-to-date: /home/cthornton/data/local/college/research/arl/code/sims/airsim/ros_ws/install/hrlsim_interfaces/share/hrlsim_interfaces/cmake/hrlsim_interfacesConfig.cmake
[0.532s] -- Up-to-date: /home/cthornton/data/local/college/research/arl/code/sims/airsim/ros_ws/install/hrlsim_interfaces/share/hrlsim_interfaces/cmake/hrlsim_interfacesConfig-version.cmake
[0.532s] -- Up-to-date: /home/cthornton/data/local/college/research/arl/code/sims/airsim/ros_ws/install/hrlsim_interfaces/share/hrlsim_interfaces/package.xml
[0.537s] Invoked command in '/home/cthornton/data/local/college/research/arl/code/sims/airsim/ros_ws/build/hrlsim_interfaces' returned '0': CMAKE_PREFIX_PATH=/home/cthornton/data/local/college/research/arl/code/sims/airsim/ros_ws/install/airsim_interfaces:/home/cthornton/data/local/college/research/arl/code/sims/airsim/ros_ws/install/hrlsim_interfaces:/home/cthornton/data/local/college/research/arl/code/sims/airsim/ros_ws/install/hrl_interfaces:/home/cthornton/data/local/college/research/arl/code/sims/airsim/ros_ws/install/airsim_ros_pkgs:/home/cthornton/data/local/college/research/arl/code/sims/airsim/ros_ws/install/hrlsim:/opt/ros/foxy:/home/cthornton/Documents/vela/catkin_ws/devel LD_LIBRARY_PATH=/home/cthornton/data/local/college/research/arl/code/sims/airsim/ros_ws/install/airsim_interfaces/lib:/home/cthornton/data/local/college/research/arl/code/sims/airsim/ros_ws/install/hrlsim_interfaces/lib:/home/cthornton/data/local/college/research/arl/code/sims/airsim/ros_ws/install/hrl_interfaces/lib:/home/cthornton/data/local/college/research/arl/code/sims/airsim/ros_ws/install/airsim_ros_pkgs/lib:/home/cthornton/Documents/vela/catkin_ws/devel/lib:/opt/ros/foxy/opt/yaml_cpp_vendor/lib:/opt/ros/foxy/opt/rviz_ogre_vendor/lib:/opt/ros/foxy/lib/x86_64-linux-gnu:/opt/ros/foxy/lib PYTHONPATH=/home/cthornton/data/local/college/research/arl/code/sims/airsim/ros_ws/install/airsim_interfaces/lib/python3.8/site-packages:/home/cthornton/data/local/college/research/arl/code/sims/airsim/ros_ws/install/hrlsim_interfaces/lib/python3.8/site-packages:/home/cthornton/data/local/college/research/arl/code/sims/airsim/ros_ws/install/hrlsim/lib/python3.8/site-packages:/home/cthornton/data/local/college/research/arl/code/sims/airsim/ros_ws/install/hrl_interfaces/lib/python3.8/site-packages:/home/cthornton/Documents/vela/catkin_ws/devel/lib/python2.7/dist-packages:/opt/ros/foxy/lib/python3.8/site-packages /home/cthornton/.local/bin/cmake --install /home/cthornton/data/local/college/research/arl/code/sims/airsim/ros_ws/build/hrlsim_interfaces
