[0.221s] DEBUG:colcon:Command line arguments: ['/usr/bin/colcon', 'build', '--cmake-args', '-DCMAKE_C_COMPILER=gcc-8', '--cmake-args', '-DCMAKE_CXX_COMPILER=g++-8', '--cmake-args', '-DCMAKE_BUILD_TYPE=Debug']
[0.221s] DEBUG:colcon:Parsed command line arguments: Namespace(ament_cmake_args=None, base_paths=['.'], build_base='build', catkin_cmake_args=None, catkin_skip_building_tests=False, cmake_args=['-DCMAKE_BUILD_TYPE=Debug'], cmake_clean_cache=False, cmake_clean_first=False, cmake_force_configure=False, cmake_target=None, cmake_target_skip_unavailable=False, continue_on_error=False, event_handlers=None, executor='parallel', ignore_user_meta=False, install_base='install', log_base=None, log_level=None, main=<bound method BuildVerb.main of <colcon_core.verb.build.BuildVerb object at 0x7f1a1bcf08b0>>, merge_install=False, metas=['./colcon.meta'], packages_above=None, packages_above_and_dependencies=None, packages_above_depth=None, packages_end=None, packages_ignore=None, packages_ignore_regex=None, packages_select=None, packages_select_build_failed=False, packages_select_by_dep=None, packages_select_regex=None, packages_select_test_failures=False, packages_skip=None, packages_skip_build_finished=False, packages_skip_by_dep=None, packages_skip_regex=None, packages_skip_test_passed=False, packages_skip_up_to=None, packages_start=None, packages_up_to=None, packages_up_to_regex=None, parallel_workers=12, paths=None, symlink_install=False, test_result_base=None, verb_extension=<colcon_core.verb.build.BuildVerb object at 0x7f1a1bcf08b0>, verb_name='build', verb_parser=<colcon_defaults.argument_parser.defaults.DefaultArgumentsDecorator object at 0x7f1a1bcf0e20>)
[0.225s] Level 1:colcon.colcon_core.package_discovery:discover_packages(colcon_meta) check parameters
[0.225s] Level 1:colcon.colcon_core.package_discovery:discover_packages(recursive) check parameters
[0.225s] Level 1:colcon.colcon_core.package_discovery:discover_packages(ignore) check parameters
[0.225s] Level 1:colcon.colcon_core.package_discovery:discover_packages(path) check parameters
[0.225s] Level 1:colcon.colcon_core.package_discovery:discover_packages(colcon_meta) discover
[0.225s] Level 1:colcon.colcon_core.package_discovery:discover_packages(recursive) discover
[0.225s] INFO:colcon.colcon_core.package_discovery:Crawling recursively for packages in '/home/cthornton/data/local/college/research/arl/code/sims/airsim/ros_ws'
[0.225s] Level 1:colcon.colcon_core.package_identification:_identify(.) by extensions ['ignore', 'ignore_ament_install']
[0.225s] Level 1:colcon.colcon_core.package_identification:_identify(.) by extension 'ignore'
[0.226s] Level 1:colcon.colcon_core.package_identification:_identify(.) by extension 'ignore_ament_install'
[0.226s] Level 1:colcon.colcon_core.package_identification:_identify(.) by extensions ['colcon_pkg']
[0.226s] Level 1:colcon.colcon_core.package_identification:_identify(.) by extension 'colcon_pkg'
[0.226s] Level 1:colcon.colcon_core.package_identification:_identify(.) by extensions ['colcon_meta']
[0.226s] Level 1:colcon.colcon_core.package_identification:_identify(.) by extension 'colcon_meta'
[0.226s] Level 1:colcon.colcon_core.package_identification:_identify(.) by extensions ['ros']
[0.226s] Level 1:colcon.colcon_core.package_identification:_identify(.) by extension 'ros'
[0.234s] Level 1:colcon.colcon_core.package_identification:_identify(.) by extensions ['cmake', 'python']
[0.234s] Level 1:colcon.colcon_core.package_identification:_identify(.) by extension 'cmake'
[0.234s] Level 1:colcon.colcon_core.package_identification:_identify(.) by extension 'python'
[0.234s] Level 1:colcon.colcon_core.package_identification:_identify(.) by extensions ['python_setup_py']
[0.234s] Level 1:colcon.colcon_core.package_identification:_identify(.) by extension 'python_setup_py'
[0.234s] Level 1:colcon.colcon_core.package_identification:_identify(build) by extensions ['ignore', 'ignore_ament_install']
[0.234s] Level 1:colcon.colcon_core.package_identification:_identify(build) by extension 'ignore'
[0.234s] Level 1:colcon.colcon_core.package_identification:_identify(build) ignored
[0.234s] Level 1:colcon.colcon_core.package_identification:_identify(install) by extensions ['ignore', 'ignore_ament_install']
[0.234s] Level 1:colcon.colcon_core.package_identification:_identify(install) by extension 'ignore'
[0.234s] Level 1:colcon.colcon_core.package_identification:_identify(install) ignored
[0.235s] Level 1:colcon.colcon_core.package_identification:_identify(log) by extensions ['ignore', 'ignore_ament_install']
[0.235s] Level 1:colcon.colcon_core.package_identification:_identify(log) by extension 'ignore'
[0.235s] Level 1:colcon.colcon_core.package_identification:_identify(log) ignored
[0.235s] Level 1:colcon.colcon_core.package_identification:_identify(src) by extensions ['ignore', 'ignore_ament_install']
[0.235s] Level 1:colcon.colcon_core.package_identification:_identify(src) by extension 'ignore'
[0.235s] Level 1:colcon.colcon_core.package_identification:_identify(src) by extension 'ignore_ament_install'
[0.235s] Level 1:colcon.colcon_core.package_identification:_identify(src) by extensions ['colcon_pkg']
[0.235s] Level 1:colcon.colcon_core.package_identification:_identify(src) by extension 'colcon_pkg'
[0.235s] Level 1:colcon.colcon_core.package_identification:_identify(src) by extensions ['colcon_meta']
[0.235s] Level 1:colcon.colcon_core.package_identification:_identify(src) by extension 'colcon_meta'
[0.235s] Level 1:colcon.colcon_core.package_identification:_identify(src) by extensions ['ros']
[0.235s] Level 1:colcon.colcon_core.package_identification:_identify(src) by extension 'ros'
[0.235s] Level 1:colcon.colcon_core.package_identification:_identify(src) by extensions ['cmake', 'python']
[0.236s] Level 1:colcon.colcon_core.package_identification:_identify(src) by extension 'cmake'
[0.236s] Level 1:colcon.colcon_core.package_identification:_identify(src) by extension 'python'
[0.236s] Level 1:colcon.colcon_core.package_identification:_identify(src) by extensions ['python_setup_py']
[0.236s] Level 1:colcon.colcon_core.package_identification:_identify(src) by extension 'python_setup_py'
[0.236s] Level 1:colcon.colcon_core.package_identification:_identify(src/airsim_interfaces) by extensions ['ignore', 'ignore_ament_install']
[0.236s] Level 1:colcon.colcon_core.package_identification:_identify(src/airsim_interfaces) by extension 'ignore'
[0.236s] Level 1:colcon.colcon_core.package_identification:_identify(src/airsim_interfaces) by extension 'ignore_ament_install'
[0.236s] Level 1:colcon.colcon_core.package_identification:_identify(src/airsim_interfaces) by extensions ['colcon_pkg']
[0.236s] Level 1:colcon.colcon_core.package_identification:_identify(src/airsim_interfaces) by extension 'colcon_pkg'
[0.236s] Level 1:colcon.colcon_core.package_identification:_identify(src/airsim_interfaces) by extensions ['colcon_meta']
[0.236s] Level 1:colcon.colcon_core.package_identification:_identify(src/airsim_interfaces) by extension 'colcon_meta'
[0.236s] Level 1:colcon.colcon_core.package_identification:_identify(src/airsim_interfaces) by extensions ['ros']
[0.236s] Level 1:colcon.colcon_core.package_identification:_identify(src/airsim_interfaces) by extension 'ros'
[0.238s] DEBUG:colcon.colcon_core.package_identification:Package 'src/airsim_interfaces' with type 'ros.ament_cmake' and name 'airsim_interfaces'
[0.238s] Level 1:colcon.colcon_core.package_identification:_identify(src/airsim_ros_pkgs) by extensions ['ignore', 'ignore_ament_install']
[0.238s] Level 1:colcon.colcon_core.package_identification:_identify(src/airsim_ros_pkgs) by extension 'ignore'
[0.239s] Level 1:colcon.colcon_core.package_identification:_identify(src/airsim_ros_pkgs) by extension 'ignore_ament_install'
[0.239s] Level 1:colcon.colcon_core.package_identification:_identify(src/airsim_ros_pkgs) by extensions ['colcon_pkg']
[0.239s] Level 1:colcon.colcon_core.package_identification:_identify(src/airsim_ros_pkgs) by extension 'colcon_pkg'
[0.239s] Level 1:colcon.colcon_core.package_identification:_identify(src/airsim_ros_pkgs) by extensions ['colcon_meta']
[0.239s] Level 1:colcon.colcon_core.package_identification:_identify(src/airsim_ros_pkgs) by extension 'colcon_meta'
[0.239s] Level 1:colcon.colcon_core.package_identification:_identify(src/airsim_ros_pkgs) by extensions ['ros']
[0.239s] Level 1:colcon.colcon_core.package_identification:_identify(src/airsim_ros_pkgs) by extension 'ros'
[0.240s] DEBUG:colcon.colcon_core.package_identification:Package 'src/airsim_ros_pkgs' with type 'ros.ament_cmake' and name 'airsim_ros_pkgs'
[0.240s] Level 1:colcon.colcon_core.package_identification:_identify(src/hrlsim) by extensions ['ignore', 'ignore_ament_install']
[0.240s] Level 1:colcon.colcon_core.package_identification:_identify(src/hrlsim) by extension 'ignore'
[0.240s] Level 1:colcon.colcon_core.package_identification:_identify(src/hrlsim) by extension 'ignore_ament_install'
[0.240s] Level 1:colcon.colcon_core.package_identification:_identify(src/hrlsim) by extensions ['colcon_pkg']
[0.240s] Level 1:colcon.colcon_core.package_identification:_identify(src/hrlsim) by extension 'colcon_pkg'
[0.240s] Level 1:colcon.colcon_core.package_identification:_identify(src/hrlsim) by extensions ['colcon_meta']
[0.240s] Level 1:colcon.colcon_core.package_identification:_identify(src/hrlsim) by extension 'colcon_meta'
[0.241s] Level 1:colcon.colcon_core.package_identification:_identify(src/hrlsim) by extensions ['ros']
[0.241s] Level 1:colcon.colcon_core.package_identification:_identify(src/hrlsim) by extension 'ros'
[0.241s] DEBUG:colcon.colcon_core.package_identification:Package 'src/hrlsim' with type 'ros.ament_python' and name 'hrlsim'
[0.241s] Level 1:colcon.colcon_core.package_identification:_identify(src/hrlsim_interfaces) by extensions ['ignore', 'ignore_ament_install']
[0.241s] Level 1:colcon.colcon_core.package_identification:_identify(src/hrlsim_interfaces) by extension 'ignore'
[0.241s] Level 1:colcon.colcon_core.package_identification:_identify(src/hrlsim_interfaces) by extension 'ignore_ament_install'
[0.241s] Level 1:colcon.colcon_core.package_identification:_identify(src/hrlsim_interfaces) by extensions ['colcon_pkg']
[0.241s] Level 1:colcon.colcon_core.package_identification:_identify(src/hrlsim_interfaces) by extension 'colcon_pkg'
[0.242s] Level 1:colcon.colcon_core.package_identification:_identify(src/hrlsim_interfaces) by extensions ['colcon_meta']
[0.242s] Level 1:colcon.colcon_core.package_identification:_identify(src/hrlsim_interfaces) by extension 'colcon_meta'
[0.242s] Level 1:colcon.colcon_core.package_identification:_identify(src/hrlsim_interfaces) by extensions ['ros']
[0.242s] Level 1:colcon.colcon_core.package_identification:_identify(src/hrlsim_interfaces) by extension 'ros'
[0.242s] DEBUG:colcon.colcon_core.package_identification:Package 'src/hrlsim_interfaces' with type 'ros.ament_cmake' and name 'hrlsim_interfaces'
[0.242s] Level 1:colcon.colcon_core.package_discovery:discover_packages(recursive) using defaults
[0.242s] Level 1:colcon.colcon_core.package_discovery:discover_packages(ignore) discover
[0.242s] Level 1:colcon.colcon_core.package_discovery:discover_packages(ignore) using defaults
[0.242s] Level 1:colcon.colcon_core.package_discovery:discover_packages(path) discover
[0.242s] Level 1:colcon.colcon_core.package_discovery:discover_packages(path) using defaults
[0.256s] Level 5:colcon.colcon_core.verb:set package 'airsim_interfaces' build argument 'cmake_args' from command line to '['-DCMAKE_BUILD_TYPE=Debug']'
[0.256s] Level 5:colcon.colcon_core.verb:set package 'airsim_interfaces' build argument 'cmake_target' from command line to 'None'
[0.256s] Level 5:colcon.colcon_core.verb:set package 'airsim_interfaces' build argument 'cmake_target_skip_unavailable' from command line to 'False'
[0.256s] Level 5:colcon.colcon_core.verb:set package 'airsim_interfaces' build argument 'cmake_clean_cache' from command line to 'False'
[0.256s] Level 5:colcon.colcon_core.verb:set package 'airsim_interfaces' build argument 'cmake_clean_first' from command line to 'False'
[0.256s] Level 5:colcon.colcon_core.verb:set package 'airsim_interfaces' build argument 'cmake_force_configure' from command line to 'False'
[0.256s] Level 5:colcon.colcon_core.verb:set package 'airsim_interfaces' build argument 'ament_cmake_args' from command line to 'None'
[0.256s] Level 5:colcon.colcon_core.verb:set package 'airsim_interfaces' build argument 'catkin_cmake_args' from command line to 'None'
[0.256s] Level 5:colcon.colcon_core.verb:set package 'airsim_interfaces' build argument 'catkin_skip_building_tests' from command line to 'False'
[0.257s] DEBUG:colcon.colcon_core.verb:Building package 'airsim_interfaces' with the following arguments: {'ament_cmake_args': None, 'build_base': '/home/cthornton/data/local/college/research/arl/code/sims/airsim/ros_ws/build/airsim_interfaces', 'catkin_cmake_args': None, 'catkin_skip_building_tests': False, 'cmake_args': ['-DCMAKE_BUILD_TYPE=Debug'], 'cmake_clean_cache': False, 'cmake_clean_first': False, 'cmake_force_configure': False, 'cmake_target': None, 'cmake_target_skip_unavailable': False, 'install_base': '/home/cthornton/data/local/college/research/arl/code/sims/airsim/ros_ws/install/airsim_interfaces', 'merge_install': False, 'path': '/home/cthornton/data/local/college/research/arl/code/sims/airsim/ros_ws/src/airsim_interfaces', 'symlink_install': False, 'test_result_base': None}
[0.258s] Level 5:colcon.colcon_core.verb:set package 'hrlsim' build argument 'cmake_args' from command line to '['-DCMAKE_BUILD_TYPE=Debug']'
[0.258s] Level 5:colcon.colcon_core.verb:set package 'hrlsim' build argument 'cmake_target' from command line to 'None'
[0.258s] Level 5:colcon.colcon_core.verb:set package 'hrlsim' build argument 'cmake_target_skip_unavailable' from command line to 'False'
[0.258s] Level 5:colcon.colcon_core.verb:set package 'hrlsim' build argument 'cmake_clean_cache' from command line to 'False'
[0.258s] Level 5:colcon.colcon_core.verb:set package 'hrlsim' build argument 'cmake_clean_first' from command line to 'False'
[0.258s] Level 5:colcon.colcon_core.verb:set package 'hrlsim' build argument 'cmake_force_configure' from command line to 'False'
[0.258s] Level 5:colcon.colcon_core.verb:set package 'hrlsim' build argument 'ament_cmake_args' from command line to 'None'
[0.258s] Level 5:colcon.colcon_core.verb:set package 'hrlsim' build argument 'catkin_cmake_args' from command line to 'None'
[0.259s] Level 5:colcon.colcon_core.verb:set package 'hrlsim' build argument 'catkin_skip_building_tests' from command line to 'False'
[0.259s] DEBUG:colcon.colcon_core.verb:Building package 'hrlsim' with the following arguments: {'ament_cmake_args': None, 'build_base': '/home/cthornton/data/local/college/research/arl/code/sims/airsim/ros_ws/build/hrlsim', 'catkin_cmake_args': None, 'catkin_skip_building_tests': False, 'cmake_args': ['-DCMAKE_BUILD_TYPE=Debug'], 'cmake_clean_cache': False, 'cmake_clean_first': False, 'cmake_force_configure': False, 'cmake_target': None, 'cmake_target_skip_unavailable': False, 'install_base': '/home/cthornton/data/local/college/research/arl/code/sims/airsim/ros_ws/install/hrlsim', 'merge_install': False, 'path': '/home/cthornton/data/local/college/research/arl/code/sims/airsim/ros_ws/src/hrlsim', 'symlink_install': False, 'test_result_base': None}
[0.260s] Level 5:colcon.colcon_core.verb:set package 'airsim_ros_pkgs' build argument 'cmake_args' from command line to '['-DCMAKE_BUILD_TYPE=Debug']'
[0.260s] Level 5:colcon.colcon_core.verb:set package 'airsim_ros_pkgs' build argument 'cmake_target' from command line to 'None'
[0.260s] Level 5:colcon.colcon_core.verb:set package 'airsim_ros_pkgs' build argument 'cmake_target_skip_unavailable' from command line to 'False'
[0.260s] Level 5:colcon.colcon_core.verb:set package 'airsim_ros_pkgs' build argument 'cmake_clean_cache' from command line to 'False'
[0.260s] Level 5:colcon.colcon_core.verb:set package 'airsim_ros_pkgs' build argument 'cmake_clean_first' from command line to 'False'
[0.260s] Level 5:colcon.colcon_core.verb:set package 'airsim_ros_pkgs' build argument 'cmake_force_configure' from command line to 'False'
[0.260s] Level 5:colcon.colcon_core.verb:set package 'airsim_ros_pkgs' build argument 'ament_cmake_args' from command line to 'None'
[0.261s] Level 5:colcon.colcon_core.verb:set package 'airsim_ros_pkgs' build argument 'catkin_cmake_args' from command line to 'None'
[0.261s] Level 5:colcon.colcon_core.verb:set package 'airsim_ros_pkgs' build argument 'catkin_skip_building_tests' from command line to 'False'
[0.261s] DEBUG:colcon.colcon_core.verb:Building package 'airsim_ros_pkgs' with the following arguments: {'ament_cmake_args': None, 'build_base': '/home/cthornton/data/local/college/research/arl/code/sims/airsim/ros_ws/build/airsim_ros_pkgs', 'catkin_cmake_args': None, 'catkin_skip_building_tests': False, 'cmake_args': ['-DCMAKE_BUILD_TYPE=Debug'], 'cmake_clean_cache': False, 'cmake_clean_first': False, 'cmake_force_configure': False, 'cmake_target': None, 'cmake_target_skip_unavailable': False, 'install_base': '/home/cthornton/data/local/college/research/arl/code/sims/airsim/ros_ws/install/airsim_ros_pkgs', 'merge_install': False, 'path': '/home/cthornton/data/local/college/research/arl/code/sims/airsim/ros_ws/src/airsim_ros_pkgs', 'symlink_install': False, 'test_result_base': None}
[0.262s] Level 5:colcon.colcon_core.verb:set package 'hrlsim_interfaces' build argument 'cmake_args' from command line to '['-DCMAKE_BUILD_TYPE=Debug']'
[0.262s] Level 5:colcon.colcon_core.verb:set package 'hrlsim_interfaces' build argument 'cmake_target' from command line to 'None'
[0.262s] Level 5:colcon.colcon_core.verb:set package 'hrlsim_interfaces' build argument 'cmake_target_skip_unavailable' from command line to 'False'
[0.262s] Level 5:colcon.colcon_core.verb:set package 'hrlsim_interfaces' build argument 'cmake_clean_cache' from command line to 'False'
[0.262s] Level 5:colcon.colcon_core.verb:set package 'hrlsim_interfaces' build argument 'cmake_clean_first' from command line to 'False'
[0.262s] Level 5:colcon.colcon_core.verb:set package 'hrlsim_interfaces' build argument 'cmake_force_configure' from command line to 'False'
[0.262s] Level 5:colcon.colcon_core.verb:set package 'hrlsim_interfaces' build argument 'ament_cmake_args' from command line to 'None'
[0.263s] Level 5:colcon.colcon_core.verb:set package 'hrlsim_interfaces' build argument 'catkin_cmake_args' from command line to 'None'
[0.263s] Level 5:colcon.colcon_core.verb:set package 'hrlsim_interfaces' build argument 'catkin_skip_building_tests' from command line to 'False'
[0.263s] DEBUG:colcon.colcon_core.verb:Building package 'hrlsim_interfaces' with the following arguments: {'ament_cmake_args': None, 'build_base': '/home/cthornton/data/local/college/research/arl/code/sims/airsim/ros_ws/build/hrlsim_interfaces', 'catkin_cmake_args': None, 'catkin_skip_building_tests': False, 'cmake_args': ['-DCMAKE_BUILD_TYPE=Debug'], 'cmake_clean_cache': False, 'cmake_clean_first': False, 'cmake_force_configure': False, 'cmake_target': None, 'cmake_target_skip_unavailable': False, 'install_base': '/home/cthornton/data/local/college/research/arl/code/sims/airsim/ros_ws/install/hrlsim_interfaces', 'merge_install': False, 'path': '/home/cthornton/data/local/college/research/arl/code/sims/airsim/ros_ws/src/hrlsim_interfaces', 'symlink_install': False, 'test_result_base': None}
[0.263s] INFO:colcon.colcon_core.executor:Executing jobs using 'parallel' executor
[0.264s] DEBUG:colcon.colcon_parallel_executor.executor.parallel:run_until_complete
[0.264s] INFO:colcon.colcon_ros.task.ament_cmake.build:Building ROS package in '/home/cthornton/data/local/college/research/arl/code/sims/airsim/ros_ws/src/airsim_interfaces' with build type 'ament_cmake'
[0.265s] INFO:colcon.colcon_cmake.task.cmake.build:Building CMake package in '/home/cthornton/data/local/college/research/arl/code/sims/airsim/ros_ws/src/airsim_interfaces'
[0.269s] INFO:colcon.colcon_core.plugin_system:Skipping extension 'colcon_core.shell.bat': Not used on non-Windows systems
[0.269s] INFO:colcon.colcon_core.shell:Skip shell extension 'powershell' for command environment: Not usable outside of PowerShell
[0.269s] DEBUG:colcon.colcon_core.shell:Skip shell extension 'dsv' for command environment
[0.271s] WARNING:colcon.colcon_ros.prefix_path.ament:The path '/home/cthornton/data/local/college/research/arl/code/sims/airsim/ros_ws/install/hrl_interfaces' in the environment variable AMENT_PREFIX_PATH doesn't exist
[0.272s] WARNING:colcon.colcon_ros.prefix_path.catkin:The path '/home/cthornton/data/local/college/research/arl/code/sims/airsim/ros_ws/install/hrl_interfaces' in the environment variable CMAKE_PREFIX_PATH doesn't exist
[0.273s] DEBUG:colcon.colcon_core.shell:Ignoring prefix path '/opt/ros/foxy'
[0.273s] DEBUG:colcon.colcon_core.shell:Ignoring prefix path '/home/cthornton/Documents/vela/catkin_ws/devel'
[0.275s] INFO:colcon.colcon_ros.task.ament_python.build:Building ROS package in '/home/cthornton/data/local/college/research/arl/code/sims/airsim/ros_ws/src/hrlsim' with build type 'ament_python'
[0.276s] Level 1:colcon.colcon_core.shell:create_environment_hook('hrlsim', 'ament_prefix_path')
[0.276s] INFO:colcon.colcon_core.shell:Creating environment hook '/home/cthornton/data/local/college/research/arl/code/sims/airsim/ros_ws/install/hrlsim/share/hrlsim/hook/ament_prefix_path.ps1'
[0.277s] INFO:colcon.colcon_core.shell:Creating environment descriptor '/home/cthornton/data/local/college/research/arl/code/sims/airsim/ros_ws/install/hrlsim/share/hrlsim/hook/ament_prefix_path.dsv'
[0.278s] INFO:colcon.colcon_core.shell:Creating environment hook '/home/cthornton/data/local/college/research/arl/code/sims/airsim/ros_ws/install/hrlsim/share/hrlsim/hook/ament_prefix_path.sh'
[0.279s] INFO:colcon.colcon_core.shell:Skip shell extension 'powershell' for command environment: Not usable outside of PowerShell
[0.279s] DEBUG:colcon.colcon_core.shell:Skip shell extension 'dsv' for command environment
[0.281s] DEBUG:colcon.colcon_core.shell:Ignoring prefix path '/opt/ros/foxy'
[0.281s] DEBUG:colcon.colcon_core.shell:Ignoring prefix path '/home/cthornton/Documents/vela/catkin_ws/devel'
[0.288s] DEBUG:colcon.colcon_core.event_handler.log_command:Invoking command in '/home/cthornton/data/local/college/research/arl/code/sims/airsim/ros_ws/build/airsim_interfaces': CMAKE_PREFIX_PATH=/home/cthornton/data/local/college/research/arl/code/sims/airsim/ros_ws/install/hrlsim_interfaces:/home/cthornton/data/local/college/research/arl/code/sims/airsim/ros_ws/install/hrl_interfaces:/home/cthornton/data/local/college/research/arl/code/sims/airsim/ros_ws/install/airsim_ros_pkgs:/home/cthornton/data/local/college/research/arl/code/sims/airsim/ros_ws/install/airsim_interfaces:/home/cthornton/data/local/college/research/arl/code/sims/airsim/ros_ws/install/hrlsim:/opt/ros/foxy:/home/cthornton/Documents/vela/catkin_ws/devel /home/cthornton/.local/bin/cmake --build /home/cthornton/data/local/college/research/arl/code/sims/airsim/ros_ws/build/airsim_interfaces -- -j12 -l12
[0.497s] INFO:colcon.colcon_core.task.python.build:Building Python package in '/home/cthornton/data/local/college/research/arl/code/sims/airsim/ros_ws/src/hrlsim'
[0.498s] INFO:colcon.colcon_core.shell:Skip shell extension 'powershell' for command environment: Not usable outside of PowerShell
[0.499s] DEBUG:colcon.colcon_core.shell:Skip shell extension 'dsv' for command environment
[0.501s] DEBUG:colcon.colcon_core.shell:Ignoring prefix path '/opt/ros/foxy'
[0.501s] DEBUG:colcon.colcon_core.shell:Ignoring prefix path '/home/cthornton/Documents/vela/catkin_ws/devel'
[0.504s] DEBUG:colcon.colcon_core.event_handler.log_command:Invoked command in '/home/cthornton/data/local/college/research/arl/code/sims/airsim/ros_ws/build/airsim_interfaces' returned '0': CMAKE_PREFIX_PATH=/home/cthornton/data/local/college/research/arl/code/sims/airsim/ros_ws/install/hrlsim_interfaces:/home/cthornton/data/local/college/research/arl/code/sims/airsim/ros_ws/install/hrl_interfaces:/home/cthornton/data/local/college/research/arl/code/sims/airsim/ros_ws/install/airsim_ros_pkgs:/home/cthornton/data/local/college/research/arl/code/sims/airsim/ros_ws/install/airsim_interfaces:/home/cthornton/data/local/college/research/arl/code/sims/airsim/ros_ws/install/hrlsim:/opt/ros/foxy:/home/cthornton/Documents/vela/catkin_ws/devel /home/cthornton/.local/bin/cmake --build /home/cthornton/data/local/college/research/arl/code/sims/airsim/ros_ws/build/airsim_interfaces -- -j12 -l12
[0.509s] DEBUG:colcon.colcon_core.event_handler.log_command:Invoking command in '/home/cthornton/data/local/college/research/arl/code/sims/airsim/ros_ws/src/hrlsim': PYTHONPATH=/home/cthornton/data/local/college/research/arl/code/sims/airsim/ros_ws/install/hrlsim/lib/python3.8/site-packages:${PYTHONPATH} /usr/bin/python3 setup.py egg_info --egg-base ../../build/hrlsim build --build-base /home/cthornton/data/local/college/research/arl/code/sims/airsim/ros_ws/build/hrlsim/build install --prefix /home/cthornton/data/local/college/research/arl/code/sims/airsim/ros_ws/install/hrlsim --record /home/cthornton/data/local/college/research/arl/code/sims/airsim/ros_ws/build/hrlsim/install.log --single-version-externally-managed
[0.761s] DEBUG:colcon.colcon_core.event_handler.log_command:Invoked command in '/home/cthornton/data/local/college/research/arl/code/sims/airsim/ros_ws/src/hrlsim' returned '0': PYTHONPATH=/home/cthornton/data/local/college/research/arl/code/sims/airsim/ros_ws/install/hrlsim/lib/python3.8/site-packages:${PYTHONPATH} /usr/bin/python3 setup.py egg_info --egg-base ../../build/hrlsim build --build-base /home/cthornton/data/local/college/research/arl/code/sims/airsim/ros_ws/build/hrlsim/build install --prefix /home/cthornton/data/local/college/research/arl/code/sims/airsim/ros_ws/install/hrlsim --record /home/cthornton/data/local/college/research/arl/code/sims/airsim/ros_ws/build/hrlsim/install.log --single-version-externally-managed
[0.764s] Level 1:colcon.colcon_core.environment:checking '/home/cthornton/data/local/college/research/arl/code/sims/airsim/ros_ws/install/hrlsim' for CMake module files
[0.765s] Level 1:colcon.colcon_core.environment:checking '/home/cthornton/data/local/college/research/arl/code/sims/airsim/ros_ws/install/hrlsim' for CMake config files
[0.766s] Level 1:colcon.colcon_core.environment:checking '/home/cthornton/data/local/college/research/arl/code/sims/airsim/ros_ws/install/hrlsim/lib'
[0.766s] Level 1:colcon.colcon_core.environment:checking '/home/cthornton/data/local/college/research/arl/code/sims/airsim/ros_ws/install/hrlsim/bin'
[0.766s] Level 1:colcon.colcon_core.environment:checking '/home/cthornton/data/local/college/research/arl/code/sims/airsim/ros_ws/install/hrlsim/lib/pkgconfig/hrlsim.pc'
[0.766s] Level 1:colcon.colcon_core.environment:checking '/home/cthornton/data/local/college/research/arl/code/sims/airsim/ros_ws/install/hrlsim/lib/python3.8/site-packages'
[0.767s] Level 1:colcon.colcon_core.shell:create_environment_hook('hrlsim', 'pythonpath')
[0.767s] INFO:colcon.colcon_core.shell:Creating environment hook '/home/cthornton/data/local/college/research/arl/code/sims/airsim/ros_ws/install/hrlsim/share/hrlsim/hook/pythonpath.ps1'
[0.768s] INFO:colcon.colcon_core.shell:Creating environment descriptor '/home/cthornton/data/local/college/research/arl/code/sims/airsim/ros_ws/install/hrlsim/share/hrlsim/hook/pythonpath.dsv'
[0.768s] INFO:colcon.colcon_core.shell:Creating environment hook '/home/cthornton/data/local/college/research/arl/code/sims/airsim/ros_ws/install/hrlsim/share/hrlsim/hook/pythonpath.sh'
[0.768s] Level 1:colcon.colcon_core.environment:create_environment_scripts_only(hrlsim)
[0.769s] INFO:colcon.colcon_core.shell:Creating package script '/home/cthornton/data/local/college/research/arl/code/sims/airsim/ros_ws/install/hrlsim/share/hrlsim/package.ps1'
[0.770s] INFO:colcon.colcon_core.shell:Creating package descriptor '/home/cthornton/data/local/college/research/arl/code/sims/airsim/ros_ws/install/hrlsim/share/hrlsim/package.dsv'
[0.770s] INFO:colcon.colcon_core.shell:Creating package script '/home/cthornton/data/local/college/research/arl/code/sims/airsim/ros_ws/install/hrlsim/share/hrlsim/package.sh'
[0.771s] INFO:colcon.colcon_core.shell:Creating package script '/home/cthornton/data/local/college/research/arl/code/sims/airsim/ros_ws/install/hrlsim/share/hrlsim/package.bash'
[0.772s] INFO:colcon.colcon_core.shell:Creating package script '/home/cthornton/data/local/college/research/arl/code/sims/airsim/ros_ws/install/hrlsim/share/hrlsim/package.zsh'
[0.772s] Level 1:colcon.colcon_core.environment:create_file_with_runtime_dependencies(/home/cthornton/data/local/college/research/arl/code/sims/airsim/ros_ws/install/hrlsim/share/colcon-core/packages/hrlsim)
[0.950s] DEBUG:colcon.colcon_core.event_handler.log_command:Invoking command in '/home/cthornton/data/local/college/research/arl/code/sims/airsim/ros_ws/build/airsim_interfaces': CMAKE_PREFIX_PATH=/home/cthornton/data/local/college/research/arl/code/sims/airsim/ros_ws/install/hrlsim_interfaces:/home/cthornton/data/local/college/research/arl/code/sims/airsim/ros_ws/install/hrl_interfaces:/home/cthornton/data/local/college/research/arl/code/sims/airsim/ros_ws/install/airsim_ros_pkgs:/home/cthornton/data/local/college/research/arl/code/sims/airsim/ros_ws/install/airsim_interfaces:/home/cthornton/data/local/college/research/arl/code/sims/airsim/ros_ws/install/hrlsim:/opt/ros/foxy:/home/cthornton/Documents/vela/catkin_ws/devel /home/cthornton/.local/bin/cmake --install /home/cthornton/data/local/college/research/arl/code/sims/airsim/ros_ws/build/airsim_interfaces
[1.060s] Level 1:colcon.colcon_core.environment:create_environment_scripts_only(airsim_interfaces)
[1.061s] Level 1:colcon.colcon_core.environment:checking '/home/cthornton/data/local/college/research/arl/code/sims/airsim/ros_ws/install/airsim_interfaces' for CMake module files
[1.061s] DEBUG:colcon.colcon_core.event_handler.log_command:Invoked command in '/home/cthornton/data/local/college/research/arl/code/sims/airsim/ros_ws/build/airsim_interfaces' returned '0': CMAKE_PREFIX_PATH=/home/cthornton/data/local/college/research/arl/code/sims/airsim/ros_ws/install/hrlsim_interfaces:/home/cthornton/data/local/college/research/arl/code/sims/airsim/ros_ws/install/hrl_interfaces:/home/cthornton/data/local/college/research/arl/code/sims/airsim/ros_ws/install/airsim_ros_pkgs:/home/cthornton/data/local/college/research/arl/code/sims/airsim/ros_ws/install/airsim_interfaces:/home/cthornton/data/local/college/research/arl/code/sims/airsim/ros_ws/install/hrlsim:/opt/ros/foxy:/home/cthornton/Documents/vela/catkin_ws/devel /home/cthornton/.local/bin/cmake --install /home/cthornton/data/local/college/research/arl/code/sims/airsim/ros_ws/build/airsim_interfaces
[1.062s] Level 1:colcon.colcon_core.environment:checking '/home/cthornton/data/local/college/research/arl/code/sims/airsim/ros_ws/install/airsim_interfaces' for CMake config files
[1.063s] Level 1:colcon.colcon_core.shell:create_environment_hook('airsim_interfaces', 'cmake_prefix_path')
[1.064s] INFO:colcon.colcon_core.shell:Creating environment hook '/home/cthornton/data/local/college/research/arl/code/sims/airsim/ros_ws/install/airsim_interfaces/share/airsim_interfaces/hook/cmake_prefix_path.ps1'
[1.064s] INFO:colcon.colcon_core.shell:Creating environment descriptor '/home/cthornton/data/local/college/research/arl/code/sims/airsim/ros_ws/install/airsim_interfaces/share/airsim_interfaces/hook/cmake_prefix_path.dsv'
[1.065s] INFO:colcon.colcon_core.shell:Creating environment hook '/home/cthornton/data/local/college/research/arl/code/sims/airsim/ros_ws/install/airsim_interfaces/share/airsim_interfaces/hook/cmake_prefix_path.sh'
[1.065s] Level 1:colcon.colcon_core.environment:checking '/home/cthornton/data/local/college/research/arl/code/sims/airsim/ros_ws/install/airsim_interfaces/lib'
[1.065s] Level 1:colcon.colcon_core.shell:create_environment_hook('airsim_interfaces', 'ld_library_path_lib')
[1.066s] INFO:colcon.colcon_core.shell:Creating environment hook '/home/cthornton/data/local/college/research/arl/code/sims/airsim/ros_ws/install/airsim_interfaces/share/airsim_interfaces/hook/ld_library_path_lib.ps1'
[1.066s] INFO:colcon.colcon_core.shell:Creating environment descriptor '/home/cthornton/data/local/college/research/arl/code/sims/airsim/ros_ws/install/airsim_interfaces/share/airsim_interfaces/hook/ld_library_path_lib.dsv'
[1.066s] INFO:colcon.colcon_core.shell:Creating environment hook '/home/cthornton/data/local/college/research/arl/code/sims/airsim/ros_ws/install/airsim_interfaces/share/airsim_interfaces/hook/ld_library_path_lib.sh'
[1.067s] Level 1:colcon.colcon_core.environment:checking '/home/cthornton/data/local/college/research/arl/code/sims/airsim/ros_ws/install/airsim_interfaces/bin'
[1.067s] Level 1:colcon.colcon_core.environment:checking '/home/cthornton/data/local/college/research/arl/code/sims/airsim/ros_ws/install/airsim_interfaces/lib/pkgconfig/airsim_interfaces.pc'
[1.067s] Level 1:colcon.colcon_core.environment:checking '/home/cthornton/data/local/college/research/arl/code/sims/airsim/ros_ws/install/airsim_interfaces/lib/python3.8/site-packages'
[1.067s] Level 1:colcon.colcon_core.shell:create_environment_hook('airsim_interfaces', 'pythonpath')
[1.068s] INFO:colcon.colcon_core.shell:Creating environment hook '/home/cthornton/data/local/college/research/arl/code/sims/airsim/ros_ws/install/airsim_interfaces/share/airsim_interfaces/hook/pythonpath.ps1'
[1.068s] INFO:colcon.colcon_core.shell:Creating environment descriptor '/home/cthornton/data/local/college/research/arl/code/sims/airsim/ros_ws/install/airsim_interfaces/share/airsim_interfaces/hook/pythonpath.dsv'
[1.068s] INFO:colcon.colcon_core.shell:Creating environment hook '/home/cthornton/data/local/college/research/arl/code/sims/airsim/ros_ws/install/airsim_interfaces/share/airsim_interfaces/hook/pythonpath.sh'
[1.069s] INFO:colcon.colcon_core.shell:Creating package script '/home/cthornton/data/local/college/research/arl/code/sims/airsim/ros_ws/install/airsim_interfaces/share/airsim_interfaces/package.ps1'
[1.070s] INFO:colcon.colcon_core.shell:Creating package descriptor '/home/cthornton/data/local/college/research/arl/code/sims/airsim/ros_ws/install/airsim_interfaces/share/airsim_interfaces/package.dsv'
[1.070s] INFO:colcon.colcon_core.shell:Creating package script '/home/cthornton/data/local/college/research/arl/code/sims/airsim/ros_ws/install/airsim_interfaces/share/airsim_interfaces/package.sh'
[1.071s] INFO:colcon.colcon_core.shell:Creating package script '/home/cthornton/data/local/college/research/arl/code/sims/airsim/ros_ws/install/airsim_interfaces/share/airsim_interfaces/package.bash'
[1.071s] INFO:colcon.colcon_core.shell:Creating package script '/home/cthornton/data/local/college/research/arl/code/sims/airsim/ros_ws/install/airsim_interfaces/share/airsim_interfaces/package.zsh'
[1.071s] Level 1:colcon.colcon_core.environment:create_file_with_runtime_dependencies(/home/cthornton/data/local/college/research/arl/code/sims/airsim/ros_ws/install/airsim_interfaces/share/colcon-core/packages/airsim_interfaces)
[1.464s] Level 1:colcon.colcon_core.environment:create_environment_scripts_only(airsim_interfaces)
[1.464s] Level 1:colcon.colcon_core.environment:checking '/home/cthornton/data/local/college/research/arl/code/sims/airsim/ros_ws/install/airsim_interfaces' for CMake module files
[1.465s] Level 1:colcon.colcon_core.environment:checking '/home/cthornton/data/local/college/research/arl/code/sims/airsim/ros_ws/install/airsim_interfaces' for CMake config files
[1.467s] Level 1:colcon.colcon_core.shell:create_environment_hook('airsim_interfaces', 'cmake_prefix_path')
[1.467s] INFO:colcon.colcon_core.shell:Creating environment hook '/home/cthornton/data/local/college/research/arl/code/sims/airsim/ros_ws/install/airsim_interfaces/share/airsim_interfaces/hook/cmake_prefix_path.ps1'
[1.468s] INFO:colcon.colcon_core.shell:Creating environment descriptor '/home/cthornton/data/local/college/research/arl/code/sims/airsim/ros_ws/install/airsim_interfaces/share/airsim_interfaces/hook/cmake_prefix_path.dsv'
[1.468s] INFO:colcon.colcon_core.shell:Creating environment hook '/home/cthornton/data/local/college/research/arl/code/sims/airsim/ros_ws/install/airsim_interfaces/share/airsim_interfaces/hook/cmake_prefix_path.sh'
[1.469s] Level 1:colcon.colcon_core.environment:checking '/home/cthornton/data/local/college/research/arl/code/sims/airsim/ros_ws/install/airsim_interfaces/lib'
[1.469s] Level 1:colcon.colcon_core.shell:create_environment_hook('airsim_interfaces', 'ld_library_path_lib')
[1.469s] INFO:colcon.colcon_core.shell:Creating environment hook '/home/cthornton/data/local/college/research/arl/code/sims/airsim/ros_ws/install/airsim_interfaces/share/airsim_interfaces/hook/ld_library_path_lib.ps1'
[1.470s] INFO:colcon.colcon_core.shell:Creating environment descriptor '/home/cthornton/data/local/college/research/arl/code/sims/airsim/ros_ws/install/airsim_interfaces/share/airsim_interfaces/hook/ld_library_path_lib.dsv'
[1.470s] INFO:colcon.colcon_core.shell:Creating environment hook '/home/cthornton/data/local/college/research/arl/code/sims/airsim/ros_ws/install/airsim_interfaces/share/airsim_interfaces/hook/ld_library_path_lib.sh'
[1.471s] Level 1:colcon.colcon_core.environment:checking '/home/cthornton/data/local/college/research/arl/code/sims/airsim/ros_ws/install/airsim_interfaces/bin'
[1.471s] Level 1:colcon.colcon_core.environment:checking '/home/cthornton/data/local/college/research/arl/code/sims/airsim/ros_ws/install/airsim_interfaces/lib/pkgconfig/airsim_interfaces.pc'
[1.471s] Level 1:colcon.colcon_core.environment:checking '/home/cthornton/data/local/college/research/arl/code/sims/airsim/ros_ws/install/airsim_interfaces/lib/python3.8/site-packages'
[1.471s] Level 1:colcon.colcon_core.shell:create_environment_hook('airsim_interfaces', 'pythonpath')
[1.471s] INFO:colcon.colcon_core.shell:Creating environment hook '/home/cthornton/data/local/college/research/arl/code/sims/airsim/ros_ws/install/airsim_interfaces/share/airsim_interfaces/hook/pythonpath.ps1'
[1.472s] INFO:colcon.colcon_core.shell:Creating environment descriptor '/home/cthornton/data/local/college/research/arl/code/sims/airsim/ros_ws/install/airsim_interfaces/share/airsim_interfaces/hook/pythonpath.dsv'
[1.472s] INFO:colcon.colcon_core.shell:Creating environment hook '/home/cthornton/data/local/college/research/arl/code/sims/airsim/ros_ws/install/airsim_interfaces/share/airsim_interfaces/hook/pythonpath.sh'
[1.473s] INFO:colcon.colcon_core.shell:Creating package script '/home/cthornton/data/local/college/research/arl/code/sims/airsim/ros_ws/install/airsim_interfaces/share/airsim_interfaces/package.ps1'
[1.473s] INFO:colcon.colcon_core.shell:Creating package descriptor '/home/cthornton/data/local/college/research/arl/code/sims/airsim/ros_ws/install/airsim_interfaces/share/airsim_interfaces/package.dsv'
[1.474s] INFO:colcon.colcon_core.shell:Creating package script '/home/cthornton/data/local/college/research/arl/code/sims/airsim/ros_ws/install/airsim_interfaces/share/airsim_interfaces/package.sh'
[1.474s] INFO:colcon.colcon_core.shell:Creating package script '/home/cthornton/data/local/college/research/arl/code/sims/airsim/ros_ws/install/airsim_interfaces/share/airsim_interfaces/package.bash'
[1.475s] INFO:colcon.colcon_core.shell:Creating package script '/home/cthornton/data/local/college/research/arl/code/sims/airsim/ros_ws/install/airsim_interfaces/share/airsim_interfaces/package.zsh'
[1.475s] Level 1:colcon.colcon_core.environment:create_file_with_runtime_dependencies(/home/cthornton/data/local/college/research/arl/code/sims/airsim/ros_ws/install/airsim_interfaces/share/colcon-core/packages/airsim_interfaces)
[1.475s] INFO:colcon.colcon_ros.task.ament_cmake.build:Building ROS package in '/home/cthornton/data/local/college/research/arl/code/sims/airsim/ros_ws/src/airsim_ros_pkgs' with build type 'ament_cmake'
[1.475s] INFO:colcon.colcon_cmake.task.cmake.build:Building CMake package in '/home/cthornton/data/local/college/research/arl/code/sims/airsim/ros_ws/src/airsim_ros_pkgs'
[1.476s] INFO:colcon.colcon_core.shell:Skip shell extension 'powershell' for command environment: Not usable outside of PowerShell
[1.476s] DEBUG:colcon.colcon_core.shell:Skip shell extension 'dsv' for command environment
[1.478s] DEBUG:colcon.colcon_core.shell:Ignoring prefix path '/opt/ros/foxy'
[1.479s] DEBUG:colcon.colcon_core.shell:Ignoring prefix path '/home/cthornton/Documents/vela/catkin_ws/devel'
[1.480s] INFO:colcon.colcon_ros.task.ament_cmake.build:Building ROS package in '/home/cthornton/data/local/college/research/arl/code/sims/airsim/ros_ws/src/hrlsim_interfaces' with build type 'ament_cmake'
[1.480s] INFO:colcon.colcon_cmake.task.cmake.build:Building CMake package in '/home/cthornton/data/local/college/research/arl/code/sims/airsim/ros_ws/src/hrlsim_interfaces'
[1.481s] INFO:colcon.colcon_core.shell:Skip shell extension 'powershell' for command environment: Not usable outside of PowerShell
[1.481s] DEBUG:colcon.colcon_core.shell:Skip shell extension 'dsv' for command environment
[1.483s] DEBUG:colcon.colcon_core.shell:Ignoring prefix path '/opt/ros/foxy'
[1.483s] DEBUG:colcon.colcon_core.shell:Ignoring prefix path '/home/cthornton/Documents/vela/catkin_ws/devel'
[1.490s] DEBUG:colcon.colcon_core.event_handler.log_command:Invoking command in '/home/cthornton/data/local/college/research/arl/code/sims/airsim/ros_ws/build/airsim_ros_pkgs': CMAKE_PREFIX_PATH=/home/cthornton/data/local/college/research/arl/code/sims/airsim/ros_ws/install/airsim_interfaces:/home/cthornton/data/local/college/research/arl/code/sims/airsim/ros_ws/install/hrlsim_interfaces:/home/cthornton/data/local/college/research/arl/code/sims/airsim/ros_ws/install/hrl_interfaces:/home/cthornton/data/local/college/research/arl/code/sims/airsim/ros_ws/install/airsim_ros_pkgs:/home/cthornton/data/local/college/research/arl/code/sims/airsim/ros_ws/install/hrlsim:/opt/ros/foxy:/home/cthornton/Documents/vela/catkin_ws/devel LD_LIBRARY_PATH=/home/cthornton/data/local/college/research/arl/code/sims/airsim/ros_ws/install/airsim_interfaces/lib:/home/cthornton/data/local/college/research/arl/code/sims/airsim/ros_ws/install/hrlsim_interfaces/lib:/home/cthornton/data/local/college/research/arl/code/sims/airsim/ros_ws/install/hrl_interfaces/lib:/home/cthornton/data/local/college/research/arl/code/sims/airsim/ros_ws/install/airsim_ros_pkgs/lib:/home/cthornton/Documents/vela/catkin_ws/devel/lib:/opt/ros/foxy/opt/yaml_cpp_vendor/lib:/opt/ros/foxy/opt/rviz_ogre_vendor/lib:/opt/ros/foxy/lib/x86_64-linux-gnu:/opt/ros/foxy/lib PYTHONPATH=/home/cthornton/data/local/college/research/arl/code/sims/airsim/ros_ws/install/airsim_interfaces/lib/python3.8/site-packages:/home/cthornton/data/local/college/research/arl/code/sims/airsim/ros_ws/install/hrlsim_interfaces/lib/python3.8/site-packages:/home/cthornton/data/local/college/research/arl/code/sims/airsim/ros_ws/install/hrlsim/lib/python3.8/site-packages:/home/cthornton/data/local/college/research/arl/code/sims/airsim/ros_ws/install/hrl_interfaces/lib/python3.8/site-packages:/home/cthornton/Documents/vela/catkin_ws/devel/lib/python2.7/dist-packages:/opt/ros/foxy/lib/python3.8/site-packages /home/cthornton/.local/bin/cmake --build /home/cthornton/data/local/college/research/arl/code/sims/airsim/ros_ws/build/airsim_ros_pkgs -- -j12 -l12
[1.496s] DEBUG:colcon.colcon_core.event_handler.log_command:Invoking command in '/home/cthornton/data/local/college/research/arl/code/sims/airsim/ros_ws/build/hrlsim_interfaces': CMAKE_PREFIX_PATH=/home/cthornton/data/local/college/research/arl/code/sims/airsim/ros_ws/install/airsim_interfaces:/home/cthornton/data/local/college/research/arl/code/sims/airsim/ros_ws/install/hrlsim_interfaces:/home/cthornton/data/local/college/research/arl/code/sims/airsim/ros_ws/install/hrl_interfaces:/home/cthornton/data/local/college/research/arl/code/sims/airsim/ros_ws/install/airsim_ros_pkgs:/home/cthornton/data/local/college/research/arl/code/sims/airsim/ros_ws/install/hrlsim:/opt/ros/foxy:/home/cthornton/Documents/vela/catkin_ws/devel LD_LIBRARY_PATH=/home/cthornton/data/local/college/research/arl/code/sims/airsim/ros_ws/install/airsim_interfaces/lib:/home/cthornton/data/local/college/research/arl/code/sims/airsim/ros_ws/install/hrlsim_interfaces/lib:/home/cthornton/data/local/college/research/arl/code/sims/airsim/ros_ws/install/hrl_interfaces/lib:/home/cthornton/data/local/college/research/arl/code/sims/airsim/ros_ws/install/airsim_ros_pkgs/lib:/home/cthornton/Documents/vela/catkin_ws/devel/lib:/opt/ros/foxy/opt/yaml_cpp_vendor/lib:/opt/ros/foxy/opt/rviz_ogre_vendor/lib:/opt/ros/foxy/lib/x86_64-linux-gnu:/opt/ros/foxy/lib PYTHONPATH=/home/cthornton/data/local/college/research/arl/code/sims/airsim/ros_ws/install/airsim_interfaces/lib/python3.8/site-packages:/home/cthornton/data/local/college/research/arl/code/sims/airsim/ros_ws/install/hrlsim_interfaces/lib/python3.8/site-packages:/home/cthornton/data/local/college/research/arl/code/sims/airsim/ros_ws/install/hrlsim/lib/python3.8/site-packages:/home/cthornton/data/local/college/research/arl/code/sims/airsim/ros_ws/install/hrl_interfaces/lib/python3.8/site-packages:/home/cthornton/Documents/vela/catkin_ws/devel/lib/python2.7/dist-packages:/opt/ros/foxy/lib/python3.8/site-packages /home/cthornton/.local/bin/cmake --build /home/cthornton/data/local/college/research/arl/code/sims/airsim/ros_ws/build/hrlsim_interfaces -- -j12 -l12
[1.671s] DEBUG:colcon.colcon_core.event_handler.log_command:Invoked command in '/home/cthornton/data/local/college/research/arl/code/sims/airsim/ros_ws/build/hrlsim_interfaces' returned '0': CMAKE_PREFIX_PATH=/home/cthornton/data/local/college/research/arl/code/sims/airsim/ros_ws/install/airsim_interfaces:/home/cthornton/data/local/college/research/arl/code/sims/airsim/ros_ws/install/hrlsim_interfaces:/home/cthornton/data/local/college/research/arl/code/sims/airsim/ros_ws/install/hrl_interfaces:/home/cthornton/data/local/college/research/arl/code/sims/airsim/ros_ws/install/airsim_ros_pkgs:/home/cthornton/data/local/college/research/arl/code/sims/airsim/ros_ws/install/hrlsim:/opt/ros/foxy:/home/cthornton/Documents/vela/catkin_ws/devel LD_LIBRARY_PATH=/home/cthornton/data/local/college/research/arl/code/sims/airsim/ros_ws/install/airsim_interfaces/lib:/home/cthornton/data/local/college/research/arl/code/sims/airsim/ros_ws/install/hrlsim_interfaces/lib:/home/cthornton/data/local/college/research/arl/code/sims/airsim/ros_ws/install/hrl_interfaces/lib:/home/cthornton/data/local/college/research/arl/code/sims/airsim/ros_ws/install/airsim_ros_pkgs/lib:/home/cthornton/Documents/vela/catkin_ws/devel/lib:/opt/ros/foxy/opt/yaml_cpp_vendor/lib:/opt/ros/foxy/opt/rviz_ogre_vendor/lib:/opt/ros/foxy/lib/x86_64-linux-gnu:/opt/ros/foxy/lib PYTHONPATH=/home/cthornton/data/local/college/research/arl/code/sims/airsim/ros_ws/install/airsim_interfaces/lib/python3.8/site-packages:/home/cthornton/data/local/college/research/arl/code/sims/airsim/ros_ws/install/hrlsim_interfaces/lib/python3.8/site-packages:/home/cthornton/data/local/college/research/arl/code/sims/airsim/ros_ws/install/hrlsim/lib/python3.8/site-packages:/home/cthornton/data/local/college/research/arl/code/sims/airsim/ros_ws/install/hrl_interfaces/lib/python3.8/site-packages:/home/cthornton/Documents/vela/catkin_ws/devel/lib/python2.7/dist-packages:/opt/ros/foxy/lib/python3.8/site-packages /home/cthornton/.local/bin/cmake --build /home/cthornton/data/local/college/research/arl/code/sims/airsim/ros_ws/build/hrlsim_interfaces -- -j12 -l12
[1.790s] DEBUG:colcon.colcon_core.event_handler.log_command:Invoked command in '/home/cthornton/data/local/college/research/arl/code/sims/airsim/ros_ws/build/airsim_ros_pkgs' returned '0': CMAKE_PREFIX_PATH=/home/cthornton/data/local/college/research/arl/code/sims/airsim/ros_ws/install/airsim_interfaces:/home/cthornton/data/local/college/research/arl/code/sims/airsim/ros_ws/install/hrlsim_interfaces:/home/cthornton/data/local/college/research/arl/code/sims/airsim/ros_ws/install/hrl_interfaces:/home/cthornton/data/local/college/research/arl/code/sims/airsim/ros_ws/install/airsim_ros_pkgs:/home/cthornton/data/local/college/research/arl/code/sims/airsim/ros_ws/install/hrlsim:/opt/ros/foxy:/home/cthornton/Documents/vela/catkin_ws/devel LD_LIBRARY_PATH=/home/cthornton/data/local/college/research/arl/code/sims/airsim/ros_ws/install/airsim_interfaces/lib:/home/cthornton/data/local/college/research/arl/code/sims/airsim/ros_ws/install/hrlsim_interfaces/lib:/home/cthornton/data/local/college/research/arl/code/sims/airsim/ros_ws/install/hrl_interfaces/lib:/home/cthornton/data/local/college/research/arl/code/sims/airsim/ros_ws/install/airsim_ros_pkgs/lib:/home/cthornton/Documents/vela/catkin_ws/devel/lib:/opt/ros/foxy/opt/yaml_cpp_vendor/lib:/opt/ros/foxy/opt/rviz_ogre_vendor/lib:/opt/ros/foxy/lib/x86_64-linux-gnu:/opt/ros/foxy/lib PYTHONPATH=/home/cthornton/data/local/college/research/arl/code/sims/airsim/ros_ws/install/airsim_interfaces/lib/python3.8/site-packages:/home/cthornton/data/local/college/research/arl/code/sims/airsim/ros_ws/install/hrlsim_interfaces/lib/python3.8/site-packages:/home/cthornton/data/local/college/research/arl/code/sims/airsim/ros_ws/install/hrlsim/lib/python3.8/site-packages:/home/cthornton/data/local/college/research/arl/code/sims/airsim/ros_ws/install/hrl_interfaces/lib/python3.8/site-packages:/home/cthornton/Documents/vela/catkin_ws/devel/lib/python2.7/dist-packages:/opt/ros/foxy/lib/python3.8/site-packages /home/cthornton/.local/bin/cmake --build /home/cthornton/data/local/college/research/arl/code/sims/airsim/ros_ws/build/airsim_ros_pkgs -- -j12 -l12
[1.867s] DEBUG:colcon.colcon_core.event_handler.log_command:Invoking command in '/home/cthornton/data/local/college/research/arl/code/sims/airsim/ros_ws/build/airsim_ros_pkgs': CMAKE_PREFIX_PATH=/home/cthornton/data/local/college/research/arl/code/sims/airsim/ros_ws/install/airsim_interfaces:/home/cthornton/data/local/college/research/arl/code/sims/airsim/ros_ws/install/hrlsim_interfaces:/home/cthornton/data/local/college/research/arl/code/sims/airsim/ros_ws/install/hrl_interfaces:/home/cthornton/data/local/college/research/arl/code/sims/airsim/ros_ws/install/airsim_ros_pkgs:/home/cthornton/data/local/college/research/arl/code/sims/airsim/ros_ws/install/hrlsim:/opt/ros/foxy:/home/cthornton/Documents/vela/catkin_ws/devel LD_LIBRARY_PATH=/home/cthornton/data/local/college/research/arl/code/sims/airsim/ros_ws/install/airsim_interfaces/lib:/home/cthornton/data/local/college/research/arl/code/sims/airsim/ros_ws/install/hrlsim_interfaces/lib:/home/cthornton/data/local/college/research/arl/code/sims/airsim/ros_ws/install/hrl_interfaces/lib:/home/cthornton/data/local/college/research/arl/code/sims/airsim/ros_ws/install/airsim_ros_pkgs/lib:/home/cthornton/Documents/vela/catkin_ws/devel/lib:/opt/ros/foxy/opt/yaml_cpp_vendor/lib:/opt/ros/foxy/opt/rviz_ogre_vendor/lib:/opt/ros/foxy/lib/x86_64-linux-gnu:/opt/ros/foxy/lib PYTHONPATH=/home/cthornton/data/local/college/research/arl/code/sims/airsim/ros_ws/install/airsim_interfaces/lib/python3.8/site-packages:/home/cthornton/data/local/college/research/arl/code/sims/airsim/ros_ws/install/hrlsim_interfaces/lib/python3.8/site-packages:/home/cthornton/data/local/college/research/arl/code/sims/airsim/ros_ws/install/hrlsim/lib/python3.8/site-packages:/home/cthornton/data/local/college/research/arl/code/sims/airsim/ros_ws/install/hrl_interfaces/lib/python3.8/site-packages:/home/cthornton/Documents/vela/catkin_ws/devel/lib/python2.7/dist-packages:/opt/ros/foxy/lib/python3.8/site-packages /home/cthornton/.local/bin/cmake --install /home/cthornton/data/local/college/research/arl/code/sims/airsim/ros_ws/build/airsim_ros_pkgs
[1.875s] DEBUG:colcon.colcon_core.event_handler.log_command:Invoking command in '/home/cthornton/data/local/college/research/arl/code/sims/airsim/ros_ws/build/hrlsim_interfaces': CMAKE_PREFIX_PATH=/home/cthornton/data/local/college/research/arl/code/sims/airsim/ros_ws/install/airsim_interfaces:/home/cthornton/data/local/college/research/arl/code/sims/airsim/ros_ws/install/hrlsim_interfaces:/home/cthornton/data/local/college/research/arl/code/sims/airsim/ros_ws/install/hrl_interfaces:/home/cthornton/data/local/college/research/arl/code/sims/airsim/ros_ws/install/airsim_ros_pkgs:/home/cthornton/data/local/college/research/arl/code/sims/airsim/ros_ws/install/hrlsim:/opt/ros/foxy:/home/cthornton/Documents/vela/catkin_ws/devel LD_LIBRARY_PATH=/home/cthornton/data/local/college/research/arl/code/sims/airsim/ros_ws/install/airsim_interfaces/lib:/home/cthornton/data/local/college/research/arl/code/sims/airsim/ros_ws/install/hrlsim_interfaces/lib:/home/cthornton/data/local/college/research/arl/code/sims/airsim/ros_ws/install/hrl_interfaces/lib:/home/cthornton/data/local/college/research/arl/code/sims/airsim/ros_ws/install/airsim_ros_pkgs/lib:/home/cthornton/Documents/vela/catkin_ws/devel/lib:/opt/ros/foxy/opt/yaml_cpp_vendor/lib:/opt/ros/foxy/opt/rviz_ogre_vendor/lib:/opt/ros/foxy/lib/x86_64-linux-gnu:/opt/ros/foxy/lib PYTHONPATH=/home/cthornton/data/local/college/research/arl/code/sims/airsim/ros_ws/install/airsim_interfaces/lib/python3.8/site-packages:/home/cthornton/data/local/college/research/arl/code/sims/airsim/ros_ws/install/hrlsim_interfaces/lib/python3.8/site-packages:/home/cthornton/data/local/college/research/arl/code/sims/airsim/ros_ws/install/hrlsim/lib/python3.8/site-packages:/home/cthornton/data/local/college/research/arl/code/sims/airsim/ros_ws/install/hrl_interfaces/lib/python3.8/site-packages:/home/cthornton/Documents/vela/catkin_ws/devel/lib/python2.7/dist-packages:/opt/ros/foxy/lib/python3.8/site-packages /home/cthornton/.local/bin/cmake --install /home/cthornton/data/local/college/research/arl/code/sims/airsim/ros_ws/build/hrlsim_interfaces
[1.987s] Level 1:colcon.colcon_core.environment:create_environment_scripts_only(hrlsim_interfaces)
[1.988s] Level 1:colcon.colcon_core.environment:checking '/home/cthornton/data/local/college/research/arl/code/sims/airsim/ros_ws/install/hrlsim_interfaces' for CMake module files
[1.990s] Level 1:colcon.colcon_core.environment:checking '/home/cthornton/data/local/college/research/arl/code/sims/airsim/ros_ws/install/hrlsim_interfaces' for CMake config files
[1.995s] Level 1:colcon.colcon_core.shell:create_environment_hook('hrlsim_interfaces', 'cmake_prefix_path')
[1.996s] INFO:colcon.colcon_core.shell:Creating environment hook '/home/cthornton/data/local/college/research/arl/code/sims/airsim/ros_ws/install/hrlsim_interfaces/share/hrlsim_interfaces/hook/cmake_prefix_path.ps1'
[1.997s] INFO:colcon.colcon_core.shell:Creating environment descriptor '/home/cthornton/data/local/college/research/arl/code/sims/airsim/ros_ws/install/hrlsim_interfaces/share/hrlsim_interfaces/hook/cmake_prefix_path.dsv'
[1.997s] INFO:colcon.colcon_core.shell:Creating environment hook '/home/cthornton/data/local/college/research/arl/code/sims/airsim/ros_ws/install/hrlsim_interfaces/share/hrlsim_interfaces/hook/cmake_prefix_path.sh'
[1.998s] Level 1:colcon.colcon_core.environment:checking '/home/cthornton/data/local/college/research/arl/code/sims/airsim/ros_ws/install/hrlsim_interfaces/lib'
[1.998s] Level 1:colcon.colcon_core.shell:create_environment_hook('hrlsim_interfaces', 'ld_library_path_lib')
[1.999s] INFO:colcon.colcon_core.shell:Creating environment hook '/home/cthornton/data/local/college/research/arl/code/sims/airsim/ros_ws/install/hrlsim_interfaces/share/hrlsim_interfaces/hook/ld_library_path_lib.ps1'
[2.000s] INFO:colcon.colcon_core.shell:Creating environment descriptor '/home/cthornton/data/local/college/research/arl/code/sims/airsim/ros_ws/install/hrlsim_interfaces/share/hrlsim_interfaces/hook/ld_library_path_lib.dsv'
[2.000s] INFO:colcon.colcon_core.shell:Creating environment hook '/home/cthornton/data/local/college/research/arl/code/sims/airsim/ros_ws/install/hrlsim_interfaces/share/hrlsim_interfaces/hook/ld_library_path_lib.sh'
[2.001s] Level 1:colcon.colcon_core.environment:checking '/home/cthornton/data/local/college/research/arl/code/sims/airsim/ros_ws/install/hrlsim_interfaces/bin'
[2.001s] Level 1:colcon.colcon_core.environment:checking '/home/cthornton/data/local/college/research/arl/code/sims/airsim/ros_ws/install/hrlsim_interfaces/lib/pkgconfig/hrlsim_interfaces.pc'
[2.001s] Level 1:colcon.colcon_core.environment:checking '/home/cthornton/data/local/college/research/arl/code/sims/airsim/ros_ws/install/hrlsim_interfaces/lib/python3.8/site-packages'
[2.001s] Level 1:colcon.colcon_core.shell:create_environment_hook('hrlsim_interfaces', 'pythonpath')
[2.002s] INFO:colcon.colcon_core.shell:Creating environment hook '/home/cthornton/data/local/college/research/arl/code/sims/airsim/ros_ws/install/hrlsim_interfaces/share/hrlsim_interfaces/hook/pythonpath.ps1'
[2.002s] INFO:colcon.colcon_core.shell:Creating environment descriptor '/home/cthornton/data/local/college/research/arl/code/sims/airsim/ros_ws/install/hrlsim_interfaces/share/hrlsim_interfaces/hook/pythonpath.dsv'
[2.003s] INFO:colcon.colcon_core.shell:Creating environment hook '/home/cthornton/data/local/college/research/arl/code/sims/airsim/ros_ws/install/hrlsim_interfaces/share/hrlsim_interfaces/hook/pythonpath.sh'
[2.004s] INFO:colcon.colcon_core.shell:Creating package script '/home/cthornton/data/local/college/research/arl/code/sims/airsim/ros_ws/install/hrlsim_interfaces/share/hrlsim_interfaces/package.ps1'
[2.005s] INFO:colcon.colcon_core.shell:Creating package descriptor '/home/cthornton/data/local/college/research/arl/code/sims/airsim/ros_ws/install/hrlsim_interfaces/share/hrlsim_interfaces/package.dsv'
[2.005s] INFO:colcon.colcon_core.shell:Creating package script '/home/cthornton/data/local/college/research/arl/code/sims/airsim/ros_ws/install/hrlsim_interfaces/share/hrlsim_interfaces/package.sh'
[2.006s] INFO:colcon.colcon_core.shell:Creating package script '/home/cthornton/data/local/college/research/arl/code/sims/airsim/ros_ws/install/hrlsim_interfaces/share/hrlsim_interfaces/package.bash'
[2.006s] INFO:colcon.colcon_core.shell:Creating package script '/home/cthornton/data/local/college/research/arl/code/sims/airsim/ros_ws/install/hrlsim_interfaces/share/hrlsim_interfaces/package.zsh'
[2.007s] Level 1:colcon.colcon_core.environment:create_file_with_runtime_dependencies(/home/cthornton/data/local/college/research/arl/code/sims/airsim/ros_ws/install/hrlsim_interfaces/share/colcon-core/packages/hrlsim_interfaces)
[2.019s] Level 1:colcon.colcon_core.environment:create_environment_scripts_only(airsim_ros_pkgs)
[2.020s] Level 1:colcon.colcon_core.environment:checking '/home/cthornton/data/local/college/research/arl/code/sims/airsim/ros_ws/install/airsim_ros_pkgs' for CMake module files
[2.021s] Level 1:colcon.colcon_core.environment:checking '/home/cthornton/data/local/college/research/arl/code/sims/airsim/ros_ws/install/airsim_ros_pkgs' for CMake config files
[2.031s] Level 1:colcon.colcon_core.shell:create_environment_hook('airsim_ros_pkgs', 'cmake_prefix_path')
[2.032s] INFO:colcon.colcon_core.shell:Creating environment hook '/home/cthornton/data/local/college/research/arl/code/sims/airsim/ros_ws/install/airsim_ros_pkgs/share/airsim_ros_pkgs/hook/cmake_prefix_path.ps1'
[2.033s] INFO:colcon.colcon_core.shell:Creating environment descriptor '/home/cthornton/data/local/college/research/arl/code/sims/airsim/ros_ws/install/airsim_ros_pkgs/share/airsim_ros_pkgs/hook/cmake_prefix_path.dsv'
[2.033s] INFO:colcon.colcon_core.shell:Creating environment hook '/home/cthornton/data/local/college/research/arl/code/sims/airsim/ros_ws/install/airsim_ros_pkgs/share/airsim_ros_pkgs/hook/cmake_prefix_path.sh'
[2.034s] Level 1:colcon.colcon_core.environment:checking '/home/cthornton/data/local/college/research/arl/code/sims/airsim/ros_ws/install/airsim_ros_pkgs/lib'
[2.034s] Level 1:colcon.colcon_core.environment:checking '/home/cthornton/data/local/college/research/arl/code/sims/airsim/ros_ws/install/airsim_ros_pkgs/bin'
[2.034s] Level 1:colcon.colcon_core.environment:checking '/home/cthornton/data/local/college/research/arl/code/sims/airsim/ros_ws/install/airsim_ros_pkgs/lib/pkgconfig/airsim_ros_pkgs.pc'
[2.034s] Level 1:colcon.colcon_core.environment:checking '/home/cthornton/data/local/college/research/arl/code/sims/airsim/ros_ws/install/airsim_ros_pkgs/lib/python3.8/site-packages'
[2.035s] INFO:colcon.colcon_core.shell:Creating package script '/home/cthornton/data/local/college/research/arl/code/sims/airsim/ros_ws/install/airsim_ros_pkgs/share/airsim_ros_pkgs/package.ps1'
[2.035s] INFO:colcon.colcon_core.shell:Creating package descriptor '/home/cthornton/data/local/college/research/arl/code/sims/airsim/ros_ws/install/airsim_ros_pkgs/share/airsim_ros_pkgs/package.dsv'
[2.036s] INFO:colcon.colcon_core.shell:Creating package script '/home/cthornton/data/local/college/research/arl/code/sims/airsim/ros_ws/install/airsim_ros_pkgs/share/airsim_ros_pkgs/package.sh'
[2.036s] INFO:colcon.colcon_core.shell:Creating package script '/home/cthornton/data/local/college/research/arl/code/sims/airsim/ros_ws/install/airsim_ros_pkgs/share/airsim_ros_pkgs/package.bash'
[2.037s] INFO:colcon.colcon_core.shell:Creating package script '/home/cthornton/data/local/college/research/arl/code/sims/airsim/ros_ws/install/airsim_ros_pkgs/share/airsim_ros_pkgs/package.zsh'
[2.037s] Level 1:colcon.colcon_core.environment:create_file_with_runtime_dependencies(/home/cthornton/data/local/college/research/arl/code/sims/airsim/ros_ws/install/airsim_ros_pkgs/share/colcon-core/packages/airsim_ros_pkgs)
[2.051s] DEBUG:colcon.colcon_core.event_handler.log_command:Invoked command in '/home/cthornton/data/local/college/research/arl/code/sims/airsim/ros_ws/build/hrlsim_interfaces' returned '0': CMAKE_PREFIX_PATH=/home/cthornton/data/local/college/research/arl/code/sims/airsim/ros_ws/install/airsim_interfaces:/home/cthornton/data/local/college/research/arl/code/sims/airsim/ros_ws/install/hrlsim_interfaces:/home/cthornton/data/local/college/research/arl/code/sims/airsim/ros_ws/install/hrl_interfaces:/home/cthornton/data/local/college/research/arl/code/sims/airsim/ros_ws/install/airsim_ros_pkgs:/home/cthornton/data/local/college/research/arl/code/sims/airsim/ros_ws/install/hrlsim:/opt/ros/foxy:/home/cthornton/Documents/vela/catkin_ws/devel LD_LIBRARY_PATH=/home/cthornton/data/local/college/research/arl/code/sims/airsim/ros_ws/install/airsim_interfaces/lib:/home/cthornton/data/local/college/research/arl/code/sims/airsim/ros_ws/install/hrlsim_interfaces/lib:/home/cthornton/data/local/college/research/arl/code/sims/airsim/ros_ws/install/hrl_interfaces/lib:/home/cthornton/data/local/college/research/arl/code/sims/airsim/ros_ws/install/airsim_ros_pkgs/lib:/home/cthornton/Documents/vela/catkin_ws/devel/lib:/opt/ros/foxy/opt/yaml_cpp_vendor/lib:/opt/ros/foxy/opt/rviz_ogre_vendor/lib:/opt/ros/foxy/lib/x86_64-linux-gnu:/opt/ros/foxy/lib PYTHONPATH=/home/cthornton/data/local/college/research/arl/code/sims/airsim/ros_ws/install/airsim_interfaces/lib/python3.8/site-packages:/home/cthornton/data/local/college/research/arl/code/sims/airsim/ros_ws/install/hrlsim_interfaces/lib/python3.8/site-packages:/home/cthornton/data/local/college/research/arl/code/sims/airsim/ros_ws/install/hrlsim/lib/python3.8/site-packages:/home/cthornton/data/local/college/research/arl/code/sims/airsim/ros_ws/install/hrl_interfaces/lib/python3.8/site-packages:/home/cthornton/Documents/vela/catkin_ws/devel/lib/python2.7/dist-packages:/opt/ros/foxy/lib/python3.8/site-packages /home/cthornton/.local/bin/cmake --install /home/cthornton/data/local/college/research/arl/code/sims/airsim/ros_ws/build/hrlsim_interfaces
[2.080s] DEBUG:colcon.colcon_core.event_handler.log_command:Invoked command in '/home/cthornton/data/local/college/research/arl/code/sims/airsim/ros_ws/build/airsim_ros_pkgs' returned '0': CMAKE_PREFIX_PATH=/home/cthornton/data/local/college/research/arl/code/sims/airsim/ros_ws/install/airsim_interfaces:/home/cthornton/data/local/college/research/arl/code/sims/airsim/ros_ws/install/hrlsim_interfaces:/home/cthornton/data/local/college/research/arl/code/sims/airsim/ros_ws/install/hrl_interfaces:/home/cthornton/data/local/college/research/arl/code/sims/airsim/ros_ws/install/airsim_ros_pkgs:/home/cthornton/data/local/college/research/arl/code/sims/airsim/ros_ws/install/hrlsim:/opt/ros/foxy:/home/cthornton/Documents/vela/catkin_ws/devel LD_LIBRARY_PATH=/home/cthornton/data/local/college/research/arl/code/sims/airsim/ros_ws/install/airsim_interfaces/lib:/home/cthornton/data/local/college/research/arl/code/sims/airsim/ros_ws/install/hrlsim_interfaces/lib:/home/cthornton/data/local/college/research/arl/code/sims/airsim/ros_ws/install/hrl_interfaces/lib:/home/cthornton/data/local/college/research/arl/code/sims/airsim/ros_ws/install/airsim_ros_pkgs/lib:/home/cthornton/Documents/vela/catkin_ws/devel/lib:/opt/ros/foxy/opt/yaml_cpp_vendor/lib:/opt/ros/foxy/opt/rviz_ogre_vendor/lib:/opt/ros/foxy/lib/x86_64-linux-gnu:/opt/ros/foxy/lib PYTHONPATH=/home/cthornton/data/local/college/research/arl/code/sims/airsim/ros_ws/install/airsim_interfaces/lib/python3.8/site-packages:/home/cthornton/data/local/college/research/arl/code/sims/airsim/ros_ws/install/hrlsim_interfaces/lib/python3.8/site-packages:/home/cthornton/data/local/college/research/arl/code/sims/airsim/ros_ws/install/hrlsim/lib/python3.8/site-packages:/home/cthornton/data/local/college/research/arl/code/sims/airsim/ros_ws/install/hrl_interfaces/lib/python3.8/site-packages:/home/cthornton/Documents/vela/catkin_ws/devel/lib/python2.7/dist-packages:/opt/ros/foxy/lib/python3.8/site-packages /home/cthornton/.local/bin/cmake --install /home/cthornton/data/local/college/research/arl/code/sims/airsim/ros_ws/build/airsim_ros_pkgs
[2.119s] Level 1:colcon.colcon_core.environment:create_environment_scripts_only(airsim_ros_pkgs)
[2.120s] Level 1:colcon.colcon_core.environment:checking '/home/cthornton/data/local/college/research/arl/code/sims/airsim/ros_ws/install/airsim_ros_pkgs' for CMake module files
[2.121s] Level 1:colcon.colcon_core.environment:checking '/home/cthornton/data/local/college/research/arl/code/sims/airsim/ros_ws/install/airsim_ros_pkgs' for CMake config files
[2.128s] Level 1:colcon.colcon_core.shell:create_environment_hook('airsim_ros_pkgs', 'cmake_prefix_path')
[2.129s] INFO:colcon.colcon_core.shell:Creating environment hook '/home/cthornton/data/local/college/research/arl/code/sims/airsim/ros_ws/install/airsim_ros_pkgs/share/airsim_ros_pkgs/hook/cmake_prefix_path.ps1'
[2.129s] INFO:colcon.colcon_core.shell:Creating environment descriptor '/home/cthornton/data/local/college/research/arl/code/sims/airsim/ros_ws/install/airsim_ros_pkgs/share/airsim_ros_pkgs/hook/cmake_prefix_path.dsv'
[2.130s] INFO:colcon.colcon_core.shell:Creating environment hook '/home/cthornton/data/local/college/research/arl/code/sims/airsim/ros_ws/install/airsim_ros_pkgs/share/airsim_ros_pkgs/hook/cmake_prefix_path.sh'
[2.130s] Level 1:colcon.colcon_core.environment:checking '/home/cthornton/data/local/college/research/arl/code/sims/airsim/ros_ws/install/airsim_ros_pkgs/lib'
[2.131s] Level 1:colcon.colcon_core.environment:checking '/home/cthornton/data/local/college/research/arl/code/sims/airsim/ros_ws/install/airsim_ros_pkgs/bin'
[2.131s] Level 1:colcon.colcon_core.environment:checking '/home/cthornton/data/local/college/research/arl/code/sims/airsim/ros_ws/install/airsim_ros_pkgs/lib/pkgconfig/airsim_ros_pkgs.pc'
[2.131s] Level 1:colcon.colcon_core.environment:checking '/home/cthornton/data/local/college/research/arl/code/sims/airsim/ros_ws/install/airsim_ros_pkgs/lib/python3.8/site-packages'
[2.131s] INFO:colcon.colcon_core.shell:Creating package script '/home/cthornton/data/local/college/research/arl/code/sims/airsim/ros_ws/install/airsim_ros_pkgs/share/airsim_ros_pkgs/package.ps1'
[2.132s] INFO:colcon.colcon_core.shell:Creating package descriptor '/home/cthornton/data/local/college/research/arl/code/sims/airsim/ros_ws/install/airsim_ros_pkgs/share/airsim_ros_pkgs/package.dsv'
[2.132s] INFO:colcon.colcon_core.shell:Creating package script '/home/cthornton/data/local/college/research/arl/code/sims/airsim/ros_ws/install/airsim_ros_pkgs/share/airsim_ros_pkgs/package.sh'
[2.133s] INFO:colcon.colcon_core.shell:Creating package script '/home/cthornton/data/local/college/research/arl/code/sims/airsim/ros_ws/install/airsim_ros_pkgs/share/airsim_ros_pkgs/package.bash'
[2.133s] INFO:colcon.colcon_core.shell:Creating package script '/home/cthornton/data/local/college/research/arl/code/sims/airsim/ros_ws/install/airsim_ros_pkgs/share/airsim_ros_pkgs/package.zsh'
[2.134s] Level 1:colcon.colcon_core.environment:create_file_with_runtime_dependencies(/home/cthornton/data/local/college/research/arl/code/sims/airsim/ros_ws/install/airsim_ros_pkgs/share/colcon-core/packages/airsim_ros_pkgs)
[2.201s] Level 1:colcon.colcon_core.environment:create_environment_scripts_only(hrlsim_interfaces)
[2.201s] Level 1:colcon.colcon_core.environment:checking '/home/cthornton/data/local/college/research/arl/code/sims/airsim/ros_ws/install/hrlsim_interfaces' for CMake module files
[2.203s] Level 1:colcon.colcon_core.environment:checking '/home/cthornton/data/local/college/research/arl/code/sims/airsim/ros_ws/install/hrlsim_interfaces' for CMake config files
[2.204s] Level 1:colcon.colcon_core.shell:create_environment_hook('hrlsim_interfaces', 'cmake_prefix_path')
[2.205s] INFO:colcon.colcon_core.shell:Creating environment hook '/home/cthornton/data/local/college/research/arl/code/sims/airsim/ros_ws/install/hrlsim_interfaces/share/hrlsim_interfaces/hook/cmake_prefix_path.ps1'
[2.205s] INFO:colcon.colcon_core.shell:Creating environment descriptor '/home/cthornton/data/local/college/research/arl/code/sims/airsim/ros_ws/install/hrlsim_interfaces/share/hrlsim_interfaces/hook/cmake_prefix_path.dsv'
[2.205s] INFO:colcon.colcon_core.shell:Creating environment hook '/home/cthornton/data/local/college/research/arl/code/sims/airsim/ros_ws/install/hrlsim_interfaces/share/hrlsim_interfaces/hook/cmake_prefix_path.sh'
[2.206s] Level 1:colcon.colcon_core.environment:checking '/home/cthornton/data/local/college/research/arl/code/sims/airsim/ros_ws/install/hrlsim_interfaces/lib'
[2.206s] Level 1:colcon.colcon_core.shell:create_environment_hook('hrlsim_interfaces', 'ld_library_path_lib')
[2.206s] INFO:colcon.colcon_core.shell:Creating environment hook '/home/cthornton/data/local/college/research/arl/code/sims/airsim/ros_ws/install/hrlsim_interfaces/share/hrlsim_interfaces/hook/ld_library_path_lib.ps1'
[2.207s] INFO:colcon.colcon_core.shell:Creating environment descriptor '/home/cthornton/data/local/college/research/arl/code/sims/airsim/ros_ws/install/hrlsim_interfaces/share/hrlsim_interfaces/hook/ld_library_path_lib.dsv'
[2.207s] INFO:colcon.colcon_core.shell:Creating environment hook '/home/cthornton/data/local/college/research/arl/code/sims/airsim/ros_ws/install/hrlsim_interfaces/share/hrlsim_interfaces/hook/ld_library_path_lib.sh'
[2.207s] Level 1:colcon.colcon_core.environment:checking '/home/cthornton/data/local/college/research/arl/code/sims/airsim/ros_ws/install/hrlsim_interfaces/bin'
[2.208s] Level 1:colcon.colcon_core.environment:checking '/home/cthornton/data/local/college/research/arl/code/sims/airsim/ros_ws/install/hrlsim_interfaces/lib/pkgconfig/hrlsim_interfaces.pc'
[2.208s] Level 1:colcon.colcon_core.environment:checking '/home/cthornton/data/local/college/research/arl/code/sims/airsim/ros_ws/install/hrlsim_interfaces/lib/python3.8/site-packages'
[2.208s] Level 1:colcon.colcon_core.shell:create_environment_hook('hrlsim_interfaces', 'pythonpath')
[2.208s] INFO:colcon.colcon_core.shell:Creating environment hook '/home/cthornton/data/local/college/research/arl/code/sims/airsim/ros_ws/install/hrlsim_interfaces/share/hrlsim_interfaces/hook/pythonpath.ps1'
[2.209s] INFO:colcon.colcon_core.shell:Creating environment descriptor '/home/cthornton/data/local/college/research/arl/code/sims/airsim/ros_ws/install/hrlsim_interfaces/share/hrlsim_interfaces/hook/pythonpath.dsv'
[2.209s] INFO:colcon.colcon_core.shell:Creating environment hook '/home/cthornton/data/local/college/research/arl/code/sims/airsim/ros_ws/install/hrlsim_interfaces/share/hrlsim_interfaces/hook/pythonpath.sh'
[2.210s] INFO:colcon.colcon_core.shell:Creating package script '/home/cthornton/data/local/college/research/arl/code/sims/airsim/ros_ws/install/hrlsim_interfaces/share/hrlsim_interfaces/package.ps1'
[2.211s] INFO:colcon.colcon_core.shell:Creating package descriptor '/home/cthornton/data/local/college/research/arl/code/sims/airsim/ros_ws/install/hrlsim_interfaces/share/hrlsim_interfaces/package.dsv'
[2.211s] INFO:colcon.colcon_core.shell:Creating package script '/home/cthornton/data/local/college/research/arl/code/sims/airsim/ros_ws/install/hrlsim_interfaces/share/hrlsim_interfaces/package.sh'
[2.212s] INFO:colcon.colcon_core.shell:Creating package script '/home/cthornton/data/local/college/research/arl/code/sims/airsim/ros_ws/install/hrlsim_interfaces/share/hrlsim_interfaces/package.bash'
[2.212s] INFO:colcon.colcon_core.shell:Creating package script '/home/cthornton/data/local/college/research/arl/code/sims/airsim/ros_ws/install/hrlsim_interfaces/share/hrlsim_interfaces/package.zsh'
[2.212s] Level 1:colcon.colcon_core.environment:create_file_with_runtime_dependencies(/home/cthornton/data/local/college/research/arl/code/sims/airsim/ros_ws/install/hrlsim_interfaces/share/colcon-core/packages/hrlsim_interfaces)
[2.213s] DEBUG:colcon.colcon_parallel_executor.executor.parallel:closing loop
[2.213s] DEBUG:colcon.colcon_parallel_executor.executor.parallel:loop closed
[2.213s] DEBUG:colcon.colcon_parallel_executor.executor.parallel:run_until_complete finished with '0'
[2.213s] DEBUG:colcon.colcon_core.event_reactor:joining thread
[2.218s] INFO:colcon.colcon_core.plugin_system:Skipping extension 'colcon_notification.desktop_notification.terminal_notifier': Not used on non-Darwin systems
[2.218s] INFO:colcon.colcon_core.plugin_system:Skipping extension 'colcon_notification.desktop_notification.win32': Not used on non-Windows systems
[2.218s] INFO:colcon.colcon_notification.desktop_notification:Sending desktop notification using 'notify2'
[2.228s] DEBUG:colcon.colcon_core.event_reactor:joined thread
[2.229s] INFO:colcon.colcon_core.shell:Creating prefix script '/home/cthornton/data/local/college/research/arl/code/sims/airsim/ros_ws/install/local_setup.ps1'
[2.230s] INFO:colcon.colcon_core.shell:Creating prefix util module '/home/cthornton/data/local/college/research/arl/code/sims/airsim/ros_ws/install/_local_setup_util_ps1.py'
[2.232s] INFO:colcon.colcon_core.shell:Creating prefix chain script '/home/cthornton/data/local/college/research/arl/code/sims/airsim/ros_ws/install/setup.ps1'
[2.234s] INFO:colcon.colcon_core.shell:Creating prefix script '/home/cthornton/data/local/college/research/arl/code/sims/airsim/ros_ws/install/local_setup.sh'
[2.234s] INFO:colcon.colcon_core.shell:Creating prefix util module '/home/cthornton/data/local/college/research/arl/code/sims/airsim/ros_ws/install/_local_setup_util_sh.py'
[2.235s] INFO:colcon.colcon_core.shell:Creating prefix chain script '/home/cthornton/data/local/college/research/arl/code/sims/airsim/ros_ws/install/setup.sh'
[2.237s] INFO:colcon.colcon_core.shell:Creating prefix script '/home/cthornton/data/local/college/research/arl/code/sims/airsim/ros_ws/install/local_setup.bash'
[2.238s] INFO:colcon.colcon_core.shell:Creating prefix chain script '/home/cthornton/data/local/college/research/arl/code/sims/airsim/ros_ws/install/setup.bash'
[2.241s] INFO:colcon.colcon_core.shell:Creating prefix script '/home/cthornton/data/local/college/research/arl/code/sims/airsim/ros_ws/install/local_setup.zsh'
[2.241s] INFO:colcon.colcon_core.shell:Creating prefix chain script '/home/cthornton/data/local/college/research/arl/code/sims/airsim/ros_ws/install/setup.zsh'
