[0.030s] Invoking command in '/home/cthornton/data/local/college/research/arl/code/sims/airsim/ros_ws/build/airsim_interfaces': CMAKE_PREFIX_PATH=/home/cthornton/data/local/college/research/arl/code/sims/airsim/ros_ws/install/hrlsim:/opt/ros/foxy:${CMAKE_PREFIX_PATH} /home/cthornton/.local/bin/cmake --build /home/cthornton/data/local/college/research/arl/code/sims/airsim/ros_ws/build/airsim_interfaces -- -j12 -l12
[0.157s] [  0%] Built target airsim_interfaces__cpp
[0.184s] [ 12%] Built target airsim_interfaces__rosidl_generator_c
[0.216s] [ 39%] Built target airsim_interfaces__rosidl_typesupport_cpp
[0.216s] [ 42%] Built target airsim_interfaces__rosidl_typesupport_introspection_cpp
[0.218s] [ 48%] Built target airsim_interfaces__rosidl_typesupport_fastrtps_cpp
[0.226s] [ 60%] Built target airsim_interfaces__rosidl_typesupport_c
[0.232s] [ 72%] Built target airsim_interfaces__rosidl_typesupport_introspection_c
[0.257s] [ 84%] Built target airsim_interfaces__rosidl_typesupport_fastrtps_c
[0.274s] [ 84%] Built target airsim_interfaces
[0.298s] [ 85%] Built target airsim_interfaces__py
[0.327s] [ 96%] Built target airsim_interfaces__python
[0.353s] [ 97%] Built target airsim_interfaces__rosidl_typesupport_fastrtps_c__pyext
[0.353s] [ 99%] Built target airsim_interfaces__rosidl_typesupport_c__pyext
[0.354s] [100%] Built target airsim_interfaces__rosidl_typesupport_introspection_c__pyext
[0.370s] Invoked command in '/home/cthornton/data/local/college/research/arl/code/sims/airsim/ros_ws/build/airsim_interfaces' returned '0': CMAKE_PREFIX_PATH=/home/cthornton/data/local/college/research/arl/code/sims/airsim/ros_ws/install/hrlsim:/opt/ros/foxy:${CMAKE_PREFIX_PATH} /home/cthornton/.local/bin/cmake --build /home/cthornton/data/local/college/research/arl/code/sims/airsim/ros_ws/build/airsim_interfaces -- -j12 -l12
[0.991s] Invoking command in '/home/cthornton/data/local/college/research/arl/code/sims/airsim/ros_ws/build/airsim_interfaces': CMAKE_PREFIX_PATH=/home/cthornton/data/local/college/research/arl/code/sims/airsim/ros_ws/install/hrlsim:/opt/ros/foxy:${CMAKE_PREFIX_PATH} /home/cthornton/.local/bin/cmake --install /home/cthornton/data/local/college/research/arl/code/sims/airsim/ros_ws/build/airsim_interfaces
[1.044s] -- Install configuration: "Debug"
[1.044s] -- Up-to-date: /home/cthornton/data/local/college/research/arl/code/sims/airsim/ros_ws/install/airsim_interfaces/share/ament_index/resource_index/rosidl_interfaces/airsim_interfaces
[1.045s] -- Up-to-date: /home/cthornton/data/local/college/research/arl/code/sims/airsim/ros_ws/install/airsim_interfaces/include/airsim_interfaces
[1.045s] -- Up-to-date: /home/cthornton/data/local/college/research/arl/code/sims/airsim/ros_ws/install/airsim_interfaces/include/airsim_interfaces/msg
[1.046s] -- Up-to-date: /home/cthornton/data/local/college/research/arl/code/sims/airsim/ros_ws/install/airsim_interfaces/include/airsim_interfaces/msg/altimeter.h
[1.046s] -- Up-to-date: /home/cthornton/data/local/college/research/arl/code/sims/airsim/ros_ws/install/airsim_interfaces/include/airsim_interfaces/msg/car_controls.h
[1.046s] -- Up-to-date: /home/cthornton/data/local/college/research/arl/code/sims/airsim/ros_ws/install/airsim_interfaces/include/airsim_interfaces/msg/car_state.h
[1.046s] -- Up-to-date: /home/cthornton/data/local/college/research/arl/code/sims/airsim/ros_ws/install/airsim_interfaces/include/airsim_interfaces/msg/detail
[1.047s] -- Up-to-date: /home/cthornton/data/local/college/research/arl/code/sims/airsim/ros_ws/install/airsim_interfaces/include/airsim_interfaces/msg/detail/gimbal_angle_quat_cmd__functions.h
[1.047s] -- Up-to-date: /home/cthornton/data/local/college/research/arl/code/sims/airsim/ros_ws/install/airsim_interfaces/include/airsim_interfaces/msg/detail/altimeter__functions.c
[1.047s] -- Up-to-date: /home/cthornton/data/local/college/research/arl/code/sims/airsim/ros_ws/install/airsim_interfaces/include/airsim_interfaces/msg/detail/altimeter__functions.h
[1.047s] -- Up-to-date: /home/cthornton/data/local/college/research/arl/code/sims/airsim/ros_ws/install/airsim_interfaces/include/airsim_interfaces/msg/detail/altimeter__struct.h
[1.048s] -- Up-to-date: /home/cthornton/data/local/college/research/arl/code/sims/airsim/ros_ws/install/airsim_interfaces/include/airsim_interfaces/msg/detail/altimeter__type_support.h
[1.048s] -- Up-to-date: /home/cthornton/data/local/college/research/arl/code/sims/airsim/ros_ws/install/airsim_interfaces/include/airsim_interfaces/msg/detail/car_controls__functions.c
[1.048s] -- Up-to-date: /home/cthornton/data/local/college/research/arl/code/sims/airsim/ros_ws/install/airsim_interfaces/include/airsim_interfaces/msg/detail/car_controls__functions.h
[1.048s] -- Up-to-date: /home/cthornton/data/local/college/research/arl/code/sims/airsim/ros_ws/install/airsim_interfaces/include/airsim_interfaces/msg/detail/car_controls__struct.h
[1.049s] -- Up-to-date: /home/cthornton/data/local/college/research/arl/code/sims/airsim/ros_ws/install/airsim_interfaces/include/airsim_interfaces/msg/detail/car_controls__type_support.h
[1.049s] -- Up-to-date: /home/cthornton/data/local/college/research/arl/code/sims/airsim/ros_ws/install/airsim_interfaces/include/airsim_interfaces/msg/detail/car_state__functions.c
[1.049s] -- Up-to-date: /home/cthornton/data/local/college/research/arl/code/sims/airsim/ros_ws/install/airsim_interfaces/include/airsim_interfaces/msg/detail/car_state__functions.h
[1.049s] -- Up-to-date: /home/cthornton/data/local/college/research/arl/code/sims/airsim/ros_ws/install/airsim_interfaces/include/airsim_interfaces/msg/detail/car_state__struct.h
[1.049s] -- Up-to-date: /home/cthornton/data/local/college/research/arl/code/sims/airsim/ros_ws/install/airsim_interfaces/include/airsim_interfaces/msg/detail/car_state__type_support.h
[1.050s] -- Up-to-date: /home/cthornton/data/local/college/research/arl/code/sims/airsim/ros_ws/install/airsim_interfaces/include/airsim_interfaces/msg/detail/environment__functions.c
[1.050s] -- Up-to-date: /home/cthornton/data/local/college/research/arl/code/sims/airsim/ros_ws/install/airsim_interfaces/include/airsim_interfaces/msg/detail/environment__functions.h
[1.050s] -- Up-to-date: /home/cthornton/data/local/college/research/arl/code/sims/airsim/ros_ws/install/airsim_interfaces/include/airsim_interfaces/msg/detail/environment__struct.h
[1.050s] -- Up-to-date: /home/cthornton/data/local/college/research/arl/code/sims/airsim/ros_ws/install/airsim_interfaces/include/airsim_interfaces/msg/detail/environment__type_support.h
[1.051s] -- Up-to-date: /home/cthornton/data/local/college/research/arl/code/sims/airsim/ros_ws/install/airsim_interfaces/include/airsim_interfaces/msg/detail/gimbal_angle_euler_cmd__functions.c
[1.051s] -- Up-to-date: /home/cthornton/data/local/college/research/arl/code/sims/airsim/ros_ws/install/airsim_interfaces/include/airsim_interfaces/msg/detail/gimbal_angle_euler_cmd__functions.h
[1.051s] -- Up-to-date: /home/cthornton/data/local/college/research/arl/code/sims/airsim/ros_ws/install/airsim_interfaces/include/airsim_interfaces/msg/detail/gimbal_angle_euler_cmd__struct.h
[1.051s] -- Up-to-date: /home/cthornton/data/local/college/research/arl/code/sims/airsim/ros_ws/install/airsim_interfaces/include/airsim_interfaces/msg/detail/gimbal_angle_euler_cmd__type_support.h
[1.051s] -- Up-to-date: /home/cthornton/data/local/college/research/arl/code/sims/airsim/ros_ws/install/airsim_interfaces/include/airsim_interfaces/msg/detail/gimbal_angle_quat_cmd__functions.c
[1.052s] -- Up-to-date: /home/cthornton/data/local/college/research/arl/code/sims/airsim/ros_ws/install/airsim_interfaces/include/airsim_interfaces/msg/detail/gimbal_angle_quat_cmd__struct.h
[1.052s] -- Up-to-date: /home/cthornton/data/local/college/research/arl/code/sims/airsim/ros_ws/install/airsim_interfaces/include/airsim_interfaces/msg/detail/gimbal_angle_quat_cmd__type_support.h
[1.052s] -- Up-to-date: /home/cthornton/data/local/college/research/arl/code/sims/airsim/ros_ws/install/airsim_interfaces/include/airsim_interfaces/msg/detail/gps_yaw__functions.c
[1.052s] -- Up-to-date: /home/cthornton/data/local/college/research/arl/code/sims/airsim/ros_ws/install/airsim_interfaces/include/airsim_interfaces/msg/detail/gps_yaw__functions.h
[1.053s] -- Up-to-date: /home/cthornton/data/local/college/research/arl/code/sims/airsim/ros_ws/install/airsim_interfaces/include/airsim_interfaces/msg/detail/gps_yaw__struct.h
[1.053s] -- Up-to-date: /home/cthornton/data/local/college/research/arl/code/sims/airsim/ros_ws/install/airsim_interfaces/include/airsim_interfaces/msg/detail/gps_yaw__type_support.h
[1.053s] -- Up-to-date: /home/cthornton/data/local/college/research/arl/code/sims/airsim/ros_ws/install/airsim_interfaces/include/airsim_interfaces/msg/detail/vel_cmd_group__functions.c
[1.053s] -- Up-to-date: /home/cthornton/data/local/college/research/arl/code/sims/airsim/ros_ws/install/airsim_interfaces/include/airsim_interfaces/msg/detail/vel_cmd_group__functions.h
[1.054s] -- Up-to-date: /home/cthornton/data/local/college/research/arl/code/sims/airsim/ros_ws/install/airsim_interfaces/include/airsim_interfaces/msg/detail/vel_cmd_group__struct.h
[1.054s] -- Up-to-date: /home/cthornton/data/local/college/research/arl/code/sims/airsim/ros_ws/install/airsim_interfaces/include/airsim_interfaces/msg/detail/vel_cmd_group__type_support.h
[1.054s] -- Up-to-date: /home/cthornton/data/local/college/research/arl/code/sims/airsim/ros_ws/install/airsim_interfaces/include/airsim_interfaces/msg/detail/vel_cmd__functions.c
[1.054s] -- Up-to-date: /home/cthornton/data/local/college/research/arl/code/sims/airsim/ros_ws/install/airsim_interfaces/include/airsim_interfaces/msg/detail/vel_cmd__functions.h
[1.054s] -- Up-to-date: /home/cthornton/data/local/college/research/arl/code/sims/airsim/ros_ws/install/airsim_interfaces/include/airsim_interfaces/msg/detail/vel_cmd__struct.h
[1.055s] -- Up-to-date: /home/cthornton/data/local/college/research/arl/code/sims/airsim/ros_ws/install/airsim_interfaces/include/airsim_interfaces/msg/detail/vel_cmd__type_support.h
[1.055s] -- Up-to-date: /home/cthornton/data/local/college/research/arl/code/sims/airsim/ros_ws/install/airsim_interfaces/include/airsim_interfaces/msg/environment.h
[1.055s] -- Up-to-date: /home/cthornton/data/local/college/research/arl/code/sims/airsim/ros_ws/install/airsim_interfaces/include/airsim_interfaces/msg/gimbal_angle_euler_cmd.h
[1.055s] -- Up-to-date: /home/cthornton/data/local/college/research/arl/code/sims/airsim/ros_ws/install/airsim_interfaces/include/airsim_interfaces/msg/gimbal_angle_quat_cmd.h
[1.056s] -- Up-to-date: /home/cthornton/data/local/college/research/arl/code/sims/airsim/ros_ws/install/airsim_interfaces/include/airsim_interfaces/msg/gps_yaw.h
[1.056s] -- Up-to-date: /home/cthornton/data/local/college/research/arl/code/sims/airsim/ros_ws/install/airsim_interfaces/include/airsim_interfaces/msg/rosidl_generator_c__visibility_control.h
[1.056s] -- Up-to-date: /home/cthornton/data/local/college/research/arl/code/sims/airsim/ros_ws/install/airsim_interfaces/include/airsim_interfaces/msg/vel_cmd.h
[1.056s] -- Up-to-date: /home/cthornton/data/local/college/research/arl/code/sims/airsim/ros_ws/install/airsim_interfaces/include/airsim_interfaces/msg/vel_cmd_group.h
[1.056s] -- Up-to-date: /home/cthornton/data/local/college/research/arl/code/sims/airsim/ros_ws/install/airsim_interfaces/include/airsim_interfaces/srv
[1.057s] -- Up-to-date: /home/cthornton/data/local/college/research/arl/code/sims/airsim/ros_ws/install/airsim_interfaces/include/airsim_interfaces/srv/detail
[1.057s] -- Up-to-date: /home/cthornton/data/local/college/research/arl/code/sims/airsim/ros_ws/install/airsim_interfaces/include/airsim_interfaces/srv/detail/land_group__functions.c
[1.057s] -- Up-to-date: /home/cthornton/data/local/college/research/arl/code/sims/airsim/ros_ws/install/airsim_interfaces/include/airsim_interfaces/srv/detail/land_group__functions.h
[1.057s] -- Up-to-date: /home/cthornton/data/local/college/research/arl/code/sims/airsim/ros_ws/install/airsim_interfaces/include/airsim_interfaces/srv/detail/land_group__struct.h
[1.058s] -- Up-to-date: /home/cthornton/data/local/college/research/arl/code/sims/airsim/ros_ws/install/airsim_interfaces/include/airsim_interfaces/srv/detail/land_group__type_support.h
[1.058s] -- Up-to-date: /home/cthornton/data/local/college/research/arl/code/sims/airsim/ros_ws/install/airsim_interfaces/include/airsim_interfaces/srv/detail/land__functions.c
[1.058s] -- Up-to-date: /home/cthornton/data/local/college/research/arl/code/sims/airsim/ros_ws/install/airsim_interfaces/include/airsim_interfaces/srv/detail/land__functions.h
[1.058s] -- Up-to-date: /home/cthornton/data/local/college/research/arl/code/sims/airsim/ros_ws/install/airsim_interfaces/include/airsim_interfaces/srv/detail/land__struct.h
[1.059s] -- Up-to-date: /home/cthornton/data/local/college/research/arl/code/sims/airsim/ros_ws/install/airsim_interfaces/include/airsim_interfaces/srv/detail/land__type_support.h
[1.059s] -- Up-to-date: /home/cthornton/data/local/college/research/arl/code/sims/airsim/ros_ws/install/airsim_interfaces/include/airsim_interfaces/srv/detail/reset__functions.c
[1.059s] -- Up-to-date: /home/cthornton/data/local/college/research/arl/code/sims/airsim/ros_ws/install/airsim_interfaces/include/airsim_interfaces/srv/detail/reset__functions.h
[1.059s] -- Up-to-date: /home/cthornton/data/local/college/research/arl/code/sims/airsim/ros_ws/install/airsim_interfaces/include/airsim_interfaces/srv/detail/reset__struct.h
[1.059s] -- Up-to-date: /home/cthornton/data/local/college/research/arl/code/sims/airsim/ros_ws/install/airsim_interfaces/include/airsim_interfaces/srv/detail/reset__type_support.h
[1.060s] -- Up-to-date: /home/cthornton/data/local/college/research/arl/code/sims/airsim/ros_ws/install/airsim_interfaces/include/airsim_interfaces/srv/detail/set_gps_position__functions.c
[1.060s] -- Up-to-date: /home/cthornton/data/local/college/research/arl/code/sims/airsim/ros_ws/install/airsim_interfaces/include/airsim_interfaces/srv/detail/set_gps_position__functions.h
[1.060s] -- Up-to-date: /home/cthornton/data/local/college/research/arl/code/sims/airsim/ros_ws/install/airsim_interfaces/include/airsim_interfaces/srv/detail/set_gps_position__struct.h
[1.061s] -- Up-to-date: /home/cthornton/data/local/college/research/arl/code/sims/airsim/ros_ws/install/airsim_interfaces/include/airsim_interfaces/srv/detail/set_gps_position__type_support.h
[1.061s] -- Up-to-date: /home/cthornton/data/local/college/research/arl/code/sims/airsim/ros_ws/install/airsim_interfaces/include/airsim_interfaces/srv/detail/set_local_position__functions.c
[1.061s] -- Up-to-date: /home/cthornton/data/local/college/research/arl/code/sims/airsim/ros_ws/install/airsim_interfaces/include/airsim_interfaces/srv/detail/set_local_position__functions.h
[1.061s] -- Up-to-date: /home/cthornton/data/local/college/research/arl/code/sims/airsim/ros_ws/install/airsim_interfaces/include/airsim_interfaces/srv/detail/set_local_position__struct.h
[1.061s] -- Up-to-date: /home/cthornton/data/local/college/research/arl/code/sims/airsim/ros_ws/install/airsim_interfaces/include/airsim_interfaces/srv/detail/set_local_position__type_support.h
[1.062s] -- Up-to-date: /home/cthornton/data/local/college/research/arl/code/sims/airsim/ros_ws/install/airsim_interfaces/include/airsim_interfaces/srv/detail/takeoff_group__functions.c
[1.062s] -- Up-to-date: /home/cthornton/data/local/college/research/arl/code/sims/airsim/ros_ws/install/airsim_interfaces/include/airsim_interfaces/srv/detail/takeoff_group__functions.h
[1.062s] -- Up-to-date: /home/cthornton/data/local/college/research/arl/code/sims/airsim/ros_ws/install/airsim_interfaces/include/airsim_interfaces/srv/detail/takeoff_group__struct.h
[1.062s] -- Up-to-date: /home/cthornton/data/local/college/research/arl/code/sims/airsim/ros_ws/install/airsim_interfaces/include/airsim_interfaces/srv/detail/takeoff_group__type_support.h
[1.062s] -- Up-to-date: /home/cthornton/data/local/college/research/arl/code/sims/airsim/ros_ws/install/airsim_interfaces/include/airsim_interfaces/srv/detail/takeoff__functions.c
[1.063s] -- Up-to-date: /home/cthornton/data/local/college/research/arl/code/sims/airsim/ros_ws/install/airsim_interfaces/include/airsim_interfaces/srv/detail/takeoff__functions.h
[1.063s] -- Up-to-date: /home/cthornton/data/local/college/research/arl/code/sims/airsim/ros_ws/install/airsim_interfaces/include/airsim_interfaces/srv/detail/takeoff__struct.h
[1.063s] -- Up-to-date: /home/cthornton/data/local/college/research/arl/code/sims/airsim/ros_ws/install/airsim_interfaces/include/airsim_interfaces/srv/detail/takeoff__type_support.h
[1.063s] -- Up-to-date: /home/cthornton/data/local/college/research/arl/code/sims/airsim/ros_ws/install/airsim_interfaces/include/airsim_interfaces/srv/land.h
[1.063s] -- Up-to-date: /home/cthornton/data/local/college/research/arl/code/sims/airsim/ros_ws/install/airsim_interfaces/include/airsim_interfaces/srv/land_group.h
[1.064s] -- Up-to-date: /home/cthornton/data/local/college/research/arl/code/sims/airsim/ros_ws/install/airsim_interfaces/include/airsim_interfaces/srv/reset.h
[1.064s] -- Up-to-date: /home/cthornton/data/local/college/research/arl/code/sims/airsim/ros_ws/install/airsim_interfaces/include/airsim_interfaces/srv/set_gps_position.h
[1.064s] -- Up-to-date: /home/cthornton/data/local/college/research/arl/code/sims/airsim/ros_ws/install/airsim_interfaces/include/airsim_interfaces/srv/set_local_position.h
[1.064s] -- Up-to-date: /home/cthornton/data/local/college/research/arl/code/sims/airsim/ros_ws/install/airsim_interfaces/include/airsim_interfaces/srv/takeoff.h
[1.065s] -- Up-to-date: /home/cthornton/data/local/college/research/arl/code/sims/airsim/ros_ws/install/airsim_interfaces/include/airsim_interfaces/srv/takeoff_group.h
[1.065s] -- Up-to-date: /home/cthornton/data/local/college/research/arl/code/sims/airsim/ros_ws/install/airsim_interfaces/share/airsim_interfaces/environment/library_path.sh
[1.065s] -- Up-to-date: /home/cthornton/data/local/college/research/arl/code/sims/airsim/ros_ws/install/airsim_interfaces/share/airsim_interfaces/environment/library_path.dsv
[1.065s] -- Up-to-date: /home/cthornton/data/local/college/research/arl/code/sims/airsim/ros_ws/install/airsim_interfaces/lib/libairsim_interfaces__rosidl_generator_c.so
[1.066s] -- Up-to-date: /home/cthornton/data/local/college/research/arl/code/sims/airsim/ros_ws/install/airsim_interfaces/include/airsim_interfaces
[1.066s] -- Up-to-date: /home/cthornton/data/local/college/research/arl/code/sims/airsim/ros_ws/install/airsim_interfaces/include/airsim_interfaces/msg
[1.066s] -- Up-to-date: /home/cthornton/data/local/college/research/arl/code/sims/airsim/ros_ws/install/airsim_interfaces/include/airsim_interfaces/msg/detail
[1.066s] -- Up-to-date: /home/cthornton/data/local/college/research/arl/code/sims/airsim/ros_ws/install/airsim_interfaces/include/airsim_interfaces/msg/detail/altimeter__rosidl_typesupport_fastrtps_c.h
[1.066s] -- Up-to-date: /home/cthornton/data/local/college/research/arl/code/sims/airsim/ros_ws/install/airsim_interfaces/include/airsim_interfaces/msg/detail/car_controls__rosidl_typesupport_fastrtps_c.h
[1.067s] -- Up-to-date: /home/cthornton/data/local/college/research/arl/code/sims/airsim/ros_ws/install/airsim_interfaces/include/airsim_interfaces/msg/detail/car_state__rosidl_typesupport_fastrtps_c.h
[1.067s] -- Up-to-date: /home/cthornton/data/local/college/research/arl/code/sims/airsim/ros_ws/install/airsim_interfaces/include/airsim_interfaces/msg/detail/environment__rosidl_typesupport_fastrtps_c.h
[1.067s] -- Up-to-date: /home/cthornton/data/local/college/research/arl/code/sims/airsim/ros_ws/install/airsim_interfaces/include/airsim_interfaces/msg/detail/gimbal_angle_euler_cmd__rosidl_typesupport_fastrtps_c.h
[1.067s] -- Up-to-date: /home/cthornton/data/local/college/research/arl/code/sims/airsim/ros_ws/install/airsim_interfaces/include/airsim_interfaces/msg/detail/gimbal_angle_quat_cmd__rosidl_typesupport_fastrtps_c.h
[1.068s] -- Up-to-date: /home/cthornton/data/local/college/research/arl/code/sims/airsim/ros_ws/install/airsim_interfaces/include/airsim_interfaces/msg/detail/gps_yaw__rosidl_typesupport_fastrtps_c.h
[1.068s] -- Up-to-date: /home/cthornton/data/local/college/research/arl/code/sims/airsim/ros_ws/install/airsim_interfaces/include/airsim_interfaces/msg/detail/vel_cmd_group__rosidl_typesupport_fastrtps_c.h
[1.068s] -- Up-to-date: /home/cthornton/data/local/college/research/arl/code/sims/airsim/ros_ws/install/airsim_interfaces/include/airsim_interfaces/msg/detail/vel_cmd__rosidl_typesupport_fastrtps_c.h
[1.068s] -- Up-to-date: /home/cthornton/data/local/college/research/arl/code/sims/airsim/ros_ws/install/airsim_interfaces/include/airsim_interfaces/msg/rosidl_typesupport_fastrtps_c__visibility_control.h
[1.068s] -- Up-to-date: /home/cthornton/data/local/college/research/arl/code/sims/airsim/ros_ws/install/airsim_interfaces/include/airsim_interfaces/srv
[1.069s] -- Up-to-date: /home/cthornton/data/local/college/research/arl/code/sims/airsim/ros_ws/install/airsim_interfaces/include/airsim_interfaces/srv/detail
[1.069s] -- Up-to-date: /home/cthornton/data/local/college/research/arl/code/sims/airsim/ros_ws/install/airsim_interfaces/include/airsim_interfaces/srv/detail/land_group__rosidl_typesupport_fastrtps_c.h
[1.069s] -- Up-to-date: /home/cthornton/data/local/college/research/arl/code/sims/airsim/ros_ws/install/airsim_interfaces/include/airsim_interfaces/srv/detail/land__rosidl_typesupport_fastrtps_c.h
[1.069s] -- Up-to-date: /home/cthornton/data/local/college/research/arl/code/sims/airsim/ros_ws/install/airsim_interfaces/include/airsim_interfaces/srv/detail/reset__rosidl_typesupport_fastrtps_c.h
[1.069s] -- Up-to-date: /home/cthornton/data/local/college/research/arl/code/sims/airsim/ros_ws/install/airsim_interfaces/include/airsim_interfaces/srv/detail/set_gps_position__rosidl_typesupport_fastrtps_c.h
[1.069s] -- Up-to-date: /home/cthornton/data/local/college/research/arl/code/sims/airsim/ros_ws/install/airsim_interfaces/include/airsim_interfaces/srv/detail/set_local_position__rosidl_typesupport_fastrtps_c.h
[1.070s] -- Up-to-date: /home/cthornton/data/local/college/research/arl/code/sims/airsim/ros_ws/install/airsim_interfaces/include/airsim_interfaces/srv/detail/takeoff_group__rosidl_typesupport_fastrtps_c.h
[1.070s] -- Up-to-date: /home/cthornton/data/local/college/research/arl/code/sims/airsim/ros_ws/install/airsim_interfaces/include/airsim_interfaces/srv/detail/takeoff__rosidl_typesupport_fastrtps_c.h
[1.070s] -- Up-to-date: /home/cthornton/data/local/college/research/arl/code/sims/airsim/ros_ws/install/airsim_interfaces/lib/libairsim_interfaces__rosidl_typesupport_fastrtps_c.so
[1.070s] -- Up-to-date: /home/cthornton/data/local/college/research/arl/code/sims/airsim/ros_ws/install/airsim_interfaces/include/airsim_interfaces
[1.070s] -- Up-to-date: /home/cthornton/data/local/college/research/arl/code/sims/airsim/ros_ws/install/airsim_interfaces/include/airsim_interfaces/msg
[1.071s] -- Up-to-date: /home/cthornton/data/local/college/research/arl/code/sims/airsim/ros_ws/install/airsim_interfaces/include/airsim_interfaces/msg/detail
[1.071s] -- Up-to-date: /home/cthornton/data/local/college/research/arl/code/sims/airsim/ros_ws/install/airsim_interfaces/include/airsim_interfaces/msg/detail/altimeter__rosidl_typesupport_fastrtps_cpp.hpp
[1.071s] -- Up-to-date: /home/cthornton/data/local/college/research/arl/code/sims/airsim/ros_ws/install/airsim_interfaces/include/airsim_interfaces/msg/detail/car_controls__rosidl_typesupport_fastrtps_cpp.hpp
[1.071s] -- Up-to-date: /home/cthornton/data/local/college/research/arl/code/sims/airsim/ros_ws/install/airsim_interfaces/include/airsim_interfaces/msg/detail/car_state__rosidl_typesupport_fastrtps_cpp.hpp
[1.072s] -- Up-to-date: /home/cthornton/data/local/college/research/arl/code/sims/airsim/ros_ws/install/airsim_interfaces/include/airsim_interfaces/msg/detail/dds_fastrtps
[1.072s] -- Up-to-date: /home/cthornton/data/local/college/research/arl/code/sims/airsim/ros_ws/install/airsim_interfaces/include/airsim_interfaces/msg/detail/environment__rosidl_typesupport_fastrtps_cpp.hpp
[1.072s] -- Up-to-date: /home/cthornton/data/local/college/research/arl/code/sims/airsim/ros_ws/install/airsim_interfaces/include/airsim_interfaces/msg/detail/gimbal_angle_euler_cmd__rosidl_typesupport_fastrtps_cpp.hpp
[1.072s] -- Up-to-date: /home/cthornton/data/local/college/research/arl/code/sims/airsim/ros_ws/install/airsim_interfaces/include/airsim_interfaces/msg/detail/gimbal_angle_quat_cmd__rosidl_typesupport_fastrtps_cpp.hpp
[1.073s] -- Up-to-date: /home/cthornton/data/local/college/research/arl/code/sims/airsim/ros_ws/install/airsim_interfaces/include/airsim_interfaces/msg/detail/gps_yaw__rosidl_typesupport_fastrtps_cpp.hpp
[1.073s] -- Up-to-date: /home/cthornton/data/local/college/research/arl/code/sims/airsim/ros_ws/install/airsim_interfaces/include/airsim_interfaces/msg/detail/vel_cmd_group__rosidl_typesupport_fastrtps_cpp.hpp
[1.073s] -- Up-to-date: /home/cthornton/data/local/college/research/arl/code/sims/airsim/ros_ws/install/airsim_interfaces/include/airsim_interfaces/msg/detail/vel_cmd__rosidl_typesupport_fastrtps_cpp.hpp
[1.073s] -- Up-to-date: /home/cthornton/data/local/college/research/arl/code/sims/airsim/ros_ws/install/airsim_interfaces/include/airsim_interfaces/msg/rosidl_typesupport_fastrtps_cpp__visibility_control.h
[1.073s] -- Up-to-date: /home/cthornton/data/local/college/research/arl/code/sims/airsim/ros_ws/install/airsim_interfaces/include/airsim_interfaces/srv
[1.074s] -- Up-to-date: /home/cthornton/data/local/college/research/arl/code/sims/airsim/ros_ws/install/airsim_interfaces/include/airsim_interfaces/srv/detail
[1.074s] -- Up-to-date: /home/cthornton/data/local/college/research/arl/code/sims/airsim/ros_ws/install/airsim_interfaces/include/airsim_interfaces/srv/detail/dds_fastrtps
[1.074s] -- Up-to-date: /home/cthornton/data/local/college/research/arl/code/sims/airsim/ros_ws/install/airsim_interfaces/include/airsim_interfaces/srv/detail/land_group__rosidl_typesupport_fastrtps_cpp.hpp
[1.074s] -- Up-to-date: /home/cthornton/data/local/college/research/arl/code/sims/airsim/ros_ws/install/airsim_interfaces/include/airsim_interfaces/srv/detail/land__rosidl_typesupport_fastrtps_cpp.hpp
[1.075s] -- Up-to-date: /home/cthornton/data/local/college/research/arl/code/sims/airsim/ros_ws/install/airsim_interfaces/include/airsim_interfaces/srv/detail/reset__rosidl_typesupport_fastrtps_cpp.hpp
[1.075s] -- Up-to-date: /home/cthornton/data/local/college/research/arl/code/sims/airsim/ros_ws/install/airsim_interfaces/include/airsim_interfaces/srv/detail/set_gps_position__rosidl_typesupport_fastrtps_cpp.hpp
[1.075s] -- Up-to-date: /home/cthornton/data/local/college/research/arl/code/sims/airsim/ros_ws/install/airsim_interfaces/include/airsim_interfaces/srv/detail/set_local_position__rosidl_typesupport_fastrtps_cpp.hpp
[1.076s] -- Up-to-date: /home/cthornton/data/local/college/research/arl/code/sims/airsim/ros_ws/install/airsim_interfaces/include/airsim_interfaces/srv/detail/takeoff_group__rosidl_typesupport_fastrtps_cpp.hpp
[1.076s] -- Up-to-date: /home/cthornton/data/local/college/research/arl/code/sims/airsim/ros_ws/install/airsim_interfaces/include/airsim_interfaces/srv/detail/takeoff__rosidl_typesupport_fastrtps_cpp.hpp
[1.076s] -- Up-to-date: /home/cthornton/data/local/college/research/arl/code/sims/airsim/ros_ws/install/airsim_interfaces/lib/libairsim_interfaces__rosidl_typesupport_fastrtps_cpp.so
[1.076s] -- Up-to-date: /home/cthornton/data/local/college/research/arl/code/sims/airsim/ros_ws/install/airsim_interfaces/include/airsim_interfaces
[1.076s] -- Up-to-date: /home/cthornton/data/local/college/research/arl/code/sims/airsim/ros_ws/install/airsim_interfaces/include/airsim_interfaces/msg
[1.077s] -- Up-to-date: /home/cthornton/data/local/college/research/arl/code/sims/airsim/ros_ws/install/airsim_interfaces/include/airsim_interfaces/msg/detail
[1.077s] -- Up-to-date: /home/cthornton/data/local/college/research/arl/code/sims/airsim/ros_ws/install/airsim_interfaces/include/airsim_interfaces/msg/detail/altimeter__rosidl_typesupport_introspection_c.h
[1.078s] -- Up-to-date: /home/cthornton/data/local/college/research/arl/code/sims/airsim/ros_ws/install/airsim_interfaces/include/airsim_interfaces/msg/detail/altimeter__type_support.c
[1.078s] -- Up-to-date: /home/cthornton/data/local/college/research/arl/code/sims/airsim/ros_ws/install/airsim_interfaces/include/airsim_interfaces/msg/detail/car_controls__rosidl_typesupport_introspection_c.h
[1.078s] -- Up-to-date: /home/cthornton/data/local/college/research/arl/code/sims/airsim/ros_ws/install/airsim_interfaces/include/airsim_interfaces/msg/detail/car_controls__type_support.c
[1.078s] -- Up-to-date: /home/cthornton/data/local/college/research/arl/code/sims/airsim/ros_ws/install/airsim_interfaces/include/airsim_interfaces/msg/detail/car_state__rosidl_typesupport_introspection_c.h
[1.079s] -- Up-to-date: /home/cthornton/data/local/college/research/arl/code/sims/airsim/ros_ws/install/airsim_interfaces/include/airsim_interfaces/msg/detail/car_state__type_support.c
[1.079s] -- Up-to-date: /home/cthornton/data/local/college/research/arl/code/sims/airsim/ros_ws/install/airsim_interfaces/include/airsim_interfaces/msg/detail/environment__rosidl_typesupport_introspection_c.h
[1.079s] -- Up-to-date: /home/cthornton/data/local/college/research/arl/code/sims/airsim/ros_ws/install/airsim_interfaces/include/airsim_interfaces/msg/detail/environment__type_support.c
[1.079s] -- Up-to-date: /home/cthornton/data/local/college/research/arl/code/sims/airsim/ros_ws/install/airsim_interfaces/include/airsim_interfaces/msg/detail/gimbal_angle_euler_cmd__rosidl_typesupport_introspection_c.h
[1.079s] -- Up-to-date: /home/cthornton/data/local/college/research/arl/code/sims/airsim/ros_ws/install/airsim_interfaces/include/airsim_interfaces/msg/detail/gimbal_angle_euler_cmd__type_support.c
[1.080s] -- Up-to-date: /home/cthornton/data/local/college/research/arl/code/sims/airsim/ros_ws/install/airsim_interfaces/include/airsim_interfaces/msg/detail/gimbal_angle_quat_cmd__rosidl_typesupport_introspection_c.h
[1.080s] -- Up-to-date: /home/cthornton/data/local/college/research/arl/code/sims/airsim/ros_ws/install/airsim_interfaces/include/airsim_interfaces/msg/detail/gimbal_angle_quat_cmd__type_support.c
[1.080s] -- Up-to-date: /home/cthornton/data/local/college/research/arl/code/sims/airsim/ros_ws/install/airsim_interfaces/include/airsim_interfaces/msg/detail/gps_yaw__rosidl_typesupport_introspection_c.h
[1.080s] -- Up-to-date: /home/cthornton/data/local/college/research/arl/code/sims/airsim/ros_ws/install/airsim_interfaces/include/airsim_interfaces/msg/detail/gps_yaw__type_support.c
[1.081s] -- Up-to-date: /home/cthornton/data/local/college/research/arl/code/sims/airsim/ros_ws/install/airsim_interfaces/include/airsim_interfaces/msg/detail/vel_cmd_group__rosidl_typesupport_introspection_c.h
[1.081s] -- Up-to-date: /home/cthornton/data/local/college/research/arl/code/sims/airsim/ros_ws/install/airsim_interfaces/include/airsim_interfaces/msg/detail/vel_cmd_group__type_support.c
[1.081s] -- Up-to-date: /home/cthornton/data/local/college/research/arl/code/sims/airsim/ros_ws/install/airsim_interfaces/include/airsim_interfaces/msg/detail/vel_cmd__rosidl_typesupport_introspection_c.h
[1.081s] -- Up-to-date: /home/cthornton/data/local/college/research/arl/code/sims/airsim/ros_ws/install/airsim_interfaces/include/airsim_interfaces/msg/detail/vel_cmd__type_support.c
[1.082s] -- Up-to-date: /home/cthornton/data/local/college/research/arl/code/sims/airsim/ros_ws/install/airsim_interfaces/include/airsim_interfaces/msg/rosidl_typesupport_introspection_c__visibility_control.h
[1.082s] -- Up-to-date: /home/cthornton/data/local/college/research/arl/code/sims/airsim/ros_ws/install/airsim_interfaces/include/airsim_interfaces/srv
[1.082s] -- Up-to-date: /home/cthornton/data/local/college/research/arl/code/sims/airsim/ros_ws/install/airsim_interfaces/include/airsim_interfaces/srv/detail
[1.082s] -- Up-to-date: /home/cthornton/data/local/college/research/arl/code/sims/airsim/ros_ws/install/airsim_interfaces/include/airsim_interfaces/srv/detail/land_group__rosidl_typesupport_introspection_c.h
[1.082s] -- Up-to-date: /home/cthornton/data/local/college/research/arl/code/sims/airsim/ros_ws/install/airsim_interfaces/include/airsim_interfaces/srv/detail/land_group__type_support.c
[1.083s] -- Up-to-date: /home/cthornton/data/local/college/research/arl/code/sims/airsim/ros_ws/install/airsim_interfaces/include/airsim_interfaces/srv/detail/land__rosidl_typesupport_introspection_c.h
[1.083s] -- Up-to-date: /home/cthornton/data/local/college/research/arl/code/sims/airsim/ros_ws/install/airsim_interfaces/include/airsim_interfaces/srv/detail/land__type_support.c
[1.083s] -- Up-to-date: /home/cthornton/data/local/college/research/arl/code/sims/airsim/ros_ws/install/airsim_interfaces/include/airsim_interfaces/srv/detail/reset__rosidl_typesupport_introspection_c.h
[1.083s] -- Up-to-date: /home/cthornton/data/local/college/research/arl/code/sims/airsim/ros_ws/install/airsim_interfaces/include/airsim_interfaces/srv/detail/reset__type_support.c
[1.084s] -- Up-to-date: /home/cthornton/data/local/college/research/arl/code/sims/airsim/ros_ws/install/airsim_interfaces/include/airsim_interfaces/srv/detail/set_gps_position__rosidl_typesupport_introspection_c.h
[1.084s] -- Up-to-date: /home/cthornton/data/local/college/research/arl/code/sims/airsim/ros_ws/install/airsim_interfaces/include/airsim_interfaces/srv/detail/set_gps_position__type_support.c
[1.084s] -- Up-to-date: /home/cthornton/data/local/college/research/arl/code/sims/airsim/ros_ws/install/airsim_interfaces/include/airsim_interfaces/srv/detail/set_local_position__rosidl_typesupport_introspection_c.h
[1.084s] -- Up-to-date: /home/cthornton/data/local/college/research/arl/code/sims/airsim/ros_ws/install/airsim_interfaces/include/airsim_interfaces/srv/detail/set_local_position__type_support.c
[1.085s] -- Up-to-date: /home/cthornton/data/local/college/research/arl/code/sims/airsim/ros_ws/install/airsim_interfaces/include/airsim_interfaces/srv/detail/takeoff_group__rosidl_typesupport_introspection_c.h
[1.085s] -- Up-to-date: /home/cthornton/data/local/college/research/arl/code/sims/airsim/ros_ws/install/airsim_interfaces/include/airsim_interfaces/srv/detail/takeoff_group__type_support.c
[1.085s] -- Up-to-date: /home/cthornton/data/local/college/research/arl/code/sims/airsim/ros_ws/install/airsim_interfaces/include/airsim_interfaces/srv/detail/takeoff__rosidl_typesupport_introspection_c.h
[1.086s] -- Up-to-date: /home/cthornton/data/local/college/research/arl/code/sims/airsim/ros_ws/install/airsim_interfaces/include/airsim_interfaces/srv/detail/takeoff__type_support.c
[1.086s] -- Up-to-date: /home/cthornton/data/local/college/research/arl/code/sims/airsim/ros_ws/install/airsim_interfaces/lib/libairsim_interfaces__rosidl_typesupport_introspection_c.so
[1.086s] -- Up-to-date: /home/cthornton/data/local/college/research/arl/code/sims/airsim/ros_ws/install/airsim_interfaces/lib/libairsim_interfaces__rosidl_typesupport_c.so
[1.086s] -- Up-to-date: /home/cthornton/data/local/college/research/arl/code/sims/airsim/ros_ws/install/airsim_interfaces/include/airsim_interfaces
[1.086s] -- Up-to-date: /home/cthornton/data/local/college/research/arl/code/sims/airsim/ros_ws/install/airsim_interfaces/include/airsim_interfaces/msg
[1.087s] -- Up-to-date: /home/cthornton/data/local/college/research/arl/code/sims/airsim/ros_ws/install/airsim_interfaces/include/airsim_interfaces/msg/altimeter.hpp
[1.087s] -- Up-to-date: /home/cthornton/data/local/college/research/arl/code/sims/airsim/ros_ws/install/airsim_interfaces/include/airsim_interfaces/msg/car_controls.hpp
[1.087s] -- Up-to-date: /home/cthornton/data/local/college/research/arl/code/sims/airsim/ros_ws/install/airsim_interfaces/include/airsim_interfaces/msg/car_state.hpp
[1.087s] -- Up-to-date: /home/cthornton/data/local/college/research/arl/code/sims/airsim/ros_ws/install/airsim_interfaces/include/airsim_interfaces/msg/detail
[1.087s] -- Up-to-date: /home/cthornton/data/local/college/research/arl/code/sims/airsim/ros_ws/install/airsim_interfaces/include/airsim_interfaces/msg/detail/altimeter__builder.hpp
[1.088s] -- Up-to-date: /home/cthornton/data/local/college/research/arl/code/sims/airsim/ros_ws/install/airsim_interfaces/include/airsim_interfaces/msg/detail/altimeter__struct.hpp
[1.088s] -- Up-to-date: /home/cthornton/data/local/college/research/arl/code/sims/airsim/ros_ws/install/airsim_interfaces/include/airsim_interfaces/msg/detail/altimeter__traits.hpp
[1.088s] -- Up-to-date: /home/cthornton/data/local/college/research/arl/code/sims/airsim/ros_ws/install/airsim_interfaces/include/airsim_interfaces/msg/detail/car_controls__builder.hpp
[1.088s] -- Up-to-date: /home/cthornton/data/local/college/research/arl/code/sims/airsim/ros_ws/install/airsim_interfaces/include/airsim_interfaces/msg/detail/car_controls__struct.hpp
[1.088s] -- Up-to-date: /home/cthornton/data/local/college/research/arl/code/sims/airsim/ros_ws/install/airsim_interfaces/include/airsim_interfaces/msg/detail/car_controls__traits.hpp
[1.089s] -- Up-to-date: /home/cthornton/data/local/college/research/arl/code/sims/airsim/ros_ws/install/airsim_interfaces/include/airsim_interfaces/msg/detail/car_state__builder.hpp
[1.089s] -- Up-to-date: /home/cthornton/data/local/college/research/arl/code/sims/airsim/ros_ws/install/airsim_interfaces/include/airsim_interfaces/msg/detail/car_state__struct.hpp
[1.089s] -- Up-to-date: /home/cthornton/data/local/college/research/arl/code/sims/airsim/ros_ws/install/airsim_interfaces/include/airsim_interfaces/msg/detail/car_state__traits.hpp
[1.089s] -- Up-to-date: /home/cthornton/data/local/college/research/arl/code/sims/airsim/ros_ws/install/airsim_interfaces/include/airsim_interfaces/msg/detail/environment__builder.hpp
[1.090s] -- Up-to-date: /home/cthornton/data/local/college/research/arl/code/sims/airsim/ros_ws/install/airsim_interfaces/include/airsim_interfaces/msg/detail/environment__struct.hpp
[1.090s] -- Up-to-date: /home/cthornton/data/local/college/research/arl/code/sims/airsim/ros_ws/install/airsim_interfaces/include/airsim_interfaces/msg/detail/environment__traits.hpp
[1.090s] -- Up-to-date: /home/cthornton/data/local/college/research/arl/code/sims/airsim/ros_ws/install/airsim_interfaces/include/airsim_interfaces/msg/detail/gimbal_angle_euler_cmd__builder.hpp
[1.090s] -- Up-to-date: /home/cthornton/data/local/college/research/arl/code/sims/airsim/ros_ws/install/airsim_interfaces/include/airsim_interfaces/msg/detail/gimbal_angle_euler_cmd__struct.hpp
[1.090s] -- Up-to-date: /home/cthornton/data/local/college/research/arl/code/sims/airsim/ros_ws/install/airsim_interfaces/include/airsim_interfaces/msg/detail/gimbal_angle_euler_cmd__traits.hpp
[1.091s] -- Up-to-date: /home/cthornton/data/local/college/research/arl/code/sims/airsim/ros_ws/install/airsim_interfaces/include/airsim_interfaces/msg/detail/gimbal_angle_quat_cmd__builder.hpp
[1.091s] -- Up-to-date: /home/cthornton/data/local/college/research/arl/code/sims/airsim/ros_ws/install/airsim_interfaces/include/airsim_interfaces/msg/detail/gimbal_angle_quat_cmd__struct.hpp
[1.091s] -- Up-to-date: /home/cthornton/data/local/college/research/arl/code/sims/airsim/ros_ws/install/airsim_interfaces/include/airsim_interfaces/msg/detail/gimbal_angle_quat_cmd__traits.hpp
[1.091s] -- Up-to-date: /home/cthornton/data/local/college/research/arl/code/sims/airsim/ros_ws/install/airsim_interfaces/include/airsim_interfaces/msg/detail/gps_yaw__builder.hpp
[1.091s] -- Up-to-date: /home/cthornton/data/local/college/research/arl/code/sims/airsim/ros_ws/install/airsim_interfaces/include/airsim_interfaces/msg/detail/gps_yaw__struct.hpp
[1.092s] -- Up-to-date: /home/cthornton/data/local/college/research/arl/code/sims/airsim/ros_ws/install/airsim_interfaces/include/airsim_interfaces/msg/detail/gps_yaw__traits.hpp
[1.092s] -- Up-to-date: /home/cthornton/data/local/college/research/arl/code/sims/airsim/ros_ws/install/airsim_interfaces/include/airsim_interfaces/msg/detail/vel_cmd_group__builder.hpp
[1.092s] -- Up-to-date: /home/cthornton/data/local/college/research/arl/code/sims/airsim/ros_ws/install/airsim_interfaces/include/airsim_interfaces/msg/detail/vel_cmd_group__struct.hpp
[1.092s] -- Up-to-date: /home/cthornton/data/local/college/research/arl/code/sims/airsim/ros_ws/install/airsim_interfaces/include/airsim_interfaces/msg/detail/vel_cmd_group__traits.hpp
[1.093s] -- Up-to-date: /home/cthornton/data/local/college/research/arl/code/sims/airsim/ros_ws/install/airsim_interfaces/include/airsim_interfaces/msg/detail/vel_cmd__builder.hpp
[1.093s] -- Up-to-date: /home/cthornton/data/local/college/research/arl/code/sims/airsim/ros_ws/install/airsim_interfaces/include/airsim_interfaces/msg/detail/vel_cmd__struct.hpp
[1.093s] -- Up-to-date: /home/cthornton/data/local/college/research/arl/code/sims/airsim/ros_ws/install/airsim_interfaces/include/airsim_interfaces/msg/detail/vel_cmd__traits.hpp
[1.093s] -- Up-to-date: /home/cthornton/data/local/college/research/arl/code/sims/airsim/ros_ws/install/airsim_interfaces/include/airsim_interfaces/msg/environment.hpp
[1.093s] -- Up-to-date: /home/cthornton/data/local/college/research/arl/code/sims/airsim/ros_ws/install/airsim_interfaces/include/airsim_interfaces/msg/gimbal_angle_euler_cmd.hpp
[1.093s] -- Up-to-date: /home/cthornton/data/local/college/research/arl/code/sims/airsim/ros_ws/install/airsim_interfaces/include/airsim_interfaces/msg/gimbal_angle_quat_cmd.hpp
[1.094s] -- Up-to-date: /home/cthornton/data/local/college/research/arl/code/sims/airsim/ros_ws/install/airsim_interfaces/include/airsim_interfaces/msg/gps_yaw.hpp
[1.094s] -- Up-to-date: /home/cthornton/data/local/college/research/arl/code/sims/airsim/ros_ws/install/airsim_interfaces/include/airsim_interfaces/msg/vel_cmd.hpp
[1.094s] -- Up-to-date: /home/cthornton/data/local/college/research/arl/code/sims/airsim/ros_ws/install/airsim_interfaces/include/airsim_interfaces/msg/vel_cmd_group.hpp
[1.094s] -- Up-to-date: /home/cthornton/data/local/college/research/arl/code/sims/airsim/ros_ws/install/airsim_interfaces/include/airsim_interfaces/srv
[1.094s] -- Up-to-date: /home/cthornton/data/local/college/research/arl/code/sims/airsim/ros_ws/install/airsim_interfaces/include/airsim_interfaces/srv/detail
[1.095s] -- Up-to-date: /home/cthornton/data/local/college/research/arl/code/sims/airsim/ros_ws/install/airsim_interfaces/include/airsim_interfaces/srv/detail/land_group__builder.hpp
[1.095s] -- Up-to-date: /home/cthornton/data/local/college/research/arl/code/sims/airsim/ros_ws/install/airsim_interfaces/include/airsim_interfaces/srv/detail/land_group__struct.hpp
[1.095s] -- Up-to-date: /home/cthornton/data/local/college/research/arl/code/sims/airsim/ros_ws/install/airsim_interfaces/include/airsim_interfaces/srv/detail/land_group__traits.hpp
[1.096s] -- Up-to-date: /home/cthornton/data/local/college/research/arl/code/sims/airsim/ros_ws/install/airsim_interfaces/include/airsim_interfaces/srv/detail/land__builder.hpp
[1.096s] -- Up-to-date: /home/cthornton/data/local/college/research/arl/code/sims/airsim/ros_ws/install/airsim_interfaces/include/airsim_interfaces/srv/detail/land__struct.hpp
[1.096s] -- Up-to-date: /home/cthornton/data/local/college/research/arl/code/sims/airsim/ros_ws/install/airsim_interfaces/include/airsim_interfaces/srv/detail/land__traits.hpp
[1.096s] -- Up-to-date: /home/cthornton/data/local/college/research/arl/code/sims/airsim/ros_ws/install/airsim_interfaces/include/airsim_interfaces/srv/detail/reset__builder.hpp
[1.097s] -- Up-to-date: /home/cthornton/data/local/college/research/arl/code/sims/airsim/ros_ws/install/airsim_interfaces/include/airsim_interfaces/srv/detail/reset__struct.hpp
[1.097s] -- Up-to-date: /home/cthornton/data/local/college/research/arl/code/sims/airsim/ros_ws/install/airsim_interfaces/include/airsim_interfaces/srv/detail/reset__traits.hpp
[1.097s] -- Up-to-date: /home/cthornton/data/local/college/research/arl/code/sims/airsim/ros_ws/install/airsim_interfaces/include/airsim_interfaces/srv/detail/set_gps_position__builder.hpp
[1.097s] -- Up-to-date: /home/cthornton/data/local/college/research/arl/code/sims/airsim/ros_ws/install/airsim_interfaces/include/airsim_interfaces/srv/detail/set_gps_position__struct.hpp
[1.098s] -- Up-to-date: /home/cthornton/data/local/college/research/arl/code/sims/airsim/ros_ws/install/airsim_interfaces/include/airsim_interfaces/srv/detail/set_gps_position__traits.hpp
[1.098s] -- Up-to-date: /home/cthornton/data/local/college/research/arl/code/sims/airsim/ros_ws/install/airsim_interfaces/include/airsim_interfaces/srv/detail/set_local_position__builder.hpp
[1.098s] -- Up-to-date: /home/cthornton/data/local/college/research/arl/code/sims/airsim/ros_ws/install/airsim_interfaces/include/airsim_interfaces/srv/detail/set_local_position__struct.hpp
[1.098s] -- Up-to-date: /home/cthornton/data/local/college/research/arl/code/sims/airsim/ros_ws/install/airsim_interfaces/include/airsim_interfaces/srv/detail/set_local_position__traits.hpp
[1.098s] -- Up-to-date: /home/cthornton/data/local/college/research/arl/code/sims/airsim/ros_ws/install/airsim_interfaces/include/airsim_interfaces/srv/detail/takeoff_group__builder.hpp
[1.099s] -- Up-to-date: /home/cthornton/data/local/college/research/arl/code/sims/airsim/ros_ws/install/airsim_interfaces/include/airsim_interfaces/srv/detail/takeoff_group__struct.hpp
[1.099s] -- Up-to-date: /home/cthornton/data/local/college/research/arl/code/sims/airsim/ros_ws/install/airsim_interfaces/include/airsim_interfaces/srv/detail/takeoff_group__traits.hpp
[1.099s] -- Up-to-date: /home/cthornton/data/local/college/research/arl/code/sims/airsim/ros_ws/install/airsim_interfaces/include/airsim_interfaces/srv/detail/takeoff__builder.hpp
[1.099s] -- Up-to-date: /home/cthornton/data/local/college/research/arl/code/sims/airsim/ros_ws/install/airsim_interfaces/include/airsim_interfaces/srv/detail/takeoff__struct.hpp
[1.099s] -- Up-to-date: /home/cthornton/data/local/college/research/arl/code/sims/airsim/ros_ws/install/airsim_interfaces/include/airsim_interfaces/srv/detail/takeoff__traits.hpp
[1.100s] -- Up-to-date: /home/cthornton/data/local/college/research/arl/code/sims/airsim/ros_ws/install/airsim_interfaces/include/airsim_interfaces/srv/land.hpp
[1.100s] -- Up-to-date: /home/cthornton/data/local/college/research/arl/code/sims/airsim/ros_ws/install/airsim_interfaces/include/airsim_interfaces/srv/land_group.hpp
[1.100s] -- Up-to-date: /home/cthornton/data/local/college/research/arl/code/sims/airsim/ros_ws/install/airsim_interfaces/include/airsim_interfaces/srv/reset.hpp
[1.100s] -- Up-to-date: /home/cthornton/data/local/college/research/arl/code/sims/airsim/ros_ws/install/airsim_interfaces/include/airsim_interfaces/srv/set_gps_position.hpp
[1.101s] -- Up-to-date: /home/cthornton/data/local/college/research/arl/code/sims/airsim/ros_ws/install/airsim_interfaces/include/airsim_interfaces/srv/set_local_position.hpp
[1.101s] -- Up-to-date: /home/cthornton/data/local/college/research/arl/code/sims/airsim/ros_ws/install/airsim_interfaces/include/airsim_interfaces/srv/takeoff.hpp
[1.101s] -- Up-to-date: /home/cthornton/data/local/college/research/arl/code/sims/airsim/ros_ws/install/airsim_interfaces/include/airsim_interfaces/srv/takeoff_group.hpp
[1.101s] -- Up-to-date: /home/cthornton/data/local/college/research/arl/code/sims/airsim/ros_ws/install/airsim_interfaces/include/airsim_interfaces
[1.101s] -- Up-to-date: /home/cthornton/data/local/college/research/arl/code/sims/airsim/ros_ws/install/airsim_interfaces/include/airsim_interfaces/msg
[1.101s] -- Up-to-date: /home/cthornton/data/local/college/research/arl/code/sims/airsim/ros_ws/install/airsim_interfaces/include/airsim_interfaces/msg/detail
[1.102s] -- Up-to-date: /home/cthornton/data/local/college/research/arl/code/sims/airsim/ros_ws/install/airsim_interfaces/include/airsim_interfaces/msg/detail/altimeter__rosidl_typesupport_introspection_cpp.hpp
[1.102s] -- Up-to-date: /home/cthornton/data/local/college/research/arl/code/sims/airsim/ros_ws/install/airsim_interfaces/include/airsim_interfaces/msg/detail/altimeter__type_support.cpp
[1.102s] -- Up-to-date: /home/cthornton/data/local/college/research/arl/code/sims/airsim/ros_ws/install/airsim_interfaces/include/airsim_interfaces/msg/detail/car_controls__rosidl_typesupport_introspection_cpp.hpp
[1.102s] -- Up-to-date: /home/cthornton/data/local/college/research/arl/code/sims/airsim/ros_ws/install/airsim_interfaces/include/airsim_interfaces/msg/detail/car_controls__type_support.cpp
[1.103s] -- Up-to-date: /home/cthornton/data/local/college/research/arl/code/sims/airsim/ros_ws/install/airsim_interfaces/include/airsim_interfaces/msg/detail/car_state__rosidl_typesupport_introspection_cpp.hpp
[1.103s] -- Up-to-date: /home/cthornton/data/local/college/research/arl/code/sims/airsim/ros_ws/install/airsim_interfaces/include/airsim_interfaces/msg/detail/car_state__type_support.cpp
[1.103s] -- Up-to-date: /home/cthornton/data/local/college/research/arl/code/sims/airsim/ros_ws/install/airsim_interfaces/include/airsim_interfaces/msg/detail/environment__rosidl_typesupport_introspection_cpp.hpp
[1.103s] -- Up-to-date: /home/cthornton/data/local/college/research/arl/code/sims/airsim/ros_ws/install/airsim_interfaces/include/airsim_interfaces/msg/detail/environment__type_support.cpp
[1.104s] -- Up-to-date: /home/cthornton/data/local/college/research/arl/code/sims/airsim/ros_ws/install/airsim_interfaces/include/airsim_interfaces/msg/detail/gimbal_angle_euler_cmd__rosidl_typesupport_introspection_cpp.hpp
[1.104s] -- Up-to-date: /home/cthornton/data/local/college/research/arl/code/sims/airsim/ros_ws/install/airsim_interfaces/include/airsim_interfaces/msg/detail/gimbal_angle_euler_cmd__type_support.cpp
[1.104s] -- Up-to-date: /home/cthornton/data/local/college/research/arl/code/sims/airsim/ros_ws/install/airsim_interfaces/include/airsim_interfaces/msg/detail/gimbal_angle_quat_cmd__rosidl_typesupport_introspection_cpp.hpp
[1.104s] -- Up-to-date: /home/cthornton/data/local/college/research/arl/code/sims/airsim/ros_ws/install/airsim_interfaces/include/airsim_interfaces/msg/detail/gimbal_angle_quat_cmd__type_support.cpp
[1.105s] -- Up-to-date: /home/cthornton/data/local/college/research/arl/code/sims/airsim/ros_ws/install/airsim_interfaces/include/airsim_interfaces/msg/detail/gps_yaw__rosidl_typesupport_introspection_cpp.hpp
[1.105s] -- Up-to-date: /home/cthornton/data/local/college/research/arl/code/sims/airsim/ros_ws/install/airsim_interfaces/include/airsim_interfaces/msg/detail/gps_yaw__type_support.cpp
[1.105s] -- Up-to-date: /home/cthornton/data/local/college/research/arl/code/sims/airsim/ros_ws/install/airsim_interfaces/include/airsim_interfaces/msg/detail/vel_cmd_group__rosidl_typesupport_introspection_cpp.hpp
[1.106s] -- Up-to-date: /home/cthornton/data/local/college/research/arl/code/sims/airsim/ros_ws/install/airsim_interfaces/include/airsim_interfaces/msg/detail/vel_cmd_group__type_support.cpp
[1.106s] -- Up-to-date: /home/cthornton/data/local/college/research/arl/code/sims/airsim/ros_ws/install/airsim_interfaces/include/airsim_interfaces/msg/detail/vel_cmd__rosidl_typesupport_introspection_cpp.hpp
[1.106s] -- Up-to-date: /home/cthornton/data/local/college/research/arl/code/sims/airsim/ros_ws/install/airsim_interfaces/include/airsim_interfaces/msg/detail/vel_cmd__type_support.cpp
[1.106s] -- Up-to-date: /home/cthornton/data/local/college/research/arl/code/sims/airsim/ros_ws/install/airsim_interfaces/include/airsim_interfaces/srv
[1.107s] -- Up-to-date: /home/cthornton/data/local/college/research/arl/code/sims/airsim/ros_ws/install/airsim_interfaces/include/airsim_interfaces/srv/detail
[1.107s] -- Up-to-date: /home/cthornton/data/local/college/research/arl/code/sims/airsim/ros_ws/install/airsim_interfaces/include/airsim_interfaces/srv/detail/land_group__rosidl_typesupport_introspection_cpp.hpp
[1.107s] -- Up-to-date: /home/cthornton/data/local/college/research/arl/code/sims/airsim/ros_ws/install/airsim_interfaces/include/airsim_interfaces/srv/detail/land_group__type_support.cpp
[1.107s] -- Up-to-date: /home/cthornton/data/local/college/research/arl/code/sims/airsim/ros_ws/install/airsim_interfaces/include/airsim_interfaces/srv/detail/land__rosidl_typesupport_introspection_cpp.hpp
[1.108s] -- Up-to-date: /home/cthornton/data/local/college/research/arl/code/sims/airsim/ros_ws/install/airsim_interfaces/include/airsim_interfaces/srv/detail/land__type_support.cpp
[1.108s] -- Up-to-date: /home/cthornton/data/local/college/research/arl/code/sims/airsim/ros_ws/install/airsim_interfaces/include/airsim_interfaces/srv/detail/reset__rosidl_typesupport_introspection_cpp.hpp
[1.108s] -- Up-to-date: /home/cthornton/data/local/college/research/arl/code/sims/airsim/ros_ws/install/airsim_interfaces/include/airsim_interfaces/srv/detail/reset__type_support.cpp
[1.108s] -- Up-to-date: /home/cthornton/data/local/college/research/arl/code/sims/airsim/ros_ws/install/airsim_interfaces/include/airsim_interfaces/srv/detail/set_gps_position__rosidl_typesupport_introspection_cpp.hpp
[1.109s] -- Up-to-date: /home/cthornton/data/local/college/research/arl/code/sims/airsim/ros_ws/install/airsim_interfaces/include/airsim_interfaces/srv/detail/set_gps_position__type_support.cpp
[1.109s] -- Up-to-date: /home/cthornton/data/local/college/research/arl/code/sims/airsim/ros_ws/install/airsim_interfaces/include/airsim_interfaces/srv/detail/set_local_position__rosidl_typesupport_introspection_cpp.hpp
[1.109s] -- Up-to-date: /home/cthornton/data/local/college/research/arl/code/sims/airsim/ros_ws/install/airsim_interfaces/include/airsim_interfaces/srv/detail/set_local_position__type_support.cpp
[1.109s] -- Up-to-date: /home/cthornton/data/local/college/research/arl/code/sims/airsim/ros_ws/install/airsim_interfaces/include/airsim_interfaces/srv/detail/takeoff_group__rosidl_typesupport_introspection_cpp.hpp
[1.110s] -- Up-to-date: /home/cthornton/data/local/college/research/arl/code/sims/airsim/ros_ws/install/airsim_interfaces/include/airsim_interfaces/srv/detail/takeoff_group__type_support.cpp
[1.110s] -- Up-to-date: /home/cthornton/data/local/college/research/arl/code/sims/airsim/ros_ws/install/airsim_interfaces/include/airsim_interfaces/srv/detail/takeoff__rosidl_typesupport_introspection_cpp.hpp
[1.110s] -- Up-to-date: /home/cthornton/data/local/college/research/arl/code/sims/airsim/ros_ws/install/airsim_interfaces/include/airsim_interfaces/srv/detail/takeoff__type_support.cpp
[1.110s] -- Up-to-date: /home/cthornton/data/local/college/research/arl/code/sims/airsim/ros_ws/install/airsim_interfaces/lib/libairsim_interfaces__rosidl_typesupport_introspection_cpp.so
[1.110s] -- Up-to-date: /home/cthornton/data/local/college/research/arl/code/sims/airsim/ros_ws/install/airsim_interfaces/lib/libairsim_interfaces__rosidl_typesupport_cpp.so
[1.111s] -- Up-to-date: /home/cthornton/data/local/college/research/arl/code/sims/airsim/ros_ws/install/airsim_interfaces/share/airsim_interfaces/environment/pythonpath.sh
[1.111s] -- Up-to-date: /home/cthornton/data/local/college/research/arl/code/sims/airsim/ros_ws/install/airsim_interfaces/share/airsim_interfaces/environment/pythonpath.dsv
[1.111s] -- Up-to-date: /home/cthornton/data/local/college/research/arl/code/sims/airsim/ros_ws/install/airsim_interfaces/lib/python3.8/site-packages/airsim_interfaces/__init__.py
[1.141s] -- Up-to-date: /home/cthornton/data/local/college/research/arl/code/sims/airsim/ros_ws/install/airsim_interfaces/lib/python3.8/site-packages/airsim_interfaces/msg
[1.142s] -- Up-to-date: /home/cthornton/data/local/college/research/arl/code/sims/airsim/ros_ws/install/airsim_interfaces/lib/python3.8/site-packages/airsim_interfaces/msg/_altimeter.py
[1.142s] -- Up-to-date: /home/cthornton/data/local/college/research/arl/code/sims/airsim/ros_ws/install/airsim_interfaces/lib/python3.8/site-packages/airsim_interfaces/msg/_altimeter_s.c
[1.142s] -- Up-to-date: /home/cthornton/data/local/college/research/arl/code/sims/airsim/ros_ws/install/airsim_interfaces/lib/python3.8/site-packages/airsim_interfaces/msg/_car_controls.py
[1.142s] -- Up-to-date: /home/cthornton/data/local/college/research/arl/code/sims/airsim/ros_ws/install/airsim_interfaces/lib/python3.8/site-packages/airsim_interfaces/msg/_car_controls_s.c
[1.143s] -- Up-to-date: /home/cthornton/data/local/college/research/arl/code/sims/airsim/ros_ws/install/airsim_interfaces/lib/python3.8/site-packages/airsim_interfaces/msg/_car_state.py
[1.143s] -- Up-to-date: /home/cthornton/data/local/college/research/arl/code/sims/airsim/ros_ws/install/airsim_interfaces/lib/python3.8/site-packages/airsim_interfaces/msg/_car_state_s.c
[1.143s] -- Up-to-date: /home/cthornton/data/local/college/research/arl/code/sims/airsim/ros_ws/install/airsim_interfaces/lib/python3.8/site-packages/airsim_interfaces/msg/_environment.py
[1.143s] -- Up-to-date: /home/cthornton/data/local/college/research/arl/code/sims/airsim/ros_ws/install/airsim_interfaces/lib/python3.8/site-packages/airsim_interfaces/msg/_environment_s.c
[1.144s] -- Up-to-date: /home/cthornton/data/local/college/research/arl/code/sims/airsim/ros_ws/install/airsim_interfaces/lib/python3.8/site-packages/airsim_interfaces/msg/_gimbal_angle_euler_cmd.py
[1.144s] -- Up-to-date: /home/cthornton/data/local/college/research/arl/code/sims/airsim/ros_ws/install/airsim_interfaces/lib/python3.8/site-packages/airsim_interfaces/msg/_gimbal_angle_euler_cmd_s.c
[1.144s] -- Up-to-date: /home/cthornton/data/local/college/research/arl/code/sims/airsim/ros_ws/install/airsim_interfaces/lib/python3.8/site-packages/airsim_interfaces/msg/_gimbal_angle_quat_cmd.py
[1.144s] -- Up-to-date: /home/cthornton/data/local/college/research/arl/code/sims/airsim/ros_ws/install/airsim_interfaces/lib/python3.8/site-packages/airsim_interfaces/msg/_gimbal_angle_quat_cmd_s.c
[1.145s] -- Up-to-date: /home/cthornton/data/local/college/research/arl/code/sims/airsim/ros_ws/install/airsim_interfaces/lib/python3.8/site-packages/airsim_interfaces/msg/_gps_yaw.py
[1.145s] -- Up-to-date: /home/cthornton/data/local/college/research/arl/code/sims/airsim/ros_ws/install/airsim_interfaces/lib/python3.8/site-packages/airsim_interfaces/msg/_gps_yaw_s.c
[1.145s] -- Up-to-date: /home/cthornton/data/local/college/research/arl/code/sims/airsim/ros_ws/install/airsim_interfaces/lib/python3.8/site-packages/airsim_interfaces/msg/_vel_cmd.py
[1.146s] -- Up-to-date: /home/cthornton/data/local/college/research/arl/code/sims/airsim/ros_ws/install/airsim_interfaces/lib/python3.8/site-packages/airsim_interfaces/msg/_vel_cmd_group.py
[1.146s] -- Up-to-date: /home/cthornton/data/local/college/research/arl/code/sims/airsim/ros_ws/install/airsim_interfaces/lib/python3.8/site-packages/airsim_interfaces/msg/_vel_cmd_group_s.c
[1.146s] -- Up-to-date: /home/cthornton/data/local/college/research/arl/code/sims/airsim/ros_ws/install/airsim_interfaces/lib/python3.8/site-packages/airsim_interfaces/msg/_vel_cmd_s.c
[1.146s] -- Up-to-date: /home/cthornton/data/local/college/research/arl/code/sims/airsim/ros_ws/install/airsim_interfaces/lib/python3.8/site-packages/airsim_interfaces/msg/__init__.py
[1.147s] -- Up-to-date: /home/cthornton/data/local/college/research/arl/code/sims/airsim/ros_ws/install/airsim_interfaces/lib/python3.8/site-packages/airsim_interfaces/srv
[1.147s] -- Up-to-date: /home/cthornton/data/local/college/research/arl/code/sims/airsim/ros_ws/install/airsim_interfaces/lib/python3.8/site-packages/airsim_interfaces/srv/_land.py
[1.147s] -- Up-to-date: /home/cthornton/data/local/college/research/arl/code/sims/airsim/ros_ws/install/airsim_interfaces/lib/python3.8/site-packages/airsim_interfaces/srv/_land_group.py
[1.148s] -- Up-to-date: /home/cthornton/data/local/college/research/arl/code/sims/airsim/ros_ws/install/airsim_interfaces/lib/python3.8/site-packages/airsim_interfaces/srv/_land_group_s.c
[1.148s] -- Up-to-date: /home/cthornton/data/local/college/research/arl/code/sims/airsim/ros_ws/install/airsim_interfaces/lib/python3.8/site-packages/airsim_interfaces/srv/_land_s.c
[1.148s] -- Up-to-date: /home/cthornton/data/local/college/research/arl/code/sims/airsim/ros_ws/install/airsim_interfaces/lib/python3.8/site-packages/airsim_interfaces/srv/_reset.py
[1.148s] -- Up-to-date: /home/cthornton/data/local/college/research/arl/code/sims/airsim/ros_ws/install/airsim_interfaces/lib/python3.8/site-packages/airsim_interfaces/srv/_reset_s.c
[1.148s] -- Up-to-date: /home/cthornton/data/local/college/research/arl/code/sims/airsim/ros_ws/install/airsim_interfaces/lib/python3.8/site-packages/airsim_interfaces/srv/_set_gps_position.py
[1.149s] -- Up-to-date: /home/cthornton/data/local/college/research/arl/code/sims/airsim/ros_ws/install/airsim_interfaces/lib/python3.8/site-packages/airsim_interfaces/srv/_set_gps_position_s.c
[1.149s] -- Up-to-date: /home/cthornton/data/local/college/research/arl/code/sims/airsim/ros_ws/install/airsim_interfaces/lib/python3.8/site-packages/airsim_interfaces/srv/_set_local_position.py
[1.149s] -- Up-to-date: /home/cthornton/data/local/college/research/arl/code/sims/airsim/ros_ws/install/airsim_interfaces/lib/python3.8/site-packages/airsim_interfaces/srv/_set_local_position_s.c
[1.149s] -- Up-to-date: /home/cthornton/data/local/college/research/arl/code/sims/airsim/ros_ws/install/airsim_interfaces/lib/python3.8/site-packages/airsim_interfaces/srv/_takeoff.py
[1.150s] -- Up-to-date: /home/cthornton/data/local/college/research/arl/code/sims/airsim/ros_ws/install/airsim_interfaces/lib/python3.8/site-packages/airsim_interfaces/srv/_takeoff_group.py
[1.150s] -- Up-to-date: /home/cthornton/data/local/college/research/arl/code/sims/airsim/ros_ws/install/airsim_interfaces/lib/python3.8/site-packages/airsim_interfaces/srv/_takeoff_group_s.c
[1.150s] -- Up-to-date: /home/cthornton/data/local/college/research/arl/code/sims/airsim/ros_ws/install/airsim_interfaces/lib/python3.8/site-packages/airsim_interfaces/srv/_takeoff_s.c
[1.150s] -- Up-to-date: /home/cthornton/data/local/college/research/arl/code/sims/airsim/ros_ws/install/airsim_interfaces/lib/python3.8/site-packages/airsim_interfaces/srv/__init__.py
[1.150s] -- Up-to-date: /home/cthornton/data/local/college/research/arl/code/sims/airsim/ros_ws/install/airsim_interfaces/lib/python3.8/site-packages/airsim_interfaces/airsim_interfaces_s__rosidl_typesupport_fastrtps_c.cpython-38-x86_64-linux-gnu.so
[1.151s] -- Up-to-date: /home/cthornton/data/local/college/research/arl/code/sims/airsim/ros_ws/install/airsim_interfaces/lib/python3.8/site-packages/airsim_interfaces/airsim_interfaces_s__rosidl_typesupport_introspection_c.cpython-38-x86_64-linux-gnu.so
[1.151s] -- Up-to-date: /home/cthornton/data/local/college/research/arl/code/sims/airsim/ros_ws/install/airsim_interfaces/lib/python3.8/site-packages/airsim_interfaces/airsim_interfaces_s__rosidl_typesupport_c.cpython-38-x86_64-linux-gnu.so
[1.153s] -- Up-to-date: /home/cthornton/data/local/college/research/arl/code/sims/airsim/ros_ws/install/airsim_interfaces/lib/libairsim_interfaces__python.so
[1.153s] -- Up-to-date: /home/cthornton/data/local/college/research/arl/code/sims/airsim/ros_ws/install/airsim_interfaces/share/airsim_interfaces/msg/GimbalAngleEulerCmd.idl
[1.154s] -- Up-to-date: /home/cthornton/data/local/college/research/arl/code/sims/airsim/ros_ws/install/airsim_interfaces/share/airsim_interfaces/msg/GimbalAngleQuatCmd.idl
[1.154s] -- Up-to-date: /home/cthornton/data/local/college/research/arl/code/sims/airsim/ros_ws/install/airsim_interfaces/share/airsim_interfaces/msg/GPSYaw.idl
[1.154s] -- Up-to-date: /home/cthornton/data/local/college/research/arl/code/sims/airsim/ros_ws/install/airsim_interfaces/share/airsim_interfaces/msg/VelCmd.idl
[1.154s] -- Up-to-date: /home/cthornton/data/local/college/research/arl/code/sims/airsim/ros_ws/install/airsim_interfaces/share/airsim_interfaces/msg/VelCmdGroup.idl
[1.155s] -- Up-to-date: /home/cthornton/data/local/college/research/arl/code/sims/airsim/ros_ws/install/airsim_interfaces/share/airsim_interfaces/msg/CarControls.idl
[1.155s] -- Up-to-date: /home/cthornton/data/local/college/research/arl/code/sims/airsim/ros_ws/install/airsim_interfaces/share/airsim_interfaces/msg/CarState.idl
[1.155s] -- Up-to-date: /home/cthornton/data/local/college/research/arl/code/sims/airsim/ros_ws/install/airsim_interfaces/share/airsim_interfaces/msg/Altimeter.idl
[1.156s] -- Up-to-date: /home/cthornton/data/local/college/research/arl/code/sims/airsim/ros_ws/install/airsim_interfaces/share/airsim_interfaces/msg/Environment.idl
[1.156s] -- Up-to-date: /home/cthornton/data/local/college/research/arl/code/sims/airsim/ros_ws/install/airsim_interfaces/share/airsim_interfaces/srv/SetGPSPosition.idl
[1.156s] -- Up-to-date: /home/cthornton/data/local/college/research/arl/code/sims/airsim/ros_ws/install/airsim_interfaces/share/airsim_interfaces/srv/Takeoff.idl
[1.156s] -- Up-to-date: /home/cthornton/data/local/college/research/arl/code/sims/airsim/ros_ws/install/airsim_interfaces/share/airsim_interfaces/srv/TakeoffGroup.idl
[1.157s] -- Up-to-date: /home/cthornton/data/local/college/research/arl/code/sims/airsim/ros_ws/install/airsim_interfaces/share/airsim_interfaces/srv/Land.idl
[1.157s] -- Up-to-date: /home/cthornton/data/local/college/research/arl/code/sims/airsim/ros_ws/install/airsim_interfaces/share/airsim_interfaces/srv/LandGroup.idl
[1.157s] -- Up-to-date: /home/cthornton/data/local/college/research/arl/code/sims/airsim/ros_ws/install/airsim_interfaces/share/airsim_interfaces/srv/Reset.idl
[1.158s] -- Up-to-date: /home/cthornton/data/local/college/research/arl/code/sims/airsim/ros_ws/install/airsim_interfaces/share/airsim_interfaces/srv/SetLocalPosition.idl
[1.158s] -- Up-to-date: /home/cthornton/data/local/college/research/arl/code/sims/airsim/ros_ws/install/airsim_interfaces/share/airsim_interfaces/msg/GimbalAngleEulerCmd.msg
[1.158s] -- Up-to-date: /home/cthornton/data/local/college/research/arl/code/sims/airsim/ros_ws/install/airsim_interfaces/share/airsim_interfaces/msg/GimbalAngleQuatCmd.msg
[1.159s] -- Up-to-date: /home/cthornton/data/local/college/research/arl/code/sims/airsim/ros_ws/install/airsim_interfaces/share/airsim_interfaces/msg/GPSYaw.msg
[1.159s] -- Up-to-date: /home/cthornton/data/local/college/research/arl/code/sims/airsim/ros_ws/install/airsim_interfaces/share/airsim_interfaces/msg/VelCmd.msg
[1.159s] -- Up-to-date: /home/cthornton/data/local/college/research/arl/code/sims/airsim/ros_ws/install/airsim_interfaces/share/airsim_interfaces/msg/VelCmdGroup.msg
[1.159s] -- Up-to-date: /home/cthornton/data/local/college/research/arl/code/sims/airsim/ros_ws/install/airsim_interfaces/share/airsim_interfaces/msg/CarControls.msg
[1.160s] -- Up-to-date: /home/cthornton/data/local/college/research/arl/code/sims/airsim/ros_ws/install/airsim_interfaces/share/airsim_interfaces/msg/CarState.msg
[1.160s] -- Up-to-date: /home/cthornton/data/local/college/research/arl/code/sims/airsim/ros_ws/install/airsim_interfaces/share/airsim_interfaces/msg/Altimeter.msg
[1.160s] -- Up-to-date: /home/cthornton/data/local/college/research/arl/code/sims/airsim/ros_ws/install/airsim_interfaces/share/airsim_interfaces/msg/Environment.msg
[1.161s] -- Up-to-date: /home/cthornton/data/local/college/research/arl/code/sims/airsim/ros_ws/install/airsim_interfaces/share/airsim_interfaces/srv/SetGPSPosition.srv
[1.161s] -- Up-to-date: /home/cthornton/data/local/college/research/arl/code/sims/airsim/ros_ws/install/airsim_interfaces/share/airsim_interfaces/srv/SetGPSPosition_Request.msg
[1.161s] -- Up-to-date: /home/cthornton/data/local/college/research/arl/code/sims/airsim/ros_ws/install/airsim_interfaces/share/airsim_interfaces/srv/SetGPSPosition_Response.msg
[1.161s] -- Up-to-date: /home/cthornton/data/local/college/research/arl/code/sims/airsim/ros_ws/install/airsim_interfaces/share/airsim_interfaces/srv/Takeoff.srv
[1.162s] -- Up-to-date: /home/cthornton/data/local/college/research/arl/code/sims/airsim/ros_ws/install/airsim_interfaces/share/airsim_interfaces/srv/Takeoff_Request.msg
[1.162s] -- Up-to-date: /home/cthornton/data/local/college/research/arl/code/sims/airsim/ros_ws/install/airsim_interfaces/share/airsim_interfaces/srv/Takeoff_Response.msg
[1.162s] -- Up-to-date: /home/cthornton/data/local/college/research/arl/code/sims/airsim/ros_ws/install/airsim_interfaces/share/airsim_interfaces/srv/TakeoffGroup.srv
[1.163s] -- Up-to-date: /home/cthornton/data/local/college/research/arl/code/sims/airsim/ros_ws/install/airsim_interfaces/share/airsim_interfaces/srv/TakeoffGroup_Request.msg
[1.163s] -- Up-to-date: /home/cthornton/data/local/college/research/arl/code/sims/airsim/ros_ws/install/airsim_interfaces/share/airsim_interfaces/srv/TakeoffGroup_Response.msg
[1.163s] -- Up-to-date: /home/cthornton/data/local/college/research/arl/code/sims/airsim/ros_ws/install/airsim_interfaces/share/airsim_interfaces/srv/Land.srv
[1.163s] -- Up-to-date: /home/cthornton/data/local/college/research/arl/code/sims/airsim/ros_ws/install/airsim_interfaces/share/airsim_interfaces/srv/Land_Request.msg
[1.164s] -- Up-to-date: /home/cthornton/data/local/college/research/arl/code/sims/airsim/ros_ws/install/airsim_interfaces/share/airsim_interfaces/srv/Land_Response.msg
[1.164s] -- Up-to-date: /home/cthornton/data/local/college/research/arl/code/sims/airsim/ros_ws/install/airsim_interfaces/share/airsim_interfaces/srv/LandGroup.srv
[1.164s] -- Up-to-date: /home/cthornton/data/local/college/research/arl/code/sims/airsim/ros_ws/install/airsim_interfaces/share/airsim_interfaces/srv/LandGroup_Request.msg
[1.164s] -- Up-to-date: /home/cthornton/data/local/college/research/arl/code/sims/airsim/ros_ws/install/airsim_interfaces/share/airsim_interfaces/srv/LandGroup_Response.msg
[1.165s] -- Up-to-date: /home/cthornton/data/local/college/research/arl/code/sims/airsim/ros_ws/install/airsim_interfaces/share/airsim_interfaces/srv/Reset.srv
[1.165s] -- Up-to-date: /home/cthornton/data/local/college/research/arl/code/sims/airsim/ros_ws/install/airsim_interfaces/share/airsim_interfaces/srv/Reset_Request.msg
[1.165s] -- Up-to-date: /home/cthornton/data/local/college/research/arl/code/sims/airsim/ros_ws/install/airsim_interfaces/share/airsim_interfaces/srv/Reset_Response.msg
[1.166s] -- Up-to-date: /home/cthornton/data/local/college/research/arl/code/sims/airsim/ros_ws/install/airsim_interfaces/share/airsim_interfaces/srv/SetLocalPosition.srv
[1.166s] -- Up-to-date: /home/cthornton/data/local/college/research/arl/code/sims/airsim/ros_ws/install/airsim_interfaces/share/airsim_interfaces/srv/SetLocalPosition_Request.msg
[1.166s] -- Up-to-date: /home/cthornton/data/local/college/research/arl/code/sims/airsim/ros_ws/install/airsim_interfaces/share/airsim_interfaces/srv/SetLocalPosition_Response.msg
[1.166s] -- Up-to-date: /home/cthornton/data/local/college/research/arl/code/sims/airsim/ros_ws/install/airsim_interfaces/share/ament_index/resource_index/package_run_dependencies/airsim_interfaces
[1.167s] -- Up-to-date: /home/cthornton/data/local/college/research/arl/code/sims/airsim/ros_ws/install/airsim_interfaces/share/ament_index/resource_index/parent_prefix_path/airsim_interfaces
[1.167s] -- Up-to-date: /home/cthornton/data/local/college/research/arl/code/sims/airsim/ros_ws/install/airsim_interfaces/share/airsim_interfaces/environment/ament_prefix_path.sh
[1.167s] -- Up-to-date: /home/cthornton/data/local/college/research/arl/code/sims/airsim/ros_ws/install/airsim_interfaces/share/airsim_interfaces/environment/ament_prefix_path.dsv
[1.167s] -- Up-to-date: /home/cthornton/data/local/college/research/arl/code/sims/airsim/ros_ws/install/airsim_interfaces/share/airsim_interfaces/environment/path.sh
[1.168s] -- Up-to-date: /home/cthornton/data/local/college/research/arl/code/sims/airsim/ros_ws/install/airsim_interfaces/share/airsim_interfaces/environment/path.dsv
[1.168s] -- Up-to-date: /home/cthornton/data/local/college/research/arl/code/sims/airsim/ros_ws/install/airsim_interfaces/share/airsim_interfaces/local_setup.bash
[1.168s] -- Up-to-date: /home/cthornton/data/local/college/research/arl/code/sims/airsim/ros_ws/install/airsim_interfaces/share/airsim_interfaces/local_setup.sh
[1.168s] -- Up-to-date: /home/cthornton/data/local/college/research/arl/code/sims/airsim/ros_ws/install/airsim_interfaces/share/airsim_interfaces/local_setup.zsh
[1.168s] -- Up-to-date: /home/cthornton/data/local/college/research/arl/code/sims/airsim/ros_ws/install/airsim_interfaces/share/airsim_interfaces/local_setup.dsv
[1.169s] -- Installing: /home/cthornton/data/local/college/research/arl/code/sims/airsim/ros_ws/install/airsim_interfaces/share/airsim_interfaces/package.dsv
[1.170s] -- Up-to-date: /home/cthornton/data/local/college/research/arl/code/sims/airsim/ros_ws/install/airsim_interfaces/share/ament_index/resource_index/packages/airsim_interfaces
[1.171s] -- Up-to-date: /home/cthornton/data/local/college/research/arl/code/sims/airsim/ros_ws/install/airsim_interfaces/share/airsim_interfaces/cmake/airsim_interfaces__rosidl_generator_cExport.cmake
[1.171s] -- Up-to-date: /home/cthornton/data/local/college/research/arl/code/sims/airsim/ros_ws/install/airsim_interfaces/share/airsim_interfaces/cmake/airsim_interfaces__rosidl_generator_cExport-debug.cmake
[1.172s] -- Up-to-date: /home/cthornton/data/local/college/research/arl/code/sims/airsim/ros_ws/install/airsim_interfaces/share/airsim_interfaces/cmake/airsim_interfaces__rosidl_typesupport_introspection_cExport.cmake
[1.172s] -- Up-to-date: /home/cthornton/data/local/college/research/arl/code/sims/airsim/ros_ws/install/airsim_interfaces/share/airsim_interfaces/cmake/airsim_interfaces__rosidl_typesupport_introspection_cExport-debug.cmake
[1.173s] -- Up-to-date: /home/cthornton/data/local/college/research/arl/code/sims/airsim/ros_ws/install/airsim_interfaces/share/airsim_interfaces/cmake/airsim_interfaces__rosidl_typesupport_cExport.cmake
[1.173s] -- Up-to-date: /home/cthornton/data/local/college/research/arl/code/sims/airsim/ros_ws/install/airsim_interfaces/share/airsim_interfaces/cmake/airsim_interfaces__rosidl_typesupport_cExport-debug.cmake
[1.174s] -- Up-to-date: /home/cthornton/data/local/college/research/arl/code/sims/airsim/ros_ws/install/airsim_interfaces/share/airsim_interfaces/cmake/airsim_interfaces__rosidl_generator_cppExport.cmake
[1.174s] -- Up-to-date: /home/cthornton/data/local/college/research/arl/code/sims/airsim/ros_ws/install/airsim_interfaces/share/airsim_interfaces/cmake/airsim_interfaces__rosidl_typesupport_introspection_cppExport.cmake
[1.175s] -- Up-to-date: /home/cthornton/data/local/college/research/arl/code/sims/airsim/ros_ws/install/airsim_interfaces/share/airsim_interfaces/cmake/airsim_interfaces__rosidl_typesupport_introspection_cppExport-debug.cmake
[1.175s] -- Up-to-date: /home/cthornton/data/local/college/research/arl/code/sims/airsim/ros_ws/install/airsim_interfaces/share/airsim_interfaces/cmake/airsim_interfaces__rosidl_typesupport_cppExport.cmake
[1.176s] -- Up-to-date: /home/cthornton/data/local/college/research/arl/code/sims/airsim/ros_ws/install/airsim_interfaces/share/airsim_interfaces/cmake/airsim_interfaces__rosidl_typesupport_cppExport-debug.cmake
[1.176s] -- Up-to-date: /home/cthornton/data/local/college/research/arl/code/sims/airsim/ros_ws/install/airsim_interfaces/share/airsim_interfaces/cmake/rosidl_cmake-extras.cmake
[1.176s] -- Up-to-date: /home/cthornton/data/local/college/research/arl/code/sims/airsim/ros_ws/install/airsim_interfaces/share/airsim_interfaces/cmake/ament_cmake_export_dependencies-extras.cmake
[1.176s] -- Up-to-date: /home/cthornton/data/local/college/research/arl/code/sims/airsim/ros_ws/install/airsim_interfaces/share/airsim_interfaces/cmake/ament_cmake_export_libraries-extras.cmake
[1.177s] -- Up-to-date: /home/cthornton/data/local/college/research/arl/code/sims/airsim/ros_ws/install/airsim_interfaces/share/airsim_interfaces/cmake/ament_cmake_export_targets-extras.cmake
[1.177s] -- Up-to-date: /home/cthornton/data/local/college/research/arl/code/sims/airsim/ros_ws/install/airsim_interfaces/share/airsim_interfaces/cmake/ament_cmake_export_include_directories-extras.cmake
[1.177s] -- Up-to-date: /home/cthornton/data/local/college/research/arl/code/sims/airsim/ros_ws/install/airsim_interfaces/share/airsim_interfaces/cmake/rosidl_cmake_export_typesupport_libraries-extras.cmake
[1.177s] -- Up-to-date: /home/cthornton/data/local/college/research/arl/code/sims/airsim/ros_ws/install/airsim_interfaces/share/airsim_interfaces/cmake/rosidl_cmake_export_typesupport_targets-extras.cmake
[1.178s] -- Up-to-date: /home/cthornton/data/local/college/research/arl/code/sims/airsim/ros_ws/install/airsim_interfaces/share/airsim_interfaces/cmake/airsim_interfacesConfig.cmake
[1.178s] -- Up-to-date: /home/cthornton/data/local/college/research/arl/code/sims/airsim/ros_ws/install/airsim_interfaces/share/airsim_interfaces/cmake/airsim_interfacesConfig-version.cmake
[1.178s] -- Up-to-date: /home/cthornton/data/local/college/research/arl/code/sims/airsim/ros_ws/install/airsim_interfaces/share/airsim_interfaces/package.xml
[1.186s] Invoked command in '/home/cthornton/data/local/college/research/arl/code/sims/airsim/ros_ws/build/airsim_interfaces' returned '0': CMAKE_PREFIX_PATH=/home/cthornton/data/local/college/research/arl/code/sims/airsim/ros_ws/install/hrlsim:/opt/ros/foxy:${CMAKE_PREFIX_PATH} /home/cthornton/.local/bin/cmake --install /home/cthornton/data/local/college/research/arl/code/sims/airsim/ros_ws/build/airsim_interfaces
