[0.027s] Invoking command in '/home/cthornton/data/local/college/research/arl/code/sims/airsim/ros_ws/build/airsim_interfaces': CMAKE_PREFIX_PATH=/home/cthornton/data/local/college/research/arl/code/sims/airsim/ros_ws/install/hrlsim:/opt/ros/foxy:${CMAKE_PREFIX_PATH} /home/cthornton/.local/bin/cmake --build /home/cthornton/data/local/college/research/arl/code/sims/airsim/ros_ws/build/airsim_interfaces -- -j12 -l12
[0.113s] [  0%] Built target airsim_interfaces__cpp
[0.126s] [ 12%] Built target airsim_interfaces__rosidl_generator_c
[0.153s] [ 34%] Built target airsim_interfaces__rosidl_typesupport_cpp
[0.154s] [ 36%] Built target airsim_interfaces__rosidl_typesupport_introspection_cpp
[0.155s] [ 48%] Built target airsim_interfaces__rosidl_typesupport_fastrtps_cpp
[0.159s] [ 72%] Built target airsim_interfaces__rosidl_typesupport_c
[0.160s] [ 72%] Built target airsim_interfaces__rosidl_typesupport_introspection_c
[0.186s] [ 84%] Built target airsim_interfaces__rosidl_typesupport_fastrtps_c
[0.201s] [ 84%] Built target airsim_interfaces
[0.218s] [ 85%] Built target airsim_interfaces__py
[0.244s] [ 96%] Built target airsim_interfaces__python
[0.264s] [ 99%] Built target airsim_interfaces__rosidl_typesupport_introspection_c__pyext
[0.264s] [ 99%] Built target airsim_interfaces__rosidl_typesupport_c__pyext
[0.265s] [100%] Built target airsim_interfaces__rosidl_typesupport_fastrtps_c__pyext
[0.279s] Invoked command in '/home/cthornton/data/local/college/research/arl/code/sims/airsim/ros_ws/build/airsim_interfaces' returned '0': CMAKE_PREFIX_PATH=/home/cthornton/data/local/college/research/arl/code/sims/airsim/ros_ws/install/hrlsim:/opt/ros/foxy:${CMAKE_PREFIX_PATH} /home/cthornton/.local/bin/cmake --build /home/cthornton/data/local/college/research/arl/code/sims/airsim/ros_ws/build/airsim_interfaces -- -j12 -l12
[0.853s] Invoking command in '/home/cthornton/data/local/college/research/arl/code/sims/airsim/ros_ws/build/airsim_interfaces': CMAKE_PREFIX_PATH=/home/cthornton/data/local/college/research/arl/code/sims/airsim/ros_ws/install/hrlsim:/opt/ros/foxy:${CMAKE_PREFIX_PATH} /home/cthornton/.local/bin/cmake --install /home/cthornton/data/local/college/research/arl/code/sims/airsim/ros_ws/build/airsim_interfaces
[0.887s] -- Install configuration: "Debug"
[0.887s] -- Up-to-date: /home/cthornton/data/local/college/research/arl/code/sims/airsim/ros_ws/install/airsim_interfaces/share/ament_index/resource_index/rosidl_interfaces/airsim_interfaces
[0.887s] -- Up-to-date: /home/cthornton/data/local/college/research/arl/code/sims/airsim/ros_ws/install/airsim_interfaces/include/airsim_interfaces
[0.888s] -- Up-to-date: /home/cthornton/data/local/college/research/arl/code/sims/airsim/ros_ws/install/airsim_interfaces/include/airsim_interfaces/msg
[0.888s] -- Up-to-date: /home/cthornton/data/local/college/research/arl/code/sims/airsim/ros_ws/install/airsim_interfaces/include/airsim_interfaces/msg/altimeter.h
[0.888s] -- Up-to-date: /home/cthornton/data/local/college/research/arl/code/sims/airsim/ros_ws/install/airsim_interfaces/include/airsim_interfaces/msg/car_controls.h
[0.888s] -- Up-to-date: /home/cthornton/data/local/college/research/arl/code/sims/airsim/ros_ws/install/airsim_interfaces/include/airsim_interfaces/msg/car_state.h
[0.888s] -- Up-to-date: /home/cthornton/data/local/college/research/arl/code/sims/airsim/ros_ws/install/airsim_interfaces/include/airsim_interfaces/msg/detail
[0.888s] -- Up-to-date: /home/cthornton/data/local/college/research/arl/code/sims/airsim/ros_ws/install/airsim_interfaces/include/airsim_interfaces/msg/detail/gimbal_angle_quat_cmd__functions.h
[0.889s] -- Up-to-date: /home/cthornton/data/local/college/research/arl/code/sims/airsim/ros_ws/install/airsim_interfaces/include/airsim_interfaces/msg/detail/altimeter__functions.c
[0.889s] -- Up-to-date: /home/cthornton/data/local/college/research/arl/code/sims/airsim/ros_ws/install/airsim_interfaces/include/airsim_interfaces/msg/detail/altimeter__functions.h
[0.889s] -- Up-to-date: /home/cthornton/data/local/college/research/arl/code/sims/airsim/ros_ws/install/airsim_interfaces/include/airsim_interfaces/msg/detail/altimeter__struct.h
[0.889s] -- Up-to-date: /home/cthornton/data/local/college/research/arl/code/sims/airsim/ros_ws/install/airsim_interfaces/include/airsim_interfaces/msg/detail/altimeter__type_support.h
[0.889s] -- Up-to-date: /home/cthornton/data/local/college/research/arl/code/sims/airsim/ros_ws/install/airsim_interfaces/include/airsim_interfaces/msg/detail/car_controls__functions.c
[0.889s] -- Up-to-date: /home/cthornton/data/local/college/research/arl/code/sims/airsim/ros_ws/install/airsim_interfaces/include/airsim_interfaces/msg/detail/car_controls__functions.h
[0.890s] -- Up-to-date: /home/cthornton/data/local/college/research/arl/code/sims/airsim/ros_ws/install/airsim_interfaces/include/airsim_interfaces/msg/detail/car_controls__struct.h
[0.890s] -- Up-to-date: /home/cthornton/data/local/college/research/arl/code/sims/airsim/ros_ws/install/airsim_interfaces/include/airsim_interfaces/msg/detail/car_controls__type_support.h
[0.890s] -- Up-to-date: /home/cthornton/data/local/college/research/arl/code/sims/airsim/ros_ws/install/airsim_interfaces/include/airsim_interfaces/msg/detail/car_state__functions.c
[0.890s] -- Up-to-date: /home/cthornton/data/local/college/research/arl/code/sims/airsim/ros_ws/install/airsim_interfaces/include/airsim_interfaces/msg/detail/car_state__functions.h
[0.890s] -- Up-to-date: /home/cthornton/data/local/college/research/arl/code/sims/airsim/ros_ws/install/airsim_interfaces/include/airsim_interfaces/msg/detail/car_state__struct.h
[0.890s] -- Up-to-date: /home/cthornton/data/local/college/research/arl/code/sims/airsim/ros_ws/install/airsim_interfaces/include/airsim_interfaces/msg/detail/car_state__type_support.h
[0.891s] -- Up-to-date: /home/cthornton/data/local/college/research/arl/code/sims/airsim/ros_ws/install/airsim_interfaces/include/airsim_interfaces/msg/detail/environment__functions.c
[0.891s] -- Up-to-date: /home/cthornton/data/local/college/research/arl/code/sims/airsim/ros_ws/install/airsim_interfaces/include/airsim_interfaces/msg/detail/environment__functions.h
[0.891s] -- Up-to-date: /home/cthornton/data/local/college/research/arl/code/sims/airsim/ros_ws/install/airsim_interfaces/include/airsim_interfaces/msg/detail/environment__struct.h
[0.891s] -- Up-to-date: /home/cthornton/data/local/college/research/arl/code/sims/airsim/ros_ws/install/airsim_interfaces/include/airsim_interfaces/msg/detail/environment__type_support.h
[0.891s] -- Up-to-date: /home/cthornton/data/local/college/research/arl/code/sims/airsim/ros_ws/install/airsim_interfaces/include/airsim_interfaces/msg/detail/gimbal_angle_euler_cmd__functions.c
[0.892s] -- Up-to-date: /home/cthornton/data/local/college/research/arl/code/sims/airsim/ros_ws/install/airsim_interfaces/include/airsim_interfaces/msg/detail/gimbal_angle_euler_cmd__functions.h
[0.892s] -- Up-to-date: /home/cthornton/data/local/college/research/arl/code/sims/airsim/ros_ws/install/airsim_interfaces/include/airsim_interfaces/msg/detail/gimbal_angle_euler_cmd__struct.h
[0.892s] -- Up-to-date: /home/cthornton/data/local/college/research/arl/code/sims/airsim/ros_ws/install/airsim_interfaces/include/airsim_interfaces/msg/detail/gimbal_angle_euler_cmd__type_support.h
[0.892s] -- Up-to-date: /home/cthornton/data/local/college/research/arl/code/sims/airsim/ros_ws/install/airsim_interfaces/include/airsim_interfaces/msg/detail/gimbal_angle_quat_cmd__functions.c
[0.892s] -- Up-to-date: /home/cthornton/data/local/college/research/arl/code/sims/airsim/ros_ws/install/airsim_interfaces/include/airsim_interfaces/msg/detail/gimbal_angle_quat_cmd__struct.h
[0.892s] -- Up-to-date: /home/cthornton/data/local/college/research/arl/code/sims/airsim/ros_ws/install/airsim_interfaces/include/airsim_interfaces/msg/detail/gimbal_angle_quat_cmd__type_support.h
[0.893s] -- Up-to-date: /home/cthornton/data/local/college/research/arl/code/sims/airsim/ros_ws/install/airsim_interfaces/include/airsim_interfaces/msg/detail/gps_yaw__functions.c
[0.893s] -- Up-to-date: /home/cthornton/data/local/college/research/arl/code/sims/airsim/ros_ws/install/airsim_interfaces/include/airsim_interfaces/msg/detail/gps_yaw__functions.h
[0.893s] -- Up-to-date: /home/cthornton/data/local/college/research/arl/code/sims/airsim/ros_ws/install/airsim_interfaces/include/airsim_interfaces/msg/detail/gps_yaw__struct.h
[0.893s] -- Up-to-date: /home/cthornton/data/local/college/research/arl/code/sims/airsim/ros_ws/install/airsim_interfaces/include/airsim_interfaces/msg/detail/gps_yaw__type_support.h
[0.893s] -- Up-to-date: /home/cthornton/data/local/college/research/arl/code/sims/airsim/ros_ws/install/airsim_interfaces/include/airsim_interfaces/msg/detail/vel_cmd_group__functions.c
[0.893s] -- Up-to-date: /home/cthornton/data/local/college/research/arl/code/sims/airsim/ros_ws/install/airsim_interfaces/include/airsim_interfaces/msg/detail/vel_cmd_group__functions.h
[0.894s] -- Up-to-date: /home/cthornton/data/local/college/research/arl/code/sims/airsim/ros_ws/install/airsim_interfaces/include/airsim_interfaces/msg/detail/vel_cmd_group__struct.h
[0.894s] -- Up-to-date: /home/cthornton/data/local/college/research/arl/code/sims/airsim/ros_ws/install/airsim_interfaces/include/airsim_interfaces/msg/detail/vel_cmd_group__type_support.h
[0.894s] -- Up-to-date: /home/cthornton/data/local/college/research/arl/code/sims/airsim/ros_ws/install/airsim_interfaces/include/airsim_interfaces/msg/detail/vel_cmd__functions.c
[0.894s] -- Up-to-date: /home/cthornton/data/local/college/research/arl/code/sims/airsim/ros_ws/install/airsim_interfaces/include/airsim_interfaces/msg/detail/vel_cmd__functions.h
[0.894s] -- Up-to-date: /home/cthornton/data/local/college/research/arl/code/sims/airsim/ros_ws/install/airsim_interfaces/include/airsim_interfaces/msg/detail/vel_cmd__struct.h
[0.895s] -- Up-to-date: /home/cthornton/data/local/college/research/arl/code/sims/airsim/ros_ws/install/airsim_interfaces/include/airsim_interfaces/msg/detail/vel_cmd__type_support.h
[0.895s] -- Up-to-date: /home/cthornton/data/local/college/research/arl/code/sims/airsim/ros_ws/install/airsim_interfaces/include/airsim_interfaces/msg/environment.h
[0.895s] -- Up-to-date: /home/cthornton/data/local/college/research/arl/code/sims/airsim/ros_ws/install/airsim_interfaces/include/airsim_interfaces/msg/gimbal_angle_euler_cmd.h
[0.895s] -- Up-to-date: /home/cthornton/data/local/college/research/arl/code/sims/airsim/ros_ws/install/airsim_interfaces/include/airsim_interfaces/msg/gimbal_angle_quat_cmd.h
[0.896s] -- Up-to-date: /home/cthornton/data/local/college/research/arl/code/sims/airsim/ros_ws/install/airsim_interfaces/include/airsim_interfaces/msg/gps_yaw.h
[0.896s] -- Up-to-date: /home/cthornton/data/local/college/research/arl/code/sims/airsim/ros_ws/install/airsim_interfaces/include/airsim_interfaces/msg/rosidl_generator_c__visibility_control.h
[0.896s] -- Up-to-date: /home/cthornton/data/local/college/research/arl/code/sims/airsim/ros_ws/install/airsim_interfaces/include/airsim_interfaces/msg/vel_cmd.h
[0.896s] -- Up-to-date: /home/cthornton/data/local/college/research/arl/code/sims/airsim/ros_ws/install/airsim_interfaces/include/airsim_interfaces/msg/vel_cmd_group.h
[0.897s] -- Up-to-date: /home/cthornton/data/local/college/research/arl/code/sims/airsim/ros_ws/install/airsim_interfaces/include/airsim_interfaces/srv
[0.897s] -- Up-to-date: /home/cthornton/data/local/college/research/arl/code/sims/airsim/ros_ws/install/airsim_interfaces/include/airsim_interfaces/srv/detail
[0.897s] -- Up-to-date: /home/cthornton/data/local/college/research/arl/code/sims/airsim/ros_ws/install/airsim_interfaces/include/airsim_interfaces/srv/detail/land_group__functions.c
[0.897s] -- Up-to-date: /home/cthornton/data/local/college/research/arl/code/sims/airsim/ros_ws/install/airsim_interfaces/include/airsim_interfaces/srv/detail/land_group__functions.h
[0.898s] -- Up-to-date: /home/cthornton/data/local/college/research/arl/code/sims/airsim/ros_ws/install/airsim_interfaces/include/airsim_interfaces/srv/detail/land_group__struct.h
[0.898s] -- Up-to-date: /home/cthornton/data/local/college/research/arl/code/sims/airsim/ros_ws/install/airsim_interfaces/include/airsim_interfaces/srv/detail/land_group__type_support.h
[0.898s] -- Up-to-date: /home/cthornton/data/local/college/research/arl/code/sims/airsim/ros_ws/install/airsim_interfaces/include/airsim_interfaces/srv/detail/land__functions.c
[0.898s] -- Up-to-date: /home/cthornton/data/local/college/research/arl/code/sims/airsim/ros_ws/install/airsim_interfaces/include/airsim_interfaces/srv/detail/land__functions.h
[0.898s] -- Up-to-date: /home/cthornton/data/local/college/research/arl/code/sims/airsim/ros_ws/install/airsim_interfaces/include/airsim_interfaces/srv/detail/land__struct.h
[0.899s] -- Up-to-date: /home/cthornton/data/local/college/research/arl/code/sims/airsim/ros_ws/install/airsim_interfaces/include/airsim_interfaces/srv/detail/land__type_support.h
[0.899s] -- Up-to-date: /home/cthornton/data/local/college/research/arl/code/sims/airsim/ros_ws/install/airsim_interfaces/include/airsim_interfaces/srv/detail/reset__functions.c
[0.899s] -- Up-to-date: /home/cthornton/data/local/college/research/arl/code/sims/airsim/ros_ws/install/airsim_interfaces/include/airsim_interfaces/srv/detail/reset__functions.h
[0.899s] -- Up-to-date: /home/cthornton/data/local/college/research/arl/code/sims/airsim/ros_ws/install/airsim_interfaces/include/airsim_interfaces/srv/detail/reset__struct.h
[0.899s] -- Up-to-date: /home/cthornton/data/local/college/research/arl/code/sims/airsim/ros_ws/install/airsim_interfaces/include/airsim_interfaces/srv/detail/reset__type_support.h
[0.900s] -- Up-to-date: /home/cthornton/data/local/college/research/arl/code/sims/airsim/ros_ws/install/airsim_interfaces/include/airsim_interfaces/srv/detail/set_gps_position__functions.c
[0.900s] -- Up-to-date: /home/cthornton/data/local/college/research/arl/code/sims/airsim/ros_ws/install/airsim_interfaces/include/airsim_interfaces/srv/detail/set_gps_position__functions.h
[0.900s] -- Up-to-date: /home/cthornton/data/local/college/research/arl/code/sims/airsim/ros_ws/install/airsim_interfaces/include/airsim_interfaces/srv/detail/set_gps_position__struct.h
[0.901s] -- Up-to-date: /home/cthornton/data/local/college/research/arl/code/sims/airsim/ros_ws/install/airsim_interfaces/include/airsim_interfaces/srv/detail/set_gps_position__type_support.h
[0.901s] -- Up-to-date: /home/cthornton/data/local/college/research/arl/code/sims/airsim/ros_ws/install/airsim_interfaces/include/airsim_interfaces/srv/detail/set_local_position__functions.c
[0.901s] -- Up-to-date: /home/cthornton/data/local/college/research/arl/code/sims/airsim/ros_ws/install/airsim_interfaces/include/airsim_interfaces/srv/detail/set_local_position__functions.h
[0.902s] -- Up-to-date: /home/cthornton/data/local/college/research/arl/code/sims/airsim/ros_ws/install/airsim_interfaces/include/airsim_interfaces/srv/detail/set_local_position__struct.h
[0.902s] -- Up-to-date: /home/cthornton/data/local/college/research/arl/code/sims/airsim/ros_ws/install/airsim_interfaces/include/airsim_interfaces/srv/detail/set_local_position__type_support.h
[0.902s] -- Up-to-date: /home/cthornton/data/local/college/research/arl/code/sims/airsim/ros_ws/install/airsim_interfaces/include/airsim_interfaces/srv/detail/takeoff_group__functions.c
[0.902s] -- Up-to-date: /home/cthornton/data/local/college/research/arl/code/sims/airsim/ros_ws/install/airsim_interfaces/include/airsim_interfaces/srv/detail/takeoff_group__functions.h
[0.902s] -- Up-to-date: /home/cthornton/data/local/college/research/arl/code/sims/airsim/ros_ws/install/airsim_interfaces/include/airsim_interfaces/srv/detail/takeoff_group__struct.h
[0.903s] -- Up-to-date: /home/cthornton/data/local/college/research/arl/code/sims/airsim/ros_ws/install/airsim_interfaces/include/airsim_interfaces/srv/detail/takeoff_group__type_support.h
[0.903s] -- Up-to-date: /home/cthornton/data/local/college/research/arl/code/sims/airsim/ros_ws/install/airsim_interfaces/include/airsim_interfaces/srv/detail/takeoff__functions.c
[0.903s] -- Up-to-date: /home/cthornton/data/local/college/research/arl/code/sims/airsim/ros_ws/install/airsim_interfaces/include/airsim_interfaces/srv/detail/takeoff__functions.h
[0.903s] -- Up-to-date: /home/cthornton/data/local/college/research/arl/code/sims/airsim/ros_ws/install/airsim_interfaces/include/airsim_interfaces/srv/detail/takeoff__struct.h
[0.904s] -- Up-to-date: /home/cthornton/data/local/college/research/arl/code/sims/airsim/ros_ws/install/airsim_interfaces/include/airsim_interfaces/srv/detail/takeoff__type_support.h
[0.904s] -- Up-to-date: /home/cthornton/data/local/college/research/arl/code/sims/airsim/ros_ws/install/airsim_interfaces/include/airsim_interfaces/srv/land.h
[0.904s] -- Up-to-date: /home/cthornton/data/local/college/research/arl/code/sims/airsim/ros_ws/install/airsim_interfaces/include/airsim_interfaces/srv/land_group.h
[0.904s] -- Up-to-date: /home/cthornton/data/local/college/research/arl/code/sims/airsim/ros_ws/install/airsim_interfaces/include/airsim_interfaces/srv/reset.h
[0.904s] -- Up-to-date: /home/cthornton/data/local/college/research/arl/code/sims/airsim/ros_ws/install/airsim_interfaces/include/airsim_interfaces/srv/set_gps_position.h
[0.905s] -- Up-to-date: /home/cthornton/data/local/college/research/arl/code/sims/airsim/ros_ws/install/airsim_interfaces/include/airsim_interfaces/srv/set_local_position.h
[0.905s] -- Up-to-date: /home/cthornton/data/local/college/research/arl/code/sims/airsim/ros_ws/install/airsim_interfaces/include/airsim_interfaces/srv/takeoff.h
[0.905s] -- Up-to-date: /home/cthornton/data/local/college/research/arl/code/sims/airsim/ros_ws/install/airsim_interfaces/include/airsim_interfaces/srv/takeoff_group.h
[0.905s] -- Up-to-date: /home/cthornton/data/local/college/research/arl/code/sims/airsim/ros_ws/install/airsim_interfaces/share/airsim_interfaces/environment/library_path.sh
[0.905s] -- Up-to-date: /home/cthornton/data/local/college/research/arl/code/sims/airsim/ros_ws/install/airsim_interfaces/share/airsim_interfaces/environment/library_path.dsv
[0.906s] -- Up-to-date: /home/cthornton/data/local/college/research/arl/code/sims/airsim/ros_ws/install/airsim_interfaces/lib/libairsim_interfaces__rosidl_generator_c.so
[0.906s] -- Up-to-date: /home/cthornton/data/local/college/research/arl/code/sims/airsim/ros_ws/install/airsim_interfaces/include/airsim_interfaces
[0.906s] -- Up-to-date: /home/cthornton/data/local/college/research/arl/code/sims/airsim/ros_ws/install/airsim_interfaces/include/airsim_interfaces/msg
[0.906s] -- Up-to-date: /home/cthornton/data/local/college/research/arl/code/sims/airsim/ros_ws/install/airsim_interfaces/include/airsim_interfaces/msg/detail
[0.906s] -- Up-to-date: /home/cthornton/data/local/college/research/arl/code/sims/airsim/ros_ws/install/airsim_interfaces/include/airsim_interfaces/msg/detail/altimeter__rosidl_typesupport_fastrtps_c.h
[0.907s] -- Up-to-date: /home/cthornton/data/local/college/research/arl/code/sims/airsim/ros_ws/install/airsim_interfaces/include/airsim_interfaces/msg/detail/car_controls__rosidl_typesupport_fastrtps_c.h
[0.907s] -- Up-to-date: /home/cthornton/data/local/college/research/arl/code/sims/airsim/ros_ws/install/airsim_interfaces/include/airsim_interfaces/msg/detail/car_state__rosidl_typesupport_fastrtps_c.h
[0.907s] -- Up-to-date: /home/cthornton/data/local/college/research/arl/code/sims/airsim/ros_ws/install/airsim_interfaces/include/airsim_interfaces/msg/detail/environment__rosidl_typesupport_fastrtps_c.h
[0.907s] -- Up-to-date: /home/cthornton/data/local/college/research/arl/code/sims/airsim/ros_ws/install/airsim_interfaces/include/airsim_interfaces/msg/detail/gimbal_angle_euler_cmd__rosidl_typesupport_fastrtps_c.h
[0.907s] -- Up-to-date: /home/cthornton/data/local/college/research/arl/code/sims/airsim/ros_ws/install/airsim_interfaces/include/airsim_interfaces/msg/detail/gimbal_angle_quat_cmd__rosidl_typesupport_fastrtps_c.h
[0.908s] -- Up-to-date: /home/cthornton/data/local/college/research/arl/code/sims/airsim/ros_ws/install/airsim_interfaces/include/airsim_interfaces/msg/detail/gps_yaw__rosidl_typesupport_fastrtps_c.h
[0.908s] -- Up-to-date: /home/cthornton/data/local/college/research/arl/code/sims/airsim/ros_ws/install/airsim_interfaces/include/airsim_interfaces/msg/detail/vel_cmd_group__rosidl_typesupport_fastrtps_c.h
[0.908s] -- Up-to-date: /home/cthornton/data/local/college/research/arl/code/sims/airsim/ros_ws/install/airsim_interfaces/include/airsim_interfaces/msg/detail/vel_cmd__rosidl_typesupport_fastrtps_c.h
[0.908s] -- Up-to-date: /home/cthornton/data/local/college/research/arl/code/sims/airsim/ros_ws/install/airsim_interfaces/include/airsim_interfaces/msg/rosidl_typesupport_fastrtps_c__visibility_control.h
[0.908s] -- Up-to-date: /home/cthornton/data/local/college/research/arl/code/sims/airsim/ros_ws/install/airsim_interfaces/include/airsim_interfaces/srv
[0.909s] -- Up-to-date: /home/cthornton/data/local/college/research/arl/code/sims/airsim/ros_ws/install/airsim_interfaces/include/airsim_interfaces/srv/detail
[0.909s] -- Up-to-date: /home/cthornton/data/local/college/research/arl/code/sims/airsim/ros_ws/install/airsim_interfaces/include/airsim_interfaces/srv/detail/land_group__rosidl_typesupport_fastrtps_c.h
[0.909s] -- Up-to-date: /home/cthornton/data/local/college/research/arl/code/sims/airsim/ros_ws/install/airsim_interfaces/include/airsim_interfaces/srv/detail/land__rosidl_typesupport_fastrtps_c.h
[0.909s] -- Up-to-date: /home/cthornton/data/local/college/research/arl/code/sims/airsim/ros_ws/install/airsim_interfaces/include/airsim_interfaces/srv/detail/reset__rosidl_typesupport_fastrtps_c.h
[0.909s] -- Up-to-date: /home/cthornton/data/local/college/research/arl/code/sims/airsim/ros_ws/install/airsim_interfaces/include/airsim_interfaces/srv/detail/set_gps_position__rosidl_typesupport_fastrtps_c.h
[0.909s] -- Up-to-date: /home/cthornton/data/local/college/research/arl/code/sims/airsim/ros_ws/install/airsim_interfaces/include/airsim_interfaces/srv/detail/set_local_position__rosidl_typesupport_fastrtps_c.h
[0.909s] -- Up-to-date: /home/cthornton/data/local/college/research/arl/code/sims/airsim/ros_ws/install/airsim_interfaces/include/airsim_interfaces/srv/detail/takeoff_group__rosidl_typesupport_fastrtps_c.h
[0.910s] -- Up-to-date: /home/cthornton/data/local/college/research/arl/code/sims/airsim/ros_ws/install/airsim_interfaces/include/airsim_interfaces/srv/detail/takeoff__rosidl_typesupport_fastrtps_c.h
[0.910s] -- Up-to-date: /home/cthornton/data/local/college/research/arl/code/sims/airsim/ros_ws/install/airsim_interfaces/lib/libairsim_interfaces__rosidl_typesupport_fastrtps_c.so
[0.910s] -- Up-to-date: /home/cthornton/data/local/college/research/arl/code/sims/airsim/ros_ws/install/airsim_interfaces/include/airsim_interfaces
[0.910s] -- Up-to-date: /home/cthornton/data/local/college/research/arl/code/sims/airsim/ros_ws/install/airsim_interfaces/include/airsim_interfaces/msg
[0.911s] -- Up-to-date: /home/cthornton/data/local/college/research/arl/code/sims/airsim/ros_ws/install/airsim_interfaces/include/airsim_interfaces/msg/detail
[0.911s] -- Up-to-date: /home/cthornton/data/local/college/research/arl/code/sims/airsim/ros_ws/install/airsim_interfaces/include/airsim_interfaces/msg/detail/altimeter__rosidl_typesupport_fastrtps_cpp.hpp
[0.911s] -- Up-to-date: /home/cthornton/data/local/college/research/arl/code/sims/airsim/ros_ws/install/airsim_interfaces/include/airsim_interfaces/msg/detail/car_controls__rosidl_typesupport_fastrtps_cpp.hpp
[0.911s] -- Up-to-date: /home/cthornton/data/local/college/research/arl/code/sims/airsim/ros_ws/install/airsim_interfaces/include/airsim_interfaces/msg/detail/car_state__rosidl_typesupport_fastrtps_cpp.hpp
[0.912s] -- Up-to-date: /home/cthornton/data/local/college/research/arl/code/sims/airsim/ros_ws/install/airsim_interfaces/include/airsim_interfaces/msg/detail/dds_fastrtps
[0.912s] -- Up-to-date: /home/cthornton/data/local/college/research/arl/code/sims/airsim/ros_ws/install/airsim_interfaces/include/airsim_interfaces/msg/detail/environment__rosidl_typesupport_fastrtps_cpp.hpp
[0.912s] -- Up-to-date: /home/cthornton/data/local/college/research/arl/code/sims/airsim/ros_ws/install/airsim_interfaces/include/airsim_interfaces/msg/detail/gimbal_angle_euler_cmd__rosidl_typesupport_fastrtps_cpp.hpp
[0.912s] -- Up-to-date: /home/cthornton/data/local/college/research/arl/code/sims/airsim/ros_ws/install/airsim_interfaces/include/airsim_interfaces/msg/detail/gimbal_angle_quat_cmd__rosidl_typesupport_fastrtps_cpp.hpp
[0.912s] -- Up-to-date: /home/cthornton/data/local/college/research/arl/code/sims/airsim/ros_ws/install/airsim_interfaces/include/airsim_interfaces/msg/detail/gps_yaw__rosidl_typesupport_fastrtps_cpp.hpp
[0.913s] -- Up-to-date: /home/cthornton/data/local/college/research/arl/code/sims/airsim/ros_ws/install/airsim_interfaces/include/airsim_interfaces/msg/detail/vel_cmd_group__rosidl_typesupport_fastrtps_cpp.hpp
[0.913s] -- Up-to-date: /home/cthornton/data/local/college/research/arl/code/sims/airsim/ros_ws/install/airsim_interfaces/include/airsim_interfaces/msg/detail/vel_cmd__rosidl_typesupport_fastrtps_cpp.hpp
[0.913s] -- Up-to-date: /home/cthornton/data/local/college/research/arl/code/sims/airsim/ros_ws/install/airsim_interfaces/include/airsim_interfaces/msg/rosidl_typesupport_fastrtps_cpp__visibility_control.h
[0.913s] -- Up-to-date: /home/cthornton/data/local/college/research/arl/code/sims/airsim/ros_ws/install/airsim_interfaces/include/airsim_interfaces/srv
[0.913s] -- Up-to-date: /home/cthornton/data/local/college/research/arl/code/sims/airsim/ros_ws/install/airsim_interfaces/include/airsim_interfaces/srv/detail
[0.913s] -- Up-to-date: /home/cthornton/data/local/college/research/arl/code/sims/airsim/ros_ws/install/airsim_interfaces/include/airsim_interfaces/srv/detail/dds_fastrtps
[0.914s] -- Up-to-date: /home/cthornton/data/local/college/research/arl/code/sims/airsim/ros_ws/install/airsim_interfaces/include/airsim_interfaces/srv/detail/land_group__rosidl_typesupport_fastrtps_cpp.hpp
[0.914s] -- Up-to-date: /home/cthornton/data/local/college/research/arl/code/sims/airsim/ros_ws/install/airsim_interfaces/include/airsim_interfaces/srv/detail/land__rosidl_typesupport_fastrtps_cpp.hpp
[0.914s] -- Up-to-date: /home/cthornton/data/local/college/research/arl/code/sims/airsim/ros_ws/install/airsim_interfaces/include/airsim_interfaces/srv/detail/reset__rosidl_typesupport_fastrtps_cpp.hpp
[0.914s] -- Up-to-date: /home/cthornton/data/local/college/research/arl/code/sims/airsim/ros_ws/install/airsim_interfaces/include/airsim_interfaces/srv/detail/set_gps_position__rosidl_typesupport_fastrtps_cpp.hpp
[0.914s] -- Up-to-date: /home/cthornton/data/local/college/research/arl/code/sims/airsim/ros_ws/install/airsim_interfaces/include/airsim_interfaces/srv/detail/set_local_position__rosidl_typesupport_fastrtps_cpp.hpp
[0.914s] -- Up-to-date: /home/cthornton/data/local/college/research/arl/code/sims/airsim/ros_ws/install/airsim_interfaces/include/airsim_interfaces/srv/detail/takeoff_group__rosidl_typesupport_fastrtps_cpp.hpp
[0.915s] -- Up-to-date: /home/cthornton/data/local/college/research/arl/code/sims/airsim/ros_ws/install/airsim_interfaces/include/airsim_interfaces/srv/detail/takeoff__rosidl_typesupport_fastrtps_cpp.hpp
[0.915s] -- Up-to-date: /home/cthornton/data/local/college/research/arl/code/sims/airsim/ros_ws/install/airsim_interfaces/lib/libairsim_interfaces__rosidl_typesupport_fastrtps_cpp.so
[0.915s] -- Up-to-date: /home/cthornton/data/local/college/research/arl/code/sims/airsim/ros_ws/install/airsim_interfaces/include/airsim_interfaces
[0.915s] -- Up-to-date: /home/cthornton/data/local/college/research/arl/code/sims/airsim/ros_ws/install/airsim_interfaces/include/airsim_interfaces/msg
[0.916s] -- Up-to-date: /home/cthornton/data/local/college/research/arl/code/sims/airsim/ros_ws/install/airsim_interfaces/include/airsim_interfaces/msg/detail
[0.916s] -- Up-to-date: /home/cthornton/data/local/college/research/arl/code/sims/airsim/ros_ws/install/airsim_interfaces/include/airsim_interfaces/msg/detail/altimeter__rosidl_typesupport_introspection_c.h
[0.916s] -- Up-to-date: /home/cthornton/data/local/college/research/arl/code/sims/airsim/ros_ws/install/airsim_interfaces/include/airsim_interfaces/msg/detail/altimeter__type_support.c
[0.916s] -- Up-to-date: /home/cthornton/data/local/college/research/arl/code/sims/airsim/ros_ws/install/airsim_interfaces/include/airsim_interfaces/msg/detail/car_controls__rosidl_typesupport_introspection_c.h
[0.916s] -- Up-to-date: /home/cthornton/data/local/college/research/arl/code/sims/airsim/ros_ws/install/airsim_interfaces/include/airsim_interfaces/msg/detail/car_controls__type_support.c
[0.916s] -- Up-to-date: /home/cthornton/data/local/college/research/arl/code/sims/airsim/ros_ws/install/airsim_interfaces/include/airsim_interfaces/msg/detail/car_state__rosidl_typesupport_introspection_c.h
[0.917s] -- Up-to-date: /home/cthornton/data/local/college/research/arl/code/sims/airsim/ros_ws/install/airsim_interfaces/include/airsim_interfaces/msg/detail/car_state__type_support.c
[0.917s] -- Up-to-date: /home/cthornton/data/local/college/research/arl/code/sims/airsim/ros_ws/install/airsim_interfaces/include/airsim_interfaces/msg/detail/environment__rosidl_typesupport_introspection_c.h
[0.917s] -- Up-to-date: /home/cthornton/data/local/college/research/arl/code/sims/airsim/ros_ws/install/airsim_interfaces/include/airsim_interfaces/msg/detail/environment__type_support.c
[0.917s] -- Up-to-date: /home/cthornton/data/local/college/research/arl/code/sims/airsim/ros_ws/install/airsim_interfaces/include/airsim_interfaces/msg/detail/gimbal_angle_euler_cmd__rosidl_typesupport_introspection_c.h
[0.917s] -- Up-to-date: /home/cthornton/data/local/college/research/arl/code/sims/airsim/ros_ws/install/airsim_interfaces/include/airsim_interfaces/msg/detail/gimbal_angle_euler_cmd__type_support.c
[0.918s] -- Up-to-date: /home/cthornton/data/local/college/research/arl/code/sims/airsim/ros_ws/install/airsim_interfaces/include/airsim_interfaces/msg/detail/gimbal_angle_quat_cmd__rosidl_typesupport_introspection_c.h
[0.918s] -- Up-to-date: /home/cthornton/data/local/college/research/arl/code/sims/airsim/ros_ws/install/airsim_interfaces/include/airsim_interfaces/msg/detail/gimbal_angle_quat_cmd__type_support.c
[0.918s] -- Up-to-date: /home/cthornton/data/local/college/research/arl/code/sims/airsim/ros_ws/install/airsim_interfaces/include/airsim_interfaces/msg/detail/gps_yaw__rosidl_typesupport_introspection_c.h
[0.918s] -- Up-to-date: /home/cthornton/data/local/college/research/arl/code/sims/airsim/ros_ws/install/airsim_interfaces/include/airsim_interfaces/msg/detail/gps_yaw__type_support.c
[0.918s] -- Up-to-date: /home/cthornton/data/local/college/research/arl/code/sims/airsim/ros_ws/install/airsim_interfaces/include/airsim_interfaces/msg/detail/vel_cmd_group__rosidl_typesupport_introspection_c.h
[0.919s] -- Up-to-date: /home/cthornton/data/local/college/research/arl/code/sims/airsim/ros_ws/install/airsim_interfaces/include/airsim_interfaces/msg/detail/vel_cmd_group__type_support.c
[0.919s] -- Up-to-date: /home/cthornton/data/local/college/research/arl/code/sims/airsim/ros_ws/install/airsim_interfaces/include/airsim_interfaces/msg/detail/vel_cmd__rosidl_typesupport_introspection_c.h
[0.919s] -- Up-to-date: /home/cthornton/data/local/college/research/arl/code/sims/airsim/ros_ws/install/airsim_interfaces/include/airsim_interfaces/msg/detail/vel_cmd__type_support.c
[0.919s] -- Up-to-date: /home/cthornton/data/local/college/research/arl/code/sims/airsim/ros_ws/install/airsim_interfaces/include/airsim_interfaces/msg/rosidl_typesupport_introspection_c__visibility_control.h
[0.919s] -- Up-to-date: /home/cthornton/data/local/college/research/arl/code/sims/airsim/ros_ws/install/airsim_interfaces/include/airsim_interfaces/srv
[0.919s] -- Up-to-date: /home/cthornton/data/local/college/research/arl/code/sims/airsim/ros_ws/install/airsim_interfaces/include/airsim_interfaces/srv/detail
[0.920s] -- Up-to-date: /home/cthornton/data/local/college/research/arl/code/sims/airsim/ros_ws/install/airsim_interfaces/include/airsim_interfaces/srv/detail/land_group__rosidl_typesupport_introspection_c.h
[0.920s] -- Up-to-date: /home/cthornton/data/local/college/research/arl/code/sims/airsim/ros_ws/install/airsim_interfaces/include/airsim_interfaces/srv/detail/land_group__type_support.c
[0.920s] -- Up-to-date: /home/cthornton/data/local/college/research/arl/code/sims/airsim/ros_ws/install/airsim_interfaces/include/airsim_interfaces/srv/detail/land__rosidl_typesupport_introspection_c.h
[0.920s] -- Up-to-date: /home/cthornton/data/local/college/research/arl/code/sims/airsim/ros_ws/install/airsim_interfaces/include/airsim_interfaces/srv/detail/land__type_support.c
[0.920s] -- Up-to-date: /home/cthornton/data/local/college/research/arl/code/sims/airsim/ros_ws/install/airsim_interfaces/include/airsim_interfaces/srv/detail/reset__rosidl_typesupport_introspection_c.h
[0.921s] -- Up-to-date: /home/cthornton/data/local/college/research/arl/code/sims/airsim/ros_ws/install/airsim_interfaces/include/airsim_interfaces/srv/detail/reset__type_support.c
[0.921s] -- Up-to-date: /home/cthornton/data/local/college/research/arl/code/sims/airsim/ros_ws/install/airsim_interfaces/include/airsim_interfaces/srv/detail/set_gps_position__rosidl_typesupport_introspection_c.h
[0.921s] -- Up-to-date: /home/cthornton/data/local/college/research/arl/code/sims/airsim/ros_ws/install/airsim_interfaces/include/airsim_interfaces/srv/detail/set_gps_position__type_support.c
[0.921s] -- Up-to-date: /home/cthornton/data/local/college/research/arl/code/sims/airsim/ros_ws/install/airsim_interfaces/include/airsim_interfaces/srv/detail/set_local_position__rosidl_typesupport_introspection_c.h
[0.921s] -- Up-to-date: /home/cthornton/data/local/college/research/arl/code/sims/airsim/ros_ws/install/airsim_interfaces/include/airsim_interfaces/srv/detail/set_local_position__type_support.c
[0.922s] -- Up-to-date: /home/cthornton/data/local/college/research/arl/code/sims/airsim/ros_ws/install/airsim_interfaces/include/airsim_interfaces/srv/detail/takeoff_group__rosidl_typesupport_introspection_c.h
[0.922s] -- Up-to-date: /home/cthornton/data/local/college/research/arl/code/sims/airsim/ros_ws/install/airsim_interfaces/include/airsim_interfaces/srv/detail/takeoff_group__type_support.c
[0.922s] -- Up-to-date: /home/cthornton/data/local/college/research/arl/code/sims/airsim/ros_ws/install/airsim_interfaces/include/airsim_interfaces/srv/detail/takeoff__rosidl_typesupport_introspection_c.h
[0.922s] -- Up-to-date: /home/cthornton/data/local/college/research/arl/code/sims/airsim/ros_ws/install/airsim_interfaces/include/airsim_interfaces/srv/detail/takeoff__type_support.c
[0.922s] -- Up-to-date: /home/cthornton/data/local/college/research/arl/code/sims/airsim/ros_ws/install/airsim_interfaces/lib/libairsim_interfaces__rosidl_typesupport_introspection_c.so
[0.923s] -- Up-to-date: /home/cthornton/data/local/college/research/arl/code/sims/airsim/ros_ws/install/airsim_interfaces/lib/libairsim_interfaces__rosidl_typesupport_c.so
[0.923s] -- Up-to-date: /home/cthornton/data/local/college/research/arl/code/sims/airsim/ros_ws/install/airsim_interfaces/include/airsim_interfaces
[0.923s] -- Up-to-date: /home/cthornton/data/local/college/research/arl/code/sims/airsim/ros_ws/install/airsim_interfaces/include/airsim_interfaces/msg
[0.923s] -- Up-to-date: /home/cthornton/data/local/college/research/arl/code/sims/airsim/ros_ws/install/airsim_interfaces/include/airsim_interfaces/msg/altimeter.hpp
[0.923s] -- Up-to-date: /home/cthornton/data/local/college/research/arl/code/sims/airsim/ros_ws/install/airsim_interfaces/include/airsim_interfaces/msg/car_controls.hpp
[0.923s] -- Up-to-date: /home/cthornton/data/local/college/research/arl/code/sims/airsim/ros_ws/install/airsim_interfaces/include/airsim_interfaces/msg/car_state.hpp
[0.924s] -- Up-to-date: /home/cthornton/data/local/college/research/arl/code/sims/airsim/ros_ws/install/airsim_interfaces/include/airsim_interfaces/msg/detail
[0.924s] -- Up-to-date: /home/cthornton/data/local/college/research/arl/code/sims/airsim/ros_ws/install/airsim_interfaces/include/airsim_interfaces/msg/detail/altimeter__builder.hpp
[0.924s] -- Up-to-date: /home/cthornton/data/local/college/research/arl/code/sims/airsim/ros_ws/install/airsim_interfaces/include/airsim_interfaces/msg/detail/altimeter__struct.hpp
[0.924s] -- Up-to-date: /home/cthornton/data/local/college/research/arl/code/sims/airsim/ros_ws/install/airsim_interfaces/include/airsim_interfaces/msg/detail/altimeter__traits.hpp
[0.924s] -- Up-to-date: /home/cthornton/data/local/college/research/arl/code/sims/airsim/ros_ws/install/airsim_interfaces/include/airsim_interfaces/msg/detail/car_controls__builder.hpp
[0.924s] -- Up-to-date: /home/cthornton/data/local/college/research/arl/code/sims/airsim/ros_ws/install/airsim_interfaces/include/airsim_interfaces/msg/detail/car_controls__struct.hpp
[0.925s] -- Up-to-date: /home/cthornton/data/local/college/research/arl/code/sims/airsim/ros_ws/install/airsim_interfaces/include/airsim_interfaces/msg/detail/car_controls__traits.hpp
[0.925s] -- Up-to-date: /home/cthornton/data/local/college/research/arl/code/sims/airsim/ros_ws/install/airsim_interfaces/include/airsim_interfaces/msg/detail/car_state__builder.hpp
[0.925s] -- Up-to-date: /home/cthornton/data/local/college/research/arl/code/sims/airsim/ros_ws/install/airsim_interfaces/include/airsim_interfaces/msg/detail/car_state__struct.hpp
[0.925s] -- Up-to-date: /home/cthornton/data/local/college/research/arl/code/sims/airsim/ros_ws/install/airsim_interfaces/include/airsim_interfaces/msg/detail/car_state__traits.hpp
[0.925s] -- Up-to-date: /home/cthornton/data/local/college/research/arl/code/sims/airsim/ros_ws/install/airsim_interfaces/include/airsim_interfaces/msg/detail/environment__builder.hpp
[0.925s] -- Up-to-date: /home/cthornton/data/local/college/research/arl/code/sims/airsim/ros_ws/install/airsim_interfaces/include/airsim_interfaces/msg/detail/environment__struct.hpp
[0.926s] -- Up-to-date: /home/cthornton/data/local/college/research/arl/code/sims/airsim/ros_ws/install/airsim_interfaces/include/airsim_interfaces/msg/detail/environment__traits.hpp
[0.926s] -- Up-to-date: /home/cthornton/data/local/college/research/arl/code/sims/airsim/ros_ws/install/airsim_interfaces/include/airsim_interfaces/msg/detail/gimbal_angle_euler_cmd__builder.hpp
[0.926s] -- Up-to-date: /home/cthornton/data/local/college/research/arl/code/sims/airsim/ros_ws/install/airsim_interfaces/include/airsim_interfaces/msg/detail/gimbal_angle_euler_cmd__struct.hpp
[0.926s] -- Up-to-date: /home/cthornton/data/local/college/research/arl/code/sims/airsim/ros_ws/install/airsim_interfaces/include/airsim_interfaces/msg/detail/gimbal_angle_euler_cmd__traits.hpp
[0.926s] -- Up-to-date: /home/cthornton/data/local/college/research/arl/code/sims/airsim/ros_ws/install/airsim_interfaces/include/airsim_interfaces/msg/detail/gimbal_angle_quat_cmd__builder.hpp
[0.926s] -- Up-to-date: /home/cthornton/data/local/college/research/arl/code/sims/airsim/ros_ws/install/airsim_interfaces/include/airsim_interfaces/msg/detail/gimbal_angle_quat_cmd__struct.hpp
[0.927s] -- Up-to-date: /home/cthornton/data/local/college/research/arl/code/sims/airsim/ros_ws/install/airsim_interfaces/include/airsim_interfaces/msg/detail/gimbal_angle_quat_cmd__traits.hpp
[0.927s] -- Up-to-date: /home/cthornton/data/local/college/research/arl/code/sims/airsim/ros_ws/install/airsim_interfaces/include/airsim_interfaces/msg/detail/gps_yaw__builder.hpp
[0.927s] -- Up-to-date: /home/cthornton/data/local/college/research/arl/code/sims/airsim/ros_ws/install/airsim_interfaces/include/airsim_interfaces/msg/detail/gps_yaw__struct.hpp
[0.927s] -- Up-to-date: /home/cthornton/data/local/college/research/arl/code/sims/airsim/ros_ws/install/airsim_interfaces/include/airsim_interfaces/msg/detail/gps_yaw__traits.hpp
[0.927s] -- Up-to-date: /home/cthornton/data/local/college/research/arl/code/sims/airsim/ros_ws/install/airsim_interfaces/include/airsim_interfaces/msg/detail/vel_cmd_group__builder.hpp
[0.927s] -- Up-to-date: /home/cthornton/data/local/college/research/arl/code/sims/airsim/ros_ws/install/airsim_interfaces/include/airsim_interfaces/msg/detail/vel_cmd_group__struct.hpp
[0.928s] -- Up-to-date: /home/cthornton/data/local/college/research/arl/code/sims/airsim/ros_ws/install/airsim_interfaces/include/airsim_interfaces/msg/detail/vel_cmd_group__traits.hpp
[0.928s] -- Up-to-date: /home/cthornton/data/local/college/research/arl/code/sims/airsim/ros_ws/install/airsim_interfaces/include/airsim_interfaces/msg/detail/vel_cmd__builder.hpp
[0.928s] -- Up-to-date: /home/cthornton/data/local/college/research/arl/code/sims/airsim/ros_ws/install/airsim_interfaces/include/airsim_interfaces/msg/detail/vel_cmd__struct.hpp
[0.928s] -- Up-to-date: /home/cthornton/data/local/college/research/arl/code/sims/airsim/ros_ws/install/airsim_interfaces/include/airsim_interfaces/msg/detail/vel_cmd__traits.hpp
[0.928s] -- Up-to-date: /home/cthornton/data/local/college/research/arl/code/sims/airsim/ros_ws/install/airsim_interfaces/include/airsim_interfaces/msg/environment.hpp
[0.928s] -- Up-to-date: /home/cthornton/data/local/college/research/arl/code/sims/airsim/ros_ws/install/airsim_interfaces/include/airsim_interfaces/msg/gimbal_angle_euler_cmd.hpp
[0.929s] -- Up-to-date: /home/cthornton/data/local/college/research/arl/code/sims/airsim/ros_ws/install/airsim_interfaces/include/airsim_interfaces/msg/gimbal_angle_quat_cmd.hpp
[0.929s] -- Up-to-date: /home/cthornton/data/local/college/research/arl/code/sims/airsim/ros_ws/install/airsim_interfaces/include/airsim_interfaces/msg/gps_yaw.hpp
[0.929s] -- Up-to-date: /home/cthornton/data/local/college/research/arl/code/sims/airsim/ros_ws/install/airsim_interfaces/include/airsim_interfaces/msg/vel_cmd.hpp
[0.929s] -- Up-to-date: /home/cthornton/data/local/college/research/arl/code/sims/airsim/ros_ws/install/airsim_interfaces/include/airsim_interfaces/msg/vel_cmd_group.hpp
[0.930s] -- Up-to-date: /home/cthornton/data/local/college/research/arl/code/sims/airsim/ros_ws/install/airsim_interfaces/include/airsim_interfaces/srv
[0.930s] -- Up-to-date: /home/cthornton/data/local/college/research/arl/code/sims/airsim/ros_ws/install/airsim_interfaces/include/airsim_interfaces/srv/detail
[0.930s] -- Up-to-date: /home/cthornton/data/local/college/research/arl/code/sims/airsim/ros_ws/install/airsim_interfaces/include/airsim_interfaces/srv/detail/land_group__builder.hpp
[0.930s] -- Up-to-date: /home/cthornton/data/local/college/research/arl/code/sims/airsim/ros_ws/install/airsim_interfaces/include/airsim_interfaces/srv/detail/land_group__struct.hpp
[0.930s] -- Up-to-date: /home/cthornton/data/local/college/research/arl/code/sims/airsim/ros_ws/install/airsim_interfaces/include/airsim_interfaces/srv/detail/land_group__traits.hpp
[0.931s] -- Up-to-date: /home/cthornton/data/local/college/research/arl/code/sims/airsim/ros_ws/install/airsim_interfaces/include/airsim_interfaces/srv/detail/land__builder.hpp
[0.931s] -- Up-to-date: /home/cthornton/data/local/college/research/arl/code/sims/airsim/ros_ws/install/airsim_interfaces/include/airsim_interfaces/srv/detail/land__struct.hpp
[0.931s] -- Up-to-date: /home/cthornton/data/local/college/research/arl/code/sims/airsim/ros_ws/install/airsim_interfaces/include/airsim_interfaces/srv/detail/land__traits.hpp
[0.931s] -- Up-to-date: /home/cthornton/data/local/college/research/arl/code/sims/airsim/ros_ws/install/airsim_interfaces/include/airsim_interfaces/srv/detail/reset__builder.hpp
[0.931s] -- Up-to-date: /home/cthornton/data/local/college/research/arl/code/sims/airsim/ros_ws/install/airsim_interfaces/include/airsim_interfaces/srv/detail/reset__struct.hpp
[0.932s] -- Up-to-date: /home/cthornton/data/local/college/research/arl/code/sims/airsim/ros_ws/install/airsim_interfaces/include/airsim_interfaces/srv/detail/reset__traits.hpp
[0.932s] -- Up-to-date: /home/cthornton/data/local/college/research/arl/code/sims/airsim/ros_ws/install/airsim_interfaces/include/airsim_interfaces/srv/detail/set_gps_position__builder.hpp
[0.932s] -- Up-to-date: /home/cthornton/data/local/college/research/arl/code/sims/airsim/ros_ws/install/airsim_interfaces/include/airsim_interfaces/srv/detail/set_gps_position__struct.hpp
[0.932s] -- Up-to-date: /home/cthornton/data/local/college/research/arl/code/sims/airsim/ros_ws/install/airsim_interfaces/include/airsim_interfaces/srv/detail/set_gps_position__traits.hpp
[0.933s] -- Up-to-date: /home/cthornton/data/local/college/research/arl/code/sims/airsim/ros_ws/install/airsim_interfaces/include/airsim_interfaces/srv/detail/set_local_position__builder.hpp
[0.933s] -- Up-to-date: /home/cthornton/data/local/college/research/arl/code/sims/airsim/ros_ws/install/airsim_interfaces/include/airsim_interfaces/srv/detail/set_local_position__struct.hpp
[0.933s] -- Up-to-date: /home/cthornton/data/local/college/research/arl/code/sims/airsim/ros_ws/install/airsim_interfaces/include/airsim_interfaces/srv/detail/set_local_position__traits.hpp
[0.933s] -- Up-to-date: /home/cthornton/data/local/college/research/arl/code/sims/airsim/ros_ws/install/airsim_interfaces/include/airsim_interfaces/srv/detail/takeoff_group__builder.hpp
[0.933s] -- Up-to-date: /home/cthornton/data/local/college/research/arl/code/sims/airsim/ros_ws/install/airsim_interfaces/include/airsim_interfaces/srv/detail/takeoff_group__struct.hpp
[0.933s] -- Up-to-date: /home/cthornton/data/local/college/research/arl/code/sims/airsim/ros_ws/install/airsim_interfaces/include/airsim_interfaces/srv/detail/takeoff_group__traits.hpp
[0.934s] -- Up-to-date: /home/cthornton/data/local/college/research/arl/code/sims/airsim/ros_ws/install/airsim_interfaces/include/airsim_interfaces/srv/detail/takeoff__builder.hpp
[0.934s] -- Up-to-date: /home/cthornton/data/local/college/research/arl/code/sims/airsim/ros_ws/install/airsim_interfaces/include/airsim_interfaces/srv/detail/takeoff__struct.hpp
[0.934s] -- Up-to-date: /home/cthornton/data/local/college/research/arl/code/sims/airsim/ros_ws/install/airsim_interfaces/include/airsim_interfaces/srv/detail/takeoff__traits.hpp
[0.934s] -- Up-to-date: /home/cthornton/data/local/college/research/arl/code/sims/airsim/ros_ws/install/airsim_interfaces/include/airsim_interfaces/srv/land.hpp
[0.934s] -- Up-to-date: /home/cthornton/data/local/college/research/arl/code/sims/airsim/ros_ws/install/airsim_interfaces/include/airsim_interfaces/srv/land_group.hpp
[0.935s] -- Up-to-date: /home/cthornton/data/local/college/research/arl/code/sims/airsim/ros_ws/install/airsim_interfaces/include/airsim_interfaces/srv/reset.hpp
[0.935s] -- Up-to-date: /home/cthornton/data/local/college/research/arl/code/sims/airsim/ros_ws/install/airsim_interfaces/include/airsim_interfaces/srv/set_gps_position.hpp
[0.935s] -- Up-to-date: /home/cthornton/data/local/college/research/arl/code/sims/airsim/ros_ws/install/airsim_interfaces/include/airsim_interfaces/srv/set_local_position.hpp
[0.935s] -- Up-to-date: /home/cthornton/data/local/college/research/arl/code/sims/airsim/ros_ws/install/airsim_interfaces/include/airsim_interfaces/srv/takeoff.hpp
[0.935s] -- Up-to-date: /home/cthornton/data/local/college/research/arl/code/sims/airsim/ros_ws/install/airsim_interfaces/include/airsim_interfaces/srv/takeoff_group.hpp
[0.936s] -- Up-to-date: /home/cthornton/data/local/college/research/arl/code/sims/airsim/ros_ws/install/airsim_interfaces/include/airsim_interfaces
[0.936s] -- Up-to-date: /home/cthornton/data/local/college/research/arl/code/sims/airsim/ros_ws/install/airsim_interfaces/include/airsim_interfaces/msg
[0.936s] -- Up-to-date: /home/cthornton/data/local/college/research/arl/code/sims/airsim/ros_ws/install/airsim_interfaces/include/airsim_interfaces/msg/detail
[0.936s] -- Up-to-date: /home/cthornton/data/local/college/research/arl/code/sims/airsim/ros_ws/install/airsim_interfaces/include/airsim_interfaces/msg/detail/altimeter__rosidl_typesupport_introspection_cpp.hpp
[0.936s] -- Up-to-date: /home/cthornton/data/local/college/research/arl/code/sims/airsim/ros_ws/install/airsim_interfaces/include/airsim_interfaces/msg/detail/altimeter__type_support.cpp
[0.937s] -- Up-to-date: /home/cthornton/data/local/college/research/arl/code/sims/airsim/ros_ws/install/airsim_interfaces/include/airsim_interfaces/msg/detail/car_controls__rosidl_typesupport_introspection_cpp.hpp
[0.937s] -- Up-to-date: /home/cthornton/data/local/college/research/arl/code/sims/airsim/ros_ws/install/airsim_interfaces/include/airsim_interfaces/msg/detail/car_controls__type_support.cpp
[0.937s] -- Up-to-date: /home/cthornton/data/local/college/research/arl/code/sims/airsim/ros_ws/install/airsim_interfaces/include/airsim_interfaces/msg/detail/car_state__rosidl_typesupport_introspection_cpp.hpp
[0.937s] -- Up-to-date: /home/cthornton/data/local/college/research/arl/code/sims/airsim/ros_ws/install/airsim_interfaces/include/airsim_interfaces/msg/detail/car_state__type_support.cpp
[0.938s] -- Up-to-date: /home/cthornton/data/local/college/research/arl/code/sims/airsim/ros_ws/install/airsim_interfaces/include/airsim_interfaces/msg/detail/environment__rosidl_typesupport_introspection_cpp.hpp
[0.938s] -- Up-to-date: /home/cthornton/data/local/college/research/arl/code/sims/airsim/ros_ws/install/airsim_interfaces/include/airsim_interfaces/msg/detail/environment__type_support.cpp
[0.938s] -- Up-to-date: /home/cthornton/data/local/college/research/arl/code/sims/airsim/ros_ws/install/airsim_interfaces/include/airsim_interfaces/msg/detail/gimbal_angle_euler_cmd__rosidl_typesupport_introspection_cpp.hpp
[0.938s] -- Up-to-date: /home/cthornton/data/local/college/research/arl/code/sims/airsim/ros_ws/install/airsim_interfaces/include/airsim_interfaces/msg/detail/gimbal_angle_euler_cmd__type_support.cpp
[0.938s] -- Up-to-date: /home/cthornton/data/local/college/research/arl/code/sims/airsim/ros_ws/install/airsim_interfaces/include/airsim_interfaces/msg/detail/gimbal_angle_quat_cmd__rosidl_typesupport_introspection_cpp.hpp
[0.939s] -- Up-to-date: /home/cthornton/data/local/college/research/arl/code/sims/airsim/ros_ws/install/airsim_interfaces/include/airsim_interfaces/msg/detail/gimbal_angle_quat_cmd__type_support.cpp
[0.939s] -- Up-to-date: /home/cthornton/data/local/college/research/arl/code/sims/airsim/ros_ws/install/airsim_interfaces/include/airsim_interfaces/msg/detail/gps_yaw__rosidl_typesupport_introspection_cpp.hpp
[0.939s] -- Up-to-date: /home/cthornton/data/local/college/research/arl/code/sims/airsim/ros_ws/install/airsim_interfaces/include/airsim_interfaces/msg/detail/gps_yaw__type_support.cpp
[0.939s] -- Up-to-date: /home/cthornton/data/local/college/research/arl/code/sims/airsim/ros_ws/install/airsim_interfaces/include/airsim_interfaces/msg/detail/vel_cmd_group__rosidl_typesupport_introspection_cpp.hpp
[0.939s] -- Up-to-date: /home/cthornton/data/local/college/research/arl/code/sims/airsim/ros_ws/install/airsim_interfaces/include/airsim_interfaces/msg/detail/vel_cmd_group__type_support.cpp
[0.940s] -- Up-to-date: /home/cthornton/data/local/college/research/arl/code/sims/airsim/ros_ws/install/airsim_interfaces/include/airsim_interfaces/msg/detail/vel_cmd__rosidl_typesupport_introspection_cpp.hpp
[0.940s] -- Up-to-date: /home/cthornton/data/local/college/research/arl/code/sims/airsim/ros_ws/install/airsim_interfaces/include/airsim_interfaces/msg/detail/vel_cmd__type_support.cpp
[0.940s] -- Up-to-date: /home/cthornton/data/local/college/research/arl/code/sims/airsim/ros_ws/install/airsim_interfaces/include/airsim_interfaces/srv
[0.940s] -- Up-to-date: /home/cthornton/data/local/college/research/arl/code/sims/airsim/ros_ws/install/airsim_interfaces/include/airsim_interfaces/srv/detail
[0.940s] -- Up-to-date: /home/cthornton/data/local/college/research/arl/code/sims/airsim/ros_ws/install/airsim_interfaces/include/airsim_interfaces/srv/detail/land_group__rosidl_typesupport_introspection_cpp.hpp
[0.941s] -- Up-to-date: /home/cthornton/data/local/college/research/arl/code/sims/airsim/ros_ws/install/airsim_interfaces/include/airsim_interfaces/srv/detail/land_group__type_support.cpp
[0.941s] -- Up-to-date: /home/cthornton/data/local/college/research/arl/code/sims/airsim/ros_ws/install/airsim_interfaces/include/airsim_interfaces/srv/detail/land__rosidl_typesupport_introspection_cpp.hpp
[0.941s] -- Up-to-date: /home/cthornton/data/local/college/research/arl/code/sims/airsim/ros_ws/install/airsim_interfaces/include/airsim_interfaces/srv/detail/land__type_support.cpp
[0.941s] -- Up-to-date: /home/cthornton/data/local/college/research/arl/code/sims/airsim/ros_ws/install/airsim_interfaces/include/airsim_interfaces/srv/detail/reset__rosidl_typesupport_introspection_cpp.hpp
[0.941s] -- Up-to-date: /home/cthornton/data/local/college/research/arl/code/sims/airsim/ros_ws/install/airsim_interfaces/include/airsim_interfaces/srv/detail/reset__type_support.cpp
[0.942s] -- Up-to-date: /home/cthornton/data/local/college/research/arl/code/sims/airsim/ros_ws/install/airsim_interfaces/include/airsim_interfaces/srv/detail/set_gps_position__rosidl_typesupport_introspection_cpp.hpp
[0.942s] -- Up-to-date: /home/cthornton/data/local/college/research/arl/code/sims/airsim/ros_ws/install/airsim_interfaces/include/airsim_interfaces/srv/detail/set_gps_position__type_support.cpp
[0.942s] -- Up-to-date: /home/cthornton/data/local/college/research/arl/code/sims/airsim/ros_ws/install/airsim_interfaces/include/airsim_interfaces/srv/detail/set_local_position__rosidl_typesupport_introspection_cpp.hpp
[0.942s] -- Up-to-date: /home/cthornton/data/local/college/research/arl/code/sims/airsim/ros_ws/install/airsim_interfaces/include/airsim_interfaces/srv/detail/set_local_position__type_support.cpp
[0.942s] -- Up-to-date: /home/cthornton/data/local/college/research/arl/code/sims/airsim/ros_ws/install/airsim_interfaces/include/airsim_interfaces/srv/detail/takeoff_group__rosidl_typesupport_introspection_cpp.hpp
[0.942s] -- Up-to-date: /home/cthornton/data/local/college/research/arl/code/sims/airsim/ros_ws/install/airsim_interfaces/include/airsim_interfaces/srv/detail/takeoff_group__type_support.cpp
[0.943s] -- Up-to-date: /home/cthornton/data/local/college/research/arl/code/sims/airsim/ros_ws/install/airsim_interfaces/include/airsim_interfaces/srv/detail/takeoff__rosidl_typesupport_introspection_cpp.hpp
[0.943s] -- Up-to-date: /home/cthornton/data/local/college/research/arl/code/sims/airsim/ros_ws/install/airsim_interfaces/include/airsim_interfaces/srv/detail/takeoff__type_support.cpp
[0.943s] -- Up-to-date: /home/cthornton/data/local/college/research/arl/code/sims/airsim/ros_ws/install/airsim_interfaces/lib/libairsim_interfaces__rosidl_typesupport_introspection_cpp.so
[0.943s] -- Up-to-date: /home/cthornton/data/local/college/research/arl/code/sims/airsim/ros_ws/install/airsim_interfaces/lib/libairsim_interfaces__rosidl_typesupport_cpp.so
[0.943s] -- Up-to-date: /home/cthornton/data/local/college/research/arl/code/sims/airsim/ros_ws/install/airsim_interfaces/share/airsim_interfaces/environment/pythonpath.sh
[0.943s] -- Up-to-date: /home/cthornton/data/local/college/research/arl/code/sims/airsim/ros_ws/install/airsim_interfaces/share/airsim_interfaces/environment/pythonpath.dsv
[0.944s] -- Up-to-date: /home/cthornton/data/local/college/research/arl/code/sims/airsim/ros_ws/install/airsim_interfaces/lib/python3.8/site-packages/airsim_interfaces/__init__.py
[0.976s] -- Up-to-date: /home/cthornton/data/local/college/research/arl/code/sims/airsim/ros_ws/install/airsim_interfaces/lib/python3.8/site-packages/airsim_interfaces/msg
[0.977s] -- Up-to-date: /home/cthornton/data/local/college/research/arl/code/sims/airsim/ros_ws/install/airsim_interfaces/lib/python3.8/site-packages/airsim_interfaces/msg/_altimeter.py
[0.977s] -- Up-to-date: /home/cthornton/data/local/college/research/arl/code/sims/airsim/ros_ws/install/airsim_interfaces/lib/python3.8/site-packages/airsim_interfaces/msg/_altimeter_s.c
[0.977s] -- Up-to-date: /home/cthornton/data/local/college/research/arl/code/sims/airsim/ros_ws/install/airsim_interfaces/lib/python3.8/site-packages/airsim_interfaces/msg/_car_controls.py
[0.977s] -- Up-to-date: /home/cthornton/data/local/college/research/arl/code/sims/airsim/ros_ws/install/airsim_interfaces/lib/python3.8/site-packages/airsim_interfaces/msg/_car_controls_s.c
[0.977s] -- Up-to-date: /home/cthornton/data/local/college/research/arl/code/sims/airsim/ros_ws/install/airsim_interfaces/lib/python3.8/site-packages/airsim_interfaces/msg/_car_state.py
[0.977s] -- Up-to-date: /home/cthornton/data/local/college/research/arl/code/sims/airsim/ros_ws/install/airsim_interfaces/lib/python3.8/site-packages/airsim_interfaces/msg/_car_state_s.c
[0.978s] -- Up-to-date: /home/cthornton/data/local/college/research/arl/code/sims/airsim/ros_ws/install/airsim_interfaces/lib/python3.8/site-packages/airsim_interfaces/msg/_environment.py
[0.978s] -- Up-to-date: /home/cthornton/data/local/college/research/arl/code/sims/airsim/ros_ws/install/airsim_interfaces/lib/python3.8/site-packages/airsim_interfaces/msg/_environment_s.c
[0.978s] -- Up-to-date: /home/cthornton/data/local/college/research/arl/code/sims/airsim/ros_ws/install/airsim_interfaces/lib/python3.8/site-packages/airsim_interfaces/msg/_gimbal_angle_euler_cmd.py
[0.978s] -- Up-to-date: /home/cthornton/data/local/college/research/arl/code/sims/airsim/ros_ws/install/airsim_interfaces/lib/python3.8/site-packages/airsim_interfaces/msg/_gimbal_angle_euler_cmd_s.c
[0.979s] -- Up-to-date: /home/cthornton/data/local/college/research/arl/code/sims/airsim/ros_ws/install/airsim_interfaces/lib/python3.8/site-packages/airsim_interfaces/msg/_gimbal_angle_quat_cmd.py
[0.979s] -- Up-to-date: /home/cthornton/data/local/college/research/arl/code/sims/airsim/ros_ws/install/airsim_interfaces/lib/python3.8/site-packages/airsim_interfaces/msg/_gimbal_angle_quat_cmd_s.c
[0.979s] -- Up-to-date: /home/cthornton/data/local/college/research/arl/code/sims/airsim/ros_ws/install/airsim_interfaces/lib/python3.8/site-packages/airsim_interfaces/msg/_gps_yaw.py
[0.979s] -- Up-to-date: /home/cthornton/data/local/college/research/arl/code/sims/airsim/ros_ws/install/airsim_interfaces/lib/python3.8/site-packages/airsim_interfaces/msg/_gps_yaw_s.c
[0.979s] -- Up-to-date: /home/cthornton/data/local/college/research/arl/code/sims/airsim/ros_ws/install/airsim_interfaces/lib/python3.8/site-packages/airsim_interfaces/msg/_vel_cmd.py
[0.980s] -- Up-to-date: /home/cthornton/data/local/college/research/arl/code/sims/airsim/ros_ws/install/airsim_interfaces/lib/python3.8/site-packages/airsim_interfaces/msg/_vel_cmd_group.py
[0.980s] -- Up-to-date: /home/cthornton/data/local/college/research/arl/code/sims/airsim/ros_ws/install/airsim_interfaces/lib/python3.8/site-packages/airsim_interfaces/msg/_vel_cmd_group_s.c
[0.980s] -- Up-to-date: /home/cthornton/data/local/college/research/arl/code/sims/airsim/ros_ws/install/airsim_interfaces/lib/python3.8/site-packages/airsim_interfaces/msg/_vel_cmd_s.c
[0.980s] -- Up-to-date: /home/cthornton/data/local/college/research/arl/code/sims/airsim/ros_ws/install/airsim_interfaces/lib/python3.8/site-packages/airsim_interfaces/msg/__init__.py
[0.980s] -- Up-to-date: /home/cthornton/data/local/college/research/arl/code/sims/airsim/ros_ws/install/airsim_interfaces/lib/python3.8/site-packages/airsim_interfaces/srv
[0.981s] -- Up-to-date: /home/cthornton/data/local/college/research/arl/code/sims/airsim/ros_ws/install/airsim_interfaces/lib/python3.8/site-packages/airsim_interfaces/srv/_land.py
[0.981s] -- Up-to-date: /home/cthornton/data/local/college/research/arl/code/sims/airsim/ros_ws/install/airsim_interfaces/lib/python3.8/site-packages/airsim_interfaces/srv/_land_group.py
[0.981s] -- Up-to-date: /home/cthornton/data/local/college/research/arl/code/sims/airsim/ros_ws/install/airsim_interfaces/lib/python3.8/site-packages/airsim_interfaces/srv/_land_group_s.c
[0.981s] -- Up-to-date: /home/cthornton/data/local/college/research/arl/code/sims/airsim/ros_ws/install/airsim_interfaces/lib/python3.8/site-packages/airsim_interfaces/srv/_land_s.c
[0.981s] -- Up-to-date: /home/cthornton/data/local/college/research/arl/code/sims/airsim/ros_ws/install/airsim_interfaces/lib/python3.8/site-packages/airsim_interfaces/srv/_reset.py
[0.981s] -- Up-to-date: /home/cthornton/data/local/college/research/arl/code/sims/airsim/ros_ws/install/airsim_interfaces/lib/python3.8/site-packages/airsim_interfaces/srv/_reset_s.c
[0.982s] -- Up-to-date: /home/cthornton/data/local/college/research/arl/code/sims/airsim/ros_ws/install/airsim_interfaces/lib/python3.8/site-packages/airsim_interfaces/srv/_set_gps_position.py
[0.982s] -- Up-to-date: /home/cthornton/data/local/college/research/arl/code/sims/airsim/ros_ws/install/airsim_interfaces/lib/python3.8/site-packages/airsim_interfaces/srv/_set_gps_position_s.c
[0.982s] -- Up-to-date: /home/cthornton/data/local/college/research/arl/code/sims/airsim/ros_ws/install/airsim_interfaces/lib/python3.8/site-packages/airsim_interfaces/srv/_set_local_position.py
[0.982s] -- Up-to-date: /home/cthornton/data/local/college/research/arl/code/sims/airsim/ros_ws/install/airsim_interfaces/lib/python3.8/site-packages/airsim_interfaces/srv/_set_local_position_s.c
[0.982s] -- Up-to-date: /home/cthornton/data/local/college/research/arl/code/sims/airsim/ros_ws/install/airsim_interfaces/lib/python3.8/site-packages/airsim_interfaces/srv/_takeoff.py
[0.983s] -- Up-to-date: /home/cthornton/data/local/college/research/arl/code/sims/airsim/ros_ws/install/airsim_interfaces/lib/python3.8/site-packages/airsim_interfaces/srv/_takeoff_group.py
[0.983s] -- Up-to-date: /home/cthornton/data/local/college/research/arl/code/sims/airsim/ros_ws/install/airsim_interfaces/lib/python3.8/site-packages/airsim_interfaces/srv/_takeoff_group_s.c
[0.983s] -- Up-to-date: /home/cthornton/data/local/college/research/arl/code/sims/airsim/ros_ws/install/airsim_interfaces/lib/python3.8/site-packages/airsim_interfaces/srv/_takeoff_s.c
[0.983s] -- Up-to-date: /home/cthornton/data/local/college/research/arl/code/sims/airsim/ros_ws/install/airsim_interfaces/lib/python3.8/site-packages/airsim_interfaces/srv/__init__.py
[0.983s] -- Up-to-date: /home/cthornton/data/local/college/research/arl/code/sims/airsim/ros_ws/install/airsim_interfaces/lib/python3.8/site-packages/airsim_interfaces/airsim_interfaces_s__rosidl_typesupport_fastrtps_c.cpython-38-x86_64-linux-gnu.so
[0.983s] -- Up-to-date: /home/cthornton/data/local/college/research/arl/code/sims/airsim/ros_ws/install/airsim_interfaces/lib/python3.8/site-packages/airsim_interfaces/airsim_interfaces_s__rosidl_typesupport_introspection_c.cpython-38-x86_64-linux-gnu.so
[0.984s] -- Up-to-date: /home/cthornton/data/local/college/research/arl/code/sims/airsim/ros_ws/install/airsim_interfaces/lib/python3.8/site-packages/airsim_interfaces/airsim_interfaces_s__rosidl_typesupport_c.cpython-38-x86_64-linux-gnu.so
[0.985s] -- Up-to-date: /home/cthornton/data/local/college/research/arl/code/sims/airsim/ros_ws/install/airsim_interfaces/lib/libairsim_interfaces__python.so
[0.986s] -- Up-to-date: /home/cthornton/data/local/college/research/arl/code/sims/airsim/ros_ws/install/airsim_interfaces/share/airsim_interfaces/msg/GimbalAngleEulerCmd.idl
[0.986s] -- Up-to-date: /home/cthornton/data/local/college/research/arl/code/sims/airsim/ros_ws/install/airsim_interfaces/share/airsim_interfaces/msg/GimbalAngleQuatCmd.idl
[0.986s] -- Up-to-date: /home/cthornton/data/local/college/research/arl/code/sims/airsim/ros_ws/install/airsim_interfaces/share/airsim_interfaces/msg/GPSYaw.idl
[0.987s] -- Up-to-date: /home/cthornton/data/local/college/research/arl/code/sims/airsim/ros_ws/install/airsim_interfaces/share/airsim_interfaces/msg/VelCmd.idl
[0.987s] -- Up-to-date: /home/cthornton/data/local/college/research/arl/code/sims/airsim/ros_ws/install/airsim_interfaces/share/airsim_interfaces/msg/VelCmdGroup.idl
[0.987s] -- Up-to-date: /home/cthornton/data/local/college/research/arl/code/sims/airsim/ros_ws/install/airsim_interfaces/share/airsim_interfaces/msg/CarControls.idl
[0.987s] -- Up-to-date: /home/cthornton/data/local/college/research/arl/code/sims/airsim/ros_ws/install/airsim_interfaces/share/airsim_interfaces/msg/CarState.idl
[0.988s] -- Up-to-date: /home/cthornton/data/local/college/research/arl/code/sims/airsim/ros_ws/install/airsim_interfaces/share/airsim_interfaces/msg/Altimeter.idl
[0.988s] -- Up-to-date: /home/cthornton/data/local/college/research/arl/code/sims/airsim/ros_ws/install/airsim_interfaces/share/airsim_interfaces/msg/Environment.idl
[0.988s] -- Up-to-date: /home/cthornton/data/local/college/research/arl/code/sims/airsim/ros_ws/install/airsim_interfaces/share/airsim_interfaces/srv/SetGPSPosition.idl
[0.988s] -- Up-to-date: /home/cthornton/data/local/college/research/arl/code/sims/airsim/ros_ws/install/airsim_interfaces/share/airsim_interfaces/srv/Takeoff.idl
[0.989s] -- Up-to-date: /home/cthornton/data/local/college/research/arl/code/sims/airsim/ros_ws/install/airsim_interfaces/share/airsim_interfaces/srv/TakeoffGroup.idl
[0.989s] -- Up-to-date: /home/cthornton/data/local/college/research/arl/code/sims/airsim/ros_ws/install/airsim_interfaces/share/airsim_interfaces/srv/Land.idl
[0.989s] -- Up-to-date: /home/cthornton/data/local/college/research/arl/code/sims/airsim/ros_ws/install/airsim_interfaces/share/airsim_interfaces/srv/LandGroup.idl
[0.989s] -- Up-to-date: /home/cthornton/data/local/college/research/arl/code/sims/airsim/ros_ws/install/airsim_interfaces/share/airsim_interfaces/srv/Reset.idl
[0.990s] -- Up-to-date: /home/cthornton/data/local/college/research/arl/code/sims/airsim/ros_ws/install/airsim_interfaces/share/airsim_interfaces/srv/SetLocalPosition.idl
[0.990s] -- Up-to-date: /home/cthornton/data/local/college/research/arl/code/sims/airsim/ros_ws/install/airsim_interfaces/share/airsim_interfaces/msg/GimbalAngleEulerCmd.msg
[0.990s] -- Up-to-date: /home/cthornton/data/local/college/research/arl/code/sims/airsim/ros_ws/install/airsim_interfaces/share/airsim_interfaces/msg/GimbalAngleQuatCmd.msg
[0.990s] -- Up-to-date: /home/cthornton/data/local/college/research/arl/code/sims/airsim/ros_ws/install/airsim_interfaces/share/airsim_interfaces/msg/GPSYaw.msg
[0.991s] -- Up-to-date: /home/cthornton/data/local/college/research/arl/code/sims/airsim/ros_ws/install/airsim_interfaces/share/airsim_interfaces/msg/VelCmd.msg
[0.991s] -- Up-to-date: /home/cthornton/data/local/college/research/arl/code/sims/airsim/ros_ws/install/airsim_interfaces/share/airsim_interfaces/msg/VelCmdGroup.msg
[0.991s] -- Up-to-date: /home/cthornton/data/local/college/research/arl/code/sims/airsim/ros_ws/install/airsim_interfaces/share/airsim_interfaces/msg/CarControls.msg
[0.991s] -- Up-to-date: /home/cthornton/data/local/college/research/arl/code/sims/airsim/ros_ws/install/airsim_interfaces/share/airsim_interfaces/msg/CarState.msg
[0.992s] -- Up-to-date: /home/cthornton/data/local/college/research/arl/code/sims/airsim/ros_ws/install/airsim_interfaces/share/airsim_interfaces/msg/Altimeter.msg
[0.992s] -- Up-to-date: /home/cthornton/data/local/college/research/arl/code/sims/airsim/ros_ws/install/airsim_interfaces/share/airsim_interfaces/msg/Environment.msg
[0.992s] -- Up-to-date: /home/cthornton/data/local/college/research/arl/code/sims/airsim/ros_ws/install/airsim_interfaces/share/airsim_interfaces/srv/SetGPSPosition.srv
[0.992s] -- Up-to-date: /home/cthornton/data/local/college/research/arl/code/sims/airsim/ros_ws/install/airsim_interfaces/share/airsim_interfaces/srv/SetGPSPosition_Request.msg
[0.993s] -- Up-to-date: /home/cthornton/data/local/college/research/arl/code/sims/airsim/ros_ws/install/airsim_interfaces/share/airsim_interfaces/srv/SetGPSPosition_Response.msg
[0.993s] -- Up-to-date: /home/cthornton/data/local/college/research/arl/code/sims/airsim/ros_ws/install/airsim_interfaces/share/airsim_interfaces/srv/Takeoff.srv
[0.993s] -- Up-to-date: /home/cthornton/data/local/college/research/arl/code/sims/airsim/ros_ws/install/airsim_interfaces/share/airsim_interfaces/srv/Takeoff_Request.msg
[0.993s] -- Up-to-date: /home/cthornton/data/local/college/research/arl/code/sims/airsim/ros_ws/install/airsim_interfaces/share/airsim_interfaces/srv/Takeoff_Response.msg
[0.994s] -- Up-to-date: /home/cthornton/data/local/college/research/arl/code/sims/airsim/ros_ws/install/airsim_interfaces/share/airsim_interfaces/srv/TakeoffGroup.srv
[0.994s] -- Up-to-date: /home/cthornton/data/local/college/research/arl/code/sims/airsim/ros_ws/install/airsim_interfaces/share/airsim_interfaces/srv/TakeoffGroup_Request.msg
[0.994s] -- Up-to-date: /home/cthornton/data/local/college/research/arl/code/sims/airsim/ros_ws/install/airsim_interfaces/share/airsim_interfaces/srv/TakeoffGroup_Response.msg
[0.994s] -- Up-to-date: /home/cthornton/data/local/college/research/arl/code/sims/airsim/ros_ws/install/airsim_interfaces/share/airsim_interfaces/srv/Land.srv
[0.995s] -- Up-to-date: /home/cthornton/data/local/college/research/arl/code/sims/airsim/ros_ws/install/airsim_interfaces/share/airsim_interfaces/srv/Land_Request.msg
[0.995s] -- Up-to-date: /home/cthornton/data/local/college/research/arl/code/sims/airsim/ros_ws/install/airsim_interfaces/share/airsim_interfaces/srv/Land_Response.msg
[0.995s] -- Up-to-date: /home/cthornton/data/local/college/research/arl/code/sims/airsim/ros_ws/install/airsim_interfaces/share/airsim_interfaces/srv/LandGroup.srv
[0.995s] -- Up-to-date: /home/cthornton/data/local/college/research/arl/code/sims/airsim/ros_ws/install/airsim_interfaces/share/airsim_interfaces/srv/LandGroup_Request.msg
[0.996s] -- Up-to-date: /home/cthornton/data/local/college/research/arl/code/sims/airsim/ros_ws/install/airsim_interfaces/share/airsim_interfaces/srv/LandGroup_Response.msg
[0.996s] -- Up-to-date: /home/cthornton/data/local/college/research/arl/code/sims/airsim/ros_ws/install/airsim_interfaces/share/airsim_interfaces/srv/Reset.srv
[0.996s] -- Up-to-date: /home/cthornton/data/local/college/research/arl/code/sims/airsim/ros_ws/install/airsim_interfaces/share/airsim_interfaces/srv/Reset_Request.msg
[0.997s] -- Up-to-date: /home/cthornton/data/local/college/research/arl/code/sims/airsim/ros_ws/install/airsim_interfaces/share/airsim_interfaces/srv/Reset_Response.msg
[0.997s] -- Up-to-date: /home/cthornton/data/local/college/research/arl/code/sims/airsim/ros_ws/install/airsim_interfaces/share/airsim_interfaces/srv/SetLocalPosition.srv
[0.997s] -- Up-to-date: /home/cthornton/data/local/college/research/arl/code/sims/airsim/ros_ws/install/airsim_interfaces/share/airsim_interfaces/srv/SetLocalPosition_Request.msg
[0.997s] -- Up-to-date: /home/cthornton/data/local/college/research/arl/code/sims/airsim/ros_ws/install/airsim_interfaces/share/airsim_interfaces/srv/SetLocalPosition_Response.msg
[0.997s] -- Up-to-date: /home/cthornton/data/local/college/research/arl/code/sims/airsim/ros_ws/install/airsim_interfaces/share/ament_index/resource_index/package_run_dependencies/airsim_interfaces
[0.997s] -- Up-to-date: /home/cthornton/data/local/college/research/arl/code/sims/airsim/ros_ws/install/airsim_interfaces/share/ament_index/resource_index/parent_prefix_path/airsim_interfaces
[0.998s] -- Up-to-date: /home/cthornton/data/local/college/research/arl/code/sims/airsim/ros_ws/install/airsim_interfaces/share/airsim_interfaces/environment/ament_prefix_path.sh
[0.998s] -- Up-to-date: /home/cthornton/data/local/college/research/arl/code/sims/airsim/ros_ws/install/airsim_interfaces/share/airsim_interfaces/environment/ament_prefix_path.dsv
[0.998s] -- Up-to-date: /home/cthornton/data/local/college/research/arl/code/sims/airsim/ros_ws/install/airsim_interfaces/share/airsim_interfaces/environment/path.sh
[0.998s] -- Up-to-date: /home/cthornton/data/local/college/research/arl/code/sims/airsim/ros_ws/install/airsim_interfaces/share/airsim_interfaces/environment/path.dsv
[0.999s] -- Up-to-date: /home/cthornton/data/local/college/research/arl/code/sims/airsim/ros_ws/install/airsim_interfaces/share/airsim_interfaces/local_setup.bash
[0.999s] -- Up-to-date: /home/cthornton/data/local/college/research/arl/code/sims/airsim/ros_ws/install/airsim_interfaces/share/airsim_interfaces/local_setup.sh
[0.999s] -- Up-to-date: /home/cthornton/data/local/college/research/arl/code/sims/airsim/ros_ws/install/airsim_interfaces/share/airsim_interfaces/local_setup.zsh
[0.999s] -- Up-to-date: /home/cthornton/data/local/college/research/arl/code/sims/airsim/ros_ws/install/airsim_interfaces/share/airsim_interfaces/local_setup.dsv
[0.999s] -- Installing: /home/cthornton/data/local/college/research/arl/code/sims/airsim/ros_ws/install/airsim_interfaces/share/airsim_interfaces/package.dsv
[1.000s] -- Up-to-date: /home/cthornton/data/local/college/research/arl/code/sims/airsim/ros_ws/install/airsim_interfaces/share/ament_index/resource_index/packages/airsim_interfaces
[1.001s] -- Up-to-date: /home/cthornton/data/local/college/research/arl/code/sims/airsim/ros_ws/install/airsim_interfaces/share/airsim_interfaces/cmake/airsim_interfaces__rosidl_generator_cExport.cmake
[1.001s] -- Up-to-date: /home/cthornton/data/local/college/research/arl/code/sims/airsim/ros_ws/install/airsim_interfaces/share/airsim_interfaces/cmake/airsim_interfaces__rosidl_generator_cExport-debug.cmake
[1.001s] -- Up-to-date: /home/cthornton/data/local/college/research/arl/code/sims/airsim/ros_ws/install/airsim_interfaces/share/airsim_interfaces/cmake/airsim_interfaces__rosidl_typesupport_introspection_cExport.cmake
[1.001s] -- Up-to-date: /home/cthornton/data/local/college/research/arl/code/sims/airsim/ros_ws/install/airsim_interfaces/share/airsim_interfaces/cmake/airsim_interfaces__rosidl_typesupport_introspection_cExport-debug.cmake
[1.002s] -- Up-to-date: /home/cthornton/data/local/college/research/arl/code/sims/airsim/ros_ws/install/airsim_interfaces/share/airsim_interfaces/cmake/airsim_interfaces__rosidl_typesupport_cExport.cmake
[1.002s] -- Up-to-date: /home/cthornton/data/local/college/research/arl/code/sims/airsim/ros_ws/install/airsim_interfaces/share/airsim_interfaces/cmake/airsim_interfaces__rosidl_typesupport_cExport-debug.cmake
[1.002s] -- Up-to-date: /home/cthornton/data/local/college/research/arl/code/sims/airsim/ros_ws/install/airsim_interfaces/share/airsim_interfaces/cmake/airsim_interfaces__rosidl_generator_cppExport.cmake
[1.003s] -- Up-to-date: /home/cthornton/data/local/college/research/arl/code/sims/airsim/ros_ws/install/airsim_interfaces/share/airsim_interfaces/cmake/airsim_interfaces__rosidl_typesupport_introspection_cppExport.cmake
[1.003s] -- Up-to-date: /home/cthornton/data/local/college/research/arl/code/sims/airsim/ros_ws/install/airsim_interfaces/share/airsim_interfaces/cmake/airsim_interfaces__rosidl_typesupport_introspection_cppExport-debug.cmake
[1.003s] -- Up-to-date: /home/cthornton/data/local/college/research/arl/code/sims/airsim/ros_ws/install/airsim_interfaces/share/airsim_interfaces/cmake/airsim_interfaces__rosidl_typesupport_cppExport.cmake
[1.004s] -- Up-to-date: /home/cthornton/data/local/college/research/arl/code/sims/airsim/ros_ws/install/airsim_interfaces/share/airsim_interfaces/cmake/airsim_interfaces__rosidl_typesupport_cppExport-debug.cmake
[1.004s] -- Up-to-date: /home/cthornton/data/local/college/research/arl/code/sims/airsim/ros_ws/install/airsim_interfaces/share/airsim_interfaces/cmake/rosidl_cmake-extras.cmake
[1.004s] -- Up-to-date: /home/cthornton/data/local/college/research/arl/code/sims/airsim/ros_ws/install/airsim_interfaces/share/airsim_interfaces/cmake/ament_cmake_export_dependencies-extras.cmake
[1.004s] -- Up-to-date: /home/cthornton/data/local/college/research/arl/code/sims/airsim/ros_ws/install/airsim_interfaces/share/airsim_interfaces/cmake/ament_cmake_export_libraries-extras.cmake
[1.004s] -- Up-to-date: /home/cthornton/data/local/college/research/arl/code/sims/airsim/ros_ws/install/airsim_interfaces/share/airsim_interfaces/cmake/ament_cmake_export_targets-extras.cmake
[1.005s] -- Up-to-date: /home/cthornton/data/local/college/research/arl/code/sims/airsim/ros_ws/install/airsim_interfaces/share/airsim_interfaces/cmake/ament_cmake_export_include_directories-extras.cmake
[1.005s] -- Up-to-date: /home/cthornton/data/local/college/research/arl/code/sims/airsim/ros_ws/install/airsim_interfaces/share/airsim_interfaces/cmake/rosidl_cmake_export_typesupport_libraries-extras.cmake
[1.005s] -- Up-to-date: /home/cthornton/data/local/college/research/arl/code/sims/airsim/ros_ws/install/airsim_interfaces/share/airsim_interfaces/cmake/rosidl_cmake_export_typesupport_targets-extras.cmake
[1.005s] -- Up-to-date: /home/cthornton/data/local/college/research/arl/code/sims/airsim/ros_ws/install/airsim_interfaces/share/airsim_interfaces/cmake/airsim_interfacesConfig.cmake
[1.005s] -- Up-to-date: /home/cthornton/data/local/college/research/arl/code/sims/airsim/ros_ws/install/airsim_interfaces/share/airsim_interfaces/cmake/airsim_interfacesConfig-version.cmake
[1.006s] -- Up-to-date: /home/cthornton/data/local/college/research/arl/code/sims/airsim/ros_ws/install/airsim_interfaces/share/airsim_interfaces/package.xml
[1.013s] Invoked command in '/home/cthornton/data/local/college/research/arl/code/sims/airsim/ros_ws/build/airsim_interfaces' returned '0': CMAKE_PREFIX_PATH=/home/cthornton/data/local/college/research/arl/code/sims/airsim/ros_ws/install/hrlsim:/opt/ros/foxy:${CMAKE_PREFIX_PATH} /home/cthornton/.local/bin/cmake --install /home/cthornton/data/local/college/research/arl/code/sims/airsim/ros_ws/build/airsim_interfaces
