[0.019s] Invoking command in '/home/cthornton/data/local/college/research/arl/code/sims/airsim/ros_ws/build/hrlsim_interfaces': CMAKE_PREFIX_PATH=/home/cthornton/data/local/college/research/arl/code/sims/airsim/ros_ws/install/airsim_interfaces:/home/cthornton/data/local/college/research/arl/code/sims/airsim/ros_ws/install/hrlsim:/opt/ros/foxy:/home/cthornton/Documents/vela/catkin_ws/devel:/home/cthornton/data/local/college/research/arl/code/sims/airsim/ros_ws/install/hrlsim_interfaces:/home/cthornton/data/local/college/research/arl/code/sims/airsim/ros_ws/install/airsim_ros_pkgs LD_LIBRARY_PATH=/home/cthornton/data/local/college/research/arl/code/sims/airsim/ros_ws/install/airsim_interfaces/lib:/home/cthornton/Documents/vela/catkin_ws/devel/lib:/home/cthornton/data/local/college/research/arl/code/sims/airsim/ros_ws/install/hrlsim_interfaces/lib:/home/cthornton/data/local/college/research/arl/code/sims/airsim/ros_ws/install/airsim_ros_pkgs/lib:/opt/ros/foxy/opt/yaml_cpp_vendor/lib:/opt/ros/foxy/opt/rviz_ogre_vendor/lib:/opt/ros/foxy/lib/x86_64-linux-gnu:/opt/ros/foxy/lib PYTHONPATH=/home/cthornton/data/local/college/research/arl/code/sims/airsim/ros_ws/install/airsim_interfaces/lib/python3.8/site-packages:/home/cthornton/Documents/vela/catkin_ws/devel/lib/python2.7/dist-packages:/home/cthornton/data/local/college/research/arl/code/sims/airsim/ros_ws/install/hrlsim/lib/python3.8/site-packages:/home/cthornton/data/local/college/research/arl/code/sims/airsim/ros_ws/install/hrlsim_interfaces/lib/python3.8/site-packages:/opt/ros/foxy/lib/python3.8/site-packages /home/cthornton/.local/bin/cmake --build /home/cthornton/data/local/college/research/arl/code/sims/airsim/ros_ws/build/hrlsim_interfaces -- -j12 -l12
[0.090s] [  1%] Built target hrlsim_interfaces__cpp
[0.109s] [ 12%] Built target hrlsim_interfaces__rosidl_generator_c
[0.132s] [ 28%] Built target hrlsim_interfaces__rosidl_typesupport_cpp
[0.133s] [ 34%] Built target hrlsim_interfaces__rosidl_typesupport_fastrtps_cpp
[0.137s] [ 46%] Built target hrlsim_interfaces__rosidl_typesupport_introspection_cpp
[0.147s] [ 57%] Built target hrlsim_interfaces__rosidl_typesupport_c
[0.150s] [ 68%] Built target hrlsim_interfaces__rosidl_typesupport_introspection_c
[0.166s] [ 79%] Built target hrlsim_interfaces__rosidl_typesupport_fastrtps_c
[0.181s] [ 79%] Built target hrlsim_interfaces
[0.194s] [ 80%] Built target hrlsim_interfaces__py
[0.213s] [ 90%] Built target hrlsim_interfaces__python
[0.238s] [ 93%] Built target hrlsim_interfaces__rosidl_typesupport_introspection_c__pyext
[0.239s] [100%] Built target hrlsim_interfaces__rosidl_typesupport_fastrtps_c__pyext
[0.240s] [100%] Built target hrlsim_interfaces__rosidl_typesupport_c__pyext
[0.250s] Invoked command in '/home/cthornton/data/local/college/research/arl/code/sims/airsim/ros_ws/build/hrlsim_interfaces' returned '0': CMAKE_PREFIX_PATH=/home/cthornton/data/local/college/research/arl/code/sims/airsim/ros_ws/install/airsim_interfaces:/home/cthornton/data/local/college/research/arl/code/sims/airsim/ros_ws/install/hrlsim:/opt/ros/foxy:/home/cthornton/Documents/vela/catkin_ws/devel:/home/cthornton/data/local/college/research/arl/code/sims/airsim/ros_ws/install/hrlsim_interfaces:/home/cthornton/data/local/college/research/arl/code/sims/airsim/ros_ws/install/airsim_ros_pkgs LD_LIBRARY_PATH=/home/cthornton/data/local/college/research/arl/code/sims/airsim/ros_ws/install/airsim_interfaces/lib:/home/cthornton/Documents/vela/catkin_ws/devel/lib:/home/cthornton/data/local/college/research/arl/code/sims/airsim/ros_ws/install/hrlsim_interfaces/lib:/home/cthornton/data/local/college/research/arl/code/sims/airsim/ros_ws/install/airsim_ros_pkgs/lib:/opt/ros/foxy/opt/yaml_cpp_vendor/lib:/opt/ros/foxy/opt/rviz_ogre_vendor/lib:/opt/ros/foxy/lib/x86_64-linux-gnu:/opt/ros/foxy/lib PYTHONPATH=/home/cthornton/data/local/college/research/arl/code/sims/airsim/ros_ws/install/airsim_interfaces/lib/python3.8/site-packages:/home/cthornton/Documents/vela/catkin_ws/devel/lib/python2.7/dist-packages:/home/cthornton/data/local/college/research/arl/code/sims/airsim/ros_ws/install/hrlsim/lib/python3.8/site-packages:/home/cthornton/data/local/college/research/arl/code/sims/airsim/ros_ws/install/hrlsim_interfaces/lib/python3.8/site-packages:/opt/ros/foxy/lib/python3.8/site-packages /home/cthornton/.local/bin/cmake --build /home/cthornton/data/local/college/research/arl/code/sims/airsim/ros_ws/build/hrlsim_interfaces -- -j12 -l12
[0.440s] Invoking command in '/home/cthornton/data/local/college/research/arl/code/sims/airsim/ros_ws/build/hrlsim_interfaces': CMAKE_PREFIX_PATH=/home/cthornton/data/local/college/research/arl/code/sims/airsim/ros_ws/install/airsim_interfaces:/home/cthornton/data/local/college/research/arl/code/sims/airsim/ros_ws/install/hrlsim:/opt/ros/foxy:/home/cthornton/Documents/vela/catkin_ws/devel:/home/cthornton/data/local/college/research/arl/code/sims/airsim/ros_ws/install/hrlsim_interfaces:/home/cthornton/data/local/college/research/arl/code/sims/airsim/ros_ws/install/airsim_ros_pkgs LD_LIBRARY_PATH=/home/cthornton/data/local/college/research/arl/code/sims/airsim/ros_ws/install/airsim_interfaces/lib:/home/cthornton/Documents/vela/catkin_ws/devel/lib:/home/cthornton/data/local/college/research/arl/code/sims/airsim/ros_ws/install/hrlsim_interfaces/lib:/home/cthornton/data/local/college/research/arl/code/sims/airsim/ros_ws/install/airsim_ros_pkgs/lib:/opt/ros/foxy/opt/yaml_cpp_vendor/lib:/opt/ros/foxy/opt/rviz_ogre_vendor/lib:/opt/ros/foxy/lib/x86_64-linux-gnu:/opt/ros/foxy/lib PYTHONPATH=/home/cthornton/data/local/college/research/arl/code/sims/airsim/ros_ws/install/airsim_interfaces/lib/python3.8/site-packages:/home/cthornton/Documents/vela/catkin_ws/devel/lib/python2.7/dist-packages:/home/cthornton/data/local/college/research/arl/code/sims/airsim/ros_ws/install/hrlsim/lib/python3.8/site-packages:/home/cthornton/data/local/college/research/arl/code/sims/airsim/ros_ws/install/hrlsim_interfaces/lib/python3.8/site-packages:/opt/ros/foxy/lib/python3.8/site-packages /home/cthornton/.local/bin/cmake --install /home/cthornton/data/local/college/research/arl/code/sims/airsim/ros_ws/build/hrlsim_interfaces
[0.469s] -- Install configuration: "Debug"
[0.469s] -- Up-to-date: /home/cthornton/data/local/college/research/arl/code/sims/airsim/ros_ws/install/hrlsim_interfaces/share/ament_index/resource_index/rosidl_interfaces/hrlsim_interfaces
[0.469s] -- Up-to-date: /home/cthornton/data/local/college/research/arl/code/sims/airsim/ros_ws/install/hrlsim_interfaces/include/hrlsim_interfaces
[0.469s] -- Up-to-date: /home/cthornton/data/local/college/research/arl/code/sims/airsim/ros_ws/install/hrlsim_interfaces/include/hrlsim_interfaces/action
[0.470s] -- Up-to-date: /home/cthornton/data/local/college/research/arl/code/sims/airsim/ros_ws/install/hrlsim_interfaces/include/hrlsim_interfaces/action/detail
[0.470s] -- Up-to-date: /home/cthornton/data/local/college/research/arl/code/sims/airsim/ros_ws/install/hrlsim_interfaces/include/hrlsim_interfaces/action/detail/move_to_location__functions.c
[0.470s] -- Up-to-date: /home/cthornton/data/local/college/research/arl/code/sims/airsim/ros_ws/install/hrlsim_interfaces/include/hrlsim_interfaces/action/detail/move_to_location__functions.h
[0.470s] -- Up-to-date: /home/cthornton/data/local/college/research/arl/code/sims/airsim/ros_ws/install/hrlsim_interfaces/include/hrlsim_interfaces/action/detail/move_to_location__struct.h
[0.470s] -- Up-to-date: /home/cthornton/data/local/college/research/arl/code/sims/airsim/ros_ws/install/hrlsim_interfaces/include/hrlsim_interfaces/action/detail/move_to_location__type_support.h
[0.470s] -- Up-to-date: /home/cthornton/data/local/college/research/arl/code/sims/airsim/ros_ws/install/hrlsim_interfaces/include/hrlsim_interfaces/action/detail/track_object__functions.c
[0.470s] -- Up-to-date: /home/cthornton/data/local/college/research/arl/code/sims/airsim/ros_ws/install/hrlsim_interfaces/include/hrlsim_interfaces/action/detail/track_object__functions.h
[0.470s] -- Up-to-date: /home/cthornton/data/local/college/research/arl/code/sims/airsim/ros_ws/install/hrlsim_interfaces/include/hrlsim_interfaces/action/detail/track_object__struct.h
[0.471s] -- Up-to-date: /home/cthornton/data/local/college/research/arl/code/sims/airsim/ros_ws/install/hrlsim_interfaces/include/hrlsim_interfaces/action/detail/track_object__type_support.h
[0.471s] -- Up-to-date: /home/cthornton/data/local/college/research/arl/code/sims/airsim/ros_ws/install/hrlsim_interfaces/include/hrlsim_interfaces/action/move_to_location.h
[0.471s] -- Up-to-date: /home/cthornton/data/local/college/research/arl/code/sims/airsim/ros_ws/install/hrlsim_interfaces/include/hrlsim_interfaces/action/track_object.h
[0.471s] -- Up-to-date: /home/cthornton/data/local/college/research/arl/code/sims/airsim/ros_ws/install/hrlsim_interfaces/include/hrlsim_interfaces/msg
[0.471s] -- Up-to-date: /home/cthornton/data/local/college/research/arl/code/sims/airsim/ros_ws/install/hrlsim_interfaces/include/hrlsim_interfaces/msg/detail
[0.471s] -- Up-to-date: /home/cthornton/data/local/college/research/arl/code/sims/airsim/ros_ws/install/hrlsim_interfaces/include/hrlsim_interfaces/msg/detail/multirotor__functions.c
[0.472s] -- Up-to-date: /home/cthornton/data/local/college/research/arl/code/sims/airsim/ros_ws/install/hrlsim_interfaces/include/hrlsim_interfaces/msg/detail/multirotor__functions.h
[0.472s] -- Up-to-date: /home/cthornton/data/local/college/research/arl/code/sims/airsim/ros_ws/install/hrlsim_interfaces/include/hrlsim_interfaces/msg/detail/multirotor__struct.h
[0.472s] -- Up-to-date: /home/cthornton/data/local/college/research/arl/code/sims/airsim/ros_ws/install/hrlsim_interfaces/include/hrlsim_interfaces/msg/detail/multirotor__type_support.h
[0.472s] -- Up-to-date: /home/cthornton/data/local/college/research/arl/code/sims/airsim/ros_ws/install/hrlsim_interfaces/include/hrlsim_interfaces/msg/detail/sensors__functions.c
[0.472s] -- Up-to-date: /home/cthornton/data/local/college/research/arl/code/sims/airsim/ros_ws/install/hrlsim_interfaces/include/hrlsim_interfaces/msg/detail/sensors__functions.h
[0.473s] -- Up-to-date: /home/cthornton/data/local/college/research/arl/code/sims/airsim/ros_ws/install/hrlsim_interfaces/include/hrlsim_interfaces/msg/detail/sensors__struct.h
[0.473s] -- Up-to-date: /home/cthornton/data/local/college/research/arl/code/sims/airsim/ros_ws/install/hrlsim_interfaces/include/hrlsim_interfaces/msg/detail/sensors__type_support.h
[0.473s] -- Up-to-date: /home/cthornton/data/local/college/research/arl/code/sims/airsim/ros_ws/install/hrlsim_interfaces/include/hrlsim_interfaces/msg/detail/state__functions.c
[0.473s] -- Up-to-date: /home/cthornton/data/local/college/research/arl/code/sims/airsim/ros_ws/install/hrlsim_interfaces/include/hrlsim_interfaces/msg/detail/state__functions.h
[0.473s] -- Up-to-date: /home/cthornton/data/local/college/research/arl/code/sims/airsim/ros_ws/install/hrlsim_interfaces/include/hrlsim_interfaces/msg/detail/state__struct.h
[0.473s] -- Up-to-date: /home/cthornton/data/local/college/research/arl/code/sims/airsim/ros_ws/install/hrlsim_interfaces/include/hrlsim_interfaces/msg/detail/state__type_support.h
[0.473s] -- Up-to-date: /home/cthornton/data/local/college/research/arl/code/sims/airsim/ros_ws/install/hrlsim_interfaces/include/hrlsim_interfaces/msg/multirotor.h
[0.474s] -- Up-to-date: /home/cthornton/data/local/college/research/arl/code/sims/airsim/ros_ws/install/hrlsim_interfaces/include/hrlsim_interfaces/msg/rosidl_generator_c__visibility_control.h
[0.474s] -- Up-to-date: /home/cthornton/data/local/college/research/arl/code/sims/airsim/ros_ws/install/hrlsim_interfaces/include/hrlsim_interfaces/msg/sensors.h
[0.474s] -- Up-to-date: /home/cthornton/data/local/college/research/arl/code/sims/airsim/ros_ws/install/hrlsim_interfaces/include/hrlsim_interfaces/msg/state.h
[0.474s] -- Up-to-date: /home/cthornton/data/local/college/research/arl/code/sims/airsim/ros_ws/install/hrlsim_interfaces/share/hrlsim_interfaces/environment/library_path.sh
[0.474s] -- Up-to-date: /home/cthornton/data/local/college/research/arl/code/sims/airsim/ros_ws/install/hrlsim_interfaces/share/hrlsim_interfaces/environment/library_path.dsv
[0.474s] -- Up-to-date: /home/cthornton/data/local/college/research/arl/code/sims/airsim/ros_ws/install/hrlsim_interfaces/lib/libhrlsim_interfaces__rosidl_generator_c.so
[0.474s] -- Up-to-date: /home/cthornton/data/local/college/research/arl/code/sims/airsim/ros_ws/install/hrlsim_interfaces/include/hrlsim_interfaces
[0.475s] -- Up-to-date: /home/cthornton/data/local/college/research/arl/code/sims/airsim/ros_ws/install/hrlsim_interfaces/include/hrlsim_interfaces/action
[0.475s] -- Up-to-date: /home/cthornton/data/local/college/research/arl/code/sims/airsim/ros_ws/install/hrlsim_interfaces/include/hrlsim_interfaces/action/detail
[0.475s] -- Up-to-date: /home/cthornton/data/local/college/research/arl/code/sims/airsim/ros_ws/install/hrlsim_interfaces/include/hrlsim_interfaces/action/detail/move_to_location__rosidl_typesupport_fastrtps_c.h
[0.475s] -- Up-to-date: /home/cthornton/data/local/college/research/arl/code/sims/airsim/ros_ws/install/hrlsim_interfaces/include/hrlsim_interfaces/action/detail/track_object__rosidl_typesupport_fastrtps_c.h
[0.475s] -- Up-to-date: /home/cthornton/data/local/college/research/arl/code/sims/airsim/ros_ws/install/hrlsim_interfaces/include/hrlsim_interfaces/msg
[0.475s] -- Up-to-date: /home/cthornton/data/local/college/research/arl/code/sims/airsim/ros_ws/install/hrlsim_interfaces/include/hrlsim_interfaces/msg/detail
[0.475s] -- Up-to-date: /home/cthornton/data/local/college/research/arl/code/sims/airsim/ros_ws/install/hrlsim_interfaces/include/hrlsim_interfaces/msg/detail/multirotor__rosidl_typesupport_fastrtps_c.h
[0.476s] -- Up-to-date: /home/cthornton/data/local/college/research/arl/code/sims/airsim/ros_ws/install/hrlsim_interfaces/include/hrlsim_interfaces/msg/detail/sensors__rosidl_typesupport_fastrtps_c.h
[0.476s] -- Up-to-date: /home/cthornton/data/local/college/research/arl/code/sims/airsim/ros_ws/install/hrlsim_interfaces/include/hrlsim_interfaces/msg/detail/state__rosidl_typesupport_fastrtps_c.h
[0.476s] -- Up-to-date: /home/cthornton/data/local/college/research/arl/code/sims/airsim/ros_ws/install/hrlsim_interfaces/include/hrlsim_interfaces/msg/rosidl_typesupport_fastrtps_c__visibility_control.h
[0.476s] -- Up-to-date: /home/cthornton/data/local/college/research/arl/code/sims/airsim/ros_ws/install/hrlsim_interfaces/lib/libhrlsim_interfaces__rosidl_typesupport_fastrtps_c.so
[0.476s] -- Up-to-date: /home/cthornton/data/local/college/research/arl/code/sims/airsim/ros_ws/install/hrlsim_interfaces/include/hrlsim_interfaces
[0.476s] -- Up-to-date: /home/cthornton/data/local/college/research/arl/code/sims/airsim/ros_ws/install/hrlsim_interfaces/include/hrlsim_interfaces/action
[0.476s] -- Up-to-date: /home/cthornton/data/local/college/research/arl/code/sims/airsim/ros_ws/install/hrlsim_interfaces/include/hrlsim_interfaces/action/detail
[0.476s] -- Up-to-date: /home/cthornton/data/local/college/research/arl/code/sims/airsim/ros_ws/install/hrlsim_interfaces/include/hrlsim_interfaces/action/detail/dds_fastrtps
[0.477s] -- Up-to-date: /home/cthornton/data/local/college/research/arl/code/sims/airsim/ros_ws/install/hrlsim_interfaces/include/hrlsim_interfaces/action/detail/move_to_location__rosidl_typesupport_fastrtps_cpp.hpp
[0.477s] -- Up-to-date: /home/cthornton/data/local/college/research/arl/code/sims/airsim/ros_ws/install/hrlsim_interfaces/include/hrlsim_interfaces/action/detail/track_object__rosidl_typesupport_fastrtps_cpp.hpp
[0.477s] -- Up-to-date: /home/cthornton/data/local/college/research/arl/code/sims/airsim/ros_ws/install/hrlsim_interfaces/include/hrlsim_interfaces/msg
[0.477s] -- Up-to-date: /home/cthornton/data/local/college/research/arl/code/sims/airsim/ros_ws/install/hrlsim_interfaces/include/hrlsim_interfaces/msg/detail
[0.477s] -- Up-to-date: /home/cthornton/data/local/college/research/arl/code/sims/airsim/ros_ws/install/hrlsim_interfaces/include/hrlsim_interfaces/msg/detail/dds_fastrtps
[0.477s] -- Up-to-date: /home/cthornton/data/local/college/research/arl/code/sims/airsim/ros_ws/install/hrlsim_interfaces/include/hrlsim_interfaces/msg/detail/multirotor__rosidl_typesupport_fastrtps_cpp.hpp
[0.477s] -- Up-to-date: /home/cthornton/data/local/college/research/arl/code/sims/airsim/ros_ws/install/hrlsim_interfaces/include/hrlsim_interfaces/msg/detail/sensors__rosidl_typesupport_fastrtps_cpp.hpp
[0.478s] -- Up-to-date: /home/cthornton/data/local/college/research/arl/code/sims/airsim/ros_ws/install/hrlsim_interfaces/include/hrlsim_interfaces/msg/detail/state__rosidl_typesupport_fastrtps_cpp.hpp
[0.478s] -- Up-to-date: /home/cthornton/data/local/college/research/arl/code/sims/airsim/ros_ws/install/hrlsim_interfaces/include/hrlsim_interfaces/msg/rosidl_typesupport_fastrtps_cpp__visibility_control.h
[0.478s] -- Up-to-date: /home/cthornton/data/local/college/research/arl/code/sims/airsim/ros_ws/install/hrlsim_interfaces/lib/libhrlsim_interfaces__rosidl_typesupport_fastrtps_cpp.so
[0.479s] -- Up-to-date: /home/cthornton/data/local/college/research/arl/code/sims/airsim/ros_ws/install/hrlsim_interfaces/include/hrlsim_interfaces
[0.479s] -- Up-to-date: /home/cthornton/data/local/college/research/arl/code/sims/airsim/ros_ws/install/hrlsim_interfaces/include/hrlsim_interfaces/action
[0.479s] -- Up-to-date: /home/cthornton/data/local/college/research/arl/code/sims/airsim/ros_ws/install/hrlsim_interfaces/include/hrlsim_interfaces/action/detail
[0.479s] -- Up-to-date: /home/cthornton/data/local/college/research/arl/code/sims/airsim/ros_ws/install/hrlsim_interfaces/include/hrlsim_interfaces/action/detail/move_to_location__rosidl_typesupport_introspection_c.h
[0.479s] -- Up-to-date: /home/cthornton/data/local/college/research/arl/code/sims/airsim/ros_ws/install/hrlsim_interfaces/include/hrlsim_interfaces/action/detail/move_to_location__type_support.c
[0.480s] -- Up-to-date: /home/cthornton/data/local/college/research/arl/code/sims/airsim/ros_ws/install/hrlsim_interfaces/include/hrlsim_interfaces/action/detail/track_object__rosidl_typesupport_introspection_c.h
[0.480s] -- Up-to-date: /home/cthornton/data/local/college/research/arl/code/sims/airsim/ros_ws/install/hrlsim_interfaces/include/hrlsim_interfaces/action/detail/track_object__type_support.c
[0.480s] -- Up-to-date: /home/cthornton/data/local/college/research/arl/code/sims/airsim/ros_ws/install/hrlsim_interfaces/include/hrlsim_interfaces/msg
[0.480s] -- Up-to-date: /home/cthornton/data/local/college/research/arl/code/sims/airsim/ros_ws/install/hrlsim_interfaces/include/hrlsim_interfaces/msg/detail
[0.480s] -- Up-to-date: /home/cthornton/data/local/college/research/arl/code/sims/airsim/ros_ws/install/hrlsim_interfaces/include/hrlsim_interfaces/msg/detail/multirotor__rosidl_typesupport_introspection_c.h
[0.480s] -- Up-to-date: /home/cthornton/data/local/college/research/arl/code/sims/airsim/ros_ws/install/hrlsim_interfaces/include/hrlsim_interfaces/msg/detail/multirotor__type_support.c
[0.480s] -- Up-to-date: /home/cthornton/data/local/college/research/arl/code/sims/airsim/ros_ws/install/hrlsim_interfaces/include/hrlsim_interfaces/msg/detail/sensors__rosidl_typesupport_introspection_c.h
[0.481s] -- Up-to-date: /home/cthornton/data/local/college/research/arl/code/sims/airsim/ros_ws/install/hrlsim_interfaces/include/hrlsim_interfaces/msg/detail/sensors__type_support.c
[0.481s] -- Up-to-date: /home/cthornton/data/local/college/research/arl/code/sims/airsim/ros_ws/install/hrlsim_interfaces/include/hrlsim_interfaces/msg/detail/state__rosidl_typesupport_introspection_c.h
[0.481s] -- Up-to-date: /home/cthornton/data/local/college/research/arl/code/sims/airsim/ros_ws/install/hrlsim_interfaces/include/hrlsim_interfaces/msg/detail/state__type_support.c
[0.481s] -- Up-to-date: /home/cthornton/data/local/college/research/arl/code/sims/airsim/ros_ws/install/hrlsim_interfaces/include/hrlsim_interfaces/msg/rosidl_typesupport_introspection_c__visibility_control.h
[0.481s] -- Up-to-date: /home/cthornton/data/local/college/research/arl/code/sims/airsim/ros_ws/install/hrlsim_interfaces/lib/libhrlsim_interfaces__rosidl_typesupport_introspection_c.so
[0.482s] -- Up-to-date: /home/cthornton/data/local/college/research/arl/code/sims/airsim/ros_ws/install/hrlsim_interfaces/lib/libhrlsim_interfaces__rosidl_typesupport_c.so
[0.483s] -- Up-to-date: /home/cthornton/data/local/college/research/arl/code/sims/airsim/ros_ws/install/hrlsim_interfaces/include/hrlsim_interfaces
[0.483s] -- Up-to-date: /home/cthornton/data/local/college/research/arl/code/sims/airsim/ros_ws/install/hrlsim_interfaces/include/hrlsim_interfaces/action
[0.483s] -- Up-to-date: /home/cthornton/data/local/college/research/arl/code/sims/airsim/ros_ws/install/hrlsim_interfaces/include/hrlsim_interfaces/action/detail
[0.483s] -- Up-to-date: /home/cthornton/data/local/college/research/arl/code/sims/airsim/ros_ws/install/hrlsim_interfaces/include/hrlsim_interfaces/action/detail/move_to_location__builder.hpp
[0.483s] -- Up-to-date: /home/cthornton/data/local/college/research/arl/code/sims/airsim/ros_ws/install/hrlsim_interfaces/include/hrlsim_interfaces/action/detail/move_to_location__struct.hpp
[0.483s] -- Up-to-date: /home/cthornton/data/local/college/research/arl/code/sims/airsim/ros_ws/install/hrlsim_interfaces/include/hrlsim_interfaces/action/detail/move_to_location__traits.hpp
[0.483s] -- Up-to-date: /home/cthornton/data/local/college/research/arl/code/sims/airsim/ros_ws/install/hrlsim_interfaces/include/hrlsim_interfaces/action/detail/track_object__builder.hpp
[0.484s] -- Up-to-date: /home/cthornton/data/local/college/research/arl/code/sims/airsim/ros_ws/install/hrlsim_interfaces/include/hrlsim_interfaces/action/detail/track_object__struct.hpp
[0.484s] -- Up-to-date: /home/cthornton/data/local/college/research/arl/code/sims/airsim/ros_ws/install/hrlsim_interfaces/include/hrlsim_interfaces/action/detail/track_object__traits.hpp
[0.484s] -- Up-to-date: /home/cthornton/data/local/college/research/arl/code/sims/airsim/ros_ws/install/hrlsim_interfaces/include/hrlsim_interfaces/action/move_to_location.hpp
[0.484s] -- Up-to-date: /home/cthornton/data/local/college/research/arl/code/sims/airsim/ros_ws/install/hrlsim_interfaces/include/hrlsim_interfaces/action/track_object.hpp
[0.484s] -- Up-to-date: /home/cthornton/data/local/college/research/arl/code/sims/airsim/ros_ws/install/hrlsim_interfaces/include/hrlsim_interfaces/msg
[0.484s] -- Up-to-date: /home/cthornton/data/local/college/research/arl/code/sims/airsim/ros_ws/install/hrlsim_interfaces/include/hrlsim_interfaces/msg/detail
[0.484s] -- Up-to-date: /home/cthornton/data/local/college/research/arl/code/sims/airsim/ros_ws/install/hrlsim_interfaces/include/hrlsim_interfaces/msg/detail/multirotor__builder.hpp
[0.484s] -- Up-to-date: /home/cthornton/data/local/college/research/arl/code/sims/airsim/ros_ws/install/hrlsim_interfaces/include/hrlsim_interfaces/msg/detail/multirotor__struct.hpp
[0.485s] -- Up-to-date: /home/cthornton/data/local/college/research/arl/code/sims/airsim/ros_ws/install/hrlsim_interfaces/include/hrlsim_interfaces/msg/detail/multirotor__traits.hpp
[0.485s] -- Up-to-date: /home/cthornton/data/local/college/research/arl/code/sims/airsim/ros_ws/install/hrlsim_interfaces/include/hrlsim_interfaces/msg/detail/sensors__builder.hpp
[0.485s] -- Up-to-date: /home/cthornton/data/local/college/research/arl/code/sims/airsim/ros_ws/install/hrlsim_interfaces/include/hrlsim_interfaces/msg/detail/sensors__struct.hpp
[0.485s] -- Up-to-date: /home/cthornton/data/local/college/research/arl/code/sims/airsim/ros_ws/install/hrlsim_interfaces/include/hrlsim_interfaces/msg/detail/sensors__traits.hpp
[0.485s] -- Up-to-date: /home/cthornton/data/local/college/research/arl/code/sims/airsim/ros_ws/install/hrlsim_interfaces/include/hrlsim_interfaces/msg/detail/state__builder.hpp
[0.485s] -- Up-to-date: /home/cthornton/data/local/college/research/arl/code/sims/airsim/ros_ws/install/hrlsim_interfaces/include/hrlsim_interfaces/msg/detail/state__struct.hpp
[0.485s] -- Up-to-date: /home/cthornton/data/local/college/research/arl/code/sims/airsim/ros_ws/install/hrlsim_interfaces/include/hrlsim_interfaces/msg/detail/state__traits.hpp
[0.485s] -- Up-to-date: /home/cthornton/data/local/college/research/arl/code/sims/airsim/ros_ws/install/hrlsim_interfaces/include/hrlsim_interfaces/msg/multirotor.hpp
[0.486s] -- Up-to-date: /home/cthornton/data/local/college/research/arl/code/sims/airsim/ros_ws/install/hrlsim_interfaces/include/hrlsim_interfaces/msg/sensors.hpp
[0.486s] -- Up-to-date: /home/cthornton/data/local/college/research/arl/code/sims/airsim/ros_ws/install/hrlsim_interfaces/include/hrlsim_interfaces/msg/state.hpp
[0.486s] -- Up-to-date: /home/cthornton/data/local/college/research/arl/code/sims/airsim/ros_ws/install/hrlsim_interfaces/include/hrlsim_interfaces
[0.486s] -- Up-to-date: /home/cthornton/data/local/college/research/arl/code/sims/airsim/ros_ws/install/hrlsim_interfaces/include/hrlsim_interfaces/action
[0.486s] -- Up-to-date: /home/cthornton/data/local/college/research/arl/code/sims/airsim/ros_ws/install/hrlsim_interfaces/include/hrlsim_interfaces/action/detail
[0.487s] -- Up-to-date: /home/cthornton/data/local/college/research/arl/code/sims/airsim/ros_ws/install/hrlsim_interfaces/include/hrlsim_interfaces/action/detail/move_to_location__rosidl_typesupport_introspection_cpp.hpp
[0.487s] -- Up-to-date: /home/cthornton/data/local/college/research/arl/code/sims/airsim/ros_ws/install/hrlsim_interfaces/include/hrlsim_interfaces/action/detail/move_to_location__type_support.cpp
[0.487s] -- Up-to-date: /home/cthornton/data/local/college/research/arl/code/sims/airsim/ros_ws/install/hrlsim_interfaces/include/hrlsim_interfaces/action/detail/track_object__rosidl_typesupport_introspection_cpp.hpp
[0.488s] -- Up-to-date: /home/cthornton/data/local/college/research/arl/code/sims/airsim/ros_ws/install/hrlsim_interfaces/include/hrlsim_interfaces/action/detail/track_object__type_support.cpp
[0.488s] -- Up-to-date: /home/cthornton/data/local/college/research/arl/code/sims/airsim/ros_ws/install/hrlsim_interfaces/include/hrlsim_interfaces/msg
[0.488s] -- Up-to-date: /home/cthornton/data/local/college/research/arl/code/sims/airsim/ros_ws/install/hrlsim_interfaces/include/hrlsim_interfaces/msg/detail
[0.488s] -- Up-to-date: /home/cthornton/data/local/college/research/arl/code/sims/airsim/ros_ws/install/hrlsim_interfaces/include/hrlsim_interfaces/msg/detail/multirotor__rosidl_typesupport_introspection_cpp.hpp
[0.488s] -- Up-to-date: /home/cthornton/data/local/college/research/arl/code/sims/airsim/ros_ws/install/hrlsim_interfaces/include/hrlsim_interfaces/msg/detail/multirotor__type_support.cpp
[0.489s] -- Up-to-date: /home/cthornton/data/local/college/research/arl/code/sims/airsim/ros_ws/install/hrlsim_interfaces/include/hrlsim_interfaces/msg/detail/sensors__rosidl_typesupport_introspection_cpp.hpp
[0.489s] -- Up-to-date: /home/cthornton/data/local/college/research/arl/code/sims/airsim/ros_ws/install/hrlsim_interfaces/include/hrlsim_interfaces/msg/detail/sensors__type_support.cpp
[0.489s] -- Up-to-date: /home/cthornton/data/local/college/research/arl/code/sims/airsim/ros_ws/install/hrlsim_interfaces/include/hrlsim_interfaces/msg/detail/state__rosidl_typesupport_introspection_cpp.hpp
[0.489s] -- Up-to-date: /home/cthornton/data/local/college/research/arl/code/sims/airsim/ros_ws/install/hrlsim_interfaces/include/hrlsim_interfaces/msg/detail/state__type_support.cpp
[0.489s] -- Up-to-date: /home/cthornton/data/local/college/research/arl/code/sims/airsim/ros_ws/install/hrlsim_interfaces/lib/libhrlsim_interfaces__rosidl_typesupport_introspection_cpp.so
[0.490s] -- Up-to-date: /home/cthornton/data/local/college/research/arl/code/sims/airsim/ros_ws/install/hrlsim_interfaces/lib/libhrlsim_interfaces__rosidl_typesupport_cpp.so
[0.490s] -- Up-to-date: /home/cthornton/data/local/college/research/arl/code/sims/airsim/ros_ws/install/hrlsim_interfaces/share/hrlsim_interfaces/environment/pythonpath.sh
[0.490s] -- Up-to-date: /home/cthornton/data/local/college/research/arl/code/sims/airsim/ros_ws/install/hrlsim_interfaces/share/hrlsim_interfaces/environment/pythonpath.dsv
[0.491s] -- Up-to-date: /home/cthornton/data/local/college/research/arl/code/sims/airsim/ros_ws/install/hrlsim_interfaces/lib/python3.8/site-packages/hrlsim_interfaces/__init__.py
[0.523s] -- Up-to-date: /home/cthornton/data/local/college/research/arl/code/sims/airsim/ros_ws/install/hrlsim_interfaces/lib/python3.8/site-packages/hrlsim_interfaces/msg
[0.523s] -- Up-to-date: /home/cthornton/data/local/college/research/arl/code/sims/airsim/ros_ws/install/hrlsim_interfaces/lib/python3.8/site-packages/hrlsim_interfaces/msg/_multirotor.py
[0.524s] -- Up-to-date: /home/cthornton/data/local/college/research/arl/code/sims/airsim/ros_ws/install/hrlsim_interfaces/lib/python3.8/site-packages/hrlsim_interfaces/msg/_multirotor_s.c
[0.524s] -- Up-to-date: /home/cthornton/data/local/college/research/arl/code/sims/airsim/ros_ws/install/hrlsim_interfaces/lib/python3.8/site-packages/hrlsim_interfaces/msg/_sensors.py
[0.524s] -- Up-to-date: /home/cthornton/data/local/college/research/arl/code/sims/airsim/ros_ws/install/hrlsim_interfaces/lib/python3.8/site-packages/hrlsim_interfaces/msg/_sensors_s.c
[0.525s] -- Up-to-date: /home/cthornton/data/local/college/research/arl/code/sims/airsim/ros_ws/install/hrlsim_interfaces/lib/python3.8/site-packages/hrlsim_interfaces/msg/_state.py
[0.525s] -- Up-to-date: /home/cthornton/data/local/college/research/arl/code/sims/airsim/ros_ws/install/hrlsim_interfaces/lib/python3.8/site-packages/hrlsim_interfaces/msg/_state_s.c
[0.525s] -- Up-to-date: /home/cthornton/data/local/college/research/arl/code/sims/airsim/ros_ws/install/hrlsim_interfaces/lib/python3.8/site-packages/hrlsim_interfaces/msg/__init__.py
[0.526s] -- Up-to-date: /home/cthornton/data/local/college/research/arl/code/sims/airsim/ros_ws/install/hrlsim_interfaces/lib/python3.8/site-packages/hrlsim_interfaces/action
[0.526s] -- Up-to-date: /home/cthornton/data/local/college/research/arl/code/sims/airsim/ros_ws/install/hrlsim_interfaces/lib/python3.8/site-packages/hrlsim_interfaces/action/_move_to_location.py
[0.526s] -- Up-to-date: /home/cthornton/data/local/college/research/arl/code/sims/airsim/ros_ws/install/hrlsim_interfaces/lib/python3.8/site-packages/hrlsim_interfaces/action/_move_to_location_s.c
[0.526s] -- Up-to-date: /home/cthornton/data/local/college/research/arl/code/sims/airsim/ros_ws/install/hrlsim_interfaces/lib/python3.8/site-packages/hrlsim_interfaces/action/_track_object.py
[0.527s] -- Up-to-date: /home/cthornton/data/local/college/research/arl/code/sims/airsim/ros_ws/install/hrlsim_interfaces/lib/python3.8/site-packages/hrlsim_interfaces/action/_track_object_s.c
[0.527s] -- Up-to-date: /home/cthornton/data/local/college/research/arl/code/sims/airsim/ros_ws/install/hrlsim_interfaces/lib/python3.8/site-packages/hrlsim_interfaces/action/__init__.py
[0.527s] -- Up-to-date: /home/cthornton/data/local/college/research/arl/code/sims/airsim/ros_ws/install/hrlsim_interfaces/lib/python3.8/site-packages/hrlsim_interfaces/hrlsim_interfaces_s__rosidl_typesupport_fastrtps_c.cpython-38-x86_64-linux-gnu.so
[0.528s] -- Up-to-date: /home/cthornton/data/local/college/research/arl/code/sims/airsim/ros_ws/install/hrlsim_interfaces/lib/python3.8/site-packages/hrlsim_interfaces/hrlsim_interfaces_s__rosidl_typesupport_introspection_c.cpython-38-x86_64-linux-gnu.so
[0.530s] -- Up-to-date: /home/cthornton/data/local/college/research/arl/code/sims/airsim/ros_ws/install/hrlsim_interfaces/lib/python3.8/site-packages/hrlsim_interfaces/hrlsim_interfaces_s__rosidl_typesupport_c.cpython-38-x86_64-linux-gnu.so
[0.531s] -- Up-to-date: /home/cthornton/data/local/college/research/arl/code/sims/airsim/ros_ws/install/hrlsim_interfaces/lib/libhrlsim_interfaces__python.so
[0.532s] -- Up-to-date: /home/cthornton/data/local/college/research/arl/code/sims/airsim/ros_ws/install/hrlsim_interfaces/share/hrlsim_interfaces/msg/Multirotor.idl
[0.532s] -- Up-to-date: /home/cthornton/data/local/college/research/arl/code/sims/airsim/ros_ws/install/hrlsim_interfaces/share/hrlsim_interfaces/msg/Sensors.idl
[0.532s] -- Up-to-date: /home/cthornton/data/local/college/research/arl/code/sims/airsim/ros_ws/install/hrlsim_interfaces/share/hrlsim_interfaces/msg/State.idl
[0.533s] -- Up-to-date: /home/cthornton/data/local/college/research/arl/code/sims/airsim/ros_ws/install/hrlsim_interfaces/share/hrlsim_interfaces/action/MoveToLocation.idl
[0.533s] -- Up-to-date: /home/cthornton/data/local/college/research/arl/code/sims/airsim/ros_ws/install/hrlsim_interfaces/share/hrlsim_interfaces/action/TrackObject.idl
[0.533s] -- Up-to-date: /home/cthornton/data/local/college/research/arl/code/sims/airsim/ros_ws/install/hrlsim_interfaces/share/hrlsim_interfaces/msg/Multirotor.msg
[0.533s] -- Up-to-date: /home/cthornton/data/local/college/research/arl/code/sims/airsim/ros_ws/install/hrlsim_interfaces/share/hrlsim_interfaces/msg/Sensors.msg
[0.534s] -- Up-to-date: /home/cthornton/data/local/college/research/arl/code/sims/airsim/ros_ws/install/hrlsim_interfaces/share/hrlsim_interfaces/msg/State.msg
[0.534s] -- Up-to-date: /home/cthornton/data/local/college/research/arl/code/sims/airsim/ros_ws/install/hrlsim_interfaces/share/hrlsim_interfaces/action/MoveToLocation.action
[0.534s] -- Up-to-date: /home/cthornton/data/local/college/research/arl/code/sims/airsim/ros_ws/install/hrlsim_interfaces/share/hrlsim_interfaces/action/TrackObject.action
[0.534s] -- Up-to-date: /home/cthornton/data/local/college/research/arl/code/sims/airsim/ros_ws/install/hrlsim_interfaces/share/ament_index/resource_index/package_run_dependencies/hrlsim_interfaces
[0.535s] -- Up-to-date: /home/cthornton/data/local/college/research/arl/code/sims/airsim/ros_ws/install/hrlsim_interfaces/share/ament_index/resource_index/parent_prefix_path/hrlsim_interfaces
[0.535s] -- Up-to-date: /home/cthornton/data/local/college/research/arl/code/sims/airsim/ros_ws/install/hrlsim_interfaces/share/hrlsim_interfaces/environment/ament_prefix_path.sh
[0.535s] -- Up-to-date: /home/cthornton/data/local/college/research/arl/code/sims/airsim/ros_ws/install/hrlsim_interfaces/share/hrlsim_interfaces/environment/ament_prefix_path.dsv
[0.535s] -- Up-to-date: /home/cthornton/data/local/college/research/arl/code/sims/airsim/ros_ws/install/hrlsim_interfaces/share/hrlsim_interfaces/environment/path.sh
[0.535s] -- Up-to-date: /home/cthornton/data/local/college/research/arl/code/sims/airsim/ros_ws/install/hrlsim_interfaces/share/hrlsim_interfaces/environment/path.dsv
[0.535s] -- Up-to-date: /home/cthornton/data/local/college/research/arl/code/sims/airsim/ros_ws/install/hrlsim_interfaces/share/hrlsim_interfaces/local_setup.bash
[0.536s] -- Up-to-date: /home/cthornton/data/local/college/research/arl/code/sims/airsim/ros_ws/install/hrlsim_interfaces/share/hrlsim_interfaces/local_setup.sh
[0.536s] -- Up-to-date: /home/cthornton/data/local/college/research/arl/code/sims/airsim/ros_ws/install/hrlsim_interfaces/share/hrlsim_interfaces/local_setup.zsh
[0.537s] -- Up-to-date: /home/cthornton/data/local/college/research/arl/code/sims/airsim/ros_ws/install/hrlsim_interfaces/share/hrlsim_interfaces/local_setup.dsv
[0.537s] -- Installing: /home/cthornton/data/local/college/research/arl/code/sims/airsim/ros_ws/install/hrlsim_interfaces/share/hrlsim_interfaces/package.dsv
[0.537s] -- Up-to-date: /home/cthornton/data/local/college/research/arl/code/sims/airsim/ros_ws/install/hrlsim_interfaces/share/ament_index/resource_index/packages/hrlsim_interfaces
[0.538s] -- Up-to-date: /home/cthornton/data/local/college/research/arl/code/sims/airsim/ros_ws/install/hrlsim_interfaces/share/hrlsim_interfaces/cmake/hrlsim_interfaces__rosidl_generator_cExport.cmake
[0.538s] -- Up-to-date: /home/cthornton/data/local/college/research/arl/code/sims/airsim/ros_ws/install/hrlsim_interfaces/share/hrlsim_interfaces/cmake/hrlsim_interfaces__rosidl_generator_cExport-debug.cmake
[0.539s] -- Up-to-date: /home/cthornton/data/local/college/research/arl/code/sims/airsim/ros_ws/install/hrlsim_interfaces/share/hrlsim_interfaces/cmake/hrlsim_interfaces__rosidl_typesupport_introspection_cExport.cmake
[0.539s] -- Up-to-date: /home/cthornton/data/local/college/research/arl/code/sims/airsim/ros_ws/install/hrlsim_interfaces/share/hrlsim_interfaces/cmake/hrlsim_interfaces__rosidl_typesupport_introspection_cExport-debug.cmake
[0.540s] -- Up-to-date: /home/cthornton/data/local/college/research/arl/code/sims/airsim/ros_ws/install/hrlsim_interfaces/share/hrlsim_interfaces/cmake/hrlsim_interfaces__rosidl_typesupport_cExport.cmake
[0.540s] -- Up-to-date: /home/cthornton/data/local/college/research/arl/code/sims/airsim/ros_ws/install/hrlsim_interfaces/share/hrlsim_interfaces/cmake/hrlsim_interfaces__rosidl_typesupport_cExport-debug.cmake
[0.540s] -- Up-to-date: /home/cthornton/data/local/college/research/arl/code/sims/airsim/ros_ws/install/hrlsim_interfaces/share/hrlsim_interfaces/cmake/hrlsim_interfaces__rosidl_generator_cppExport.cmake
[0.541s] -- Up-to-date: /home/cthornton/data/local/college/research/arl/code/sims/airsim/ros_ws/install/hrlsim_interfaces/share/hrlsim_interfaces/cmake/hrlsim_interfaces__rosidl_typesupport_introspection_cppExport.cmake
[0.541s] -- Up-to-date: /home/cthornton/data/local/college/research/arl/code/sims/airsim/ros_ws/install/hrlsim_interfaces/share/hrlsim_interfaces/cmake/hrlsim_interfaces__rosidl_typesupport_introspection_cppExport-debug.cmake
[0.542s] -- Up-to-date: /home/cthornton/data/local/college/research/arl/code/sims/airsim/ros_ws/install/hrlsim_interfaces/share/hrlsim_interfaces/cmake/hrlsim_interfaces__rosidl_typesupport_cppExport.cmake
[0.542s] -- Up-to-date: /home/cthornton/data/local/college/research/arl/code/sims/airsim/ros_ws/install/hrlsim_interfaces/share/hrlsim_interfaces/cmake/hrlsim_interfaces__rosidl_typesupport_cppExport-debug.cmake
[0.542s] -- Up-to-date: /home/cthornton/data/local/college/research/arl/code/sims/airsim/ros_ws/install/hrlsim_interfaces/share/hrlsim_interfaces/cmake/rosidl_cmake-extras.cmake
[0.542s] -- Up-to-date: /home/cthornton/data/local/college/research/arl/code/sims/airsim/ros_ws/install/hrlsim_interfaces/share/hrlsim_interfaces/cmake/ament_cmake_export_dependencies-extras.cmake
[0.542s] -- Up-to-date: /home/cthornton/data/local/college/research/arl/code/sims/airsim/ros_ws/install/hrlsim_interfaces/share/hrlsim_interfaces/cmake/ament_cmake_export_libraries-extras.cmake
[0.543s] -- Up-to-date: /home/cthornton/data/local/college/research/arl/code/sims/airsim/ros_ws/install/hrlsim_interfaces/share/hrlsim_interfaces/cmake/ament_cmake_export_targets-extras.cmake
[0.543s] -- Up-to-date: /home/cthornton/data/local/college/research/arl/code/sims/airsim/ros_ws/install/hrlsim_interfaces/share/hrlsim_interfaces/cmake/ament_cmake_export_include_directories-extras.cmake
[0.543s] -- Up-to-date: /home/cthornton/data/local/college/research/arl/code/sims/airsim/ros_ws/install/hrlsim_interfaces/share/hrlsim_interfaces/cmake/rosidl_cmake_export_typesupport_libraries-extras.cmake
[0.543s] -- Up-to-date: /home/cthornton/data/local/college/research/arl/code/sims/airsim/ros_ws/install/hrlsim_interfaces/share/hrlsim_interfaces/cmake/rosidl_cmake_export_typesupport_targets-extras.cmake
[0.543s] -- Up-to-date: /home/cthornton/data/local/college/research/arl/code/sims/airsim/ros_ws/install/hrlsim_interfaces/share/hrlsim_interfaces/cmake/hrlsim_interfacesConfig.cmake
[0.544s] -- Up-to-date: /home/cthornton/data/local/college/research/arl/code/sims/airsim/ros_ws/install/hrlsim_interfaces/share/hrlsim_interfaces/cmake/hrlsim_interfacesConfig-version.cmake
[0.544s] -- Up-to-date: /home/cthornton/data/local/college/research/arl/code/sims/airsim/ros_ws/install/hrlsim_interfaces/share/hrlsim_interfaces/package.xml
[0.550s] Invoked command in '/home/cthornton/data/local/college/research/arl/code/sims/airsim/ros_ws/build/hrlsim_interfaces' returned '0': CMAKE_PREFIX_PATH=/home/cthornton/data/local/college/research/arl/code/sims/airsim/ros_ws/install/airsim_interfaces:/home/cthornton/data/local/college/research/arl/code/sims/airsim/ros_ws/install/hrlsim:/opt/ros/foxy:/home/cthornton/Documents/vela/catkin_ws/devel:/home/cthornton/data/local/college/research/arl/code/sims/airsim/ros_ws/install/hrlsim_interfaces:/home/cthornton/data/local/college/research/arl/code/sims/airsim/ros_ws/install/airsim_ros_pkgs LD_LIBRARY_PATH=/home/cthornton/data/local/college/research/arl/code/sims/airsim/ros_ws/install/airsim_interfaces/lib:/home/cthornton/Documents/vela/catkin_ws/devel/lib:/home/cthornton/data/local/college/research/arl/code/sims/airsim/ros_ws/install/hrlsim_interfaces/lib:/home/cthornton/data/local/college/research/arl/code/sims/airsim/ros_ws/install/airsim_ros_pkgs/lib:/opt/ros/foxy/opt/yaml_cpp_vendor/lib:/opt/ros/foxy/opt/rviz_ogre_vendor/lib:/opt/ros/foxy/lib/x86_64-linux-gnu:/opt/ros/foxy/lib PYTHONPATH=/home/cthornton/data/local/college/research/arl/code/sims/airsim/ros_ws/install/airsim_interfaces/lib/python3.8/site-packages:/home/cthornton/Documents/vela/catkin_ws/devel/lib/python2.7/dist-packages:/home/cthornton/data/local/college/research/arl/code/sims/airsim/ros_ws/install/hrlsim/lib/python3.8/site-packages:/home/cthornton/data/local/college/research/arl/code/sims/airsim/ros_ws/install/hrlsim_interfaces/lib/python3.8/site-packages:/opt/ros/foxy/lib/python3.8/site-packages /home/cthornton/.local/bin/cmake --install /home/cthornton/data/local/college/research/arl/code/sims/airsim/ros_ws/build/hrlsim_interfaces
