Not searching for unused variables given on the command line.
[36m--[0m Using CATKIN_DEVEL_PREFIX: /media/storage/local/college/research/arl/sims/airsim/catkin_ws/devel/.private/teleop_twist_joy
[36m--[0m Using CMAKE_PREFIX_PATH: /media/storage/local/college/research/arl/sims/airsim/catkin_ws/devel;/home/cthornton/HDD/local/college/research/golf_cart/coral-agc/catkin_ws/devel;/opt/ros/melodic
[36m--[0m This workspace overlays: /media/storage/local/college/research/arl/sims/airsim/catkin_ws/devel;/home/cthornton/HDD/local/college/research/golf_cart/coral-agc/catkin_ws/devel;/opt/ros/melodic
[36m--[0m Found PythonInterp: /usr/bin/python2 (found suitable version "2.7.17", minimum required is "2")
[36m--[0m Using PYTHON_EXECUTABLE: /usr/bin/python2
[36m--[0m Using Debian Python package layout
[36m--[0m Using empy: /usr/bin/empy
[36m--[0m Using CATKIN_ENABLE_TESTING: ON
[36m--[0m Call enable_testing()
[36m--[0m Using CATKIN_TEST_RESULTS_DIR: /media/storage/local/college/research/arl/sims/airsim/catkin_ws/build/teleop_twist_joy/test_results
[36m--[0m Found gtest sources under '/usr/src/googletest': gtests will be built
[36m--[0m Found gmock sources under '/usr/src/googletest': gmock will be built
[36m--[0m Found PythonInterp: /usr/bin/python2 (found version "2.7.17")
[36m--[0m Using Python nosetests: /usr/bin/nosetests-2.7
[36m--[0m catkin 0.7.28
[36m--[0m BUILD_SHARED_LIBS is on
[36m--[0m Configuring done
You have changed variables that require your cache to be deleted.
Configure will be re-run and you may have to reset some variables.
The following variables have changed:
CMAKE_C_COMPILER= gcc-8
CMAKE_CXX_COMPILER= g++-8
CMAKE_C_COMPILER= gcc-8
CMAKE_CXX_COMPILER= g++-8
CMAKE_CXX_COMPILER= g++-8
CMAKE_C_COMPILER= gcc-8
CMAKE_CXX_COMPILER= g++-8
CMAKE_C_COMPILER= gcc-8

[36m--[0m The C compiler identification is GNU 8.4.0
[36m--[0m The CXX compiler identification is GNU 8.4.0
[36m--[0m Check for working C compiler: /usr/bin/gcc-8
[36m--[0m Check for working C compiler: /usr/bin/gcc-8 -- works
[36m--[0m Detecting C compiler ABI info
[36m--[0m Detecting C compiler ABI info - done
[36m--[0m Detecting C compile features
[36m--[0m Detecting C compile features - done
[36m--[0m Check for working CXX compiler: /usr/bin/g++-8
[36m--[0m Check for working CXX compiler: /usr/bin/g++-8 -- works
[36m--[0m Detecting CXX compiler ABI info
[36m--[0m Detecting CXX compiler ABI info - done
[36m--[0m Detecting CXX compile features
[36m--[0m Detecting CXX compile features - done
[36m--[0m Using CATKIN_DEVEL_PREFIX: /media/storage/local/college/research/arl/sims/airsim/catkin_ws/build/teleop_twist_joy/devel
[36m--[0m Using CMAKE_PREFIX_PATH: /media/storage/local/college/research/arl/sims/airsim/catkin_ws/devel;/home/cthornton/HDD/local/college/research/golf_cart/coral-agc/catkin_ws/devel;/opt/ros/melodic
[36m--[0m This workspace overlays: /media/storage/local/college/research/arl/sims/airsim/catkin_ws/devel;/home/cthornton/HDD/local/college/research/golf_cart/coral-agc/catkin_ws/devel;/opt/ros/melodic
[36m--[0m Found PythonInterp: /usr/bin/python2 (found suitable version "2.7.17", minimum required is "2")
[36m--[0m Using PYTHON_EXECUTABLE: /usr/bin/python2
[36m--[0m Using Debian Python package layout
[36m--[0m Using empy: /usr/bin/empy
[36m--[0m Using CATKIN_ENABLE_TESTING: ON
[36m--[0m Call enable_testing()
[36m--[0m Using CATKIN_TEST_RESULTS_DIR: /media/storage/local/college/research/arl/sims/airsim/catkin_ws/build/teleop_twist_joy/test_results
[36m--[0m Found gtest sources under '/usr/src/googletest': gtests will be built
[36m--[0m Found gmock sources under '/usr/src/googletest': gmock will be built
[36m--[0m Found PythonInterp: /usr/bin/python2 (found version "2.7.17")
[36m--[0m Looking for pthread.h
[36m--[0m Looking for pthread.h - found
[36m--[0m Looking for pthread_create
[36m--[0m Looking for pthread_create - not found
[36m--[0m Looking for pthread_create in pthreads
[36m--[0m Looking for pthread_create in pthreads - not found
[36m--[0m Looking for pthread_create in pthread
[36m--[0m Looking for pthread_create in pthread - found
[36m--[0m Found Threads: TRUE
[36m--[0m Using Python nosetests: /usr/bin/nosetests-2.7
[36m--[0m catkin 0.7.28
[36m--[0m BUILD_SHARED_LIBS is on
[36m--[0m Configuring done
[36m--[0m Generating done
[36m--[0m Build files have been written to: /media/storage/local/college/research/arl/sims/airsim/catkin_ws/build/teleop_twist_joy
