[0.343s] DEBUG:colcon:Command line arguments: ['/usr/bin/colcon', 'build', '--cmake-args', '-DCMAKE_C_COMPILER=gcc-8', '--cmake-args', '-DCMAKE_CXX_COMPILER=g++-8', '--cmake-args', '-DCMAKE_BUILD_TYPE=Debug']
[0.343s] DEBUG:colcon:Parsed command line arguments: Namespace(ament_cmake_args=None, base_paths=['.'], build_base='build', catkin_cmake_args=None, catkin_skip_building_tests=False, cmake_args=['-DCMAKE_BUILD_TYPE=Debug'], cmake_clean_cache=False, cmake_clean_first=False, cmake_force_configure=False, cmake_target=None, cmake_target_skip_unavailable=False, continue_on_error=False, event_handlers=None, executor='parallel', ignore_user_meta=False, install_base='install', log_base=None, log_level=None, main=<bound method BuildVerb.main of <colcon_core.verb.build.BuildVerb object at 0x7f423b5fa9a0>>, merge_install=False, metas=['./colcon.meta'], packages_above=None, packages_above_and_dependencies=None, packages_above_depth=None, packages_end=None, packages_ignore=None, packages_ignore_regex=None, packages_select=None, packages_select_build_failed=False, packages_select_by_dep=None, packages_select_regex=None, packages_select_test_failures=False, packages_skip=None, packages_skip_build_finished=False, packages_skip_by_dep=None, packages_skip_regex=None, packages_skip_test_passed=False, packages_skip_up_to=None, packages_start=None, packages_up_to=None, packages_up_to_regex=None, parallel_workers=12, paths=None, symlink_install=False, test_result_base=None, verb_extension=<colcon_core.verb.build.BuildVerb object at 0x7f423b5fa9a0>, verb_name='build', verb_parser=<colcon_defaults.argument_parser.defaults.DefaultArgumentsDecorator object at 0x7f423b5faf10>)
[0.350s] Level 1:colcon.colcon_core.package_discovery:discover_packages(colcon_meta) check parameters
[0.350s] Level 1:colcon.colcon_core.package_discovery:discover_packages(recursive) check parameters
[0.350s] Level 1:colcon.colcon_core.package_discovery:discover_packages(ignore) check parameters
[0.350s] Level 1:colcon.colcon_core.package_discovery:discover_packages(path) check parameters
[0.350s] Level 1:colcon.colcon_core.package_discovery:discover_packages(colcon_meta) discover
[0.350s] Level 1:colcon.colcon_core.package_discovery:discover_packages(recursive) discover
[0.350s] INFO:colcon.colcon_core.package_discovery:Crawling recursively for packages in '/home/cthornton/data/local/college/research/arl/code/sims/airsim/ros_ws'
[0.351s] Level 1:colcon.colcon_core.package_identification:_identify(.) by extensions ['ignore', 'ignore_ament_install']
[0.351s] Level 1:colcon.colcon_core.package_identification:_identify(.) by extension 'ignore'
[0.351s] Level 1:colcon.colcon_core.package_identification:_identify(.) by extension 'ignore_ament_install'
[0.351s] Level 1:colcon.colcon_core.package_identification:_identify(.) by extensions ['colcon_pkg']
[0.351s] Level 1:colcon.colcon_core.package_identification:_identify(.) by extension 'colcon_pkg'
[0.351s] Level 1:colcon.colcon_core.package_identification:_identify(.) by extensions ['colcon_meta']
[0.351s] Level 1:colcon.colcon_core.package_identification:_identify(.) by extension 'colcon_meta'
[0.351s] Level 1:colcon.colcon_core.package_identification:_identify(.) by extensions ['ros']
[0.351s] Level 1:colcon.colcon_core.package_identification:_identify(.) by extension 'ros'
[0.365s] Level 1:colcon.colcon_core.package_identification:_identify(.) by extensions ['cmake', 'python']
[0.366s] Level 1:colcon.colcon_core.package_identification:_identify(.) by extension 'cmake'
[0.366s] Level 1:colcon.colcon_core.package_identification:_identify(.) by extension 'python'
[0.366s] Level 1:colcon.colcon_core.package_identification:_identify(.) by extensions ['python_setup_py']
[0.366s] Level 1:colcon.colcon_core.package_identification:_identify(.) by extension 'python_setup_py'
[0.366s] Level 1:colcon.colcon_core.package_identification:_identify(build) by extensions ['ignore', 'ignore_ament_install']
[0.366s] Level 1:colcon.colcon_core.package_identification:_identify(build) by extension 'ignore'
[0.366s] Level 1:colcon.colcon_core.package_identification:_identify(build) ignored
[0.367s] Level 1:colcon.colcon_core.package_identification:_identify(install) by extensions ['ignore', 'ignore_ament_install']
[0.367s] Level 1:colcon.colcon_core.package_identification:_identify(install) by extension 'ignore'
[0.367s] Level 1:colcon.colcon_core.package_identification:_identify(install) ignored
[0.368s] Level 1:colcon.colcon_core.package_identification:_identify(log) by extensions ['ignore', 'ignore_ament_install']
[0.368s] Level 1:colcon.colcon_core.package_identification:_identify(log) by extension 'ignore'
[0.368s] Level 1:colcon.colcon_core.package_identification:_identify(log) ignored
[0.368s] Level 1:colcon.colcon_core.package_identification:_identify(src) by extensions ['ignore', 'ignore_ament_install']
[0.368s] Level 1:colcon.colcon_core.package_identification:_identify(src) by extension 'ignore'
[0.368s] Level 1:colcon.colcon_core.package_identification:_identify(src) by extension 'ignore_ament_install'
[0.368s] Level 1:colcon.colcon_core.package_identification:_identify(src) by extensions ['colcon_pkg']
[0.368s] Level 1:colcon.colcon_core.package_identification:_identify(src) by extension 'colcon_pkg'
[0.369s] Level 1:colcon.colcon_core.package_identification:_identify(src) by extensions ['colcon_meta']
[0.369s] Level 1:colcon.colcon_core.package_identification:_identify(src) by extension 'colcon_meta'
[0.369s] Level 1:colcon.colcon_core.package_identification:_identify(src) by extensions ['ros']
[0.369s] Level 1:colcon.colcon_core.package_identification:_identify(src) by extension 'ros'
[0.369s] Level 1:colcon.colcon_core.package_identification:_identify(src) by extensions ['cmake', 'python']
[0.369s] Level 1:colcon.colcon_core.package_identification:_identify(src) by extension 'cmake'
[0.369s] Level 1:colcon.colcon_core.package_identification:_identify(src) by extension 'python'
[0.369s] Level 1:colcon.colcon_core.package_identification:_identify(src) by extensions ['python_setup_py']
[0.369s] Level 1:colcon.colcon_core.package_identification:_identify(src) by extension 'python_setup_py'
[0.369s] Level 1:colcon.colcon_core.package_identification:_identify(src/airsim_interfaces) by extensions ['ignore', 'ignore_ament_install']
[0.370s] Level 1:colcon.colcon_core.package_identification:_identify(src/airsim_interfaces) by extension 'ignore'
[0.370s] Level 1:colcon.colcon_core.package_identification:_identify(src/airsim_interfaces) by extension 'ignore_ament_install'
[0.370s] Level 1:colcon.colcon_core.package_identification:_identify(src/airsim_interfaces) by extensions ['colcon_pkg']
[0.370s] Level 1:colcon.colcon_core.package_identification:_identify(src/airsim_interfaces) by extension 'colcon_pkg'
[0.370s] Level 1:colcon.colcon_core.package_identification:_identify(src/airsim_interfaces) by extensions ['colcon_meta']
[0.370s] Level 1:colcon.colcon_core.package_identification:_identify(src/airsim_interfaces) by extension 'colcon_meta'
[0.370s] Level 1:colcon.colcon_core.package_identification:_identify(src/airsim_interfaces) by extensions ['ros']
[0.370s] Level 1:colcon.colcon_core.package_identification:_identify(src/airsim_interfaces) by extension 'ros'
[0.373s] DEBUG:colcon.colcon_core.package_identification:Package 'src/airsim_interfaces' with type 'ros.ament_cmake' and name 'airsim_interfaces'
[0.373s] Level 1:colcon.colcon_core.package_identification:_identify(src/airsim_ros_pkgs) by extensions ['ignore', 'ignore_ament_install']
[0.373s] Level 1:colcon.colcon_core.package_identification:_identify(src/airsim_ros_pkgs) by extension 'ignore'
[0.374s] Level 1:colcon.colcon_core.package_identification:_identify(src/airsim_ros_pkgs) by extension 'ignore_ament_install'
[0.374s] Level 1:colcon.colcon_core.package_identification:_identify(src/airsim_ros_pkgs) by extensions ['colcon_pkg']
[0.374s] Level 1:colcon.colcon_core.package_identification:_identify(src/airsim_ros_pkgs) by extension 'colcon_pkg'
[0.374s] Level 1:colcon.colcon_core.package_identification:_identify(src/airsim_ros_pkgs) by extensions ['colcon_meta']
[0.374s] Level 1:colcon.colcon_core.package_identification:_identify(src/airsim_ros_pkgs) by extension 'colcon_meta'
[0.374s] Level 1:colcon.colcon_core.package_identification:_identify(src/airsim_ros_pkgs) by extensions ['ros']
[0.374s] Level 1:colcon.colcon_core.package_identification:_identify(src/airsim_ros_pkgs) by extension 'ros'
[0.376s] DEBUG:colcon.colcon_core.package_identification:Package 'src/airsim_ros_pkgs' with type 'ros.ament_cmake' and name 'airsim_ros_pkgs'
[0.376s] Level 1:colcon.colcon_core.package_identification:_identify(src/hrlsim) by extensions ['ignore', 'ignore_ament_install']
[0.376s] Level 1:colcon.colcon_core.package_identification:_identify(src/hrlsim) by extension 'ignore'
[0.376s] Level 1:colcon.colcon_core.package_identification:_identify(src/hrlsim) by extension 'ignore_ament_install'
[0.376s] Level 1:colcon.colcon_core.package_identification:_identify(src/hrlsim) by extensions ['colcon_pkg']
[0.376s] Level 1:colcon.colcon_core.package_identification:_identify(src/hrlsim) by extension 'colcon_pkg'
[0.376s] Level 1:colcon.colcon_core.package_identification:_identify(src/hrlsim) by extensions ['colcon_meta']
[0.377s] Level 1:colcon.colcon_core.package_identification:_identify(src/hrlsim) by extension 'colcon_meta'
[0.377s] Level 1:colcon.colcon_core.package_identification:_identify(src/hrlsim) by extensions ['ros']
[0.377s] Level 1:colcon.colcon_core.package_identification:_identify(src/hrlsim) by extension 'ros'
[0.378s] DEBUG:colcon.colcon_core.package_identification:Package 'src/hrlsim' with type 'ros.ament_python' and name 'hrlsim'
[0.378s] Level 1:colcon.colcon_core.package_identification:_identify(src/hrlsim_interfaces) by extensions ['ignore', 'ignore_ament_install']
[0.378s] Level 1:colcon.colcon_core.package_identification:_identify(src/hrlsim_interfaces) by extension 'ignore'
[0.378s] Level 1:colcon.colcon_core.package_identification:_identify(src/hrlsim_interfaces) by extension 'ignore_ament_install'
[0.378s] Level 1:colcon.colcon_core.package_identification:_identify(src/hrlsim_interfaces) by extensions ['colcon_pkg']
[0.378s] Level 1:colcon.colcon_core.package_identification:_identify(src/hrlsim_interfaces) by extension 'colcon_pkg'
[0.378s] Level 1:colcon.colcon_core.package_identification:_identify(src/hrlsim_interfaces) by extensions ['colcon_meta']
[0.379s] Level 1:colcon.colcon_core.package_identification:_identify(src/hrlsim_interfaces) by extension 'colcon_meta'
[0.379s] Level 1:colcon.colcon_core.package_identification:_identify(src/hrlsim_interfaces) by extensions ['ros']
[0.379s] Level 1:colcon.colcon_core.package_identification:_identify(src/hrlsim_interfaces) by extension 'ros'
[0.380s] DEBUG:colcon.colcon_core.package_identification:Package 'src/hrlsim_interfaces' with type 'ros.ament_cmake' and name 'hrlsim_interfaces'
[0.380s] Level 1:colcon.colcon_core.package_discovery:discover_packages(recursive) using defaults
[0.380s] Level 1:colcon.colcon_core.package_discovery:discover_packages(ignore) discover
[0.380s] Level 1:colcon.colcon_core.package_discovery:discover_packages(ignore) using defaults
[0.380s] Level 1:colcon.colcon_core.package_discovery:discover_packages(path) discover
[0.380s] Level 1:colcon.colcon_core.package_discovery:discover_packages(path) using defaults
[0.401s] Level 5:colcon.colcon_core.verb:set package 'airsim_interfaces' build argument 'cmake_args' from command line to '['-DCMAKE_BUILD_TYPE=Debug']'
[0.401s] Level 5:colcon.colcon_core.verb:set package 'airsim_interfaces' build argument 'cmake_target' from command line to 'None'
[0.401s] Level 5:colcon.colcon_core.verb:set package 'airsim_interfaces' build argument 'cmake_target_skip_unavailable' from command line to 'False'
[0.401s] Level 5:colcon.colcon_core.verb:set package 'airsim_interfaces' build argument 'cmake_clean_cache' from command line to 'False'
[0.401s] Level 5:colcon.colcon_core.verb:set package 'airsim_interfaces' build argument 'cmake_clean_first' from command line to 'False'
[0.401s] Level 5:colcon.colcon_core.verb:set package 'airsim_interfaces' build argument 'cmake_force_configure' from command line to 'False'
[0.401s] Level 5:colcon.colcon_core.verb:set package 'airsim_interfaces' build argument 'ament_cmake_args' from command line to 'None'
[0.401s] Level 5:colcon.colcon_core.verb:set package 'airsim_interfaces' build argument 'catkin_cmake_args' from command line to 'None'
[0.401s] Level 5:colcon.colcon_core.verb:set package 'airsim_interfaces' build argument 'catkin_skip_building_tests' from command line to 'False'
[0.401s] DEBUG:colcon.colcon_core.verb:Building package 'airsim_interfaces' with the following arguments: {'ament_cmake_args': None, 'build_base': '/home/cthornton/data/local/college/research/arl/code/sims/airsim/ros_ws/build/airsim_interfaces', 'catkin_cmake_args': None, 'catkin_skip_building_tests': False, 'cmake_args': ['-DCMAKE_BUILD_TYPE=Debug'], 'cmake_clean_cache': False, 'cmake_clean_first': False, 'cmake_force_configure': False, 'cmake_target': None, 'cmake_target_skip_unavailable': False, 'install_base': '/home/cthornton/data/local/college/research/arl/code/sims/airsim/ros_ws/install/airsim_interfaces', 'merge_install': False, 'path': '/home/cthornton/data/local/college/research/arl/code/sims/airsim/ros_ws/src/airsim_interfaces', 'symlink_install': False, 'test_result_base': None}
[0.404s] Level 5:colcon.colcon_core.verb:set package 'airsim_ros_pkgs' build argument 'cmake_args' from command line to '['-DCMAKE_BUILD_TYPE=Debug']'
[0.404s] Level 5:colcon.colcon_core.verb:set package 'airsim_ros_pkgs' build argument 'cmake_target' from command line to 'None'
[0.404s] Level 5:colcon.colcon_core.verb:set package 'airsim_ros_pkgs' build argument 'cmake_target_skip_unavailable' from command line to 'False'
[0.404s] Level 5:colcon.colcon_core.verb:set package 'airsim_ros_pkgs' build argument 'cmake_clean_cache' from command line to 'False'
[0.404s] Level 5:colcon.colcon_core.verb:set package 'airsim_ros_pkgs' build argument 'cmake_clean_first' from command line to 'False'
[0.404s] Level 5:colcon.colcon_core.verb:set package 'airsim_ros_pkgs' build argument 'cmake_force_configure' from command line to 'False'
[0.404s] Level 5:colcon.colcon_core.verb:set package 'airsim_ros_pkgs' build argument 'ament_cmake_args' from command line to 'None'
[0.404s] Level 5:colcon.colcon_core.verb:set package 'airsim_ros_pkgs' build argument 'catkin_cmake_args' from command line to 'None'
[0.404s] Level 5:colcon.colcon_core.verb:set package 'airsim_ros_pkgs' build argument 'catkin_skip_building_tests' from command line to 'False'
[0.404s] DEBUG:colcon.colcon_core.verb:Building package 'airsim_ros_pkgs' with the following arguments: {'ament_cmake_args': None, 'build_base': '/home/cthornton/data/local/college/research/arl/code/sims/airsim/ros_ws/build/airsim_ros_pkgs', 'catkin_cmake_args': None, 'catkin_skip_building_tests': False, 'cmake_args': ['-DCMAKE_BUILD_TYPE=Debug'], 'cmake_clean_cache': False, 'cmake_clean_first': False, 'cmake_force_configure': False, 'cmake_target': None, 'cmake_target_skip_unavailable': False, 'install_base': '/home/cthornton/data/local/college/research/arl/code/sims/airsim/ros_ws/install/airsim_ros_pkgs', 'merge_install': False, 'path': '/home/cthornton/data/local/college/research/arl/code/sims/airsim/ros_ws/src/airsim_ros_pkgs', 'symlink_install': False, 'test_result_base': None}
[0.407s] Level 5:colcon.colcon_core.verb:set package 'hrlsim_interfaces' build argument 'cmake_args' from command line to '['-DCMAKE_BUILD_TYPE=Debug']'
[0.407s] Level 5:colcon.colcon_core.verb:set package 'hrlsim_interfaces' build argument 'cmake_target' from command line to 'None'
[0.408s] Level 5:colcon.colcon_core.verb:set package 'hrlsim_interfaces' build argument 'cmake_target_skip_unavailable' from command line to 'False'
[0.408s] Level 5:colcon.colcon_core.verb:set package 'hrlsim_interfaces' build argument 'cmake_clean_cache' from command line to 'False'
[0.408s] Level 5:colcon.colcon_core.verb:set package 'hrlsim_interfaces' build argument 'cmake_clean_first' from command line to 'False'
[0.408s] Level 5:colcon.colcon_core.verb:set package 'hrlsim_interfaces' build argument 'cmake_force_configure' from command line to 'False'
[0.408s] Level 5:colcon.colcon_core.verb:set package 'hrlsim_interfaces' build argument 'ament_cmake_args' from command line to 'None'
[0.408s] Level 5:colcon.colcon_core.verb:set package 'hrlsim_interfaces' build argument 'catkin_cmake_args' from command line to 'None'
[0.408s] Level 5:colcon.colcon_core.verb:set package 'hrlsim_interfaces' build argument 'catkin_skip_building_tests' from command line to 'False'
[0.408s] DEBUG:colcon.colcon_core.verb:Building package 'hrlsim_interfaces' with the following arguments: {'ament_cmake_args': None, 'build_base': '/home/cthornton/data/local/college/research/arl/code/sims/airsim/ros_ws/build/hrlsim_interfaces', 'catkin_cmake_args': None, 'catkin_skip_building_tests': False, 'cmake_args': ['-DCMAKE_BUILD_TYPE=Debug'], 'cmake_clean_cache': False, 'cmake_clean_first': False, 'cmake_force_configure': False, 'cmake_target': None, 'cmake_target_skip_unavailable': False, 'install_base': '/home/cthornton/data/local/college/research/arl/code/sims/airsim/ros_ws/install/hrlsim_interfaces', 'merge_install': False, 'path': '/home/cthornton/data/local/college/research/arl/code/sims/airsim/ros_ws/src/hrlsim_interfaces', 'symlink_install': False, 'test_result_base': None}
[0.411s] Level 5:colcon.colcon_core.verb:set package 'hrlsim' build argument 'cmake_args' from command line to '['-DCMAKE_BUILD_TYPE=Debug']'
[0.411s] Level 5:colcon.colcon_core.verb:set package 'hrlsim' build argument 'cmake_target' from command line to 'None'
[0.411s] Level 5:colcon.colcon_core.verb:set package 'hrlsim' build argument 'cmake_target_skip_unavailable' from command line to 'False'
[0.411s] Level 5:colcon.colcon_core.verb:set package 'hrlsim' build argument 'cmake_clean_cache' from command line to 'False'
[0.411s] Level 5:colcon.colcon_core.verb:set package 'hrlsim' build argument 'cmake_clean_first' from command line to 'False'
[0.411s] Level 5:colcon.colcon_core.verb:set package 'hrlsim' build argument 'cmake_force_configure' from command line to 'False'
[0.411s] Level 5:colcon.colcon_core.verb:set package 'hrlsim' build argument 'ament_cmake_args' from command line to 'None'
[0.411s] Level 5:colcon.colcon_core.verb:set package 'hrlsim' build argument 'catkin_cmake_args' from command line to 'None'
[0.411s] Level 5:colcon.colcon_core.verb:set package 'hrlsim' build argument 'catkin_skip_building_tests' from command line to 'False'
[0.412s] DEBUG:colcon.colcon_core.verb:Building package 'hrlsim' with the following arguments: {'ament_cmake_args': None, 'build_base': '/home/cthornton/data/local/college/research/arl/code/sims/airsim/ros_ws/build/hrlsim', 'catkin_cmake_args': None, 'catkin_skip_building_tests': False, 'cmake_args': ['-DCMAKE_BUILD_TYPE=Debug'], 'cmake_clean_cache': False, 'cmake_clean_first': False, 'cmake_force_configure': False, 'cmake_target': None, 'cmake_target_skip_unavailable': False, 'install_base': '/home/cthornton/data/local/college/research/arl/code/sims/airsim/ros_ws/install/hrlsim', 'merge_install': False, 'path': '/home/cthornton/data/local/college/research/arl/code/sims/airsim/ros_ws/src/hrlsim', 'symlink_install': False, 'test_result_base': None}
[0.412s] INFO:colcon.colcon_core.executor:Executing jobs using 'parallel' executor
[0.414s] DEBUG:colcon.colcon_parallel_executor.executor.parallel:run_until_complete
[0.415s] INFO:colcon.colcon_ros.task.ament_cmake.build:Building ROS package in '/home/cthornton/data/local/college/research/arl/code/sims/airsim/ros_ws/src/airsim_interfaces' with build type 'ament_cmake'
[0.415s] INFO:colcon.colcon_cmake.task.cmake.build:Building CMake package in '/home/cthornton/data/local/college/research/arl/code/sims/airsim/ros_ws/src/airsim_interfaces'
[0.425s] INFO:colcon.colcon_core.plugin_system:Skipping extension 'colcon_core.shell.bat': Not used on non-Windows systems
[0.425s] INFO:colcon.colcon_core.shell:Skip shell extension 'powershell' for command environment: Not usable outside of PowerShell
[0.425s] DEBUG:colcon.colcon_core.shell:Skip shell extension 'dsv' for command environment
[0.430s] DEBUG:colcon.colcon_core.shell:Ignoring prefix path '/opt/ros/foxy'
[0.431s] DEBUG:colcon.colcon_core.shell:Ignoring prefix path '/home/cthornton/Documents/vela/catkin_ws/devel'
[0.442s] DEBUG:colcon.colcon_core.event_handler.log_command:Invoking command in '/home/cthornton/data/local/college/research/arl/code/sims/airsim/ros_ws/build/airsim_interfaces': CMAKE_PREFIX_PATH=/home/cthornton/data/local/college/research/arl/code/sims/airsim/ros_ws/install/hrlsim:/opt/ros/foxy:${CMAKE_PREFIX_PATH} /home/cthornton/.local/bin/cmake --build /home/cthornton/data/local/college/research/arl/code/sims/airsim/ros_ws/build/airsim_interfaces -- -j12 -l12
[0.726s] DEBUG:colcon.colcon_core.event_handler.log_command:Invoked command in '/home/cthornton/data/local/college/research/arl/code/sims/airsim/ros_ws/build/airsim_interfaces' returned '0': CMAKE_PREFIX_PATH=/home/cthornton/data/local/college/research/arl/code/sims/airsim/ros_ws/install/hrlsim:/opt/ros/foxy:${CMAKE_PREFIX_PATH} /home/cthornton/.local/bin/cmake --build /home/cthornton/data/local/college/research/arl/code/sims/airsim/ros_ws/build/airsim_interfaces -- -j12 -l12
[1.327s] DEBUG:colcon.colcon_core.event_handler.log_command:Invoking command in '/home/cthornton/data/local/college/research/arl/code/sims/airsim/ros_ws/build/airsim_interfaces': CMAKE_PREFIX_PATH=/home/cthornton/data/local/college/research/arl/code/sims/airsim/ros_ws/install/hrlsim:/opt/ros/foxy:${CMAKE_PREFIX_PATH} /home/cthornton/.local/bin/cmake --install /home/cthornton/data/local/college/research/arl/code/sims/airsim/ros_ws/build/airsim_interfaces
[1.524s] Level 1:colcon.colcon_core.environment:create_environment_scripts_only(airsim_interfaces)
[1.525s] DEBUG:colcon.colcon_core.event_handler.log_command:Invoked command in '/home/cthornton/data/local/college/research/arl/code/sims/airsim/ros_ws/build/airsim_interfaces' returned '0': CMAKE_PREFIX_PATH=/home/cthornton/data/local/college/research/arl/code/sims/airsim/ros_ws/install/hrlsim:/opt/ros/foxy:${CMAKE_PREFIX_PATH} /home/cthornton/.local/bin/cmake --install /home/cthornton/data/local/college/research/arl/code/sims/airsim/ros_ws/build/airsim_interfaces
[1.531s] Level 1:colcon.colcon_core.environment:checking '/home/cthornton/data/local/college/research/arl/code/sims/airsim/ros_ws/install/airsim_interfaces' for CMake module files
[1.533s] Level 1:colcon.colcon_core.environment:checking '/home/cthornton/data/local/college/research/arl/code/sims/airsim/ros_ws/install/airsim_interfaces' for CMake config files
[1.535s] Level 1:colcon.colcon_core.shell:create_environment_hook('airsim_interfaces', 'cmake_prefix_path')
[1.536s] INFO:colcon.colcon_core.shell:Creating environment hook '/home/cthornton/data/local/college/research/arl/code/sims/airsim/ros_ws/install/airsim_interfaces/share/airsim_interfaces/hook/cmake_prefix_path.ps1'
[1.537s] INFO:colcon.colcon_core.shell:Creating environment descriptor '/home/cthornton/data/local/college/research/arl/code/sims/airsim/ros_ws/install/airsim_interfaces/share/airsim_interfaces/hook/cmake_prefix_path.dsv'
[1.537s] INFO:colcon.colcon_core.shell:Creating environment hook '/home/cthornton/data/local/college/research/arl/code/sims/airsim/ros_ws/install/airsim_interfaces/share/airsim_interfaces/hook/cmake_prefix_path.sh'
[1.538s] Level 1:colcon.colcon_core.environment:checking '/home/cthornton/data/local/college/research/arl/code/sims/airsim/ros_ws/install/airsim_interfaces/lib'
[1.539s] Level 1:colcon.colcon_core.shell:create_environment_hook('airsim_interfaces', 'ld_library_path_lib')
[1.539s] INFO:colcon.colcon_core.shell:Creating environment hook '/home/cthornton/data/local/college/research/arl/code/sims/airsim/ros_ws/install/airsim_interfaces/share/airsim_interfaces/hook/ld_library_path_lib.ps1'
[1.540s] INFO:colcon.colcon_core.shell:Creating environment descriptor '/home/cthornton/data/local/college/research/arl/code/sims/airsim/ros_ws/install/airsim_interfaces/share/airsim_interfaces/hook/ld_library_path_lib.dsv'
[1.540s] INFO:colcon.colcon_core.shell:Creating environment hook '/home/cthornton/data/local/college/research/arl/code/sims/airsim/ros_ws/install/airsim_interfaces/share/airsim_interfaces/hook/ld_library_path_lib.sh'
[1.541s] Level 1:colcon.colcon_core.environment:checking '/home/cthornton/data/local/college/research/arl/code/sims/airsim/ros_ws/install/airsim_interfaces/bin'
[1.541s] Level 1:colcon.colcon_core.environment:checking '/home/cthornton/data/local/college/research/arl/code/sims/airsim/ros_ws/install/airsim_interfaces/lib/pkgconfig/airsim_interfaces.pc'
[1.541s] Level 1:colcon.colcon_core.environment:checking '/home/cthornton/data/local/college/research/arl/code/sims/airsim/ros_ws/install/airsim_interfaces/lib/python3.8/site-packages'
[1.541s] Level 1:colcon.colcon_core.shell:create_environment_hook('airsim_interfaces', 'pythonpath')
[1.542s] INFO:colcon.colcon_core.shell:Creating environment hook '/home/cthornton/data/local/college/research/arl/code/sims/airsim/ros_ws/install/airsim_interfaces/share/airsim_interfaces/hook/pythonpath.ps1'
[1.542s] INFO:colcon.colcon_core.shell:Creating environment descriptor '/home/cthornton/data/local/college/research/arl/code/sims/airsim/ros_ws/install/airsim_interfaces/share/airsim_interfaces/hook/pythonpath.dsv'
[1.543s] INFO:colcon.colcon_core.shell:Creating environment hook '/home/cthornton/data/local/college/research/arl/code/sims/airsim/ros_ws/install/airsim_interfaces/share/airsim_interfaces/hook/pythonpath.sh'
[1.544s] INFO:colcon.colcon_core.shell:Creating package script '/home/cthornton/data/local/college/research/arl/code/sims/airsim/ros_ws/install/airsim_interfaces/share/airsim_interfaces/package.ps1'
[1.545s] INFO:colcon.colcon_core.shell:Creating package descriptor '/home/cthornton/data/local/college/research/arl/code/sims/airsim/ros_ws/install/airsim_interfaces/share/airsim_interfaces/package.dsv'
[1.546s] INFO:colcon.colcon_core.shell:Creating package script '/home/cthornton/data/local/college/research/arl/code/sims/airsim/ros_ws/install/airsim_interfaces/share/airsim_interfaces/package.sh'
[1.548s] INFO:colcon.colcon_core.shell:Creating package script '/home/cthornton/data/local/college/research/arl/code/sims/airsim/ros_ws/install/airsim_interfaces/share/airsim_interfaces/package.bash'
[1.549s] INFO:colcon.colcon_core.shell:Creating package script '/home/cthornton/data/local/college/research/arl/code/sims/airsim/ros_ws/install/airsim_interfaces/share/airsim_interfaces/package.zsh'
[1.550s] Level 1:colcon.colcon_core.environment:create_file_with_runtime_dependencies(/home/cthornton/data/local/college/research/arl/code/sims/airsim/ros_ws/install/airsim_interfaces/share/colcon-core/packages/airsim_interfaces)
[2.122s] Level 1:colcon.colcon_core.environment:create_environment_scripts_only(airsim_interfaces)
[2.124s] Level 1:colcon.colcon_core.environment:checking '/home/cthornton/data/local/college/research/arl/code/sims/airsim/ros_ws/install/airsim_interfaces' for CMake module files
[2.126s] Level 1:colcon.colcon_core.environment:checking '/home/cthornton/data/local/college/research/arl/code/sims/airsim/ros_ws/install/airsim_interfaces' for CMake config files
[2.128s] Level 1:colcon.colcon_core.shell:create_environment_hook('airsim_interfaces', 'cmake_prefix_path')
[2.129s] INFO:colcon.colcon_core.shell:Creating environment hook '/home/cthornton/data/local/college/research/arl/code/sims/airsim/ros_ws/install/airsim_interfaces/share/airsim_interfaces/hook/cmake_prefix_path.ps1'
[2.130s] INFO:colcon.colcon_core.shell:Creating environment descriptor '/home/cthornton/data/local/college/research/arl/code/sims/airsim/ros_ws/install/airsim_interfaces/share/airsim_interfaces/hook/cmake_prefix_path.dsv'
[2.131s] INFO:colcon.colcon_core.shell:Creating environment hook '/home/cthornton/data/local/college/research/arl/code/sims/airsim/ros_ws/install/airsim_interfaces/share/airsim_interfaces/hook/cmake_prefix_path.sh'
[2.132s] Level 1:colcon.colcon_core.environment:checking '/home/cthornton/data/local/college/research/arl/code/sims/airsim/ros_ws/install/airsim_interfaces/lib'
[2.132s] Level 1:colcon.colcon_core.shell:create_environment_hook('airsim_interfaces', 'ld_library_path_lib')
[2.133s] INFO:colcon.colcon_core.shell:Creating environment hook '/home/cthornton/data/local/college/research/arl/code/sims/airsim/ros_ws/install/airsim_interfaces/share/airsim_interfaces/hook/ld_library_path_lib.ps1'
[2.134s] INFO:colcon.colcon_core.shell:Creating environment descriptor '/home/cthornton/data/local/college/research/arl/code/sims/airsim/ros_ws/install/airsim_interfaces/share/airsim_interfaces/hook/ld_library_path_lib.dsv'
[2.135s] INFO:colcon.colcon_core.shell:Creating environment hook '/home/cthornton/data/local/college/research/arl/code/sims/airsim/ros_ws/install/airsim_interfaces/share/airsim_interfaces/hook/ld_library_path_lib.sh'
[2.136s] Level 1:colcon.colcon_core.environment:checking '/home/cthornton/data/local/college/research/arl/code/sims/airsim/ros_ws/install/airsim_interfaces/bin'
[2.136s] Level 1:colcon.colcon_core.environment:checking '/home/cthornton/data/local/college/research/arl/code/sims/airsim/ros_ws/install/airsim_interfaces/lib/pkgconfig/airsim_interfaces.pc'
[2.136s] Level 1:colcon.colcon_core.environment:checking '/home/cthornton/data/local/college/research/arl/code/sims/airsim/ros_ws/install/airsim_interfaces/lib/python3.8/site-packages'
[2.136s] Level 1:colcon.colcon_core.shell:create_environment_hook('airsim_interfaces', 'pythonpath')
[2.137s] INFO:colcon.colcon_core.shell:Creating environment hook '/home/cthornton/data/local/college/research/arl/code/sims/airsim/ros_ws/install/airsim_interfaces/share/airsim_interfaces/hook/pythonpath.ps1'
[2.138s] INFO:colcon.colcon_core.shell:Creating environment descriptor '/home/cthornton/data/local/college/research/arl/code/sims/airsim/ros_ws/install/airsim_interfaces/share/airsim_interfaces/hook/pythonpath.dsv'
[2.138s] INFO:colcon.colcon_core.shell:Creating environment hook '/home/cthornton/data/local/college/research/arl/code/sims/airsim/ros_ws/install/airsim_interfaces/share/airsim_interfaces/hook/pythonpath.sh'
[2.140s] INFO:colcon.colcon_core.shell:Creating package script '/home/cthornton/data/local/college/research/arl/code/sims/airsim/ros_ws/install/airsim_interfaces/share/airsim_interfaces/package.ps1'
[2.141s] INFO:colcon.colcon_core.shell:Creating package descriptor '/home/cthornton/data/local/college/research/arl/code/sims/airsim/ros_ws/install/airsim_interfaces/share/airsim_interfaces/package.dsv'
[2.142s] INFO:colcon.colcon_core.shell:Creating package script '/home/cthornton/data/local/college/research/arl/code/sims/airsim/ros_ws/install/airsim_interfaces/share/airsim_interfaces/package.sh'
[2.143s] INFO:colcon.colcon_core.shell:Creating package script '/home/cthornton/data/local/college/research/arl/code/sims/airsim/ros_ws/install/airsim_interfaces/share/airsim_interfaces/package.bash'
[2.144s] INFO:colcon.colcon_core.shell:Creating package script '/home/cthornton/data/local/college/research/arl/code/sims/airsim/ros_ws/install/airsim_interfaces/share/airsim_interfaces/package.zsh'
[2.145s] Level 1:colcon.colcon_core.environment:create_file_with_runtime_dependencies(/home/cthornton/data/local/college/research/arl/code/sims/airsim/ros_ws/install/airsim_interfaces/share/colcon-core/packages/airsim_interfaces)
[2.146s] INFO:colcon.colcon_ros.task.ament_cmake.build:Building ROS package in '/home/cthornton/data/local/college/research/arl/code/sims/airsim/ros_ws/src/hrlsim_interfaces' with build type 'ament_cmake'
[2.146s] INFO:colcon.colcon_cmake.task.cmake.build:Building CMake package in '/home/cthornton/data/local/college/research/arl/code/sims/airsim/ros_ws/src/hrlsim_interfaces'
[2.147s] INFO:colcon.colcon_core.shell:Skip shell extension 'powershell' for command environment: Not usable outside of PowerShell
[2.147s] DEBUG:colcon.colcon_core.shell:Skip shell extension 'dsv' for command environment
[2.152s] DEBUG:colcon.colcon_core.shell:Ignoring prefix path '/opt/ros/foxy'
[2.152s] DEBUG:colcon.colcon_core.shell:Ignoring prefix path '/home/cthornton/Documents/vela/catkin_ws/devel'
[2.156s] INFO:colcon.colcon_ros.task.ament_cmake.build:Building ROS package in '/home/cthornton/data/local/college/research/arl/code/sims/airsim/ros_ws/src/airsim_ros_pkgs' with build type 'ament_cmake'
[2.156s] INFO:colcon.colcon_cmake.task.cmake.build:Building CMake package in '/home/cthornton/data/local/college/research/arl/code/sims/airsim/ros_ws/src/airsim_ros_pkgs'
[2.158s] INFO:colcon.colcon_core.shell:Skip shell extension 'powershell' for command environment: Not usable outside of PowerShell
[2.158s] DEBUG:colcon.colcon_core.shell:Skip shell extension 'dsv' for command environment
[2.164s] DEBUG:colcon.colcon_core.shell:Ignoring prefix path '/opt/ros/foxy'
[2.164s] DEBUG:colcon.colcon_core.shell:Ignoring prefix path '/home/cthornton/Documents/vela/catkin_ws/devel'
[2.178s] DEBUG:colcon.colcon_core.event_handler.log_command:Invoking command in '/home/cthornton/data/local/college/research/arl/code/sims/airsim/ros_ws/build/hrlsim_interfaces': CMAKE_PREFIX_PATH=/home/cthornton/data/local/college/research/arl/code/sims/airsim/ros_ws/install/airsim_interfaces:/home/cthornton/data/local/college/research/arl/code/sims/airsim/ros_ws/install/hrlsim:/opt/ros/foxy:/home/cthornton/Documents/vela/catkin_ws/devel:/home/cthornton/data/local/college/research/arl/code/sims/airsim/ros_ws/install/hrlsim_interfaces:/home/cthornton/data/local/college/research/arl/code/sims/airsim/ros_ws/install/airsim_ros_pkgs LD_LIBRARY_PATH=/home/cthornton/data/local/college/research/arl/code/sims/airsim/ros_ws/install/airsim_interfaces/lib:/home/cthornton/Documents/vela/catkin_ws/devel/lib:/home/cthornton/data/local/college/research/arl/code/sims/airsim/ros_ws/install/hrlsim_interfaces/lib:/home/cthornton/data/local/college/research/arl/code/sims/airsim/ros_ws/install/airsim_ros_pkgs/lib:/opt/ros/foxy/opt/yaml_cpp_vendor/lib:/opt/ros/foxy/opt/rviz_ogre_vendor/lib:/opt/ros/foxy/lib/x86_64-linux-gnu:/opt/ros/foxy/lib PYTHONPATH=/home/cthornton/data/local/college/research/arl/code/sims/airsim/ros_ws/install/airsim_interfaces/lib/python3.8/site-packages:/home/cthornton/Documents/vela/catkin_ws/devel/lib/python2.7/dist-packages:/home/cthornton/data/local/college/research/arl/code/sims/airsim/ros_ws/install/hrlsim/lib/python3.8/site-packages:/home/cthornton/data/local/college/research/arl/code/sims/airsim/ros_ws/install/hrlsim_interfaces/lib/python3.8/site-packages:/opt/ros/foxy/lib/python3.8/site-packages /home/cthornton/.local/bin/cmake --build /home/cthornton/data/local/college/research/arl/code/sims/airsim/ros_ws/build/hrlsim_interfaces -- -j12 -l12
[2.188s] DEBUG:colcon.colcon_core.event_handler.log_command:Invoking command in '/home/cthornton/data/local/college/research/arl/code/sims/airsim/ros_ws/build/airsim_ros_pkgs': CMAKE_PREFIX_PATH=/home/cthornton/data/local/college/research/arl/code/sims/airsim/ros_ws/install/airsim_interfaces:/home/cthornton/data/local/college/research/arl/code/sims/airsim/ros_ws/install/hrlsim:/opt/ros/foxy:/home/cthornton/Documents/vela/catkin_ws/devel:/home/cthornton/data/local/college/research/arl/code/sims/airsim/ros_ws/install/hrlsim_interfaces:/home/cthornton/data/local/college/research/arl/code/sims/airsim/ros_ws/install/airsim_ros_pkgs LD_LIBRARY_PATH=/home/cthornton/data/local/college/research/arl/code/sims/airsim/ros_ws/install/airsim_interfaces/lib:/home/cthornton/Documents/vela/catkin_ws/devel/lib:/home/cthornton/data/local/college/research/arl/code/sims/airsim/ros_ws/install/hrlsim_interfaces/lib:/home/cthornton/data/local/college/research/arl/code/sims/airsim/ros_ws/install/airsim_ros_pkgs/lib:/opt/ros/foxy/opt/yaml_cpp_vendor/lib:/opt/ros/foxy/opt/rviz_ogre_vendor/lib:/opt/ros/foxy/lib/x86_64-linux-gnu:/opt/ros/foxy/lib PYTHONPATH=/home/cthornton/data/local/college/research/arl/code/sims/airsim/ros_ws/install/airsim_interfaces/lib/python3.8/site-packages:/home/cthornton/Documents/vela/catkin_ws/devel/lib/python2.7/dist-packages:/home/cthornton/data/local/college/research/arl/code/sims/airsim/ros_ws/install/hrlsim/lib/python3.8/site-packages:/home/cthornton/data/local/college/research/arl/code/sims/airsim/ros_ws/install/hrlsim_interfaces/lib/python3.8/site-packages:/opt/ros/foxy/lib/python3.8/site-packages /home/cthornton/.local/bin/cmake --build /home/cthornton/data/local/college/research/arl/code/sims/airsim/ros_ws/build/airsim_ros_pkgs -- -j12 -l12
[2.521s] DEBUG:colcon.colcon_core.event_handler.log_command:Invoked command in '/home/cthornton/data/local/college/research/arl/code/sims/airsim/ros_ws/build/hrlsim_interfaces' returned '0': CMAKE_PREFIX_PATH=/home/cthornton/data/local/college/research/arl/code/sims/airsim/ros_ws/install/airsim_interfaces:/home/cthornton/data/local/college/research/arl/code/sims/airsim/ros_ws/install/hrlsim:/opt/ros/foxy:/home/cthornton/Documents/vela/catkin_ws/devel:/home/cthornton/data/local/college/research/arl/code/sims/airsim/ros_ws/install/hrlsim_interfaces:/home/cthornton/data/local/college/research/arl/code/sims/airsim/ros_ws/install/airsim_ros_pkgs LD_LIBRARY_PATH=/home/cthornton/data/local/college/research/arl/code/sims/airsim/ros_ws/install/airsim_interfaces/lib:/home/cthornton/Documents/vela/catkin_ws/devel/lib:/home/cthornton/data/local/college/research/arl/code/sims/airsim/ros_ws/install/hrlsim_interfaces/lib:/home/cthornton/data/local/college/research/arl/code/sims/airsim/ros_ws/install/airsim_ros_pkgs/lib:/opt/ros/foxy/opt/yaml_cpp_vendor/lib:/opt/ros/foxy/opt/rviz_ogre_vendor/lib:/opt/ros/foxy/lib/x86_64-linux-gnu:/opt/ros/foxy/lib PYTHONPATH=/home/cthornton/data/local/college/research/arl/code/sims/airsim/ros_ws/install/airsim_interfaces/lib/python3.8/site-packages:/home/cthornton/Documents/vela/catkin_ws/devel/lib/python2.7/dist-packages:/home/cthornton/data/local/college/research/arl/code/sims/airsim/ros_ws/install/hrlsim/lib/python3.8/site-packages:/home/cthornton/data/local/college/research/arl/code/sims/airsim/ros_ws/install/hrlsim_interfaces/lib/python3.8/site-packages:/opt/ros/foxy/lib/python3.8/site-packages /home/cthornton/.local/bin/cmake --build /home/cthornton/data/local/college/research/arl/code/sims/airsim/ros_ws/build/hrlsim_interfaces -- -j12 -l12
[2.710s] DEBUG:colcon.colcon_core.event_handler.log_command:Invoked command in '/home/cthornton/data/local/college/research/arl/code/sims/airsim/ros_ws/build/airsim_ros_pkgs' returned '0': CMAKE_PREFIX_PATH=/home/cthornton/data/local/college/research/arl/code/sims/airsim/ros_ws/install/airsim_interfaces:/home/cthornton/data/local/college/research/arl/code/sims/airsim/ros_ws/install/hrlsim:/opt/ros/foxy:/home/cthornton/Documents/vela/catkin_ws/devel:/home/cthornton/data/local/college/research/arl/code/sims/airsim/ros_ws/install/hrlsim_interfaces:/home/cthornton/data/local/college/research/arl/code/sims/airsim/ros_ws/install/airsim_ros_pkgs LD_LIBRARY_PATH=/home/cthornton/data/local/college/research/arl/code/sims/airsim/ros_ws/install/airsim_interfaces/lib:/home/cthornton/Documents/vela/catkin_ws/devel/lib:/home/cthornton/data/local/college/research/arl/code/sims/airsim/ros_ws/install/hrlsim_interfaces/lib:/home/cthornton/data/local/college/research/arl/code/sims/airsim/ros_ws/install/airsim_ros_pkgs/lib:/opt/ros/foxy/opt/yaml_cpp_vendor/lib:/opt/ros/foxy/opt/rviz_ogre_vendor/lib:/opt/ros/foxy/lib/x86_64-linux-gnu:/opt/ros/foxy/lib PYTHONPATH=/home/cthornton/data/local/college/research/arl/code/sims/airsim/ros_ws/install/airsim_interfaces/lib/python3.8/site-packages:/home/cthornton/Documents/vela/catkin_ws/devel/lib/python2.7/dist-packages:/home/cthornton/data/local/college/research/arl/code/sims/airsim/ros_ws/install/hrlsim/lib/python3.8/site-packages:/home/cthornton/data/local/college/research/arl/code/sims/airsim/ros_ws/install/hrlsim_interfaces/lib/python3.8/site-packages:/opt/ros/foxy/lib/python3.8/site-packages /home/cthornton/.local/bin/cmake --build /home/cthornton/data/local/college/research/arl/code/sims/airsim/ros_ws/build/airsim_ros_pkgs -- -j12 -l12
[2.818s] DEBUG:colcon.colcon_core.event_handler.log_command:Invoking command in '/home/cthornton/data/local/college/research/arl/code/sims/airsim/ros_ws/build/airsim_ros_pkgs': CMAKE_PREFIX_PATH=/home/cthornton/data/local/college/research/arl/code/sims/airsim/ros_ws/install/airsim_interfaces:/home/cthornton/data/local/college/research/arl/code/sims/airsim/ros_ws/install/hrlsim:/opt/ros/foxy:/home/cthornton/Documents/vela/catkin_ws/devel:/home/cthornton/data/local/college/research/arl/code/sims/airsim/ros_ws/install/hrlsim_interfaces:/home/cthornton/data/local/college/research/arl/code/sims/airsim/ros_ws/install/airsim_ros_pkgs LD_LIBRARY_PATH=/home/cthornton/data/local/college/research/arl/code/sims/airsim/ros_ws/install/airsim_interfaces/lib:/home/cthornton/Documents/vela/catkin_ws/devel/lib:/home/cthornton/data/local/college/research/arl/code/sims/airsim/ros_ws/install/hrlsim_interfaces/lib:/home/cthornton/data/local/college/research/arl/code/sims/airsim/ros_ws/install/airsim_ros_pkgs/lib:/opt/ros/foxy/opt/yaml_cpp_vendor/lib:/opt/ros/foxy/opt/rviz_ogre_vendor/lib:/opt/ros/foxy/lib/x86_64-linux-gnu:/opt/ros/foxy/lib PYTHONPATH=/home/cthornton/data/local/college/research/arl/code/sims/airsim/ros_ws/install/airsim_interfaces/lib/python3.8/site-packages:/home/cthornton/Documents/vela/catkin_ws/devel/lib/python2.7/dist-packages:/home/cthornton/data/local/college/research/arl/code/sims/airsim/ros_ws/install/hrlsim/lib/python3.8/site-packages:/home/cthornton/data/local/college/research/arl/code/sims/airsim/ros_ws/install/hrlsim_interfaces/lib/python3.8/site-packages:/opt/ros/foxy/lib/python3.8/site-packages /home/cthornton/.local/bin/cmake --install /home/cthornton/data/local/college/research/arl/code/sims/airsim/ros_ws/build/airsim_ros_pkgs
[2.832s] DEBUG:colcon.colcon_core.event_handler.log_command:Invoking command in '/home/cthornton/data/local/college/research/arl/code/sims/airsim/ros_ws/build/hrlsim_interfaces': CMAKE_PREFIX_PATH=/home/cthornton/data/local/college/research/arl/code/sims/airsim/ros_ws/install/airsim_interfaces:/home/cthornton/data/local/college/research/arl/code/sims/airsim/ros_ws/install/hrlsim:/opt/ros/foxy:/home/cthornton/Documents/vela/catkin_ws/devel:/home/cthornton/data/local/college/research/arl/code/sims/airsim/ros_ws/install/hrlsim_interfaces:/home/cthornton/data/local/college/research/arl/code/sims/airsim/ros_ws/install/airsim_ros_pkgs LD_LIBRARY_PATH=/home/cthornton/data/local/college/research/arl/code/sims/airsim/ros_ws/install/airsim_interfaces/lib:/home/cthornton/Documents/vela/catkin_ws/devel/lib:/home/cthornton/data/local/college/research/arl/code/sims/airsim/ros_ws/install/hrlsim_interfaces/lib:/home/cthornton/data/local/college/research/arl/code/sims/airsim/ros_ws/install/airsim_ros_pkgs/lib:/opt/ros/foxy/opt/yaml_cpp_vendor/lib:/opt/ros/foxy/opt/rviz_ogre_vendor/lib:/opt/ros/foxy/lib/x86_64-linux-gnu:/opt/ros/foxy/lib PYTHONPATH=/home/cthornton/data/local/college/research/arl/code/sims/airsim/ros_ws/install/airsim_interfaces/lib/python3.8/site-packages:/home/cthornton/Documents/vela/catkin_ws/devel/lib/python2.7/dist-packages:/home/cthornton/data/local/college/research/arl/code/sims/airsim/ros_ws/install/hrlsim/lib/python3.8/site-packages:/home/cthornton/data/local/college/research/arl/code/sims/airsim/ros_ws/install/hrlsim_interfaces/lib/python3.8/site-packages:/opt/ros/foxy/lib/python3.8/site-packages /home/cthornton/.local/bin/cmake --install /home/cthornton/data/local/college/research/arl/code/sims/airsim/ros_ws/build/hrlsim_interfaces
[3.016s] Level 1:colcon.colcon_core.environment:create_environment_scripts_only(hrlsim_interfaces)
[3.017s] Level 1:colcon.colcon_core.environment:checking '/home/cthornton/data/local/college/research/arl/code/sims/airsim/ros_ws/install/hrlsim_interfaces' for CMake module files
[3.022s] Level 1:colcon.colcon_core.environment:checking '/home/cthornton/data/local/college/research/arl/code/sims/airsim/ros_ws/install/hrlsim_interfaces' for CMake config files
[3.029s] Level 1:colcon.colcon_core.shell:create_environment_hook('hrlsim_interfaces', 'cmake_prefix_path')
[3.030s] INFO:colcon.colcon_core.shell:Creating environment hook '/home/cthornton/data/local/college/research/arl/code/sims/airsim/ros_ws/install/hrlsim_interfaces/share/hrlsim_interfaces/hook/cmake_prefix_path.ps1'
[3.031s] INFO:colcon.colcon_core.shell:Creating environment descriptor '/home/cthornton/data/local/college/research/arl/code/sims/airsim/ros_ws/install/hrlsim_interfaces/share/hrlsim_interfaces/hook/cmake_prefix_path.dsv'
[3.032s] INFO:colcon.colcon_core.shell:Creating environment hook '/home/cthornton/data/local/college/research/arl/code/sims/airsim/ros_ws/install/hrlsim_interfaces/share/hrlsim_interfaces/hook/cmake_prefix_path.sh'
[3.033s] Level 1:colcon.colcon_core.environment:checking '/home/cthornton/data/local/college/research/arl/code/sims/airsim/ros_ws/install/hrlsim_interfaces/lib'
[3.034s] Level 1:colcon.colcon_core.shell:create_environment_hook('hrlsim_interfaces', 'ld_library_path_lib')
[3.035s] INFO:colcon.colcon_core.shell:Creating environment hook '/home/cthornton/data/local/college/research/arl/code/sims/airsim/ros_ws/install/hrlsim_interfaces/share/hrlsim_interfaces/hook/ld_library_path_lib.ps1'
[3.036s] INFO:colcon.colcon_core.shell:Creating environment descriptor '/home/cthornton/data/local/college/research/arl/code/sims/airsim/ros_ws/install/hrlsim_interfaces/share/hrlsim_interfaces/hook/ld_library_path_lib.dsv'
[3.037s] INFO:colcon.colcon_core.shell:Creating environment hook '/home/cthornton/data/local/college/research/arl/code/sims/airsim/ros_ws/install/hrlsim_interfaces/share/hrlsim_interfaces/hook/ld_library_path_lib.sh'
[3.038s] Level 1:colcon.colcon_core.environment:checking '/home/cthornton/data/local/college/research/arl/code/sims/airsim/ros_ws/install/hrlsim_interfaces/bin'
[3.038s] Level 1:colcon.colcon_core.environment:checking '/home/cthornton/data/local/college/research/arl/code/sims/airsim/ros_ws/install/hrlsim_interfaces/lib/pkgconfig/hrlsim_interfaces.pc'
[3.039s] Level 1:colcon.colcon_core.environment:checking '/home/cthornton/data/local/college/research/arl/code/sims/airsim/ros_ws/install/hrlsim_interfaces/lib/python3.8/site-packages'
[3.039s] Level 1:colcon.colcon_core.shell:create_environment_hook('hrlsim_interfaces', 'pythonpath')
[3.040s] INFO:colcon.colcon_core.shell:Creating environment hook '/home/cthornton/data/local/college/research/arl/code/sims/airsim/ros_ws/install/hrlsim_interfaces/share/hrlsim_interfaces/hook/pythonpath.ps1'
[3.041s] INFO:colcon.colcon_core.shell:Creating environment descriptor '/home/cthornton/data/local/college/research/arl/code/sims/airsim/ros_ws/install/hrlsim_interfaces/share/hrlsim_interfaces/hook/pythonpath.dsv'
[3.042s] INFO:colcon.colcon_core.shell:Creating environment hook '/home/cthornton/data/local/college/research/arl/code/sims/airsim/ros_ws/install/hrlsim_interfaces/share/hrlsim_interfaces/hook/pythonpath.sh'
[3.044s] INFO:colcon.colcon_core.shell:Creating package script '/home/cthornton/data/local/college/research/arl/code/sims/airsim/ros_ws/install/hrlsim_interfaces/share/hrlsim_interfaces/package.ps1'
[3.045s] INFO:colcon.colcon_core.shell:Creating package descriptor '/home/cthornton/data/local/college/research/arl/code/sims/airsim/ros_ws/install/hrlsim_interfaces/share/hrlsim_interfaces/package.dsv'
[3.047s] INFO:colcon.colcon_core.shell:Creating package script '/home/cthornton/data/local/college/research/arl/code/sims/airsim/ros_ws/install/hrlsim_interfaces/share/hrlsim_interfaces/package.sh'
[3.048s] INFO:colcon.colcon_core.shell:Creating package script '/home/cthornton/data/local/college/research/arl/code/sims/airsim/ros_ws/install/hrlsim_interfaces/share/hrlsim_interfaces/package.bash'
[3.049s] INFO:colcon.colcon_core.shell:Creating package script '/home/cthornton/data/local/college/research/arl/code/sims/airsim/ros_ws/install/hrlsim_interfaces/share/hrlsim_interfaces/package.zsh'
[3.050s] Level 1:colcon.colcon_core.environment:create_file_with_runtime_dependencies(/home/cthornton/data/local/college/research/arl/code/sims/airsim/ros_ws/install/hrlsim_interfaces/share/colcon-core/packages/hrlsim_interfaces)
[3.086s] Level 1:colcon.colcon_core.environment:create_environment_scripts_only(airsim_ros_pkgs)
[3.087s] Level 1:colcon.colcon_core.environment:checking '/home/cthornton/data/local/college/research/arl/code/sims/airsim/ros_ws/install/airsim_ros_pkgs' for CMake module files
[3.090s] Level 1:colcon.colcon_core.environment:checking '/home/cthornton/data/local/college/research/arl/code/sims/airsim/ros_ws/install/airsim_ros_pkgs' for CMake config files
[3.107s] Level 1:colcon.colcon_core.shell:create_environment_hook('airsim_ros_pkgs', 'cmake_prefix_path')
[3.108s] INFO:colcon.colcon_core.shell:Creating environment hook '/home/cthornton/data/local/college/research/arl/code/sims/airsim/ros_ws/install/airsim_ros_pkgs/share/airsim_ros_pkgs/hook/cmake_prefix_path.ps1'
[3.109s] INFO:colcon.colcon_core.shell:Creating environment descriptor '/home/cthornton/data/local/college/research/arl/code/sims/airsim/ros_ws/install/airsim_ros_pkgs/share/airsim_ros_pkgs/hook/cmake_prefix_path.dsv'
[3.110s] INFO:colcon.colcon_core.shell:Creating environment hook '/home/cthornton/data/local/college/research/arl/code/sims/airsim/ros_ws/install/airsim_ros_pkgs/share/airsim_ros_pkgs/hook/cmake_prefix_path.sh'
[3.111s] Level 1:colcon.colcon_core.environment:checking '/home/cthornton/data/local/college/research/arl/code/sims/airsim/ros_ws/install/airsim_ros_pkgs/lib'
[3.112s] DEBUG:colcon.colcon_core.event_handler.log_command:Invoked command in '/home/cthornton/data/local/college/research/arl/code/sims/airsim/ros_ws/build/hrlsim_interfaces' returned '0': CMAKE_PREFIX_PATH=/home/cthornton/data/local/college/research/arl/code/sims/airsim/ros_ws/install/airsim_interfaces:/home/cthornton/data/local/college/research/arl/code/sims/airsim/ros_ws/install/hrlsim:/opt/ros/foxy:/home/cthornton/Documents/vela/catkin_ws/devel:/home/cthornton/data/local/college/research/arl/code/sims/airsim/ros_ws/install/hrlsim_interfaces:/home/cthornton/data/local/college/research/arl/code/sims/airsim/ros_ws/install/airsim_ros_pkgs LD_LIBRARY_PATH=/home/cthornton/data/local/college/research/arl/code/sims/airsim/ros_ws/install/airsim_interfaces/lib:/home/cthornton/Documents/vela/catkin_ws/devel/lib:/home/cthornton/data/local/college/research/arl/code/sims/airsim/ros_ws/install/hrlsim_interfaces/lib:/home/cthornton/data/local/college/research/arl/code/sims/airsim/ros_ws/install/airsim_ros_pkgs/lib:/opt/ros/foxy/opt/yaml_cpp_vendor/lib:/opt/ros/foxy/opt/rviz_ogre_vendor/lib:/opt/ros/foxy/lib/x86_64-linux-gnu:/opt/ros/foxy/lib PYTHONPATH=/home/cthornton/data/local/college/research/arl/code/sims/airsim/ros_ws/install/airsim_interfaces/lib/python3.8/site-packages:/home/cthornton/Documents/vela/catkin_ws/devel/lib/python2.7/dist-packages:/home/cthornton/data/local/college/research/arl/code/sims/airsim/ros_ws/install/hrlsim/lib/python3.8/site-packages:/home/cthornton/data/local/college/research/arl/code/sims/airsim/ros_ws/install/hrlsim_interfaces/lib/python3.8/site-packages:/opt/ros/foxy/lib/python3.8/site-packages /home/cthornton/.local/bin/cmake --install /home/cthornton/data/local/college/research/arl/code/sims/airsim/ros_ws/build/hrlsim_interfaces
[3.112s] Level 1:colcon.colcon_core.environment:checking '/home/cthornton/data/local/college/research/arl/code/sims/airsim/ros_ws/install/airsim_ros_pkgs/bin'
[3.112s] Level 1:colcon.colcon_core.environment:checking '/home/cthornton/data/local/college/research/arl/code/sims/airsim/ros_ws/install/airsim_ros_pkgs/lib/pkgconfig/airsim_ros_pkgs.pc'
[3.112s] Level 1:colcon.colcon_core.environment:checking '/home/cthornton/data/local/college/research/arl/code/sims/airsim/ros_ws/install/airsim_ros_pkgs/lib/python3.8/site-packages'
[3.114s] INFO:colcon.colcon_core.shell:Creating package script '/home/cthornton/data/local/college/research/arl/code/sims/airsim/ros_ws/install/airsim_ros_pkgs/share/airsim_ros_pkgs/package.ps1'
[3.115s] INFO:colcon.colcon_core.shell:Creating package descriptor '/home/cthornton/data/local/college/research/arl/code/sims/airsim/ros_ws/install/airsim_ros_pkgs/share/airsim_ros_pkgs/package.dsv'
[3.116s] INFO:colcon.colcon_core.shell:Creating package script '/home/cthornton/data/local/college/research/arl/code/sims/airsim/ros_ws/install/airsim_ros_pkgs/share/airsim_ros_pkgs/package.sh'
[3.117s] INFO:colcon.colcon_core.shell:Creating package script '/home/cthornton/data/local/college/research/arl/code/sims/airsim/ros_ws/install/airsim_ros_pkgs/share/airsim_ros_pkgs/package.bash'
[3.118s] INFO:colcon.colcon_core.shell:Creating package script '/home/cthornton/data/local/college/research/arl/code/sims/airsim/ros_ws/install/airsim_ros_pkgs/share/airsim_ros_pkgs/package.zsh'
[3.119s] Level 1:colcon.colcon_core.environment:create_file_with_runtime_dependencies(/home/cthornton/data/local/college/research/arl/code/sims/airsim/ros_ws/install/airsim_ros_pkgs/share/colcon-core/packages/airsim_ros_pkgs)
[3.199s] DEBUG:colcon.colcon_core.event_handler.log_command:Invoked command in '/home/cthornton/data/local/college/research/arl/code/sims/airsim/ros_ws/build/airsim_ros_pkgs' returned '0': CMAKE_PREFIX_PATH=/home/cthornton/data/local/college/research/arl/code/sims/airsim/ros_ws/install/airsim_interfaces:/home/cthornton/data/local/college/research/arl/code/sims/airsim/ros_ws/install/hrlsim:/opt/ros/foxy:/home/cthornton/Documents/vela/catkin_ws/devel:/home/cthornton/data/local/college/research/arl/code/sims/airsim/ros_ws/install/hrlsim_interfaces:/home/cthornton/data/local/college/research/arl/code/sims/airsim/ros_ws/install/airsim_ros_pkgs LD_LIBRARY_PATH=/home/cthornton/data/local/college/research/arl/code/sims/airsim/ros_ws/install/airsim_interfaces/lib:/home/cthornton/Documents/vela/catkin_ws/devel/lib:/home/cthornton/data/local/college/research/arl/code/sims/airsim/ros_ws/install/hrlsim_interfaces/lib:/home/cthornton/data/local/college/research/arl/code/sims/airsim/ros_ws/install/airsim_ros_pkgs/lib:/opt/ros/foxy/opt/yaml_cpp_vendor/lib:/opt/ros/foxy/opt/rviz_ogre_vendor/lib:/opt/ros/foxy/lib/x86_64-linux-gnu:/opt/ros/foxy/lib PYTHONPATH=/home/cthornton/data/local/college/research/arl/code/sims/airsim/ros_ws/install/airsim_interfaces/lib/python3.8/site-packages:/home/cthornton/Documents/vela/catkin_ws/devel/lib/python2.7/dist-packages:/home/cthornton/data/local/college/research/arl/code/sims/airsim/ros_ws/install/hrlsim/lib/python3.8/site-packages:/home/cthornton/data/local/college/research/arl/code/sims/airsim/ros_ws/install/hrlsim_interfaces/lib/python3.8/site-packages:/opt/ros/foxy/lib/python3.8/site-packages /home/cthornton/.local/bin/cmake --install /home/cthornton/data/local/college/research/arl/code/sims/airsim/ros_ws/build/airsim_ros_pkgs
[3.241s] Level 1:colcon.colcon_core.environment:create_environment_scripts_only(airsim_ros_pkgs)
[3.242s] Level 1:colcon.colcon_core.environment:checking '/home/cthornton/data/local/college/research/arl/code/sims/airsim/ros_ws/install/airsim_ros_pkgs' for CMake module files
[3.244s] Level 1:colcon.colcon_core.environment:checking '/home/cthornton/data/local/college/research/arl/code/sims/airsim/ros_ws/install/airsim_ros_pkgs' for CMake config files
[3.254s] Level 1:colcon.colcon_core.shell:create_environment_hook('airsim_ros_pkgs', 'cmake_prefix_path')
[3.255s] INFO:colcon.colcon_core.shell:Creating environment hook '/home/cthornton/data/local/college/research/arl/code/sims/airsim/ros_ws/install/airsim_ros_pkgs/share/airsim_ros_pkgs/hook/cmake_prefix_path.ps1'
[3.256s] INFO:colcon.colcon_core.shell:Creating environment descriptor '/home/cthornton/data/local/college/research/arl/code/sims/airsim/ros_ws/install/airsim_ros_pkgs/share/airsim_ros_pkgs/hook/cmake_prefix_path.dsv'
[3.256s] INFO:colcon.colcon_core.shell:Creating environment hook '/home/cthornton/data/local/college/research/arl/code/sims/airsim/ros_ws/install/airsim_ros_pkgs/share/airsim_ros_pkgs/hook/cmake_prefix_path.sh'
[3.257s] Level 1:colcon.colcon_core.environment:checking '/home/cthornton/data/local/college/research/arl/code/sims/airsim/ros_ws/install/airsim_ros_pkgs/lib'
[3.257s] Level 1:colcon.colcon_core.environment:checking '/home/cthornton/data/local/college/research/arl/code/sims/airsim/ros_ws/install/airsim_ros_pkgs/bin'
[3.257s] Level 1:colcon.colcon_core.environment:checking '/home/cthornton/data/local/college/research/arl/code/sims/airsim/ros_ws/install/airsim_ros_pkgs/lib/pkgconfig/airsim_ros_pkgs.pc'
[3.257s] Level 1:colcon.colcon_core.environment:checking '/home/cthornton/data/local/college/research/arl/code/sims/airsim/ros_ws/install/airsim_ros_pkgs/lib/python3.8/site-packages'
[3.258s] INFO:colcon.colcon_core.shell:Creating package script '/home/cthornton/data/local/college/research/arl/code/sims/airsim/ros_ws/install/airsim_ros_pkgs/share/airsim_ros_pkgs/package.ps1'
[3.259s] INFO:colcon.colcon_core.shell:Creating package descriptor '/home/cthornton/data/local/college/research/arl/code/sims/airsim/ros_ws/install/airsim_ros_pkgs/share/airsim_ros_pkgs/package.dsv'
[3.260s] INFO:colcon.colcon_core.shell:Creating package script '/home/cthornton/data/local/college/research/arl/code/sims/airsim/ros_ws/install/airsim_ros_pkgs/share/airsim_ros_pkgs/package.sh'
[3.260s] INFO:colcon.colcon_core.shell:Creating package script '/home/cthornton/data/local/college/research/arl/code/sims/airsim/ros_ws/install/airsim_ros_pkgs/share/airsim_ros_pkgs/package.bash'
[3.261s] INFO:colcon.colcon_core.shell:Creating package script '/home/cthornton/data/local/college/research/arl/code/sims/airsim/ros_ws/install/airsim_ros_pkgs/share/airsim_ros_pkgs/package.zsh'
[3.262s] Level 1:colcon.colcon_core.environment:create_file_with_runtime_dependencies(/home/cthornton/data/local/college/research/arl/code/sims/airsim/ros_ws/install/airsim_ros_pkgs/share/colcon-core/packages/airsim_ros_pkgs)
[3.347s] Level 1:colcon.colcon_core.environment:create_environment_scripts_only(hrlsim_interfaces)
[3.348s] Level 1:colcon.colcon_core.environment:checking '/home/cthornton/data/local/college/research/arl/code/sims/airsim/ros_ws/install/hrlsim_interfaces' for CMake module files
[3.349s] Level 1:colcon.colcon_core.environment:checking '/home/cthornton/data/local/college/research/arl/code/sims/airsim/ros_ws/install/hrlsim_interfaces' for CMake config files
[3.352s] Level 1:colcon.colcon_core.shell:create_environment_hook('hrlsim_interfaces', 'cmake_prefix_path')
[3.353s] INFO:colcon.colcon_core.shell:Creating environment hook '/home/cthornton/data/local/college/research/arl/code/sims/airsim/ros_ws/install/hrlsim_interfaces/share/hrlsim_interfaces/hook/cmake_prefix_path.ps1'
[3.353s] INFO:colcon.colcon_core.shell:Creating environment descriptor '/home/cthornton/data/local/college/research/arl/code/sims/airsim/ros_ws/install/hrlsim_interfaces/share/hrlsim_interfaces/hook/cmake_prefix_path.dsv'
[3.354s] INFO:colcon.colcon_core.shell:Creating environment hook '/home/cthornton/data/local/college/research/arl/code/sims/airsim/ros_ws/install/hrlsim_interfaces/share/hrlsim_interfaces/hook/cmake_prefix_path.sh'
[3.354s] Level 1:colcon.colcon_core.environment:checking '/home/cthornton/data/local/college/research/arl/code/sims/airsim/ros_ws/install/hrlsim_interfaces/lib'
[3.355s] Level 1:colcon.colcon_core.shell:create_environment_hook('hrlsim_interfaces', 'ld_library_path_lib')
[3.356s] INFO:colcon.colcon_core.shell:Creating environment hook '/home/cthornton/data/local/college/research/arl/code/sims/airsim/ros_ws/install/hrlsim_interfaces/share/hrlsim_interfaces/hook/ld_library_path_lib.ps1'
[3.356s] INFO:colcon.colcon_core.shell:Creating environment descriptor '/home/cthornton/data/local/college/research/arl/code/sims/airsim/ros_ws/install/hrlsim_interfaces/share/hrlsim_interfaces/hook/ld_library_path_lib.dsv'
[3.357s] INFO:colcon.colcon_core.shell:Creating environment hook '/home/cthornton/data/local/college/research/arl/code/sims/airsim/ros_ws/install/hrlsim_interfaces/share/hrlsim_interfaces/hook/ld_library_path_lib.sh'
[3.357s] Level 1:colcon.colcon_core.environment:checking '/home/cthornton/data/local/college/research/arl/code/sims/airsim/ros_ws/install/hrlsim_interfaces/bin'
[3.357s] Level 1:colcon.colcon_core.environment:checking '/home/cthornton/data/local/college/research/arl/code/sims/airsim/ros_ws/install/hrlsim_interfaces/lib/pkgconfig/hrlsim_interfaces.pc'
[3.357s] Level 1:colcon.colcon_core.environment:checking '/home/cthornton/data/local/college/research/arl/code/sims/airsim/ros_ws/install/hrlsim_interfaces/lib/python3.8/site-packages'
[3.357s] Level 1:colcon.colcon_core.shell:create_environment_hook('hrlsim_interfaces', 'pythonpath')
[3.358s] INFO:colcon.colcon_core.shell:Creating environment hook '/home/cthornton/data/local/college/research/arl/code/sims/airsim/ros_ws/install/hrlsim_interfaces/share/hrlsim_interfaces/hook/pythonpath.ps1'
[3.359s] INFO:colcon.colcon_core.shell:Creating environment descriptor '/home/cthornton/data/local/college/research/arl/code/sims/airsim/ros_ws/install/hrlsim_interfaces/share/hrlsim_interfaces/hook/pythonpath.dsv'
[3.359s] INFO:colcon.colcon_core.shell:Creating environment hook '/home/cthornton/data/local/college/research/arl/code/sims/airsim/ros_ws/install/hrlsim_interfaces/share/hrlsim_interfaces/hook/pythonpath.sh'
[3.360s] INFO:colcon.colcon_core.shell:Creating package script '/home/cthornton/data/local/college/research/arl/code/sims/airsim/ros_ws/install/hrlsim_interfaces/share/hrlsim_interfaces/package.ps1'
[3.361s] INFO:colcon.colcon_core.shell:Creating package descriptor '/home/cthornton/data/local/college/research/arl/code/sims/airsim/ros_ws/install/hrlsim_interfaces/share/hrlsim_interfaces/package.dsv'
[3.362s] INFO:colcon.colcon_core.shell:Creating package script '/home/cthornton/data/local/college/research/arl/code/sims/airsim/ros_ws/install/hrlsim_interfaces/share/hrlsim_interfaces/package.sh'
[3.362s] INFO:colcon.colcon_core.shell:Creating package script '/home/cthornton/data/local/college/research/arl/code/sims/airsim/ros_ws/install/hrlsim_interfaces/share/hrlsim_interfaces/package.bash'
[3.363s] INFO:colcon.colcon_core.shell:Creating package script '/home/cthornton/data/local/college/research/arl/code/sims/airsim/ros_ws/install/hrlsim_interfaces/share/hrlsim_interfaces/package.zsh'
[3.363s] Level 1:colcon.colcon_core.environment:create_file_with_runtime_dependencies(/home/cthornton/data/local/college/research/arl/code/sims/airsim/ros_ws/install/hrlsim_interfaces/share/colcon-core/packages/hrlsim_interfaces)
[3.364s] INFO:colcon.colcon_ros.task.ament_python.build:Building ROS package in '/home/cthornton/data/local/college/research/arl/code/sims/airsim/ros_ws/src/hrlsim' with build type 'ament_python'
[3.364s] Level 1:colcon.colcon_core.shell:create_environment_hook('hrlsim', 'ament_prefix_path')
[3.365s] INFO:colcon.colcon_core.shell:Creating environment hook '/home/cthornton/data/local/college/research/arl/code/sims/airsim/ros_ws/install/hrlsim/share/hrlsim/hook/ament_prefix_path.ps1'
[3.366s] INFO:colcon.colcon_core.shell:Creating environment descriptor '/home/cthornton/data/local/college/research/arl/code/sims/airsim/ros_ws/install/hrlsim/share/hrlsim/hook/ament_prefix_path.dsv'
[3.367s] INFO:colcon.colcon_core.shell:Creating environment hook '/home/cthornton/data/local/college/research/arl/code/sims/airsim/ros_ws/install/hrlsim/share/hrlsim/hook/ament_prefix_path.sh'
[3.368s] INFO:colcon.colcon_core.shell:Skip shell extension 'powershell' for command environment: Not usable outside of PowerShell
[3.368s] DEBUG:colcon.colcon_core.shell:Skip shell extension 'dsv' for command environment
[3.371s] DEBUG:colcon.colcon_core.shell:Ignoring prefix path '/opt/ros/foxy'
[3.372s] DEBUG:colcon.colcon_core.shell:Ignoring prefix path '/home/cthornton/Documents/vela/catkin_ws/devel'
[3.668s] INFO:colcon.colcon_core.task.python.build:Building Python package in '/home/cthornton/data/local/college/research/arl/code/sims/airsim/ros_ws/src/hrlsim'
[3.669s] INFO:colcon.colcon_core.shell:Skip shell extension 'powershell' for command environment: Not usable outside of PowerShell
[3.669s] DEBUG:colcon.colcon_core.shell:Skip shell extension 'dsv' for command environment
[3.672s] DEBUG:colcon.colcon_core.shell:Ignoring prefix path '/opt/ros/foxy'
[3.673s] DEBUG:colcon.colcon_core.shell:Ignoring prefix path '/home/cthornton/Documents/vela/catkin_ws/devel'
[3.688s] DEBUG:colcon.colcon_core.event_handler.log_command:Invoking command in '/home/cthornton/data/local/college/research/arl/code/sims/airsim/ros_ws/src/hrlsim': CMAKE_PREFIX_PATH=/home/cthornton/data/local/college/research/arl/code/sims/airsim/ros_ws/install/hrlsim_interfaces:/home/cthornton/data/local/college/research/arl/code/sims/airsim/ros_ws/install/airsim_interfaces:/home/cthornton/Documents/vela/catkin_ws/devel:/home/cthornton/data/local/college/research/arl/code/sims/airsim/ros_ws/install/airsim_ros_pkgs LD_LIBRARY_PATH=/home/cthornton/data/local/college/research/arl/code/sims/airsim/ros_ws/install/hrlsim_interfaces/lib:/home/cthornton/data/local/college/research/arl/code/sims/airsim/ros_ws/install/airsim_interfaces/lib:/home/cthornton/Documents/vela/catkin_ws/devel/lib:/home/cthornton/data/local/college/research/arl/code/sims/airsim/ros_ws/install/airsim_ros_pkgs/lib:/opt/ros/foxy/opt/yaml_cpp_vendor/lib:/opt/ros/foxy/opt/rviz_ogre_vendor/lib:/opt/ros/foxy/lib/x86_64-linux-gnu:/opt/ros/foxy/lib PYTHONPATH=/home/cthornton/data/local/college/research/arl/code/sims/airsim/ros_ws/install/hrlsim/lib/python3.8/site-packages:/home/cthornton/data/local/college/research/arl/code/sims/airsim/ros_ws/install/hrlsim_interfaces/lib/python3.8/site-packages:/home/cthornton/data/local/college/research/arl/code/sims/airsim/ros_ws/install/airsim_interfaces/lib/python3.8/site-packages:/home/cthornton/Documents/vela/catkin_ws/devel/lib/python2.7/dist-packages:/home/cthornton/data/local/college/research/arl/code/sims/airsim/ros_ws/install/hrlsim/lib/python3.8/site-packages:/opt/ros/foxy/lib/python3.8/site-packages /usr/bin/python3 setup.py egg_info --egg-base ../../build/hrlsim build --build-base /home/cthornton/data/local/college/research/arl/code/sims/airsim/ros_ws/build/hrlsim/build install --prefix /home/cthornton/data/local/college/research/arl/code/sims/airsim/ros_ws/install/hrlsim --record /home/cthornton/data/local/college/research/arl/code/sims/airsim/ros_ws/build/hrlsim/install.log --single-version-externally-managed
[4.083s] Level 1:colcon.colcon_core.environment:checking '/home/cthornton/data/local/college/research/arl/code/sims/airsim/ros_ws/install/hrlsim' for CMake module files
[4.084s] DEBUG:colcon.colcon_core.event_handler.log_command:Invoked command in '/home/cthornton/data/local/college/research/arl/code/sims/airsim/ros_ws/src/hrlsim' returned '0': CMAKE_PREFIX_PATH=/home/cthornton/data/local/college/research/arl/code/sims/airsim/ros_ws/install/hrlsim_interfaces:/home/cthornton/data/local/college/research/arl/code/sims/airsim/ros_ws/install/airsim_interfaces:/home/cthornton/Documents/vela/catkin_ws/devel:/home/cthornton/data/local/college/research/arl/code/sims/airsim/ros_ws/install/airsim_ros_pkgs LD_LIBRARY_PATH=/home/cthornton/data/local/college/research/arl/code/sims/airsim/ros_ws/install/hrlsim_interfaces/lib:/home/cthornton/data/local/college/research/arl/code/sims/airsim/ros_ws/install/airsim_interfaces/lib:/home/cthornton/Documents/vela/catkin_ws/devel/lib:/home/cthornton/data/local/college/research/arl/code/sims/airsim/ros_ws/install/airsim_ros_pkgs/lib:/opt/ros/foxy/opt/yaml_cpp_vendor/lib:/opt/ros/foxy/opt/rviz_ogre_vendor/lib:/opt/ros/foxy/lib/x86_64-linux-gnu:/opt/ros/foxy/lib PYTHONPATH=/home/cthornton/data/local/college/research/arl/code/sims/airsim/ros_ws/install/hrlsim/lib/python3.8/site-packages:/home/cthornton/data/local/college/research/arl/code/sims/airsim/ros_ws/install/hrlsim_interfaces/lib/python3.8/site-packages:/home/cthornton/data/local/college/research/arl/code/sims/airsim/ros_ws/install/airsim_interfaces/lib/python3.8/site-packages:/home/cthornton/Documents/vela/catkin_ws/devel/lib/python2.7/dist-packages:/home/cthornton/data/local/college/research/arl/code/sims/airsim/ros_ws/install/hrlsim/lib/python3.8/site-packages:/opt/ros/foxy/lib/python3.8/site-packages /usr/bin/python3 setup.py egg_info --egg-base ../../build/hrlsim build --build-base /home/cthornton/data/local/college/research/arl/code/sims/airsim/ros_ws/build/hrlsim/build install --prefix /home/cthornton/data/local/college/research/arl/code/sims/airsim/ros_ws/install/hrlsim --record /home/cthornton/data/local/college/research/arl/code/sims/airsim/ros_ws/build/hrlsim/install.log --single-version-externally-managed
[4.084s] Level 1:colcon.colcon_core.environment:checking '/home/cthornton/data/local/college/research/arl/code/sims/airsim/ros_ws/install/hrlsim' for CMake config files
[4.087s] Level 1:colcon.colcon_core.environment:checking '/home/cthornton/data/local/college/research/arl/code/sims/airsim/ros_ws/install/hrlsim/lib'
[4.087s] Level 1:colcon.colcon_core.environment:checking '/home/cthornton/data/local/college/research/arl/code/sims/airsim/ros_ws/install/hrlsim/bin'
[4.088s] Level 1:colcon.colcon_core.environment:checking '/home/cthornton/data/local/college/research/arl/code/sims/airsim/ros_ws/install/hrlsim/lib/pkgconfig/hrlsim.pc'
[4.088s] Level 1:colcon.colcon_core.environment:checking '/home/cthornton/data/local/college/research/arl/code/sims/airsim/ros_ws/install/hrlsim/lib/python3.8/site-packages'
[4.088s] Level 1:colcon.colcon_core.shell:create_environment_hook('hrlsim', 'pythonpath')
[4.089s] INFO:colcon.colcon_core.shell:Creating environment hook '/home/cthornton/data/local/college/research/arl/code/sims/airsim/ros_ws/install/hrlsim/share/hrlsim/hook/pythonpath.ps1'
[4.089s] INFO:colcon.colcon_core.shell:Creating environment descriptor '/home/cthornton/data/local/college/research/arl/code/sims/airsim/ros_ws/install/hrlsim/share/hrlsim/hook/pythonpath.dsv'
[4.090s] INFO:colcon.colcon_core.shell:Creating environment hook '/home/cthornton/data/local/college/research/arl/code/sims/airsim/ros_ws/install/hrlsim/share/hrlsim/hook/pythonpath.sh'
[4.090s] Level 1:colcon.colcon_core.environment:create_environment_scripts_only(hrlsim)
[4.091s] INFO:colcon.colcon_core.shell:Creating package script '/home/cthornton/data/local/college/research/arl/code/sims/airsim/ros_ws/install/hrlsim/share/hrlsim/package.ps1'
[4.092s] INFO:colcon.colcon_core.shell:Creating package descriptor '/home/cthornton/data/local/college/research/arl/code/sims/airsim/ros_ws/install/hrlsim/share/hrlsim/package.dsv'
[4.092s] INFO:colcon.colcon_core.shell:Creating package script '/home/cthornton/data/local/college/research/arl/code/sims/airsim/ros_ws/install/hrlsim/share/hrlsim/package.sh'
[4.093s] INFO:colcon.colcon_core.shell:Creating package script '/home/cthornton/data/local/college/research/arl/code/sims/airsim/ros_ws/install/hrlsim/share/hrlsim/package.bash'
[4.094s] INFO:colcon.colcon_core.shell:Creating package script '/home/cthornton/data/local/college/research/arl/code/sims/airsim/ros_ws/install/hrlsim/share/hrlsim/package.zsh'
[4.094s] Level 1:colcon.colcon_core.environment:create_file_with_runtime_dependencies(/home/cthornton/data/local/college/research/arl/code/sims/airsim/ros_ws/install/hrlsim/share/colcon-core/packages/hrlsim)
[4.094s] DEBUG:colcon.colcon_parallel_executor.executor.parallel:closing loop
[4.095s] DEBUG:colcon.colcon_parallel_executor.executor.parallel:loop closed
[4.095s] DEBUG:colcon.colcon_parallel_executor.executor.parallel:run_until_complete finished with '0'
[4.095s] DEBUG:colcon.colcon_core.event_reactor:joining thread
[4.103s] INFO:colcon.colcon_core.plugin_system:Skipping extension 'colcon_notification.desktop_notification.terminal_notifier': Not used on non-Darwin systems
[4.103s] INFO:colcon.colcon_core.plugin_system:Skipping extension 'colcon_notification.desktop_notification.win32': Not used on non-Windows systems
[4.103s] INFO:colcon.colcon_notification.desktop_notification:Sending desktop notification using 'notify2'
[4.123s] DEBUG:colcon.colcon_core.event_reactor:joined thread
[4.124s] INFO:colcon.colcon_core.shell:Creating prefix script '/home/cthornton/data/local/college/research/arl/code/sims/airsim/ros_ws/install/local_setup.ps1'
[4.126s] INFO:colcon.colcon_core.shell:Creating prefix util module '/home/cthornton/data/local/college/research/arl/code/sims/airsim/ros_ws/install/_local_setup_util_ps1.py'
[4.128s] INFO:colcon.colcon_core.shell:Creating prefix chain script '/home/cthornton/data/local/college/research/arl/code/sims/airsim/ros_ws/install/setup.ps1'
[4.132s] INFO:colcon.colcon_core.shell:Creating prefix script '/home/cthornton/data/local/college/research/arl/code/sims/airsim/ros_ws/install/local_setup.sh'
[4.133s] INFO:colcon.colcon_core.shell:Creating prefix util module '/home/cthornton/data/local/college/research/arl/code/sims/airsim/ros_ws/install/_local_setup_util_sh.py'
[4.134s] INFO:colcon.colcon_core.shell:Creating prefix chain script '/home/cthornton/data/local/college/research/arl/code/sims/airsim/ros_ws/install/setup.sh'
[4.139s] INFO:colcon.colcon_core.shell:Creating prefix script '/home/cthornton/data/local/college/research/arl/code/sims/airsim/ros_ws/install/local_setup.bash'
[4.140s] INFO:colcon.colcon_core.shell:Creating prefix chain script '/home/cthornton/data/local/college/research/arl/code/sims/airsim/ros_ws/install/setup.bash'
[4.144s] INFO:colcon.colcon_core.shell:Creating prefix script '/home/cthornton/data/local/college/research/arl/code/sims/airsim/ros_ws/install/local_setup.zsh'
[4.145s] INFO:colcon.colcon_core.shell:Creating prefix chain script '/home/cthornton/data/local/college/research/arl/code/sims/airsim/ros_ws/install/setup.zsh'
