[0.020s] Invoking command in '/home/cthornton/data/local/college/research/arl/code/sims/airsim/ros_ws/build/hrlsim_interfaces': CMAKE_PREFIX_PATH=/home/cthornton/data/local/college/research/arl/code/sims/airsim/ros_ws/install/airsim_interfaces:/home/cthornton/data/local/college/research/arl/code/sims/airsim/ros_ws/install/hrlsim:/opt/ros/foxy:/home/cthornton/Documents/vela/catkin_ws/devel:/home/cthornton/data/local/college/research/arl/code/sims/airsim/ros_ws/install/hrlsim_interfaces:/home/cthornton/data/local/college/research/arl/code/sims/airsim/ros_ws/install/airsim_ros_pkgs LD_LIBRARY_PATH=/home/cthornton/data/local/college/research/arl/code/sims/airsim/ros_ws/install/airsim_interfaces/lib:/home/cthornton/Documents/vela/catkin_ws/devel/lib:/home/cthornton/data/local/college/research/arl/code/sims/airsim/ros_ws/install/hrlsim_interfaces/lib:/home/cthornton/data/local/college/research/arl/code/sims/airsim/ros_ws/install/airsim_ros_pkgs/lib:/opt/ros/foxy/opt/yaml_cpp_vendor/lib:/opt/ros/foxy/opt/rviz_ogre_vendor/lib:/opt/ros/foxy/lib/x86_64-linux-gnu:/opt/ros/foxy/lib PYTHONPATH=/home/cthornton/data/local/college/research/arl/code/sims/airsim/ros_ws/install/airsim_interfaces/lib/python3.8/site-packages:/home/cthornton/Documents/vela/catkin_ws/devel/lib/python2.7/dist-packages:/home/cthornton/data/local/college/research/arl/code/sims/airsim/ros_ws/install/hrlsim/lib/python3.8/site-packages:/home/cthornton/data/local/college/research/arl/code/sims/airsim/ros_ws/install/hrlsim_interfaces/lib/python3.8/site-packages:/opt/ros/foxy/lib/python3.8/site-packages /home/cthornton/.local/bin/cmake --build /home/cthornton/data/local/college/research/arl/code/sims/airsim/ros_ws/build/hrlsim_interfaces -- -j12 -l12
[0.089s] [  1%] Built target hrlsim_interfaces__cpp
[0.095s] [ 12%] Built target hrlsim_interfaces__rosidl_generator_c
[0.127s] [ 34%] Built target hrlsim_interfaces__rosidl_typesupport_c
[0.127s] [ 34%] Built target hrlsim_interfaces__rosidl_typesupport_cpp
[0.130s] [ 49%] Built target hrlsim_interfaces__rosidl_typesupport_fastrtps_cpp
[0.130s] [ 57%] Built target hrlsim_interfaces__rosidl_typesupport_introspection_cpp
[0.139s] [ 68%] Built target hrlsim_interfaces__rosidl_typesupport_introspection_c
[0.164s] [ 79%] Built target hrlsim_interfaces__rosidl_typesupport_fastrtps_c
[0.181s] [ 79%] Built target hrlsim_interfaces
[0.198s] [ 80%] Built target hrlsim_interfaces__py
[0.218s] [ 90%] Built target hrlsim_interfaces__python
[0.241s] [ 93%] Built target hrlsim_interfaces__rosidl_typesupport_introspection_c__pyext
[0.243s] [100%] Built target hrlsim_interfaces__rosidl_typesupport_fastrtps_c__pyext
[0.243s] [100%] Built target hrlsim_interfaces__rosidl_typesupport_c__pyext
[0.256s] Invoked command in '/home/cthornton/data/local/college/research/arl/code/sims/airsim/ros_ws/build/hrlsim_interfaces' returned '0': CMAKE_PREFIX_PATH=/home/cthornton/data/local/college/research/arl/code/sims/airsim/ros_ws/install/airsim_interfaces:/home/cthornton/data/local/college/research/arl/code/sims/airsim/ros_ws/install/hrlsim:/opt/ros/foxy:/home/cthornton/Documents/vela/catkin_ws/devel:/home/cthornton/data/local/college/research/arl/code/sims/airsim/ros_ws/install/hrlsim_interfaces:/home/cthornton/data/local/college/research/arl/code/sims/airsim/ros_ws/install/airsim_ros_pkgs LD_LIBRARY_PATH=/home/cthornton/data/local/college/research/arl/code/sims/airsim/ros_ws/install/airsim_interfaces/lib:/home/cthornton/Documents/vela/catkin_ws/devel/lib:/home/cthornton/data/local/college/research/arl/code/sims/airsim/ros_ws/install/hrlsim_interfaces/lib:/home/cthornton/data/local/college/research/arl/code/sims/airsim/ros_ws/install/airsim_ros_pkgs/lib:/opt/ros/foxy/opt/yaml_cpp_vendor/lib:/opt/ros/foxy/opt/rviz_ogre_vendor/lib:/opt/ros/foxy/lib/x86_64-linux-gnu:/opt/ros/foxy/lib PYTHONPATH=/home/cthornton/data/local/college/research/arl/code/sims/airsim/ros_ws/install/airsim_interfaces/lib/python3.8/site-packages:/home/cthornton/Documents/vela/catkin_ws/devel/lib/python2.7/dist-packages:/home/cthornton/data/local/college/research/arl/code/sims/airsim/ros_ws/install/hrlsim/lib/python3.8/site-packages:/home/cthornton/data/local/college/research/arl/code/sims/airsim/ros_ws/install/hrlsim_interfaces/lib/python3.8/site-packages:/opt/ros/foxy/lib/python3.8/site-packages /home/cthornton/.local/bin/cmake --build /home/cthornton/data/local/college/research/arl/code/sims/airsim/ros_ws/build/hrlsim_interfaces -- -j12 -l12
[0.512s] Invoking command in '/home/cthornton/data/local/college/research/arl/code/sims/airsim/ros_ws/build/hrlsim_interfaces': CMAKE_PREFIX_PATH=/home/cthornton/data/local/college/research/arl/code/sims/airsim/ros_ws/install/airsim_interfaces:/home/cthornton/data/local/college/research/arl/code/sims/airsim/ros_ws/install/hrlsim:/opt/ros/foxy:/home/cthornton/Documents/vela/catkin_ws/devel:/home/cthornton/data/local/college/research/arl/code/sims/airsim/ros_ws/install/hrlsim_interfaces:/home/cthornton/data/local/college/research/arl/code/sims/airsim/ros_ws/install/airsim_ros_pkgs LD_LIBRARY_PATH=/home/cthornton/data/local/college/research/arl/code/sims/airsim/ros_ws/install/airsim_interfaces/lib:/home/cthornton/Documents/vela/catkin_ws/devel/lib:/home/cthornton/data/local/college/research/arl/code/sims/airsim/ros_ws/install/hrlsim_interfaces/lib:/home/cthornton/data/local/college/research/arl/code/sims/airsim/ros_ws/install/airsim_ros_pkgs/lib:/opt/ros/foxy/opt/yaml_cpp_vendor/lib:/opt/ros/foxy/opt/rviz_ogre_vendor/lib:/opt/ros/foxy/lib/x86_64-linux-gnu:/opt/ros/foxy/lib PYTHONPATH=/home/cthornton/data/local/college/research/arl/code/sims/airsim/ros_ws/install/airsim_interfaces/lib/python3.8/site-packages:/home/cthornton/Documents/vela/catkin_ws/devel/lib/python2.7/dist-packages:/home/cthornton/data/local/college/research/arl/code/sims/airsim/ros_ws/install/hrlsim/lib/python3.8/site-packages:/home/cthornton/data/local/college/research/arl/code/sims/airsim/ros_ws/install/hrlsim_interfaces/lib/python3.8/site-packages:/opt/ros/foxy/lib/python3.8/site-packages /home/cthornton/.local/bin/cmake --install /home/cthornton/data/local/college/research/arl/code/sims/airsim/ros_ws/build/hrlsim_interfaces
[0.552s] -- Install configuration: "Debug"
[0.552s] -- Up-to-date: /home/cthornton/data/local/college/research/arl/code/sims/airsim/ros_ws/install/hrlsim_interfaces/share/ament_index/resource_index/rosidl_interfaces/hrlsim_interfaces
[0.553s] -- Up-to-date: /home/cthornton/data/local/college/research/arl/code/sims/airsim/ros_ws/install/hrlsim_interfaces/include/hrlsim_interfaces
[0.553s] -- Up-to-date: /home/cthornton/data/local/college/research/arl/code/sims/airsim/ros_ws/install/hrlsim_interfaces/include/hrlsim_interfaces/action
[0.553s] -- Up-to-date: /home/cthornton/data/local/college/research/arl/code/sims/airsim/ros_ws/install/hrlsim_interfaces/include/hrlsim_interfaces/action/detail
[0.554s] -- Up-to-date: /home/cthornton/data/local/college/research/arl/code/sims/airsim/ros_ws/install/hrlsim_interfaces/include/hrlsim_interfaces/action/detail/move_to_location__functions.c
[0.554s] -- Up-to-date: /home/cthornton/data/local/college/research/arl/code/sims/airsim/ros_ws/install/hrlsim_interfaces/include/hrlsim_interfaces/action/detail/move_to_location__functions.h
[0.554s] -- Up-to-date: /home/cthornton/data/local/college/research/arl/code/sims/airsim/ros_ws/install/hrlsim_interfaces/include/hrlsim_interfaces/action/detail/move_to_location__struct.h
[0.554s] -- Up-to-date: /home/cthornton/data/local/college/research/arl/code/sims/airsim/ros_ws/install/hrlsim_interfaces/include/hrlsim_interfaces/action/detail/move_to_location__type_support.h
[0.554s] -- Up-to-date: /home/cthornton/data/local/college/research/arl/code/sims/airsim/ros_ws/install/hrlsim_interfaces/include/hrlsim_interfaces/action/detail/track_object__functions.c
[0.555s] -- Up-to-date: /home/cthornton/data/local/college/research/arl/code/sims/airsim/ros_ws/install/hrlsim_interfaces/include/hrlsim_interfaces/action/detail/track_object__functions.h
[0.555s] -- Up-to-date: /home/cthornton/data/local/college/research/arl/code/sims/airsim/ros_ws/install/hrlsim_interfaces/include/hrlsim_interfaces/action/detail/track_object__struct.h
[0.555s] -- Up-to-date: /home/cthornton/data/local/college/research/arl/code/sims/airsim/ros_ws/install/hrlsim_interfaces/include/hrlsim_interfaces/action/detail/track_object__type_support.h
[0.555s] -- Up-to-date: /home/cthornton/data/local/college/research/arl/code/sims/airsim/ros_ws/install/hrlsim_interfaces/include/hrlsim_interfaces/action/move_to_location.h
[0.555s] -- Up-to-date: /home/cthornton/data/local/college/research/arl/code/sims/airsim/ros_ws/install/hrlsim_interfaces/include/hrlsim_interfaces/action/track_object.h
[0.556s] -- Up-to-date: /home/cthornton/data/local/college/research/arl/code/sims/airsim/ros_ws/install/hrlsim_interfaces/include/hrlsim_interfaces/msg
[0.556s] -- Up-to-date: /home/cthornton/data/local/college/research/arl/code/sims/airsim/ros_ws/install/hrlsim_interfaces/include/hrlsim_interfaces/msg/detail
[0.556s] -- Up-to-date: /home/cthornton/data/local/college/research/arl/code/sims/airsim/ros_ws/install/hrlsim_interfaces/include/hrlsim_interfaces/msg/detail/multirotor__functions.c
[0.557s] -- Up-to-date: /home/cthornton/data/local/college/research/arl/code/sims/airsim/ros_ws/install/hrlsim_interfaces/include/hrlsim_interfaces/msg/detail/multirotor__functions.h
[0.557s] -- Up-to-date: /home/cthornton/data/local/college/research/arl/code/sims/airsim/ros_ws/install/hrlsim_interfaces/include/hrlsim_interfaces/msg/detail/multirotor__struct.h
[0.557s] -- Up-to-date: /home/cthornton/data/local/college/research/arl/code/sims/airsim/ros_ws/install/hrlsim_interfaces/include/hrlsim_interfaces/msg/detail/multirotor__type_support.h
[0.557s] -- Up-to-date: /home/cthornton/data/local/college/research/arl/code/sims/airsim/ros_ws/install/hrlsim_interfaces/include/hrlsim_interfaces/msg/detail/sensors__functions.c
[0.557s] -- Up-to-date: /home/cthornton/data/local/college/research/arl/code/sims/airsim/ros_ws/install/hrlsim_interfaces/include/hrlsim_interfaces/msg/detail/sensors__functions.h
[0.558s] -- Up-to-date: /home/cthornton/data/local/college/research/arl/code/sims/airsim/ros_ws/install/hrlsim_interfaces/include/hrlsim_interfaces/msg/detail/sensors__struct.h
[0.558s] -- Up-to-date: /home/cthornton/data/local/college/research/arl/code/sims/airsim/ros_ws/install/hrlsim_interfaces/include/hrlsim_interfaces/msg/detail/sensors__type_support.h
[0.558s] -- Up-to-date: /home/cthornton/data/local/college/research/arl/code/sims/airsim/ros_ws/install/hrlsim_interfaces/include/hrlsim_interfaces/msg/detail/state__functions.c
[0.558s] -- Up-to-date: /home/cthornton/data/local/college/research/arl/code/sims/airsim/ros_ws/install/hrlsim_interfaces/include/hrlsim_interfaces/msg/detail/state__functions.h
[0.558s] -- Up-to-date: /home/cthornton/data/local/college/research/arl/code/sims/airsim/ros_ws/install/hrlsim_interfaces/include/hrlsim_interfaces/msg/detail/state__struct.h
[0.559s] -- Up-to-date: /home/cthornton/data/local/college/research/arl/code/sims/airsim/ros_ws/install/hrlsim_interfaces/include/hrlsim_interfaces/msg/detail/state__type_support.h
[0.559s] -- Up-to-date: /home/cthornton/data/local/college/research/arl/code/sims/airsim/ros_ws/install/hrlsim_interfaces/include/hrlsim_interfaces/msg/multirotor.h
[0.559s] -- Up-to-date: /home/cthornton/data/local/college/research/arl/code/sims/airsim/ros_ws/install/hrlsim_interfaces/include/hrlsim_interfaces/msg/rosidl_generator_c__visibility_control.h
[0.559s] -- Up-to-date: /home/cthornton/data/local/college/research/arl/code/sims/airsim/ros_ws/install/hrlsim_interfaces/include/hrlsim_interfaces/msg/sensors.h
[0.560s] -- Up-to-date: /home/cthornton/data/local/college/research/arl/code/sims/airsim/ros_ws/install/hrlsim_interfaces/include/hrlsim_interfaces/msg/state.h
[0.560s] -- Up-to-date: /home/cthornton/data/local/college/research/arl/code/sims/airsim/ros_ws/install/hrlsim_interfaces/share/hrlsim_interfaces/environment/library_path.sh
[0.560s] -- Up-to-date: /home/cthornton/data/local/college/research/arl/code/sims/airsim/ros_ws/install/hrlsim_interfaces/share/hrlsim_interfaces/environment/library_path.dsv
[0.560s] -- Up-to-date: /home/cthornton/data/local/college/research/arl/code/sims/airsim/ros_ws/install/hrlsim_interfaces/lib/libhrlsim_interfaces__rosidl_generator_c.so
[0.560s] -- Up-to-date: /home/cthornton/data/local/college/research/arl/code/sims/airsim/ros_ws/install/hrlsim_interfaces/include/hrlsim_interfaces
[0.561s] -- Up-to-date: /home/cthornton/data/local/college/research/arl/code/sims/airsim/ros_ws/install/hrlsim_interfaces/include/hrlsim_interfaces/action
[0.561s] -- Up-to-date: /home/cthornton/data/local/college/research/arl/code/sims/airsim/ros_ws/install/hrlsim_interfaces/include/hrlsim_interfaces/action/detail
[0.561s] -- Up-to-date: /home/cthornton/data/local/college/research/arl/code/sims/airsim/ros_ws/install/hrlsim_interfaces/include/hrlsim_interfaces/action/detail/move_to_location__rosidl_typesupport_fastrtps_c.h
[0.561s] -- Up-to-date: /home/cthornton/data/local/college/research/arl/code/sims/airsim/ros_ws/install/hrlsim_interfaces/include/hrlsim_interfaces/action/detail/track_object__rosidl_typesupport_fastrtps_c.h
[0.562s] -- Up-to-date: /home/cthornton/data/local/college/research/arl/code/sims/airsim/ros_ws/install/hrlsim_interfaces/include/hrlsim_interfaces/msg
[0.562s] -- Up-to-date: /home/cthornton/data/local/college/research/arl/code/sims/airsim/ros_ws/install/hrlsim_interfaces/include/hrlsim_interfaces/msg/detail
[0.562s] -- Up-to-date: /home/cthornton/data/local/college/research/arl/code/sims/airsim/ros_ws/install/hrlsim_interfaces/include/hrlsim_interfaces/msg/detail/multirotor__rosidl_typesupport_fastrtps_c.h
[0.562s] -- Up-to-date: /home/cthornton/data/local/college/research/arl/code/sims/airsim/ros_ws/install/hrlsim_interfaces/include/hrlsim_interfaces/msg/detail/sensors__rosidl_typesupport_fastrtps_c.h
[0.563s] -- Up-to-date: /home/cthornton/data/local/college/research/arl/code/sims/airsim/ros_ws/install/hrlsim_interfaces/include/hrlsim_interfaces/msg/detail/state__rosidl_typesupport_fastrtps_c.h
[0.563s] -- Up-to-date: /home/cthornton/data/local/college/research/arl/code/sims/airsim/ros_ws/install/hrlsim_interfaces/include/hrlsim_interfaces/msg/rosidl_typesupport_fastrtps_c__visibility_control.h
[0.563s] -- Up-to-date: /home/cthornton/data/local/college/research/arl/code/sims/airsim/ros_ws/install/hrlsim_interfaces/lib/libhrlsim_interfaces__rosidl_typesupport_fastrtps_c.so
[0.565s] -- Up-to-date: /home/cthornton/data/local/college/research/arl/code/sims/airsim/ros_ws/install/hrlsim_interfaces/include/hrlsim_interfaces
[0.566s] -- Up-to-date: /home/cthornton/data/local/college/research/arl/code/sims/airsim/ros_ws/install/hrlsim_interfaces/include/hrlsim_interfaces/action
[0.566s] -- Up-to-date: /home/cthornton/data/local/college/research/arl/code/sims/airsim/ros_ws/install/hrlsim_interfaces/include/hrlsim_interfaces/action/detail
[0.566s] -- Up-to-date: /home/cthornton/data/local/college/research/arl/code/sims/airsim/ros_ws/install/hrlsim_interfaces/include/hrlsim_interfaces/action/detail/dds_fastrtps
[0.567s] -- Up-to-date: /home/cthornton/data/local/college/research/arl/code/sims/airsim/ros_ws/install/hrlsim_interfaces/include/hrlsim_interfaces/action/detail/move_to_location__rosidl_typesupport_fastrtps_cpp.hpp
[0.567s] -- Up-to-date: /home/cthornton/data/local/college/research/arl/code/sims/airsim/ros_ws/install/hrlsim_interfaces/include/hrlsim_interfaces/action/detail/track_object__rosidl_typesupport_fastrtps_cpp.hpp
[0.567s] -- Up-to-date: /home/cthornton/data/local/college/research/arl/code/sims/airsim/ros_ws/install/hrlsim_interfaces/include/hrlsim_interfaces/msg
[0.568s] -- Up-to-date: /home/cthornton/data/local/college/research/arl/code/sims/airsim/ros_ws/install/hrlsim_interfaces/include/hrlsim_interfaces/msg/detail
[0.568s] -- Up-to-date: /home/cthornton/data/local/college/research/arl/code/sims/airsim/ros_ws/install/hrlsim_interfaces/include/hrlsim_interfaces/msg/detail/dds_fastrtps
[0.568s] -- Up-to-date: /home/cthornton/data/local/college/research/arl/code/sims/airsim/ros_ws/install/hrlsim_interfaces/include/hrlsim_interfaces/msg/detail/multirotor__rosidl_typesupport_fastrtps_cpp.hpp
[0.568s] -- Up-to-date: /home/cthornton/data/local/college/research/arl/code/sims/airsim/ros_ws/install/hrlsim_interfaces/include/hrlsim_interfaces/msg/detail/sensors__rosidl_typesupport_fastrtps_cpp.hpp
[0.569s] -- Up-to-date: /home/cthornton/data/local/college/research/arl/code/sims/airsim/ros_ws/install/hrlsim_interfaces/include/hrlsim_interfaces/msg/detail/state__rosidl_typesupport_fastrtps_cpp.hpp
[0.569s] -- Up-to-date: /home/cthornton/data/local/college/research/arl/code/sims/airsim/ros_ws/install/hrlsim_interfaces/include/hrlsim_interfaces/msg/rosidl_typesupport_fastrtps_cpp__visibility_control.h
[0.570s] -- Up-to-date: /home/cthornton/data/local/college/research/arl/code/sims/airsim/ros_ws/install/hrlsim_interfaces/lib/libhrlsim_interfaces__rosidl_typesupport_fastrtps_cpp.so
[0.570s] -- Up-to-date: /home/cthornton/data/local/college/research/arl/code/sims/airsim/ros_ws/install/hrlsim_interfaces/include/hrlsim_interfaces
[0.571s] -- Up-to-date: /home/cthornton/data/local/college/research/arl/code/sims/airsim/ros_ws/install/hrlsim_interfaces/include/hrlsim_interfaces/action
[0.571s] -- Up-to-date: /home/cthornton/data/local/college/research/arl/code/sims/airsim/ros_ws/install/hrlsim_interfaces/include/hrlsim_interfaces/action/detail
[0.572s] -- Up-to-date: /home/cthornton/data/local/college/research/arl/code/sims/airsim/ros_ws/install/hrlsim_interfaces/include/hrlsim_interfaces/action/detail/move_to_location__rosidl_typesupport_introspection_c.h
[0.572s] -- Up-to-date: /home/cthornton/data/local/college/research/arl/code/sims/airsim/ros_ws/install/hrlsim_interfaces/include/hrlsim_interfaces/action/detail/move_to_location__type_support.c
[0.572s] -- Up-to-date: /home/cthornton/data/local/college/research/arl/code/sims/airsim/ros_ws/install/hrlsim_interfaces/include/hrlsim_interfaces/action/detail/track_object__rosidl_typesupport_introspection_c.h
[0.573s] -- Up-to-date: /home/cthornton/data/local/college/research/arl/code/sims/airsim/ros_ws/install/hrlsim_interfaces/include/hrlsim_interfaces/action/detail/track_object__type_support.c
[0.573s] -- Up-to-date: /home/cthornton/data/local/college/research/arl/code/sims/airsim/ros_ws/install/hrlsim_interfaces/include/hrlsim_interfaces/msg
[0.574s] -- Up-to-date: /home/cthornton/data/local/college/research/arl/code/sims/airsim/ros_ws/install/hrlsim_interfaces/include/hrlsim_interfaces/msg/detail
[0.574s] -- Up-to-date: /home/cthornton/data/local/college/research/arl/code/sims/airsim/ros_ws/install/hrlsim_interfaces/include/hrlsim_interfaces/msg/detail/multirotor__rosidl_typesupport_introspection_c.h
[0.574s] -- Up-to-date: /home/cthornton/data/local/college/research/arl/code/sims/airsim/ros_ws/install/hrlsim_interfaces/include/hrlsim_interfaces/msg/detail/multirotor__type_support.c
[0.574s] -- Up-to-date: /home/cthornton/data/local/college/research/arl/code/sims/airsim/ros_ws/install/hrlsim_interfaces/include/hrlsim_interfaces/msg/detail/sensors__rosidl_typesupport_introspection_c.h
[0.575s] -- Up-to-date: /home/cthornton/data/local/college/research/arl/code/sims/airsim/ros_ws/install/hrlsim_interfaces/include/hrlsim_interfaces/msg/detail/sensors__type_support.c
[0.575s] -- Up-to-date: /home/cthornton/data/local/college/research/arl/code/sims/airsim/ros_ws/install/hrlsim_interfaces/include/hrlsim_interfaces/msg/detail/state__rosidl_typesupport_introspection_c.h
[0.575s] -- Up-to-date: /home/cthornton/data/local/college/research/arl/code/sims/airsim/ros_ws/install/hrlsim_interfaces/include/hrlsim_interfaces/msg/detail/state__type_support.c
[0.575s] -- Up-to-date: /home/cthornton/data/local/college/research/arl/code/sims/airsim/ros_ws/install/hrlsim_interfaces/include/hrlsim_interfaces/msg/rosidl_typesupport_introspection_c__visibility_control.h
[0.577s] -- Up-to-date: /home/cthornton/data/local/college/research/arl/code/sims/airsim/ros_ws/install/hrlsim_interfaces/lib/libhrlsim_interfaces__rosidl_typesupport_introspection_c.so
[0.579s] -- Up-to-date: /home/cthornton/data/local/college/research/arl/code/sims/airsim/ros_ws/install/hrlsim_interfaces/lib/libhrlsim_interfaces__rosidl_typesupport_c.so
[0.580s] -- Up-to-date: /home/cthornton/data/local/college/research/arl/code/sims/airsim/ros_ws/install/hrlsim_interfaces/include/hrlsim_interfaces
[0.581s] -- Up-to-date: /home/cthornton/data/local/college/research/arl/code/sims/airsim/ros_ws/install/hrlsim_interfaces/include/hrlsim_interfaces/action
[0.581s] -- Up-to-date: /home/cthornton/data/local/college/research/arl/code/sims/airsim/ros_ws/install/hrlsim_interfaces/include/hrlsim_interfaces/action/detail
[0.581s] -- Up-to-date: /home/cthornton/data/local/college/research/arl/code/sims/airsim/ros_ws/install/hrlsim_interfaces/include/hrlsim_interfaces/action/detail/move_to_location__builder.hpp
[0.582s] -- Up-to-date: /home/cthornton/data/local/college/research/arl/code/sims/airsim/ros_ws/install/hrlsim_interfaces/include/hrlsim_interfaces/action/detail/move_to_location__struct.hpp
[0.582s] -- Up-to-date: /home/cthornton/data/local/college/research/arl/code/sims/airsim/ros_ws/install/hrlsim_interfaces/include/hrlsim_interfaces/action/detail/move_to_location__traits.hpp
[0.583s] -- Up-to-date: /home/cthornton/data/local/college/research/arl/code/sims/airsim/ros_ws/install/hrlsim_interfaces/include/hrlsim_interfaces/action/detail/track_object__builder.hpp
[0.583s] -- Up-to-date: /home/cthornton/data/local/college/research/arl/code/sims/airsim/ros_ws/install/hrlsim_interfaces/include/hrlsim_interfaces/action/detail/track_object__struct.hpp
[0.584s] -- Up-to-date: /home/cthornton/data/local/college/research/arl/code/sims/airsim/ros_ws/install/hrlsim_interfaces/include/hrlsim_interfaces/action/detail/track_object__traits.hpp
[0.584s] -- Up-to-date: /home/cthornton/data/local/college/research/arl/code/sims/airsim/ros_ws/install/hrlsim_interfaces/include/hrlsim_interfaces/action/move_to_location.hpp
[0.585s] -- Up-to-date: /home/cthornton/data/local/college/research/arl/code/sims/airsim/ros_ws/install/hrlsim_interfaces/include/hrlsim_interfaces/action/track_object.hpp
[0.585s] -- Up-to-date: /home/cthornton/data/local/college/research/arl/code/sims/airsim/ros_ws/install/hrlsim_interfaces/include/hrlsim_interfaces/msg
[0.585s] -- Up-to-date: /home/cthornton/data/local/college/research/arl/code/sims/airsim/ros_ws/install/hrlsim_interfaces/include/hrlsim_interfaces/msg/detail
[0.586s] -- Up-to-date: /home/cthornton/data/local/college/research/arl/code/sims/airsim/ros_ws/install/hrlsim_interfaces/include/hrlsim_interfaces/msg/detail/multirotor__builder.hpp
[0.586s] -- Up-to-date: /home/cthornton/data/local/college/research/arl/code/sims/airsim/ros_ws/install/hrlsim_interfaces/include/hrlsim_interfaces/msg/detail/multirotor__struct.hpp
[0.586s] -- Up-to-date: /home/cthornton/data/local/college/research/arl/code/sims/airsim/ros_ws/install/hrlsim_interfaces/include/hrlsim_interfaces/msg/detail/multirotor__traits.hpp
[0.587s] -- Up-to-date: /home/cthornton/data/local/college/research/arl/code/sims/airsim/ros_ws/install/hrlsim_interfaces/include/hrlsim_interfaces/msg/detail/sensors__builder.hpp
[0.587s] -- Up-to-date: /home/cthornton/data/local/college/research/arl/code/sims/airsim/ros_ws/install/hrlsim_interfaces/include/hrlsim_interfaces/msg/detail/sensors__struct.hpp
[0.588s] -- Up-to-date: /home/cthornton/data/local/college/research/arl/code/sims/airsim/ros_ws/install/hrlsim_interfaces/include/hrlsim_interfaces/msg/detail/sensors__traits.hpp
[0.588s] -- Up-to-date: /home/cthornton/data/local/college/research/arl/code/sims/airsim/ros_ws/install/hrlsim_interfaces/include/hrlsim_interfaces/msg/detail/state__builder.hpp
[0.589s] -- Up-to-date: /home/cthornton/data/local/college/research/arl/code/sims/airsim/ros_ws/install/hrlsim_interfaces/include/hrlsim_interfaces/msg/detail/state__struct.hpp
[0.589s] -- Up-to-date: /home/cthornton/data/local/college/research/arl/code/sims/airsim/ros_ws/install/hrlsim_interfaces/include/hrlsim_interfaces/msg/detail/state__traits.hpp
[0.590s] -- Up-to-date: /home/cthornton/data/local/college/research/arl/code/sims/airsim/ros_ws/install/hrlsim_interfaces/include/hrlsim_interfaces/msg/multirotor.hpp
[0.590s] -- Up-to-date: /home/cthornton/data/local/college/research/arl/code/sims/airsim/ros_ws/install/hrlsim_interfaces/include/hrlsim_interfaces/msg/sensors.hpp
[0.590s] -- Up-to-date: /home/cthornton/data/local/college/research/arl/code/sims/airsim/ros_ws/install/hrlsim_interfaces/include/hrlsim_interfaces/msg/state.hpp
[0.591s] -- Up-to-date: /home/cthornton/data/local/college/research/arl/code/sims/airsim/ros_ws/install/hrlsim_interfaces/include/hrlsim_interfaces
[0.591s] -- Up-to-date: /home/cthornton/data/local/college/research/arl/code/sims/airsim/ros_ws/install/hrlsim_interfaces/include/hrlsim_interfaces/action
[0.592s] -- Up-to-date: /home/cthornton/data/local/college/research/arl/code/sims/airsim/ros_ws/install/hrlsim_interfaces/include/hrlsim_interfaces/action/detail
[0.592s] -- Up-to-date: /home/cthornton/data/local/college/research/arl/code/sims/airsim/ros_ws/install/hrlsim_interfaces/include/hrlsim_interfaces/action/detail/move_to_location__rosidl_typesupport_introspection_cpp.hpp
[0.592s] -- Up-to-date: /home/cthornton/data/local/college/research/arl/code/sims/airsim/ros_ws/install/hrlsim_interfaces/include/hrlsim_interfaces/action/detail/move_to_location__type_support.cpp
[0.593s] -- Up-to-date: /home/cthornton/data/local/college/research/arl/code/sims/airsim/ros_ws/install/hrlsim_interfaces/include/hrlsim_interfaces/action/detail/track_object__rosidl_typesupport_introspection_cpp.hpp
[0.593s] -- Up-to-date: /home/cthornton/data/local/college/research/arl/code/sims/airsim/ros_ws/install/hrlsim_interfaces/include/hrlsim_interfaces/action/detail/track_object__type_support.cpp
[0.594s] -- Up-to-date: /home/cthornton/data/local/college/research/arl/code/sims/airsim/ros_ws/install/hrlsim_interfaces/include/hrlsim_interfaces/msg
[0.595s] -- Up-to-date: /home/cthornton/data/local/college/research/arl/code/sims/airsim/ros_ws/install/hrlsim_interfaces/include/hrlsim_interfaces/msg/detail
[0.595s] -- Up-to-date: /home/cthornton/data/local/college/research/arl/code/sims/airsim/ros_ws/install/hrlsim_interfaces/include/hrlsim_interfaces/msg/detail/multirotor__rosidl_typesupport_introspection_cpp.hpp
[0.596s] -- Up-to-date: /home/cthornton/data/local/college/research/arl/code/sims/airsim/ros_ws/install/hrlsim_interfaces/include/hrlsim_interfaces/msg/detail/multirotor__type_support.cpp
[0.596s] -- Up-to-date: /home/cthornton/data/local/college/research/arl/code/sims/airsim/ros_ws/install/hrlsim_interfaces/include/hrlsim_interfaces/msg/detail/sensors__rosidl_typesupport_introspection_cpp.hpp
[0.597s] -- Up-to-date: /home/cthornton/data/local/college/research/arl/code/sims/airsim/ros_ws/install/hrlsim_interfaces/include/hrlsim_interfaces/msg/detail/sensors__type_support.cpp
[0.597s] -- Up-to-date: /home/cthornton/data/local/college/research/arl/code/sims/airsim/ros_ws/install/hrlsim_interfaces/include/hrlsim_interfaces/msg/detail/state__rosidl_typesupport_introspection_cpp.hpp
[0.598s] -- Up-to-date: /home/cthornton/data/local/college/research/arl/code/sims/airsim/ros_ws/install/hrlsim_interfaces/include/hrlsim_interfaces/msg/detail/state__type_support.cpp
[0.599s] -- Up-to-date: /home/cthornton/data/local/college/research/arl/code/sims/airsim/ros_ws/install/hrlsim_interfaces/lib/libhrlsim_interfaces__rosidl_typesupport_introspection_cpp.so
[0.601s] -- Up-to-date: /home/cthornton/data/local/college/research/arl/code/sims/airsim/ros_ws/install/hrlsim_interfaces/lib/libhrlsim_interfaces__rosidl_typesupport_cpp.so
[0.603s] -- Up-to-date: /home/cthornton/data/local/college/research/arl/code/sims/airsim/ros_ws/install/hrlsim_interfaces/share/hrlsim_interfaces/environment/pythonpath.sh
[0.603s] -- Up-to-date: /home/cthornton/data/local/college/research/arl/code/sims/airsim/ros_ws/install/hrlsim_interfaces/share/hrlsim_interfaces/environment/pythonpath.dsv
[0.604s] -- Up-to-date: /home/cthornton/data/local/college/research/arl/code/sims/airsim/ros_ws/install/hrlsim_interfaces/lib/python3.8/site-packages/hrlsim_interfaces/__init__.py
[0.684s] -- Up-to-date: /home/cthornton/data/local/college/research/arl/code/sims/airsim/ros_ws/install/hrlsim_interfaces/lib/python3.8/site-packages/hrlsim_interfaces/msg
[0.685s] -- Up-to-date: /home/cthornton/data/local/college/research/arl/code/sims/airsim/ros_ws/install/hrlsim_interfaces/lib/python3.8/site-packages/hrlsim_interfaces/msg/_multirotor.py
[0.686s] -- Up-to-date: /home/cthornton/data/local/college/research/arl/code/sims/airsim/ros_ws/install/hrlsim_interfaces/lib/python3.8/site-packages/hrlsim_interfaces/msg/_multirotor_s.c
[0.686s] -- Up-to-date: /home/cthornton/data/local/college/research/arl/code/sims/airsim/ros_ws/install/hrlsim_interfaces/lib/python3.8/site-packages/hrlsim_interfaces/msg/_sensors.py
[0.687s] -- Up-to-date: /home/cthornton/data/local/college/research/arl/code/sims/airsim/ros_ws/install/hrlsim_interfaces/lib/python3.8/site-packages/hrlsim_interfaces/msg/_sensors_s.c
[0.687s] -- Up-to-date: /home/cthornton/data/local/college/research/arl/code/sims/airsim/ros_ws/install/hrlsim_interfaces/lib/python3.8/site-packages/hrlsim_interfaces/msg/_state.py
[0.687s] -- Up-to-date: /home/cthornton/data/local/college/research/arl/code/sims/airsim/ros_ws/install/hrlsim_interfaces/lib/python3.8/site-packages/hrlsim_interfaces/msg/_state_s.c
[0.688s] -- Up-to-date: /home/cthornton/data/local/college/research/arl/code/sims/airsim/ros_ws/install/hrlsim_interfaces/lib/python3.8/site-packages/hrlsim_interfaces/msg/__init__.py
[0.690s] -- Up-to-date: /home/cthornton/data/local/college/research/arl/code/sims/airsim/ros_ws/install/hrlsim_interfaces/lib/python3.8/site-packages/hrlsim_interfaces/action
[0.691s] -- Up-to-date: /home/cthornton/data/local/college/research/arl/code/sims/airsim/ros_ws/install/hrlsim_interfaces/lib/python3.8/site-packages/hrlsim_interfaces/action/_move_to_location.py
[0.692s] -- Up-to-date: /home/cthornton/data/local/college/research/arl/code/sims/airsim/ros_ws/install/hrlsim_interfaces/lib/python3.8/site-packages/hrlsim_interfaces/action/_move_to_location_s.c
[0.693s] -- Up-to-date: /home/cthornton/data/local/college/research/arl/code/sims/airsim/ros_ws/install/hrlsim_interfaces/lib/python3.8/site-packages/hrlsim_interfaces/action/_track_object.py
[0.694s] -- Up-to-date: /home/cthornton/data/local/college/research/arl/code/sims/airsim/ros_ws/install/hrlsim_interfaces/lib/python3.8/site-packages/hrlsim_interfaces/action/_track_object_s.c
[0.694s] -- Up-to-date: /home/cthornton/data/local/college/research/arl/code/sims/airsim/ros_ws/install/hrlsim_interfaces/lib/python3.8/site-packages/hrlsim_interfaces/action/__init__.py
[0.698s] -- Up-to-date: /home/cthornton/data/local/college/research/arl/code/sims/airsim/ros_ws/install/hrlsim_interfaces/lib/python3.8/site-packages/hrlsim_interfaces/hrlsim_interfaces_s__rosidl_typesupport_fastrtps_c.cpython-38-x86_64-linux-gnu.so
[0.701s] -- Up-to-date: /home/cthornton/data/local/college/research/arl/code/sims/airsim/ros_ws/install/hrlsim_interfaces/lib/python3.8/site-packages/hrlsim_interfaces/hrlsim_interfaces_s__rosidl_typesupport_introspection_c.cpython-38-x86_64-linux-gnu.so
[0.705s] -- Up-to-date: /home/cthornton/data/local/college/research/arl/code/sims/airsim/ros_ws/install/hrlsim_interfaces/lib/python3.8/site-packages/hrlsim_interfaces/hrlsim_interfaces_s__rosidl_typesupport_c.cpython-38-x86_64-linux-gnu.so
[0.710s] -- Up-to-date: /home/cthornton/data/local/college/research/arl/code/sims/airsim/ros_ws/install/hrlsim_interfaces/lib/libhrlsim_interfaces__python.so
[0.710s] -- Up-to-date: /home/cthornton/data/local/college/research/arl/code/sims/airsim/ros_ws/install/hrlsim_interfaces/share/hrlsim_interfaces/msg/Multirotor.idl
[0.711s] -- Up-to-date: /home/cthornton/data/local/college/research/arl/code/sims/airsim/ros_ws/install/hrlsim_interfaces/share/hrlsim_interfaces/msg/Sensors.idl
[0.711s] -- Up-to-date: /home/cthornton/data/local/college/research/arl/code/sims/airsim/ros_ws/install/hrlsim_interfaces/share/hrlsim_interfaces/msg/State.idl
[0.712s] -- Up-to-date: /home/cthornton/data/local/college/research/arl/code/sims/airsim/ros_ws/install/hrlsim_interfaces/share/hrlsim_interfaces/action/MoveToLocation.idl
[0.712s] -- Up-to-date: /home/cthornton/data/local/college/research/arl/code/sims/airsim/ros_ws/install/hrlsim_interfaces/share/hrlsim_interfaces/action/TrackObject.idl
[0.713s] -- Up-to-date: /home/cthornton/data/local/college/research/arl/code/sims/airsim/ros_ws/install/hrlsim_interfaces/share/hrlsim_interfaces/msg/Multirotor.msg
[0.713s] -- Up-to-date: /home/cthornton/data/local/college/research/arl/code/sims/airsim/ros_ws/install/hrlsim_interfaces/share/hrlsim_interfaces/msg/Sensors.msg
[0.714s] -- Up-to-date: /home/cthornton/data/local/college/research/arl/code/sims/airsim/ros_ws/install/hrlsim_interfaces/share/hrlsim_interfaces/msg/State.msg
[0.714s] -- Up-to-date: /home/cthornton/data/local/college/research/arl/code/sims/airsim/ros_ws/install/hrlsim_interfaces/share/hrlsim_interfaces/action/MoveToLocation.action
[0.715s] -- Up-to-date: /home/cthornton/data/local/college/research/arl/code/sims/airsim/ros_ws/install/hrlsim_interfaces/share/hrlsim_interfaces/action/TrackObject.action
[0.715s] -- Up-to-date: /home/cthornton/data/local/college/research/arl/code/sims/airsim/ros_ws/install/hrlsim_interfaces/share/ament_index/resource_index/package_run_dependencies/hrlsim_interfaces
[0.715s] -- Up-to-date: /home/cthornton/data/local/college/research/arl/code/sims/airsim/ros_ws/install/hrlsim_interfaces/share/ament_index/resource_index/parent_prefix_path/hrlsim_interfaces
[0.716s] -- Up-to-date: /home/cthornton/data/local/college/research/arl/code/sims/airsim/ros_ws/install/hrlsim_interfaces/share/hrlsim_interfaces/environment/ament_prefix_path.sh
[0.716s] -- Up-to-date: /home/cthornton/data/local/college/research/arl/code/sims/airsim/ros_ws/install/hrlsim_interfaces/share/hrlsim_interfaces/environment/ament_prefix_path.dsv
[0.716s] -- Up-to-date: /home/cthornton/data/local/college/research/arl/code/sims/airsim/ros_ws/install/hrlsim_interfaces/share/hrlsim_interfaces/environment/path.sh
[0.717s] -- Up-to-date: /home/cthornton/data/local/college/research/arl/code/sims/airsim/ros_ws/install/hrlsim_interfaces/share/hrlsim_interfaces/environment/path.dsv
[0.717s] -- Up-to-date: /home/cthornton/data/local/college/research/arl/code/sims/airsim/ros_ws/install/hrlsim_interfaces/share/hrlsim_interfaces/local_setup.bash
[0.718s] -- Up-to-date: /home/cthornton/data/local/college/research/arl/code/sims/airsim/ros_ws/install/hrlsim_interfaces/share/hrlsim_interfaces/local_setup.sh
[0.718s] -- Up-to-date: /home/cthornton/data/local/college/research/arl/code/sims/airsim/ros_ws/install/hrlsim_interfaces/share/hrlsim_interfaces/local_setup.zsh
[0.718s] -- Up-to-date: /home/cthornton/data/local/college/research/arl/code/sims/airsim/ros_ws/install/hrlsim_interfaces/share/hrlsim_interfaces/local_setup.dsv
[0.719s] -- Installing: /home/cthornton/data/local/college/research/arl/code/sims/airsim/ros_ws/install/hrlsim_interfaces/share/hrlsim_interfaces/package.dsv
[0.720s] -- Up-to-date: /home/cthornton/data/local/college/research/arl/code/sims/airsim/ros_ws/install/hrlsim_interfaces/share/ament_index/resource_index/packages/hrlsim_interfaces
[0.721s] -- Up-to-date: /home/cthornton/data/local/college/research/arl/code/sims/airsim/ros_ws/install/hrlsim_interfaces/share/hrlsim_interfaces/cmake/hrlsim_interfaces__rosidl_generator_cExport.cmake
[0.722s] -- Up-to-date: /home/cthornton/data/local/college/research/arl/code/sims/airsim/ros_ws/install/hrlsim_interfaces/share/hrlsim_interfaces/cmake/hrlsim_interfaces__rosidl_generator_cExport-debug.cmake
[0.723s] -- Up-to-date: /home/cthornton/data/local/college/research/arl/code/sims/airsim/ros_ws/install/hrlsim_interfaces/share/hrlsim_interfaces/cmake/hrlsim_interfaces__rosidl_typesupport_introspection_cExport.cmake
[0.723s] -- Up-to-date: /home/cthornton/data/local/college/research/arl/code/sims/airsim/ros_ws/install/hrlsim_interfaces/share/hrlsim_interfaces/cmake/hrlsim_interfaces__rosidl_typesupport_introspection_cExport-debug.cmake
[0.724s] -- Up-to-date: /home/cthornton/data/local/college/research/arl/code/sims/airsim/ros_ws/install/hrlsim_interfaces/share/hrlsim_interfaces/cmake/hrlsim_interfaces__rosidl_typesupport_cExport.cmake
[0.724s] -- Up-to-date: /home/cthornton/data/local/college/research/arl/code/sims/airsim/ros_ws/install/hrlsim_interfaces/share/hrlsim_interfaces/cmake/hrlsim_interfaces__rosidl_typesupport_cExport-debug.cmake
[0.725s] -- Up-to-date: /home/cthornton/data/local/college/research/arl/code/sims/airsim/ros_ws/install/hrlsim_interfaces/share/hrlsim_interfaces/cmake/hrlsim_interfaces__rosidl_generator_cppExport.cmake
[0.725s] -- Up-to-date: /home/cthornton/data/local/college/research/arl/code/sims/airsim/ros_ws/install/hrlsim_interfaces/share/hrlsim_interfaces/cmake/hrlsim_interfaces__rosidl_typesupport_introspection_cppExport.cmake
[0.726s] -- Up-to-date: /home/cthornton/data/local/college/research/arl/code/sims/airsim/ros_ws/install/hrlsim_interfaces/share/hrlsim_interfaces/cmake/hrlsim_interfaces__rosidl_typesupport_introspection_cppExport-debug.cmake
[0.726s] -- Up-to-date: /home/cthornton/data/local/college/research/arl/code/sims/airsim/ros_ws/install/hrlsim_interfaces/share/hrlsim_interfaces/cmake/hrlsim_interfaces__rosidl_typesupport_cppExport.cmake
[0.727s] -- Up-to-date: /home/cthornton/data/local/college/research/arl/code/sims/airsim/ros_ws/install/hrlsim_interfaces/share/hrlsim_interfaces/cmake/hrlsim_interfaces__rosidl_typesupport_cppExport-debug.cmake
[0.727s] -- Up-to-date: /home/cthornton/data/local/college/research/arl/code/sims/airsim/ros_ws/install/hrlsim_interfaces/share/hrlsim_interfaces/cmake/rosidl_cmake-extras.cmake
[0.727s] -- Up-to-date: /home/cthornton/data/local/college/research/arl/code/sims/airsim/ros_ws/install/hrlsim_interfaces/share/hrlsim_interfaces/cmake/ament_cmake_export_dependencies-extras.cmake
[0.728s] -- Up-to-date: /home/cthornton/data/local/college/research/arl/code/sims/airsim/ros_ws/install/hrlsim_interfaces/share/hrlsim_interfaces/cmake/ament_cmake_export_libraries-extras.cmake
[0.728s] -- Up-to-date: /home/cthornton/data/local/college/research/arl/code/sims/airsim/ros_ws/install/hrlsim_interfaces/share/hrlsim_interfaces/cmake/ament_cmake_export_targets-extras.cmake
[0.729s] -- Up-to-date: /home/cthornton/data/local/college/research/arl/code/sims/airsim/ros_ws/install/hrlsim_interfaces/share/hrlsim_interfaces/cmake/ament_cmake_export_include_directories-extras.cmake
[0.730s] -- Up-to-date: /home/cthornton/data/local/college/research/arl/code/sims/airsim/ros_ws/install/hrlsim_interfaces/share/hrlsim_interfaces/cmake/rosidl_cmake_export_typesupport_libraries-extras.cmake
[0.730s] -- Up-to-date: /home/cthornton/data/local/college/research/arl/code/sims/airsim/ros_ws/install/hrlsim_interfaces/share/hrlsim_interfaces/cmake/rosidl_cmake_export_typesupport_targets-extras.cmake
[0.730s] -- Up-to-date: /home/cthornton/data/local/college/research/arl/code/sims/airsim/ros_ws/install/hrlsim_interfaces/share/hrlsim_interfaces/cmake/hrlsim_interfacesConfig.cmake
[0.731s] -- Up-to-date: /home/cthornton/data/local/college/research/arl/code/sims/airsim/ros_ws/install/hrlsim_interfaces/share/hrlsim_interfaces/cmake/hrlsim_interfacesConfig-version.cmake
[0.732s] -- Up-to-date: /home/cthornton/data/local/college/research/arl/code/sims/airsim/ros_ws/install/hrlsim_interfaces/share/hrlsim_interfaces/package.xml
[0.738s] Invoked command in '/home/cthornton/data/local/college/research/arl/code/sims/airsim/ros_ws/build/hrlsim_interfaces' returned '0': CMAKE_PREFIX_PATH=/home/cthornton/data/local/college/research/arl/code/sims/airsim/ros_ws/install/airsim_interfaces:/home/cthornton/data/local/college/research/arl/code/sims/airsim/ros_ws/install/hrlsim:/opt/ros/foxy:/home/cthornton/Documents/vela/catkin_ws/devel:/home/cthornton/data/local/college/research/arl/code/sims/airsim/ros_ws/install/hrlsim_interfaces:/home/cthornton/data/local/college/research/arl/code/sims/airsim/ros_ws/install/airsim_ros_pkgs LD_LIBRARY_PATH=/home/cthornton/data/local/college/research/arl/code/sims/airsim/ros_ws/install/airsim_interfaces/lib:/home/cthornton/Documents/vela/catkin_ws/devel/lib:/home/cthornton/data/local/college/research/arl/code/sims/airsim/ros_ws/install/hrlsim_interfaces/lib:/home/cthornton/data/local/college/research/arl/code/sims/airsim/ros_ws/install/airsim_ros_pkgs/lib:/opt/ros/foxy/opt/yaml_cpp_vendor/lib:/opt/ros/foxy/opt/rviz_ogre_vendor/lib:/opt/ros/foxy/lib/x86_64-linux-gnu:/opt/ros/foxy/lib PYTHONPATH=/home/cthornton/data/local/college/research/arl/code/sims/airsim/ros_ws/install/airsim_interfaces/lib/python3.8/site-packages:/home/cthornton/Documents/vela/catkin_ws/devel/lib/python2.7/dist-packages:/home/cthornton/data/local/college/research/arl/code/sims/airsim/ros_ws/install/hrlsim/lib/python3.8/site-packages:/home/cthornton/data/local/college/research/arl/code/sims/airsim/ros_ws/install/hrlsim_interfaces/lib/python3.8/site-packages:/opt/ros/foxy/lib/python3.8/site-packages /home/cthornton/.local/bin/cmake --install /home/cthornton/data/local/college/research/arl/code/sims/airsim/ros_ws/build/hrlsim_interfaces
