[0.019s] Invoking command in '/home/cthornton/data/local/college/research/arl/code/sims/airsim/ros_ws/build/hrlsim_interfaces': CMAKE_PREFIX_PATH=/home/cthornton/data/local/college/research/arl/code/sims/airsim/ros_ws/install/airsim_interfaces:/home/cthornton/data/local/college/research/arl/code/sims/airsim/ros_ws/install/hrlsim:/opt/ros/foxy:/home/cthornton/Documents/vela/catkin_ws/devel:/home/cthornton/data/local/college/research/arl/code/sims/airsim/ros_ws/install/hrlsim_interfaces:/home/cthornton/data/local/college/research/arl/code/sims/airsim/ros_ws/install/airsim_ros_pkgs LD_LIBRARY_PATH=/home/cthornton/data/local/college/research/arl/code/sims/airsim/ros_ws/install/airsim_interfaces/lib:/home/cthornton/Documents/vela/catkin_ws/devel/lib:/home/cthornton/data/local/college/research/arl/code/sims/airsim/ros_ws/install/hrlsim_interfaces/lib:/home/cthornton/data/local/college/research/arl/code/sims/airsim/ros_ws/install/airsim_ros_pkgs/lib:/opt/ros/foxy/opt/yaml_cpp_vendor/lib:/opt/ros/foxy/opt/rviz_ogre_vendor/lib:/opt/ros/foxy/lib/x86_64-linux-gnu:/opt/ros/foxy/lib PYTHONPATH=/home/cthornton/data/local/college/research/arl/code/sims/airsim/ros_ws/install/airsim_interfaces/lib/python3.8/site-packages:/home/cthornton/Documents/vela/catkin_ws/devel/lib/python2.7/dist-packages:/home/cthornton/data/local/college/research/arl/code/sims/airsim/ros_ws/install/hrlsim_interfaces/lib/python3.8/site-packages:/home/cthornton/data/local/college/research/arl/code/sims/airsim/ros_ws/install/hrlsim/lib/python3.8/site-packages:/opt/ros/foxy/lib/python3.8/site-packages /home/cthornton/.local/bin/cmake --build /home/cthornton/data/local/college/research/arl/code/sims/airsim/ros_ws/build/hrlsim_interfaces -- -j12 -l12
[0.062s] -- Found ament_cmake: 0.9.9 (/opt/ros/foxy/share/ament_cmake/cmake)
[0.087s] -- Found PythonInterp: /usr/bin/python3 (found suitable version "3.8.10", minimum required is "3") 
[0.087s] -- Using PYTHON_EXECUTABLE: /usr/bin/python3
[0.270s] -- Found rosidl_default_generators: 1.0.1 (/opt/ros/foxy/share/rosidl_default_generators/cmake)
[0.273s] -- Using all available rosidl_typesupport_c: rosidl_typesupport_fastrtps_c;rosidl_typesupport_introspection_c
[0.276s] -- Found rosidl_adapter: 1.2.1 (/opt/ros/foxy/share/rosidl_adapter/cmake)
[0.392s] -- Using all available rosidl_typesupport_cpp: rosidl_typesupport_fastrtps_cpp;rosidl_typesupport_introspection_cpp
[0.421s] -- Found airsim_interfaces: 0.1.0 (/home/cthornton/data/local/college/research/arl/code/sims/airsim/ros_ws/install/airsim_interfaces/share/airsim_interfaces/cmake)
[0.681s] -- Found sensor_msgs: 2.0.4 (/opt/ros/foxy/share/sensor_msgs/cmake)
[0.749s] -- Found PythonInterp: /usr/bin/python3 (found version "3.8.10") 
[0.962s] -- Found ament_cmake_ros: 0.9.2 (/opt/ros/foxy/share/ament_cmake_ros/cmake)
[1.268s] -- Using all available rosidl_typesupport_c: rosidl_typesupport_fastrtps_c;rosidl_typesupport_introspection_c
[1.439s] -- Using all available rosidl_typesupport_cpp: rosidl_typesupport_fastrtps_cpp;rosidl_typesupport_introspection_cpp
[1.462s] -- Found PythonInterp: /usr/bin/python3 (found suitable version "3.8.10", minimum required is "3.5") 
[1.462s] -- Found python_cmake_module: 0.8.1 (/opt/ros/foxy/share/python_cmake_module/cmake)
[1.483s] -- Using PYTHON_EXECUTABLE: /usr/bin/python3
[1.484s] -- Using PYTHON_INCLUDE_DIRS: /usr/include/python3.8
[1.484s] -- Using PYTHON_LIBRARIES: /usr/lib/x86_64-linux-gnu/libpython3.8.so
[1.557s] -- Found ament_lint_auto: 0.9.6 (/opt/ros/foxy/share/ament_lint_auto/cmake)
[1.576s] -- Added test 'copyright' to check source files copyright and LICENSE
[1.584s] -- Added test 'lint_cmake' to check CMake code style
[1.589s] -- Added test 'xmllint' to check XML markup files
[1.593s] -- Configuring done
[1.692s] -- Generating done
[1.698s] -- Build files have been written to: /home/cthornton/data/local/college/research/arl/code/sims/airsim/ros_ws/build/hrlsim_interfaces
[1.714s] [35m[1mConsolidate compiler generated dependencies of target hrlsim_interfaces__rosidl_generator_c[0m
[1.717s] [  1%] Built target hrlsim_interfaces__cpp
[1.729s] [35m[1mConsolidate compiler generated dependencies of target hrlsim_interfaces__rosidl_typesupport_cpp[0m
[1.729s] [35m[1mConsolidate compiler generated dependencies of target hrlsim_interfaces__rosidl_typesupport_fastrtps_cpp[0m
[1.730s] [35m[1mConsolidate compiler generated dependencies of target hrlsim_interfaces__rosidl_typesupport_introspection_cpp[0m
[1.740s] [ 12%] Built target hrlsim_interfaces__rosidl_generator_c
[1.752s] [35m[1mConsolidate compiler generated dependencies of target hrlsim_interfaces__rosidl_typesupport_c[0m
[1.753s] [35m[1mConsolidate compiler generated dependencies of target hrlsim_interfaces__rosidl_typesupport_introspection_c[0m
[1.790s] [ 23%] Built target hrlsim_interfaces__rosidl_typesupport_c
[1.800s] [ 34%] Built target hrlsim_interfaces__rosidl_typesupport_introspection_c
[1.804s] [ 46%] Built target hrlsim_interfaces__rosidl_typesupport_cpp
[1.805s] [ 57%] Built target hrlsim_interfaces__rosidl_typesupport_introspection_cpp
[1.813s] [ 68%] Built target hrlsim_interfaces__rosidl_typesupport_fastrtps_cpp
[1.820s] [35m[1mConsolidate compiler generated dependencies of target hrlsim_interfaces__rosidl_typesupport_fastrtps_c[0m
[1.855s] [ 79%] Built target hrlsim_interfaces__rosidl_typesupport_fastrtps_c
[1.865s] [ 79%] Built target hrlsim_interfaces
[1.875s] [ 80%] Built target hrlsim_interfaces__py
[1.882s] [35m[1mConsolidate compiler generated dependencies of target hrlsim_interfaces__python[0m
[1.914s] [ 90%] Built target hrlsim_interfaces__python
[1.920s] [35m[1mConsolidate compiler generated dependencies of target hrlsim_interfaces__rosidl_typesupport_c__pyext[0m
[1.920s] [35m[1mConsolidate compiler generated dependencies of target hrlsim_interfaces__rosidl_typesupport_fastrtps_c__pyext[0m
[1.920s] [35m[1mConsolidate compiler generated dependencies of target hrlsim_interfaces__rosidl_typesupport_introspection_c__pyext[0m
[1.947s] [ 93%] Built target hrlsim_interfaces__rosidl_typesupport_c__pyext
[1.947s] [ 96%] Built target hrlsim_interfaces__rosidl_typesupport_fastrtps_c__pyext
[1.948s] [100%] Built target hrlsim_interfaces__rosidl_typesupport_introspection_c__pyext
[1.955s] Invoked command in '/home/cthornton/data/local/college/research/arl/code/sims/airsim/ros_ws/build/hrlsim_interfaces' returned '0': CMAKE_PREFIX_PATH=/home/cthornton/data/local/college/research/arl/code/sims/airsim/ros_ws/install/airsim_interfaces:/home/cthornton/data/local/college/research/arl/code/sims/airsim/ros_ws/install/hrlsim:/opt/ros/foxy:/home/cthornton/Documents/vela/catkin_ws/devel:/home/cthornton/data/local/college/research/arl/code/sims/airsim/ros_ws/install/hrlsim_interfaces:/home/cthornton/data/local/college/research/arl/code/sims/airsim/ros_ws/install/airsim_ros_pkgs LD_LIBRARY_PATH=/home/cthornton/data/local/college/research/arl/code/sims/airsim/ros_ws/install/airsim_interfaces/lib:/home/cthornton/Documents/vela/catkin_ws/devel/lib:/home/cthornton/data/local/college/research/arl/code/sims/airsim/ros_ws/install/hrlsim_interfaces/lib:/home/cthornton/data/local/college/research/arl/code/sims/airsim/ros_ws/install/airsim_ros_pkgs/lib:/opt/ros/foxy/opt/yaml_cpp_vendor/lib:/opt/ros/foxy/opt/rviz_ogre_vendor/lib:/opt/ros/foxy/lib/x86_64-linux-gnu:/opt/ros/foxy/lib PYTHONPATH=/home/cthornton/data/local/college/research/arl/code/sims/airsim/ros_ws/install/airsim_interfaces/lib/python3.8/site-packages:/home/cthornton/Documents/vela/catkin_ws/devel/lib/python2.7/dist-packages:/home/cthornton/data/local/college/research/arl/code/sims/airsim/ros_ws/install/hrlsim_interfaces/lib/python3.8/site-packages:/home/cthornton/data/local/college/research/arl/code/sims/airsim/ros_ws/install/hrlsim/lib/python3.8/site-packages:/opt/ros/foxy/lib/python3.8/site-packages /home/cthornton/.local/bin/cmake --build /home/cthornton/data/local/college/research/arl/code/sims/airsim/ros_ws/build/hrlsim_interfaces -- -j12 -l12
[2.103s] Invoking command in '/home/cthornton/data/local/college/research/arl/code/sims/airsim/ros_ws/build/hrlsim_interfaces': CMAKE_PREFIX_PATH=/home/cthornton/data/local/college/research/arl/code/sims/airsim/ros_ws/install/airsim_interfaces:/home/cthornton/data/local/college/research/arl/code/sims/airsim/ros_ws/install/hrlsim:/opt/ros/foxy:/home/cthornton/Documents/vela/catkin_ws/devel:/home/cthornton/data/local/college/research/arl/code/sims/airsim/ros_ws/install/hrlsim_interfaces:/home/cthornton/data/local/college/research/arl/code/sims/airsim/ros_ws/install/airsim_ros_pkgs LD_LIBRARY_PATH=/home/cthornton/data/local/college/research/arl/code/sims/airsim/ros_ws/install/airsim_interfaces/lib:/home/cthornton/Documents/vela/catkin_ws/devel/lib:/home/cthornton/data/local/college/research/arl/code/sims/airsim/ros_ws/install/hrlsim_interfaces/lib:/home/cthornton/data/local/college/research/arl/code/sims/airsim/ros_ws/install/airsim_ros_pkgs/lib:/opt/ros/foxy/opt/yaml_cpp_vendor/lib:/opt/ros/foxy/opt/rviz_ogre_vendor/lib:/opt/ros/foxy/lib/x86_64-linux-gnu:/opt/ros/foxy/lib PYTHONPATH=/home/cthornton/data/local/college/research/arl/code/sims/airsim/ros_ws/install/airsim_interfaces/lib/python3.8/site-packages:/home/cthornton/Documents/vela/catkin_ws/devel/lib/python2.7/dist-packages:/home/cthornton/data/local/college/research/arl/code/sims/airsim/ros_ws/install/hrlsim_interfaces/lib/python3.8/site-packages:/home/cthornton/data/local/college/research/arl/code/sims/airsim/ros_ws/install/hrlsim/lib/python3.8/site-packages:/opt/ros/foxy/lib/python3.8/site-packages /home/cthornton/.local/bin/cmake --install /home/cthornton/data/local/college/research/arl/code/sims/airsim/ros_ws/build/hrlsim_interfaces
[2.131s] -- Install configuration: "Debug"
[2.131s] -- Up-to-date: /home/cthornton/data/local/college/research/arl/code/sims/airsim/ros_ws/install/hrlsim_interfaces/share/ament_index/resource_index/rosidl_interfaces/hrlsim_interfaces
[2.131s] -- Up-to-date: /home/cthornton/data/local/college/research/arl/code/sims/airsim/ros_ws/install/hrlsim_interfaces/include/hrlsim_interfaces
[2.132s] -- Up-to-date: /home/cthornton/data/local/college/research/arl/code/sims/airsim/ros_ws/install/hrlsim_interfaces/include/hrlsim_interfaces/action
[2.132s] -- Up-to-date: /home/cthornton/data/local/college/research/arl/code/sims/airsim/ros_ws/install/hrlsim_interfaces/include/hrlsim_interfaces/action/detail
[2.132s] -- Up-to-date: /home/cthornton/data/local/college/research/arl/code/sims/airsim/ros_ws/install/hrlsim_interfaces/include/hrlsim_interfaces/action/detail/move_to_location__functions.c
[2.132s] -- Up-to-date: /home/cthornton/data/local/college/research/arl/code/sims/airsim/ros_ws/install/hrlsim_interfaces/include/hrlsim_interfaces/action/detail/move_to_location__functions.h
[2.132s] -- Up-to-date: /home/cthornton/data/local/college/research/arl/code/sims/airsim/ros_ws/install/hrlsim_interfaces/include/hrlsim_interfaces/action/detail/move_to_location__struct.h
[2.133s] -- Up-to-date: /home/cthornton/data/local/college/research/arl/code/sims/airsim/ros_ws/install/hrlsim_interfaces/include/hrlsim_interfaces/action/detail/move_to_location__type_support.h
[2.133s] -- Up-to-date: /home/cthornton/data/local/college/research/arl/code/sims/airsim/ros_ws/install/hrlsim_interfaces/include/hrlsim_interfaces/action/detail/track_object__functions.c
[2.133s] -- Up-to-date: /home/cthornton/data/local/college/research/arl/code/sims/airsim/ros_ws/install/hrlsim_interfaces/include/hrlsim_interfaces/action/detail/track_object__functions.h
[2.133s] -- Up-to-date: /home/cthornton/data/local/college/research/arl/code/sims/airsim/ros_ws/install/hrlsim_interfaces/include/hrlsim_interfaces/action/detail/track_object__struct.h
[2.133s] -- Up-to-date: /home/cthornton/data/local/college/research/arl/code/sims/airsim/ros_ws/install/hrlsim_interfaces/include/hrlsim_interfaces/action/detail/track_object__type_support.h
[2.133s] -- Up-to-date: /home/cthornton/data/local/college/research/arl/code/sims/airsim/ros_ws/install/hrlsim_interfaces/include/hrlsim_interfaces/action/move_to_location.h
[2.134s] -- Up-to-date: /home/cthornton/data/local/college/research/arl/code/sims/airsim/ros_ws/install/hrlsim_interfaces/include/hrlsim_interfaces/action/track_object.h
[2.134s] -- Up-to-date: /home/cthornton/data/local/college/research/arl/code/sims/airsim/ros_ws/install/hrlsim_interfaces/include/hrlsim_interfaces/msg
[2.134s] -- Up-to-date: /home/cthornton/data/local/college/research/arl/code/sims/airsim/ros_ws/install/hrlsim_interfaces/include/hrlsim_interfaces/msg/detail
[2.134s] -- Up-to-date: /home/cthornton/data/local/college/research/arl/code/sims/airsim/ros_ws/install/hrlsim_interfaces/include/hrlsim_interfaces/msg/detail/multirotor__functions.c
[2.134s] -- Up-to-date: /home/cthornton/data/local/college/research/arl/code/sims/airsim/ros_ws/install/hrlsim_interfaces/include/hrlsim_interfaces/msg/detail/multirotor__functions.h
[2.134s] -- Up-to-date: /home/cthornton/data/local/college/research/arl/code/sims/airsim/ros_ws/install/hrlsim_interfaces/include/hrlsim_interfaces/msg/detail/multirotor__struct.h
[2.135s] -- Up-to-date: /home/cthornton/data/local/college/research/arl/code/sims/airsim/ros_ws/install/hrlsim_interfaces/include/hrlsim_interfaces/msg/detail/multirotor__type_support.h
[2.135s] -- Up-to-date: /home/cthornton/data/local/college/research/arl/code/sims/airsim/ros_ws/install/hrlsim_interfaces/include/hrlsim_interfaces/msg/detail/sensors__functions.c
[2.135s] -- Up-to-date: /home/cthornton/data/local/college/research/arl/code/sims/airsim/ros_ws/install/hrlsim_interfaces/include/hrlsim_interfaces/msg/detail/sensors__functions.h
[2.135s] -- Up-to-date: /home/cthornton/data/local/college/research/arl/code/sims/airsim/ros_ws/install/hrlsim_interfaces/include/hrlsim_interfaces/msg/detail/sensors__struct.h
[2.135s] -- Up-to-date: /home/cthornton/data/local/college/research/arl/code/sims/airsim/ros_ws/install/hrlsim_interfaces/include/hrlsim_interfaces/msg/detail/sensors__type_support.h
[2.135s] -- Up-to-date: /home/cthornton/data/local/college/research/arl/code/sims/airsim/ros_ws/install/hrlsim_interfaces/include/hrlsim_interfaces/msg/detail/state__functions.c
[2.136s] -- Up-to-date: /home/cthornton/data/local/college/research/arl/code/sims/airsim/ros_ws/install/hrlsim_interfaces/include/hrlsim_interfaces/msg/detail/state__functions.h
[2.136s] -- Up-to-date: /home/cthornton/data/local/college/research/arl/code/sims/airsim/ros_ws/install/hrlsim_interfaces/include/hrlsim_interfaces/msg/detail/state__struct.h
[2.136s] -- Up-to-date: /home/cthornton/data/local/college/research/arl/code/sims/airsim/ros_ws/install/hrlsim_interfaces/include/hrlsim_interfaces/msg/detail/state__type_support.h
[2.136s] -- Up-to-date: /home/cthornton/data/local/college/research/arl/code/sims/airsim/ros_ws/install/hrlsim_interfaces/include/hrlsim_interfaces/msg/multirotor.h
[2.136s] -- Up-to-date: /home/cthornton/data/local/college/research/arl/code/sims/airsim/ros_ws/install/hrlsim_interfaces/include/hrlsim_interfaces/msg/rosidl_generator_c__visibility_control.h
[2.136s] -- Up-to-date: /home/cthornton/data/local/college/research/arl/code/sims/airsim/ros_ws/install/hrlsim_interfaces/include/hrlsim_interfaces/msg/sensors.h
[2.137s] -- Up-to-date: /home/cthornton/data/local/college/research/arl/code/sims/airsim/ros_ws/install/hrlsim_interfaces/include/hrlsim_interfaces/msg/state.h
[2.137s] -- Up-to-date: /home/cthornton/data/local/college/research/arl/code/sims/airsim/ros_ws/install/hrlsim_interfaces/share/hrlsim_interfaces/environment/library_path.sh
[2.137s] -- Installing: /home/cthornton/data/local/college/research/arl/code/sims/airsim/ros_ws/install/hrlsim_interfaces/share/hrlsim_interfaces/environment/library_path.dsv
[2.137s] -- Up-to-date: /home/cthornton/data/local/college/research/arl/code/sims/airsim/ros_ws/install/hrlsim_interfaces/lib/libhrlsim_interfaces__rosidl_generator_c.so
[2.137s] -- Up-to-date: /home/cthornton/data/local/college/research/arl/code/sims/airsim/ros_ws/install/hrlsim_interfaces/include/hrlsim_interfaces
[2.137s] -- Up-to-date: /home/cthornton/data/local/college/research/arl/code/sims/airsim/ros_ws/install/hrlsim_interfaces/include/hrlsim_interfaces/action
[2.138s] -- Up-to-date: /home/cthornton/data/local/college/research/arl/code/sims/airsim/ros_ws/install/hrlsim_interfaces/include/hrlsim_interfaces/action/detail
[2.138s] -- Up-to-date: /home/cthornton/data/local/college/research/arl/code/sims/airsim/ros_ws/install/hrlsim_interfaces/include/hrlsim_interfaces/action/detail/move_to_location__rosidl_typesupport_fastrtps_c.h
[2.138s] -- Up-to-date: /home/cthornton/data/local/college/research/arl/code/sims/airsim/ros_ws/install/hrlsim_interfaces/include/hrlsim_interfaces/action/detail/track_object__rosidl_typesupport_fastrtps_c.h
[2.138s] -- Up-to-date: /home/cthornton/data/local/college/research/arl/code/sims/airsim/ros_ws/install/hrlsim_interfaces/include/hrlsim_interfaces/msg
[2.138s] -- Up-to-date: /home/cthornton/data/local/college/research/arl/code/sims/airsim/ros_ws/install/hrlsim_interfaces/include/hrlsim_interfaces/msg/detail
[2.139s] -- Up-to-date: /home/cthornton/data/local/college/research/arl/code/sims/airsim/ros_ws/install/hrlsim_interfaces/include/hrlsim_interfaces/msg/detail/multirotor__rosidl_typesupport_fastrtps_c.h
[2.139s] -- Up-to-date: /home/cthornton/data/local/college/research/arl/code/sims/airsim/ros_ws/install/hrlsim_interfaces/include/hrlsim_interfaces/msg/detail/sensors__rosidl_typesupport_fastrtps_c.h
[2.139s] -- Up-to-date: /home/cthornton/data/local/college/research/arl/code/sims/airsim/ros_ws/install/hrlsim_interfaces/include/hrlsim_interfaces/msg/detail/state__rosidl_typesupport_fastrtps_c.h
[2.139s] -- Up-to-date: /home/cthornton/data/local/college/research/arl/code/sims/airsim/ros_ws/install/hrlsim_interfaces/include/hrlsim_interfaces/msg/rosidl_typesupport_fastrtps_c__visibility_control.h
[2.139s] -- Up-to-date: /home/cthornton/data/local/college/research/arl/code/sims/airsim/ros_ws/install/hrlsim_interfaces/lib/libhrlsim_interfaces__rosidl_typesupport_fastrtps_c.so
[2.139s] -- Up-to-date: /home/cthornton/data/local/college/research/arl/code/sims/airsim/ros_ws/install/hrlsim_interfaces/include/hrlsim_interfaces
[2.140s] -- Up-to-date: /home/cthornton/data/local/college/research/arl/code/sims/airsim/ros_ws/install/hrlsim_interfaces/include/hrlsim_interfaces/action
[2.140s] -- Up-to-date: /home/cthornton/data/local/college/research/arl/code/sims/airsim/ros_ws/install/hrlsim_interfaces/include/hrlsim_interfaces/action/detail
[2.140s] -- Up-to-date: /home/cthornton/data/local/college/research/arl/code/sims/airsim/ros_ws/install/hrlsim_interfaces/include/hrlsim_interfaces/action/detail/dds_fastrtps
[2.140s] -- Up-to-date: /home/cthornton/data/local/college/research/arl/code/sims/airsim/ros_ws/install/hrlsim_interfaces/include/hrlsim_interfaces/action/detail/move_to_location__rosidl_typesupport_fastrtps_cpp.hpp
[2.140s] -- Up-to-date: /home/cthornton/data/local/college/research/arl/code/sims/airsim/ros_ws/install/hrlsim_interfaces/include/hrlsim_interfaces/action/detail/track_object__rosidl_typesupport_fastrtps_cpp.hpp
[2.140s] -- Up-to-date: /home/cthornton/data/local/college/research/arl/code/sims/airsim/ros_ws/install/hrlsim_interfaces/include/hrlsim_interfaces/msg
[2.141s] -- Up-to-date: /home/cthornton/data/local/college/research/arl/code/sims/airsim/ros_ws/install/hrlsim_interfaces/include/hrlsim_interfaces/msg/detail
[2.141s] -- Up-to-date: /home/cthornton/data/local/college/research/arl/code/sims/airsim/ros_ws/install/hrlsim_interfaces/include/hrlsim_interfaces/msg/detail/dds_fastrtps
[2.141s] -- Up-to-date: /home/cthornton/data/local/college/research/arl/code/sims/airsim/ros_ws/install/hrlsim_interfaces/include/hrlsim_interfaces/msg/detail/multirotor__rosidl_typesupport_fastrtps_cpp.hpp
[2.141s] -- Up-to-date: /home/cthornton/data/local/college/research/arl/code/sims/airsim/ros_ws/install/hrlsim_interfaces/include/hrlsim_interfaces/msg/detail/sensors__rosidl_typesupport_fastrtps_cpp.hpp
[2.141s] -- Up-to-date: /home/cthornton/data/local/college/research/arl/code/sims/airsim/ros_ws/install/hrlsim_interfaces/include/hrlsim_interfaces/msg/detail/state__rosidl_typesupport_fastrtps_cpp.hpp
[2.141s] -- Up-to-date: /home/cthornton/data/local/college/research/arl/code/sims/airsim/ros_ws/install/hrlsim_interfaces/include/hrlsim_interfaces/msg/rosidl_typesupport_fastrtps_cpp__visibility_control.h
[2.142s] -- Up-to-date: /home/cthornton/data/local/college/research/arl/code/sims/airsim/ros_ws/install/hrlsim_interfaces/lib/libhrlsim_interfaces__rosidl_typesupport_fastrtps_cpp.so
[2.142s] -- Up-to-date: /home/cthornton/data/local/college/research/arl/code/sims/airsim/ros_ws/install/hrlsim_interfaces/include/hrlsim_interfaces
[2.142s] -- Up-to-date: /home/cthornton/data/local/college/research/arl/code/sims/airsim/ros_ws/install/hrlsim_interfaces/include/hrlsim_interfaces/action
[2.142s] -- Up-to-date: /home/cthornton/data/local/college/research/arl/code/sims/airsim/ros_ws/install/hrlsim_interfaces/include/hrlsim_interfaces/action/detail
[2.142s] -- Up-to-date: /home/cthornton/data/local/college/research/arl/code/sims/airsim/ros_ws/install/hrlsim_interfaces/include/hrlsim_interfaces/action/detail/move_to_location__rosidl_typesupport_introspection_c.h
[2.142s] -- Up-to-date: /home/cthornton/data/local/college/research/arl/code/sims/airsim/ros_ws/install/hrlsim_interfaces/include/hrlsim_interfaces/action/detail/move_to_location__type_support.c
[2.143s] -- Up-to-date: /home/cthornton/data/local/college/research/arl/code/sims/airsim/ros_ws/install/hrlsim_interfaces/include/hrlsim_interfaces/action/detail/track_object__rosidl_typesupport_introspection_c.h
[2.143s] -- Up-to-date: /home/cthornton/data/local/college/research/arl/code/sims/airsim/ros_ws/install/hrlsim_interfaces/include/hrlsim_interfaces/action/detail/track_object__type_support.c
[2.143s] -- Up-to-date: /home/cthornton/data/local/college/research/arl/code/sims/airsim/ros_ws/install/hrlsim_interfaces/include/hrlsim_interfaces/msg
[2.143s] -- Up-to-date: /home/cthornton/data/local/college/research/arl/code/sims/airsim/ros_ws/install/hrlsim_interfaces/include/hrlsim_interfaces/msg/detail
[2.143s] -- Up-to-date: /home/cthornton/data/local/college/research/arl/code/sims/airsim/ros_ws/install/hrlsim_interfaces/include/hrlsim_interfaces/msg/detail/multirotor__rosidl_typesupport_introspection_c.h
[2.143s] -- Up-to-date: /home/cthornton/data/local/college/research/arl/code/sims/airsim/ros_ws/install/hrlsim_interfaces/include/hrlsim_interfaces/msg/detail/multirotor__type_support.c
[2.144s] -- Up-to-date: /home/cthornton/data/local/college/research/arl/code/sims/airsim/ros_ws/install/hrlsim_interfaces/include/hrlsim_interfaces/msg/detail/sensors__rosidl_typesupport_introspection_c.h
[2.144s] -- Up-to-date: /home/cthornton/data/local/college/research/arl/code/sims/airsim/ros_ws/install/hrlsim_interfaces/include/hrlsim_interfaces/msg/detail/sensors__type_support.c
[2.144s] -- Up-to-date: /home/cthornton/data/local/college/research/arl/code/sims/airsim/ros_ws/install/hrlsim_interfaces/include/hrlsim_interfaces/msg/detail/state__rosidl_typesupport_introspection_c.h
[2.144s] -- Up-to-date: /home/cthornton/data/local/college/research/arl/code/sims/airsim/ros_ws/install/hrlsim_interfaces/include/hrlsim_interfaces/msg/detail/state__type_support.c
[2.144s] -- Up-to-date: /home/cthornton/data/local/college/research/arl/code/sims/airsim/ros_ws/install/hrlsim_interfaces/include/hrlsim_interfaces/msg/rosidl_typesupport_introspection_c__visibility_control.h
[2.145s] -- Up-to-date: /home/cthornton/data/local/college/research/arl/code/sims/airsim/ros_ws/install/hrlsim_interfaces/lib/libhrlsim_interfaces__rosidl_typesupport_introspection_c.so
[2.145s] -- Up-to-date: /home/cthornton/data/local/college/research/arl/code/sims/airsim/ros_ws/install/hrlsim_interfaces/lib/libhrlsim_interfaces__rosidl_typesupport_c.so
[2.145s] -- Up-to-date: /home/cthornton/data/local/college/research/arl/code/sims/airsim/ros_ws/install/hrlsim_interfaces/include/hrlsim_interfaces
[2.145s] -- Up-to-date: /home/cthornton/data/local/college/research/arl/code/sims/airsim/ros_ws/install/hrlsim_interfaces/include/hrlsim_interfaces/action
[2.145s] -- Up-to-date: /home/cthornton/data/local/college/research/arl/code/sims/airsim/ros_ws/install/hrlsim_interfaces/include/hrlsim_interfaces/action/detail
[2.145s] -- Up-to-date: /home/cthornton/data/local/college/research/arl/code/sims/airsim/ros_ws/install/hrlsim_interfaces/include/hrlsim_interfaces/action/detail/move_to_location__builder.hpp
[2.146s] -- Up-to-date: /home/cthornton/data/local/college/research/arl/code/sims/airsim/ros_ws/install/hrlsim_interfaces/include/hrlsim_interfaces/action/detail/move_to_location__struct.hpp
[2.146s] -- Up-to-date: /home/cthornton/data/local/college/research/arl/code/sims/airsim/ros_ws/install/hrlsim_interfaces/include/hrlsim_interfaces/action/detail/move_to_location__traits.hpp
[2.146s] -- Up-to-date: /home/cthornton/data/local/college/research/arl/code/sims/airsim/ros_ws/install/hrlsim_interfaces/include/hrlsim_interfaces/action/detail/track_object__builder.hpp
[2.146s] -- Up-to-date: /home/cthornton/data/local/college/research/arl/code/sims/airsim/ros_ws/install/hrlsim_interfaces/include/hrlsim_interfaces/action/detail/track_object__struct.hpp
[2.146s] -- Up-to-date: /home/cthornton/data/local/college/research/arl/code/sims/airsim/ros_ws/install/hrlsim_interfaces/include/hrlsim_interfaces/action/detail/track_object__traits.hpp
[2.147s] -- Up-to-date: /home/cthornton/data/local/college/research/arl/code/sims/airsim/ros_ws/install/hrlsim_interfaces/include/hrlsim_interfaces/action/move_to_location.hpp
[2.147s] -- Up-to-date: /home/cthornton/data/local/college/research/arl/code/sims/airsim/ros_ws/install/hrlsim_interfaces/include/hrlsim_interfaces/action/track_object.hpp
[2.147s] -- Up-to-date: /home/cthornton/data/local/college/research/arl/code/sims/airsim/ros_ws/install/hrlsim_interfaces/include/hrlsim_interfaces/msg
[2.147s] -- Up-to-date: /home/cthornton/data/local/college/research/arl/code/sims/airsim/ros_ws/install/hrlsim_interfaces/include/hrlsim_interfaces/msg/detail
[2.147s] -- Up-to-date: /home/cthornton/data/local/college/research/arl/code/sims/airsim/ros_ws/install/hrlsim_interfaces/include/hrlsim_interfaces/msg/detail/multirotor__builder.hpp
[2.148s] -- Up-to-date: /home/cthornton/data/local/college/research/arl/code/sims/airsim/ros_ws/install/hrlsim_interfaces/include/hrlsim_interfaces/msg/detail/multirotor__struct.hpp
[2.148s] -- Up-to-date: /home/cthornton/data/local/college/research/arl/code/sims/airsim/ros_ws/install/hrlsim_interfaces/include/hrlsim_interfaces/msg/detail/multirotor__traits.hpp
[2.148s] -- Up-to-date: /home/cthornton/data/local/college/research/arl/code/sims/airsim/ros_ws/install/hrlsim_interfaces/include/hrlsim_interfaces/msg/detail/sensors__builder.hpp
[2.148s] -- Up-to-date: /home/cthornton/data/local/college/research/arl/code/sims/airsim/ros_ws/install/hrlsim_interfaces/include/hrlsim_interfaces/msg/detail/sensors__struct.hpp
[2.148s] -- Up-to-date: /home/cthornton/data/local/college/research/arl/code/sims/airsim/ros_ws/install/hrlsim_interfaces/include/hrlsim_interfaces/msg/detail/sensors__traits.hpp
[2.148s] -- Up-to-date: /home/cthornton/data/local/college/research/arl/code/sims/airsim/ros_ws/install/hrlsim_interfaces/include/hrlsim_interfaces/msg/detail/state__builder.hpp
[2.149s] -- Up-to-date: /home/cthornton/data/local/college/research/arl/code/sims/airsim/ros_ws/install/hrlsim_interfaces/include/hrlsim_interfaces/msg/detail/state__struct.hpp
[2.149s] -- Up-to-date: /home/cthornton/data/local/college/research/arl/code/sims/airsim/ros_ws/install/hrlsim_interfaces/include/hrlsim_interfaces/msg/detail/state__traits.hpp
[2.149s] -- Up-to-date: /home/cthornton/data/local/college/research/arl/code/sims/airsim/ros_ws/install/hrlsim_interfaces/include/hrlsim_interfaces/msg/multirotor.hpp
[2.149s] -- Up-to-date: /home/cthornton/data/local/college/research/arl/code/sims/airsim/ros_ws/install/hrlsim_interfaces/include/hrlsim_interfaces/msg/sensors.hpp
[2.149s] -- Up-to-date: /home/cthornton/data/local/college/research/arl/code/sims/airsim/ros_ws/install/hrlsim_interfaces/include/hrlsim_interfaces/msg/state.hpp
[2.150s] -- Up-to-date: /home/cthornton/data/local/college/research/arl/code/sims/airsim/ros_ws/install/hrlsim_interfaces/include/hrlsim_interfaces
[2.150s] -- Up-to-date: /home/cthornton/data/local/college/research/arl/code/sims/airsim/ros_ws/install/hrlsim_interfaces/include/hrlsim_interfaces/action
[2.150s] -- Up-to-date: /home/cthornton/data/local/college/research/arl/code/sims/airsim/ros_ws/install/hrlsim_interfaces/include/hrlsim_interfaces/action/detail
[2.150s] -- Up-to-date: /home/cthornton/data/local/college/research/arl/code/sims/airsim/ros_ws/install/hrlsim_interfaces/include/hrlsim_interfaces/action/detail/move_to_location__rosidl_typesupport_introspection_cpp.hpp
[2.150s] -- Up-to-date: /home/cthornton/data/local/college/research/arl/code/sims/airsim/ros_ws/install/hrlsim_interfaces/include/hrlsim_interfaces/action/detail/move_to_location__type_support.cpp
[2.150s] -- Up-to-date: /home/cthornton/data/local/college/research/arl/code/sims/airsim/ros_ws/install/hrlsim_interfaces/include/hrlsim_interfaces/action/detail/track_object__rosidl_typesupport_introspection_cpp.hpp
[2.151s] -- Up-to-date: /home/cthornton/data/local/college/research/arl/code/sims/airsim/ros_ws/install/hrlsim_interfaces/include/hrlsim_interfaces/action/detail/track_object__type_support.cpp
[2.151s] -- Up-to-date: /home/cthornton/data/local/college/research/arl/code/sims/airsim/ros_ws/install/hrlsim_interfaces/include/hrlsim_interfaces/msg
[2.151s] -- Up-to-date: /home/cthornton/data/local/college/research/arl/code/sims/airsim/ros_ws/install/hrlsim_interfaces/include/hrlsim_interfaces/msg/detail
[2.151s] -- Up-to-date: /home/cthornton/data/local/college/research/arl/code/sims/airsim/ros_ws/install/hrlsim_interfaces/include/hrlsim_interfaces/msg/detail/multirotor__rosidl_typesupport_introspection_cpp.hpp
[2.151s] -- Up-to-date: /home/cthornton/data/local/college/research/arl/code/sims/airsim/ros_ws/install/hrlsim_interfaces/include/hrlsim_interfaces/msg/detail/multirotor__type_support.cpp
[2.151s] -- Up-to-date: /home/cthornton/data/local/college/research/arl/code/sims/airsim/ros_ws/install/hrlsim_interfaces/include/hrlsim_interfaces/msg/detail/sensors__rosidl_typesupport_introspection_cpp.hpp
[2.152s] -- Up-to-date: /home/cthornton/data/local/college/research/arl/code/sims/airsim/ros_ws/install/hrlsim_interfaces/include/hrlsim_interfaces/msg/detail/sensors__type_support.cpp
[2.152s] -- Up-to-date: /home/cthornton/data/local/college/research/arl/code/sims/airsim/ros_ws/install/hrlsim_interfaces/include/hrlsim_interfaces/msg/detail/state__rosidl_typesupport_introspection_cpp.hpp
[2.152s] -- Up-to-date: /home/cthornton/data/local/college/research/arl/code/sims/airsim/ros_ws/install/hrlsim_interfaces/include/hrlsim_interfaces/msg/detail/state__type_support.cpp
[2.152s] -- Up-to-date: /home/cthornton/data/local/college/research/arl/code/sims/airsim/ros_ws/install/hrlsim_interfaces/lib/libhrlsim_interfaces__rosidl_typesupport_introspection_cpp.so
[2.152s] -- Up-to-date: /home/cthornton/data/local/college/research/arl/code/sims/airsim/ros_ws/install/hrlsim_interfaces/lib/libhrlsim_interfaces__rosidl_typesupport_cpp.so
[2.153s] -- Up-to-date: /home/cthornton/data/local/college/research/arl/code/sims/airsim/ros_ws/install/hrlsim_interfaces/share/hrlsim_interfaces/environment/pythonpath.sh
[2.153s] -- Installing: /home/cthornton/data/local/college/research/arl/code/sims/airsim/ros_ws/install/hrlsim_interfaces/share/hrlsim_interfaces/environment/pythonpath.dsv
[2.153s] -- Installing: /home/cthornton/data/local/college/research/arl/code/sims/airsim/ros_ws/install/hrlsim_interfaces/lib/python3.8/site-packages/hrlsim_interfaces/__init__.py
[2.179s] Compiling '/home/cthornton/data/local/college/research/arl/code/sims/airsim/ros_ws/install/hrlsim_interfaces/lib/python3.8/site-packages/hrlsim_interfaces/__init__.py'...
[2.182s] -- Up-to-date: /home/cthornton/data/local/college/research/arl/code/sims/airsim/ros_ws/install/hrlsim_interfaces/lib/python3.8/site-packages/hrlsim_interfaces/msg
[2.182s] -- Up-to-date: /home/cthornton/data/local/college/research/arl/code/sims/airsim/ros_ws/install/hrlsim_interfaces/lib/python3.8/site-packages/hrlsim_interfaces/msg/_multirotor.py
[2.182s] -- Up-to-date: /home/cthornton/data/local/college/research/arl/code/sims/airsim/ros_ws/install/hrlsim_interfaces/lib/python3.8/site-packages/hrlsim_interfaces/msg/_multirotor_s.c
[2.183s] -- Up-to-date: /home/cthornton/data/local/college/research/arl/code/sims/airsim/ros_ws/install/hrlsim_interfaces/lib/python3.8/site-packages/hrlsim_interfaces/msg/_sensors.py
[2.183s] -- Up-to-date: /home/cthornton/data/local/college/research/arl/code/sims/airsim/ros_ws/install/hrlsim_interfaces/lib/python3.8/site-packages/hrlsim_interfaces/msg/_sensors_s.c
[2.183s] -- Up-to-date: /home/cthornton/data/local/college/research/arl/code/sims/airsim/ros_ws/install/hrlsim_interfaces/lib/python3.8/site-packages/hrlsim_interfaces/msg/_state.py
[2.183s] -- Up-to-date: /home/cthornton/data/local/college/research/arl/code/sims/airsim/ros_ws/install/hrlsim_interfaces/lib/python3.8/site-packages/hrlsim_interfaces/msg/_state_s.c
[2.183s] -- Up-to-date: /home/cthornton/data/local/college/research/arl/code/sims/airsim/ros_ws/install/hrlsim_interfaces/lib/python3.8/site-packages/hrlsim_interfaces/msg/__init__.py
[2.183s] -- Up-to-date: /home/cthornton/data/local/college/research/arl/code/sims/airsim/ros_ws/install/hrlsim_interfaces/lib/python3.8/site-packages/hrlsim_interfaces/action
[2.184s] -- Up-to-date: /home/cthornton/data/local/college/research/arl/code/sims/airsim/ros_ws/install/hrlsim_interfaces/lib/python3.8/site-packages/hrlsim_interfaces/action/_move_to_location.py
[2.184s] -- Up-to-date: /home/cthornton/data/local/college/research/arl/code/sims/airsim/ros_ws/install/hrlsim_interfaces/lib/python3.8/site-packages/hrlsim_interfaces/action/_move_to_location_s.c
[2.184s] -- Up-to-date: /home/cthornton/data/local/college/research/arl/code/sims/airsim/ros_ws/install/hrlsim_interfaces/lib/python3.8/site-packages/hrlsim_interfaces/action/_track_object.py
[2.184s] -- Up-to-date: /home/cthornton/data/local/college/research/arl/code/sims/airsim/ros_ws/install/hrlsim_interfaces/lib/python3.8/site-packages/hrlsim_interfaces/action/_track_object_s.c
[2.184s] -- Up-to-date: /home/cthornton/data/local/college/research/arl/code/sims/airsim/ros_ws/install/hrlsim_interfaces/lib/python3.8/site-packages/hrlsim_interfaces/action/__init__.py
[2.184s] -- Up-to-date: /home/cthornton/data/local/college/research/arl/code/sims/airsim/ros_ws/install/hrlsim_interfaces/lib/python3.8/site-packages/hrlsim_interfaces/hrlsim_interfaces_s__rosidl_typesupport_fastrtps_c.cpython-38-x86_64-linux-gnu.so
[2.185s] -- Up-to-date: /home/cthornton/data/local/college/research/arl/code/sims/airsim/ros_ws/install/hrlsim_interfaces/lib/python3.8/site-packages/hrlsim_interfaces/hrlsim_interfaces_s__rosidl_typesupport_introspection_c.cpython-38-x86_64-linux-gnu.so
[2.186s] -- Up-to-date: /home/cthornton/data/local/college/research/arl/code/sims/airsim/ros_ws/install/hrlsim_interfaces/lib/python3.8/site-packages/hrlsim_interfaces/hrlsim_interfaces_s__rosidl_typesupport_c.cpython-38-x86_64-linux-gnu.so
[2.186s] -- Up-to-date: /home/cthornton/data/local/college/research/arl/code/sims/airsim/ros_ws/install/hrlsim_interfaces/lib/libhrlsim_interfaces__python.so
[2.187s] -- Up-to-date: /home/cthornton/data/local/college/research/arl/code/sims/airsim/ros_ws/install/hrlsim_interfaces/share/hrlsim_interfaces/msg/Multirotor.idl
[2.187s] -- Up-to-date: /home/cthornton/data/local/college/research/arl/code/sims/airsim/ros_ws/install/hrlsim_interfaces/share/hrlsim_interfaces/msg/Sensors.idl
[2.187s] -- Up-to-date: /home/cthornton/data/local/college/research/arl/code/sims/airsim/ros_ws/install/hrlsim_interfaces/share/hrlsim_interfaces/msg/State.idl
[2.188s] -- Up-to-date: /home/cthornton/data/local/college/research/arl/code/sims/airsim/ros_ws/install/hrlsim_interfaces/share/hrlsim_interfaces/action/MoveToLocation.idl
[2.188s] -- Up-to-date: /home/cthornton/data/local/college/research/arl/code/sims/airsim/ros_ws/install/hrlsim_interfaces/share/hrlsim_interfaces/action/TrackObject.idl
[2.188s] -- Up-to-date: /home/cthornton/data/local/college/research/arl/code/sims/airsim/ros_ws/install/hrlsim_interfaces/share/hrlsim_interfaces/msg/Multirotor.msg
[2.188s] -- Up-to-date: /home/cthornton/data/local/college/research/arl/code/sims/airsim/ros_ws/install/hrlsim_interfaces/share/hrlsim_interfaces/msg/Sensors.msg
[2.188s] -- Up-to-date: /home/cthornton/data/local/college/research/arl/code/sims/airsim/ros_ws/install/hrlsim_interfaces/share/hrlsim_interfaces/msg/State.msg
[2.188s] -- Up-to-date: /home/cthornton/data/local/college/research/arl/code/sims/airsim/ros_ws/install/hrlsim_interfaces/share/hrlsim_interfaces/action/MoveToLocation.action
[2.189s] -- Up-to-date: /home/cthornton/data/local/college/research/arl/code/sims/airsim/ros_ws/install/hrlsim_interfaces/share/hrlsim_interfaces/action/TrackObject.action
[2.189s] -- Installing: /home/cthornton/data/local/college/research/arl/code/sims/airsim/ros_ws/install/hrlsim_interfaces/share/ament_index/resource_index/package_run_dependencies/hrlsim_interfaces
[2.189s] -- Installing: /home/cthornton/data/local/college/research/arl/code/sims/airsim/ros_ws/install/hrlsim_interfaces/share/ament_index/resource_index/parent_prefix_path/hrlsim_interfaces
[2.189s] -- Up-to-date: /home/cthornton/data/local/college/research/arl/code/sims/airsim/ros_ws/install/hrlsim_interfaces/share/hrlsim_interfaces/environment/ament_prefix_path.sh
[2.189s] -- Installing: /home/cthornton/data/local/college/research/arl/code/sims/airsim/ros_ws/install/hrlsim_interfaces/share/hrlsim_interfaces/environment/ament_prefix_path.dsv
[2.190s] -- Up-to-date: /home/cthornton/data/local/college/research/arl/code/sims/airsim/ros_ws/install/hrlsim_interfaces/share/hrlsim_interfaces/environment/path.sh
[2.190s] -- Installing: /home/cthornton/data/local/college/research/arl/code/sims/airsim/ros_ws/install/hrlsim_interfaces/share/hrlsim_interfaces/environment/path.dsv
[2.190s] -- Up-to-date: /home/cthornton/data/local/college/research/arl/code/sims/airsim/ros_ws/install/hrlsim_interfaces/share/hrlsim_interfaces/local_setup.bash
[2.191s] -- Up-to-date: /home/cthornton/data/local/college/research/arl/code/sims/airsim/ros_ws/install/hrlsim_interfaces/share/hrlsim_interfaces/local_setup.sh
[2.191s] -- Up-to-date: /home/cthornton/data/local/college/research/arl/code/sims/airsim/ros_ws/install/hrlsim_interfaces/share/hrlsim_interfaces/local_setup.zsh
[2.191s] -- Installing: /home/cthornton/data/local/college/research/arl/code/sims/airsim/ros_ws/install/hrlsim_interfaces/share/hrlsim_interfaces/local_setup.dsv
[2.191s] -- Installing: /home/cthornton/data/local/college/research/arl/code/sims/airsim/ros_ws/install/hrlsim_interfaces/share/hrlsim_interfaces/package.dsv
[2.192s] -- Up-to-date: /home/cthornton/data/local/college/research/arl/code/sims/airsim/ros_ws/install/hrlsim_interfaces/share/ament_index/resource_index/packages/hrlsim_interfaces
[2.192s] -- Up-to-date: /home/cthornton/data/local/college/research/arl/code/sims/airsim/ros_ws/install/hrlsim_interfaces/share/hrlsim_interfaces/cmake/hrlsim_interfaces__rosidl_generator_cExport.cmake
[2.192s] -- Up-to-date: /home/cthornton/data/local/college/research/arl/code/sims/airsim/ros_ws/install/hrlsim_interfaces/share/hrlsim_interfaces/cmake/hrlsim_interfaces__rosidl_generator_cExport-debug.cmake
[2.192s] -- Up-to-date: /home/cthornton/data/local/college/research/arl/code/sims/airsim/ros_ws/install/hrlsim_interfaces/share/hrlsim_interfaces/cmake/hrlsim_interfaces__rosidl_typesupport_introspection_cExport.cmake
[2.192s] -- Up-to-date: /home/cthornton/data/local/college/research/arl/code/sims/airsim/ros_ws/install/hrlsim_interfaces/share/hrlsim_interfaces/cmake/hrlsim_interfaces__rosidl_typesupport_introspection_cExport-debug.cmake
[2.193s] -- Up-to-date: /home/cthornton/data/local/college/research/arl/code/sims/airsim/ros_ws/install/hrlsim_interfaces/share/hrlsim_interfaces/cmake/hrlsim_interfaces__rosidl_typesupport_cExport.cmake
[2.193s] -- Up-to-date: /home/cthornton/data/local/college/research/arl/code/sims/airsim/ros_ws/install/hrlsim_interfaces/share/hrlsim_interfaces/cmake/hrlsim_interfaces__rosidl_typesupport_cExport-debug.cmake
[2.193s] -- Up-to-date: /home/cthornton/data/local/college/research/arl/code/sims/airsim/ros_ws/install/hrlsim_interfaces/share/hrlsim_interfaces/cmake/hrlsim_interfaces__rosidl_generator_cppExport.cmake
[2.193s] -- Up-to-date: /home/cthornton/data/local/college/research/arl/code/sims/airsim/ros_ws/install/hrlsim_interfaces/share/hrlsim_interfaces/cmake/hrlsim_interfaces__rosidl_typesupport_introspection_cppExport.cmake
[2.193s] -- Up-to-date: /home/cthornton/data/local/college/research/arl/code/sims/airsim/ros_ws/install/hrlsim_interfaces/share/hrlsim_interfaces/cmake/hrlsim_interfaces__rosidl_typesupport_introspection_cppExport-debug.cmake
[2.194s] -- Up-to-date: /home/cthornton/data/local/college/research/arl/code/sims/airsim/ros_ws/install/hrlsim_interfaces/share/hrlsim_interfaces/cmake/hrlsim_interfaces__rosidl_typesupport_cppExport.cmake
[2.194s] -- Up-to-date: /home/cthornton/data/local/college/research/arl/code/sims/airsim/ros_ws/install/hrlsim_interfaces/share/hrlsim_interfaces/cmake/hrlsim_interfaces__rosidl_typesupport_cppExport-debug.cmake
[2.194s] -- Up-to-date: /home/cthornton/data/local/college/research/arl/code/sims/airsim/ros_ws/install/hrlsim_interfaces/share/hrlsim_interfaces/cmake/rosidl_cmake-extras.cmake
[2.194s] -- Up-to-date: /home/cthornton/data/local/college/research/arl/code/sims/airsim/ros_ws/install/hrlsim_interfaces/share/hrlsim_interfaces/cmake/ament_cmake_export_dependencies-extras.cmake
[2.194s] -- Up-to-date: /home/cthornton/data/local/college/research/arl/code/sims/airsim/ros_ws/install/hrlsim_interfaces/share/hrlsim_interfaces/cmake/ament_cmake_export_libraries-extras.cmake
[2.194s] -- Up-to-date: /home/cthornton/data/local/college/research/arl/code/sims/airsim/ros_ws/install/hrlsim_interfaces/share/hrlsim_interfaces/cmake/ament_cmake_export_targets-extras.cmake
[2.195s] -- Up-to-date: /home/cthornton/data/local/college/research/arl/code/sims/airsim/ros_ws/install/hrlsim_interfaces/share/hrlsim_interfaces/cmake/ament_cmake_export_include_directories-extras.cmake
[2.195s] -- Up-to-date: /home/cthornton/data/local/college/research/arl/code/sims/airsim/ros_ws/install/hrlsim_interfaces/share/hrlsim_interfaces/cmake/rosidl_cmake_export_typesupport_libraries-extras.cmake
[2.195s] -- Up-to-date: /home/cthornton/data/local/college/research/arl/code/sims/airsim/ros_ws/install/hrlsim_interfaces/share/hrlsim_interfaces/cmake/rosidl_cmake_export_typesupport_targets-extras.cmake
[2.197s] -- Up-to-date: /home/cthornton/data/local/college/research/arl/code/sims/airsim/ros_ws/install/hrlsim_interfaces/share/hrlsim_interfaces/cmake/hrlsim_interfacesConfig.cmake
[2.197s] -- Up-to-date: /home/cthornton/data/local/college/research/arl/code/sims/airsim/ros_ws/install/hrlsim_interfaces/share/hrlsim_interfaces/cmake/hrlsim_interfacesConfig-version.cmake
[2.197s] -- Installing: /home/cthornton/data/local/college/research/arl/code/sims/airsim/ros_ws/install/hrlsim_interfaces/share/hrlsim_interfaces/package.xml
[2.202s] Invoked command in '/home/cthornton/data/local/college/research/arl/code/sims/airsim/ros_ws/build/hrlsim_interfaces' returned '0': CMAKE_PREFIX_PATH=/home/cthornton/data/local/college/research/arl/code/sims/airsim/ros_ws/install/airsim_interfaces:/home/cthornton/data/local/college/research/arl/code/sims/airsim/ros_ws/install/hrlsim:/opt/ros/foxy:/home/cthornton/Documents/vela/catkin_ws/devel:/home/cthornton/data/local/college/research/arl/code/sims/airsim/ros_ws/install/hrlsim_interfaces:/home/cthornton/data/local/college/research/arl/code/sims/airsim/ros_ws/install/airsim_ros_pkgs LD_LIBRARY_PATH=/home/cthornton/data/local/college/research/arl/code/sims/airsim/ros_ws/install/airsim_interfaces/lib:/home/cthornton/Documents/vela/catkin_ws/devel/lib:/home/cthornton/data/local/college/research/arl/code/sims/airsim/ros_ws/install/hrlsim_interfaces/lib:/home/cthornton/data/local/college/research/arl/code/sims/airsim/ros_ws/install/airsim_ros_pkgs/lib:/opt/ros/foxy/opt/yaml_cpp_vendor/lib:/opt/ros/foxy/opt/rviz_ogre_vendor/lib:/opt/ros/foxy/lib/x86_64-linux-gnu:/opt/ros/foxy/lib PYTHONPATH=/home/cthornton/data/local/college/research/arl/code/sims/airsim/ros_ws/install/airsim_interfaces/lib/python3.8/site-packages:/home/cthornton/Documents/vela/catkin_ws/devel/lib/python2.7/dist-packages:/home/cthornton/data/local/college/research/arl/code/sims/airsim/ros_ws/install/hrlsim_interfaces/lib/python3.8/site-packages:/home/cthornton/data/local/college/research/arl/code/sims/airsim/ros_ws/install/hrlsim/lib/python3.8/site-packages:/opt/ros/foxy/lib/python3.8/site-packages /home/cthornton/.local/bin/cmake --install /home/cthornton/data/local/college/research/arl/code/sims/airsim/ros_ws/build/hrlsim_interfaces
