[0.208s] Invoking command in '/home/cthornton/data/local/college/research/arl/code/sims/airsim/ros_ws/src/hrlsim': PYTHONPATH=/home/cthornton/data/local/college/research/arl/code/sims/airsim/ros_ws/install/hrlsim/lib/python3.8/site-packages:${PYTHONPATH} /usr/bin/python3 setup.py egg_info --egg-base ../../build/hrlsim build --build-base /home/cthornton/data/local/college/research/arl/code/sims/airsim/ros_ws/build/hrlsim/build install --prefix /home/cthornton/data/local/college/research/arl/code/sims/airsim/ros_ws/install/hrlsim --record /home/cthornton/data/local/college/research/arl/code/sims/airsim/ros_ws/build/hrlsim/install.log --single-version-externally-managed
[0.412s] running egg_info
[0.413s] creating ../../build/hrlsim/hrlsim.egg-info
[0.413s] writing ../../build/hrlsim/hrlsim.egg-info/PKG-INFO
[0.413s] writing dependency_links to ../../build/hrlsim/hrlsim.egg-info/dependency_links.txt
[0.413s] writing entry points to ../../build/hrlsim/hrlsim.egg-info/entry_points.txt
[0.414s] writing requirements to ../../build/hrlsim/hrlsim.egg-info/requires.txt
[0.414s] writing top-level names to ../../build/hrlsim/hrlsim.egg-info/top_level.txt
[0.415s] writing manifest file '../../build/hrlsim/hrlsim.egg-info/SOURCES.txt'
[0.441s] package init file 'hrlsim/__init__.py' not found (or not a regular file)
[0.441s] reading manifest file '../../build/hrlsim/hrlsim.egg-info/SOURCES.txt'
[0.442s] writing manifest file '../../build/hrlsim/hrlsim.egg-info/SOURCES.txt'
[0.442s] running build
[0.442s] running build_py
[0.442s] running install
[0.443s] running install_lib
[0.444s] warning: install_lib: '/home/cthornton/data/local/college/research/arl/code/sims/airsim/ros_ws/build/hrlsim/build/lib' does not exist -- no Python modules to install
[0.444s] 
[0.444s] running install_data
[0.444s] creating /home/cthornton/data/local/college/research/arl/code/sims/airsim/ros_ws/install/hrlsim/share/ament_index
[0.444s] creating /home/cthornton/data/local/college/research/arl/code/sims/airsim/ros_ws/install/hrlsim/share/ament_index/resource_index
[0.444s] creating /home/cthornton/data/local/college/research/arl/code/sims/airsim/ros_ws/install/hrlsim/share/ament_index/resource_index/packages
[0.444s] copying resource/hrlsim -> /home/cthornton/data/local/college/research/arl/code/sims/airsim/ros_ws/install/hrlsim/share/ament_index/resource_index/packages
[0.444s] copying package.xml -> /home/cthornton/data/local/college/research/arl/code/sims/airsim/ros_ws/install/hrlsim/share/hrlsim
[0.445s] running install_egg_info
[0.446s] Copying ../../build/hrlsim/hrlsim.egg-info to /home/cthornton/data/local/college/research/arl/code/sims/airsim/ros_ws/install/hrlsim/lib/python3.8/site-packages/hrlsim-0.0.0-py3.8.egg-info
[0.448s] running install_scripts
[0.461s] writing list of installed files to '/home/cthornton/data/local/college/research/arl/code/sims/airsim/ros_ws/build/hrlsim/install.log'
[0.475s] Invoked command in '/home/cthornton/data/local/college/research/arl/code/sims/airsim/ros_ws/src/hrlsim' returned '0': PYTHONPATH=/home/cthornton/data/local/college/research/arl/code/sims/airsim/ros_ws/install/hrlsim/lib/python3.8/site-packages:${PYTHONPATH} /usr/bin/python3 setup.py egg_info --egg-base ../../build/hrlsim build --build-base /home/cthornton/data/local/college/research/arl/code/sims/airsim/ros_ws/build/hrlsim/build install --prefix /home/cthornton/data/local/college/research/arl/code/sims/airsim/ros_ws/install/hrlsim --record /home/cthornton/data/local/college/research/arl/code/sims/airsim/ros_ws/build/hrlsim/install.log --single-version-externally-managed
