[0.024s] Invoking command in '/home/cthornton/data/local/college/research/arl/code/sims/airsim/ros_ws/build/airsim_ros_pkgs': CMAKE_PREFIX_PATH=/home/cthornton/data/local/college/research/arl/code/sims/airsim/ros_ws/install/airsim_interfaces:/home/cthornton/data/local/college/research/arl/code/sims/airsim/ros_ws/install/hrlsim:/opt/ros/foxy:/home/cthornton/Documents/vela/catkin_ws/devel:/home/cthornton/data/local/college/research/arl/code/sims/airsim/ros_ws/install/hrlsim_interfaces:/home/cthornton/data/local/college/research/arl/code/sims/airsim/ros_ws/install/airsim_ros_pkgs LD_LIBRARY_PATH=/home/cthornton/data/local/college/research/arl/code/sims/airsim/ros_ws/install/airsim_interfaces/lib:/home/cthornton/Documents/vela/catkin_ws/devel/lib:/home/cthornton/data/local/college/research/arl/code/sims/airsim/ros_ws/install/hrlsim_interfaces/lib:/home/cthornton/data/local/college/research/arl/code/sims/airsim/ros_ws/install/airsim_ros_pkgs/lib:/opt/ros/foxy/opt/yaml_cpp_vendor/lib:/opt/ros/foxy/opt/rviz_ogre_vendor/lib:/opt/ros/foxy/lib/x86_64-linux-gnu:/opt/ros/foxy/lib PYTHONPATH=/home/cthornton/data/local/college/research/arl/code/sims/airsim/ros_ws/install/airsim_interfaces/lib/python3.8/site-packages:/home/cthornton/Documents/vela/catkin_ws/devel/lib/python2.7/dist-packages:/home/cthornton/data/local/college/research/arl/code/sims/airsim/ros_ws/install/hrlsim/lib/python3.8/site-packages:/home/cthornton/data/local/college/research/arl/code/sims/airsim/ros_ws/install/hrlsim_interfaces/lib/python3.8/site-packages:/opt/ros/foxy/lib/python3.8/site-packages /home/cthornton/.local/bin/cmake --build /home/cthornton/data/local/college/research/arl/code/sims/airsim/ros_ws/build/airsim_ros_pkgs -- -j12 -l12
[0.139s] [ 42%] Built target MavLinkCom
[0.162s] [ 48%] Built target MavLinkTest
[0.175s] [ 69%] Built target rpc
[0.250s] [ 85%] Built target AirLib
[0.266s] [35m[1mConsolidate compiler generated dependencies of target airsim_settings_parser[0m
[0.295s] [ 88%] Built target pd_position_controller_simple
[0.379s] [ 89%] [32mBuilding CXX object CMakeFiles/airsim_settings_parser.dir/src/airsim_settings_parser.cpp.o[0m
[0.792s] [01m[K/home/cthornton/data/local/college/research/arl/code/sims/airsim/ros_ws/src/airsim_ros_pkgs/src/airsim_settings_parser.cpp:3:2:[m[K [01;31m[Kerror: [m[Kinvalid preprocessing directive #incude; did you mean #include?
[0.792s]     3 | #[01;31m[Kincude[m[K <stdio>
[0.793s]       |  [01;31m[K^~~~~~[m[K
[0.793s]       |  [32m[Kinclude[m[K
[1.125s] In file included from [01m[K/home/cthornton/data/local/college/research/arl/code/sims/airsim/AirSim2/external/rpclib/rpclib-2.3.0/include/rpc/msgpack/object.hpp:15[m[K,
[1.126s]                  from [01m[K/home/cthornton/data/local/college/research/arl/code/sims/airsim/AirSim2/external/rpclib/rpclib-2.3.0/include/rpc/msgpack.hpp:23[m[K,
[1.126s]                  from [01m[K/home/cthornton/data/local/college/research/arl/code/sims/airsim/AirSim2/external/rpclib/rpclib-2.3.0/include/rpc/rpc_error.h:9[m[K,
[1.126s]                  from [01m[K/home/cthornton/data/local/college/research/arl/code/sims/airsim/ros_ws/src/airsim_ros_pkgs/include/airsim_settings_parser.h:6[m[K,
[1.126s]                  from [01m[K/home/cthornton/data/local/college/research/arl/code/sims/airsim/ros_ws/src/airsim_ros_pkgs/src/airsim_settings_parser.cpp:1[m[K:
[1.127s] [01m[K/home/cthornton/data/local/college/research/arl/code/sims/airsim/AirSim2/external/rpclib/rpclib-2.3.0/include/rpc/msgpack/v1/object.hpp:[m[K In function ‘[01m[Kvoid clmdep_msgpack::v1::operator<<(clmdep_msgpack::v2::object&, const msgpack_object&)[m[K’:
[1.127s] [01m[K/home/cthornton/data/local/college/research/arl/code/sims/airsim/AirSim2/external/rpclib/rpclib-2.3.0/include/rpc/msgpack/v1/object.hpp:656:34:[m[K [01;35m[Kwarning: [m[K‘[01m[Kvoid* memcpy(void*, const void*, size_t)[m[K’ copying an object of non-trivial type ‘[01m[Kstruct clmdep_msgpack::v2::object[m[K’ from an array of ‘[01m[Kconst msgpack_object[m[K’ {aka ‘[01m[Kconst struct msgpack_object[m[K’} [[01;35m[K-Wclass-memaccess[m[K]
[1.127s]   656 |     std::memcpy(&o, &v, sizeof(v)[01;35m[K)[m[K;
[1.127s]       |                                  [01;35m[K^[m[K
[1.128s] In file included from [01m[K/home/cthornton/data/local/college/research/arl/code/sims/airsim/AirSim2/external/rpclib/rpclib-2.3.0/include/rpc/msgpack/object_fwd.hpp:17[m[K,
[1.128s]                  from [01m[K/home/cthornton/data/local/college/research/arl/code/sims/airsim/AirSim2/external/rpclib/rpclib-2.3.0/include/rpc/msgpack/v1/adaptor/adaptor_base_decl.hpp:14[m[K,
[1.128s]                  from [01m[K/home/cthornton/data/local/college/research/arl/code/sims/airsim/AirSim2/external/rpclib/rpclib-2.3.0/include/rpc/msgpack/adaptor/adaptor_base_decl.hpp:13[m[K,
[1.128s]                  from [01m[K/home/cthornton/data/local/college/research/arl/code/sims/airsim/AirSim2/external/rpclib/rpclib-2.3.0/include/rpc/msgpack/adaptor/adaptor_base.hpp:13[m[K,
[1.129s]                  from [01m[K/home/cthornton/data/local/college/research/arl/code/sims/airsim/AirSim2/external/rpclib/rpclib-2.3.0/include/rpc/msgpack/v1/object_decl.hpp:16[m[K,
[1.129s]                  from [01m[K/home/cthornton/data/local/college/research/arl/code/sims/airsim/AirSim2/external/rpclib/rpclib-2.3.0/include/rpc/msgpack/object_decl.hpp:14[m[K,
[1.129s]                  from [01m[K/home/cthornton/data/local/college/research/arl/code/sims/airsim/AirSim2/external/rpclib/rpclib-2.3.0/include/rpc/msgpack/object.hpp:13[m[K,
[1.129s]                  from [01m[K/home/cthornton/data/local/college/research/arl/code/sims/airsim/AirSim2/external/rpclib/rpclib-2.3.0/include/rpc/msgpack.hpp:23[m[K,
[1.130s]                  from [01m[K/home/cthornton/data/local/college/research/arl/code/sims/airsim/AirSim2/external/rpclib/rpclib-2.3.0/include/rpc/rpc_error.h:9[m[K,
[1.130s]                  from [01m[K/home/cthornton/data/local/college/research/arl/code/sims/airsim/ros_ws/src/airsim_ros_pkgs/include/airsim_settings_parser.h:6[m[K,
[1.130s]                  from [01m[K/home/cthornton/data/local/college/research/arl/code/sims/airsim/ros_ws/src/airsim_ros_pkgs/src/airsim_settings_parser.cpp:1[m[K:
[1.131s] [01m[K/home/cthornton/data/local/college/research/arl/code/sims/airsim/AirSim2/external/rpclib/rpclib-2.3.0/include/rpc/msgpack/v2/object_fwd.hpp:23:8:[m[K [01;36m[Knote: [m[K‘[01m[Kstruct clmdep_msgpack::v2::object[m[K’ declared here
[1.131s]    23 | struct [01;36m[Kobject[m[K : v1::object {
[1.131s]       |        [01;36m[K^~~~~~[m[K
[2.608s] In file included from [01m[K/home/cthornton/data/local/college/research/arl/code/sims/airsim/ros_ws/src/airsim_ros_pkgs/include/airsim_settings_parser.h:13[m[K,
[2.608s]                  from [01m[K/home/cthornton/data/local/college/research/arl/code/sims/airsim/ros_ws/src/airsim_ros_pkgs/src/airsim_settings_parser.cpp:1[m[K:
[2.608s] [01m[K/home/cthornton/data/local/college/research/arl/code/sims/airsim/AirSim2/AirLib/include/common/AirSimSettings.hpp:[m[K In constructor ‘[01m[Kmsr::airlib::AirSimSettings::CameraSetting::CameraSetting()[m[K’:
[2.609s] [01m[K/home/cthornton/data/local/college/research/arl/code/sims/airsim/AirSim2/AirLib/include/common/AirSimSettings.hpp:197:13:[m[K [01;35m[Kwarning: [m[Knoexcept-expression evaluates to ‘[01m[Kfalse[m[K’ because of a call to ‘[01m[Kstatic msr::airlib::AirSimSettings::Rotation msr::airlib::AirSimSettings::Rotation::nanRotation()[m[K’ [[01;35m[K-Wnoexcept[m[K]
[2.609s]   197 |             [01;35m[K{[m[K
[2.609s]       |             [01;35m[K^[m[K
[2.609s] [01m[K/home/cthornton/data/local/college/research/arl/code/sims/airsim/AirSim2/AirLib/include/common/AirSimSettings.hpp:121:29:[m[K [01;35m[Kwarning: [m[Kbut ‘[01m[Kstatic msr::airlib::AirSimSettings::Rotation msr::airlib::AirSimSettings::Rotation::nanRotation()[m[K’ does not throw; perhaps it should be declared ‘[01m[Knoexcept[m[K’ [[01;35m[K-Wnoexcept[m[K]
[2.609s]   121 |             static Rotation [01;35m[KnanRotation[m[K()
[2.609s]       |                             [01;35m[K^~~~~~~~~~~[m[K
[2.613s] [01m[K/home/cthornton/data/local/college/research/arl/code/sims/airsim/AirSim2/AirLib/include/common/AirSimSettings.hpp:[m[K In constructor ‘[01m[Kmsr::airlib::AirSimSettings::AirSimSettings()[m[K’:
[2.613s] [01m[K/home/cthornton/data/local/college/research/arl/code/sims/airsim/AirSim2/AirLib/include/common/AirSimSettings.hpp:414:9:[m[K [01;35m[Kwarning: [m[Knoexcept-expression evaluates to ‘[01m[Kfalse[m[K’ because of a call to ‘[01m[Kstatic msr::airlib::AirSimSettings::Rotation msr::airlib::AirSimSettings::Rotation::nanRotation()[m[K’ [[01;35m[K-Wnoexcept[m[K]
[2.614s]   414 |         [01;35m[K{[m[K
[2.614s]       |         [01;35m[K^[m[K
[2.614s] [01m[K/home/cthornton/data/local/college/research/arl/code/sims/airsim/AirSim2/AirLib/include/common/AirSimSettings.hpp:121:29:[m[K [01;35m[Kwarning: [m[Kbut ‘[01m[Kstatic msr::airlib::AirSimSettings::Rotation msr::airlib::AirSimSettings::Rotation::nanRotation()[m[K’ does not throw; perhaps it should be declared ‘[01m[Knoexcept[m[K’ [[01;35m[K-Wnoexcept[m[K]
[2.614s]   121 |             static Rotation [01;35m[KnanRotation[m[K()
[2.614s]       |                             [01;35m[K^~~~~~~~~~~[m[K
[2.614s] [01m[K/home/cthornton/data/local/college/research/arl/code/sims/airsim/AirSim2/AirLib/include/common/AirSimSettings.hpp:414:9:[m[K [01;35m[Kwarning: [m[Knoexcept-expression evaluates to ‘[01m[Kfalse[m[K’ because of a call to ‘[01m[Kstatic constexpr T common_utils::Utils::nan() [with T = float][m[K’ [[01;35m[K-Wnoexcept[m[K]
[2.615s]   414 |         [01;35m[K{[m[K
[2.615s]       |         [01;35m[K^[m[K
[2.615s] In file included from [01m[K/home/cthornton/data/local/college/research/arl/code/sims/airsim/AirSim2/AirLib/include/common/Common.hpp:14[m[K,
[2.615s]                  from [01m[K/home/cthornton/data/local/college/research/arl/code/sims/airsim/AirSim2/AirLib/include/vehicles/multirotor/api/MultirotorRpcLibClient.hpp:7[m[K,
[2.615s]                  from [01m[K/home/cthornton/data/local/college/research/arl/code/sims/airsim/ros_ws/src/airsim_ros_pkgs/include/airsim_settings_parser.h:9[m[K,
[2.615s]                  from [01m[K/home/cthornton/data/local/college/research/arl/code/sims/airsim/ros_ws/src/airsim_ros_pkgs/src/airsim_settings_parser.cpp:1[m[K:
[2.616s] [01m[K/home/cthornton/data/local/college/research/arl/code/sims/airsim/AirSim2/AirLib/include/common/common_utils/Utils.hpp:414:24:[m[K [01;35m[Kwarning: [m[Kbut ‘[01m[Kstatic constexpr T common_utils::Utils::nan() [with T = float][m[K’ does not throw; perhaps it should be declared ‘[01m[Knoexcept[m[K’ [[01;35m[K-Wnoexcept[m[K]
[2.616s]   414 |     static constexpr T [01;35m[Knan[m[K()
[2.616s]       |                        [01;35m[K^~~[m[K
[2.637s] In file included from [01m[K/home/cthornton/data/local/college/research/arl/code/sims/airsim/ros_ws/src/airsim_ros_pkgs/include/airsim_settings_parser.h:13[m[K,
[2.638s]                  from [01m[K/home/cthornton/data/local/college/research/arl/code/sims/airsim/ros_ws/src/airsim_ros_pkgs/src/airsim_settings_parser.cpp:1[m[K:
[2.638s] [01m[K/home/cthornton/data/local/college/research/arl/code/sims/airsim/AirSim2/AirLib/include/common/AirSimSettings.hpp:[m[K In static member function ‘[01m[Kstatic void msr::airlib::AirSimSettings::initializeCaptureSettings(std::map<int, msr::airlib::AirSimSettings::CaptureSetting>&)[m[K’:
[2.638s] [01m[K/home/cthornton/data/local/college/research/arl/code/sims/airsim/AirSim2/AirLib/include/common/AirSimSettings.hpp:701:54:[m[K [01;35m[Kwarning: [m[Knoexcept-expression evaluates to ‘[01m[Kfalse[m[K’ because of a call to ‘[01m[Kstatic constexpr T common_utils::Utils::nan() [with T = float][m[K’ [[01;35m[K-Wnoexcept[m[K]
[2.638s]   701 |                 capture_settings[i] = CaptureSetting([01;35m[K)[m[K;
[2.638s]       |                                                      [01;35m[K^[m[K
[2.639s] In file included from [01m[K/home/cthornton/data/local/college/research/arl/code/sims/airsim/AirSim2/AirLib/include/common/Common.hpp:14[m[K,
[2.639s]                  from [01m[K/home/cthornton/data/local/college/research/arl/code/sims/airsim/AirSim2/AirLib/include/vehicles/multirotor/api/MultirotorRpcLibClient.hpp:7[m[K,
[2.639s]                  from [01m[K/home/cthornton/data/local/college/research/arl/code/sims/airsim/ros_ws/src/airsim_ros_pkgs/include/airsim_settings_parser.h:9[m[K,
[2.639s]                  from [01m[K/home/cthornton/data/local/college/research/arl/code/sims/airsim/ros_ws/src/airsim_ros_pkgs/src/airsim_settings_parser.cpp:1[m[K:
[2.639s] [01m[K/home/cthornton/data/local/college/research/arl/code/sims/airsim/AirSim2/AirLib/include/common/common_utils/Utils.hpp:414:24:[m[K [01;35m[Kwarning: [m[Kbut ‘[01m[Kstatic constexpr T common_utils::Utils::nan() [with T = float][m[K’ does not throw; perhaps it should be declared ‘[01m[Knoexcept[m[K’ [[01;35m[K-Wnoexcept[m[K]
[2.640s]   414 |     static constexpr T [01;35m[Knan[m[K()
[2.640s]       |                        [01;35m[K^~~[m[K
[2.640s] In file included from [01m[K/home/cthornton/data/local/college/research/arl/code/sims/airsim/ros_ws/src/airsim_ros_pkgs/include/airsim_settings_parser.h:13[m[K,
[2.640s]                  from [01m[K/home/cthornton/data/local/college/research/arl/code/sims/airsim/ros_ws/src/airsim_ros_pkgs/src/airsim_settings_parser.cpp:1[m[K:
[2.640s] [01m[K/home/cthornton/data/local/college/research/arl/code/sims/airsim/AirSim2/AirLib/include/common/AirSimSettings.hpp:701:54:[m[K [01;35m[Kwarning: [m[Knoexcept-expression evaluates to ‘[01m[Kfalse[m[K’ because of a call to ‘[01m[Kstatic constexpr T common_utils::Utils::nan() [with T = float][m[K’ [[01;35m[K-Wnoexcept[m[K]
[2.640s]   701 |                 capture_settings[i] = CaptureSetting([01;35m[K)[m[K;
[2.640s]       |                                                      [01;35m[K^[m[K
[2.641s] In file included from [01m[K/home/cthornton/data/local/college/research/arl/code/sims/airsim/AirSim2/AirLib/include/common/Common.hpp:14[m[K,
[2.641s]                  from [01m[K/home/cthornton/data/local/college/research/arl/code/sims/airsim/AirSim2/AirLib/include/vehicles/multirotor/api/MultirotorRpcLibClient.hpp:7[m[K,
[2.641s]                  from [01m[K/home/cthornton/data/local/college/research/arl/code/sims/airsim/ros_ws/src/airsim_ros_pkgs/include/airsim_settings_parser.h:9[m[K,
[2.641s]                  from [01m[K/home/cthornton/data/local/college/research/arl/code/sims/airsim/ros_ws/src/airsim_ros_pkgs/src/airsim_settings_parser.cpp:1[m[K:
[2.641s] [01m[K/home/cthornton/data/local/college/research/arl/code/sims/airsim/AirSim2/AirLib/include/common/common_utils/Utils.hpp:414:24:[m[K [01;35m[Kwarning: [m[Kbut ‘[01m[Kstatic constexpr T common_utils::Utils::nan() [with T = float][m[K’ does not throw; perhaps it should be declared ‘[01m[Knoexcept[m[K’ [[01;35m[K-Wnoexcept[m[K]
[2.641s]   414 |     static constexpr T [01;35m[Knan[m[K()
[2.642s]       |                        [01;35m[K^~~[m[K
[2.642s] In file included from [01m[K/home/cthornton/data/local/college/research/arl/code/sims/airsim/ros_ws/src/airsim_ros_pkgs/include/airsim_settings_parser.h:13[m[K,
[2.642s]                  from [01m[K/home/cthornton/data/local/college/research/arl/code/sims/airsim/ros_ws/src/airsim_ros_pkgs/src/airsim_settings_parser.cpp:1[m[K:
[2.642s] [01m[K/home/cthornton/data/local/college/research/arl/code/sims/airsim/AirSim2/AirLib/include/common/AirSimSettings.hpp:701:54:[m[K [01;35m[Kwarning: [m[Knoexcept-expression evaluates to ‘[01m[Kfalse[m[K’ because of a call to ‘[01m[Kstatic constexpr T common_utils::Utils::nan() [with T = float][m[K’ [[01;35m[K-Wnoexcept[m[K]
[2.642s]   701 |                 capture_settings[i] = CaptureSetting([01;35m[K)[m[K;
[2.643s]       |                                                      [01;35m[K^[m[K
[2.643s] In file included from [01m[K/home/cthornton/data/local/college/research/arl/code/sims/airsim/AirSim2/AirLib/include/common/Common.hpp:14[m[K,
[2.643s]                  from [01m[K/home/cthornton/data/local/college/research/arl/code/sims/airsim/AirSim2/AirLib/include/vehicles/multirotor/api/MultirotorRpcLibClient.hpp:7[m[K,
[2.643s]                  from [01m[K/home/cthornton/data/local/college/research/arl/code/sims/airsim/ros_ws/src/airsim_ros_pkgs/include/airsim_settings_parser.h:9[m[K,
[2.643s]                  from [01m[K/home/cthornton/data/local/college/research/arl/code/sims/airsim/ros_ws/src/airsim_ros_pkgs/src/airsim_settings_parser.cpp:1[m[K:
[2.643s] [01m[K/home/cthornton/data/local/college/research/arl/code/sims/airsim/AirSim2/AirLib/include/common/common_utils/Utils.hpp:414:24:[m[K [01;35m[Kwarning: [m[Kbut ‘[01m[Kstatic constexpr T common_utils::Utils::nan() [with T = float][m[K’ does not throw; perhaps it should be declared ‘[01m[Knoexcept[m[K’ [[01;35m[K-Wnoexcept[m[K]
[2.644s]   414 |     static constexpr T [01;35m[Knan[m[K()
[2.644s]       |                        [01;35m[K^~~[m[K
[2.644s] In file included from [01m[K/home/cthornton/data/local/college/research/arl/code/sims/airsim/ros_ws/src/airsim_ros_pkgs/include/airsim_settings_parser.h:13[m[K,
[2.644s]                  from [01m[K/home/cthornton/data/local/college/research/arl/code/sims/airsim/ros_ws/src/airsim_ros_pkgs/src/airsim_settings_parser.cpp:1[m[K:
[2.645s] [01m[K/home/cthornton/data/local/college/research/arl/code/sims/airsim/AirSim2/AirLib/include/common/AirSimSettings.hpp:701:54:[m[K [01;35m[Kwarning: [m[Knoexcept-expression evaluates to ‘[01m[Kfalse[m[K’ because of a call to ‘[01m[Kstatic constexpr T common_utils::Utils::nan() [with T = float][m[K’ [[01;35m[K-Wnoexcept[m[K]
[2.645s]   701 |                 capture_settings[i] = CaptureSetting([01;35m[K)[m[K;
[2.645s]       |                                                      [01;35m[K^[m[K
[2.645s] In file included from [01m[K/home/cthornton/data/local/college/research/arl/code/sims/airsim/AirSim2/AirLib/include/common/Common.hpp:14[m[K,
[2.645s]                  from [01m[K/home/cthornton/data/local/college/research/arl/code/sims/airsim/AirSim2/AirLib/include/vehicles/multirotor/api/MultirotorRpcLibClient.hpp:7[m[K,
[2.646s]                  from [01m[K/home/cthornton/data/local/college/research/arl/code/sims/airsim/ros_ws/src/airsim_ros_pkgs/include/airsim_settings_parser.h:9[m[K,
[2.646s]                  from [01m[K/home/cthornton/data/local/college/research/arl/code/sims/airsim/ros_ws/src/airsim_ros_pkgs/src/airsim_settings_parser.cpp:1[m[K:
[2.646s] [01m[K/home/cthornton/data/local/college/research/arl/code/sims/airsim/AirSim2/AirLib/include/common/common_utils/Utils.hpp:414:24:[m[K [01;35m[Kwarning: [m[Kbut ‘[01m[Kstatic constexpr T common_utils::Utils::nan() [with T = float][m[K’ does not throw; perhaps it should be declared ‘[01m[Knoexcept[m[K’ [[01;35m[K-Wnoexcept[m[K]
[2.646s]   414 |     static constexpr T [01;35m[Knan[m[K()
[2.647s]       |                        [01;35m[K^~~[m[K
[2.647s] In file included from [01m[K/home/cthornton/data/local/college/research/arl/code/sims/airsim/ros_ws/src/airsim_ros_pkgs/include/airsim_settings_parser.h:13[m[K,
[2.647s]                  from [01m[K/home/cthornton/data/local/college/research/arl/code/sims/airsim/ros_ws/src/airsim_ros_pkgs/src/airsim_settings_parser.cpp:1[m[K:
[2.647s] [01m[K/home/cthornton/data/local/college/research/arl/code/sims/airsim/AirSim2/AirLib/include/common/AirSimSettings.hpp:701:54:[m[K [01;35m[Kwarning: [m[Knoexcept-expression evaluates to ‘[01m[Kfalse[m[K’ because of a call to ‘[01m[Kstatic constexpr T common_utils::Utils::nan() [with T = float][m[K’ [[01;35m[K-Wnoexcept[m[K]
[2.647s]   701 |                 capture_settings[i] = CaptureSetting([01;35m[K)[m[K;
[2.648s]       |                                                      [01;35m[K^[m[K
[2.648s] In file included from [01m[K/home/cthornton/data/local/college/research/arl/code/sims/airsim/AirSim2/AirLib/include/common/Common.hpp:14[m[K,
[2.648s]                  from [01m[K/home/cthornton/data/local/college/research/arl/code/sims/airsim/AirSim2/AirLib/include/vehicles/multirotor/api/MultirotorRpcLibClient.hpp:7[m[K,
[2.648s]                  from [01m[K/home/cthornton/data/local/college/research/arl/code/sims/airsim/ros_ws/src/airsim_ros_pkgs/include/airsim_settings_parser.h:9[m[K,
[2.648s]                  from [01m[K/home/cthornton/data/local/college/research/arl/code/sims/airsim/ros_ws/src/airsim_ros_pkgs/src/airsim_settings_parser.cpp:1[m[K:
[2.649s] [01m[K/home/cthornton/data/local/college/research/arl/code/sims/airsim/AirSim2/AirLib/include/common/common_utils/Utils.hpp:414:24:[m[K [01;35m[Kwarning: [m[Kbut ‘[01m[Kstatic constexpr T common_utils::Utils::nan() [with T = float][m[K’ does not throw; perhaps it should be declared ‘[01m[Knoexcept[m[K’ [[01;35m[K-Wnoexcept[m[K]
[2.649s]   414 |     static constexpr T [01;35m[Knan[m[K()
[2.649s]       |                        [01;35m[K^~~[m[K
[2.650s] In file included from [01m[K/home/cthornton/data/local/college/research/arl/code/sims/airsim/ros_ws/src/airsim_ros_pkgs/include/airsim_settings_parser.h:13[m[K,
[2.650s]                  from [01m[K/home/cthornton/data/local/college/research/arl/code/sims/airsim/ros_ws/src/airsim_ros_pkgs/src/airsim_settings_parser.cpp:1[m[K:
[2.650s] [01m[K/home/cthornton/data/local/college/research/arl/code/sims/airsim/AirSim2/AirLib/include/common/AirSimSettings.hpp:701:54:[m[K [01;35m[Kwarning: [m[Knoexcept-expression evaluates to ‘[01m[Kfalse[m[K’ because of a call to ‘[01m[Kstatic constexpr T common_utils::Utils::nan() [with T = float][m[K’ [[01;35m[K-Wnoexcept[m[K]
[2.650s]   701 |                 capture_settings[i] = CaptureSetting([01;35m[K)[m[K;
[2.650s]       |                                                      [01;35m[K^[m[K
[2.651s] In file included from [01m[K/home/cthornton/data/local/college/research/arl/code/sims/airsim/AirSim2/AirLib/include/common/Common.hpp:14[m[K,
[2.651s]                  from [01m[K/home/cthornton/data/local/college/research/arl/code/sims/airsim/AirSim2/AirLib/include/vehicles/multirotor/api/MultirotorRpcLibClient.hpp:7[m[K,
[2.651s]                  from [01m[K/home/cthornton/data/local/college/research/arl/code/sims/airsim/ros_ws/src/airsim_ros_pkgs/include/airsim_settings_parser.h:9[m[K,
[2.651s]                  from [01m[K/home/cthornton/data/local/college/research/arl/code/sims/airsim/ros_ws/src/airsim_ros_pkgs/src/airsim_settings_parser.cpp:1[m[K:
[2.651s] [01m[K/home/cthornton/data/local/college/research/arl/code/sims/airsim/AirSim2/AirLib/include/common/common_utils/Utils.hpp:414:24:[m[K [01;35m[Kwarning: [m[Kbut ‘[01m[Kstatic constexpr T common_utils::Utils::nan() [with T = float][m[K’ does not throw; perhaps it should be declared ‘[01m[Knoexcept[m[K’ [[01;35m[K-Wnoexcept[m[K]
[2.652s]   414 |     static constexpr T [01;35m[Knan[m[K()
[2.652s]       |                        [01;35m[K^~~[m[K
[2.652s] In file included from [01m[K/home/cthornton/data/local/college/research/arl/code/sims/airsim/ros_ws/src/airsim_ros_pkgs/include/airsim_settings_parser.h:13[m[K,
[2.652s]                  from [01m[K/home/cthornton/data/local/college/research/arl/code/sims/airsim/ros_ws/src/airsim_ros_pkgs/src/airsim_settings_parser.cpp:1[m[K:
[2.653s] [01m[K/home/cthornton/data/local/college/research/arl/code/sims/airsim/AirSim2/AirLib/include/common/AirSimSettings.hpp:701:54:[m[K [01;35m[Kwarning: [m[Knoexcept-expression evaluates to ‘[01m[Kfalse[m[K’ because of a call to ‘[01m[Kstatic constexpr T common_utils::Utils::nan() [with T = float][m[K’ [[01;35m[K-Wnoexcept[m[K]
[2.653s]   701 |                 capture_settings[i] = CaptureSetting([01;35m[K)[m[K;
[2.653s]       |                                                      [01;35m[K^[m[K
[2.653s] In file included from [01m[K/home/cthornton/data/local/college/research/arl/code/sims/airsim/AirSim2/AirLib/include/common/Common.hpp:14[m[K,
[2.654s]                  from [01m[K/home/cthornton/data/local/college/research/arl/code/sims/airsim/AirSim2/AirLib/include/vehicles/multirotor/api/MultirotorRpcLibClient.hpp:7[m[K,
[2.654s]                  from [01m[K/home/cthornton/data/local/college/research/arl/code/sims/airsim/ros_ws/src/airsim_ros_pkgs/include/airsim_settings_parser.h:9[m[K,
[2.654s]                  from [01m[K/home/cthornton/data/local/college/research/arl/code/sims/airsim/ros_ws/src/airsim_ros_pkgs/src/airsim_settings_parser.cpp:1[m[K:
[2.654s] [01m[K/home/cthornton/data/local/college/research/arl/code/sims/airsim/AirSim2/AirLib/include/common/common_utils/Utils.hpp:414:24:[m[K [01;35m[Kwarning: [m[Kbut ‘[01m[Kstatic constexpr T common_utils::Utils::nan() [with T = float][m[K’ does not throw; perhaps it should be declared ‘[01m[Knoexcept[m[K’ [[01;35m[K-Wnoexcept[m[K]
[2.654s]   414 |     static constexpr T [01;35m[Knan[m[K()
[2.655s]       |                        [01;35m[K^~~[m[K
[2.655s] In file included from [01m[K/home/cthornton/data/local/college/research/arl/code/sims/airsim/ros_ws/src/airsim_ros_pkgs/include/airsim_settings_parser.h:13[m[K,
[2.655s]                  from [01m[K/home/cthornton/data/local/college/research/arl/code/sims/airsim/ros_ws/src/airsim_ros_pkgs/src/airsim_settings_parser.cpp:1[m[K:
[2.655s] [01m[K/home/cthornton/data/local/college/research/arl/code/sims/airsim/AirSim2/AirLib/include/common/AirSimSettings.hpp:701:54:[m[K [01;35m[Kwarning: [m[Knoexcept-expression evaluates to ‘[01m[Kfalse[m[K’ because of a call to ‘[01m[Kstatic constexpr T common_utils::Utils::nan() [with T = float][m[K’ [[01;35m[K-Wnoexcept[m[K]
[2.656s]   701 |                 capture_settings[i] = CaptureSetting([01;35m[K)[m[K;
[2.656s]       |                                                      [01;35m[K^[m[K
[2.656s] In file included from [01m[K/home/cthornton/data/local/college/research/arl/code/sims/airsim/AirSim2/AirLib/include/common/Common.hpp:14[m[K,
[2.656s]                  from [01m[K/home/cthornton/data/local/college/research/arl/code/sims/airsim/AirSim2/AirLib/include/vehicles/multirotor/api/MultirotorRpcLibClient.hpp:7[m[K,
[2.656s]                  from [01m[K/home/cthornton/data/local/college/research/arl/code/sims/airsim/ros_ws/src/airsim_ros_pkgs/include/airsim_settings_parser.h:9[m[K,
[2.657s]                  from [01m[K/home/cthornton/data/local/college/research/arl/code/sims/airsim/ros_ws/src/airsim_ros_pkgs/src/airsim_settings_parser.cpp:1[m[K:
[2.657s] [01m[K/home/cthornton/data/local/college/research/arl/code/sims/airsim/AirSim2/AirLib/include/common/common_utils/Utils.hpp:414:24:[m[K [01;35m[Kwarning: [m[Kbut ‘[01m[Kstatic constexpr T common_utils::Utils::nan() [with T = float][m[K’ does not throw; perhaps it should be declared ‘[01m[Knoexcept[m[K’ [[01;35m[K-Wnoexcept[m[K]
[2.657s]   414 |     static constexpr T [01;35m[Knan[m[K()
[2.658s]       |                        [01;35m[K^~~[m[K
[2.658s] In file included from [01m[K/home/cthornton/data/local/college/research/arl/code/sims/airsim/ros_ws/src/airsim_ros_pkgs/include/airsim_settings_parser.h:13[m[K,
[2.658s]                  from [01m[K/home/cthornton/data/local/college/research/arl/code/sims/airsim/ros_ws/src/airsim_ros_pkgs/src/airsim_settings_parser.cpp:1[m[K:
[2.658s] [01m[K/home/cthornton/data/local/college/research/arl/code/sims/airsim/AirSim2/AirLib/include/common/AirSimSettings.hpp:701:54:[m[K [01;35m[Kwarning: [m[Knoexcept-expression evaluates to ‘[01m[Kfalse[m[K’ because of a call to ‘[01m[Kstatic constexpr T common_utils::Utils::nan() [with T = float][m[K’ [[01;35m[K-Wnoexcept[m[K]
[2.658s]   701 |                 capture_settings[i] = CaptureSetting([01;35m[K)[m[K;
[2.658s]       |                                                      [01;35m[K^[m[K
[2.659s] In file included from [01m[K/home/cthornton/data/local/college/research/arl/code/sims/airsim/AirSim2/AirLib/include/common/Common.hpp:14[m[K,
[2.659s]                  from [01m[K/home/cthornton/data/local/college/research/arl/code/sims/airsim/AirSim2/AirLib/include/vehicles/multirotor/api/MultirotorRpcLibClient.hpp:7[m[K,
[2.659s]                  from [01m[K/home/cthornton/data/local/college/research/arl/code/sims/airsim/ros_ws/src/airsim_ros_pkgs/include/airsim_settings_parser.h:9[m[K,
[2.659s]                  from [01m[K/home/cthornton/data/local/college/research/arl/code/sims/airsim/ros_ws/src/airsim_ros_pkgs/src/airsim_settings_parser.cpp:1[m[K:
[2.660s] [01m[K/home/cthornton/data/local/college/research/arl/code/sims/airsim/AirSim2/AirLib/include/common/common_utils/Utils.hpp:414:24:[m[K [01;35m[Kwarning: [m[Kbut ‘[01m[Kstatic constexpr T common_utils::Utils::nan() [with T = float][m[K’ does not throw; perhaps it should be declared ‘[01m[Knoexcept[m[K’ [[01;35m[K-Wnoexcept[m[K]
[2.660s]   414 |     static constexpr T [01;35m[Knan[m[K()
[2.660s]       |                        [01;35m[K^~~[m[K
[2.661s] In file included from [01m[K/home/cthornton/data/local/college/research/arl/code/sims/airsim/ros_ws/src/airsim_ros_pkgs/include/airsim_settings_parser.h:13[m[K,
[2.661s]                  from [01m[K/home/cthornton/data/local/college/research/arl/code/sims/airsim/ros_ws/src/airsim_ros_pkgs/src/airsim_settings_parser.cpp:1[m[K:
[2.661s] [01m[K/home/cthornton/data/local/college/research/arl/code/sims/airsim/AirSim2/AirLib/include/common/AirSimSettings.hpp:701:54:[m[K [01;35m[Kwarning: [m[Knoexcept-expression evaluates to ‘[01m[Kfalse[m[K’ because of a call to ‘[01m[Kstatic constexpr T common_utils::Utils::nan() [with T = float][m[K’ [[01;35m[K-Wnoexcept[m[K]
[2.661s]   701 |                 capture_settings[i] = CaptureSetting([01;35m[K)[m[K;
[2.661s]       |                                                      [01;35m[K^[m[K
[2.662s] In file included from [01m[K/home/cthornton/data/local/college/research/arl/code/sims/airsim/AirSim2/AirLib/include/common/Common.hpp:14[m[K,
[2.662s]                  from [01m[K/home/cthornton/data/local/college/research/arl/code/sims/airsim/AirSim2/AirLib/include/vehicles/multirotor/api/MultirotorRpcLibClient.hpp:7[m[K,
[2.662s]                  from [01m[K/home/cthornton/data/local/college/research/arl/code/sims/airsim/ros_ws/src/airsim_ros_pkgs/include/airsim_settings_parser.h:9[m[K,
[2.662s]                  from [01m[K/home/cthornton/data/local/college/research/arl/code/sims/airsim/ros_ws/src/airsim_ros_pkgs/src/airsim_settings_parser.cpp:1[m[K:
[2.662s] [01m[K/home/cthornton/data/local/college/research/arl/code/sims/airsim/AirSim2/AirLib/include/common/common_utils/Utils.hpp:414:24:[m[K [01;35m[Kwarning: [m[Kbut ‘[01m[Kstatic constexpr T common_utils::Utils::nan() [with T = float][m[K’ does not throw; perhaps it should be declared ‘[01m[Knoexcept[m[K’ [[01;35m[K-Wnoexcept[m[K]
[2.663s]   414 |     static constexpr T [01;35m[Knan[m[K()
[2.663s]       |                        [01;35m[K^~~[m[K
[2.663s] In file included from [01m[K/home/cthornton/data/local/college/research/arl/code/sims/airsim/ros_ws/src/airsim_ros_pkgs/include/airsim_settings_parser.h:13[m[K,
[2.663s]                  from [01m[K/home/cthornton/data/local/college/research/arl/code/sims/airsim/ros_ws/src/airsim_ros_pkgs/src/airsim_settings_parser.cpp:1[m[K:
[2.663s] [01m[K/home/cthornton/data/local/college/research/arl/code/sims/airsim/AirSim2/AirLib/include/common/AirSimSettings.hpp:701:54:[m[K [01;35m[Kwarning: [m[Knoexcept-expression evaluates to ‘[01m[Kfalse[m[K’ because of a call to ‘[01m[Kstatic constexpr T common_utils::Utils::nan() [with T = float][m[K’ [[01;35m[K-Wnoexcept[m[K]
[2.664s]   701 |                 capture_settings[i] = CaptureSetting([01;35m[K)[m[K;
[2.664s]       |                                                      [01;35m[K^[m[K
[2.664s] In file included from [01m[K/home/cthornton/data/local/college/research/arl/code/sims/airsim/AirSim2/AirLib/include/common/Common.hpp:14[m[K,
[2.664s]                  from [01m[K/home/cthornton/data/local/college/research/arl/code/sims/airsim/AirSim2/AirLib/include/vehicles/multirotor/api/MultirotorRpcLibClient.hpp:7[m[K,
[2.665s]                  from [01m[K/home/cthornton/data/local/college/research/arl/code/sims/airsim/ros_ws/src/airsim_ros_pkgs/include/airsim_settings_parser.h:9[m[K,
[2.665s]                  from [01m[K/home/cthornton/data/local/college/research/arl/code/sims/airsim/ros_ws/src/airsim_ros_pkgs/src/airsim_settings_parser.cpp:1[m[K:
[2.665s] [01m[K/home/cthornton/data/local/college/research/arl/code/sims/airsim/AirSim2/AirLib/include/common/common_utils/Utils.hpp:414:24:[m[K [01;35m[Kwarning: [m[Kbut ‘[01m[Kstatic constexpr T common_utils::Utils::nan() [with T = float][m[K’ does not throw; perhaps it should be declared ‘[01m[Knoexcept[m[K’ [[01;35m[K-Wnoexcept[m[K]
[2.665s]   414 |     static constexpr T [01;35m[Knan[m[K()
[2.665s]       |                        [01;35m[K^~~[m[K
[2.666s] In file included from [01m[K/home/cthornton/data/local/college/research/arl/code/sims/airsim/ros_ws/src/airsim_ros_pkgs/include/airsim_settings_parser.h:13[m[K,
[2.666s]                  from [01m[K/home/cthornton/data/local/college/research/arl/code/sims/airsim/ros_ws/src/airsim_ros_pkgs/src/airsim_settings_parser.cpp:1[m[K:
[2.666s] [01m[K/home/cthornton/data/local/college/research/arl/code/sims/airsim/AirSim2/AirLib/include/common/AirSimSettings.hpp:701:54:[m[K [01;35m[Kwarning: [m[Knoexcept-expression evaluates to ‘[01m[Kfalse[m[K’ because of a call to ‘[01m[Kstatic constexpr T common_utils::Utils::nan() [with T = float][m[K’ [[01;35m[K-Wnoexcept[m[K]
[2.666s]   701 |                 capture_settings[i] = CaptureSetting([01;35m[K)[m[K;
[2.666s]       |                                                      [01;35m[K^[m[K
[2.667s] In file included from [01m[K/home/cthornton/data/local/college/research/arl/code/sims/airsim/AirSim2/AirLib/include/common/Common.hpp:14[m[K,
[2.667s]                  from [01m[K/home/cthornton/data/local/college/research/arl/code/sims/airsim/AirSim2/AirLib/include/vehicles/multirotor/api/MultirotorRpcLibClient.hpp:7[m[K,
[2.667s]                  from [01m[K/home/cthornton/data/local/college/research/arl/code/sims/airsim/ros_ws/src/airsim_ros_pkgs/include/airsim_settings_parser.h:9[m[K,
[2.667s]                  from [01m[K/home/cthornton/data/local/college/research/arl/code/sims/airsim/ros_ws/src/airsim_ros_pkgs/src/airsim_settings_parser.cpp:1[m[K:
[2.668s] [01m[K/home/cthornton/data/local/college/research/arl/code/sims/airsim/AirSim2/AirLib/include/common/common_utils/Utils.hpp:414:24:[m[K [01;35m[Kwarning: [m[Kbut ‘[01m[Kstatic constexpr T common_utils::Utils::nan() [with T = float][m[K’ does not throw; perhaps it should be declared ‘[01m[Knoexcept[m[K’ [[01;35m[K-Wnoexcept[m[K]
[2.668s]   414 |     static constexpr T [01;35m[Knan[m[K()
[2.668s]       |                        [01;35m[K^~~[m[K
[3.755s] make[2]: *** [CMakeFiles/airsim_settings_parser.dir/build.make:76: CMakeFiles/airsim_settings_parser.dir/src/airsim_settings_parser.cpp.o] Error 1
[3.755s] make[1]: *** [CMakeFiles/Makefile2:293: CMakeFiles/airsim_settings_parser.dir/all] Error 2
[3.755s] make: *** [Makefile:146: all] Error 2
[3.761s] Invoked command in '/home/cthornton/data/local/college/research/arl/code/sims/airsim/ros_ws/build/airsim_ros_pkgs' returned '2': CMAKE_PREFIX_PATH=/home/cthornton/data/local/college/research/arl/code/sims/airsim/ros_ws/install/airsim_interfaces:/home/cthornton/data/local/college/research/arl/code/sims/airsim/ros_ws/install/hrlsim:/opt/ros/foxy:/home/cthornton/Documents/vela/catkin_ws/devel:/home/cthornton/data/local/college/research/arl/code/sims/airsim/ros_ws/install/hrlsim_interfaces:/home/cthornton/data/local/college/research/arl/code/sims/airsim/ros_ws/install/airsim_ros_pkgs LD_LIBRARY_PATH=/home/cthornton/data/local/college/research/arl/code/sims/airsim/ros_ws/install/airsim_interfaces/lib:/home/cthornton/Documents/vela/catkin_ws/devel/lib:/home/cthornton/data/local/college/research/arl/code/sims/airsim/ros_ws/install/hrlsim_interfaces/lib:/home/cthornton/data/local/college/research/arl/code/sims/airsim/ros_ws/install/airsim_ros_pkgs/lib:/opt/ros/foxy/opt/yaml_cpp_vendor/lib:/opt/ros/foxy/opt/rviz_ogre_vendor/lib:/opt/ros/foxy/lib/x86_64-linux-gnu:/opt/ros/foxy/lib PYTHONPATH=/home/cthornton/data/local/college/research/arl/code/sims/airsim/ros_ws/install/airsim_interfaces/lib/python3.8/site-packages:/home/cthornton/Documents/vela/catkin_ws/devel/lib/python2.7/dist-packages:/home/cthornton/data/local/college/research/arl/code/sims/airsim/ros_ws/install/hrlsim/lib/python3.8/site-packages:/home/cthornton/data/local/college/research/arl/code/sims/airsim/ros_ws/install/hrlsim_interfaces/lib/python3.8/site-packages:/opt/ros/foxy/lib/python3.8/site-packages /home/cthornton/.local/bin/cmake --build /home/cthornton/data/local/college/research/arl/code/sims/airsim/ros_ws/build/airsim_ros_pkgs -- -j12 -l12
