[31mCMake Error at CMakeLists.txt:28 (add_subdirectory):
  add_subdirectory given source
  "/home/cthornton/data/local/college/research/arl/code/sims/airsim/ros_ws/src/airsim_ros_pkgs/../../../AirSim2/cmake/rpclib_wrapper"
  which is not an existing directory.

[0m
[31mCMake Error at CMakeLists.txt:29 (add_subdirectory):
  add_subdirectory given source
  "/home/cthornton/data/local/college/research/arl/code/sims/airsim/ros_ws/src/airsim_ros_pkgs/../../../AirSim2/cmake/AirLib"
  which is not an existing directory.

[0m
[31mCMake Error at CMakeLists.txt:30 (add_subdirectory):
  add_subdirectory given source
  "/home/cthornton/data/local/college/research/arl/code/sims/airsim/ros_ws/src/airsim_ros_pkgs/../../../AirSim2/cmake/MavLinkCom"
  which is not an existing directory.

[0m
[33mCMake Warning at /opt/ros/foxy/share/ament_cmake_export_include_directories/cmake/ament_export_include_directories.cmake:44 (message):
  ament_export_include_directories() package 'airsim_ros_pkgs' exports the
  include directory
  '/home/cthornton/data/local/college/research/arl/code/sims/airsim/ros_ws/src/airsim_ros_pkgs/../../../AirSim2/AirLib/deps/eigen3'
  which doesn't exist
Call Stack (most recent call first):
  CMakeLists.txt:132 (ament_export_include_directories)

[0m
[33mCMake Warning at /opt/ros/foxy/share/ament_cmake_export_include_directories/cmake/ament_export_include_directories.cmake:44 (message):
  ament_export_include_directories() package 'airsim_ros_pkgs' exports the
  include directory
  '/home/cthornton/data/local/college/research/arl/code/sims/airsim/ros_ws/src/airsim_ros_pkgs/../../../AirSim2/AirLib/include'
  which doesn't exist
Call Stack (most recent call first):
  CMakeLists.txt:132 (ament_export_include_directories)

[0m
[33mCMake Warning at /opt/ros/foxy/share/ament_cmake_export_include_directories/cmake/ament_export_include_directories.cmake:44 (message):
  ament_export_include_directories() package 'airsim_ros_pkgs' exports the
  include directory
  '/home/cthornton/data/local/college/research/arl/code/sims/airsim/ros_ws/src/airsim_ros_pkgs/../../../AirSim2/MavLinkCom/include'
  which doesn't exist
Call Stack (most recent call first):
  CMakeLists.txt:132 (ament_export_include_directories)

[0m
[33mCMake Warning at /opt/ros/foxy/share/ament_cmake_export_include_directories/cmake/ament_export_include_directories.cmake:44 (message):
  ament_export_include_directories() package 'airsim_ros_pkgs' exports the
  include directory
  '/home/cthornton/data/local/college/research/arl/code/sims/airsim/ros_ws/src/airsim_ros_pkgs/../../../AirSim2/MavLinkCom/common_utils'
  which doesn't exist
Call Stack (most recent call first):
  CMakeLists.txt:132 (ament_export_include_directories)

[0m
make: *** [Makefile:487: cmake_check_build_system] Error 1
