[0.423s] DEBUG:colcon:Command line arguments: ['/usr/bin/colcon', 'build', '--cmake-args', '-DCMAKE_C_COMPILER=gcc-8', '--cmake-args', '-DCMAKE_CXX_COMPILER=g++-8', '--cmake-args', '-DCMAKE_BUILD_TYPE=Debug']
[0.423s] DEBUG:colcon:Parsed command line arguments: Namespace(ament_cmake_args=None, base_paths=['.'], build_base='build', catkin_cmake_args=None, catkin_skip_building_tests=False, cmake_args=['-DCMAKE_BUILD_TYPE=Debug'], cmake_clean_cache=False, cmake_clean_first=False, cmake_force_configure=False, cmake_target=None, cmake_target_skip_unavailable=False, continue_on_error=False, event_handlers=None, executor='parallel', ignore_user_meta=False, install_base='install', log_base=None, log_level=None, main=<bound method BuildVerb.main of <colcon_core.verb.build.BuildVerb object at 0x7feb28616100>>, merge_install=False, metas=['./colcon.meta'], packages_above=None, packages_above_and_dependencies=None, packages_above_depth=None, packages_end=None, packages_ignore=None, packages_ignore_regex=None, packages_select=None, packages_select_build_failed=False, packages_select_by_dep=None, packages_select_regex=None, packages_select_test_failures=False, packages_skip=None, packages_skip_build_finished=False, packages_skip_by_dep=None, packages_skip_regex=None, packages_skip_test_passed=False, packages_skip_up_to=None, packages_start=None, packages_up_to=None, packages_up_to_regex=None, parallel_workers=12, paths=None, symlink_install=False, test_result_base=None, verb_extension=<colcon_core.verb.build.BuildVerb object at 0x7feb28616100>, verb_name='build', verb_parser=<colcon_defaults.argument_parser.defaults.DefaultArgumentsDecorator object at 0x7feb28616640>)
[0.432s] Level 1:colcon.colcon_core.package_discovery:discover_packages(colcon_meta) check parameters
[0.432s] Level 1:colcon.colcon_core.package_discovery:discover_packages(recursive) check parameters
[0.432s] Level 1:colcon.colcon_core.package_discovery:discover_packages(ignore) check parameters
[0.432s] Level 1:colcon.colcon_core.package_discovery:discover_packages(path) check parameters
[0.432s] Level 1:colcon.colcon_core.package_discovery:discover_packages(colcon_meta) discover
[0.432s] Level 1:colcon.colcon_core.package_discovery:discover_packages(recursive) discover
[0.432s] INFO:colcon.colcon_core.package_discovery:Crawling recursively for packages in '/home/cthornton/data/local/college/research/arl/code/sims/airsim/ros_ws'
[0.432s] Level 1:colcon.colcon_core.package_identification:_identify(.) by extensions ['ignore', 'ignore_ament_install']
[0.433s] Level 1:colcon.colcon_core.package_identification:_identify(.) by extension 'ignore'
[0.433s] Level 1:colcon.colcon_core.package_identification:_identify(.) by extension 'ignore_ament_install'
[0.433s] Level 1:colcon.colcon_core.package_identification:_identify(.) by extensions ['colcon_pkg']
[0.433s] Level 1:colcon.colcon_core.package_identification:_identify(.) by extension 'colcon_pkg'
[0.433s] Level 1:colcon.colcon_core.package_identification:_identify(.) by extensions ['colcon_meta']
[0.433s] Level 1:colcon.colcon_core.package_identification:_identify(.) by extension 'colcon_meta'
[0.433s] Level 1:colcon.colcon_core.package_identification:_identify(.) by extensions ['ros']
[0.433s] Level 1:colcon.colcon_core.package_identification:_identify(.) by extension 'ros'
[0.446s] Level 1:colcon.colcon_core.package_identification:_identify(.) by extensions ['cmake', 'python']
[0.446s] Level 1:colcon.colcon_core.package_identification:_identify(.) by extension 'cmake'
[0.446s] Level 1:colcon.colcon_core.package_identification:_identify(.) by extension 'python'
[0.446s] Level 1:colcon.colcon_core.package_identification:_identify(.) by extensions ['python_setup_py']
[0.446s] Level 1:colcon.colcon_core.package_identification:_identify(.) by extension 'python_setup_py'
[0.446s] Level 1:colcon.colcon_core.package_identification:_identify(build) by extensions ['ignore', 'ignore_ament_install']
[0.447s] Level 1:colcon.colcon_core.package_identification:_identify(build) by extension 'ignore'
[0.447s] Level 1:colcon.colcon_core.package_identification:_identify(build) ignored
[0.447s] Level 1:colcon.colcon_core.package_identification:_identify(install) by extensions ['ignore', 'ignore_ament_install']
[0.447s] Level 1:colcon.colcon_core.package_identification:_identify(install) by extension 'ignore'
[0.447s] Level 1:colcon.colcon_core.package_identification:_identify(install) ignored
[0.447s] Level 1:colcon.colcon_core.package_identification:_identify(log) by extensions ['ignore', 'ignore_ament_install']
[0.448s] Level 1:colcon.colcon_core.package_identification:_identify(log) by extension 'ignore'
[0.448s] Level 1:colcon.colcon_core.package_identification:_identify(log) ignored
[0.448s] Level 1:colcon.colcon_core.package_identification:_identify(src) by extensions ['ignore', 'ignore_ament_install']
[0.448s] Level 1:colcon.colcon_core.package_identification:_identify(src) by extension 'ignore'
[0.448s] Level 1:colcon.colcon_core.package_identification:_identify(src) by extension 'ignore_ament_install'
[0.448s] Level 1:colcon.colcon_core.package_identification:_identify(src) by extensions ['colcon_pkg']
[0.448s] Level 1:colcon.colcon_core.package_identification:_identify(src) by extension 'colcon_pkg'
[0.448s] Level 1:colcon.colcon_core.package_identification:_identify(src) by extensions ['colcon_meta']
[0.448s] Level 1:colcon.colcon_core.package_identification:_identify(src) by extension 'colcon_meta'
[0.449s] Level 1:colcon.colcon_core.package_identification:_identify(src) by extensions ['ros']
[0.449s] Level 1:colcon.colcon_core.package_identification:_identify(src) by extension 'ros'
[0.449s] Level 1:colcon.colcon_core.package_identification:_identify(src) by extensions ['cmake', 'python']
[0.449s] Level 1:colcon.colcon_core.package_identification:_identify(src) by extension 'cmake'
[0.449s] Level 1:colcon.colcon_core.package_identification:_identify(src) by extension 'python'
[0.449s] Level 1:colcon.colcon_core.package_identification:_identify(src) by extensions ['python_setup_py']
[0.449s] Level 1:colcon.colcon_core.package_identification:_identify(src) by extension 'python_setup_py'
[0.449s] Level 1:colcon.colcon_core.package_identification:_identify(src/airsim_interfaces) by extensions ['ignore', 'ignore_ament_install']
[0.450s] Level 1:colcon.colcon_core.package_identification:_identify(src/airsim_interfaces) by extension 'ignore'
[0.450s] Level 1:colcon.colcon_core.package_identification:_identify(src/airsim_interfaces) by extension 'ignore_ament_install'
[0.450s] Level 1:colcon.colcon_core.package_identification:_identify(src/airsim_interfaces) by extensions ['colcon_pkg']
[0.450s] Level 1:colcon.colcon_core.package_identification:_identify(src/airsim_interfaces) by extension 'colcon_pkg'
[0.450s] Level 1:colcon.colcon_core.package_identification:_identify(src/airsim_interfaces) by extensions ['colcon_meta']
[0.450s] Level 1:colcon.colcon_core.package_identification:_identify(src/airsim_interfaces) by extension 'colcon_meta'
[0.451s] Level 1:colcon.colcon_core.package_identification:_identify(src/airsim_interfaces) by extensions ['ros']
[0.451s] Level 1:colcon.colcon_core.package_identification:_identify(src/airsim_interfaces) by extension 'ros'
[0.454s] DEBUG:colcon.colcon_core.package_identification:Package 'src/airsim_interfaces' with type 'ros.ament_cmake' and name 'airsim_interfaces'
[0.454s] Level 1:colcon.colcon_core.package_identification:_identify(src/airsim_ros_pkgs) by extensions ['ignore', 'ignore_ament_install']
[0.454s] Level 1:colcon.colcon_core.package_identification:_identify(src/airsim_ros_pkgs) by extension 'ignore'
[0.455s] Level 1:colcon.colcon_core.package_identification:_identify(src/airsim_ros_pkgs) by extension 'ignore_ament_install'
[0.455s] Level 1:colcon.colcon_core.package_identification:_identify(src/airsim_ros_pkgs) by extensions ['colcon_pkg']
[0.455s] Level 1:colcon.colcon_core.package_identification:_identify(src/airsim_ros_pkgs) by extension 'colcon_pkg'
[0.455s] Level 1:colcon.colcon_core.package_identification:_identify(src/airsim_ros_pkgs) by extensions ['colcon_meta']
[0.455s] Level 1:colcon.colcon_core.package_identification:_identify(src/airsim_ros_pkgs) by extension 'colcon_meta'
[0.455s] Level 1:colcon.colcon_core.package_identification:_identify(src/airsim_ros_pkgs) by extensions ['ros']
[0.455s] Level 1:colcon.colcon_core.package_identification:_identify(src/airsim_ros_pkgs) by extension 'ros'
[0.457s] DEBUG:colcon.colcon_core.package_identification:Package 'src/airsim_ros_pkgs' with type 'ros.ament_cmake' and name 'airsim_ros_pkgs'
[0.457s] Level 1:colcon.colcon_core.package_identification:_identify(src/hrlsim) by extensions ['ignore', 'ignore_ament_install']
[0.457s] Level 1:colcon.colcon_core.package_identification:_identify(src/hrlsim) by extension 'ignore'
[0.457s] Level 1:colcon.colcon_core.package_identification:_identify(src/hrlsim) by extension 'ignore_ament_install'
[0.457s] Level 1:colcon.colcon_core.package_identification:_identify(src/hrlsim) by extensions ['colcon_pkg']
[0.457s] Level 1:colcon.colcon_core.package_identification:_identify(src/hrlsim) by extension 'colcon_pkg'
[0.457s] Level 1:colcon.colcon_core.package_identification:_identify(src/hrlsim) by extensions ['colcon_meta']
[0.457s] Level 1:colcon.colcon_core.package_identification:_identify(src/hrlsim) by extension 'colcon_meta'
[0.458s] Level 1:colcon.colcon_core.package_identification:_identify(src/hrlsim) by extensions ['ros']
[0.458s] Level 1:colcon.colcon_core.package_identification:_identify(src/hrlsim) by extension 'ros'
[0.459s] DEBUG:colcon.colcon_core.package_identification:Package 'src/hrlsim' with type 'ros.ament_python' and name 'hrlsim'
[0.459s] Level 1:colcon.colcon_core.package_identification:_identify(src/hrlsim_interfaces) by extensions ['ignore', 'ignore_ament_install']
[0.459s] Level 1:colcon.colcon_core.package_identification:_identify(src/hrlsim_interfaces) by extension 'ignore'
[0.460s] Level 1:colcon.colcon_core.package_identification:_identify(src/hrlsim_interfaces) by extension 'ignore_ament_install'
[0.460s] Level 1:colcon.colcon_core.package_identification:_identify(src/hrlsim_interfaces) by extensions ['colcon_pkg']
[0.460s] Level 1:colcon.colcon_core.package_identification:_identify(src/hrlsim_interfaces) by extension 'colcon_pkg'
[0.460s] Level 1:colcon.colcon_core.package_identification:_identify(src/hrlsim_interfaces) by extensions ['colcon_meta']
[0.460s] Level 1:colcon.colcon_core.package_identification:_identify(src/hrlsim_interfaces) by extension 'colcon_meta'
[0.460s] Level 1:colcon.colcon_core.package_identification:_identify(src/hrlsim_interfaces) by extensions ['ros']
[0.460s] Level 1:colcon.colcon_core.package_identification:_identify(src/hrlsim_interfaces) by extension 'ros'
[0.461s] DEBUG:colcon.colcon_core.package_identification:Package 'src/hrlsim_interfaces' with type 'ros.ament_cmake' and name 'hrlsim_interfaces'
[0.462s] Level 1:colcon.colcon_core.package_discovery:discover_packages(recursive) using defaults
[0.462s] Level 1:colcon.colcon_core.package_discovery:discover_packages(ignore) discover
[0.462s] Level 1:colcon.colcon_core.package_discovery:discover_packages(ignore) using defaults
[0.462s] Level 1:colcon.colcon_core.package_discovery:discover_packages(path) discover
[0.462s] Level 1:colcon.colcon_core.package_discovery:discover_packages(path) using defaults
[0.485s] Level 5:colcon.colcon_core.verb:set package 'airsim_interfaces' build argument 'cmake_args' from command line to '['-DCMAKE_BUILD_TYPE=Debug']'
[0.485s] Level 5:colcon.colcon_core.verb:set package 'airsim_interfaces' build argument 'cmake_target' from command line to 'None'
[0.485s] Level 5:colcon.colcon_core.verb:set package 'airsim_interfaces' build argument 'cmake_target_skip_unavailable' from command line to 'False'
[0.485s] Level 5:colcon.colcon_core.verb:set package 'airsim_interfaces' build argument 'cmake_clean_cache' from command line to 'False'
[0.485s] Level 5:colcon.colcon_core.verb:set package 'airsim_interfaces' build argument 'cmake_clean_first' from command line to 'False'
[0.485s] Level 5:colcon.colcon_core.verb:set package 'airsim_interfaces' build argument 'cmake_force_configure' from command line to 'False'
[0.485s] Level 5:colcon.colcon_core.verb:set package 'airsim_interfaces' build argument 'ament_cmake_args' from command line to 'None'
[0.485s] Level 5:colcon.colcon_core.verb:set package 'airsim_interfaces' build argument 'catkin_cmake_args' from command line to 'None'
[0.486s] Level 5:colcon.colcon_core.verb:set package 'airsim_interfaces' build argument 'catkin_skip_building_tests' from command line to 'False'
[0.486s] DEBUG:colcon.colcon_core.verb:Building package 'airsim_interfaces' with the following arguments: {'ament_cmake_args': None, 'build_base': '/home/cthornton/data/local/college/research/arl/code/sims/airsim/ros_ws/build/airsim_interfaces', 'catkin_cmake_args': None, 'catkin_skip_building_tests': False, 'cmake_args': ['-DCMAKE_BUILD_TYPE=Debug'], 'cmake_clean_cache': False, 'cmake_clean_first': False, 'cmake_force_configure': False, 'cmake_target': None, 'cmake_target_skip_unavailable': False, 'install_base': '/home/cthornton/data/local/college/research/arl/code/sims/airsim/ros_ws/install/airsim_interfaces', 'merge_install': False, 'path': '/home/cthornton/data/local/college/research/arl/code/sims/airsim/ros_ws/src/airsim_interfaces', 'symlink_install': False, 'test_result_base': None}
[0.489s] Level 5:colcon.colcon_core.verb:set package 'airsim_ros_pkgs' build argument 'cmake_args' from command line to '['-DCMAKE_BUILD_TYPE=Debug']'
[0.489s] Level 5:colcon.colcon_core.verb:set package 'airsim_ros_pkgs' build argument 'cmake_target' from command line to 'None'
[0.489s] Level 5:colcon.colcon_core.verb:set package 'airsim_ros_pkgs' build argument 'cmake_target_skip_unavailable' from command line to 'False'
[0.489s] Level 5:colcon.colcon_core.verb:set package 'airsim_ros_pkgs' build argument 'cmake_clean_cache' from command line to 'False'
[0.489s] Level 5:colcon.colcon_core.verb:set package 'airsim_ros_pkgs' build argument 'cmake_clean_first' from command line to 'False'
[0.490s] Level 5:colcon.colcon_core.verb:set package 'airsim_ros_pkgs' build argument 'cmake_force_configure' from command line to 'False'
[0.490s] Level 5:colcon.colcon_core.verb:set package 'airsim_ros_pkgs' build argument 'ament_cmake_args' from command line to 'None'
[0.490s] Level 5:colcon.colcon_core.verb:set package 'airsim_ros_pkgs' build argument 'catkin_cmake_args' from command line to 'None'
[0.490s] Level 5:colcon.colcon_core.verb:set package 'airsim_ros_pkgs' build argument 'catkin_skip_building_tests' from command line to 'False'
[0.490s] DEBUG:colcon.colcon_core.verb:Building package 'airsim_ros_pkgs' with the following arguments: {'ament_cmake_args': None, 'build_base': '/home/cthornton/data/local/college/research/arl/code/sims/airsim/ros_ws/build/airsim_ros_pkgs', 'catkin_cmake_args': None, 'catkin_skip_building_tests': False, 'cmake_args': ['-DCMAKE_BUILD_TYPE=Debug'], 'cmake_clean_cache': False, 'cmake_clean_first': False, 'cmake_force_configure': False, 'cmake_target': None, 'cmake_target_skip_unavailable': False, 'install_base': '/home/cthornton/data/local/college/research/arl/code/sims/airsim/ros_ws/install/airsim_ros_pkgs', 'merge_install': False, 'path': '/home/cthornton/data/local/college/research/arl/code/sims/airsim/ros_ws/src/airsim_ros_pkgs', 'symlink_install': False, 'test_result_base': None}
[0.492s] Level 5:colcon.colcon_core.verb:set package 'hrlsim_interfaces' build argument 'cmake_args' from command line to '['-DCMAKE_BUILD_TYPE=Debug']'
[0.493s] Level 5:colcon.colcon_core.verb:set package 'hrlsim_interfaces' build argument 'cmake_target' from command line to 'None'
[0.493s] Level 5:colcon.colcon_core.verb:set package 'hrlsim_interfaces' build argument 'cmake_target_skip_unavailable' from command line to 'False'
[0.493s] Level 5:colcon.colcon_core.verb:set package 'hrlsim_interfaces' build argument 'cmake_clean_cache' from command line to 'False'
[0.493s] Level 5:colcon.colcon_core.verb:set package 'hrlsim_interfaces' build argument 'cmake_clean_first' from command line to 'False'
[0.493s] Level 5:colcon.colcon_core.verb:set package 'hrlsim_interfaces' build argument 'cmake_force_configure' from command line to 'False'
[0.493s] Level 5:colcon.colcon_core.verb:set package 'hrlsim_interfaces' build argument 'ament_cmake_args' from command line to 'None'
[0.493s] Level 5:colcon.colcon_core.verb:set package 'hrlsim_interfaces' build argument 'catkin_cmake_args' from command line to 'None'
[0.493s] Level 5:colcon.colcon_core.verb:set package 'hrlsim_interfaces' build argument 'catkin_skip_building_tests' from command line to 'False'
[0.493s] DEBUG:colcon.colcon_core.verb:Building package 'hrlsim_interfaces' with the following arguments: {'ament_cmake_args': None, 'build_base': '/home/cthornton/data/local/college/research/arl/code/sims/airsim/ros_ws/build/hrlsim_interfaces', 'catkin_cmake_args': None, 'catkin_skip_building_tests': False, 'cmake_args': ['-DCMAKE_BUILD_TYPE=Debug'], 'cmake_clean_cache': False, 'cmake_clean_first': False, 'cmake_force_configure': False, 'cmake_target': None, 'cmake_target_skip_unavailable': False, 'install_base': '/home/cthornton/data/local/college/research/arl/code/sims/airsim/ros_ws/install/hrlsim_interfaces', 'merge_install': False, 'path': '/home/cthornton/data/local/college/research/arl/code/sims/airsim/ros_ws/src/hrlsim_interfaces', 'symlink_install': False, 'test_result_base': None}
[0.496s] Level 5:colcon.colcon_core.verb:set package 'hrlsim' build argument 'cmake_args' from command line to '['-DCMAKE_BUILD_TYPE=Debug']'
[0.496s] Level 5:colcon.colcon_core.verb:set package 'hrlsim' build argument 'cmake_target' from command line to 'None'
[0.496s] Level 5:colcon.colcon_core.verb:set package 'hrlsim' build argument 'cmake_target_skip_unavailable' from command line to 'False'
[0.496s] Level 5:colcon.colcon_core.verb:set package 'hrlsim' build argument 'cmake_clean_cache' from command line to 'False'
[0.496s] Level 5:colcon.colcon_core.verb:set package 'hrlsim' build argument 'cmake_clean_first' from command line to 'False'
[0.496s] Level 5:colcon.colcon_core.verb:set package 'hrlsim' build argument 'cmake_force_configure' from command line to 'False'
[0.496s] Level 5:colcon.colcon_core.verb:set package 'hrlsim' build argument 'ament_cmake_args' from command line to 'None'
[0.496s] Level 5:colcon.colcon_core.verb:set package 'hrlsim' build argument 'catkin_cmake_args' from command line to 'None'
[0.496s] Level 5:colcon.colcon_core.verb:set package 'hrlsim' build argument 'catkin_skip_building_tests' from command line to 'False'
[0.497s] DEBUG:colcon.colcon_core.verb:Building package 'hrlsim' with the following arguments: {'ament_cmake_args': None, 'build_base': '/home/cthornton/data/local/college/research/arl/code/sims/airsim/ros_ws/build/hrlsim', 'catkin_cmake_args': None, 'catkin_skip_building_tests': False, 'cmake_args': ['-DCMAKE_BUILD_TYPE=Debug'], 'cmake_clean_cache': False, 'cmake_clean_first': False, 'cmake_force_configure': False, 'cmake_target': None, 'cmake_target_skip_unavailable': False, 'install_base': '/home/cthornton/data/local/college/research/arl/code/sims/airsim/ros_ws/install/hrlsim', 'merge_install': False, 'path': '/home/cthornton/data/local/college/research/arl/code/sims/airsim/ros_ws/src/hrlsim', 'symlink_install': False, 'test_result_base': None}
[0.497s] INFO:colcon.colcon_core.executor:Executing jobs using 'parallel' executor
[0.500s] DEBUG:colcon.colcon_parallel_executor.executor.parallel:run_until_complete
[0.501s] INFO:colcon.colcon_ros.task.ament_cmake.build:Building ROS package in '/home/cthornton/data/local/college/research/arl/code/sims/airsim/ros_ws/src/airsim_interfaces' with build type 'ament_cmake'
[0.501s] INFO:colcon.colcon_cmake.task.cmake.build:Building CMake package in '/home/cthornton/data/local/college/research/arl/code/sims/airsim/ros_ws/src/airsim_interfaces'
[0.508s] INFO:colcon.colcon_core.plugin_system:Skipping extension 'colcon_core.shell.bat': Not used on non-Windows systems
[0.508s] INFO:colcon.colcon_core.shell:Skip shell extension 'powershell' for command environment: Not usable outside of PowerShell
[0.508s] DEBUG:colcon.colcon_core.shell:Skip shell extension 'dsv' for command environment
[0.514s] DEBUG:colcon.colcon_core.shell:Ignoring prefix path '/opt/ros/foxy'
[0.514s] DEBUG:colcon.colcon_core.shell:Ignoring prefix path '/home/cthornton/Documents/vela/catkin_ws/devel'
[0.528s] DEBUG:colcon.colcon_core.event_handler.log_command:Invoking command in '/home/cthornton/data/local/college/research/arl/code/sims/airsim/ros_ws/build/airsim_interfaces': CMAKE_PREFIX_PATH=/home/cthornton/data/local/college/research/arl/code/sims/airsim/ros_ws/install/hrlsim:/opt/ros/foxy:${CMAKE_PREFIX_PATH} /home/cthornton/.local/bin/cmake --build /home/cthornton/data/local/college/research/arl/code/sims/airsim/ros_ws/build/airsim_interfaces -- -j12 -l12
[0.826s] DEBUG:colcon.colcon_core.event_handler.log_command:Invoked command in '/home/cthornton/data/local/college/research/arl/code/sims/airsim/ros_ws/build/airsim_interfaces' returned '0': CMAKE_PREFIX_PATH=/home/cthornton/data/local/college/research/arl/code/sims/airsim/ros_ws/install/hrlsim:/opt/ros/foxy:${CMAKE_PREFIX_PATH} /home/cthornton/.local/bin/cmake --build /home/cthornton/data/local/college/research/arl/code/sims/airsim/ros_ws/build/airsim_interfaces -- -j12 -l12
[1.554s] DEBUG:colcon.colcon_core.event_handler.log_command:Invoking command in '/home/cthornton/data/local/college/research/arl/code/sims/airsim/ros_ws/build/airsim_interfaces': CMAKE_PREFIX_PATH=/home/cthornton/data/local/college/research/arl/code/sims/airsim/ros_ws/install/hrlsim:/opt/ros/foxy:${CMAKE_PREFIX_PATH} /home/cthornton/.local/bin/cmake --install /home/cthornton/data/local/college/research/arl/code/sims/airsim/ros_ws/build/airsim_interfaces
[1.716s] Level 1:colcon.colcon_core.environment:create_environment_scripts_only(airsim_interfaces)
[1.717s] DEBUG:colcon.colcon_core.event_handler.log_command:Invoked command in '/home/cthornton/data/local/college/research/arl/code/sims/airsim/ros_ws/build/airsim_interfaces' returned '0': CMAKE_PREFIX_PATH=/home/cthornton/data/local/college/research/arl/code/sims/airsim/ros_ws/install/hrlsim:/opt/ros/foxy:${CMAKE_PREFIX_PATH} /home/cthornton/.local/bin/cmake --install /home/cthornton/data/local/college/research/arl/code/sims/airsim/ros_ws/build/airsim_interfaces
[1.720s] Level 1:colcon.colcon_core.environment:checking '/home/cthornton/data/local/college/research/arl/code/sims/airsim/ros_ws/install/airsim_interfaces' for CMake module files
[1.721s] Level 1:colcon.colcon_core.environment:checking '/home/cthornton/data/local/college/research/arl/code/sims/airsim/ros_ws/install/airsim_interfaces' for CMake config files
[1.723s] Level 1:colcon.colcon_core.shell:create_environment_hook('airsim_interfaces', 'cmake_prefix_path')
[1.724s] INFO:colcon.colcon_core.shell:Creating environment hook '/home/cthornton/data/local/college/research/arl/code/sims/airsim/ros_ws/install/airsim_interfaces/share/airsim_interfaces/hook/cmake_prefix_path.ps1'
[1.725s] INFO:colcon.colcon_core.shell:Creating environment descriptor '/home/cthornton/data/local/college/research/arl/code/sims/airsim/ros_ws/install/airsim_interfaces/share/airsim_interfaces/hook/cmake_prefix_path.dsv'
[1.725s] INFO:colcon.colcon_core.shell:Creating environment hook '/home/cthornton/data/local/college/research/arl/code/sims/airsim/ros_ws/install/airsim_interfaces/share/airsim_interfaces/hook/cmake_prefix_path.sh'
[1.727s] Level 1:colcon.colcon_core.environment:checking '/home/cthornton/data/local/college/research/arl/code/sims/airsim/ros_ws/install/airsim_interfaces/lib'
[1.727s] Level 1:colcon.colcon_core.shell:create_environment_hook('airsim_interfaces', 'ld_library_path_lib')
[1.728s] INFO:colcon.colcon_core.shell:Creating environment hook '/home/cthornton/data/local/college/research/arl/code/sims/airsim/ros_ws/install/airsim_interfaces/share/airsim_interfaces/hook/ld_library_path_lib.ps1'
[1.728s] INFO:colcon.colcon_core.shell:Creating environment descriptor '/home/cthornton/data/local/college/research/arl/code/sims/airsim/ros_ws/install/airsim_interfaces/share/airsim_interfaces/hook/ld_library_path_lib.dsv'
[1.728s] INFO:colcon.colcon_core.shell:Creating environment hook '/home/cthornton/data/local/college/research/arl/code/sims/airsim/ros_ws/install/airsim_interfaces/share/airsim_interfaces/hook/ld_library_path_lib.sh'
[1.729s] Level 1:colcon.colcon_core.environment:checking '/home/cthornton/data/local/college/research/arl/code/sims/airsim/ros_ws/install/airsim_interfaces/bin'
[1.729s] Level 1:colcon.colcon_core.environment:checking '/home/cthornton/data/local/college/research/arl/code/sims/airsim/ros_ws/install/airsim_interfaces/lib/pkgconfig/airsim_interfaces.pc'
[1.729s] Level 1:colcon.colcon_core.environment:checking '/home/cthornton/data/local/college/research/arl/code/sims/airsim/ros_ws/install/airsim_interfaces/lib/python3.8/site-packages'
[1.729s] Level 1:colcon.colcon_core.shell:create_environment_hook('airsim_interfaces', 'pythonpath')
[1.730s] INFO:colcon.colcon_core.shell:Creating environment hook '/home/cthornton/data/local/college/research/arl/code/sims/airsim/ros_ws/install/airsim_interfaces/share/airsim_interfaces/hook/pythonpath.ps1'
[1.730s] INFO:colcon.colcon_core.shell:Creating environment descriptor '/home/cthornton/data/local/college/research/arl/code/sims/airsim/ros_ws/install/airsim_interfaces/share/airsim_interfaces/hook/pythonpath.dsv'
[1.731s] INFO:colcon.colcon_core.shell:Creating environment hook '/home/cthornton/data/local/college/research/arl/code/sims/airsim/ros_ws/install/airsim_interfaces/share/airsim_interfaces/hook/pythonpath.sh'
[1.732s] INFO:colcon.colcon_core.shell:Creating package script '/home/cthornton/data/local/college/research/arl/code/sims/airsim/ros_ws/install/airsim_interfaces/share/airsim_interfaces/package.ps1'
[1.733s] INFO:colcon.colcon_core.shell:Creating package descriptor '/home/cthornton/data/local/college/research/arl/code/sims/airsim/ros_ws/install/airsim_interfaces/share/airsim_interfaces/package.dsv'
[1.734s] INFO:colcon.colcon_core.shell:Creating package script '/home/cthornton/data/local/college/research/arl/code/sims/airsim/ros_ws/install/airsim_interfaces/share/airsim_interfaces/package.sh'
[1.734s] INFO:colcon.colcon_core.shell:Creating package script '/home/cthornton/data/local/college/research/arl/code/sims/airsim/ros_ws/install/airsim_interfaces/share/airsim_interfaces/package.bash'
[1.735s] INFO:colcon.colcon_core.shell:Creating package script '/home/cthornton/data/local/college/research/arl/code/sims/airsim/ros_ws/install/airsim_interfaces/share/airsim_interfaces/package.zsh'
[1.736s] Level 1:colcon.colcon_core.environment:create_file_with_runtime_dependencies(/home/cthornton/data/local/college/research/arl/code/sims/airsim/ros_ws/install/airsim_interfaces/share/colcon-core/packages/airsim_interfaces)
[2.258s] Level 1:colcon.colcon_core.environment:create_environment_scripts_only(airsim_interfaces)
[2.259s] Level 1:colcon.colcon_core.environment:checking '/home/cthornton/data/local/college/research/arl/code/sims/airsim/ros_ws/install/airsim_interfaces' for CMake module files
[2.261s] Level 1:colcon.colcon_core.environment:checking '/home/cthornton/data/local/college/research/arl/code/sims/airsim/ros_ws/install/airsim_interfaces' for CMake config files
[2.263s] Level 1:colcon.colcon_core.shell:create_environment_hook('airsim_interfaces', 'cmake_prefix_path')
[2.264s] INFO:colcon.colcon_core.shell:Creating environment hook '/home/cthornton/data/local/college/research/arl/code/sims/airsim/ros_ws/install/airsim_interfaces/share/airsim_interfaces/hook/cmake_prefix_path.ps1'
[2.264s] INFO:colcon.colcon_core.shell:Creating environment descriptor '/home/cthornton/data/local/college/research/arl/code/sims/airsim/ros_ws/install/airsim_interfaces/share/airsim_interfaces/hook/cmake_prefix_path.dsv'
[2.265s] INFO:colcon.colcon_core.shell:Creating environment hook '/home/cthornton/data/local/college/research/arl/code/sims/airsim/ros_ws/install/airsim_interfaces/share/airsim_interfaces/hook/cmake_prefix_path.sh'
[2.265s] Level 1:colcon.colcon_core.environment:checking '/home/cthornton/data/local/college/research/arl/code/sims/airsim/ros_ws/install/airsim_interfaces/lib'
[2.266s] Level 1:colcon.colcon_core.shell:create_environment_hook('airsim_interfaces', 'ld_library_path_lib')
[2.266s] INFO:colcon.colcon_core.shell:Creating environment hook '/home/cthornton/data/local/college/research/arl/code/sims/airsim/ros_ws/install/airsim_interfaces/share/airsim_interfaces/hook/ld_library_path_lib.ps1'
[2.267s] INFO:colcon.colcon_core.shell:Creating environment descriptor '/home/cthornton/data/local/college/research/arl/code/sims/airsim/ros_ws/install/airsim_interfaces/share/airsim_interfaces/hook/ld_library_path_lib.dsv'
[2.267s] INFO:colcon.colcon_core.shell:Creating environment hook '/home/cthornton/data/local/college/research/arl/code/sims/airsim/ros_ws/install/airsim_interfaces/share/airsim_interfaces/hook/ld_library_path_lib.sh'
[2.268s] Level 1:colcon.colcon_core.environment:checking '/home/cthornton/data/local/college/research/arl/code/sims/airsim/ros_ws/install/airsim_interfaces/bin'
[2.268s] Level 1:colcon.colcon_core.environment:checking '/home/cthornton/data/local/college/research/arl/code/sims/airsim/ros_ws/install/airsim_interfaces/lib/pkgconfig/airsim_interfaces.pc'
[2.268s] Level 1:colcon.colcon_core.environment:checking '/home/cthornton/data/local/college/research/arl/code/sims/airsim/ros_ws/install/airsim_interfaces/lib/python3.8/site-packages'
[2.268s] Level 1:colcon.colcon_core.shell:create_environment_hook('airsim_interfaces', 'pythonpath')
[2.268s] INFO:colcon.colcon_core.shell:Creating environment hook '/home/cthornton/data/local/college/research/arl/code/sims/airsim/ros_ws/install/airsim_interfaces/share/airsim_interfaces/hook/pythonpath.ps1'
[2.269s] INFO:colcon.colcon_core.shell:Creating environment descriptor '/home/cthornton/data/local/college/research/arl/code/sims/airsim/ros_ws/install/airsim_interfaces/share/airsim_interfaces/hook/pythonpath.dsv'
[2.269s] INFO:colcon.colcon_core.shell:Creating environment hook '/home/cthornton/data/local/college/research/arl/code/sims/airsim/ros_ws/install/airsim_interfaces/share/airsim_interfaces/hook/pythonpath.sh'
[2.271s] INFO:colcon.colcon_core.shell:Creating package script '/home/cthornton/data/local/college/research/arl/code/sims/airsim/ros_ws/install/airsim_interfaces/share/airsim_interfaces/package.ps1'
[2.271s] INFO:colcon.colcon_core.shell:Creating package descriptor '/home/cthornton/data/local/college/research/arl/code/sims/airsim/ros_ws/install/airsim_interfaces/share/airsim_interfaces/package.dsv'
[2.272s] INFO:colcon.colcon_core.shell:Creating package script '/home/cthornton/data/local/college/research/arl/code/sims/airsim/ros_ws/install/airsim_interfaces/share/airsim_interfaces/package.sh'
[2.273s] INFO:colcon.colcon_core.shell:Creating package script '/home/cthornton/data/local/college/research/arl/code/sims/airsim/ros_ws/install/airsim_interfaces/share/airsim_interfaces/package.bash'
[2.273s] INFO:colcon.colcon_core.shell:Creating package script '/home/cthornton/data/local/college/research/arl/code/sims/airsim/ros_ws/install/airsim_interfaces/share/airsim_interfaces/package.zsh'
[2.274s] Level 1:colcon.colcon_core.environment:create_file_with_runtime_dependencies(/home/cthornton/data/local/college/research/arl/code/sims/airsim/ros_ws/install/airsim_interfaces/share/colcon-core/packages/airsim_interfaces)
[2.274s] INFO:colcon.colcon_ros.task.ament_cmake.build:Building ROS package in '/home/cthornton/data/local/college/research/arl/code/sims/airsim/ros_ws/src/hrlsim_interfaces' with build type 'ament_cmake'
[2.274s] INFO:colcon.colcon_cmake.task.cmake.build:Building CMake package in '/home/cthornton/data/local/college/research/arl/code/sims/airsim/ros_ws/src/hrlsim_interfaces'
[2.275s] INFO:colcon.colcon_core.shell:Skip shell extension 'powershell' for command environment: Not usable outside of PowerShell
[2.275s] DEBUG:colcon.colcon_core.shell:Skip shell extension 'dsv' for command environment
[2.279s] DEBUG:colcon.colcon_core.shell:Ignoring prefix path '/opt/ros/foxy'
[2.279s] DEBUG:colcon.colcon_core.shell:Ignoring prefix path '/home/cthornton/Documents/vela/catkin_ws/devel'
[2.282s] INFO:colcon.colcon_ros.task.ament_cmake.build:Building ROS package in '/home/cthornton/data/local/college/research/arl/code/sims/airsim/ros_ws/src/airsim_ros_pkgs' with build type 'ament_cmake'
[2.282s] INFO:colcon.colcon_cmake.task.cmake.build:Building CMake package in '/home/cthornton/data/local/college/research/arl/code/sims/airsim/ros_ws/src/airsim_ros_pkgs'
[2.284s] INFO:colcon.colcon_core.shell:Skip shell extension 'powershell' for command environment: Not usable outside of PowerShell
[2.284s] DEBUG:colcon.colcon_core.shell:Skip shell extension 'dsv' for command environment
[2.288s] DEBUG:colcon.colcon_core.shell:Ignoring prefix path '/opt/ros/foxy'
[2.288s] DEBUG:colcon.colcon_core.shell:Ignoring prefix path '/home/cthornton/Documents/vela/catkin_ws/devel'
[2.298s] DEBUG:colcon.colcon_core.event_handler.log_command:Invoking command in '/home/cthornton/data/local/college/research/arl/code/sims/airsim/ros_ws/build/hrlsim_interfaces': CMAKE_PREFIX_PATH=/home/cthornton/data/local/college/research/arl/code/sims/airsim/ros_ws/install/airsim_interfaces:/home/cthornton/data/local/college/research/arl/code/sims/airsim/ros_ws/install/hrlsim:/opt/ros/foxy:/home/cthornton/Documents/vela/catkin_ws/devel:/home/cthornton/data/local/college/research/arl/code/sims/airsim/ros_ws/install/hrlsim_interfaces:/home/cthornton/data/local/college/research/arl/code/sims/airsim/ros_ws/install/airsim_ros_pkgs LD_LIBRARY_PATH=/home/cthornton/data/local/college/research/arl/code/sims/airsim/ros_ws/install/airsim_interfaces/lib:/home/cthornton/Documents/vela/catkin_ws/devel/lib:/home/cthornton/data/local/college/research/arl/code/sims/airsim/ros_ws/install/hrlsim_interfaces/lib:/home/cthornton/data/local/college/research/arl/code/sims/airsim/ros_ws/install/airsim_ros_pkgs/lib:/opt/ros/foxy/opt/yaml_cpp_vendor/lib:/opt/ros/foxy/opt/rviz_ogre_vendor/lib:/opt/ros/foxy/lib/x86_64-linux-gnu:/opt/ros/foxy/lib PYTHONPATH=/home/cthornton/data/local/college/research/arl/code/sims/airsim/ros_ws/install/airsim_interfaces/lib/python3.8/site-packages:/home/cthornton/Documents/vela/catkin_ws/devel/lib/python2.7/dist-packages:/home/cthornton/data/local/college/research/arl/code/sims/airsim/ros_ws/install/hrlsim/lib/python3.8/site-packages:/home/cthornton/data/local/college/research/arl/code/sims/airsim/ros_ws/install/hrlsim_interfaces/lib/python3.8/site-packages:/opt/ros/foxy/lib/python3.8/site-packages /home/cthornton/.local/bin/cmake --build /home/cthornton/data/local/college/research/arl/code/sims/airsim/ros_ws/build/hrlsim_interfaces -- -j12 -l12
[2.304s] DEBUG:colcon.colcon_core.event_handler.log_command:Invoking command in '/home/cthornton/data/local/college/research/arl/code/sims/airsim/ros_ws/build/airsim_ros_pkgs': CMAKE_PREFIX_PATH=/home/cthornton/data/local/college/research/arl/code/sims/airsim/ros_ws/install/airsim_interfaces:/home/cthornton/data/local/college/research/arl/code/sims/airsim/ros_ws/install/hrlsim:/opt/ros/foxy:/home/cthornton/Documents/vela/catkin_ws/devel:/home/cthornton/data/local/college/research/arl/code/sims/airsim/ros_ws/install/hrlsim_interfaces:/home/cthornton/data/local/college/research/arl/code/sims/airsim/ros_ws/install/airsim_ros_pkgs LD_LIBRARY_PATH=/home/cthornton/data/local/college/research/arl/code/sims/airsim/ros_ws/install/airsim_interfaces/lib:/home/cthornton/Documents/vela/catkin_ws/devel/lib:/home/cthornton/data/local/college/research/arl/code/sims/airsim/ros_ws/install/hrlsim_interfaces/lib:/home/cthornton/data/local/college/research/arl/code/sims/airsim/ros_ws/install/airsim_ros_pkgs/lib:/opt/ros/foxy/opt/yaml_cpp_vendor/lib:/opt/ros/foxy/opt/rviz_ogre_vendor/lib:/opt/ros/foxy/lib/x86_64-linux-gnu:/opt/ros/foxy/lib PYTHONPATH=/home/cthornton/data/local/college/research/arl/code/sims/airsim/ros_ws/install/airsim_interfaces/lib/python3.8/site-packages:/home/cthornton/Documents/vela/catkin_ws/devel/lib/python2.7/dist-packages:/home/cthornton/data/local/college/research/arl/code/sims/airsim/ros_ws/install/hrlsim/lib/python3.8/site-packages:/home/cthornton/data/local/college/research/arl/code/sims/airsim/ros_ws/install/hrlsim_interfaces/lib/python3.8/site-packages:/opt/ros/foxy/lib/python3.8/site-packages /home/cthornton/.local/bin/cmake --build /home/cthornton/data/local/college/research/arl/code/sims/airsim/ros_ws/build/airsim_ros_pkgs -- -j12 -l12
[2.523s] DEBUG:colcon.colcon_core.event_handler.log_command:Invoked command in '/home/cthornton/data/local/college/research/arl/code/sims/airsim/ros_ws/build/hrlsim_interfaces' returned '0': CMAKE_PREFIX_PATH=/home/cthornton/data/local/college/research/arl/code/sims/airsim/ros_ws/install/airsim_interfaces:/home/cthornton/data/local/college/research/arl/code/sims/airsim/ros_ws/install/hrlsim:/opt/ros/foxy:/home/cthornton/Documents/vela/catkin_ws/devel:/home/cthornton/data/local/college/research/arl/code/sims/airsim/ros_ws/install/hrlsim_interfaces:/home/cthornton/data/local/college/research/arl/code/sims/airsim/ros_ws/install/airsim_ros_pkgs LD_LIBRARY_PATH=/home/cthornton/data/local/college/research/arl/code/sims/airsim/ros_ws/install/airsim_interfaces/lib:/home/cthornton/Documents/vela/catkin_ws/devel/lib:/home/cthornton/data/local/college/research/arl/code/sims/airsim/ros_ws/install/hrlsim_interfaces/lib:/home/cthornton/data/local/college/research/arl/code/sims/airsim/ros_ws/install/airsim_ros_pkgs/lib:/opt/ros/foxy/opt/yaml_cpp_vendor/lib:/opt/ros/foxy/opt/rviz_ogre_vendor/lib:/opt/ros/foxy/lib/x86_64-linux-gnu:/opt/ros/foxy/lib PYTHONPATH=/home/cthornton/data/local/college/research/arl/code/sims/airsim/ros_ws/install/airsim_interfaces/lib/python3.8/site-packages:/home/cthornton/Documents/vela/catkin_ws/devel/lib/python2.7/dist-packages:/home/cthornton/data/local/college/research/arl/code/sims/airsim/ros_ws/install/hrlsim/lib/python3.8/site-packages:/home/cthornton/data/local/college/research/arl/code/sims/airsim/ros_ws/install/hrlsim_interfaces/lib/python3.8/site-packages:/opt/ros/foxy/lib/python3.8/site-packages /home/cthornton/.local/bin/cmake --build /home/cthornton/data/local/college/research/arl/code/sims/airsim/ros_ws/build/hrlsim_interfaces -- -j12 -l12
[2.783s] DEBUG:colcon.colcon_core.event_handler.log_command:Invoking command in '/home/cthornton/data/local/college/research/arl/code/sims/airsim/ros_ws/build/hrlsim_interfaces': CMAKE_PREFIX_PATH=/home/cthornton/data/local/college/research/arl/code/sims/airsim/ros_ws/install/airsim_interfaces:/home/cthornton/data/local/college/research/arl/code/sims/airsim/ros_ws/install/hrlsim:/opt/ros/foxy:/home/cthornton/Documents/vela/catkin_ws/devel:/home/cthornton/data/local/college/research/arl/code/sims/airsim/ros_ws/install/hrlsim_interfaces:/home/cthornton/data/local/college/research/arl/code/sims/airsim/ros_ws/install/airsim_ros_pkgs LD_LIBRARY_PATH=/home/cthornton/data/local/college/research/arl/code/sims/airsim/ros_ws/install/airsim_interfaces/lib:/home/cthornton/Documents/vela/catkin_ws/devel/lib:/home/cthornton/data/local/college/research/arl/code/sims/airsim/ros_ws/install/hrlsim_interfaces/lib:/home/cthornton/data/local/college/research/arl/code/sims/airsim/ros_ws/install/airsim_ros_pkgs/lib:/opt/ros/foxy/opt/yaml_cpp_vendor/lib:/opt/ros/foxy/opt/rviz_ogre_vendor/lib:/opt/ros/foxy/lib/x86_64-linux-gnu:/opt/ros/foxy/lib PYTHONPATH=/home/cthornton/data/local/college/research/arl/code/sims/airsim/ros_ws/install/airsim_interfaces/lib/python3.8/site-packages:/home/cthornton/Documents/vela/catkin_ws/devel/lib/python2.7/dist-packages:/home/cthornton/data/local/college/research/arl/code/sims/airsim/ros_ws/install/hrlsim/lib/python3.8/site-packages:/home/cthornton/data/local/college/research/arl/code/sims/airsim/ros_ws/install/hrlsim_interfaces/lib/python3.8/site-packages:/opt/ros/foxy/lib/python3.8/site-packages /home/cthornton/.local/bin/cmake --install /home/cthornton/data/local/college/research/arl/code/sims/airsim/ros_ws/build/hrlsim_interfaces
[2.935s] Level 1:colcon.colcon_core.environment:create_environment_scripts_only(hrlsim_interfaces)
[2.937s] Level 1:colcon.colcon_core.environment:checking '/home/cthornton/data/local/college/research/arl/code/sims/airsim/ros_ws/install/hrlsim_interfaces' for CMake module files
[2.937s] DEBUG:colcon.colcon_core.event_handler.log_command:Invoked command in '/home/cthornton/data/local/college/research/arl/code/sims/airsim/ros_ws/build/hrlsim_interfaces' returned '0': CMAKE_PREFIX_PATH=/home/cthornton/data/local/college/research/arl/code/sims/airsim/ros_ws/install/airsim_interfaces:/home/cthornton/data/local/college/research/arl/code/sims/airsim/ros_ws/install/hrlsim:/opt/ros/foxy:/home/cthornton/Documents/vela/catkin_ws/devel:/home/cthornton/data/local/college/research/arl/code/sims/airsim/ros_ws/install/hrlsim_interfaces:/home/cthornton/data/local/college/research/arl/code/sims/airsim/ros_ws/install/airsim_ros_pkgs LD_LIBRARY_PATH=/home/cthornton/data/local/college/research/arl/code/sims/airsim/ros_ws/install/airsim_interfaces/lib:/home/cthornton/Documents/vela/catkin_ws/devel/lib:/home/cthornton/data/local/college/research/arl/code/sims/airsim/ros_ws/install/hrlsim_interfaces/lib:/home/cthornton/data/local/college/research/arl/code/sims/airsim/ros_ws/install/airsim_ros_pkgs/lib:/opt/ros/foxy/opt/yaml_cpp_vendor/lib:/opt/ros/foxy/opt/rviz_ogre_vendor/lib:/opt/ros/foxy/lib/x86_64-linux-gnu:/opt/ros/foxy/lib PYTHONPATH=/home/cthornton/data/local/college/research/arl/code/sims/airsim/ros_ws/install/airsim_interfaces/lib/python3.8/site-packages:/home/cthornton/Documents/vela/catkin_ws/devel/lib/python2.7/dist-packages:/home/cthornton/data/local/college/research/arl/code/sims/airsim/ros_ws/install/hrlsim/lib/python3.8/site-packages:/home/cthornton/data/local/college/research/arl/code/sims/airsim/ros_ws/install/hrlsim_interfaces/lib/python3.8/site-packages:/opt/ros/foxy/lib/python3.8/site-packages /home/cthornton/.local/bin/cmake --install /home/cthornton/data/local/college/research/arl/code/sims/airsim/ros_ws/build/hrlsim_interfaces
[2.939s] Level 1:colcon.colcon_core.environment:checking '/home/cthornton/data/local/college/research/arl/code/sims/airsim/ros_ws/install/hrlsim_interfaces' for CMake config files
[2.943s] Level 1:colcon.colcon_core.shell:create_environment_hook('hrlsim_interfaces', 'cmake_prefix_path')
[2.943s] INFO:colcon.colcon_core.shell:Creating environment hook '/home/cthornton/data/local/college/research/arl/code/sims/airsim/ros_ws/install/hrlsim_interfaces/share/hrlsim_interfaces/hook/cmake_prefix_path.ps1'
[2.944s] INFO:colcon.colcon_core.shell:Creating environment descriptor '/home/cthornton/data/local/college/research/arl/code/sims/airsim/ros_ws/install/hrlsim_interfaces/share/hrlsim_interfaces/hook/cmake_prefix_path.dsv'
[2.945s] INFO:colcon.colcon_core.shell:Creating environment hook '/home/cthornton/data/local/college/research/arl/code/sims/airsim/ros_ws/install/hrlsim_interfaces/share/hrlsim_interfaces/hook/cmake_prefix_path.sh'
[2.946s] Level 1:colcon.colcon_core.environment:checking '/home/cthornton/data/local/college/research/arl/code/sims/airsim/ros_ws/install/hrlsim_interfaces/lib'
[2.946s] Level 1:colcon.colcon_core.shell:create_environment_hook('hrlsim_interfaces', 'ld_library_path_lib')
[2.947s] INFO:colcon.colcon_core.shell:Creating environment hook '/home/cthornton/data/local/college/research/arl/code/sims/airsim/ros_ws/install/hrlsim_interfaces/share/hrlsim_interfaces/hook/ld_library_path_lib.ps1'
[2.947s] INFO:colcon.colcon_core.shell:Creating environment descriptor '/home/cthornton/data/local/college/research/arl/code/sims/airsim/ros_ws/install/hrlsim_interfaces/share/hrlsim_interfaces/hook/ld_library_path_lib.dsv'
[2.948s] INFO:colcon.colcon_core.shell:Creating environment hook '/home/cthornton/data/local/college/research/arl/code/sims/airsim/ros_ws/install/hrlsim_interfaces/share/hrlsim_interfaces/hook/ld_library_path_lib.sh'
[2.948s] Level 1:colcon.colcon_core.environment:checking '/home/cthornton/data/local/college/research/arl/code/sims/airsim/ros_ws/install/hrlsim_interfaces/bin'
[2.948s] Level 1:colcon.colcon_core.environment:checking '/home/cthornton/data/local/college/research/arl/code/sims/airsim/ros_ws/install/hrlsim_interfaces/lib/pkgconfig/hrlsim_interfaces.pc'
[2.948s] Level 1:colcon.colcon_core.environment:checking '/home/cthornton/data/local/college/research/arl/code/sims/airsim/ros_ws/install/hrlsim_interfaces/lib/python3.8/site-packages'
[2.949s] Level 1:colcon.colcon_core.shell:create_environment_hook('hrlsim_interfaces', 'pythonpath')
[2.950s] INFO:colcon.colcon_core.shell:Creating environment hook '/home/cthornton/data/local/college/research/arl/code/sims/airsim/ros_ws/install/hrlsim_interfaces/share/hrlsim_interfaces/hook/pythonpath.ps1'
[2.950s] INFO:colcon.colcon_core.shell:Creating environment descriptor '/home/cthornton/data/local/college/research/arl/code/sims/airsim/ros_ws/install/hrlsim_interfaces/share/hrlsim_interfaces/hook/pythonpath.dsv'
[2.951s] INFO:colcon.colcon_core.shell:Creating environment hook '/home/cthornton/data/local/college/research/arl/code/sims/airsim/ros_ws/install/hrlsim_interfaces/share/hrlsim_interfaces/hook/pythonpath.sh'
[2.952s] INFO:colcon.colcon_core.shell:Creating package script '/home/cthornton/data/local/college/research/arl/code/sims/airsim/ros_ws/install/hrlsim_interfaces/share/hrlsim_interfaces/package.ps1'
[2.953s] INFO:colcon.colcon_core.shell:Creating package descriptor '/home/cthornton/data/local/college/research/arl/code/sims/airsim/ros_ws/install/hrlsim_interfaces/share/hrlsim_interfaces/package.dsv'
[2.954s] INFO:colcon.colcon_core.shell:Creating package script '/home/cthornton/data/local/college/research/arl/code/sims/airsim/ros_ws/install/hrlsim_interfaces/share/hrlsim_interfaces/package.sh'
[2.954s] INFO:colcon.colcon_core.shell:Creating package script '/home/cthornton/data/local/college/research/arl/code/sims/airsim/ros_ws/install/hrlsim_interfaces/share/hrlsim_interfaces/package.bash'
[2.955s] INFO:colcon.colcon_core.shell:Creating package script '/home/cthornton/data/local/college/research/arl/code/sims/airsim/ros_ws/install/hrlsim_interfaces/share/hrlsim_interfaces/package.zsh'
[2.955s] Level 1:colcon.colcon_core.environment:create_file_with_runtime_dependencies(/home/cthornton/data/local/college/research/arl/code/sims/airsim/ros_ws/install/hrlsim_interfaces/share/colcon-core/packages/hrlsim_interfaces)
[3.171s] DEBUG:colcon.colcon_core.event_handler.log_command:Invoked command in '/home/cthornton/data/local/college/research/arl/code/sims/airsim/ros_ws/build/airsim_ros_pkgs' returned '2': CMAKE_PREFIX_PATH=/home/cthornton/data/local/college/research/arl/code/sims/airsim/ros_ws/install/airsim_interfaces:/home/cthornton/data/local/college/research/arl/code/sims/airsim/ros_ws/install/hrlsim:/opt/ros/foxy:/home/cthornton/Documents/vela/catkin_ws/devel:/home/cthornton/data/local/college/research/arl/code/sims/airsim/ros_ws/install/hrlsim_interfaces:/home/cthornton/data/local/college/research/arl/code/sims/airsim/ros_ws/install/airsim_ros_pkgs LD_LIBRARY_PATH=/home/cthornton/data/local/college/research/arl/code/sims/airsim/ros_ws/install/airsim_interfaces/lib:/home/cthornton/Documents/vela/catkin_ws/devel/lib:/home/cthornton/data/local/college/research/arl/code/sims/airsim/ros_ws/install/hrlsim_interfaces/lib:/home/cthornton/data/local/college/research/arl/code/sims/airsim/ros_ws/install/airsim_ros_pkgs/lib:/opt/ros/foxy/opt/yaml_cpp_vendor/lib:/opt/ros/foxy/opt/rviz_ogre_vendor/lib:/opt/ros/foxy/lib/x86_64-linux-gnu:/opt/ros/foxy/lib PYTHONPATH=/home/cthornton/data/local/college/research/arl/code/sims/airsim/ros_ws/install/airsim_interfaces/lib/python3.8/site-packages:/home/cthornton/Documents/vela/catkin_ws/devel/lib/python2.7/dist-packages:/home/cthornton/data/local/college/research/arl/code/sims/airsim/ros_ws/install/hrlsim/lib/python3.8/site-packages:/home/cthornton/data/local/college/research/arl/code/sims/airsim/ros_ws/install/hrlsim_interfaces/lib/python3.8/site-packages:/opt/ros/foxy/lib/python3.8/site-packages /home/cthornton/.local/bin/cmake --build /home/cthornton/data/local/college/research/arl/code/sims/airsim/ros_ws/build/airsim_ros_pkgs -- -j12 -l12
[3.213s] Level 1:colcon.colcon_core.environment:create_environment_scripts_only(hrlsim_interfaces)
[3.214s] Level 1:colcon.colcon_core.environment:checking '/home/cthornton/data/local/college/research/arl/code/sims/airsim/ros_ws/install/hrlsim_interfaces' for CMake module files
[3.216s] Level 1:colcon.colcon_core.environment:checking '/home/cthornton/data/local/college/research/arl/code/sims/airsim/ros_ws/install/hrlsim_interfaces' for CMake config files
[3.220s] Level 1:colcon.colcon_core.shell:create_environment_hook('hrlsim_interfaces', 'cmake_prefix_path')
[3.221s] INFO:colcon.colcon_core.shell:Creating environment hook '/home/cthornton/data/local/college/research/arl/code/sims/airsim/ros_ws/install/hrlsim_interfaces/share/hrlsim_interfaces/hook/cmake_prefix_path.ps1'
[3.221s] INFO:colcon.colcon_core.shell:Creating environment descriptor '/home/cthornton/data/local/college/research/arl/code/sims/airsim/ros_ws/install/hrlsim_interfaces/share/hrlsim_interfaces/hook/cmake_prefix_path.dsv'
[3.222s] INFO:colcon.colcon_core.shell:Creating environment hook '/home/cthornton/data/local/college/research/arl/code/sims/airsim/ros_ws/install/hrlsim_interfaces/share/hrlsim_interfaces/hook/cmake_prefix_path.sh'
[3.223s] Level 1:colcon.colcon_core.environment:checking '/home/cthornton/data/local/college/research/arl/code/sims/airsim/ros_ws/install/hrlsim_interfaces/lib'
[3.223s] Level 1:colcon.colcon_core.shell:create_environment_hook('hrlsim_interfaces', 'ld_library_path_lib')
[3.223s] INFO:colcon.colcon_core.shell:Creating environment hook '/home/cthornton/data/local/college/research/arl/code/sims/airsim/ros_ws/install/hrlsim_interfaces/share/hrlsim_interfaces/hook/ld_library_path_lib.ps1'
[3.224s] INFO:colcon.colcon_core.shell:Creating environment descriptor '/home/cthornton/data/local/college/research/arl/code/sims/airsim/ros_ws/install/hrlsim_interfaces/share/hrlsim_interfaces/hook/ld_library_path_lib.dsv'
[3.224s] INFO:colcon.colcon_core.shell:Creating environment hook '/home/cthornton/data/local/college/research/arl/code/sims/airsim/ros_ws/install/hrlsim_interfaces/share/hrlsim_interfaces/hook/ld_library_path_lib.sh'
[3.225s] Level 1:colcon.colcon_core.environment:checking '/home/cthornton/data/local/college/research/arl/code/sims/airsim/ros_ws/install/hrlsim_interfaces/bin'
[3.225s] Level 1:colcon.colcon_core.environment:checking '/home/cthornton/data/local/college/research/arl/code/sims/airsim/ros_ws/install/hrlsim_interfaces/lib/pkgconfig/hrlsim_interfaces.pc'
[3.225s] Level 1:colcon.colcon_core.environment:checking '/home/cthornton/data/local/college/research/arl/code/sims/airsim/ros_ws/install/hrlsim_interfaces/lib/python3.8/site-packages'
[3.225s] Level 1:colcon.colcon_core.shell:create_environment_hook('hrlsim_interfaces', 'pythonpath')
[3.226s] INFO:colcon.colcon_core.shell:Creating environment hook '/home/cthornton/data/local/college/research/arl/code/sims/airsim/ros_ws/install/hrlsim_interfaces/share/hrlsim_interfaces/hook/pythonpath.ps1'
[3.227s] INFO:colcon.colcon_core.shell:Creating environment descriptor '/home/cthornton/data/local/college/research/arl/code/sims/airsim/ros_ws/install/hrlsim_interfaces/share/hrlsim_interfaces/hook/pythonpath.dsv'
[3.227s] INFO:colcon.colcon_core.shell:Creating environment hook '/home/cthornton/data/local/college/research/arl/code/sims/airsim/ros_ws/install/hrlsim_interfaces/share/hrlsim_interfaces/hook/pythonpath.sh'
[3.228s] INFO:colcon.colcon_core.shell:Creating package script '/home/cthornton/data/local/college/research/arl/code/sims/airsim/ros_ws/install/hrlsim_interfaces/share/hrlsim_interfaces/package.ps1'
[3.229s] INFO:colcon.colcon_core.shell:Creating package descriptor '/home/cthornton/data/local/college/research/arl/code/sims/airsim/ros_ws/install/hrlsim_interfaces/share/hrlsim_interfaces/package.dsv'
[3.230s] INFO:colcon.colcon_core.shell:Creating package script '/home/cthornton/data/local/college/research/arl/code/sims/airsim/ros_ws/install/hrlsim_interfaces/share/hrlsim_interfaces/package.sh'
[3.231s] INFO:colcon.colcon_core.shell:Creating package script '/home/cthornton/data/local/college/research/arl/code/sims/airsim/ros_ws/install/hrlsim_interfaces/share/hrlsim_interfaces/package.bash'
[3.231s] INFO:colcon.colcon_core.shell:Creating package script '/home/cthornton/data/local/college/research/arl/code/sims/airsim/ros_ws/install/hrlsim_interfaces/share/hrlsim_interfaces/package.zsh'
[3.232s] Level 1:colcon.colcon_core.environment:create_file_with_runtime_dependencies(/home/cthornton/data/local/college/research/arl/code/sims/airsim/ros_ws/install/hrlsim_interfaces/share/colcon-core/packages/hrlsim_interfaces)
[3.232s] INFO:colcon.colcon_ros.task.ament_python.build:Building ROS package in '/home/cthornton/data/local/college/research/arl/code/sims/airsim/ros_ws/src/hrlsim' with build type 'ament_python'
[3.233s] Level 1:colcon.colcon_core.shell:create_environment_hook('hrlsim', 'ament_prefix_path')
[3.233s] INFO:colcon.colcon_core.shell:Creating environment hook '/home/cthornton/data/local/college/research/arl/code/sims/airsim/ros_ws/install/hrlsim/share/hrlsim/hook/ament_prefix_path.ps1'
[3.234s] INFO:colcon.colcon_core.shell:Creating environment descriptor '/home/cthornton/data/local/college/research/arl/code/sims/airsim/ros_ws/install/hrlsim/share/hrlsim/hook/ament_prefix_path.dsv'
[3.235s] INFO:colcon.colcon_core.shell:Creating environment hook '/home/cthornton/data/local/college/research/arl/code/sims/airsim/ros_ws/install/hrlsim/share/hrlsim/hook/ament_prefix_path.sh'
[3.236s] INFO:colcon.colcon_core.shell:Skip shell extension 'powershell' for command environment: Not usable outside of PowerShell
[3.236s] DEBUG:colcon.colcon_core.shell:Skip shell extension 'dsv' for command environment
[3.240s] DEBUG:colcon.colcon_core.shell:Ignoring prefix path '/opt/ros/foxy'
[3.240s] DEBUG:colcon.colcon_core.shell:Ignoring prefix path '/home/cthornton/Documents/vela/catkin_ws/devel'
[3.533s] INFO:colcon.colcon_core.task.python.build:Building Python package in '/home/cthornton/data/local/college/research/arl/code/sims/airsim/ros_ws/src/hrlsim'
[3.535s] INFO:colcon.colcon_core.shell:Skip shell extension 'powershell' for command environment: Not usable outside of PowerShell
[3.535s] DEBUG:colcon.colcon_core.shell:Skip shell extension 'dsv' for command environment
[3.538s] DEBUG:colcon.colcon_core.shell:Ignoring prefix path '/opt/ros/foxy'
[3.538s] DEBUG:colcon.colcon_core.shell:Ignoring prefix path '/home/cthornton/Documents/vela/catkin_ws/devel'
[3.543s] Level 1:colcon.colcon_core.environment:create_environment_scripts_only(airsim_ros_pkgs)
[3.544s] Level 1:colcon.colcon_core.environment:checking '/home/cthornton/data/local/college/research/arl/code/sims/airsim/ros_ws/install/airsim_ros_pkgs' for CMake module files
[3.546s] Level 1:colcon.colcon_core.environment:checking '/home/cthornton/data/local/college/research/arl/code/sims/airsim/ros_ws/install/airsim_ros_pkgs' for CMake config files
[3.554s] Level 1:colcon.colcon_core.shell:create_environment_hook('airsim_ros_pkgs', 'cmake_prefix_path')
[3.555s] INFO:colcon.colcon_core.shell:Creating environment hook '/home/cthornton/data/local/college/research/arl/code/sims/airsim/ros_ws/install/airsim_ros_pkgs/share/airsim_ros_pkgs/hook/cmake_prefix_path.ps1'
[3.556s] INFO:colcon.colcon_core.shell:Creating environment descriptor '/home/cthornton/data/local/college/research/arl/code/sims/airsim/ros_ws/install/airsim_ros_pkgs/share/airsim_ros_pkgs/hook/cmake_prefix_path.dsv'
[3.556s] INFO:colcon.colcon_core.shell:Creating environment hook '/home/cthornton/data/local/college/research/arl/code/sims/airsim/ros_ws/install/airsim_ros_pkgs/share/airsim_ros_pkgs/hook/cmake_prefix_path.sh'
[3.557s] Level 1:colcon.colcon_core.environment:checking '/home/cthornton/data/local/college/research/arl/code/sims/airsim/ros_ws/install/airsim_ros_pkgs/lib'
[3.557s] Level 1:colcon.colcon_core.environment:checking '/home/cthornton/data/local/college/research/arl/code/sims/airsim/ros_ws/install/airsim_ros_pkgs/bin'
[3.557s] Level 1:colcon.colcon_core.environment:checking '/home/cthornton/data/local/college/research/arl/code/sims/airsim/ros_ws/install/airsim_ros_pkgs/lib/pkgconfig/airsim_ros_pkgs.pc'
[3.557s] Level 1:colcon.colcon_core.environment:checking '/home/cthornton/data/local/college/research/arl/code/sims/airsim/ros_ws/install/airsim_ros_pkgs/lib/python3.8/site-packages'
[3.558s] INFO:colcon.colcon_core.shell:Creating package script '/home/cthornton/data/local/college/research/arl/code/sims/airsim/ros_ws/install/airsim_ros_pkgs/share/airsim_ros_pkgs/package.ps1'
[3.559s] INFO:colcon.colcon_core.shell:Creating package descriptor '/home/cthornton/data/local/college/research/arl/code/sims/airsim/ros_ws/install/airsim_ros_pkgs/share/airsim_ros_pkgs/package.dsv'
[3.559s] INFO:colcon.colcon_core.shell:Creating package script '/home/cthornton/data/local/college/research/arl/code/sims/airsim/ros_ws/install/airsim_ros_pkgs/share/airsim_ros_pkgs/package.sh'
[3.560s] INFO:colcon.colcon_core.shell:Creating package script '/home/cthornton/data/local/college/research/arl/code/sims/airsim/ros_ws/install/airsim_ros_pkgs/share/airsim_ros_pkgs/package.bash'
[3.560s] INFO:colcon.colcon_core.shell:Creating package script '/home/cthornton/data/local/college/research/arl/code/sims/airsim/ros_ws/install/airsim_ros_pkgs/share/airsim_ros_pkgs/package.zsh'
[3.561s] Level 1:colcon.colcon_core.environment:create_file_with_runtime_dependencies(/home/cthornton/data/local/college/research/arl/code/sims/airsim/ros_ws/install/airsim_ros_pkgs/share/colcon-core/packages/airsim_ros_pkgs)
[3.572s] DEBUG:colcon.colcon_parallel_executor.executor.parallel:closing loop
[3.572s] DEBUG:colcon.colcon_parallel_executor.executor.parallel:loop closed
[3.573s] DEBUG:colcon.colcon_parallel_executor.executor.parallel:run_until_complete finished with '2'
[3.573s] DEBUG:colcon.colcon_core.event_reactor:joining thread
[3.579s] INFO:colcon.colcon_core.plugin_system:Skipping extension 'colcon_notification.desktop_notification.terminal_notifier': Not used on non-Darwin systems
[3.579s] INFO:colcon.colcon_core.plugin_system:Skipping extension 'colcon_notification.desktop_notification.win32': Not used on non-Windows systems
[3.580s] INFO:colcon.colcon_notification.desktop_notification:Sending desktop notification using 'notify2'
[3.593s] DEBUG:colcon.colcon_core.event_reactor:joined thread
[3.594s] INFO:colcon.colcon_core.shell:Creating prefix script '/home/cthornton/data/local/college/research/arl/code/sims/airsim/ros_ws/install/local_setup.ps1'
[3.595s] INFO:colcon.colcon_core.shell:Creating prefix util module '/home/cthornton/data/local/college/research/arl/code/sims/airsim/ros_ws/install/_local_setup_util_ps1.py'
[3.597s] INFO:colcon.colcon_core.shell:Creating prefix chain script '/home/cthornton/data/local/college/research/arl/code/sims/airsim/ros_ws/install/setup.ps1'
[3.600s] INFO:colcon.colcon_core.shell:Creating prefix script '/home/cthornton/data/local/college/research/arl/code/sims/airsim/ros_ws/install/local_setup.sh'
[3.601s] INFO:colcon.colcon_core.shell:Creating prefix util module '/home/cthornton/data/local/college/research/arl/code/sims/airsim/ros_ws/install/_local_setup_util_sh.py'
[3.601s] INFO:colcon.colcon_core.shell:Creating prefix chain script '/home/cthornton/data/local/college/research/arl/code/sims/airsim/ros_ws/install/setup.sh'
[3.604s] INFO:colcon.colcon_core.shell:Creating prefix script '/home/cthornton/data/local/college/research/arl/code/sims/airsim/ros_ws/install/local_setup.bash'
[3.605s] INFO:colcon.colcon_core.shell:Creating prefix chain script '/home/cthornton/data/local/college/research/arl/code/sims/airsim/ros_ws/install/setup.bash'
[3.608s] INFO:colcon.colcon_core.shell:Creating prefix script '/home/cthornton/data/local/college/research/arl/code/sims/airsim/ros_ws/install/local_setup.zsh'
[3.609s] INFO:colcon.colcon_core.shell:Creating prefix chain script '/home/cthornton/data/local/college/research/arl/code/sims/airsim/ros_ws/install/setup.zsh'
