[0.237s] Invoking command in '/home/cthornton/data/local/college/research/arl/code/sims/airsim/ros_ws/src/hrlsim': PYTHONPATH=/home/cthornton/data/local/college/research/arl/code/sims/airsim/ros_ws/install/hrlsim/lib/python3.8/site-packages:${PYTHONPATH} /usr/bin/python3 setup.py egg_info --egg-base ../../build/hrlsim build --build-base /home/cthornton/data/local/college/research/arl/code/sims/airsim/ros_ws/build/hrlsim/build install --prefix /home/cthornton/data/local/college/research/arl/code/sims/airsim/ros_ws/install/hrlsim --record /home/cthornton/data/local/college/research/arl/code/sims/airsim/ros_ws/build/hrlsim/install.log --single-version-externally-managed
[0.423s] running egg_info
[0.423s] writing ../../build/hrlsim/hrlsim.egg-info/PKG-INFO
[0.423s] writing dependency_links to ../../build/hrlsim/hrlsim.egg-info/dependency_links.txt
[0.424s] writing entry points to ../../build/hrlsim/hrlsim.egg-info/entry_points.txt
[0.424s] writing requirements to ../../build/hrlsim/hrlsim.egg-info/requires.txt
[0.424s] writing top-level names to ../../build/hrlsim/hrlsim.egg-info/top_level.txt
[0.451s] package init file 'hrlsim/controller/__init__.py' not found (or not a regular file)
[0.452s] reading manifest file '../../build/hrlsim/hrlsim.egg-info/SOURCES.txt'
[0.453s] writing manifest file '../../build/hrlsim/hrlsim.egg-info/SOURCES.txt'
[0.454s] running build
[0.454s] running build_py
[0.454s] copying hrlsim/__init__.py -> /home/cthornton/data/local/college/research/arl/code/sims/airsim/ros_ws/build/hrlsim/build/lib/hrlsim
[0.454s] creating /home/cthornton/data/local/college/research/arl/code/sims/airsim/ros_ws/build/hrlsim/build/lib/hrlsim/airsim
[0.454s] copying hrlsim/airsim/__init__.py -> /home/cthornton/data/local/college/research/arl/code/sims/airsim/ros_ws/build/hrlsim/build/lib/hrlsim/airsim
[0.455s] creating /home/cthornton/data/local/college/research/arl/code/sims/airsim/ros_ws/build/hrlsim/build/lib/hrlsim/controller
[0.455s] copying hrlsim/controller/__init__ .py -> /home/cthornton/data/local/college/research/arl/code/sims/airsim/ros_ws/build/hrlsim/build/lib/hrlsim/controller
[0.455s] creating /home/cthornton/data/local/college/research/arl/code/sims/airsim/ros_ws/build/hrlsim/build/lib/hrlsim/drone
[0.455s] copying hrlsim/drone/__init__.py -> /home/cthornton/data/local/college/research/arl/code/sims/airsim/ros_ws/build/hrlsim/build/lib/hrlsim/drone
[0.456s] creating /home/cthornton/data/local/college/research/arl/code/sims/airsim/ros_ws/build/hrlsim/build/lib/hrlsim/opt
[0.456s] copying hrlsim/opt/__init__.py -> /home/cthornton/data/local/college/research/arl/code/sims/airsim/ros_ws/build/hrlsim/build/lib/hrlsim/opt
[0.456s] creating /home/cthornton/data/local/college/research/arl/code/sims/airsim/ros_ws/build/hrlsim/build/lib/hrlsim/traj
[0.456s] copying hrlsim/traj/__init__.py -> /home/cthornton/data/local/college/research/arl/code/sims/airsim/ros_ws/build/hrlsim/build/lib/hrlsim/traj
[0.456s] creating /home/cthornton/data/local/college/research/arl/code/sims/airsim/ros_ws/build/hrlsim/build/lib/hrlsim/utility
[0.457s] copying hrlsim/utility/__init__.py -> /home/cthornton/data/local/college/research/arl/code/sims/airsim/ros_ws/build/hrlsim/build/lib/hrlsim/utility
[0.457s] running install
[0.458s] running install_lib
[0.459s] creating /home/cthornton/data/local/college/research/arl/code/sims/airsim/ros_ws/install/hrlsim/lib/python3.8/site-packages/hrlsim/airsim
[0.459s] copying /home/cthornton/data/local/college/research/arl/code/sims/airsim/ros_ws/build/hrlsim/build/lib/hrlsim/airsim/__init__.py -> /home/cthornton/data/local/college/research/arl/code/sims/airsim/ros_ws/install/hrlsim/lib/python3.8/site-packages/hrlsim/airsim
[0.459s] creating /home/cthornton/data/local/college/research/arl/code/sims/airsim/ros_ws/install/hrlsim/lib/python3.8/site-packages/hrlsim/controller
[0.460s] copying /home/cthornton/data/local/college/research/arl/code/sims/airsim/ros_ws/build/hrlsim/build/lib/hrlsim/controller/__init__ .py -> /home/cthornton/data/local/college/research/arl/code/sims/airsim/ros_ws/install/hrlsim/lib/python3.8/site-packages/hrlsim/controller
[0.460s] creating /home/cthornton/data/local/college/research/arl/code/sims/airsim/ros_ws/install/hrlsim/lib/python3.8/site-packages/hrlsim/drone
[0.460s] copying /home/cthornton/data/local/college/research/arl/code/sims/airsim/ros_ws/build/hrlsim/build/lib/hrlsim/drone/__init__.py -> /home/cthornton/data/local/college/research/arl/code/sims/airsim/ros_ws/install/hrlsim/lib/python3.8/site-packages/hrlsim/drone
[0.461s] creating /home/cthornton/data/local/college/research/arl/code/sims/airsim/ros_ws/install/hrlsim/lib/python3.8/site-packages/hrlsim/opt
[0.461s] copying /home/cthornton/data/local/college/research/arl/code/sims/airsim/ros_ws/build/hrlsim/build/lib/hrlsim/opt/__init__.py -> /home/cthornton/data/local/college/research/arl/code/sims/airsim/ros_ws/install/hrlsim/lib/python3.8/site-packages/hrlsim/opt
[0.462s] creating /home/cthornton/data/local/college/research/arl/code/sims/airsim/ros_ws/install/hrlsim/lib/python3.8/site-packages/hrlsim/traj
[0.462s] copying /home/cthornton/data/local/college/research/arl/code/sims/airsim/ros_ws/build/hrlsim/build/lib/hrlsim/traj/__init__.py -> /home/cthornton/data/local/college/research/arl/code/sims/airsim/ros_ws/install/hrlsim/lib/python3.8/site-packages/hrlsim/traj
[0.463s] creating /home/cthornton/data/local/college/research/arl/code/sims/airsim/ros_ws/install/hrlsim/lib/python3.8/site-packages/hrlsim/utility
[0.463s] copying /home/cthornton/data/local/college/research/arl/code/sims/airsim/ros_ws/build/hrlsim/build/lib/hrlsim/utility/__init__.py -> /home/cthornton/data/local/college/research/arl/code/sims/airsim/ros_ws/install/hrlsim/lib/python3.8/site-packages/hrlsim/utility
[0.463s] copying /home/cthornton/data/local/college/research/arl/code/sims/airsim/ros_ws/build/hrlsim/build/lib/hrlsim/__init__.py -> /home/cthornton/data/local/college/research/arl/code/sims/airsim/ros_ws/install/hrlsim/lib/python3.8/site-packages/hrlsim
[0.464s] byte-compiling /home/cthornton/data/local/college/research/arl/code/sims/airsim/ros_ws/install/hrlsim/lib/python3.8/site-packages/hrlsim/airsim/__init__.py to __init__.cpython-38.pyc
[0.466s] byte-compiling /home/cthornton/data/local/college/research/arl/code/sims/airsim/ros_ws/install/hrlsim/lib/python3.8/site-packages/hrlsim/controller/__init__ .py to __init__ .cpython-38.pyc
[0.466s] byte-compiling /home/cthornton/data/local/college/research/arl/code/sims/airsim/ros_ws/install/hrlsim/lib/python3.8/site-packages/hrlsim/drone/__init__.py to __init__.cpython-38.pyc
[0.467s] byte-compiling /home/cthornton/data/local/college/research/arl/code/sims/airsim/ros_ws/install/hrlsim/lib/python3.8/site-packages/hrlsim/opt/__init__.py to __init__.cpython-38.pyc
[0.467s] byte-compiling /home/cthornton/data/local/college/research/arl/code/sims/airsim/ros_ws/install/hrlsim/lib/python3.8/site-packages/hrlsim/traj/__init__.py to __init__.cpython-38.pyc
[0.468s] byte-compiling /home/cthornton/data/local/college/research/arl/code/sims/airsim/ros_ws/install/hrlsim/lib/python3.8/site-packages/hrlsim/utility/__init__.py to __init__.cpython-38.pyc
[0.468s] byte-compiling /home/cthornton/data/local/college/research/arl/code/sims/airsim/ros_ws/install/hrlsim/lib/python3.8/site-packages/hrlsim/__init__.py to __init__.cpython-38.pyc
[0.469s] running install_data
[0.470s] running install_egg_info
[0.471s] removing '/home/cthornton/data/local/college/research/arl/code/sims/airsim/ros_ws/install/hrlsim/lib/python3.8/site-packages/hrlsim-0.0.0-py3.8.egg-info' (and everything under it)
[0.472s] Copying ../../build/hrlsim/hrlsim.egg-info to /home/cthornton/data/local/college/research/arl/code/sims/airsim/ros_ws/install/hrlsim/lib/python3.8/site-packages/hrlsim-0.0.0-py3.8.egg-info
[0.474s] running install_scripts
[0.492s] writing list of installed files to '/home/cthornton/data/local/college/research/arl/code/sims/airsim/ros_ws/build/hrlsim/install.log'
[0.510s] Invoked command in '/home/cthornton/data/local/college/research/arl/code/sims/airsim/ros_ws/src/hrlsim' returned '0': PYTHONPATH=/home/cthornton/data/local/college/research/arl/code/sims/airsim/ros_ws/install/hrlsim/lib/python3.8/site-packages:${PYTHONPATH} /usr/bin/python3 setup.py egg_info --egg-base ../../build/hrlsim build --build-base /home/cthornton/data/local/college/research/arl/code/sims/airsim/ros_ws/build/hrlsim/build install --prefix /home/cthornton/data/local/college/research/arl/code/sims/airsim/ros_ws/install/hrlsim --record /home/cthornton/data/local/college/research/arl/code/sims/airsim/ros_ws/build/hrlsim/install.log --single-version-externally-managed
