[0.235s] Invoking command in '/home/cthornton/data/local/college/research/arl/code/sims/airsim/ros_ws/src/hrlsim': PYTHONPATH=/home/cthornton/data/local/college/research/arl/code/sims/airsim/ros_ws/install/hrlsim/lib/python3.8/site-packages:${PYTHONPATH} /usr/bin/python3 setup.py egg_info --egg-base ../../build/hrlsim build --build-base /home/cthornton/data/local/college/research/arl/code/sims/airsim/ros_ws/build/hrlsim/build install --prefix /home/cthornton/data/local/college/research/arl/code/sims/airsim/ros_ws/install/hrlsim --record /home/cthornton/data/local/college/research/arl/code/sims/airsim/ros_ws/build/hrlsim/install.log --single-version-externally-managed
[0.423s] running egg_info
[0.423s] writing ../../build/hrlsim/hrlsim.egg-info/PKG-INFO
[0.423s] writing dependency_links to ../../build/hrlsim/hrlsim.egg-info/dependency_links.txt
[0.423s] writing entry points to ../../build/hrlsim/hrlsim.egg-info/entry_points.txt
[0.423s] writing requirements to ../../build/hrlsim/hrlsim.egg-info/requires.txt
[0.424s] writing top-level names to ../../build/hrlsim/hrlsim.egg-info/top_level.txt
[0.455s] reading manifest file '../../build/hrlsim/hrlsim.egg-info/SOURCES.txt'
[0.456s] writing manifest file '../../build/hrlsim/hrlsim.egg-info/SOURCES.txt'
[0.456s] running build
[0.457s] running build_py
[0.457s] copying hrlsim/target.py -> /home/cthornton/data/local/college/research/arl/code/sims/airsim/ros_ws/build/hrlsim/build/lib/hrlsim
[0.457s] copying hrlsim/team.py -> /home/cthornton/data/local/college/research/arl/code/sims/airsim/ros_ws/build/hrlsim/build/lib/hrlsim
[0.460s] copying hrlsim/traj/minimum_snap.py -> /home/cthornton/data/local/college/research/arl/code/sims/airsim/ros_ws/build/hrlsim/build/lib/hrlsim/traj
[0.461s] running install
[0.462s] running install_lib
[0.464s] copying /home/cthornton/data/local/college/research/arl/code/sims/airsim/ros_ws/build/hrlsim/build/lib/hrlsim/target.py -> /home/cthornton/data/local/college/research/arl/code/sims/airsim/ros_ws/install/hrlsim/lib/python3.8/site-packages/hrlsim
[0.465s] copying /home/cthornton/data/local/college/research/arl/code/sims/airsim/ros_ws/build/hrlsim/build/lib/hrlsim/team.py -> /home/cthornton/data/local/college/research/arl/code/sims/airsim/ros_ws/install/hrlsim/lib/python3.8/site-packages/hrlsim
[0.465s] copying /home/cthornton/data/local/college/research/arl/code/sims/airsim/ros_ws/build/hrlsim/build/lib/hrlsim/traj/minimum_snap.py -> /home/cthornton/data/local/college/research/arl/code/sims/airsim/ros_ws/install/hrlsim/lib/python3.8/site-packages/hrlsim/traj
[0.468s] byte-compiling /home/cthornton/data/local/college/research/arl/code/sims/airsim/ros_ws/install/hrlsim/lib/python3.8/site-packages/hrlsim/target.py to target.cpython-38.pyc
[0.470s] byte-compiling /home/cthornton/data/local/college/research/arl/code/sims/airsim/ros_ws/install/hrlsim/lib/python3.8/site-packages/hrlsim/team.py to team.cpython-38.pyc
[0.473s] byte-compiling /home/cthornton/data/local/college/research/arl/code/sims/airsim/ros_ws/install/hrlsim/lib/python3.8/site-packages/hrlsim/traj/minimum_snap.py to minimum_snap.cpython-38.pyc
[0.475s] running install_data
[0.476s] running install_egg_info
[0.477s] removing '/home/cthornton/data/local/college/research/arl/code/sims/airsim/ros_ws/install/hrlsim/lib/python3.8/site-packages/hrlsim-0.0.0-py3.8.egg-info' (and everything under it)
[0.478s] Copying ../../build/hrlsim/hrlsim.egg-info to /home/cthornton/data/local/college/research/arl/code/sims/airsim/ros_ws/install/hrlsim/lib/python3.8/site-packages/hrlsim-0.0.0-py3.8.egg-info
[0.480s] running install_scripts
[0.496s] writing list of installed files to '/home/cthornton/data/local/college/research/arl/code/sims/airsim/ros_ws/build/hrlsim/install.log'
[0.511s] Invoked command in '/home/cthornton/data/local/college/research/arl/code/sims/airsim/ros_ws/src/hrlsim' returned '0': PYTHONPATH=/home/cthornton/data/local/college/research/arl/code/sims/airsim/ros_ws/install/hrlsim/lib/python3.8/site-packages:${PYTHONPATH} /usr/bin/python3 setup.py egg_info --egg-base ../../build/hrlsim build --build-base /home/cthornton/data/local/college/research/arl/code/sims/airsim/ros_ws/build/hrlsim/build install --prefix /home/cthornton/data/local/college/research/arl/code/sims/airsim/ros_ws/install/hrlsim --record /home/cthornton/data/local/college/research/arl/code/sims/airsim/ros_ws/build/hrlsim/install.log --single-version-externally-managed
