[0.018s] Invoking command in '/home/cthornton/data/local/college/research/arl/code/sims/airsim/ros_ws/build/hrlsim_interfaces': CMAKE_PREFIX_PATH=/home/cthornton/data/local/college/research/arl/code/sims/airsim/ros_ws/install/airsim_interfaces:/home/cthornton/data/local/college/research/arl/code/sims/airsim/ros_ws/install/hrlsim:/opt/ros/foxy:/home/cthornton/Documents/vela/catkin_ws/devel:/home/cthornton/data/local/college/research/arl/code/sims/airsim/ros_ws/install/hrlsim_interfaces:/home/cthornton/data/local/college/research/arl/code/sims/airsim/ros_ws/install/airsim_ros_pkgs LD_LIBRARY_PATH=/home/cthornton/data/local/college/research/arl/code/sims/airsim/ros_ws/install/airsim_interfaces/lib:/home/cthornton/Documents/vela/catkin_ws/devel/lib:/home/cthornton/data/local/college/research/arl/code/sims/airsim/ros_ws/install/hrlsim_interfaces/lib:/home/cthornton/data/local/college/research/arl/code/sims/airsim/ros_ws/install/airsim_ros_pkgs/lib:/opt/ros/foxy/opt/yaml_cpp_vendor/lib:/opt/ros/foxy/opt/rviz_ogre_vendor/lib:/opt/ros/foxy/lib/x86_64-linux-gnu:/opt/ros/foxy/lib PYTHONPATH=/home/cthornton/data/local/college/research/arl/code/sims/airsim/ros_ws/install/airsim_interfaces/lib/python3.8/site-packages:/home/cthornton/Documents/vela/catkin_ws/devel/lib/python2.7/dist-packages:/home/cthornton/data/local/college/research/arl/code/sims/airsim/ros_ws/install/hrlsim/lib/python3.8/site-packages:/home/cthornton/data/local/college/research/arl/code/sims/airsim/ros_ws/install/hrlsim_interfaces/lib/python3.8/site-packages:/opt/ros/foxy/lib/python3.8/site-packages /home/cthornton/.local/bin/cmake --build /home/cthornton/data/local/college/research/arl/code/sims/airsim/ros_ws/build/hrlsim_interfaces -- -j12 -l12
[0.073s] -- Found ament_cmake: 0.9.9 (/opt/ros/foxy/share/ament_cmake/cmake)
[0.093s] -- Found PythonInterp: /usr/bin/python3 (found suitable version "3.8.10", minimum required is "3") 
[0.093s] -- Using PYTHON_EXECUTABLE: /usr/bin/python3
[0.262s] -- Found rosidl_default_generators: 1.0.1 (/opt/ros/foxy/share/rosidl_default_generators/cmake)
[0.265s] -- Using all available rosidl_typesupport_c: rosidl_typesupport_fastrtps_c;rosidl_typesupport_introspection_c
[0.268s] -- Found rosidl_adapter: 1.2.1 (/opt/ros/foxy/share/rosidl_adapter/cmake)
[0.373s] -- Using all available rosidl_typesupport_cpp: rosidl_typesupport_fastrtps_cpp;rosidl_typesupport_introspection_cpp
[0.391s] -- Found airsim_interfaces: 0.1.0 (/home/cthornton/data/local/college/research/arl/code/sims/airsim/ros_ws/install/airsim_interfaces/share/airsim_interfaces/cmake)
[0.655s] -- Found sensor_msgs: 2.0.4 (/opt/ros/foxy/share/sensor_msgs/cmake)
[0.725s] -- Found PythonInterp: /usr/bin/python3 (found version "3.8.10") 
[0.989s] -- Found ament_cmake_ros: 0.9.2 (/opt/ros/foxy/share/ament_cmake_ros/cmake)
[1.383s] -- Using all available rosidl_typesupport_c: rosidl_typesupport_fastrtps_c;rosidl_typesupport_introspection_c
[1.630s] -- Using all available rosidl_typesupport_cpp: rosidl_typesupport_fastrtps_cpp;rosidl_typesupport_introspection_cpp
[1.655s] -- Found PythonInterp: /usr/bin/python3 (found suitable version "3.8.10", minimum required is "3.5") 
[1.655s] -- Found python_cmake_module: 0.8.1 (/opt/ros/foxy/share/python_cmake_module/cmake)
[1.675s] -- Using PYTHON_EXECUTABLE: /usr/bin/python3
[1.675s] -- Using PYTHON_INCLUDE_DIRS: /usr/include/python3.8
[1.675s] -- Using PYTHON_LIBRARIES: /usr/lib/x86_64-linux-gnu/libpython3.8.so
[1.771s] -- Found ament_lint_auto: 0.9.6 (/opt/ros/foxy/share/ament_lint_auto/cmake)
[1.786s] -- Added test 'copyright' to check source files copyright and LICENSE
[1.794s] -- Added test 'lint_cmake' to check CMake code style
[1.798s] -- Added test 'xmllint' to check XML markup files
[1.802s] -- Configuring done
[1.925s] -- Generating done
[1.930s] -- Build files have been written to: /home/cthornton/data/local/college/research/arl/code/sims/airsim/ros_ws/build/hrlsim_interfaces
[1.948s] [35m[1mConsolidate compiler generated dependencies of target hrlsim_interfaces__rosidl_generator_c[0m
[1.951s] [  1%] Built target hrlsim_interfaces__cpp
[1.963s] [35m[1mConsolidate compiler generated dependencies of target hrlsim_interfaces__rosidl_typesupport_cpp[0m
[1.965s] [35m[1mConsolidate compiler generated dependencies of target hrlsim_interfaces__rosidl_typesupport_fastrtps_cpp[0m
[1.966s] [35m[1mConsolidate compiler generated dependencies of target hrlsim_interfaces__rosidl_typesupport_introspection_cpp[0m
[1.975s] [ 12%] Built target hrlsim_interfaces__rosidl_generator_c
[1.988s] [35m[1mConsolidate compiler generated dependencies of target hrlsim_interfaces__rosidl_typesupport_c[0m
[1.989s] [35m[1mConsolidate compiler generated dependencies of target hrlsim_interfaces__rosidl_typesupport_introspection_c[0m
[2.027s] [ 23%] Built target hrlsim_interfaces__rosidl_typesupport_c
[2.037s] [ 34%] Built target hrlsim_interfaces__rosidl_typesupport_introspection_c
[2.041s] [ 46%] Built target hrlsim_interfaces__rosidl_typesupport_cpp
[2.043s] [ 57%] Built target hrlsim_interfaces__rosidl_typesupport_introspection_cpp
[2.050s] [ 68%] Built target hrlsim_interfaces__rosidl_typesupport_fastrtps_cpp
[2.058s] [35m[1mConsolidate compiler generated dependencies of target hrlsim_interfaces__rosidl_typesupport_fastrtps_c[0m
[2.093s] [ 79%] Built target hrlsim_interfaces__rosidl_typesupport_fastrtps_c
[2.101s] [ 79%] Built target hrlsim_interfaces
[2.111s] [ 80%] Built target hrlsim_interfaces__py
[2.119s] [35m[1mConsolidate compiler generated dependencies of target hrlsim_interfaces__python[0m
[2.152s] [ 90%] Built target hrlsim_interfaces__python
[2.158s] [35m[1mConsolidate compiler generated dependencies of target hrlsim_interfaces__rosidl_typesupport_introspection_c__pyext[0m
[2.158s] [35m[1mConsolidate compiler generated dependencies of target hrlsim_interfaces__rosidl_typesupport_fastrtps_c__pyext[0m
[2.159s] [35m[1mConsolidate compiler generated dependencies of target hrlsim_interfaces__rosidl_typesupport_c__pyext[0m
[2.186s] [ 95%] Built target hrlsim_interfaces__rosidl_typesupport_c__pyext
[2.186s] [ 96%] Built target hrlsim_interfaces__rosidl_typesupport_introspection_c__pyext
[2.186s] [100%] Built target hrlsim_interfaces__rosidl_typesupport_fastrtps_c__pyext
