[0.303s] Invoking command in '/home/cthornton/data/local/college/research/arl/code/sims/airsim/ros_ws/src/hrlsim': CMAKE_PREFIX_PATH=/home/cthornton/data/local/college/research/arl/code/sims/airsim/ros_ws/install/hrlsim_interfaces:/home/cthornton/data/local/college/research/arl/code/sims/airsim/ros_ws/install/airsim_interfaces:/home/cthornton/Documents/vela/catkin_ws/devel:/home/cthornton/data/local/college/research/arl/code/sims/airsim/ros_ws/install/airsim_ros_pkgs LD_LIBRARY_PATH=/home/cthornton/data/local/college/research/arl/code/sims/airsim/ros_ws/install/hrlsim_interfaces/lib:/home/cthornton/data/local/college/research/arl/code/sims/airsim/ros_ws/install/airsim_interfaces/lib:/home/cthornton/Documents/vela/catkin_ws/devel/lib:/home/cthornton/data/local/college/research/arl/code/sims/airsim/ros_ws/install/airsim_ros_pkgs/lib:/opt/ros/foxy/opt/yaml_cpp_vendor/lib:/opt/ros/foxy/opt/rviz_ogre_vendor/lib:/opt/ros/foxy/lib/x86_64-linux-gnu:/opt/ros/foxy/lib PYTHONPATH=/home/cthornton/data/local/college/research/arl/code/sims/airsim/ros_ws/install/hrlsim/lib/python3.8/site-packages:/home/cthornton/data/local/college/research/arl/code/sims/airsim/ros_ws/install/hrlsim_interfaces/lib/python3.8/site-packages:/home/cthornton/data/local/college/research/arl/code/sims/airsim/ros_ws/install/airsim_interfaces/lib/python3.8/site-packages:/home/cthornton/Documents/vela/catkin_ws/devel/lib/python2.7/dist-packages:/home/cthornton/data/local/college/research/arl/code/sims/airsim/ros_ws/install/hrlsim/lib/python3.8/site-packages:/opt/ros/foxy/lib/python3.8/site-packages /usr/bin/python3 setup.py egg_info --egg-base ../../build/hrlsim build --build-base /home/cthornton/data/local/college/research/arl/code/sims/airsim/ros_ws/build/hrlsim/build install --prefix /home/cthornton/data/local/college/research/arl/code/sims/airsim/ros_ws/install/hrlsim --record /home/cthornton/data/local/college/research/arl/code/sims/airsim/ros_ws/build/hrlsim/install.log --single-version-externally-managed
[0.535s] running egg_info
[0.535s] writing ../../build/hrlsim/hrlsim.egg-info/PKG-INFO
[0.536s] writing dependency_links to ../../build/hrlsim/hrlsim.egg-info/dependency_links.txt
[0.536s] writing entry points to ../../build/hrlsim/hrlsim.egg-info/entry_points.txt
[0.536s] writing requirements to ../../build/hrlsim/hrlsim.egg-info/requires.txt
[0.536s] writing top-level names to ../../build/hrlsim/hrlsim.egg-info/top_level.txt
[0.574s] reading manifest file '../../build/hrlsim/hrlsim.egg-info/SOURCES.txt'
[0.577s] writing manifest file '../../build/hrlsim/hrlsim.egg-info/SOURCES.txt'
[0.578s] running build
[0.578s] running build_py
[0.579s] copying hrlsim/controller/lqr.py -> /home/cthornton/data/local/college/research/arl/code/sims/airsim/ros_ws/build/hrlsim/build/lib/hrlsim/controller
[0.580s] copying hrlsim/drone/drone.py -> /home/cthornton/data/local/college/research/arl/code/sims/airsim/ros_ws/build/hrlsim/build/lib/hrlsim/drone
[0.583s] running install
[0.584s] running install_lib
[0.586s] copying /home/cthornton/data/local/college/research/arl/code/sims/airsim/ros_ws/build/hrlsim/build/lib/hrlsim/controller/lqr.py -> /home/cthornton/data/local/college/research/arl/code/sims/airsim/ros_ws/install/hrlsim/lib/python3.8/site-packages/hrlsim/controller
[0.588s] copying /home/cthornton/data/local/college/research/arl/code/sims/airsim/ros_ws/build/hrlsim/build/lib/hrlsim/drone/drone.py -> /home/cthornton/data/local/college/research/arl/code/sims/airsim/ros_ws/install/hrlsim/lib/python3.8/site-packages/hrlsim/drone
[0.592s] byte-compiling /home/cthornton/data/local/college/research/arl/code/sims/airsim/ros_ws/install/hrlsim/lib/python3.8/site-packages/hrlsim/controller/lqr.py to lqr.cpython-38.pyc
[0.597s] byte-compiling /home/cthornton/data/local/college/research/arl/code/sims/airsim/ros_ws/install/hrlsim/lib/python3.8/site-packages/hrlsim/drone/drone.py to drone.cpython-38.pyc
[0.603s] running install_data
[0.603s] running install_egg_info
[0.606s] removing '/home/cthornton/data/local/college/research/arl/code/sims/airsim/ros_ws/install/hrlsim/lib/python3.8/site-packages/hrlsim-0.0.0-py3.8.egg-info' (and everything under it)
[0.607s] Copying ../../build/hrlsim/hrlsim.egg-info to /home/cthornton/data/local/college/research/arl/code/sims/airsim/ros_ws/install/hrlsim/lib/python3.8/site-packages/hrlsim-0.0.0-py3.8.egg-info
[0.610s] running install_scripts
[0.636s] writing list of installed files to '/home/cthornton/data/local/college/research/arl/code/sims/airsim/ros_ws/build/hrlsim/install.log'
[0.664s] Invoked command in '/home/cthornton/data/local/college/research/arl/code/sims/airsim/ros_ws/src/hrlsim' returned '0': CMAKE_PREFIX_PATH=/home/cthornton/data/local/college/research/arl/code/sims/airsim/ros_ws/install/hrlsim_interfaces:/home/cthornton/data/local/college/research/arl/code/sims/airsim/ros_ws/install/airsim_interfaces:/home/cthornton/Documents/vela/catkin_ws/devel:/home/cthornton/data/local/college/research/arl/code/sims/airsim/ros_ws/install/airsim_ros_pkgs LD_LIBRARY_PATH=/home/cthornton/data/local/college/research/arl/code/sims/airsim/ros_ws/install/hrlsim_interfaces/lib:/home/cthornton/data/local/college/research/arl/code/sims/airsim/ros_ws/install/airsim_interfaces/lib:/home/cthornton/Documents/vela/catkin_ws/devel/lib:/home/cthornton/data/local/college/research/arl/code/sims/airsim/ros_ws/install/airsim_ros_pkgs/lib:/opt/ros/foxy/opt/yaml_cpp_vendor/lib:/opt/ros/foxy/opt/rviz_ogre_vendor/lib:/opt/ros/foxy/lib/x86_64-linux-gnu:/opt/ros/foxy/lib PYTHONPATH=/home/cthornton/data/local/college/research/arl/code/sims/airsim/ros_ws/install/hrlsim/lib/python3.8/site-packages:/home/cthornton/data/local/college/research/arl/code/sims/airsim/ros_ws/install/hrlsim_interfaces/lib/python3.8/site-packages:/home/cthornton/data/local/college/research/arl/code/sims/airsim/ros_ws/install/airsim_interfaces/lib/python3.8/site-packages:/home/cthornton/Documents/vela/catkin_ws/devel/lib/python2.7/dist-packages:/home/cthornton/data/local/college/research/arl/code/sims/airsim/ros_ws/install/hrlsim/lib/python3.8/site-packages:/opt/ros/foxy/lib/python3.8/site-packages /usr/bin/python3 setup.py egg_info --egg-base ../../build/hrlsim build --build-base /home/cthornton/data/local/college/research/arl/code/sims/airsim/ros_ws/build/hrlsim/build install --prefix /home/cthornton/data/local/college/research/arl/code/sims/airsim/ros_ws/install/hrlsim --record /home/cthornton/data/local/college/research/arl/code/sims/airsim/ros_ws/build/hrlsim/install.log --single-version-externally-managed
