[0.404s] DEBUG:colcon:Command line arguments: ['/usr/bin/colcon', 'build', '--cmake-args', '-DCMAKE_C_COMPILER=gcc-8', '--cmake-args', '-DCMAKE_CXX_COMPILER=g++-8', '--cmake-args', '-DCMAKE_BUILD_TYPE=Debug']
[0.404s] DEBUG:colcon:Parsed command line arguments: Namespace(ament_cmake_args=None, base_paths=['.'], build_base='build', catkin_cmake_args=None, catkin_skip_building_tests=False, cmake_args=['-DCMAKE_BUILD_TYPE=Debug'], cmake_clean_cache=False, cmake_clean_first=False, cmake_force_configure=False, cmake_target=None, cmake_target_skip_unavailable=False, continue_on_error=False, event_handlers=None, executor='parallel', ignore_user_meta=False, install_base='install', log_base=None, log_level=None, main=<bound method BuildVerb.main of <colcon_core.verb.build.BuildVerb object at 0x7fd985330d00>>, merge_install=False, metas=['./colcon.meta'], packages_above=None, packages_above_and_dependencies=None, packages_above_depth=None, packages_end=None, packages_ignore=None, packages_ignore_regex=None, packages_select=None, packages_select_build_failed=False, packages_select_by_dep=None, packages_select_regex=None, packages_select_test_failures=False, packages_skip=None, packages_skip_build_finished=False, packages_skip_by_dep=None, packages_skip_regex=None, packages_skip_test_passed=False, packages_skip_up_to=None, packages_start=None, packages_up_to=None, packages_up_to_regex=None, parallel_workers=12, paths=None, symlink_install=False, test_result_base=None, verb_extension=<colcon_core.verb.build.BuildVerb object at 0x7fd985330d00>, verb_name='build', verb_parser=<colcon_defaults.argument_parser.defaults.DefaultArgumentsDecorator object at 0x7fd9853382b0>)
[0.414s] Level 1:colcon.colcon_core.package_discovery:discover_packages(colcon_meta) check parameters
[0.415s] Level 1:colcon.colcon_core.package_discovery:discover_packages(recursive) check parameters
[0.415s] Level 1:colcon.colcon_core.package_discovery:discover_packages(ignore) check parameters
[0.415s] Level 1:colcon.colcon_core.package_discovery:discover_packages(path) check parameters
[0.415s] Level 1:colcon.colcon_core.package_discovery:discover_packages(colcon_meta) discover
[0.415s] Level 1:colcon.colcon_core.package_discovery:discover_packages(recursive) discover
[0.415s] INFO:colcon.colcon_core.package_discovery:Crawling recursively for packages in '/home/cthornton/data/local/college/research/arl/code/sims/airsim/ros_ws/src'
[0.416s] Level 1:colcon.colcon_core.package_identification:_identify(.) by extensions ['ignore', 'ignore_ament_install']
[0.416s] Level 1:colcon.colcon_core.package_identification:_identify(.) by extension 'ignore'
[0.416s] Level 1:colcon.colcon_core.package_identification:_identify(.) by extension 'ignore_ament_install'
[0.416s] Level 1:colcon.colcon_core.package_identification:_identify(.) by extensions ['colcon_pkg']
[0.416s] Level 1:colcon.colcon_core.package_identification:_identify(.) by extension 'colcon_pkg'
[0.417s] Level 1:colcon.colcon_core.package_identification:_identify(.) by extensions ['colcon_meta']
[0.417s] Level 1:colcon.colcon_core.package_identification:_identify(.) by extension 'colcon_meta'
[0.417s] Level 1:colcon.colcon_core.package_identification:_identify(.) by extensions ['ros']
[0.417s] Level 1:colcon.colcon_core.package_identification:_identify(.) by extension 'ros'
[0.432s] Level 1:colcon.colcon_core.package_identification:_identify(.) by extensions ['cmake', 'python']
[0.432s] Level 1:colcon.colcon_core.package_identification:_identify(.) by extension 'cmake'
[0.432s] Level 1:colcon.colcon_core.package_identification:_identify(.) by extension 'python'
[0.432s] Level 1:colcon.colcon_core.package_identification:_identify(.) by extensions ['python_setup_py']
[0.432s] Level 1:colcon.colcon_core.package_identification:_identify(.) by extension 'python_setup_py'
[0.432s] Level 1:colcon.colcon_core.package_identification:_identify(airsim_interfaces) by extensions ['ignore', 'ignore_ament_install']
[0.433s] Level 1:colcon.colcon_core.package_identification:_identify(airsim_interfaces) by extension 'ignore'
[0.433s] Level 1:colcon.colcon_core.package_identification:_identify(airsim_interfaces) by extension 'ignore_ament_install'
[0.433s] Level 1:colcon.colcon_core.package_identification:_identify(airsim_interfaces) by extensions ['colcon_pkg']
[0.433s] Level 1:colcon.colcon_core.package_identification:_identify(airsim_interfaces) by extension 'colcon_pkg'
[0.433s] Level 1:colcon.colcon_core.package_identification:_identify(airsim_interfaces) by extensions ['colcon_meta']
[0.433s] Level 1:colcon.colcon_core.package_identification:_identify(airsim_interfaces) by extension 'colcon_meta'
[0.433s] Level 1:colcon.colcon_core.package_identification:_identify(airsim_interfaces) by extensions ['ros']
[0.434s] Level 1:colcon.colcon_core.package_identification:_identify(airsim_interfaces) by extension 'ros'
[0.437s] DEBUG:colcon.colcon_core.package_identification:Package 'airsim_interfaces' with type 'ros.ament_cmake' and name 'airsim_interfaces'
[0.437s] Level 1:colcon.colcon_core.package_identification:_identify(airsim_ros_pkgs) by extensions ['ignore', 'ignore_ament_install']
[0.438s] Level 1:colcon.colcon_core.package_identification:_identify(airsim_ros_pkgs) by extension 'ignore'
[0.438s] Level 1:colcon.colcon_core.package_identification:_identify(airsim_ros_pkgs) by extension 'ignore_ament_install'
[0.438s] Level 1:colcon.colcon_core.package_identification:_identify(airsim_ros_pkgs) by extensions ['colcon_pkg']
[0.438s] Level 1:colcon.colcon_core.package_identification:_identify(airsim_ros_pkgs) by extension 'colcon_pkg'
[0.438s] Level 1:colcon.colcon_core.package_identification:_identify(airsim_ros_pkgs) by extensions ['colcon_meta']
[0.438s] Level 1:colcon.colcon_core.package_identification:_identify(airsim_ros_pkgs) by extension 'colcon_meta'
[0.439s] Level 1:colcon.colcon_core.package_identification:_identify(airsim_ros_pkgs) by extensions ['ros']
[0.439s] Level 1:colcon.colcon_core.package_identification:_identify(airsim_ros_pkgs) by extension 'ros'
[0.440s] DEBUG:colcon.colcon_core.package_identification:Package 'airsim_ros_pkgs' with type 'ros.ament_cmake' and name 'airsim_ros_pkgs'
[0.440s] Level 1:colcon.colcon_core.package_identification:_identify(build) by extensions ['ignore', 'ignore_ament_install']
[0.440s] Level 1:colcon.colcon_core.package_identification:_identify(build) by extension 'ignore'
[0.441s] Level 1:colcon.colcon_core.package_identification:_identify(build) ignored
[0.441s] Level 1:colcon.colcon_core.package_identification:_identify(hrlsim) by extensions ['ignore', 'ignore_ament_install']
[0.441s] Level 1:colcon.colcon_core.package_identification:_identify(hrlsim) by extension 'ignore'
[0.441s] Level 1:colcon.colcon_core.package_identification:_identify(hrlsim) by extension 'ignore_ament_install'
[0.441s] Level 1:colcon.colcon_core.package_identification:_identify(hrlsim) by extensions ['colcon_pkg']
[0.441s] Level 1:colcon.colcon_core.package_identification:_identify(hrlsim) by extension 'colcon_pkg'
[0.441s] Level 1:colcon.colcon_core.package_identification:_identify(hrlsim) by extensions ['colcon_meta']
[0.441s] Level 1:colcon.colcon_core.package_identification:_identify(hrlsim) by extension 'colcon_meta'
[0.442s] Level 1:colcon.colcon_core.package_identification:_identify(hrlsim) by extensions ['ros']
[0.442s] Level 1:colcon.colcon_core.package_identification:_identify(hrlsim) by extension 'ros'
[0.443s] DEBUG:colcon.colcon_core.package_identification:Package 'hrlsim' with type 'ros.ament_python' and name 'hrlsim'
[0.443s] Level 1:colcon.colcon_core.package_identification:_identify(hrlsim_interfaces) by extensions ['ignore', 'ignore_ament_install']
[0.443s] Level 1:colcon.colcon_core.package_identification:_identify(hrlsim_interfaces) by extension 'ignore'
[0.443s] Level 1:colcon.colcon_core.package_identification:_identify(hrlsim_interfaces) by extension 'ignore_ament_install'
[0.444s] Level 1:colcon.colcon_core.package_identification:_identify(hrlsim_interfaces) by extensions ['colcon_pkg']
[0.444s] Level 1:colcon.colcon_core.package_identification:_identify(hrlsim_interfaces) by extension 'colcon_pkg'
[0.444s] Level 1:colcon.colcon_core.package_identification:_identify(hrlsim_interfaces) by extensions ['colcon_meta']
[0.444s] Level 1:colcon.colcon_core.package_identification:_identify(hrlsim_interfaces) by extension 'colcon_meta'
[0.444s] Level 1:colcon.colcon_core.package_identification:_identify(hrlsim_interfaces) by extensions ['ros']
[0.444s] Level 1:colcon.colcon_core.package_identification:_identify(hrlsim_interfaces) by extension 'ros'
[0.445s] DEBUG:colcon.colcon_core.package_identification:Package 'hrlsim_interfaces' with type 'ros.ament_cmake' and name 'hrlsim_interfaces'
[0.446s] Level 1:colcon.colcon_core.package_identification:_identify(install) by extensions ['ignore', 'ignore_ament_install']
[0.446s] Level 1:colcon.colcon_core.package_identification:_identify(install) by extension 'ignore'
[0.446s] Level 1:colcon.colcon_core.package_identification:_identify(install) ignored
[0.446s] Level 1:colcon.colcon_core.package_identification:_identify(log) by extensions ['ignore', 'ignore_ament_install']
[0.447s] Level 1:colcon.colcon_core.package_identification:_identify(log) by extension 'ignore'
[0.447s] Level 1:colcon.colcon_core.package_identification:_identify(log) ignored
[0.447s] Level 1:colcon.colcon_core.package_discovery:discover_packages(recursive) using defaults
[0.447s] Level 1:colcon.colcon_core.package_discovery:discover_packages(ignore) discover
[0.447s] Level 1:colcon.colcon_core.package_discovery:discover_packages(ignore) using defaults
[0.447s] Level 1:colcon.colcon_core.package_discovery:discover_packages(path) discover
[0.447s] Level 1:colcon.colcon_core.package_discovery:discover_packages(path) using defaults
[0.470s] Level 5:colcon.colcon_core.verb:set package 'airsim_interfaces' build argument 'cmake_args' from command line to '['-DCMAKE_BUILD_TYPE=Debug']'
[0.470s] Level 5:colcon.colcon_core.verb:set package 'airsim_interfaces' build argument 'cmake_target' from command line to 'None'
[0.470s] Level 5:colcon.colcon_core.verb:set package 'airsim_interfaces' build argument 'cmake_target_skip_unavailable' from command line to 'False'
[0.470s] Level 5:colcon.colcon_core.verb:set package 'airsim_interfaces' build argument 'cmake_clean_cache' from command line to 'False'
[0.470s] Level 5:colcon.colcon_core.verb:set package 'airsim_interfaces' build argument 'cmake_clean_first' from command line to 'False'
[0.471s] Level 5:colcon.colcon_core.verb:set package 'airsim_interfaces' build argument 'cmake_force_configure' from command line to 'False'
[0.471s] Level 5:colcon.colcon_core.verb:set package 'airsim_interfaces' build argument 'ament_cmake_args' from command line to 'None'
[0.471s] Level 5:colcon.colcon_core.verb:set package 'airsim_interfaces' build argument 'catkin_cmake_args' from command line to 'None'
[0.471s] Level 5:colcon.colcon_core.verb:set package 'airsim_interfaces' build argument 'catkin_skip_building_tests' from command line to 'False'
[0.471s] DEBUG:colcon.colcon_core.verb:Building package 'airsim_interfaces' with the following arguments: {'ament_cmake_args': None, 'build_base': '/home/cthornton/data/local/college/research/arl/code/sims/airsim/ros_ws/src/build/airsim_interfaces', 'catkin_cmake_args': None, 'catkin_skip_building_tests': False, 'cmake_args': ['-DCMAKE_BUILD_TYPE=Debug'], 'cmake_clean_cache': False, 'cmake_clean_first': False, 'cmake_force_configure': False, 'cmake_target': None, 'cmake_target_skip_unavailable': False, 'install_base': '/home/cthornton/data/local/college/research/arl/code/sims/airsim/ros_ws/src/install/airsim_interfaces', 'merge_install': False, 'path': '/home/cthornton/data/local/college/research/arl/code/sims/airsim/ros_ws/src/airsim_interfaces', 'symlink_install': False, 'test_result_base': None}
[0.474s] Level 5:colcon.colcon_core.verb:set package 'airsim_ros_pkgs' build argument 'cmake_args' from command line to '['-DCMAKE_BUILD_TYPE=Debug']'
[0.474s] Level 5:colcon.colcon_core.verb:set package 'airsim_ros_pkgs' build argument 'cmake_target' from command line to 'None'
[0.474s] Level 5:colcon.colcon_core.verb:set package 'airsim_ros_pkgs' build argument 'cmake_target_skip_unavailable' from command line to 'False'
[0.474s] Level 5:colcon.colcon_core.verb:set package 'airsim_ros_pkgs' build argument 'cmake_clean_cache' from command line to 'False'
[0.474s] Level 5:colcon.colcon_core.verb:set package 'airsim_ros_pkgs' build argument 'cmake_clean_first' from command line to 'False'
[0.474s] Level 5:colcon.colcon_core.verb:set package 'airsim_ros_pkgs' build argument 'cmake_force_configure' from command line to 'False'
[0.474s] Level 5:colcon.colcon_core.verb:set package 'airsim_ros_pkgs' build argument 'ament_cmake_args' from command line to 'None'
[0.474s] Level 5:colcon.colcon_core.verb:set package 'airsim_ros_pkgs' build argument 'catkin_cmake_args' from command line to 'None'
[0.474s] Level 5:colcon.colcon_core.verb:set package 'airsim_ros_pkgs' build argument 'catkin_skip_building_tests' from command line to 'False'
[0.474s] DEBUG:colcon.colcon_core.verb:Building package 'airsim_ros_pkgs' with the following arguments: {'ament_cmake_args': None, 'build_base': '/home/cthornton/data/local/college/research/arl/code/sims/airsim/ros_ws/src/build/airsim_ros_pkgs', 'catkin_cmake_args': None, 'catkin_skip_building_tests': False, 'cmake_args': ['-DCMAKE_BUILD_TYPE=Debug'], 'cmake_clean_cache': False, 'cmake_clean_first': False, 'cmake_force_configure': False, 'cmake_target': None, 'cmake_target_skip_unavailable': False, 'install_base': '/home/cthornton/data/local/college/research/arl/code/sims/airsim/ros_ws/src/install/airsim_ros_pkgs', 'merge_install': False, 'path': '/home/cthornton/data/local/college/research/arl/code/sims/airsim/ros_ws/src/airsim_ros_pkgs', 'symlink_install': False, 'test_result_base': None}
[0.477s] Level 5:colcon.colcon_core.verb:set package 'hrlsim_interfaces' build argument 'cmake_args' from command line to '['-DCMAKE_BUILD_TYPE=Debug']'
[0.477s] Level 5:colcon.colcon_core.verb:set package 'hrlsim_interfaces' build argument 'cmake_target' from command line to 'None'
[0.477s] Level 5:colcon.colcon_core.verb:set package 'hrlsim_interfaces' build argument 'cmake_target_skip_unavailable' from command line to 'False'
[0.478s] Level 5:colcon.colcon_core.verb:set package 'hrlsim_interfaces' build argument 'cmake_clean_cache' from command line to 'False'
[0.478s] Level 5:colcon.colcon_core.verb:set package 'hrlsim_interfaces' build argument 'cmake_clean_first' from command line to 'False'
[0.478s] Level 5:colcon.colcon_core.verb:set package 'hrlsim_interfaces' build argument 'cmake_force_configure' from command line to 'False'
[0.478s] Level 5:colcon.colcon_core.verb:set package 'hrlsim_interfaces' build argument 'ament_cmake_args' from command line to 'None'
[0.478s] Level 5:colcon.colcon_core.verb:set package 'hrlsim_interfaces' build argument 'catkin_cmake_args' from command line to 'None'
[0.478s] Level 5:colcon.colcon_core.verb:set package 'hrlsim_interfaces' build argument 'catkin_skip_building_tests' from command line to 'False'
[0.478s] DEBUG:colcon.colcon_core.verb:Building package 'hrlsim_interfaces' with the following arguments: {'ament_cmake_args': None, 'build_base': '/home/cthornton/data/local/college/research/arl/code/sims/airsim/ros_ws/src/build/hrlsim_interfaces', 'catkin_cmake_args': None, 'catkin_skip_building_tests': False, 'cmake_args': ['-DCMAKE_BUILD_TYPE=Debug'], 'cmake_clean_cache': False, 'cmake_clean_first': False, 'cmake_force_configure': False, 'cmake_target': None, 'cmake_target_skip_unavailable': False, 'install_base': '/home/cthornton/data/local/college/research/arl/code/sims/airsim/ros_ws/src/install/hrlsim_interfaces', 'merge_install': False, 'path': '/home/cthornton/data/local/college/research/arl/code/sims/airsim/ros_ws/src/hrlsim_interfaces', 'symlink_install': False, 'test_result_base': None}
[0.481s] Level 5:colcon.colcon_core.verb:set package 'hrlsim' build argument 'cmake_args' from command line to '['-DCMAKE_BUILD_TYPE=Debug']'
[0.481s] Level 5:colcon.colcon_core.verb:set package 'hrlsim' build argument 'cmake_target' from command line to 'None'
[0.481s] Level 5:colcon.colcon_core.verb:set package 'hrlsim' build argument 'cmake_target_skip_unavailable' from command line to 'False'
[0.481s] Level 5:colcon.colcon_core.verb:set package 'hrlsim' build argument 'cmake_clean_cache' from command line to 'False'
[0.481s] Level 5:colcon.colcon_core.verb:set package 'hrlsim' build argument 'cmake_clean_first' from command line to 'False'
[0.481s] Level 5:colcon.colcon_core.verb:set package 'hrlsim' build argument 'cmake_force_configure' from command line to 'False'
[0.481s] Level 5:colcon.colcon_core.verb:set package 'hrlsim' build argument 'ament_cmake_args' from command line to 'None'
[0.482s] Level 5:colcon.colcon_core.verb:set package 'hrlsim' build argument 'catkin_cmake_args' from command line to 'None'
[0.482s] Level 5:colcon.colcon_core.verb:set package 'hrlsim' build argument 'catkin_skip_building_tests' from command line to 'False'
[0.482s] DEBUG:colcon.colcon_core.verb:Building package 'hrlsim' with the following arguments: {'ament_cmake_args': None, 'build_base': '/home/cthornton/data/local/college/research/arl/code/sims/airsim/ros_ws/src/build/hrlsim', 'catkin_cmake_args': None, 'catkin_skip_building_tests': False, 'cmake_args': ['-DCMAKE_BUILD_TYPE=Debug'], 'cmake_clean_cache': False, 'cmake_clean_first': False, 'cmake_force_configure': False, 'cmake_target': None, 'cmake_target_skip_unavailable': False, 'install_base': '/home/cthornton/data/local/college/research/arl/code/sims/airsim/ros_ws/src/install/hrlsim', 'merge_install': False, 'path': '/home/cthornton/data/local/college/research/arl/code/sims/airsim/ros_ws/src/hrlsim', 'symlink_install': False, 'test_result_base': None}
[0.482s] INFO:colcon.colcon_core.executor:Executing jobs using 'parallel' executor
[0.484s] DEBUG:colcon.colcon_parallel_executor.executor.parallel:run_until_complete
[0.485s] INFO:colcon.colcon_ros.task.ament_cmake.build:Building ROS package in '/home/cthornton/data/local/college/research/arl/code/sims/airsim/ros_ws/src/airsim_interfaces' with build type 'ament_cmake'
[0.485s] INFO:colcon.colcon_cmake.task.cmake.build:Building CMake package in '/home/cthornton/data/local/college/research/arl/code/sims/airsim/ros_ws/src/airsim_interfaces'
[0.495s] INFO:colcon.colcon_core.plugin_system:Skipping extension 'colcon_core.shell.bat': Not used on non-Windows systems
[0.495s] INFO:colcon.colcon_core.shell:Skip shell extension 'powershell' for command environment: Not usable outside of PowerShell
[0.495s] DEBUG:colcon.colcon_core.shell:Skip shell extension 'dsv' for command environment
[0.505s] DEBUG:colcon.colcon_core.shell:Ignoring prefix path '/opt/ros/foxy'
[0.505s] DEBUG:colcon.colcon_core.shell:Ignoring prefix path '/home/cthornton/Documents/vela/catkin_ws/devel'
[0.528s] DEBUG:colcon.colcon_core.event_handler.log_command:Invoking command in '/home/cthornton/data/local/college/research/arl/code/sims/airsim/ros_ws/src/build/airsim_interfaces': CMAKE_PREFIX_PATH=/home/cthornton/data/local/college/research/arl/code/sims/airsim/ros_ws/install/hrlsim:/opt/ros/foxy:${CMAKE_PREFIX_PATH} /home/cthornton/.local/bin/cmake /home/cthornton/data/local/college/research/arl/code/sims/airsim/ros_ws/src/airsim_interfaces -DCMAKE_BUILD_TYPE=Debug -DCMAKE_INSTALL_PREFIX=/home/cthornton/data/local/college/research/arl/code/sims/airsim/ros_ws/src/install/airsim_interfaces
[1.590s] DEBUG:colcon.colcon_parallel_executor.executor.parallel:run_until_complete was interrupted
[1.590s] DEBUG:colcon.colcon_parallel_executor.executor.parallel:run_until_complete again
[1.599s] Level 1:colcon.colcon_core.environment:create_environment_scripts_only(airsim_interfaces)
[1.601s] DEBUG:colcon.colcon_core.event_handler.log_command:Invoked command in '/home/cthornton/data/local/college/research/arl/code/sims/airsim/ros_ws/src/build/airsim_interfaces' returned '-2': CMAKE_PREFIX_PATH=/home/cthornton/data/local/college/research/arl/code/sims/airsim/ros_ws/install/hrlsim:/opt/ros/foxy:${CMAKE_PREFIX_PATH} /home/cthornton/.local/bin/cmake /home/cthornton/data/local/college/research/arl/code/sims/airsim/ros_ws/src/airsim_interfaces -DCMAKE_BUILD_TYPE=Debug -DCMAKE_INSTALL_PREFIX=/home/cthornton/data/local/college/research/arl/code/sims/airsim/ros_ws/src/install/airsim_interfaces
[1.610s] Level 1:colcon.colcon_core.environment:checking '/home/cthornton/data/local/college/research/arl/code/sims/airsim/ros_ws/src/install/airsim_interfaces' for CMake module files
[1.613s] Level 1:colcon.colcon_core.environment:checking '/home/cthornton/data/local/college/research/arl/code/sims/airsim/ros_ws/src/install/airsim_interfaces' for CMake config files
[1.614s] Level 1:colcon.colcon_core.environment:checking '/home/cthornton/data/local/college/research/arl/code/sims/airsim/ros_ws/src/install/airsim_interfaces/bin'
[1.614s] Level 1:colcon.colcon_core.environment:checking '/home/cthornton/data/local/college/research/arl/code/sims/airsim/ros_ws/src/install/airsim_interfaces/lib/pkgconfig/airsim_interfaces.pc'
[1.614s] Level 1:colcon.colcon_core.environment:checking '/home/cthornton/data/local/college/research/arl/code/sims/airsim/ros_ws/src/install/airsim_interfaces/lib/python3.8/site-packages'
[1.615s] INFO:colcon.colcon_core.shell:Creating package script '/home/cthornton/data/local/college/research/arl/code/sims/airsim/ros_ws/src/install/airsim_interfaces/share/airsim_interfaces/package.ps1'
[1.618s] INFO:colcon.colcon_core.shell:Creating package descriptor '/home/cthornton/data/local/college/research/arl/code/sims/airsim/ros_ws/src/install/airsim_interfaces/share/airsim_interfaces/package.dsv'
[1.619s] INFO:colcon.colcon_core.shell:Creating package script '/home/cthornton/data/local/college/research/arl/code/sims/airsim/ros_ws/src/install/airsim_interfaces/share/airsim_interfaces/package.sh'
[1.620s] INFO:colcon.colcon_core.shell:Creating package script '/home/cthornton/data/local/college/research/arl/code/sims/airsim/ros_ws/src/install/airsim_interfaces/share/airsim_interfaces/package.bash'
[1.622s] INFO:colcon.colcon_core.shell:Creating package script '/home/cthornton/data/local/college/research/arl/code/sims/airsim/ros_ws/src/install/airsim_interfaces/share/airsim_interfaces/package.zsh'
[1.624s] Level 1:colcon.colcon_core.environment:create_file_with_runtime_dependencies(/home/cthornton/data/local/college/research/arl/code/sims/airsim/ros_ws/src/install/airsim_interfaces/share/colcon-core/packages/airsim_interfaces)
[1.635s] DEBUG:colcon.colcon_parallel_executor.executor.parallel:run_until_complete finished
[1.636s] DEBUG:colcon.colcon_parallel_executor.executor.parallel:closing loop
[1.636s] DEBUG:colcon.colcon_parallel_executor.executor.parallel:loop closed
[1.636s] DEBUG:colcon.colcon_core.event_reactor:joining thread
[1.647s] INFO:colcon.colcon_core.plugin_system:Skipping extension 'colcon_notification.desktop_notification.terminal_notifier': Not used on non-Darwin systems
[1.648s] INFO:colcon.colcon_core.plugin_system:Skipping extension 'colcon_notification.desktop_notification.win32': Not used on non-Windows systems
[1.648s] INFO:colcon.colcon_notification.desktop_notification:Sending desktop notification using 'notify2'
[1.676s] DEBUG:colcon.colcon_core.event_reactor:joined thread
[1.677s] INFO:colcon.colcon_core.shell:Creating prefix script '/home/cthornton/data/local/college/research/arl/code/sims/airsim/ros_ws/src/install/local_setup.ps1'
[1.680s] INFO:colcon.colcon_core.shell:Creating prefix util module '/home/cthornton/data/local/college/research/arl/code/sims/airsim/ros_ws/src/install/_local_setup_util_ps1.py'
[1.682s] INFO:colcon.colcon_core.shell:Creating prefix chain script '/home/cthornton/data/local/college/research/arl/code/sims/airsim/ros_ws/src/install/setup.ps1'
[1.688s] INFO:colcon.colcon_core.shell:Creating prefix script '/home/cthornton/data/local/college/research/arl/code/sims/airsim/ros_ws/src/install/local_setup.sh'
[1.689s] INFO:colcon.colcon_core.shell:Creating prefix util module '/home/cthornton/data/local/college/research/arl/code/sims/airsim/ros_ws/src/install/_local_setup_util_sh.py'
[1.690s] INFO:colcon.colcon_core.shell:Creating prefix chain script '/home/cthornton/data/local/college/research/arl/code/sims/airsim/ros_ws/src/install/setup.sh'
[1.695s] INFO:colcon.colcon_core.shell:Creating prefix script '/home/cthornton/data/local/college/research/arl/code/sims/airsim/ros_ws/src/install/local_setup.bash'
[1.697s] INFO:colcon.colcon_core.shell:Creating prefix chain script '/home/cthornton/data/local/college/research/arl/code/sims/airsim/ros_ws/src/install/setup.bash'
[1.701s] INFO:colcon.colcon_core.shell:Creating prefix script '/home/cthornton/data/local/college/research/arl/code/sims/airsim/ros_ws/src/install/local_setup.zsh'
[1.702s] INFO:colcon.colcon_core.shell:Creating prefix chain script '/home/cthornton/data/local/college/research/arl/code/sims/airsim/ros_ws/src/install/setup.zsh'
