[0.214s] Invoking command in '/home/cthornton/data/local/college/research/arl/code/sims/airsim/ros_ws/src/hrlsim': CMAKE_PREFIX_PATH=/home/cthornton/data/local/college/research/arl/code/sims/airsim/ros_ws/install/hrlsim_interfaces:/home/cthornton/data/local/college/research/arl/code/sims/airsim/ros_ws/install/airsim_interfaces:/home/cthornton/Documents/vela/catkin_ws/devel:/home/cthornton/data/local/college/research/arl/code/sims/airsim/ros_ws/install/airsim_ros_pkgs LD_LIBRARY_PATH=/home/cthornton/data/local/college/research/arl/code/sims/airsim/ros_ws/install/hrlsim_interfaces/lib:/home/cthornton/data/local/college/research/arl/code/sims/airsim/ros_ws/install/airsim_interfaces/lib:/home/cthornton/Documents/vela/catkin_ws/devel/lib:/home/cthornton/data/local/college/research/arl/code/sims/airsim/ros_ws/install/airsim_ros_pkgs/lib:/opt/ros/foxy/opt/yaml_cpp_vendor/lib:/opt/ros/foxy/opt/rviz_ogre_vendor/lib:/opt/ros/foxy/lib/x86_64-linux-gnu:/opt/ros/foxy/lib PYTHONPATH=/home/cthornton/data/local/college/research/arl/code/sims/airsim/ros_ws/install/hrlsim/lib/python3.8/site-packages:/home/cthornton/data/local/college/research/arl/code/sims/airsim/ros_ws/install/hrlsim_interfaces/lib/python3.8/site-packages:/home/cthornton/data/local/college/research/arl/code/sims/airsim/ros_ws/install/airsim_interfaces/lib/python3.8/site-packages:/home/cthornton/Documents/vela/catkin_ws/devel/lib/python2.7/dist-packages:/home/cthornton/data/local/college/research/arl/code/sims/airsim/ros_ws/install/hrlsim/lib/python3.8/site-packages:/opt/ros/foxy/lib/python3.8/site-packages /usr/bin/python3 setup.py egg_info --egg-base ../../build/hrlsim build --build-base /home/cthornton/data/local/college/research/arl/code/sims/airsim/ros_ws/build/hrlsim/build install --prefix /home/cthornton/data/local/college/research/arl/code/sims/airsim/ros_ws/install/hrlsim --record /home/cthornton/data/local/college/research/arl/code/sims/airsim/ros_ws/build/hrlsim/install.log --single-version-externally-managed
[0.401s] running egg_info
[0.410s] writing ../../build/hrlsim/hrlsim.egg-info/PKG-INFO
[0.410s] writing dependency_links to ../../build/hrlsim/hrlsim.egg-info/dependency_links.txt
[0.410s] writing entry points to ../../build/hrlsim/hrlsim.egg-info/entry_points.txt
[0.411s] writing requirements to ../../build/hrlsim/hrlsim.egg-info/requires.txt
[0.411s] writing top-level names to ../../build/hrlsim/hrlsim.egg-info/top_level.txt
[0.444s] reading manifest file '../../build/hrlsim/hrlsim.egg-info/SOURCES.txt'
[0.445s] writing manifest file '../../build/hrlsim/hrlsim.egg-info/SOURCES.txt'
[0.446s] running build
[0.446s] running build_py
[0.446s] copying hrlsim/target.py -> /home/cthornton/data/local/college/research/arl/code/sims/airsim/ros_ws/build/hrlsim/build/lib/hrlsim
[0.446s] copying hrlsim/team.py -> /home/cthornton/data/local/college/research/arl/code/sims/airsim/ros_ws/build/hrlsim/build/lib/hrlsim
[0.447s] copying hrlsim/__init__.py -> /home/cthornton/data/local/college/research/arl/code/sims/airsim/ros_ws/build/hrlsim/build/lib/hrlsim
[0.447s] copying hrlsim/airsim/client.py -> /home/cthornton/data/local/college/research/arl/code/sims/airsim/ros_ws/build/hrlsim/build/lib/hrlsim/airsim
[0.448s] copying hrlsim/airsim/pfm.py -> /home/cthornton/data/local/college/research/arl/code/sims/airsim/ros_ws/build/hrlsim/build/lib/hrlsim/airsim
[0.448s] copying hrlsim/airsim/types.py -> /home/cthornton/data/local/college/research/arl/code/sims/airsim/ros_ws/build/hrlsim/build/lib/hrlsim/airsim
[0.448s] copying hrlsim/airsim/utils.py -> /home/cthornton/data/local/college/research/arl/code/sims/airsim/ros_ws/build/hrlsim/build/lib/hrlsim/airsim
[0.449s] copying hrlsim/airsim/__init__.py -> /home/cthornton/data/local/college/research/arl/code/sims/airsim/ros_ws/build/hrlsim/build/lib/hrlsim/airsim
[0.449s] copying hrlsim/controller/controller.py -> /home/cthornton/data/local/college/research/arl/code/sims/airsim/ros_ws/build/hrlsim/build/lib/hrlsim/controller
[0.449s] copying hrlsim/controller/lqr.py -> /home/cthornton/data/local/college/research/arl/code/sims/airsim/ros_ws/build/hrlsim/build/lib/hrlsim/controller
[0.450s] copying hrlsim/controller/__init__.py -> /home/cthornton/data/local/college/research/arl/code/sims/airsim/ros_ws/build/hrlsim/build/lib/hrlsim/controller
[0.450s] copying hrlsim/drone/agent.py -> /home/cthornton/data/local/college/research/arl/code/sims/airsim/ros_ws/build/hrlsim/build/lib/hrlsim/drone
[0.450s] copying hrlsim/drone/camera.py -> /home/cthornton/data/local/college/research/arl/code/sims/airsim/ros_ws/build/hrlsim/build/lib/hrlsim/drone
[0.451s] copying hrlsim/drone/drone.py -> /home/cthornton/data/local/college/research/arl/code/sims/airsim/ros_ws/build/hrlsim/build/lib/hrlsim/drone
[0.451s] copying hrlsim/drone/__init__.py -> /home/cthornton/data/local/college/research/arl/code/sims/airsim/ros_ws/build/hrlsim/build/lib/hrlsim/drone
[0.451s] copying hrlsim/opt/optimization.py -> /home/cthornton/data/local/college/research/arl/code/sims/airsim/ros_ws/build/hrlsim/build/lib/hrlsim/opt
[0.452s] copying hrlsim/opt/zoo.py -> /home/cthornton/data/local/college/research/arl/code/sims/airsim/ros_ws/build/hrlsim/build/lib/hrlsim/opt
[0.452s] copying hrlsim/opt/__init__.py -> /home/cthornton/data/local/college/research/arl/code/sims/airsim/ros_ws/build/hrlsim/build/lib/hrlsim/opt
[0.452s] copying hrlsim/traj/minimum_snap.py -> /home/cthornton/data/local/college/research/arl/code/sims/airsim/ros_ws/build/hrlsim/build/lib/hrlsim/traj
[0.453s] copying hrlsim/traj/trajectory.py -> /home/cthornton/data/local/college/research/arl/code/sims/airsim/ros_ws/build/hrlsim/build/lib/hrlsim/traj
[0.453s] copying hrlsim/traj/__init__.py -> /home/cthornton/data/local/college/research/arl/code/sims/airsim/ros_ws/build/hrlsim/build/lib/hrlsim/traj
[0.454s] copying hrlsim/utility/plotter.py -> /home/cthornton/data/local/college/research/arl/code/sims/airsim/ros_ws/build/hrlsim/build/lib/hrlsim/utility
[0.454s] copying hrlsim/utility/utility.py -> /home/cthornton/data/local/college/research/arl/code/sims/airsim/ros_ws/build/hrlsim/build/lib/hrlsim/utility
[0.454s] copying hrlsim/utility/__init__.py -> /home/cthornton/data/local/college/research/arl/code/sims/airsim/ros_ws/build/hrlsim/build/lib/hrlsim/utility
[0.455s] running install
[0.456s] running install_lib
[0.457s] copying /home/cthornton/data/local/college/research/arl/code/sims/airsim/ros_ws/build/hrlsim/build/lib/hrlsim/airsim/client.py -> /home/cthornton/data/local/college/research/arl/code/sims/airsim/ros_ws/install/hrlsim/lib/python3.8/site-packages/hrlsim/airsim
[0.458s] copying /home/cthornton/data/local/college/research/arl/code/sims/airsim/ros_ws/build/hrlsim/build/lib/hrlsim/airsim/pfm.py -> /home/cthornton/data/local/college/research/arl/code/sims/airsim/ros_ws/install/hrlsim/lib/python3.8/site-packages/hrlsim/airsim
[0.458s] copying /home/cthornton/data/local/college/research/arl/code/sims/airsim/ros_ws/build/hrlsim/build/lib/hrlsim/airsim/types.py -> /home/cthornton/data/local/college/research/arl/code/sims/airsim/ros_ws/install/hrlsim/lib/python3.8/site-packages/hrlsim/airsim
[0.458s] copying /home/cthornton/data/local/college/research/arl/code/sims/airsim/ros_ws/build/hrlsim/build/lib/hrlsim/airsim/utils.py -> /home/cthornton/data/local/college/research/arl/code/sims/airsim/ros_ws/install/hrlsim/lib/python3.8/site-packages/hrlsim/airsim
[0.459s] copying /home/cthornton/data/local/college/research/arl/code/sims/airsim/ros_ws/build/hrlsim/build/lib/hrlsim/airsim/__init__.py -> /home/cthornton/data/local/college/research/arl/code/sims/airsim/ros_ws/install/hrlsim/lib/python3.8/site-packages/hrlsim/airsim
[0.459s] copying /home/cthornton/data/local/college/research/arl/code/sims/airsim/ros_ws/build/hrlsim/build/lib/hrlsim/controller/controller.py -> /home/cthornton/data/local/college/research/arl/code/sims/airsim/ros_ws/install/hrlsim/lib/python3.8/site-packages/hrlsim/controller
[0.459s] copying /home/cthornton/data/local/college/research/arl/code/sims/airsim/ros_ws/build/hrlsim/build/lib/hrlsim/controller/lqr.py -> /home/cthornton/data/local/college/research/arl/code/sims/airsim/ros_ws/install/hrlsim/lib/python3.8/site-packages/hrlsim/controller
[0.460s] copying /home/cthornton/data/local/college/research/arl/code/sims/airsim/ros_ws/build/hrlsim/build/lib/hrlsim/controller/__init__.py -> /home/cthornton/data/local/college/research/arl/code/sims/airsim/ros_ws/install/hrlsim/lib/python3.8/site-packages/hrlsim/controller
[0.460s] copying /home/cthornton/data/local/college/research/arl/code/sims/airsim/ros_ws/build/hrlsim/build/lib/hrlsim/drone/agent.py -> /home/cthornton/data/local/college/research/arl/code/sims/airsim/ros_ws/install/hrlsim/lib/python3.8/site-packages/hrlsim/drone
[0.460s] copying /home/cthornton/data/local/college/research/arl/code/sims/airsim/ros_ws/build/hrlsim/build/lib/hrlsim/drone/camera.py -> /home/cthornton/data/local/college/research/arl/code/sims/airsim/ros_ws/install/hrlsim/lib/python3.8/site-packages/hrlsim/drone
[0.461s] copying /home/cthornton/data/local/college/research/arl/code/sims/airsim/ros_ws/build/hrlsim/build/lib/hrlsim/drone/drone.py -> /home/cthornton/data/local/college/research/arl/code/sims/airsim/ros_ws/install/hrlsim/lib/python3.8/site-packages/hrlsim/drone
[0.461s] copying /home/cthornton/data/local/college/research/arl/code/sims/airsim/ros_ws/build/hrlsim/build/lib/hrlsim/drone/__init__.py -> /home/cthornton/data/local/college/research/arl/code/sims/airsim/ros_ws/install/hrlsim/lib/python3.8/site-packages/hrlsim/drone
[0.461s] copying /home/cthornton/data/local/college/research/arl/code/sims/airsim/ros_ws/build/hrlsim/build/lib/hrlsim/opt/optimization.py -> /home/cthornton/data/local/college/research/arl/code/sims/airsim/ros_ws/install/hrlsim/lib/python3.8/site-packages/hrlsim/opt
[0.462s] copying /home/cthornton/data/local/college/research/arl/code/sims/airsim/ros_ws/build/hrlsim/build/lib/hrlsim/opt/zoo.py -> /home/cthornton/data/local/college/research/arl/code/sims/airsim/ros_ws/install/hrlsim/lib/python3.8/site-packages/hrlsim/opt
[0.462s] copying /home/cthornton/data/local/college/research/arl/code/sims/airsim/ros_ws/build/hrlsim/build/lib/hrlsim/opt/__init__.py -> /home/cthornton/data/local/college/research/arl/code/sims/airsim/ros_ws/install/hrlsim/lib/python3.8/site-packages/hrlsim/opt
[0.462s] copying /home/cthornton/data/local/college/research/arl/code/sims/airsim/ros_ws/build/hrlsim/build/lib/hrlsim/target.py -> /home/cthornton/data/local/college/research/arl/code/sims/airsim/ros_ws/install/hrlsim/lib/python3.8/site-packages/hrlsim
[0.463s] copying /home/cthornton/data/local/college/research/arl/code/sims/airsim/ros_ws/build/hrlsim/build/lib/hrlsim/team.py -> /home/cthornton/data/local/college/research/arl/code/sims/airsim/ros_ws/install/hrlsim/lib/python3.8/site-packages/hrlsim
[0.463s] copying /home/cthornton/data/local/college/research/arl/code/sims/airsim/ros_ws/build/hrlsim/build/lib/hrlsim/traj/minimum_snap.py -> /home/cthornton/data/local/college/research/arl/code/sims/airsim/ros_ws/install/hrlsim/lib/python3.8/site-packages/hrlsim/traj
[0.463s] copying /home/cthornton/data/local/college/research/arl/code/sims/airsim/ros_ws/build/hrlsim/build/lib/hrlsim/traj/trajectory.py -> /home/cthornton/data/local/college/research/arl/code/sims/airsim/ros_ws/install/hrlsim/lib/python3.8/site-packages/hrlsim/traj
[0.464s] copying /home/cthornton/data/local/college/research/arl/code/sims/airsim/ros_ws/build/hrlsim/build/lib/hrlsim/traj/__init__.py -> /home/cthornton/data/local/college/research/arl/code/sims/airsim/ros_ws/install/hrlsim/lib/python3.8/site-packages/hrlsim/traj
[0.464s] copying /home/cthornton/data/local/college/research/arl/code/sims/airsim/ros_ws/build/hrlsim/build/lib/hrlsim/utility/plotter.py -> /home/cthornton/data/local/college/research/arl/code/sims/airsim/ros_ws/install/hrlsim/lib/python3.8/site-packages/hrlsim/utility
[0.464s] copying /home/cthornton/data/local/college/research/arl/code/sims/airsim/ros_ws/build/hrlsim/build/lib/hrlsim/utility/utility.py -> /home/cthornton/data/local/college/research/arl/code/sims/airsim/ros_ws/install/hrlsim/lib/python3.8/site-packages/hrlsim/utility
[0.465s] copying /home/cthornton/data/local/college/research/arl/code/sims/airsim/ros_ws/build/hrlsim/build/lib/hrlsim/utility/__init__.py -> /home/cthornton/data/local/college/research/arl/code/sims/airsim/ros_ws/install/hrlsim/lib/python3.8/site-packages/hrlsim/utility
[0.465s] copying /home/cthornton/data/local/college/research/arl/code/sims/airsim/ros_ws/build/hrlsim/build/lib/hrlsim/__init__.py -> /home/cthornton/data/local/college/research/arl/code/sims/airsim/ros_ws/install/hrlsim/lib/python3.8/site-packages/hrlsim
[0.466s] byte-compiling /home/cthornton/data/local/college/research/arl/code/sims/airsim/ros_ws/install/hrlsim/lib/python3.8/site-packages/hrlsim/airsim/client.py to client.cpython-38.pyc
[0.470s] byte-compiling /home/cthornton/data/local/college/research/arl/code/sims/airsim/ros_ws/install/hrlsim/lib/python3.8/site-packages/hrlsim/airsim/pfm.py to pfm.cpython-38.pyc
[0.471s] byte-compiling /home/cthornton/data/local/college/research/arl/code/sims/airsim/ros_ws/install/hrlsim/lib/python3.8/site-packages/hrlsim/airsim/types.py to types.cpython-38.pyc
[0.474s] byte-compiling /home/cthornton/data/local/college/research/arl/code/sims/airsim/ros_ws/install/hrlsim/lib/python3.8/site-packages/hrlsim/airsim/utils.py to utils.cpython-38.pyc
[0.475s] byte-compiling /home/cthornton/data/local/college/research/arl/code/sims/airsim/ros_ws/install/hrlsim/lib/python3.8/site-packages/hrlsim/airsim/__init__.py to __init__.cpython-38.pyc
[0.476s] byte-compiling /home/cthornton/data/local/college/research/arl/code/sims/airsim/ros_ws/install/hrlsim/lib/python3.8/site-packages/hrlsim/controller/controller.py to controller.cpython-38.pyc
[0.476s] byte-compiling /home/cthornton/data/local/college/research/arl/code/sims/airsim/ros_ws/install/hrlsim/lib/python3.8/site-packages/hrlsim/controller/lqr.py to lqr.cpython-38.pyc
[0.478s] byte-compiling /home/cthornton/data/local/college/research/arl/code/sims/airsim/ros_ws/install/hrlsim/lib/python3.8/site-packages/hrlsim/controller/__init__.py to __init__.cpython-38.pyc
[0.478s] byte-compiling /home/cthornton/data/local/college/research/arl/code/sims/airsim/ros_ws/install/hrlsim/lib/python3.8/site-packages/hrlsim/drone/agent.py to agent.cpython-38.pyc
[0.479s] byte-compiling /home/cthornton/data/local/college/research/arl/code/sims/airsim/ros_ws/install/hrlsim/lib/python3.8/site-packages/hrlsim/drone/camera.py to camera.cpython-38.pyc
[0.480s] byte-compiling /home/cthornton/data/local/college/research/arl/code/sims/airsim/ros_ws/install/hrlsim/lib/python3.8/site-packages/hrlsim/drone/drone.py to drone.cpython-38.pyc
[0.482s] byte-compiling /home/cthornton/data/local/college/research/arl/code/sims/airsim/ros_ws/install/hrlsim/lib/python3.8/site-packages/hrlsim/drone/__init__.py to __init__.cpython-38.pyc
[0.482s] byte-compiling /home/cthornton/data/local/college/research/arl/code/sims/airsim/ros_ws/install/hrlsim/lib/python3.8/site-packages/hrlsim/opt/optimization.py to optimization.cpython-38.pyc
[0.483s] byte-compiling /home/cthornton/data/local/college/research/arl/code/sims/airsim/ros_ws/install/hrlsim/lib/python3.8/site-packages/hrlsim/opt/zoo.py to zoo.cpython-38.pyc
[0.483s] byte-compiling /home/cthornton/data/local/college/research/arl/code/sims/airsim/ros_ws/install/hrlsim/lib/python3.8/site-packages/hrlsim/opt/__init__.py to __init__.cpython-38.pyc
[0.484s] byte-compiling /home/cthornton/data/local/college/research/arl/code/sims/airsim/ros_ws/install/hrlsim/lib/python3.8/site-packages/hrlsim/target.py to target.cpython-38.pyc
[0.485s] byte-compiling /home/cthornton/data/local/college/research/arl/code/sims/airsim/ros_ws/install/hrlsim/lib/python3.8/site-packages/hrlsim/team.py to team.cpython-38.pyc
[0.488s] byte-compiling /home/cthornton/data/local/college/research/arl/code/sims/airsim/ros_ws/install/hrlsim/lib/python3.8/site-packages/hrlsim/traj/minimum_snap.py to minimum_snap.cpython-38.pyc
[0.489s] byte-compiling /home/cthornton/data/local/college/research/arl/code/sims/airsim/ros_ws/install/hrlsim/lib/python3.8/site-packages/hrlsim/traj/trajectory.py to trajectory.cpython-38.pyc
[0.490s] byte-compiling /home/cthornton/data/local/college/research/arl/code/sims/airsim/ros_ws/install/hrlsim/lib/python3.8/site-packages/hrlsim/traj/__init__.py to __init__.cpython-38.pyc
[0.490s] byte-compiling /home/cthornton/data/local/college/research/arl/code/sims/airsim/ros_ws/install/hrlsim/lib/python3.8/site-packages/hrlsim/utility/plotter.py to plotter.cpython-38.pyc
[0.492s] byte-compiling /home/cthornton/data/local/college/research/arl/code/sims/airsim/ros_ws/install/hrlsim/lib/python3.8/site-packages/hrlsim/utility/utility.py to utility.cpython-38.pyc
[0.493s] /home/cthornton/data/local/college/research/arl/code/sims/airsim/ros_ws/install/hrlsim/lib/python3.8/site-packages/hrlsim/utility/utility.py:126: SyntaxWarning: assertion is always true, perhaps remove parentheses?
[0.493s]   assert(p.shape == (3,1) or p.shape == (3,), "Position vector must be (3x1) or(3,)")
[0.493s] /home/cthornton/data/local/college/research/arl/code/sims/airsim/ros_ws/install/hrlsim/lib/python3.8/site-packages/hrlsim/utility/utility.py:127: SyntaxWarning: assertion is always true, perhaps remove parentheses?
[0.493s]   assert(q.shape == (4,1) or q.shape == (4,), "Orientation vector must be (4x1) or (4,)")
[0.493s] /home/cthornton/data/local/college/research/arl/code/sims/airsim/ros_ws/install/hrlsim/lib/python3.8/site-packages/hrlsim/utility/utility.py:128: SyntaxWarning: assertion is always true, perhaps remove parentheses?
[0.493s]   assert(v.shape == (3,1) or v.shape == (3,), "Velocity vector must be (3x1) or(3,)")
[0.493s] byte-compiling /home/cthornton/data/local/college/research/arl/code/sims/airsim/ros_ws/install/hrlsim/lib/python3.8/site-packages/hrlsim/utility/__init__.py to __init__.cpython-38.pyc
[0.494s] byte-compiling /home/cthornton/data/local/college/research/arl/code/sims/airsim/ros_ws/install/hrlsim/lib/python3.8/site-packages/hrlsim/__init__.py to __init__.cpython-38.pyc
[0.494s] running install_data
[0.494s] copying resource/hrlsim -> /home/cthornton/data/local/college/research/arl/code/sims/airsim/ros_ws/install/hrlsim/share/ament_index/resource_index/packages
[0.494s] copying package.xml -> /home/cthornton/data/local/college/research/arl/code/sims/airsim/ros_ws/install/hrlsim/share/hrlsim
[0.495s] running install_egg_info
[0.496s] removing '/home/cthornton/data/local/college/research/arl/code/sims/airsim/ros_ws/install/hrlsim/lib/python3.8/site-packages/hrlsim-0.0.0-py3.8.egg-info' (and everything under it)
[0.496s] Copying ../../build/hrlsim/hrlsim.egg-info to /home/cthornton/data/local/college/research/arl/code/sims/airsim/ros_ws/install/hrlsim/lib/python3.8/site-packages/hrlsim-0.0.0-py3.8.egg-info
[0.498s] running install_scripts
[0.513s] writing list of installed files to '/home/cthornton/data/local/college/research/arl/code/sims/airsim/ros_ws/build/hrlsim/install.log'
[0.527s] Invoked command in '/home/cthornton/data/local/college/research/arl/code/sims/airsim/ros_ws/src/hrlsim' returned '0': CMAKE_PREFIX_PATH=/home/cthornton/data/local/college/research/arl/code/sims/airsim/ros_ws/install/hrlsim_interfaces:/home/cthornton/data/local/college/research/arl/code/sims/airsim/ros_ws/install/airsim_interfaces:/home/cthornton/Documents/vela/catkin_ws/devel:/home/cthornton/data/local/college/research/arl/code/sims/airsim/ros_ws/install/airsim_ros_pkgs LD_LIBRARY_PATH=/home/cthornton/data/local/college/research/arl/code/sims/airsim/ros_ws/install/hrlsim_interfaces/lib:/home/cthornton/data/local/college/research/arl/code/sims/airsim/ros_ws/install/airsim_interfaces/lib:/home/cthornton/Documents/vela/catkin_ws/devel/lib:/home/cthornton/data/local/college/research/arl/code/sims/airsim/ros_ws/install/airsim_ros_pkgs/lib:/opt/ros/foxy/opt/yaml_cpp_vendor/lib:/opt/ros/foxy/opt/rviz_ogre_vendor/lib:/opt/ros/foxy/lib/x86_64-linux-gnu:/opt/ros/foxy/lib PYTHONPATH=/home/cthornton/data/local/college/research/arl/code/sims/airsim/ros_ws/install/hrlsim/lib/python3.8/site-packages:/home/cthornton/data/local/college/research/arl/code/sims/airsim/ros_ws/install/hrlsim_interfaces/lib/python3.8/site-packages:/home/cthornton/data/local/college/research/arl/code/sims/airsim/ros_ws/install/airsim_interfaces/lib/python3.8/site-packages:/home/cthornton/Documents/vela/catkin_ws/devel/lib/python2.7/dist-packages:/home/cthornton/data/local/college/research/arl/code/sims/airsim/ros_ws/install/hrlsim/lib/python3.8/site-packages:/opt/ros/foxy/lib/python3.8/site-packages /usr/bin/python3 setup.py egg_info --egg-base ../../build/hrlsim build --build-base /home/cthornton/data/local/college/research/arl/code/sims/airsim/ros_ws/build/hrlsim/build install --prefix /home/cthornton/data/local/college/research/arl/code/sims/airsim/ros_ws/install/hrlsim --record /home/cthornton/data/local/college/research/arl/code/sims/airsim/ros_ws/build/hrlsim/install.log --single-version-externally-managed
